<?xml version="1.0" encoding="utf-8"?><TestRun id="c11cb01c-22fe-4cad-9550-89add6b99d4b" name="williamro@CZWWILLIAMRO1 2018-10-19 16:41:49" runUser="UBERIT\williamro" xmlns="http://microsoft.com/schemas/VisualStudio/TeamTest/2010"><Times creation="2018-10-19T16:41:49.6284935+01:00" queuing="2018-10-19T16:41:49.6285089+01:00" start="2018-10-19T16:41:45.6200281+01:00" finish="2018-10-19T16:43:39.5519186+01:00" /><TestSettings name="default" id="78ac16ba-80a1-476b-bfdb-852e34d57d19"><Deployment runDeploymentRoot="williamro_CZWWILLIAMRO1_2018-10-19_16_41_49" /></TestSettings><Results><UnitTestResult executionId="396d37fd-8278-450a-8d8f-9630e06f7421" testId="da5e54bf-c4b8-4825-a9ed-2bd37c2a2a92" testName="TestPendingMembers" computerName="CZWWILLIAMRO1" duration="00:00:00.0250000" startTime="2018-10-19T16:43:36.0000000+01:00" endTime="2018-10-19T16:43:36.0000000+01:00" testType="13cdc9d9-ddb5-4fa4-a97d-d965ccfc6d4b" outcome="Passed" testListId="8c84fa94-04c1-424b-9868-57a2d4851a1d" relativeResultsDirectory="396d37fd-8278-450a-8d8f-9630e06f7421" /><UnitTestResult executionId="33594091-93af-4b2d-b901-9e58d632963a" testId="6ee61802-7921-470c-95be-c418df9a0743" testName="TestMissingData" computerName="CZWWILLIAMRO1" duration="00:00:00.0000001" startTime="2018-10-19T16:42:01.0000000+01:00" endTime="2018-10-19T16:42:01.0000000+01:00" testType="13cdc9d9-ddb5-4fa4-a97d-d965ccfc6d4b" outcome="Passed" testListId="8c84fa94-04c1-424b-9868-57a2d4851a1d" relativeResultsDirectory="33594091-93af-4b2d-b901-9e58d632963a" /><UnitTestResult executionId="08a2c0d3-f8e6-400d-bf22-3f7d44ca58cb" testId="b6445673-d742-43ff-925a-470afdcfcbae" testName="TestGenerateMembersHistoric_From0001-01-01_WithoutMembersIdeal_WithExistingMembersHistoricEndingWithAnAdd" computerName="CZWWILLIAMRO1" duration="00:00:00.0270000" startTime="2018-10-19T16:43:32.0000000+01:00" endTime="2018-10-19T16:43:32.0000000+01:00" testType="13cdc9d9-ddb5-4fa4-a97d-d965ccfc6d4b" outcome="Passed" testListId="8c84fa94-04c1-424b-9868-57a2d4851a1d" relativeResultsDirectory="08a2c0d3-f8e6-400d-bf22-3f7d44ca58cb" /><UnitTestResult executionId="3d4fb03b-a2f2-4ddc-b1af-6c213b16b09a" testId="a3eb5a41-a34e-444c-8fd7-f577519f4053" testName="TestSendEmailIfNoSync" computerName="CZWWILLIAMRO1" duration="00:00:00.0630000" startTime="2018-10-19T16:41:53.0000000+01:00" endTime="2018-10-19T16:41:54.0000000+01:00" testType="13cdc9d9-ddb5-4fa4-a97d-d965ccfc6d4b" outcome="Passed" testListId="8c84fa94-04c1-424b-9868-57a2d4851a1d" relativeResultsDirectory="3d4fb03b-a2f2-4ddc-b1af-6c213b16b09a" /><UnitTestResult executionId="07699ea8-6938-4aff-b45e-cc7e2c5d865d" testId="617ead2a-ce45-42cf-b9d4-cb13e8002000" testName="TestFilter_LSE_Only_NotLSE_MidwayThrough_WaitTillExcludedSegment" computerName="CZWWILLIAMRO1" duration="00:00:00.0250000" startTime="2018-10-19T16:42:15.0000000+01:00" endTime="2018-10-19T16:42:15.0000000+01:00" testType="13cdc9d9-ddb5-4fa4-a97d-d965ccfc6d4b" outcome="Passed" testListId="8c84fa94-04c1-424b-9868-57a2d4851a1d" relativeResultsDirectory="07699ea8-6938-4aff-b45e-cc7e2c5d865d" /><UnitTestResult executionId="f1684f24-2e09-4c5f-bc97-e048e3fed446" testId="f82e0bdb-66b5-472d-899c-8661e8263a47" testName="TestGenerateMembersHistoric_From2018-01-01_WithMembersIdealOnExistingMembersHistoricEndDate_WithoutExistingMembersHistoric" computerName="CZWWILLIAMRO1" duration="00:00:00.0160000" startTime="2018-10-19T16:43:33.0000000+01:00" endTime="2018-10-19T16:43:33.0000000+01:00" testType="13cdc9d9-ddb5-4fa4-a97d-d965ccfc6d4b" outcome="Passed" testListId="8c84fa94-04c1-424b-9868-57a2d4851a1d" relativeResultsDirectory="f1684f24-2e09-4c5f-bc97-e048e3fed446" /><UnitTestResult executionId="f8707d3a-5cd4-48fe-8be7-cf23109e1125" testId="b47d26d5-9fb1-4a47-abf3-a22e80a9bcb2" testName="TestWritePendingMembersAndMembersIdeal(True,False)" computerName="CZWWILLIAMRO1" duration="00:00:00.9610000" startTime="2018-10-19T16:43:22.0000000+01:00" endTime="2018-10-19T16:43:23.0000000+01:00" testType="13cdc9d9-ddb5-4fa4-a97d-d965ccfc6d4b" outcome="Passed" testListId="8c84fa94-04c1-424b-9868-57a2d4851a1d" relativeResultsDirectory="f8707d3a-5cd4-48fe-8be7-cf23109e1125" /><UnitTestResult executionId="c0bd735d-8f20-4a86-85f2-faec33ebc406" testId="6def42cc-3712-4ca3-a26f-f2ce1fe63bb8" testName="TestSingleEntry_End" computerName="CZWWILLIAMRO1" duration="00:00:00.0010000" startTime="2018-10-19T16:42:27.0000000+01:00" endTime="2018-10-19T16:42:27.0000000+01:00" testType="13cdc9d9-ddb5-4fa4-a97d-d965ccfc6d4b" outcome="Passed" testListId="8c84fa94-04c1-424b-9868-57a2d4851a1d" relativeResultsDirectory="c0bd735d-8f20-4a86-85f2-faec33ebc406" /><UnitTestResult executionId="640d6f08-0d4a-47b3-9d4a-423322de85f7" testId="e1b14f05-00ee-441b-88f8-54f573adf95c" testName="TestNotPresentInExisting" computerName="CZWWILLIAMRO1" duration="00:00:00.0120000" startTime="2018-10-19T16:43:30.0000000+01:00" endTime="2018-10-19T16:43:30.0000000+01:00" testType="13cdc9d9-ddb5-4fa4-a97d-d965ccfc6d4b" outcome="Passed" testListId="8c84fa94-04c1-424b-9868-57a2d4851a1d" relativeResultsDirectory="640d6f08-0d4a-47b3-9d4a-423322de85f7" /><UnitTestResult executionId="32664e6c-cc07-4b22-b7d4-c6f087b15491" testId="046ef9a8-6173-469d-8377-ef18cbac089d" testName="TestStockWithNoCurrencyOrExchange" computerName="CZWWILLIAMRO1" duration="00:00:00.0040000" startTime="2018-10-19T16:42:23.0000000+01:00" endTime="2018-10-19T16:42:23.0000000+01:00" testType="13cdc9d9-ddb5-4fa4-a97d-d965ccfc6d4b" outcome="Passed" testListId="8c84fa94-04c1-424b-9868-57a2d4851a1d" relativeResultsDirectory="32664e6c-cc07-4b22-b7d4-c6f087b15491" /><UnitTestResult executionId="f87bed2e-40ec-4306-af5c-13695103306b" testId="f57ec2ab-e4af-43e9-a9da-7a4e603b72f0" testName="TestApprovalState_SkipCancelled" computerName="CZWWILLIAMRO1" duration="00:00:00.0150000" startTime="2018-10-19T16:43:06.0000000+01:00" endTime="2018-10-19T16:43:06.0000000+01:00" testType="13cdc9d9-ddb5-4fa4-a97d-d965ccfc6d4b" outcome="Passed" testListId="8c84fa94-04c1-424b-9868-57a2d4851a1d" relativeResultsDirectory="f87bed2e-40ec-4306-af5c-13695103306b" /><UnitTestResult executionId="a2d5501a-3fd8-48e2-882a-9ee28973bc1c" testId="a1780fc5-8b2b-4ddd-8d4b-1483d81c9f7d" testName="TestDoNotSyncWhenEquityShortTerm(EquityUsingFuturesShortTerm)" computerName="CZWWILLIAMRO1" duration="00:00:00.1330000" startTime="2018-10-19T16:43:11.0000000+01:00" endTime="2018-10-19T16:43:11.0000000+01:00" testType="13cdc9d9-ddb5-4fa4-a97d-d965ccfc6d4b" outcome="Passed" testListId="8c84fa94-04c1-424b-9868-57a2d4851a1d" relativeResultsDirectory="a2d5501a-3fd8-48e2-882a-9ee28973bc1c" /><UnitTestResult executionId="b870e1ed-9cf2-4654-b9fe-5fc94e3583f2" testId="5f5ddb3b-39aa-4290-a58b-3190a4601faf" testName="TestRemoveStocksWithBirthDateAt_1990_01_01" computerName="CZWWILLIAMRO1" duration="00:00:00.0200000" startTime="2018-10-19T16:42:13.0000000+01:00" endTime="2018-10-19T16:42:13.0000000+01:00" testType="13cdc9d9-ddb5-4fa4-a97d-d965ccfc6d4b" outcome="Passed" testListId="8c84fa94-04c1-424b-9868-57a2d4851a1d" relativeResultsDirectory="b870e1ed-9cf2-4654-b9fe-5fc94e3583f2" /><UnitTestResult executionId="74551220-d3ae-4ea4-bab8-3654671116fc" testId="d0638733-03cb-4e65-975e-1ec3d2306c3d" testName="TestWithIdealPresentFromTodayAndMissingInExisting_ExcludedBefore" computerName="CZWWILLIAMRO1" duration="00:00:00.0010000" startTime="2018-10-19T16:42:32.0000000+01:00" endTime="2018-10-19T16:42:32.0000000+01:00" testType="13cdc9d9-ddb5-4fa4-a97d-d965ccfc6d4b" outcome="Passed" testListId="8c84fa94-04c1-424b-9868-57a2d4851a1d" relativeResultsDirectory="74551220-d3ae-4ea4-bab8-3654671116fc" /><UnitTestResult executionId="dd3deeca-c1fa-4eeb-8d9a-b708d449fb98" testId="7b7c702d-8972-4e36-9091-a8bf5a388a75" testName="TestSendWithDifferences" computerName="CZWWILLIAMRO1" duration="00:00:00.1680000" startTime="2018-10-19T16:41:54.0000000+01:00" endTime="2018-10-19T16:41:54.0000000+01:00" testType="13cdc9d9-ddb5-4fa4-a97d-d965ccfc6d4b" outcome="Passed" testListId="8c84fa94-04c1-424b-9868-57a2d4851a1d" relativeResultsDirectory="dd3deeca-c1fa-4eeb-8d9a-b708d449fb98" /><UnitTestResult executionId="c613829d-f5ca-4893-8a79-6ecc76f4cdf2" testId="bfab9c3f-ebf4-4f14-8b20-b579edf1f77d" testName="TestRangeUnion_Gap" computerName="CZWWILLIAMRO1" duration="00:00:00.0000001" startTime="2018-10-19T16:42:36.0000000+01:00" endTime="2018-10-19T16:42:36.0000000+01:00" testType="13cdc9d9-ddb5-4fa4-a97d-d965ccfc6d4b" outcome="Passed" testListId="8c84fa94-04c1-424b-9868-57a2d4851a1d" relativeResultsDirectory="c613829d-f5ca-4893-8a79-6ecc76f4cdf2" /><UnitTestResult executionId="e40786c5-df61-4a49-8788-eeaebcb1c2c9" testId="71435104-803a-49bc-b24c-9e47a027758d" testName="TestDateForPropagation_After" computerName="CZWWILLIAMRO1" duration="00:00:00.0000001" startTime="2018-10-19T16:42:36.0000000+01:00" endTime="2018-10-19T16:42:36.0000000+01:00" testType="13cdc9d9-ddb5-4fa4-a97d-d965ccfc6d4b" outcome="Passed" testListId="8c84fa94-04c1-424b-9868-57a2d4851a1d" relativeResultsDirectory="e40786c5-df61-4a49-8788-eeaebcb1c2c9" /><UnitTestResult executionId="6632b367-bd84-4c7b-9467-1b62a6f06ce4" testId="693b9818-2135-4e0f-bbd6-7331e6d0889a" testName="TestGenerateMembersHistoric_From2010-01-01_WithEmptyMembersIdeal_WithExistingMembersHistoric" computerName="CZWWILLIAMRO1" duration="00:00:00.0300000" startTime="2018-10-19T16:43:33.0000000+01:00" endTime="2018-10-19T16:43:33.0000000+01:00" testType="13cdc9d9-ddb5-4fa4-a97d-d965ccfc6d4b" outcome="Passed" testListId="8c84fa94-04c1-424b-9868-57a2d4851a1d" relativeResultsDirectory="6632b367-bd84-4c7b-9467-1b62a6f06ce4" /><UnitTestResult executionId="a7a8e887-44da-4c4e-8326-85d125655488" testId="88542d7d-6f80-4910-9d7b-2b26594f213c" testName="TestOutsideOfRangeDeleteOnSecond" computerName="CZWWILLIAMRO1" duration="00:00:00.0010000" startTime="2018-10-19T16:42:36.0000000+01:00" endTime="2018-10-19T16:42:36.0000000+01:00" testType="13cdc9d9-ddb5-4fa4-a97d-d965ccfc6d4b" outcome="Passed" testListId="8c84fa94-04c1-424b-9868-57a2d4851a1d" relativeResultsDirectory="a7a8e887-44da-4c4e-8326-85d125655488" /><UnitTestResult executionId="4896a746-c4ef-4cf3-96c3-e67173373ca3" testId="80644fc3-d945-4cc4-826a-c823fde367ff" testName="TestReloadStateOnWrites" computerName="CZWWILLIAMRO1" duration="00:00:00.0250000" startTime="2018-10-19T16:42:52.0000000+01:00" endTime="2018-10-19T16:42:52.0000000+01:00" testType="13cdc9d9-ddb5-4fa4-a97d-d965ccfc6d4b" outcome="Passed" testListId="8c84fa94-04c1-424b-9868-57a2d4851a1d" relativeResultsDirectory="4896a746-c4ef-4cf3-96c3-e67173373ca3" /><UnitTestResult executionId="46ad67ec-abda-48bc-beab-483b5ec5987d" testId="faf24228-f684-48d2-81b9-f9fa8d9a8620" testName="TestAuxiliaryMembers" computerName="CZWWILLIAMRO1" duration="00:00:00.9590000" startTime="2018-10-19T16:43:04.0000000+01:00" endTime="2018-10-19T16:43:05.0000000+01:00" testType="13cdc9d9-ddb5-4fa4-a97d-d965ccfc6d4b" outcome="Passed" testListId="8c84fa94-04c1-424b-9868-57a2d4851a1d" relativeResultsDirectory="46ad67ec-abda-48bc-beab-483b5ec5987d" /><UnitTestResult executionId="5730cd51-f2a2-4a41-8ea0-63f9c862c689" testId="0043f99b-2904-4672-8de8-b122349d109a" testName="TestDatesForExcluded" computerName="CZWWILLIAMRO1" duration="00:00:00.0080000" startTime="2018-10-19T16:42:36.0000000+01:00" endTime="2018-10-19T16:42:36.0000000+01:00" testType="13cdc9d9-ddb5-4fa4-a97d-d965ccfc6d4b" outcome="Passed" testListId="8c84fa94-04c1-424b-9868-57a2d4851a1d" relativeResultsDirectory="5730cd51-f2a2-4a41-8ea0-63f9c862c689" /><UnitTestResult executionId="37c23bc6-04b8-47d9-94cf-ff6d118d263c" testId="0a41a70c-3cc8-4f58-a046-bd4719c59f63" testName="TestMembersForExecution" computerName="CZWWILLIAMRO1" duration="00:00:00.0000001" startTime="2018-10-19T16:43:05.0000000+01:00" endTime="2018-10-19T16:43:05.0000000+01:00" testType="13cdc9d9-ddb5-4fa4-a97d-d965ccfc6d4b" outcome="Passed" testListId="8c84fa94-04c1-424b-9868-57a2d4851a1d" relativeResultsDirectory="37c23bc6-04b8-47d9-94cf-ff6d118d263c" /><UnitTestResult executionId="057c6315-1fde-4914-b5f3-11452f22d6d4" testId="8345d12f-727a-417c-be12-94a5fe60d6a1" testName="TestGenerateMembersHistoric_From2010-01-01_WithMembersIdealAfterExistingMembersHistoricEndDate_WithEmptyExistingMembersHistoric" computerName="CZWWILLIAMRO1" duration="00:00:00.0270000" startTime="2018-10-19T16:43:33.0000000+01:00" endTime="2018-10-19T16:43:33.0000000+01:00" testType="13cdc9d9-ddb5-4fa4-a97d-d965ccfc6d4b" outcome="Passed" testListId="8c84fa94-04c1-424b-9868-57a2d4851a1d" relativeResultsDirectory="057c6315-1fde-4914-b5f3-11452f22d6d4" /><UnitTestResult executionId="97e248ab-24d7-456e-bfd6-b30ec27f3d35" testId="cd8ebe74-86dd-45d2-ac53-6343cd0cdcea" testName="TestStockInMembersAndHasSomeInclusions" computerName="CZWWILLIAMRO1" duration="00:00:00.0200000" startTime="2018-10-19T16:42:09.0000000+01:00" endTime="2018-10-19T16:42:09.0000000+01:00" testType="13cdc9d9-ddb5-4fa4-a97d-d965ccfc6d4b" outcome="Passed" testListId="8c84fa94-04c1-424b-9868-57a2d4851a1d" relativeResultsDirectory="97e248ab-24d7-456e-bfd6-b30ec27f3d35" /><UnitTestResult executionId="f74b8b1a-2b38-4c6c-92ac-6654424d7507" testId="61749556-c5d9-4a2d-84f2-09f1c30abf39" testName="TestDeletionMultipleReasons" computerName="CZWWILLIAMRO1" duration="00:00:00.0010000" startTime="2018-10-19T16:42:36.0000000+01:00" endTime="2018-10-19T16:42:36.0000000+01:00" testType="13cdc9d9-ddb5-4fa4-a97d-d965ccfc6d4b" outcome="Passed" testListId="8c84fa94-04c1-424b-9868-57a2d4851a1d" relativeResultsDirectory="f74b8b1a-2b38-4c6c-92ac-6654424d7507" /><UnitTestResult executionId="58c61818-74ca-4711-9f95-76f37f07f93d" testId="679f334a-f38d-4020-856a-1c6d0c9574d5" testName="TestOutThenIn" computerName="CZWWILLIAMRO1" duration="00:00:00.0540000" startTime="2018-10-19T16:42:20.0000000+01:00" endTime="2018-10-19T16:42:20.0000000+01:00" testType="13cdc9d9-ddb5-4fa4-a97d-d965ccfc6d4b" outcome="Passed" testListId="8c84fa94-04c1-424b-9868-57a2d4851a1d" relativeResultsDirectory="58c61818-74ca-4711-9f95-76f37f07f93d" /><UnitTestResult executionId="5639abf7-ed49-40c5-b9e3-3be154592e6b" testId="0834b262-7a45-4dc8-96a5-69d83f868d9d" testName="TestRangeUnion_Overlap" computerName="CZWWILLIAMRO1" duration="00:00:00.0000001" startTime="2018-10-19T16:42:36.0000000+01:00" endTime="2018-10-19T16:42:36.0000000+01:00" testType="13cdc9d9-ddb5-4fa4-a97d-d965ccfc6d4b" outcome="Passed" testListId="8c84fa94-04c1-424b-9868-57a2d4851a1d" relativeResultsDirectory="5639abf7-ed49-40c5-b9e3-3be154592e6b" /><UnitTestResult executionId="49e16ba6-164c-4e50-afcf-4825560ec854" testId="3937820a-fb41-4bb4-b6a1-d065b42cac4b" testName="TestNoExisting" computerName="CZWWILLIAMRO1" duration="00:00:00.0510000" startTime="2018-10-19T16:42:48.0000000+01:00" endTime="2018-10-19T16:42:48.0000000+01:00" testType="13cdc9d9-ddb5-4fa4-a97d-d965ccfc6d4b" outcome="Passed" testListId="8c84fa94-04c1-424b-9868-57a2d4851a1d" relativeResultsDirectory="49e16ba6-164c-4e50-afcf-4825560ec854" /><UnitTestResult executionId="cc2a41f4-639d-4774-aebd-f45f56db52fe" testId="62811b1f-9475-4f9e-bb0a-551fbb029155" testName="TestReplaceCollectionAndReasons" computerName="CZWWILLIAMRO1" duration="00:00:00.0460000" startTime="2018-10-19T16:43:26.0000000+01:00" endTime="2018-10-19T16:43:26.0000000+01:00" testType="13cdc9d9-ddb5-4fa4-a97d-d965ccfc6d4b" outcome="Passed" testListId="8c84fa94-04c1-424b-9868-57a2d4851a1d" relativeResultsDirectory="cc2a41f4-639d-4774-aebd-f45f56db52fe" /><UnitTestResult executionId="1ed05c2b-ffc6-429f-9fda-f78d4a13c05e" testId="0ed92364-f54a-47c5-b110-0b0c81ba510d" testName="TestMultipleEntries_VolumeSum" computerName="CZWWILLIAMRO1" duration="00:00:00.0010000" startTime="2018-10-19T16:42:27.0000000+01:00" endTime="2018-10-19T16:42:27.0000000+01:00" testType="13cdc9d9-ddb5-4fa4-a97d-d965ccfc6d4b" outcome="Passed" testListId="8c84fa94-04c1-424b-9868-57a2d4851a1d" relativeResultsDirectory="1ed05c2b-ffc6-429f-9fda-f78d4a13c05e" /><UnitTestResult executionId="b1782c6d-ccd0-4f3a-b6d4-385c662ff046" testId="d28128de-f168-47f4-a836-6c99cc3a7515" testName="TestVerifyReleaseState_Cancelled" computerName="CZWWILLIAMRO1" duration="00:00:00.3970000" startTime="2018-10-19T16:43:08.0000000+01:00" endTime="2018-10-19T16:43:09.0000000+01:00" testType="13cdc9d9-ddb5-4fa4-a97d-d965ccfc6d4b" outcome="Passed" testListId="8c84fa94-04c1-424b-9868-57a2d4851a1d" relativeResultsDirectory="b1782c6d-ccd0-4f3a-b6d4-385c662ff046" /><UnitTestResult executionId="59af2ecb-325b-4273-8446-05f8efef443e" testId="bf3dc963-a73a-4396-8cd5-f1a622527bec" testName="TestAnnouncementCompletionOverTwoMonthsBeforeAnnouncement" computerName="CZWWILLIAMRO1" duration="00:00:00.9720000" startTime="2018-10-19T16:42:23.0000000+01:00" endTime="2018-10-19T16:42:24.0000000+01:00" testType="13cdc9d9-ddb5-4fa4-a97d-d965ccfc6d4b" outcome="Passed" testListId="8c84fa94-04c1-424b-9868-57a2d4851a1d" relativeResultsDirectory="59af2ecb-325b-4273-8446-05f8efef443e" /><UnitTestResult executionId="32e44485-fac9-4f63-a5e9-5b51074d58a6" testId="15fd1b00-2203-4684-b1f7-2e944049bd78" testName="TestKeepAlive" computerName="CZWWILLIAMRO1" duration="00:00:00.9700000" startTime="2018-10-19T16:42:00.0000000+01:00" endTime="2018-10-19T16:42:01.0000000+01:00" testType="13cdc9d9-ddb5-4fa4-a97d-d965ccfc6d4b" outcome="Passed" testListId="8c84fa94-04c1-424b-9868-57a2d4851a1d" relativeResultsDirectory="32e44485-fac9-4f63-a5e9-5b51074d58a6" /><UnitTestResult executionId="d6a1acf6-d43d-4923-b1fb-5f09eab33212" testId="9cde9ea5-5424-43e7-8f01-6bda186b96dd" testName="TestKeepStock" computerName="CZWWILLIAMRO1" duration="00:00:00.0050000" startTime="2018-10-19T16:42:22.0000000+01:00" endTime="2018-10-19T16:42:22.0000000+01:00" testType="13cdc9d9-ddb5-4fa4-a97d-d965ccfc6d4b" outcome="Passed" testListId="8c84fa94-04c1-424b-9868-57a2d4851a1d" relativeResultsDirectory="d6a1acf6-d43d-4923-b1fb-5f09eab33212" /><UnitTestResult executionId="a7ed3e2b-3733-426d-884f-b7a83480f7c8" testId="52702f31-f1ec-4e58-9196-9d6c35e02fc6" testName="TestRequestApprovalsIfNeeded_DoNotSend_NotEligibleForRelease_Completed" computerName="CZWWILLIAMRO1" duration="00:00:00.0170000" startTime="2018-10-19T16:41:56.0000000+01:00" endTime="2018-10-19T16:41:56.0000000+01:00" testType="13cdc9d9-ddb5-4fa4-a97d-d965ccfc6d4b" outcome="Passed" testListId="8c84fa94-04c1-424b-9868-57a2d4851a1d" relativeResultsDirectory="a7ed3e2b-3733-426d-884f-b7a83480f7c8" /><UnitTestResult executionId="9115eea6-513b-476b-b1d4-a95268bef1d0" testId="34134e5b-a0de-4129-98b6-40811de2ae3e" testName="TestWithTargetAnnouncement_BeforeStart_Pending" computerName="CZWWILLIAMRO1" duration="00:00:00.0260000" startTime="2018-10-19T16:42:24.0000000+01:00" endTime="2018-10-19T16:42:24.0000000+01:00" testType="13cdc9d9-ddb5-4fa4-a97d-d965ccfc6d4b" outcome="Passed" testListId="8c84fa94-04c1-424b-9868-57a2d4851a1d" relativeResultsDirectory="9115eea6-513b-476b-b1d4-a95268bef1d0" /><UnitTestResult executionId="9767ba2d-6ca3-40c5-a11e-e06549811e37" testId="6538c961-7868-48ff-acb4-ebf39860c201" testName="TestLiveMembers" computerName="CZWWILLIAMRO1" duration="00:00:00.0090000" startTime="2018-10-19T16:42:50.0000000+01:00" endTime="2018-10-19T16:42:50.0000000+01:00" testType="13cdc9d9-ddb5-4fa4-a97d-d965ccfc6d4b" outcome="Passed" testListId="8c84fa94-04c1-424b-9868-57a2d4851a1d" relativeResultsDirectory="9767ba2d-6ca3-40c5-a11e-e06549811e37" /><UnitTestResult executionId="ca45ff0f-2845-49a7-9aa9-5262803190ed" testId="02fe6a09-79a5-4027-ab5c-7bb4c9db7de9" testName="TestConjunctionOverlap" computerName="CZWWILLIAMRO1" duration="00:00:00.0000001" startTime="2018-10-19T16:42:36.0000000+01:00" endTime="2018-10-19T16:42:36.0000000+01:00" testType="13cdc9d9-ddb5-4fa4-a97d-d965ccfc6d4b" outcome="Passed" testListId="8c84fa94-04c1-424b-9868-57a2d4851a1d" relativeResultsDirectory="ca45ff0f-2845-49a7-9aa9-5262803190ed" /><UnitTestResult executionId="23dc889a-c10b-4a76-a653-9c7172f6f353" testId="344d90a0-f65d-458b-943b-4c9e3b51ce03" testName="TestSendLockedUniverseEmailIfNeeded_DoNotSend_NotLockedApproval" computerName="CZWWILLIAMRO1" duration="00:00:00.0630000" startTime="2018-10-19T16:41:57.0000000+01:00" endTime="2018-10-19T16:41:57.0000000+01:00" testType="13cdc9d9-ddb5-4fa4-a97d-d965ccfc6d4b" outcome="Passed" testListId="8c84fa94-04c1-424b-9868-57a2d4851a1d" relativeResultsDirectory="23dc889a-c10b-4a76-a653-9c7172f6f353" /><UnitTestResult executionId="2a530e7a-a6d4-4ae3-a3b5-a81164f3fee8" testId="9b669586-772c-4f05-8c56-4a3ba0bb5511" testName="TestInclusiveBucketStart_Coarse" computerName="CZWWILLIAMRO1" duration="00:00:00.0000001" startTime="2018-10-19T16:42:36.0000000+01:00" endTime="2018-10-19T16:42:36.0000000+01:00" testType="13cdc9d9-ddb5-4fa4-a97d-d965ccfc6d4b" outcome="Passed" testListId="8c84fa94-04c1-424b-9868-57a2d4851a1d" relativeResultsDirectory="2a530e7a-a6d4-4ae3-a3b5-a81164f3fee8" /><UnitTestResult executionId="a1486af8-838d-438c-9c16-5387b8d5952f" testId="80c1055a-9d4e-453f-8f23-f75ce9ec8e2b" testName="TestGetValue_WithValidExchange_UnderThreshold_InvalidDay" computerName="CZWWILLIAMRO1" duration="00:00:00.0050000" startTime="2018-10-19T16:42:08.0000000+01:00" endTime="2018-10-19T16:42:08.0000000+01:00" testType="13cdc9d9-ddb5-4fa4-a97d-d965ccfc6d4b" outcome="Passed" testListId="8c84fa94-04c1-424b-9868-57a2d4851a1d" relativeResultsDirectory="a1486af8-838d-438c-9c16-5387b8d5952f" /><UnitTestResult executionId="e1703e29-1fad-4bf0-8b4f-8f2ad840b4f6" testId="cb731d07-15c0-42ca-a418-2783b86366be" testName="TestUniverseBeingGeneratedIsPending" computerName="CZWWILLIAMRO1" duration="00:00:00.0270000" startTime="2018-10-19T16:43:37.0000000+01:00" endTime="2018-10-19T16:43:37.0000000+01:00" testType="13cdc9d9-ddb5-4fa4-a97d-d965ccfc6d4b" outcome="Passed" testListId="8c84fa94-04c1-424b-9868-57a2d4851a1d" relativeResultsDirectory="e1703e29-1fad-4bf0-8b4f-8f2ad840b4f6" /><UnitTestResult executionId="46c90597-5b0a-41f8-aba0-d3966d1eea51" testId="b728b9b5-9431-490c-bf91-4fbad587f2b8" testName="TestKeepIfPriceMultiplierIsGreaterThanZero" computerName="CZWWILLIAMRO1" duration="00:00:00.0170000" startTime="2018-10-19T16:42:29.0000000+01:00" endTime="2018-10-19T16:42:29.0000000+01:00" testType="13cdc9d9-ddb5-4fa4-a97d-d965ccfc6d4b" outcome="Passed" testListId="8c84fa94-04c1-424b-9868-57a2d4851a1d" relativeResultsDirectory="46c90597-5b0a-41f8-aba0-d3966d1eea51" /><UnitTestResult executionId="2b453595-5d12-4955-a64c-de78147554fb" testId="589ee781-6cb3-481d-8991-483ebf24ddc6" testName="TestExcludeSaturday" computerName="CZWWILLIAMRO1" duration="00:00:00.0050000" startTime="2018-10-19T16:42:27.0000000+01:00" endTime="2018-10-19T16:42:27.0000000+01:00" testType="13cdc9d9-ddb5-4fa4-a97d-d965ccfc6d4b" outcome="Passed" testListId="8c84fa94-04c1-424b-9868-57a2d4851a1d" relativeResultsDirectory="2b453595-5d12-4955-a64c-de78147554fb" /><UnitTestResult executionId="682346ca-6be1-4521-bff9-4649382797e5" testId="a6b7bc77-5398-4ba4-b44f-6f8cb0a2426d" testName="TestStockWithNotSupportedCurrency" computerName="CZWWILLIAMRO1" duration="00:00:00.0050000" startTime="2018-10-19T16:42:23.0000000+01:00" endTime="2018-10-19T16:42:23.0000000+01:00" testType="13cdc9d9-ddb5-4fa4-a97d-d965ccfc6d4b" outcome="Passed" testListId="8c84fa94-04c1-424b-9868-57a2d4851a1d" relativeResultsDirectory="682346ca-6be1-4521-bff9-4649382797e5" /><UnitTestResult executionId="4aa2ea35-9911-4508-925d-0358a3ece6b5" testId="7bf0a073-ece1-466c-83f2-1b4131b9ba80" testName="TestAdditionMultipleReasons" computerName="CZWWILLIAMRO1" duration="00:00:00.0010000" startTime="2018-10-19T16:42:36.0000000+01:00" endTime="2018-10-19T16:42:36.0000000+01:00" testType="13cdc9d9-ddb5-4fa4-a97d-d965ccfc6d4b" outcome="Passed" testListId="8c84fa94-04c1-424b-9868-57a2d4851a1d" relativeResultsDirectory="4aa2ea35-9911-4508-925d-0358a3ece6b5" /><UnitTestResult executionId="2619e051-be92-4023-996d-48238b9fdbd8" testId="06535fc3-b679-4bcb-aa8e-7b6a4df66b98" testName="TestSingleEntry_End" computerName="CZWWILLIAMRO1" duration="00:00:00.0010000" startTime="2018-10-19T16:42:27.0000000+01:00" endTime="2018-10-19T16:42:27.0000000+01:00" testType="13cdc9d9-ddb5-4fa4-a97d-d965ccfc6d4b" outcome="Passed" testListId="8c84fa94-04c1-424b-9868-57a2d4851a1d" relativeResultsDirectory="2619e051-be92-4023-996d-48238b9fdbd8" /><UnitTestResult executionId="98d1b581-c7fa-46a8-bc5e-4a6e80f9d32c" testId="56c0afbc-fec2-4062-adf0-f42d66552b47" testName="TestDoNotSyncWhenEquityShortTerm(Undefined)" computerName="CZWWILLIAMRO1" duration="00:00:00.1300000" startTime="2018-10-19T16:43:11.0000000+01:00" endTime="2018-10-19T16:43:11.0000000+01:00" testType="13cdc9d9-ddb5-4fa4-a97d-d965ccfc6d4b" outcome="Passed" testListId="8c84fa94-04c1-424b-9868-57a2d4851a1d" relativeResultsDirectory="98d1b581-c7fa-46a8-bc5e-4a6e80f9d32c" /><UnitTestResult executionId="44247df1-4033-4877-9595-0ad0de804aef" testId="45632e7c-d20e-4788-87ef-e48381cfeec5" testName="TestValidAndInvalid" computerName="CZWWILLIAMRO1" duration="00:00:00.4470000" startTime="2018-10-19T16:42:41.0000000+01:00" endTime="2018-10-19T16:42:42.0000000+01:00" testType="13cdc9d9-ddb5-4fa4-a97d-d965ccfc6d4b" outcome="Passed" testListId="8c84fa94-04c1-424b-9868-57a2d4851a1d" relativeResultsDirectory="44247df1-4033-4877-9595-0ad0de804aef" /><UnitTestResult executionId="773f5579-6d01-41dd-a816-5b2a9d05bce2" testId="d9499c56-7886-4c7c-afa7-4bec59d92fa0" testName="TestDiff_IncorrectStart" computerName="CZWWILLIAMRO1" duration="00:00:00.0010000" startTime="2018-10-19T16:42:36.0000000+01:00" endTime="2018-10-19T16:42:36.0000000+01:00" testType="13cdc9d9-ddb5-4fa4-a97d-d965ccfc6d4b" outcome="Passed" testListId="8c84fa94-04c1-424b-9868-57a2d4851a1d" relativeResultsDirectory="773f5579-6d01-41dd-a816-5b2a9d05bce2" /><UnitTestResult executionId="b85c6895-feaf-443e-b24d-5c83f5cb7646" testId="c45073aa-d65e-4150-a16d-b80ba9144b37" testName="TestGetValue_WithValidExchange_OverThreshold_InvalidDay" computerName="CZWWILLIAMRO1" duration="00:00:00.0050000" startTime="2018-10-19T16:42:08.0000000+01:00" endTime="2018-10-19T16:42:08.0000000+01:00" testType="13cdc9d9-ddb5-4fa4-a97d-d965ccfc6d4b" outcome="Passed" testListId="8c84fa94-04c1-424b-9868-57a2d4851a1d" relativeResultsDirectory="b85c6895-feaf-443e-b24d-5c83f5cb7646" /><UnitTestResult executionId="529e5655-87c7-4819-bca4-27d300ec7d2f" testId="98fdd0cd-94bf-4a9e-af5f-339c84c7dca6" testName="TestFilter_StartMaxOfExchangeJoinEventAndValidSegmentCodeChange_Exchange" computerName="CZWWILLIAMRO1" duration="00:00:00.0190000" startTime="2018-10-19T16:42:16.0000000+01:00" endTime="2018-10-19T16:42:16.0000000+01:00" testType="13cdc9d9-ddb5-4fa4-a97d-d965ccfc6d4b" outcome="Passed" testListId="8c84fa94-04c1-424b-9868-57a2d4851a1d" relativeResultsDirectory="529e5655-87c7-4819-bca4-27d300ec7d2f" /><UnitTestResult executionId="dc8edd93-e1c7-4b50-9f11-9ca004fc98a2" testId="cfb5bfbb-3521-4380-a13f-0e6fabbd32f6" testName="TestLiveSyntheticFutures" computerName="CZWWILLIAMRO1" duration="00:00:00.0230000" startTime="2018-10-19T16:43:36.0000000+01:00" endTime="2018-10-19T16:43:36.0000000+01:00" testType="13cdc9d9-ddb5-4fa4-a97d-d965ccfc6d4b" outcome="Passed" testListId="8c84fa94-04c1-424b-9868-57a2d4851a1d" relativeResultsDirectory="dc8edd93-e1c7-4b50-9f11-9ca004fc98a2" /><UnitTestResult executionId="429ddc61-59d5-49b3-9d6f-01ec1df2ac74" testId="faf1b363-e087-48d8-bf9b-473663fd702a" testName="TestSyncUniverse_SyncLiveMembersPendingIfPendingActive" computerName="CZWWILLIAMRO1" duration="00:00:00.0590000" startTime="2018-10-19T16:43:15.0000000+01:00" endTime="2018-10-19T16:43:15.0000000+01:00" testType="13cdc9d9-ddb5-4fa4-a97d-d965ccfc6d4b" outcome="Passed" testListId="8c84fa94-04c1-424b-9868-57a2d4851a1d" relativeResultsDirectory="429ddc61-59d5-49b3-9d6f-01ec1df2ac74" /><UnitTestResult executionId="55e993e9-257c-46d6-85d5-4759850e7e88" testId="ede8ac1c-7a85-44ef-a1a7-1ef2d09da269" testName="TestScheduleReleaseOnTheFirstOfTheMonth_Create" computerName="CZWWILLIAMRO1" duration="00:00:00.0330000" startTime="2018-10-19T16:42:52.0000000+01:00" endTime="2018-10-19T16:42:52.0000000+01:00" testType="13cdc9d9-ddb5-4fa4-a97d-d965ccfc6d4b" outcome="Passed" testListId="8c84fa94-04c1-424b-9868-57a2d4851a1d" relativeResultsDirectory="55e993e9-257c-46d6-85d5-4759850e7e88" /><UnitTestResult executionId="fc715a38-5926-4a7e-939a-214bd3ba5ebc" testId="653eecdd-0d51-4914-80eb-0844a29023cc" testName="TestGenerateMembersHistoric_WhereExistingMembersHistoricRequiresRangeExtension" computerName="CZWWILLIAMRO1" duration="00:00:00.0210000" startTime="2018-10-19T16:43:34.0000000+01:00" endTime="2018-10-19T16:43:34.0000000+01:00" testType="13cdc9d9-ddb5-4fa4-a97d-d965ccfc6d4b" outcome="Passed" testListId="8c84fa94-04c1-424b-9868-57a2d4851a1d" relativeResultsDirectory="fc715a38-5926-4a7e-939a-214bd3ba5ebc" /><UnitTestResult executionId="70a3e3af-363c-409f-bb05-c701bf887d84" testId="ede12cd8-207d-4230-8f07-f3066d1511eb" testName="TestScheduleRelease_ScheduleRelease_NoPreviousReleses_ActiveAndTrading" computerName="CZWWILLIAMRO1" duration="00:00:00.0320000" startTime="2018-10-19T16:42:52.0000000+01:00" endTime="2018-10-19T16:42:52.0000000+01:00" testType="13cdc9d9-ddb5-4fa4-a97d-d965ccfc6d4b" outcome="Passed" testListId="8c84fa94-04c1-424b-9868-57a2d4851a1d" relativeResultsDirectory="70a3e3af-363c-409f-bb05-c701bf887d84" /><UnitTestResult executionId="ea7b0946-4265-4af9-bd47-9490adb6f064" testId="eb9b9cb4-272d-4ec1-96ba-523b4b7c9d70" testName="TestBothExcluded" computerName="CZWWILLIAMRO1" duration="00:00:00.0030000" startTime="2018-10-19T16:42:49.0000000+01:00" endTime="2018-10-19T16:42:49.0000000+01:00" testType="13cdc9d9-ddb5-4fa4-a97d-d965ccfc6d4b" outcome="Passed" testListId="8c84fa94-04c1-424b-9868-57a2d4851a1d" relativeResultsDirectory="ea7b0946-4265-4af9-bd47-9490adb6f064" /><UnitTestResult executionId="693c0267-0447-4109-98de-5668ec3a3874" testId="75afa01f-3422-4e0c-93c7-9f191658ba20" testName="TestAddedInTheMiddleFromInvalidExchange" computerName="CZWWILLIAMRO1" duration="00:00:00.0230000" startTime="2018-10-19T16:42:03.0000000+01:00" endTime="2018-10-19T16:42:03.0000000+01:00" testType="13cdc9d9-ddb5-4fa4-a97d-d965ccfc6d4b" outcome="Passed" testListId="8c84fa94-04c1-424b-9868-57a2d4851a1d" relativeResultsDirectory="693c0267-0447-4109-98de-5668ec3a3874" /><UnitTestResult executionId="16fcf722-0b07-4b15-abd6-1ec3a7fa2d25" testId="034392c7-fc43-427c-9fc6-e4671a2d3a19" testName="TestDateForPropagation_Within" computerName="CZWWILLIAMRO1" duration="00:00:00.0000001" startTime="2018-10-19T16:42:36.0000000+01:00" endTime="2018-10-19T16:42:36.0000000+01:00" testType="13cdc9d9-ddb5-4fa4-a97d-d965ccfc6d4b" outcome="Passed" testListId="8c84fa94-04c1-424b-9868-57a2d4851a1d" relativeResultsDirectory="16fcf722-0b07-4b15-abd6-1ec3a7fa2d25" /><UnitTestResult executionId="00e191ed-e02d-48eb-91f3-b4f60db7c315" testId="60e9a1d5-e89b-40b3-ad63-ecc84fc9ba54" testName="TestDoNotRelease_TradingAndNotApproved_Pending" computerName="CZWWILLIAMRO1" duration="00:00:00.9600000" startTime="2018-10-19T16:43:12.0000000+01:00" endTime="2018-10-19T16:43:13.0000000+01:00" testType="13cdc9d9-ddb5-4fa4-a97d-d965ccfc6d4b" outcome="Passed" testListId="8c84fa94-04c1-424b-9868-57a2d4851a1d" relativeResultsDirectory="00e191ed-e02d-48eb-91f3-b4f60db7c315" /><UnitTestResult executionId="ca349e45-95e0-4caf-8714-d4f864fda600" testId="898ee75b-03a1-4e70-b9bd-c832ca6cecc0" testName="TestHandleLockedUniverse_WhenLocked" computerName="CZWWILLIAMRO1" duration="00:00:00.0040000" startTime="2018-10-19T16:42:53.0000000+01:00" endTime="2018-10-19T16:42:53.0000000+01:00" testType="13cdc9d9-ddb5-4fa4-a97d-d965ccfc6d4b" outcome="Passed" testListId="8c84fa94-04c1-424b-9868-57a2d4851a1d" relativeResultsDirectory="ca349e45-95e0-4caf-8714-d4f864fda600" /><UnitTestResult executionId="83d26035-e576-4444-b5e1-05214d93e08f" testId="3c1e59b8-2d9e-4614-951c-78ec16ad6636" testName="NewerApproved" computerName="CZWWILLIAMRO1" duration="00:00:00.0190000" startTime="2018-10-19T16:42:52.0000000+01:00" endTime="2018-10-19T16:42:52.0000000+01:00" testType="13cdc9d9-ddb5-4fa4-a97d-d965ccfc6d4b" outcome="Passed" testListId="8c84fa94-04c1-424b-9868-57a2d4851a1d" relativeResultsDirectory="83d26035-e576-4444-b5e1-05214d93e08f" /><UnitTestResult executionId="6ea66b4e-db42-4253-bf99-ca3f843e6b96" testId="d78e46d1-d48f-4c9f-bcb2-02f386ae988a" testName="TestOutThenInThenOutAgain" computerName="CZWWILLIAMRO1" duration="00:00:00.0190000" startTime="2018-10-19T16:42:18.0000000+01:00" endTime="2018-10-19T16:42:18.0000000+01:00" testType="13cdc9d9-ddb5-4fa4-a97d-d965ccfc6d4b" outcome="Passed" testListId="8c84fa94-04c1-424b-9868-57a2d4851a1d" relativeResultsDirectory="6ea66b4e-db42-4253-bf99-ca3f843e6b96" /><UnitTestResult executionId="580275fe-7ba3-45ba-9bee-300bb769763b" testId="49d5a323-2148-478b-8f1c-f6c6dc5751c5" testName="TestIntegration_GenerateMonthlyData" computerName="CZWWILLIAMRO1" duration="00:00:01.0090000" startTime="2018-10-19T16:42:26.0000000+01:00" endTime="2018-10-19T16:42:27.0000000+01:00" testType="13cdc9d9-ddb5-4fa4-a97d-d965ccfc6d4b" outcome="Passed" testListId="8c84fa94-04c1-424b-9868-57a2d4851a1d" relativeResultsDirectory="580275fe-7ba3-45ba-9bee-300bb769763b" /><UnitTestResult executionId="283601cf-b6b6-4ed3-833b-30d322375118" testId="91be565f-78bc-4d55-b55b-3025baa92cbd" testName="TestExtendIfNeeded_Excluded" computerName="CZWWILLIAMRO1" duration="00:00:00.0010000" startTime="2018-10-19T16:42:36.0000000+01:00" endTime="2018-10-19T16:42:36.0000000+01:00" testType="13cdc9d9-ddb5-4fa4-a97d-d965ccfc6d4b" outcome="Passed" testListId="8c84fa94-04c1-424b-9868-57a2d4851a1d" relativeResultsDirectory="283601cf-b6b6-4ed3-833b-30d322375118" /><UnitTestResult executionId="1a46d272-17ad-429b-8d32-1dbaa0d04480" testId="8f350af1-fc5f-4d73-be8a-8073206820f8" testName="TestLiveCalendar" computerName="CZWWILLIAMRO1" duration="00:00:00.0230000" startTime="2018-10-19T16:43:36.0000000+01:00" endTime="2018-10-19T16:43:36.0000000+01:00" testType="13cdc9d9-ddb5-4fa4-a97d-d965ccfc6d4b" outcome="Passed" testListId="8c84fa94-04c1-424b-9868-57a2d4851a1d" relativeResultsDirectory="1a46d272-17ad-429b-8d32-1dbaa0d04480" /><UnitTestResult executionId="33f6a365-58f7-49f8-b66e-8d15cc9f8907" testId="60d9a9cc-e78d-44ce-ab13-79b64dce1a90" testName="TestNotExcluded_IgnoreOtherStocksOverrides" computerName="CZWWILLIAMRO1" duration="00:00:00.0030000" startTime="2018-10-19T16:42:20.0000000+01:00" endTime="2018-10-19T16:42:20.0000000+01:00" testType="13cdc9d9-ddb5-4fa4-a97d-d965ccfc6d4b" outcome="Passed" testListId="8c84fa94-04c1-424b-9868-57a2d4851a1d" relativeResultsDirectory="33f6a365-58f7-49f8-b66e-8d15cc9f8907" /><UnitTestResult executionId="2cdc6113-6f65-4fdc-852d-fcb097a85021" testId="22ad71b9-36fb-4a17-acd1-3618cca96251" testName="TestLiveMembersForExecution" computerName="CZWWILLIAMRO1" duration="00:00:00.0280000" startTime="2018-10-19T16:43:36.0000000+01:00" endTime="2018-10-19T16:43:36.0000000+01:00" testType="13cdc9d9-ddb5-4fa4-a97d-d965ccfc6d4b" outcome="Passed" testListId="8c84fa94-04c1-424b-9868-57a2d4851a1d" relativeResultsDirectory="2cdc6113-6f65-4fdc-852d-fcb097a85021" /><UnitTestResult executionId="c2657221-5ac5-46b2-ae58-b09edc5c2056" testId="3f8ce2c0-88a7-46a8-873f-90ddf7cfdcb5" testName="TestDoNotFilterWhereNo_Future_PresentInName" computerName="CZWWILLIAMRO1" duration="00:00:00.0010000" startTime="2018-10-19T16:42:37.0000000+01:00" endTime="2018-10-19T16:42:37.0000000+01:00" testType="13cdc9d9-ddb5-4fa4-a97d-d965ccfc6d4b" outcome="Passed" testListId="8c84fa94-04c1-424b-9868-57a2d4851a1d" relativeResultsDirectory="c2657221-5ac5-46b2-ae58-b09edc5c2056" /><UnitTestResult executionId="da63beab-d5e2-43d6-98fe-f3baf1f288c3" testId="fd40527d-074d-4f7a-955d-8cf98f65e804" testName="TestNoDiffAllIncluded" computerName="CZWWILLIAMRO1" duration="00:00:00.0000001" startTime="2018-10-19T16:42:36.0000000+01:00" endTime="2018-10-19T16:42:36.0000000+01:00" testType="13cdc9d9-ddb5-4fa4-a97d-d965ccfc6d4b" outcome="Passed" testListId="8c84fa94-04c1-424b-9868-57a2d4851a1d" relativeResultsDirectory="da63beab-d5e2-43d6-98fe-f3baf1f288c3" /><UnitTestResult executionId="400942c4-36c1-4045-baa1-ac70ec5da5fa" testId="1b6b96ce-60ca-42a7-9fe7-1418a7be86be" testName="TestRemoveDead_Middle" computerName="CZWWILLIAMRO1" duration="00:00:00.9990000" startTime="2018-10-19T16:41:59.0000000+01:00" endTime="2018-10-19T16:42:00.0000000+01:00" testType="13cdc9d9-ddb5-4fa4-a97d-d965ccfc6d4b" outcome="Passed" testListId="8c84fa94-04c1-424b-9868-57a2d4851a1d" relativeResultsDirectory="400942c4-36c1-4045-baa1-ac70ec5da5fa" /><UnitTestResult executionId="89b9f765-3f14-454f-b157-45171e31c45e" testId="7241762f-e270-46fb-8d9d-6a1b47310df9" testName="TestExcludeForSixMonthsFromBirth_OverEnd" computerName="CZWWILLIAMRO1" duration="00:00:00.0280000" startTime="2018-10-19T16:42:12.0000000+01:00" endTime="2018-10-19T16:42:12.0000000+01:00" testType="13cdc9d9-ddb5-4fa4-a97d-d965ccfc6d4b" outcome="Passed" testListId="8c84fa94-04c1-424b-9868-57a2d4851a1d" relativeResultsDirectory="89b9f765-3f14-454f-b157-45171e31c45e" /><UnitTestResult executionId="0bed06bd-d8f0-41ac-8c18-34ecdd2447ac" testId="e02ade4d-8964-405e-b8a2-7f56be6dbed2" testName="TestFilterFor_BlankExchangeSegmentCode" computerName="CZWWILLIAMRO1" duration="00:00:00.0190000" startTime="2018-10-19T16:42:16.0000000+01:00" endTime="2018-10-19T16:42:16.0000000+01:00" testType="13cdc9d9-ddb5-4fa4-a97d-d965ccfc6d4b" outcome="Passed" testListId="8c84fa94-04c1-424b-9868-57a2d4851a1d" relativeResultsDirectory="0bed06bd-d8f0-41ac-8c18-34ecdd2447ac" /><UnitTestResult executionId="3064de1d-b19e-4348-a120-a8b99a36b0c4" testId="9fb07d90-6576-45d0-9a07-9176aa9002a9" testName="TestIsLiveUniverseTradingDefaults" computerName="CZWWILLIAMRO1" duration="00:00:00.0220000" startTime="2018-10-19T16:43:36.0000000+01:00" endTime="2018-10-19T16:43:36.0000000+01:00" testType="13cdc9d9-ddb5-4fa4-a97d-d965ccfc6d4b" outcome="Passed" testListId="8c84fa94-04c1-424b-9868-57a2d4851a1d" relativeResultsDirectory="3064de1d-b19e-4348-a120-a8b99a36b0c4" /><UnitTestResult executionId="60294df4-b8ed-417b-8d84-3918c09ed77a" testId="8c213d36-4693-49ab-9a32-8460fe747ae0" testName="TestFetchAll_Future" computerName="CZWWILLIAMRO1" duration="00:00:00.0040000" startTime="2018-10-19T16:43:28.0000000+01:00" endTime="2018-10-19T16:43:28.0000000+01:00" testType="13cdc9d9-ddb5-4fa4-a97d-d965ccfc6d4b" outcome="Passed" testListId="8c84fa94-04c1-424b-9868-57a2d4851a1d" relativeResultsDirectory="60294df4-b8ed-417b-8d84-3918c09ed77a" /><UnitTestResult executionId="946648aa-cb51-4905-b9fe-efe553f30a84" testId="281200d3-1a75-4f6b-ae5a-ed8d5ffaa0d0" testName="TestSetDepartmentApprovalState(BackOffice,Pending)" computerName="CZWWILLIAMRO1" duration="00:00:00.0250000" startTime="2018-10-19T16:42:52.0000000+01:00" endTime="2018-10-19T16:42:52.0000000+01:00" testType="13cdc9d9-ddb5-4fa4-a97d-d965ccfc6d4b" outcome="Passed" testListId="8c84fa94-04c1-424b-9868-57a2d4851a1d" relativeResultsDirectory="946648aa-cb51-4905-b9fe-efe553f30a84" /><UnitTestResult executionId="6017db5c-533d-4422-b236-041a8d0c9a06" testId="4f11b0d5-780a-4ab6-9c5a-56c904c1a652" testName="TestGetValue_FallBackToValidExchange" computerName="CZWWILLIAMRO1" duration="00:00:00.0100000" startTime="2018-10-19T16:42:08.0000000+01:00" endTime="2018-10-19T16:42:08.0000000+01:00" testType="13cdc9d9-ddb5-4fa4-a97d-d965ccfc6d4b" outcome="Passed" testListId="8c84fa94-04c1-424b-9868-57a2d4851a1d" relativeResultsDirectory="6017db5c-533d-4422-b236-041a8d0c9a06" /><UnitTestResult executionId="299a29b4-098a-46ed-946e-fa644b69dcad" testId="28fdf923-8442-4477-818e-3d863615a1db" testName="TestSetDepartmentApprovalState(BackOffice,Cancelled)" computerName="CZWWILLIAMRO1" duration="00:00:00.0230000" startTime="2018-10-19T16:42:52.0000000+01:00" endTime="2018-10-19T16:42:52.0000000+01:00" testType="13cdc9d9-ddb5-4fa4-a97d-d965ccfc6d4b" outcome="Passed" testListId="8c84fa94-04c1-424b-9868-57a2d4851a1d" relativeResultsDirectory="299a29b4-098a-46ed-946e-fa644b69dcad" /><UnitTestResult executionId="19277647-057d-440c-8494-c881b79e14f2" testId="584c05b6-46d7-460f-b933-89d91bd5080f" testName="TestDoNotSyncWhenNotPartOfDesiredCosmos" computerName="CZWWILLIAMRO1" duration="00:00:00.1320000" startTime="2018-10-19T16:43:11.0000000+01:00" endTime="2018-10-19T16:43:11.0000000+01:00" testType="13cdc9d9-ddb5-4fa4-a97d-d965ccfc6d4b" outcome="Passed" testListId="8c84fa94-04c1-424b-9868-57a2d4851a1d" relativeResultsDirectory="19277647-057d-440c-8494-c881b79e14f2" /><UnitTestResult executionId="f0127bae-ffb0-4f39-9e25-c03e4d479984" testId="85d3ae1e-618a-45d8-bd64-f05a3485b754" testName="TestWritePendingMembersAndMembersIdeal(False,False)" computerName="CZWWILLIAMRO1" duration="00:00:00.9960000" startTime="2018-10-19T16:43:24.0000000+01:00" endTime="2018-10-19T16:43:25.0000000+01:00" testType="13cdc9d9-ddb5-4fa4-a97d-d965ccfc6d4b" outcome="Passed" testListId="8c84fa94-04c1-424b-9868-57a2d4851a1d" relativeResultsDirectory="f0127bae-ffb0-4f39-9e25-c03e4d479984" /><UnitTestResult executionId="db7cc6c6-5d49-481e-9fd0-8c0c6b503921" testId="fd10f15b-5878-4917-b156-0c3caa6d7a77" testName="TestGenerateMembersHistoric_From2010-01-01_WithoutMembersIdeal_WithoutExistingMembersHistoric" computerName="CZWWILLIAMRO1" duration="00:00:00.0240000" startTime="2018-10-19T16:43:32.0000000+01:00" endTime="2018-10-19T16:43:32.0000000+01:00" testType="13cdc9d9-ddb5-4fa4-a97d-d965ccfc6d4b" outcome="Passed" testListId="8c84fa94-04c1-424b-9868-57a2d4851a1d" relativeResultsDirectory="db7cc6c6-5d49-481e-9fd0-8c0c6b503921" /><UnitTestResult executionId="531fff8b-e8a2-4b7a-8117-ccb8ab4eb8b0" testId="9efb55af-0db9-4318-8132-dc50f99c3a7f" testName="TestSendLockedUniverseEmailIfNeeded_VerifyReleaseDate" computerName="CZWWILLIAMRO1" duration="00:00:00.0270000" startTime="2018-10-19T16:41:57.0000000+01:00" endTime="2018-10-19T16:41:57.0000000+01:00" testType="13cdc9d9-ddb5-4fa4-a97d-d965ccfc6d4b" outcome="Passed" testListId="8c84fa94-04c1-424b-9868-57a2d4851a1d" relativeResultsDirectory="531fff8b-e8a2-4b7a-8117-ccb8ab4eb8b0" /><UnitTestResult executionId="1f28e67b-f98f-4298-8a5f-77220f0ab1f2" testId="d68da305-c602-43f5-bddc-6db3390c3c74" testName="TestConsequtiveDeletion_MultipleReasons" computerName="CZWWILLIAMRO1" duration="00:00:00.0010000" startTime="2018-10-19T16:42:36.0000000+01:00" endTime="2018-10-19T16:42:36.0000000+01:00" testType="13cdc9d9-ddb5-4fa4-a97d-d965ccfc6d4b" outcome="Passed" testListId="8c84fa94-04c1-424b-9868-57a2d4851a1d" relativeResultsDirectory="1f28e67b-f98f-4298-8a5f-77220f0ab1f2" /><UnitTestResult executionId="2ff1c6fe-b8e2-4ffd-8910-815904233e7a" testId="dcc7cbbc-1517-463d-bba2-f04a43791b37" testName="TestCreateAuxiliaryMembers_SingleFutureContract_FilterOutEmptyRic" computerName="CZWWILLIAMRO1" duration="00:00:00.0170000" startTime="2018-10-19T16:42:45.0000000+01:00" endTime="2018-10-19T16:42:45.0000000+01:00" testType="13cdc9d9-ddb5-4fa4-a97d-d965ccfc6d4b" outcome="Passed" testListId="8c84fa94-04c1-424b-9868-57a2d4851a1d" relativeResultsDirectory="2ff1c6fe-b8e2-4ffd-8910-815904233e7a" /><UnitTestResult executionId="326ffdef-066f-41ee-91f1-193381d9328f" testId="7a197813-2ff6-4b94-9a11-4e7f80279a3d" testName="TestEnumeration_DateFilter_NoValidDays" computerName="CZWWILLIAMRO1" duration="00:00:00.0010000" startTime="2018-10-19T16:43:27.0000000+01:00" endTime="2018-10-19T16:43:27.0000000+01:00" testType="13cdc9d9-ddb5-4fa4-a97d-d965ccfc6d4b" outcome="Passed" testListId="8c84fa94-04c1-424b-9868-57a2d4851a1d" relativeResultsDirectory="326ffdef-066f-41ee-91f1-193381d9328f" /><UnitTestResult executionId="76c394bf-d22d-4afa-89d0-3737ad2b8432" testId="38aa3f34-0fcf-4739-b59a-c7529d80a0f1" testName="TestGetValue_NoValidExchange" computerName="CZWWILLIAMRO1" duration="00:00:00.0010000" startTime="2018-10-19T16:42:08.0000000+01:00" endTime="2018-10-19T16:42:08.0000000+01:00" testType="13cdc9d9-ddb5-4fa4-a97d-d965ccfc6d4b" outcome="Passed" testListId="8c84fa94-04c1-424b-9868-57a2d4851a1d" relativeResultsDirectory="76c394bf-d22d-4afa-89d0-3737ad2b8432" /><UnitTestResult executionId="b140619c-07f0-45d7-9778-e169f29af331" testId="05f2c26b-4195-452d-8a42-7d5b213e21e0" testName="TestOneEntry_NoData" computerName="CZWWILLIAMRO1" duration="00:00:00.0000001" startTime="2018-10-19T16:42:30.0000000+01:00" endTime="2018-10-19T16:42:30.0000000+01:00" testType="13cdc9d9-ddb5-4fa4-a97d-d965ccfc6d4b" outcome="Passed" testListId="8c84fa94-04c1-424b-9868-57a2d4851a1d" relativeResultsDirectory="b140619c-07f0-45d7-9778-e169f29af331" /><UnitTestResult executionId="ad8c170c-43eb-4823-a51d-931c17be0163" testId="ec762f1b-0adf-4068-aafe-7029c3cde12b" testName="TestStockWithCurrencyExchangeCalendarAndBirthDeathDates" computerName="CZWWILLIAMRO1" duration="00:00:00.0040000" startTime="2018-10-19T16:42:23.0000000+01:00" endTime="2018-10-19T16:42:23.0000000+01:00" testType="13cdc9d9-ddb5-4fa4-a97d-d965ccfc6d4b" outcome="Passed" testListId="8c84fa94-04c1-424b-9868-57a2d4851a1d" relativeResultsDirectory="ad8c170c-43eb-4823-a51d-931c17be0163" /><UnitTestResult executionId="64b3eba1-2b5e-4cfc-8143-856a8444a0f9" testId="2c85e509-c47e-492a-8d88-196ea5e878a6" testName="TestCapStartDate" computerName="CZWWILLIAMRO1" duration="00:00:00.0000001" startTime="2018-10-19T16:42:36.0000000+01:00" endTime="2018-10-19T16:42:36.0000000+01:00" testType="13cdc9d9-ddb5-4fa4-a97d-d965ccfc6d4b" outcome="Passed" testListId="8c84fa94-04c1-424b-9868-57a2d4851a1d" relativeResultsDirectory="64b3eba1-2b5e-4cfc-8143-856a8444a0f9" /><UnitTestResult executionId="e640526e-752f-4136-a838-071c19c52f01" testId="bb9a0e66-34f4-47a4-ae3c-5738e44cf0c2" testName="TestPartiallyPresentStock_BeforeEarliestInclusionDate" computerName="CZWWILLIAMRO1" duration="00:00:00.0050000" startTime="2018-10-19T16:42:35.0000000+01:00" endTime="2018-10-19T16:42:35.0000000+01:00" testType="13cdc9d9-ddb5-4fa4-a97d-d965ccfc6d4b" outcome="Passed" testListId="8c84fa94-04c1-424b-9868-57a2d4851a1d" relativeResultsDirectory="e640526e-752f-4136-a838-071c19c52f01" /><UnitTestResult executionId="3b238e8d-572a-46f8-b710-92a6f0302167" testId="6bad8813-a10d-4a90-aa7f-d8a5305ddd75" testName="TestMultipleEntries" computerName="CZWWILLIAMRO1" duration="00:00:00.0010000" startTime="2018-10-19T16:42:30.0000000+01:00" endTime="2018-10-19T16:42:30.0000000+01:00" testType="13cdc9d9-ddb5-4fa4-a97d-d965ccfc6d4b" outcome="Passed" testListId="8c84fa94-04c1-424b-9868-57a2d4851a1d" relativeResultsDirectory="3b238e8d-572a-46f8-b710-92a6f0302167" /><UnitTestResult executionId="b12ee8ee-3217-4412-9575-6a1da9aa4f2c" testId="c802a385-7396-43f4-8d74-eb7db50a43ba" testName="TestStockInMembersPropagateExclusionBeyondMembersEnd" computerName="CZWWILLIAMRO1" duration="00:00:00.0150000" startTime="2018-10-19T16:42:09.0000000+01:00" endTime="2018-10-19T16:42:09.0000000+01:00" testType="13cdc9d9-ddb5-4fa4-a97d-d965ccfc6d4b" outcome="Passed" testListId="8c84fa94-04c1-424b-9868-57a2d4851a1d" relativeResultsDirectory="b12ee8ee-3217-4412-9575-6a1da9aa4f2c" /><UnitTestResult executionId="a80a3aae-e256-41cf-9598-297e333c2c96" testId="16c319bf-ab27-4758-943f-d2eea6c9e40e" testName="TestMultipleDifferentContracts_Overlaping" computerName="CZWWILLIAMRO1" duration="00:00:00.2350000" startTime="2018-10-19T16:42:41.0000000+01:00" endTime="2018-10-19T16:42:41.0000000+01:00" testType="13cdc9d9-ddb5-4fa4-a97d-d965ccfc6d4b" outcome="Passed" testListId="8c84fa94-04c1-424b-9868-57a2d4851a1d" relativeResultsDirectory="a80a3aae-e256-41cf-9598-297e333c2c96" /><UnitTestResult executionId="dc57fda9-13b2-4818-be00-a2f0d3fc400a" testId="df4d045e-310c-4eaf-a170-b72be26181fa" testName="TestNoEmailSetWithNoSync" computerName="CZWWILLIAMRO1" duration="00:00:00.0110000" startTime="2018-10-19T16:43:38.0000000+01:00" endTime="2018-10-19T16:43:38.0000000+01:00" testType="13cdc9d9-ddb5-4fa4-a97d-d965ccfc6d4b" outcome="Passed" testListId="8c84fa94-04c1-424b-9868-57a2d4851a1d" relativeResultsDirectory="dc57fda9-13b2-4818-be00-a2f0d3fc400a" /><UnitTestResult executionId="dc8c6f1c-e8c6-4c2e-9d6c-2cf6c4dc82d8" testId="744b0934-b868-422f-a7b3-8962927dcde0" testName="TestDiff_DifferentEndDates_PropagateExclusion" computerName="CZWWILLIAMRO1" duration="00:00:00.0030000" startTime="2018-10-19T16:42:36.0000000+01:00" endTime="2018-10-19T16:42:36.0000000+01:00" testType="13cdc9d9-ddb5-4fa4-a97d-d965ccfc6d4b" outcome="Passed" testListId="8c84fa94-04c1-424b-9868-57a2d4851a1d" relativeResultsDirectory="dc8c6f1c-e8c6-4c2e-9d6c-2cf6c4dc82d8" /><UnitTestResult executionId="7bacafad-fa43-4f9d-ad90-65f71900f1aa" testId="decb695b-cdde-440a-88de-836241b528d6" testName="TestWritingEmptyCollection" computerName="CZWWILLIAMRO1" duration="00:00:03.4060000" startTime="2018-10-19T16:42:59.0000000+01:00" endTime="2018-10-19T16:43:03.0000000+01:00" testType="13cdc9d9-ddb5-4fa4-a97d-d965ccfc6d4b" outcome="Passed" testListId="8c84fa94-04c1-424b-9868-57a2d4851a1d" relativeResultsDirectory="7bacafad-fa43-4f9d-ad90-65f71900f1aa" /><UnitTestResult executionId="9716b503-2aae-4e5c-a587-9c46cb25d625" testId="01b09d79-887d-475c-a7b2-5b0bcc725a42" testName="TestRatio" computerName="CZWWILLIAMRO1" duration="00:00:00.0070000" startTime="2018-10-19T16:42:05.0000000+01:00" endTime="2018-10-19T16:42:05.0000000+01:00" testType="13cdc9d9-ddb5-4fa4-a97d-d965ccfc6d4b" outcome="Passed" testListId="8c84fa94-04c1-424b-9868-57a2d4851a1d" relativeResultsDirectory="9716b503-2aae-4e5c-a587-9c46cb25d625" /><UnitTestResult executionId="a46436db-e605-4283-b3a5-cbb8cc89fcaf" testId="7a25f576-e8bb-4c38-87dc-79cffb9dcdbb" testName="TestKeepIfEverBeenOnUniverseValidExchange" computerName="CZWWILLIAMRO1" duration="00:00:00.0140000" startTime="2018-10-19T16:42:31.0000000+01:00" endTime="2018-10-19T16:42:31.0000000+01:00" testType="13cdc9d9-ddb5-4fa4-a97d-d965ccfc6d4b" outcome="Passed" testListId="8c84fa94-04c1-424b-9868-57a2d4851a1d" relativeResultsDirectory="a46436db-e605-4283-b3a5-cbb8cc89fcaf" /><UnitTestResult executionId="b585b7bf-61a2-4aee-a624-de5383838fc2" testId="0cf84415-1d2a-4ddb-936d-4754ce54ce15" testName="TestScheduleRelease_BlowUpIfReleasesAfterOurProposedReleaseDatePresent" computerName="CZWWILLIAMRO1" duration="00:00:00.0180000" startTime="2018-10-19T16:42:52.0000000+01:00" endTime="2018-10-19T16:42:52.0000000+01:00" testType="13cdc9d9-ddb5-4fa4-a97d-d965ccfc6d4b" outcome="Passed" testListId="8c84fa94-04c1-424b-9868-57a2d4851a1d" relativeResultsDirectory="b585b7bf-61a2-4aee-a624-de5383838fc2" /><UnitTestResult executionId="b8a2277a-f10f-4f77-b0db-c77cb108acc3" testId="62f2b735-4c51-4964-94c2-b4a29e195521" testName="TestOutsideOfRangeAddOnSecond" computerName="CZWWILLIAMRO1" duration="00:00:00.0000001" startTime="2018-10-19T16:42:36.0000000+01:00" endTime="2018-10-19T16:42:36.0000000+01:00" testType="13cdc9d9-ddb5-4fa4-a97d-d965ccfc6d4b" outcome="Passed" testListId="8c84fa94-04c1-424b-9868-57a2d4851a1d" relativeResultsDirectory="b8a2277a-f10f-4f77-b0db-c77cb108acc3" /><UnitTestResult executionId="1e151cdf-ca8c-4ece-88b9-c5b4dfae7aa1" testId="0a888bf4-ade6-4869-8fec-28c8c4907446" testName="TestScheduleRelease_ScheduleRelease_AlreadyScheduled_ActiveAndTrading" computerName="CZWWILLIAMRO1" duration="00:00:00.0220000" startTime="2018-10-19T16:42:52.0000000+01:00" endTime="2018-10-19T16:42:52.0000000+01:00" testType="13cdc9d9-ddb5-4fa4-a97d-d965ccfc6d4b" outcome="Passed" testListId="8c84fa94-04c1-424b-9868-57a2d4851a1d" relativeResultsDirectory="1e151cdf-ca8c-4ece-88b9-c5b4dfae7aa1" /><UnitTestResult executionId="d6bfc373-1533-4052-9eb4-7831dd8e59d9" testId="e695f520-75f9-4e8f-a662-7a4f479bd104" testName="TestReasons_AllExcluded" computerName="CZWWILLIAMRO1" duration="00:00:00.0010000" startTime="2018-10-19T16:42:36.0000000+01:00" endTime="2018-10-19T16:42:36.0000000+01:00" testType="13cdc9d9-ddb5-4fa4-a97d-d965ccfc6d4b" outcome="Passed" testListId="8c84fa94-04c1-424b-9868-57a2d4851a1d" relativeResultsDirectory="d6bfc373-1533-4052-9eb4-7831dd8e59d9" /><UnitTestResult executionId="3f40be20-bda6-42ba-9c8b-7b9d04a65e20" testId="c084836c-d7cf-4cb6-be8a-f017869da630" testName="TestIsEligibleForRelease_CompletedNotEligible" computerName="CZWWILLIAMRO1" duration="00:00:00.0170000" startTime="2018-10-19T16:42:51.0000000+01:00" endTime="2018-10-19T16:42:51.0000000+01:00" testType="13cdc9d9-ddb5-4fa4-a97d-d965ccfc6d4b" outcome="Passed" testListId="8c84fa94-04c1-424b-9868-57a2d4851a1d" relativeResultsDirectory="3f40be20-bda6-42ba-9c8b-7b9d04a65e20" /><UnitTestResult executionId="24c65e57-5aac-4566-a912-23bd2d3c7348" testId="a08392bd-8c29-4b6d-b990-c904fbe5813a" testName="TestEnumerableRange_ToBeforeStart" computerName="CZWWILLIAMRO1" duration="00:00:00.0000001" startTime="2018-10-19T16:42:36.0000000+01:00" endTime="2018-10-19T16:42:36.0000000+01:00" testType="13cdc9d9-ddb5-4fa4-a97d-d965ccfc6d4b" outcome="Passed" testListId="8c84fa94-04c1-424b-9868-57a2d4851a1d" relativeResultsDirectory="24c65e57-5aac-4566-a912-23bd2d3c7348" /><UnitTestResult executionId="415db911-9644-4f7b-ab94-cbc6465bfd5b" testId="556a3a5f-1a34-4e86-8ccd-4b0f136fcaf1" testName="TestEnumeration" computerName="CZWWILLIAMRO1" duration="00:00:00.0010000" startTime="2018-10-19T16:43:27.0000000+01:00" endTime="2018-10-19T16:43:27.0000000+01:00" testType="13cdc9d9-ddb5-4fa4-a97d-d965ccfc6d4b" outcome="Passed" testListId="8c84fa94-04c1-424b-9868-57a2d4851a1d" relativeResultsDirectory="415db911-9644-4f7b-ab94-cbc6465bfd5b" /><UnitTestResult executionId="52731510-c3a8-4f20-9d0f-4d421c725ab5" testId="0dfc2983-e54b-4244-919f-da241f94942a" testName="TestNoValidExchange" computerName="CZWWILLIAMRO1" duration="00:00:01.0280000" startTime="2018-10-19T16:42:05.0000000+01:00" endTime="2018-10-19T16:42:06.0000000+01:00" testType="13cdc9d9-ddb5-4fa4-a97d-d965ccfc6d4b" outcome="Passed" testListId="8c84fa94-04c1-424b-9868-57a2d4851a1d" relativeResultsDirectory="52731510-c3a8-4f20-9d0f-4d421c725ab5" /><UnitTestResult executionId="8043c50a-71f4-4b4d-b469-785e3d6e11f4" testId="57e469b4-fe35-4029-9589-4c7ad9f1664e" testName="TestGenerateMembersHistoric_From2010-01-01_WithFullMembersIdeal_WithExistingMembersHistoric" computerName="CZWWILLIAMRO1" duration="00:00:00.0290000" startTime="2018-10-19T16:43:33.0000000+01:00" endTime="2018-10-19T16:43:33.0000000+01:00" testType="13cdc9d9-ddb5-4fa4-a97d-d965ccfc6d4b" outcome="Passed" testListId="8c84fa94-04c1-424b-9868-57a2d4851a1d" relativeResultsDirectory="8043c50a-71f4-4b4d-b469-785e3d6e11f4" /><UnitTestResult executionId="6d4fa1fb-8311-45c5-9a3d-bb1a0b2a6943" testId="e9ac65a1-8579-44e6-a7be-fa3e90ea788f" testName="TestCreateUniverseEntries_MemberEradicated" computerName="CZWWILLIAMRO1" duration="00:00:01.0110000" startTime="2018-10-19T16:42:35.0000000+01:00" endTime="2018-10-19T16:42:36.0000000+01:00" testType="13cdc9d9-ddb5-4fa4-a97d-d965ccfc6d4b" outcome="Passed" testListId="8c84fa94-04c1-424b-9868-57a2d4851a1d" relativeResultsDirectory="6d4fa1fb-8311-45c5-9a3d-bb1a0b2a6943" /><UnitTestResult executionId="f7264493-ba80-4902-a88b-c2ef78a0bb33" testId="b060080d-2340-4326-a7d9-3c3fd4419ebb" testName="TestNoExecutionDate" computerName="CZWWILLIAMRO1" duration="00:00:00.0210000" startTime="2018-10-19T16:42:17.0000000+01:00" endTime="2018-10-19T16:42:17.0000000+01:00" testType="13cdc9d9-ddb5-4fa4-a97d-d965ccfc6d4b" outcome="Passed" testListId="8c84fa94-04c1-424b-9868-57a2d4851a1d" relativeResultsDirectory="f7264493-ba80-4902-a88b-c2ef78a0bb33" /><UnitTestResult executionId="eb96a44e-6d19-4cc0-9c94-a4076834c616" testId="d070913d-045d-4a10-92c5-e6767980cea9" testName="TestRelease_ForNoSync_Superseded" computerName="CZWWILLIAMRO1" duration="00:00:00.0340000" startTime="2018-10-19T16:43:13.0000000+01:00" endTime="2018-10-19T16:43:13.0000000+01:00" testType="13cdc9d9-ddb5-4fa4-a97d-d965ccfc6d4b" outcome="Passed" testListId="8c84fa94-04c1-424b-9868-57a2d4851a1d" relativeResultsDirectory="eb96a44e-6d19-4cc0-9c94-a4076834c616" /><UnitTestResult executionId="0b80c609-ff2f-4f35-bc20-079a5fa140b6" testId="d72cfcd9-02e0-4211-9b85-4ebfcfb65da7" testName="TestIncludeIfUnderlyingFuture_ApprovedForTrading_NotSet_ButAlreadyInUniverse" computerName="CZWWILLIAMRO1" duration="00:00:00.0000001" startTime="2018-10-19T16:42:02.0000000+01:00" endTime="2018-10-19T16:42:02.0000000+01:00" testType="13cdc9d9-ddb5-4fa4-a97d-d965ccfc6d4b" outcome="Passed" testListId="8c84fa94-04c1-424b-9868-57a2d4851a1d" relativeResultsDirectory="0b80c609-ff2f-4f35-bc20-079a5fa140b6" /><UnitTestResult executionId="556c4cca-4fe2-41ae-9039-f6c6f49ee565" testId="da9aa5df-9218-43ef-ade2-5ed38ee7ad81" testName="TestMissingData" computerName="CZWWILLIAMRO1" duration="00:00:00.0010000" startTime="2018-10-19T16:42:27.0000000+01:00" endTime="2018-10-19T16:42:27.0000000+01:00" testType="13cdc9d9-ddb5-4fa4-a97d-d965ccfc6d4b" outcome="Passed" testListId="8c84fa94-04c1-424b-9868-57a2d4851a1d" relativeResultsDirectory="556c4cca-4fe2-41ae-9039-f6c6f49ee565" /><UnitTestResult executionId="c79cd26d-3892-4d90-af45-39e95ffa74d2" testId="1c83c586-a940-4913-a71e-390b9e068b5f" testName="TestAllIncluded" computerName="CZWWILLIAMRO1" duration="00:00:01.1040000" startTime="2018-10-19T16:42:48.0000000+01:00" endTime="2018-10-19T16:42:49.0000000+01:00" testType="13cdc9d9-ddb5-4fa4-a97d-d965ccfc6d4b" outcome="Passed" testListId="8c84fa94-04c1-424b-9868-57a2d4851a1d" relativeResultsDirectory="c79cd26d-3892-4d90-af45-39e95ffa74d2" /><UnitTestResult executionId="2a7aa4b2-340a-4c04-b561-a7b3c53324c1" testId="cf24c883-1f29-49a1-ad36-a7bcc2c751a1" testName="TestNotFilterWhere_Future_PresentLatestName" computerName="CZWWILLIAMRO1" duration="00:00:00.0010000" startTime="2018-10-19T16:42:37.0000000+01:00" endTime="2018-10-19T16:42:37.0000000+01:00" testType="13cdc9d9-ddb5-4fa4-a97d-d965ccfc6d4b" outcome="Passed" testListId="8c84fa94-04c1-424b-9868-57a2d4851a1d" relativeResultsDirectory="2a7aa4b2-340a-4c04-b561-a7b3c53324c1" /><UnitTestResult executionId="c7d01636-04ed-40a3-b07b-2fec9e202eee" testId="871df80c-9f52-4b00-9a8b-663b05abf05e" testName="TestGenerateMembersHistoric_From0001-01-01_WithMembersIdealOnExistingMembersHistoricEndDate_WithEmptyExistingMembersHistoric" computerName="CZWWILLIAMRO1" duration="00:00:00.0230000" startTime="2018-10-19T16:43:32.0000000+01:00" endTime="2018-10-19T16:43:32.0000000+01:00" testType="13cdc9d9-ddb5-4fa4-a97d-d965ccfc6d4b" outcome="Passed" testListId="8c84fa94-04c1-424b-9868-57a2d4851a1d" relativeResultsDirectory="c7d01636-04ed-40a3-b07b-2fec9e202eee" /><UnitTestResult executionId="d91cece8-0675-4054-841d-b4b4bb201e8a" testId="815de893-e8f6-4fbc-b4c5-640073110487" testName="TestMembersHistoricProvider" computerName="CZWWILLIAMRO1" duration="00:00:00.0650000" startTime="2018-10-19T16:43:34.0000000+01:00" endTime="2018-10-19T16:43:34.0000000+01:00" testType="13cdc9d9-ddb5-4fa4-a97d-d965ccfc6d4b" outcome="Passed" testListId="8c84fa94-04c1-424b-9868-57a2d4851a1d" relativeResultsDirectory="d91cece8-0675-4054-841d-b4b4bb201e8a" /><UnitTestResult executionId="ef48ca8e-1da4-40c2-bfc1-9fa822b7f07d" testId="649b6575-2a56-40c0-9f3b-21a9d193765f" testName="TestNoChanges_IncludedPartially" computerName="CZWWILLIAMRO1" duration="00:00:00.0610000" startTime="2018-10-19T16:43:16.0000000+01:00" endTime="2018-10-19T16:43:16.0000000+01:00" testType="13cdc9d9-ddb5-4fa4-a97d-d965ccfc6d4b" outcome="Passed" testListId="8c84fa94-04c1-424b-9868-57a2d4851a1d" relativeResultsDirectory="ef48ca8e-1da4-40c2-bfc1-9fa822b7f07d" /><UnitTestResult executionId="e9da4365-60ce-490d-b403-3e1fa96095c6" testId="09b29c96-721f-4d73-8645-5e7074f7689c" testName="TestIntersection_Included" computerName="CZWWILLIAMRO1" duration="00:00:00.0050000" startTime="2018-10-19T16:42:36.0000000+01:00" endTime="2018-10-19T16:42:36.0000000+01:00" testType="13cdc9d9-ddb5-4fa4-a97d-d965ccfc6d4b" outcome="Passed" testListId="8c84fa94-04c1-424b-9868-57a2d4851a1d" relativeResultsDirectory="e9da4365-60ce-490d-b403-3e1fa96095c6" /><UnitTestResult executionId="36d64f48-8076-4c04-a24f-b903ee735194" testId="d8b44497-74af-4663-bda0-8e456864d705" testName="TestConjunctionGap_OneIncluded" computerName="CZWWILLIAMRO1" duration="00:00:00.0000001" startTime="2018-10-19T16:42:36.0000000+01:00" endTime="2018-10-19T16:42:36.0000000+01:00" testType="13cdc9d9-ddb5-4fa4-a97d-d965ccfc6d4b" outcome="Passed" testListId="8c84fa94-04c1-424b-9868-57a2d4851a1d" relativeResultsDirectory="36d64f48-8076-4c04-a24f-b903ee735194" /><UnitTestResult executionId="09043688-ba48-4ce1-a31a-9dee4e014816" testId="ebf17b3c-506b-44b8-81ca-a658f2c11696" testName="TestWriteLiveMembersAndMembersIdeal(True,False)" computerName="CZWWILLIAMRO1" duration="00:00:01.0080000" startTime="2018-10-19T16:43:17.0000000+01:00" endTime="2018-10-19T16:43:18.0000000+01:00" testType="13cdc9d9-ddb5-4fa4-a97d-d965ccfc6d4b" outcome="Passed" testListId="8c84fa94-04c1-424b-9868-57a2d4851a1d" relativeResultsDirectory="09043688-ba48-4ce1-a31a-9dee4e014816" /><UnitTestResult executionId="d88303ac-46c7-4c43-be4f-f6673d4105f9" testId="d7fb6d1d-d3e5-4771-968c-73e81bf7a64c" testName="TestEmptyFutures" computerName="CZWWILLIAMRO1" duration="00:00:01.0090000" startTime="2018-10-19T16:42:40.0000000+01:00" endTime="2018-10-19T16:42:41.0000000+01:00" testType="13cdc9d9-ddb5-4fa4-a97d-d965ccfc6d4b" outcome="Passed" testListId="8c84fa94-04c1-424b-9868-57a2d4851a1d" relativeResultsDirectory="d88303ac-46c7-4c43-be4f-f6673d4105f9" /><UnitTestResult executionId="573af25e-4917-4a59-b71c-1d94ff065318" testId="54d6ed34-2d5f-4f1a-a6e3-d5ffe9b119a4" testName="TestGenerateMembersHistoric_From2010-01-01_WithMembersIdealAroundExistingMembersHistoricEndDate_WithoutExistingMembersHistoric" computerName="CZWWILLIAMRO1" duration="00:00:00.0200000" startTime="2018-10-19T16:43:33.0000000+01:00" endTime="2018-10-19T16:43:33.0000000+01:00" testType="13cdc9d9-ddb5-4fa4-a97d-d965ccfc6d4b" outcome="Passed" testListId="8c84fa94-04c1-424b-9868-57a2d4851a1d" relativeResultsDirectory="573af25e-4917-4a59-b71c-1d94ff065318" /><UnitTestResult executionId="3d651ba4-eeaa-4d4c-9749-0b9ce8212ea3" testId="45be6188-7054-48fc-9c88-f58f490d06cf" testName="TestGenerateMembersHistoric_WithRandomlyGeneratedInputs_RunManually" computerName="CZWWILLIAMRO1" duration="00:00:00.0010000" startTime="2018-10-19T16:43:34.0000000+01:00" endTime="2018-10-19T16:43:34.0000000+01:00" testType="13cdc9d9-ddb5-4fa4-a97d-d965ccfc6d4b" outcome="NotExecuted" testListId="8c84fa94-04c1-424b-9868-57a2d4851a1d" relativeResultsDirectory="3d651ba4-eeaa-4d4c-9749-0b9ce8212ea3" /><UnitTestResult executionId="9ef603f5-ca9d-4582-9b7c-2e05b41fa834" testId="ab39afb9-0650-4830-aabe-4532d63eb79b" testName="TestConjunctionOverlap" computerName="CZWWILLIAMRO1" duration="00:00:00.0000001" startTime="2018-10-19T16:42:36.0000000+01:00" endTime="2018-10-19T16:42:36.0000000+01:00" testType="13cdc9d9-ddb5-4fa4-a97d-d965ccfc6d4b" outcome="Passed" testListId="8c84fa94-04c1-424b-9868-57a2d4851a1d" relativeResultsDirectory="9ef603f5-ca9d-4582-9b7c-2e05b41fa834" /><UnitTestResult executionId="de9461d4-4e5b-4648-ba2a-58fddbf49170" testId="002e5800-8b9f-4913-a09a-621bd4b22770" testName="TestOutThenBackIn" computerName="CZWWILLIAMRO1" duration="00:00:00.0100000" startTime="2018-10-19T16:42:25.0000000+01:00" endTime="2018-10-19T16:42:25.0000000+01:00" testType="13cdc9d9-ddb5-4fa4-a97d-d965ccfc6d4b" outcome="Passed" testListId="8c84fa94-04c1-424b-9868-57a2d4851a1d" relativeResultsDirectory="de9461d4-4e5b-4648-ba2a-58fddbf49170" /><UnitTestResult executionId="c22a5ea1-92a7-4d92-9bef-451ff9af0f82" testId="f738e875-358b-48a0-bec1-b660f8503eeb" testName="TestMissingStock" computerName="CZWWILLIAMRO1" duration="00:00:00.0010000" startTime="2018-10-19T16:42:34.0000000+01:00" endTime="2018-10-19T16:42:34.0000000+01:00" testType="13cdc9d9-ddb5-4fa4-a97d-d965ccfc6d4b" outcome="Passed" testListId="8c84fa94-04c1-424b-9868-57a2d4851a1d" relativeResultsDirectory="c22a5ea1-92a7-4d92-9bef-451ff9af0f82" /><UnitTestResult executionId="9290d490-f5f6-418a-8165-0c7d4e9b29f4" testId="fc3779b6-8e77-43e2-bb2e-2d2bbfd981ac" testName="TestIsReleaseLocked_OnlyIfAllInPendingOrRequested_Cancelled" computerName="CZWWILLIAMRO1" duration="00:00:00.0170000" startTime="2018-10-19T16:42:52.0000000+01:00" endTime="2018-10-19T16:42:52.0000000+01:00" testType="13cdc9d9-ddb5-4fa4-a97d-d965ccfc6d4b" outcome="Passed" testListId="8c84fa94-04c1-424b-9868-57a2d4851a1d" relativeResultsDirectory="9290d490-f5f6-418a-8165-0c7d4e9b29f4" /><UnitTestResult executionId="ad333a7f-5bf0-4b31-9a89-f3b7aacd4fab" testId="b4ef9b46-0a03-40a5-914f-c697ca90a339" testName="TestIncludeWhenMeetsCriteria_OnlyConsiderTradingDays" computerName="CZWWILLIAMRO1" duration="00:00:00.0100000" startTime="2018-10-19T16:42:05.0000000+01:00" endTime="2018-10-19T16:42:05.0000000+01:00" testType="13cdc9d9-ddb5-4fa4-a97d-d965ccfc6d4b" outcome="Passed" testListId="8c84fa94-04c1-424b-9868-57a2d4851a1d" relativeResultsDirectory="ad333a7f-5bf0-4b31-9a89-f3b7aacd4fab" /><UnitTestResult executionId="09715f29-8e25-4f61-b749-2b4b84055075" testId="0cc7f81b-7140-4165-8b12-5af4e48b32c6" testName="TestDoNotSyncWhenEquityShortTerm(EquityLongTerm)" computerName="CZWWILLIAMRO1" duration="00:00:00.1560000" startTime="2018-10-19T16:43:10.0000000+01:00" endTime="2018-10-19T16:43:11.0000000+01:00" testType="13cdc9d9-ddb5-4fa4-a97d-d965ccfc6d4b" outcome="Passed" testListId="8c84fa94-04c1-424b-9868-57a2d4851a1d" relativeResultsDirectory="09715f29-8e25-4f61-b749-2b4b84055075" /><UnitTestResult executionId="d9c154ac-ccd4-4484-ad2f-3ecd92e831e5" testId="36331f54-7571-46a7-823c-99279de381c3" testName="Test_MultipleReasons" computerName="CZWWILLIAMRO1" duration="00:00:00.9500000" startTime="2018-10-19T16:42:49.0000000+01:00" endTime="2018-10-19T16:42:50.0000000+01:00" testType="13cdc9d9-ddb5-4fa4-a97d-d965ccfc6d4b" outcome="Passed" testListId="8c84fa94-04c1-424b-9868-57a2d4851a1d" relativeResultsDirectory="d9c154ac-ccd4-4484-ad2f-3ecd92e831e5" /><UnitTestResult executionId="5b2c4ca0-58c6-4e11-af1d-12b079c99812" testId="b769d9ea-7ddc-4879-b67c-f94e998d60c9" testName="TestIsEligibleForRelease_CancelledNotEligible" computerName="CZWWILLIAMRO1" duration="00:00:00.0170000" startTime="2018-10-19T16:42:51.0000000+01:00" endTime="2018-10-19T16:42:51.0000000+01:00" testType="13cdc9d9-ddb5-4fa4-a97d-d965ccfc6d4b" outcome="Passed" testListId="8c84fa94-04c1-424b-9868-57a2d4851a1d" relativeResultsDirectory="5b2c4ca0-58c6-4e11-af1d-12b079c99812" /><UnitTestResult executionId="f4b09899-5e07-4425-b139-14af4911e5ba" testId="aac4f854-8590-416e-b726-c84774cfe75b" testName="TestExactDates" computerName="CZWWILLIAMRO1" duration="00:00:00.0000001" startTime="2018-10-19T16:42:36.0000000+01:00" endTime="2018-10-19T16:42:36.0000000+01:00" testType="13cdc9d9-ddb5-4fa4-a97d-d965ccfc6d4b" outcome="Passed" testListId="8c84fa94-04c1-424b-9868-57a2d4851a1d" relativeResultsDirectory="f4b09899-5e07-4425-b139-14af4911e5ba" /><UnitTestResult executionId="4fea5c19-0c54-468c-92ec-f677dba8221a" testId="354299d1-8c02-4e9c-b5de-21cfcba587ef" testName="TestGenerateMembersHistoric_From2010-01-01_WithMembersIdealOnExistingMembersHistoricEndDate_WithExistingMembersHistoricEndingWithAnAdd" computerName="CZWWILLIAMRO1" duration="00:00:00.0440000" startTime="2018-10-19T16:43:33.0000000+01:00" endTime="2018-10-19T16:43:33.0000000+01:00" testType="13cdc9d9-ddb5-4fa4-a97d-d965ccfc6d4b" outcome="Passed" testListId="8c84fa94-04c1-424b-9868-57a2d4851a1d" relativeResultsDirectory="4fea5c19-0c54-468c-92ec-f677dba8221a" /><UnitTestResult executionId="0858a747-1ac5-4f81-b610-f416b0e2e1f8" testId="fa27fe3e-8747-42c3-80e0-228e2f09f1a7" testName="TestBucketMonthExclusionCoarse" computerName="CZWWILLIAMRO1" duration="00:00:00.0010000" startTime="2018-10-19T16:42:36.0000000+01:00" endTime="2018-10-19T16:42:36.0000000+01:00" testType="13cdc9d9-ddb5-4fa4-a97d-d965ccfc6d4b" outcome="Passed" testListId="8c84fa94-04c1-424b-9868-57a2d4851a1d" relativeResultsDirectory="0858a747-1ac5-4f81-b610-f416b0e2e1f8" /><UnitTestResult executionId="3c8f73b3-7696-4b49-ab81-3d3b19493c06" testId="c4c9d130-7e05-4a47-8fae-d8231a3d37c3" testName="TestWithTargetAnnouncement_WayBeforeStart_Pending" computerName="CZWWILLIAMRO1" duration="00:00:00.0160000" startTime="2018-10-19T16:42:24.0000000+01:00" endTime="2018-10-19T16:42:24.0000000+01:00" testType="13cdc9d9-ddb5-4fa4-a97d-d965ccfc6d4b" outcome="Passed" testListId="8c84fa94-04c1-424b-9868-57a2d4851a1d" relativeResultsDirectory="3c8f73b3-7696-4b49-ab81-3d3b19493c06" /><UnitTestResult executionId="264ab6bc-d5b1-4220-ad60-bc08d11ad917" testId="95a24366-2bfb-43d5-86fc-ae7129bf1fec" testName="TestEnumerableRange_FromIsTo_AfterStart" computerName="CZWWILLIAMRO1" duration="00:00:00.0000001" startTime="2018-10-19T16:42:36.0000000+01:00" endTime="2018-10-19T16:42:36.0000000+01:00" testType="13cdc9d9-ddb5-4fa4-a97d-d965ccfc6d4b" outcome="Passed" testListId="8c84fa94-04c1-424b-9868-57a2d4851a1d" relativeResultsDirectory="264ab6bc-d5b1-4220-ad60-bc08d11ad917" /><UnitTestResult executionId="6f0e791d-7e3c-411c-b0af-af56efa625e5" testId="03989ee5-0b80-405f-8317-c7590f182079" testName="TestReportPartialExclusion" computerName="CZWWILLIAMRO1" duration="00:00:00.0010000" startTime="2018-10-19T16:42:11.0000000+01:00" endTime="2018-10-19T16:42:11.0000000+01:00" testType="13cdc9d9-ddb5-4fa4-a97d-d965ccfc6d4b" outcome="Passed" testListId="8c84fa94-04c1-424b-9868-57a2d4851a1d" relativeResultsDirectory="6f0e791d-7e3c-411c-b0af-af56efa625e5" /><UnitTestResult executionId="8a3e0e8c-702e-427d-be91-148b16c2c91a" testId="2950c7b0-9bb5-4c1f-909a-69fe0832d0a1" testName="TestNotIncludedInIdeal" computerName="CZWWILLIAMRO1" duration="00:00:00.0340000" startTime="2018-10-19T16:43:16.0000000+01:00" endTime="2018-10-19T16:43:16.0000000+01:00" testType="13cdc9d9-ddb5-4fa4-a97d-d965ccfc6d4b" outcome="Passed" testListId="8c84fa94-04c1-424b-9868-57a2d4851a1d" relativeResultsDirectory="8a3e0e8c-702e-427d-be91-148b16c2c91a" /><UnitTestResult executionId="3aae7639-26be-41b3-b2f0-dd76609c9596" testId="b44a75bf-fd95-491e-956a-f009463460b8" testName="TestSyntheticFuturesReasonsReader" computerName="CZWWILLIAMRO1" duration="00:00:00.0270000" startTime="2018-10-19T16:43:36.0000000+01:00" endTime="2018-10-19T16:43:37.0000000+01:00" testType="13cdc9d9-ddb5-4fa4-a97d-d965ccfc6d4b" outcome="Passed" testListId="8c84fa94-04c1-424b-9868-57a2d4851a1d" relativeResultsDirectory="3aae7639-26be-41b3-b2f0-dd76609c9596" /><UnitTestResult executionId="b427496b-3414-4405-999c-2d65b84f69b8" testId="c5282521-fe0e-4292-b8e7-f27fca90bec0" testName="TestTqpsup1409" computerName="CZWWILLIAMRO1" duration="00:00:00.0150000" startTime="2018-10-19T16:42:52.0000000+01:00" endTime="2018-10-19T16:42:52.0000000+01:00" testType="13cdc9d9-ddb5-4fa4-a97d-d965ccfc6d4b" outcome="Passed" testListId="8c84fa94-04c1-424b-9868-57a2d4851a1d" relativeResultsDirectory="b427496b-3414-4405-999c-2d65b84f69b8" /><UnitTestResult executionId="df3d8358-05ce-4fc7-9e98-a311d77ffee2" testId="dc31a652-7510-4af6-b923-888b7dff21e7" testName="TestOldKick" computerName="CZWWILLIAMRO1" duration="00:00:00.0030000" startTime="2018-10-19T16:42:36.0000000+01:00" endTime="2018-10-19T16:42:36.0000000+01:00" testType="13cdc9d9-ddb5-4fa4-a97d-d965ccfc6d4b" outcome="Passed" testListId="8c84fa94-04c1-424b-9868-57a2d4851a1d" relativeResultsDirectory="df3d8358-05ce-4fc7-9e98-a311d77ffee2" /><UnitTestResult executionId="3bf4cfd6-8a25-4d11-b041-8d28cc09b618" testId="413f1d11-9e4e-45d2-99d8-7f269274e524" testName="TestWithTargetAnnouncement_AfterEnd_Pending" computerName="CZWWILLIAMRO1" duration="00:00:00.0010000" startTime="2018-10-19T16:42:24.0000000+01:00" endTime="2018-10-19T16:42:24.0000000+01:00" testType="13cdc9d9-ddb5-4fa4-a97d-d965ccfc6d4b" outcome="Passed" testListId="8c84fa94-04c1-424b-9868-57a2d4851a1d" relativeResultsDirectory="3bf4cfd6-8a25-4d11-b041-8d28cc09b618" /><UnitTestResult executionId="3871f24c-0a7b-478c-8c32-cf2c7b679bb8" testId="e92b4d71-f1a8-4771-8ffe-8056592e39c0" testName="TestExtendTo_Included" computerName="CZWWILLIAMRO1" duration="00:00:00.0010000" startTime="2018-10-19T16:42:36.0000000+01:00" endTime="2018-10-19T16:42:36.0000000+01:00" testType="13cdc9d9-ddb5-4fa4-a97d-d965ccfc6d4b" outcome="Passed" testListId="8c84fa94-04c1-424b-9868-57a2d4851a1d" relativeResultsDirectory="3871f24c-0a7b-478c-8c32-cf2c7b679bb8" /><UnitTestResult executionId="76930d80-82c1-4866-9341-e59c0aac9047" testId="30ee5750-2f16-49d2-9914-0f2f96bb2d17" testName="TestStockWithCurrencyAndExchange" computerName="CZWWILLIAMRO1" duration="00:00:01.0920000" startTime="2018-10-19T16:42:22.0000000+01:00" endTime="2018-10-19T16:42:23.0000000+01:00" testType="13cdc9d9-ddb5-4fa4-a97d-d965ccfc6d4b" outcome="Passed" testListId="8c84fa94-04c1-424b-9868-57a2d4851a1d" relativeResultsDirectory="76930d80-82c1-4866-9341-e59c0aac9047" /><UnitTestResult executionId="b44b5966-9f9a-4e06-938b-0f3508532cde" testId="0cf42bcd-f003-437f-8bc1-dcc630c5c2ec" testName="TestGenerateMembersHistoric_From2018-01-01_WithMembersIdealAfterExistingMembersHistoricEndDate_WithExistingMembersHistoricEndingWithAnAdd" computerName="CZWWILLIAMRO1" duration="00:00:00.0300000" startTime="2018-10-19T16:43:33.0000000+01:00" endTime="2018-10-19T16:43:33.0000000+01:00" testType="13cdc9d9-ddb5-4fa4-a97d-d965ccfc6d4b" outcome="Passed" testListId="8c84fa94-04c1-424b-9868-57a2d4851a1d" relativeResultsDirectory="b44b5966-9f9a-4e06-938b-0f3508532cde" /><UnitTestResult executionId="2d6bd498-33f6-4c3d-bcdb-c955a7084e23" testId="634b214a-28f4-4e23-87e0-6fad8a451f2a" testName="TestOnlySupportPanGaea" computerName="CZWWILLIAMRO1" duration="00:00:00.0420000" startTime="2018-10-19T16:43:11.0000000+01:00" endTime="2018-10-19T16:43:11.0000000+01:00" testType="13cdc9d9-ddb5-4fa4-a97d-d965ccfc6d4b" outcome="Passed" testListId="8c84fa94-04c1-424b-9868-57a2d4851a1d" relativeResultsDirectory="2d6bd498-33f6-4c3d-bcdb-c955a7084e23" /><UnitTestResult executionId="9b7e19f4-a6e2-41cd-8430-8666122fa4bd" testId="8a8c2449-a9e2-4a03-8dd5-2c6b0c5cf696" testName="TestCreateUniverseEntries_MemberPreset" computerName="CZWWILLIAMRO1" duration="00:00:00.0030000" startTime="2018-10-19T16:42:36.0000000+01:00" endTime="2018-10-19T16:42:36.0000000+01:00" testType="13cdc9d9-ddb5-4fa4-a97d-d965ccfc6d4b" outcome="Passed" testListId="8c84fa94-04c1-424b-9868-57a2d4851a1d" relativeResultsDirectory="9b7e19f4-a6e2-41cd-8430-8666122fa4bd" /><UnitTestResult executionId="a97b12cb-8f60-4da6-9948-a222dedb3070" testId="7257f937-0f93-4b1b-a5d1-4985058d51f3" testName="TestLiveMembersIdeal" computerName="CZWWILLIAMRO1" duration="00:00:00.0010000" startTime="2018-10-19T16:42:50.0000000+01:00" endTime="2018-10-19T16:42:50.0000000+01:00" testType="13cdc9d9-ddb5-4fa4-a97d-d965ccfc6d4b" outcome="Passed" testListId="8c84fa94-04c1-424b-9868-57a2d4851a1d" relativeResultsDirectory="a97b12cb-8f60-4da6-9948-a222dedb3070" /><UnitTestResult executionId="9029e6a6-999a-4ba3-87b4-2675b0179d19" testId="17acc1dc-16dd-4026-beff-89f2cdc5d39f" testName="TestNoDiffAllExcluded" computerName="CZWWILLIAMRO1" duration="00:00:00.0000001" startTime="2018-10-19T16:42:36.0000000+01:00" endTime="2018-10-19T16:42:36.0000000+01:00" testType="13cdc9d9-ddb5-4fa4-a97d-d965ccfc6d4b" outcome="Passed" testListId="8c84fa94-04c1-424b-9868-57a2d4851a1d" relativeResultsDirectory="9029e6a6-999a-4ba3-87b4-2675b0179d19" /><UnitTestResult executionId="428d0639-8f91-4f55-8ba8-3ae759ace608" testId="d95ad4f0-7dd8-4db9-9d3e-88f78566c13c" testName="TestStockWithCurrencyExchangeCalendarAndDeathDate" computerName="CZWWILLIAMRO1" duration="00:00:00.0040000" startTime="2018-10-19T16:42:23.0000000+01:00" endTime="2018-10-19T16:42:23.0000000+01:00" testType="13cdc9d9-ddb5-4fa4-a97d-d965ccfc6d4b" outcome="Passed" testListId="8c84fa94-04c1-424b-9868-57a2d4851a1d" relativeResultsDirectory="428d0639-8f91-4f55-8ba8-3ae759ace608" /><UnitTestResult executionId="dc3741c3-afb1-4bf5-91c7-56524cb47a23" testId="3d3b295f-5340-47e2-a5af-d00df2131530" testName="TestAddition" computerName="CZWWILLIAMRO1" duration="00:00:00.0640000" startTime="2018-10-19T16:42:36.0000000+01:00" endTime="2018-10-19T16:42:36.0000000+01:00" testType="13cdc9d9-ddb5-4fa4-a97d-d965ccfc6d4b" outcome="Passed" testListId="8c84fa94-04c1-424b-9868-57a2d4851a1d" relativeResultsDirectory="dc3741c3-afb1-4bf5-91c7-56524cb47a23" /><UnitTestResult executionId="fc0df653-0247-41db-bade-f273fc53d6d9" testId="bb873e50-83b1-4f41-8387-714bc9a13a8d" testName="TestGenerateMembersHistoric_From0001-01-01_WithMembersIdealAfterExistingMembersHistoricEndDate_WithEmptyExistingMembersHistoric" computerName="CZWWILLIAMRO1" duration="00:00:00.0250000" startTime="2018-10-19T16:43:32.0000000+01:00" endTime="2018-10-19T16:43:32.0000000+01:00" testType="13cdc9d9-ddb5-4fa4-a97d-d965ccfc6d4b" outcome="Passed" testListId="8c84fa94-04c1-424b-9868-57a2d4851a1d" relativeResultsDirectory="fc0df653-0247-41db-bade-f273fc53d6d9" /><UnitTestResult executionId="66e09956-466e-4847-a37d-a4c1a42f1c1d" testId="65ea12e1-1e1b-44ce-bc15-3bd937a3e824" testName="TestGenerateMembersHistoric_From2018-01-01_WithMembersIdealAfterExistingMembersHistoricEndDate_WithEmptyExistingMembersHistoric" computerName="CZWWILLIAMRO1" duration="00:00:00.0230000" startTime="2018-10-19T16:43:33.0000000+01:00" endTime="2018-10-19T16:43:34.0000000+01:00" testType="13cdc9d9-ddb5-4fa4-a97d-d965ccfc6d4b" outcome="Passed" testListId="8c84fa94-04c1-424b-9868-57a2d4851a1d" relativeResultsDirectory="66e09956-466e-4847-a37d-a4c1a42f1c1d" /><UnitTestResult executionId="6db7c8b6-97e1-465b-8764-a38b0ddeb445" testId="c14480f5-8dfd-46eb-ac1d-9c81a2e0b316" testName="TestNoData" computerName="CZWWILLIAMRO1" duration="00:00:00.0000001" startTime="2018-10-19T16:42:07.0000000+01:00" endTime="2018-10-19T16:42:07.0000000+01:00" testType="13cdc9d9-ddb5-4fa4-a97d-d965ccfc6d4b" outcome="Passed" testListId="8c84fa94-04c1-424b-9868-57a2d4851a1d" relativeResultsDirectory="6db7c8b6-97e1-465b-8764-a38b0ddeb445" /><UnitTestResult executionId="375ef6b4-e271-486a-822b-298f1bfe2eab" testId="615e6f1b-9b27-4202-8033-21028f6ef6ff" testName="TestOutThenInThenOutAgain" computerName="CZWWILLIAMRO1" duration="00:00:00.0210000" startTime="2018-10-19T16:42:20.0000000+01:00" endTime="2018-10-19T16:42:20.0000000+01:00" testType="13cdc9d9-ddb5-4fa4-a97d-d965ccfc6d4b" outcome="Passed" testListId="8c84fa94-04c1-424b-9868-57a2d4851a1d" relativeResultsDirectory="375ef6b4-e271-486a-822b-298f1bfe2eab" /><UnitTestResult executionId="a1d00b8d-a032-4f2d-8138-e7bafc142477" testId="b1923fb8-f5c2-4f08-9b7c-6ef6474df0af" testName="TestFilterWhereUnderlyingFutureIsPresent" computerName="CZWWILLIAMRO1" duration="00:00:00.0060000" startTime="2018-10-19T16:42:37.0000000+01:00" endTime="2018-10-19T16:42:37.0000000+01:00" testType="13cdc9d9-ddb5-4fa4-a97d-d965ccfc6d4b" outcome="Passed" testListId="8c84fa94-04c1-424b-9868-57a2d4851a1d" relativeResultsDirectory="a1d00b8d-a032-4f2d-8138-e7bafc142477" /><UnitTestResult executionId="d4a784d3-42d4-47d0-a3e0-0fde483c92e9" testId="cd079052-55ff-49c6-9a3b-68172e1c2a75" testName="TestMultipleFutureContracts" computerName="CZWWILLIAMRO1" duration="00:00:00.0000001" startTime="2018-10-19T16:42:04.0000000+01:00" endTime="2018-10-19T16:42:04.0000000+01:00" testType="13cdc9d9-ddb5-4fa4-a97d-d965ccfc6d4b" outcome="Passed" testListId="8c84fa94-04c1-424b-9868-57a2d4851a1d" relativeResultsDirectory="d4a784d3-42d4-47d0-a3e0-0fde483c92e9" /><UnitTestResult executionId="1d6378f8-041c-4e51-9a0b-2129ceb36dd4" testId="224caf94-b764-4624-8915-fc306e575f31" testName="TestWithTargetAnnouncement_OverlapEndPeriod_Pending" computerName="CZWWILLIAMRO1" duration="00:00:00.0140000" startTime="2018-10-19T16:42:24.0000000+01:00" endTime="2018-10-19T16:42:24.0000000+01:00" testType="13cdc9d9-ddb5-4fa4-a97d-d965ccfc6d4b" outcome="Passed" testListId="8c84fa94-04c1-424b-9868-57a2d4851a1d" relativeResultsDirectory="1d6378f8-041c-4e51-9a0b-2129ceb36dd4" /><UnitTestResult executionId="01fd21df-271e-46aa-84e9-0982c001ccae" testId="11c5e09d-e265-41d5-a5db-9b29e60e2014" testName="TestReason" computerName="CZWWILLIAMRO1" duration="00:00:00.0020000" startTime="2018-10-19T16:42:01.0000000+01:00" endTime="2018-10-19T16:42:01.0000000+01:00" testType="13cdc9d9-ddb5-4fa4-a97d-d965ccfc6d4b" outcome="Passed" testListId="8c84fa94-04c1-424b-9868-57a2d4851a1d" relativeResultsDirectory="01fd21df-271e-46aa-84e9-0982c001ccae" /><UnitTestResult executionId="582fd2af-1d55-48c0-9729-08bbafe49bb7" testId="963e9117-4214-4422-b350-53b0a33d5803" testName="TestSendLockedUniverseEmailIfNeeded_DoNotSend_ForceGenerate" computerName="CZWWILLIAMRO1" duration="00:00:00.0260000" startTime="2018-10-19T16:41:57.0000000+01:00" endTime="2018-10-19T16:41:57.0000000+01:00" testType="13cdc9d9-ddb5-4fa4-a97d-d965ccfc6d4b" outcome="Passed" testListId="8c84fa94-04c1-424b-9868-57a2d4851a1d" relativeResultsDirectory="582fd2af-1d55-48c0-9729-08bbafe49bb7" /><UnitTestResult executionId="dc94c04d-bc1a-489c-8ac4-ce09c67eb07f" testId="0c13ae64-9aea-4614-b040-a50a8a6f2468" testName="TestGenerateMembersHistoric_From2018-01-01_WithEmptyMembersIdeal_WithoutExistingMembersHistoric" computerName="CZWWILLIAMRO1" duration="00:00:00.0200000" startTime="2018-10-19T16:43:33.0000000+01:00" endTime="2018-10-19T16:43:33.0000000+01:00" testType="13cdc9d9-ddb5-4fa4-a97d-d965ccfc6d4b" outcome="Passed" testListId="8c84fa94-04c1-424b-9868-57a2d4851a1d" relativeResultsDirectory="dc94c04d-bc1a-489c-8ac4-ce09c67eb07f" /><UnitTestResult executionId="66b9f5d8-db93-4873-a441-acc75fc017d2" testId="bf11b396-0f83-4d41-b5da-f2842c3d3096" testName="TestDefaultPriceThreshold" computerName="CZWWILLIAMRO1" duration="00:00:00.0010000" startTime="2018-10-19T16:43:36.0000000+01:00" endTime="2018-10-19T16:43:36.0000000+01:00" testType="13cdc9d9-ddb5-4fa4-a97d-d965ccfc6d4b" outcome="Passed" testListId="8c84fa94-04c1-424b-9868-57a2d4851a1d" relativeResultsDirectory="66b9f5d8-db93-4873-a441-acc75fc017d2" /><UnitTestResult executionId="d64e92e6-e821-438a-8334-aa0bf1be3fc7" testId="21993806-110e-4772-aa4a-17dc67881c7b" testName="TestIgnoredSecurityTypes" computerName="CZWWILLIAMRO1" duration="00:00:00.0320000" startTime="2018-10-19T16:43:36.0000000+01:00" endTime="2018-10-19T16:43:36.0000000+01:00" testType="13cdc9d9-ddb5-4fa4-a97d-d965ccfc6d4b" outcome="Passed" testListId="8c84fa94-04c1-424b-9868-57a2d4851a1d" relativeResultsDirectory="d64e92e6-e821-438a-8334-aa0bf1be3fc7" /><UnitTestResult executionId="5b7ab0d0-ed3a-4149-9f1a-7cebb53797f3" testId="9f070abd-fea9-4d05-b3ac-6611f78bb53d" testName="TestCount" computerName="CZWWILLIAMRO1" duration="00:00:00.0010000" startTime="2018-10-19T16:42:36.0000000+01:00" endTime="2018-10-19T16:42:36.0000000+01:00" testType="13cdc9d9-ddb5-4fa4-a97d-d965ccfc6d4b" outcome="Passed" testListId="8c84fa94-04c1-424b-9868-57a2d4851a1d" relativeResultsDirectory="5b7ab0d0-ed3a-4149-9f1a-7cebb53797f3" /><UnitTestResult executionId="7a6ce4f5-58ac-4ef6-b3d1-7ba5d0cecdfd" testId="27f849a7-2a49-4a67-9adc-e06bbe3fcd63" testName="TestSupportedCurrencies_ReadFromPending" computerName="CZWWILLIAMRO1" duration="00:00:00.0290000" startTime="2018-10-19T16:43:36.0000000+01:00" endTime="2018-10-19T16:43:36.0000000+01:00" testType="13cdc9d9-ddb5-4fa4-a97d-d965ccfc6d4b" outcome="Passed" testListId="8c84fa94-04c1-424b-9868-57a2d4851a1d" relativeResultsDirectory="7a6ce4f5-58ac-4ef6-b3d1-7ba5d0cecdfd" /><UnitTestResult executionId="22d7f204-8c5b-44ed-8b5b-2c4cece805fb" testId="adc815ec-17a2-4be2-9a98-9c08f41b17b0" testName="TestFetchStocks_OnlyValidExchanges" computerName="CZWWILLIAMRO1" duration="00:00:00.0040000" startTime="2018-10-19T16:43:39.0000000+01:00" endTime="2018-10-19T16:43:39.0000000+01:00" testType="13cdc9d9-ddb5-4fa4-a97d-d965ccfc6d4b" outcome="Passed" testListId="8c84fa94-04c1-424b-9868-57a2d4851a1d" relativeResultsDirectory="22d7f204-8c5b-44ed-8b5b-2c4cece805fb" /><UnitTestResult executionId="ddd4c24b-cab5-41cf-920e-e387d97ea571" testId="e5629e17-ade6-411e-99b8-d5d10eb7d8a3" testName="TestRemoveDead_OnStart" computerName="CZWWILLIAMRO1" duration="00:00:00.0310000" startTime="2018-10-19T16:42:14.0000000+01:00" endTime="2018-10-19T16:42:14.0000000+01:00" testType="13cdc9d9-ddb5-4fa4-a97d-d965ccfc6d4b" outcome="Passed" testListId="8c84fa94-04c1-424b-9868-57a2d4851a1d" relativeResultsDirectory="ddd4c24b-cab5-41cf-920e-e387d97ea571" /><UnitTestResult executionId="1460c614-4d05-41fd-8a1b-6448f718aea0" testId="2d7a276d-5dcd-4299-9f22-bf36c2798d6d" testName="TestDiff_DifferentEndDates_PropagateInclusion" computerName="CZWWILLIAMRO1" duration="00:00:00.0010000" startTime="2018-10-19T16:42:36.0000000+01:00" endTime="2018-10-19T16:42:36.0000000+01:00" testType="13cdc9d9-ddb5-4fa4-a97d-d965ccfc6d4b" outcome="Passed" testListId="8c84fa94-04c1-424b-9868-57a2d4851a1d" relativeResultsDirectory="1460c614-4d05-41fd-8a1b-6448f718aea0" /><UnitTestResult executionId="609cd329-54dd-4659-b12e-316e43cae1cd" testId="6fd6c70b-ca93-44f8-9a70-f2222d7e6a15" testName="TestGenerateMembersHistoric_From2010-01-01_WithEmptyMembersIdeal_WithEmptyExistingMembersHistoric" computerName="CZWWILLIAMRO1" duration="00:00:00.0180000" startTime="2018-10-19T16:43:33.0000000+01:00" endTime="2018-10-19T16:43:33.0000000+01:00" testType="13cdc9d9-ddb5-4fa4-a97d-d965ccfc6d4b" outcome="Passed" testListId="8c84fa94-04c1-424b-9868-57a2d4851a1d" relativeResultsDirectory="609cd329-54dd-4659-b12e-316e43cae1cd" /><UnitTestResult executionId="29af1d7b-6c85-4921-8486-ad0b59c5afc3" testId="cb0131a0-fcd8-4a3c-8701-40a7eaa109e9" testName="TestDiffs" computerName="CZWWILLIAMRO1" duration="00:00:02.6810000" startTime="2018-10-19T16:41:46.0000000+01:00" endTime="2018-10-19T16:41:49.0000000+01:00" testType="13cdc9d9-ddb5-4fa4-a97d-d965ccfc6d4b" outcome="Passed" testListId="8c84fa94-04c1-424b-9868-57a2d4851a1d" relativeResultsDirectory="29af1d7b-6c85-4921-8486-ad0b59c5afc3" /><UnitTestResult executionId="2533599f-0c3c-4bb6-a9bb-196f65ba9425" testId="bd8095ce-ffc9-4c10-bca4-e0f9f8092a33" testName="TestSyncUniverse_SyncSyntheticFuturesIfRequired" computerName="CZWWILLIAMRO1" duration="00:00:00.0460000" startTime="2018-10-19T16:43:15.0000000+01:00" endTime="2018-10-19T16:43:15.0000000+01:00" testType="13cdc9d9-ddb5-4fa4-a97d-d965ccfc6d4b" outcome="Passed" testListId="8c84fa94-04c1-424b-9868-57a2d4851a1d" relativeResultsDirectory="2533599f-0c3c-4bb6-a9bb-196f65ba9425" /><UnitTestResult executionId="2b22d584-f147-483e-9eb5-ec9b5799bdc2" testId="7e2a140d-f3d0-49b1-9250-8a2f3df22697" testName="TestIsReleaseLocked_OnlyIfAllInPendingOrRequested_Approved" computerName="CZWWILLIAMRO1" duration="00:00:00.0170000" startTime="2018-10-19T16:42:52.0000000+01:00" endTime="2018-10-19T16:42:52.0000000+01:00" testType="13cdc9d9-ddb5-4fa4-a97d-d965ccfc6d4b" outcome="Passed" testListId="8c84fa94-04c1-424b-9868-57a2d4851a1d" relativeResultsDirectory="2b22d584-f147-483e-9eb5-ec9b5799bdc2" /><UnitTestResult executionId="5161e160-8636-42b0-8635-a27b2429c6c8" testId="53b31b79-6fc5-498f-a300-b4c710eadfcc" testName="TestGenerateMembersHistoric_From0001-01-01_WithFullMembersIdeal_WithExistingMembersHistoricEndingWithAnAdd" computerName="CZWWILLIAMRO1" duration="00:00:00.0260000" startTime="2018-10-19T16:43:32.0000000+01:00" endTime="2018-10-19T16:43:32.0000000+01:00" testType="13cdc9d9-ddb5-4fa4-a97d-d965ccfc6d4b" outcome="Passed" testListId="8c84fa94-04c1-424b-9868-57a2d4851a1d" relativeResultsDirectory="5161e160-8636-42b0-8635-a27b2429c6c8" /><UnitTestResult executionId="83bd9972-d38d-44d1-94e9-a2c8878957a2" testId="955d645c-b09b-4e96-8175-07c203d707b1" testName="TestRemoveNotMatchingEntriesWritingCollection" computerName="CZWWILLIAMRO1" duration="00:00:03.8450000" startTime="2018-10-19T16:42:53.0000000+01:00" endTime="2018-10-19T16:42:57.0000000+01:00" testType="13cdc9d9-ddb5-4fa4-a97d-d965ccfc6d4b" outcome="Passed" testListId="8c84fa94-04c1-424b-9868-57a2d4851a1d" relativeResultsDirectory="83bd9972-d38d-44d1-94e9-a2c8878957a2" /><UnitTestResult executionId="2bfd3401-1e39-4448-927d-8d5c34ef39b3" testId="68f7ff3d-f4eb-4776-8c21-6f1d0a9fa657" testName="TestMultipleReasons_Mixed" computerName="CZWWILLIAMRO1" duration="00:00:00.0000001" startTime="2018-10-19T16:42:36.0000000+01:00" endTime="2018-10-19T16:42:36.0000000+01:00" testType="13cdc9d9-ddb5-4fa4-a97d-d965ccfc6d4b" outcome="Passed" testListId="8c84fa94-04c1-424b-9868-57a2d4851a1d" relativeResultsDirectory="2bfd3401-1e39-4448-927d-8d5c34ef39b3" /><UnitTestResult executionId="21c487a4-a6b4-43b0-93a5-adaeb2f6c845" testId="e8343d39-bba8-41cb-869e-e0178fdb9211" testName="TestExcludeIfRicIndicatesDuplicate" computerName="CZWWILLIAMRO1" duration="00:00:00.0210000" startTime="2018-10-19T16:42:29.0000000+01:00" endTime="2018-10-19T16:42:29.0000000+01:00" testType="13cdc9d9-ddb5-4fa4-a97d-d965ccfc6d4b" outcome="Passed" testListId="8c84fa94-04c1-424b-9868-57a2d4851a1d" relativeResultsDirectory="21c487a4-a6b4-43b0-93a5-adaeb2f6c845" /><UnitTestResult executionId="1a204c5b-8115-4f57-9fba-f898dc574683" testId="094d552b-604f-49eb-9210-6574e785d440" testName="TestEnumerableRange_FromIsTo_OnEnd" computerName="CZWWILLIAMRO1" duration="00:00:00.0000001" startTime="2018-10-19T16:42:36.0000000+01:00" endTime="2018-10-19T16:42:36.0000000+01:00" testType="13cdc9d9-ddb5-4fa4-a97d-d965ccfc6d4b" outcome="Passed" testListId="8c84fa94-04c1-424b-9868-57a2d4851a1d" relativeResultsDirectory="1a204c5b-8115-4f57-9fba-f898dc574683" /><UnitTestResult executionId="1114e88b-7350-42c5-8cb4-e67ae804d528" testId="bb9b11b7-e7d2-4600-9da4-47cecc71e3db" testName="TestNotFilterFor_NoExchangeSegmentCode" computerName="CZWWILLIAMRO1" duration="00:00:00.0010000" startTime="2018-10-19T16:42:16.0000000+01:00" endTime="2018-10-19T16:42:16.0000000+01:00" testType="13cdc9d9-ddb5-4fa4-a97d-d965ccfc6d4b" outcome="Passed" testListId="8c84fa94-04c1-424b-9868-57a2d4851a1d" relativeResultsDirectory="1114e88b-7350-42c5-8cb4-e67ae804d528" /><UnitTestResult executionId="ffc6979e-6d5e-4c8f-8880-f9643fe55608" testId="be6724f4-f5f8-4ce1-9316-6ba5426159e4" testName="TestStockNotInMembers" computerName="CZWWILLIAMRO1" duration="00:00:00.0100000" startTime="2018-10-19T16:42:09.0000000+01:00" endTime="2018-10-19T16:42:09.0000000+01:00" testType="13cdc9d9-ddb5-4fa4-a97d-d965ccfc6d4b" outcome="Passed" testListId="8c84fa94-04c1-424b-9868-57a2d4851a1d" relativeResultsDirectory="ffc6979e-6d5e-4c8f-8880-f9643fe55608" /><UnitTestResult executionId="3ec83e91-2561-4c11-b75d-9f183e39c74a" testId="451be30e-d71a-4f8e-82a5-7c9d2b412e74" testName="TestDifferentReason" computerName="CZWWILLIAMRO1" duration="00:00:00.0000001" startTime="2018-10-19T16:42:36.0000000+01:00" endTime="2018-10-19T16:42:36.0000000+01:00" testType="13cdc9d9-ddb5-4fa4-a97d-d965ccfc6d4b" outcome="Passed" testListId="8c84fa94-04c1-424b-9868-57a2d4851a1d" relativeResultsDirectory="3ec83e91-2561-4c11-b75d-9f183e39c74a" /><UnitTestResult executionId="dac9a8fa-e2db-4f5d-a3e3-111454bc53ea" testId="0be0ac54-3ff7-4e62-8f75-dcc5ce84a61b" testName="TestFilterWhereUnderlyingFuturesUnderlyingObjectIsMissing" computerName="CZWWILLIAMRO1" duration="00:00:00.0090000" startTime="2018-10-19T16:42:43.0000000+01:00" endTime="2018-10-19T16:42:43.0000000+01:00" testType="13cdc9d9-ddb5-4fa4-a97d-d965ccfc6d4b" outcome="Passed" testListId="8c84fa94-04c1-424b-9868-57a2d4851a1d" relativeResultsDirectory="dac9a8fa-e2db-4f5d-a3e3-111454bc53ea" /><UnitTestResult executionId="ccc058ec-0ecf-4cca-8e8d-94a472e599bb" testId="22759717-1692-4e04-9534-5a55b8a4260a" testName="TestReasons_AllIncluded" computerName="CZWWILLIAMRO1" duration="00:00:00.0010000" startTime="2018-10-19T16:42:36.0000000+01:00" endTime="2018-10-19T16:42:36.0000000+01:00" testType="13cdc9d9-ddb5-4fa4-a97d-d965ccfc6d4b" outcome="Passed" testListId="8c84fa94-04c1-424b-9868-57a2d4851a1d" relativeResultsDirectory="ccc058ec-0ecf-4cca-8e8d-94a472e599bb" /><UnitTestResult executionId="23c9e605-915d-438f-b494-caea16fe6360" testId="cf9d2dc1-9cae-46f1-84b2-40a0ec614437" testName="TestNoDiffs_AllMatchEmpty" computerName="CZWWILLIAMRO1" duration="00:00:00.1220000" startTime="2018-10-19T16:41:49.0000000+01:00" endTime="2018-10-19T16:41:49.0000000+01:00" testType="13cdc9d9-ddb5-4fa4-a97d-d965ccfc6d4b" outcome="Passed" testListId="8c84fa94-04c1-424b-9868-57a2d4851a1d" relativeResultsDirectory="23c9e605-915d-438f-b494-caea16fe6360" /><UnitTestResult executionId="8cd600c1-9ff2-46af-a5c5-0d5ab78c689c" testId="9d8a3d9d-db45-484f-ade8-5ca4485d5fed" testName="TestExcludeSaturday" computerName="CZWWILLIAMRO1" duration="00:00:00.0050000" startTime="2018-10-19T16:42:27.0000000+01:00" endTime="2018-10-19T16:42:27.0000000+01:00" testType="13cdc9d9-ddb5-4fa4-a97d-d965ccfc6d4b" outcome="Passed" testListId="8c84fa94-04c1-424b-9868-57a2d4851a1d" relativeResultsDirectory="8cd600c1-9ff2-46af-a5c5-0d5ab78c689c" /><UnitTestResult executionId="07566d04-12a0-47bc-b01d-c3bdcf0efe45" testId="b32d8284-614b-4106-ab6b-11dda6278ba6" testName="TestCreateUniverseEntries_Mixed" computerName="CZWWILLIAMRO1" duration="00:00:00.0030000" startTime="2018-10-19T16:42:36.0000000+01:00" endTime="2018-10-19T16:42:36.0000000+01:00" testType="13cdc9d9-ddb5-4fa4-a97d-d965ccfc6d4b" outcome="Passed" testListId="8c84fa94-04c1-424b-9868-57a2d4851a1d" relativeResultsDirectory="07566d04-12a0-47bc-b01d-c3bdcf0efe45" /><UnitTestResult executionId="148a4a17-b014-4c8b-b2aa-94b74b35196f" testId="9a9e17d8-3f10-48e8-93d4-290a057f13ec" testName="TestMembersRealDiff" computerName="CZWWILLIAMRO1" duration="00:00:00.1110000" startTime="2018-10-19T16:43:29.0000000+01:00" endTime="2018-10-19T16:43:30.0000000+01:00" testType="13cdc9d9-ddb5-4fa4-a97d-d965ccfc6d4b" outcome="Passed" testListId="8c84fa94-04c1-424b-9868-57a2d4851a1d" relativeResultsDirectory="148a4a17-b014-4c8b-b2aa-94b74b35196f" /><UnitTestResult executionId="170dd579-b5fd-4742-8a47-3cf5a1877faa" testId="3b0d58e4-c8c0-44b3-a588-32c4e02fb5c7" testName="TestMembersReasonsPendingReader" computerName="CZWWILLIAMRO1" duration="00:00:00.0240000" startTime="2018-10-19T16:43:36.0000000+01:00" endTime="2018-10-19T16:43:36.0000000+01:00" testType="13cdc9d9-ddb5-4fa4-a97d-d965ccfc6d4b" outcome="Passed" testListId="8c84fa94-04c1-424b-9868-57a2d4851a1d" relativeResultsDirectory="170dd579-b5fd-4742-8a47-3cf5a1877faa" /><UnitTestResult executionId="b217dbf4-bce5-4507-a50d-f5878ca3e7cc" testId="db31b305-7f1d-4553-a32e-fb549977e4cc" testName="TestExcludedSecurityIsValid" computerName="CZWWILLIAMRO1" duration="00:00:00.0050000" startTime="2018-10-19T16:41:53.0000000+01:00" endTime="2018-10-19T16:41:53.0000000+01:00" testType="13cdc9d9-ddb5-4fa4-a97d-d965ccfc6d4b" outcome="Passed" testListId="8c84fa94-04c1-424b-9868-57a2d4851a1d" relativeResultsDirectory="b217dbf4-bce5-4507-a50d-f5878ca3e7cc" /><UnitTestResult executionId="c995d316-9a3c-4880-852c-b2a4809434d0" testId="d8d3231c-be61-4e6f-90fa-d933d141eadb" testName="TestSendReleaseApprovedEmailIfNeeded_Cancelled" computerName="CZWWILLIAMRO1" duration="00:00:00.0210000" startTime="2018-10-19T16:41:57.0000000+01:00" endTime="2018-10-19T16:41:57.0000000+01:00" testType="13cdc9d9-ddb5-4fa4-a97d-d965ccfc6d4b" outcome="Passed" testListId="8c84fa94-04c1-424b-9868-57a2d4851a1d" relativeResultsDirectory="c995d316-9a3c-4880-852c-b2a4809434d0" /><UnitTestResult executionId="f6a7e310-cf43-46e7-ad8e-ad8df4df2292" testId="53cb5af0-5c3e-4a1f-9d9f-decb73c68daf" testName="TestSetDepartmentApprovalState(FinancialDataGroup,Pending)" computerName="CZWWILLIAMRO1" duration="00:00:00.0230000" startTime="2018-10-19T16:42:52.0000000+01:00" endTime="2018-10-19T16:42:52.0000000+01:00" testType="13cdc9d9-ddb5-4fa4-a97d-d965ccfc6d4b" outcome="Passed" testListId="8c84fa94-04c1-424b-9868-57a2d4851a1d" relativeResultsDirectory="f6a7e310-cf43-46e7-ad8e-ad8df4df2292" /><UnitTestResult executionId="7180e92f-6581-42ac-b0d5-b3ff7b6d80bb" testId="77934875-79d9-4d5c-a331-9ca7a239b6b5" testName="TestIsEligibleForRelease_ApprovedEligible" computerName="CZWWILLIAMRO1" duration="00:00:00.0160000" startTime="2018-10-19T16:42:51.0000000+01:00" endTime="2018-10-19T16:42:51.0000000+01:00" testType="13cdc9d9-ddb5-4fa4-a97d-d965ccfc6d4b" outcome="Passed" testListId="8c84fa94-04c1-424b-9868-57a2d4851a1d" relativeResultsDirectory="7180e92f-6581-42ac-b0d5-b3ff7b6d80bb" /><UnitTestResult executionId="7630bb9a-d0e0-4ebc-b53d-e03a9cf84cc6" testId="6c099b8d-de42-493d-8e2f-a72dfdc6545e" testName="TestGenerateMembersHistoric_From2010-01-01_WithMembersIdealAroundExistingMembersHistoricEndDate_WithExistingMembersHistoricEndingWithAnAdd" computerName="CZWWILLIAMRO1" duration="00:00:00.0220000" startTime="2018-10-19T16:43:33.0000000+01:00" endTime="2018-10-19T16:43:33.0000000+01:00" testType="13cdc9d9-ddb5-4fa4-a97d-d965ccfc6d4b" outcome="Passed" testListId="8c84fa94-04c1-424b-9868-57a2d4851a1d" relativeResultsDirectory="7630bb9a-d0e0-4ebc-b53d-e03a9cf84cc6" /><UnitTestResult executionId="44c93054-9da9-4f1d-ba05-3d94cd8ff8b9" testId="e2668655-6b81-4b40-bf17-768509da2363" testName="TestBeginTradingDate_ReadFromLive" computerName="CZWWILLIAMRO1" duration="00:00:00.0200000" startTime="2018-10-19T16:43:36.0000000+01:00" endTime="2018-10-19T16:43:36.0000000+01:00" testType="13cdc9d9-ddb5-4fa4-a97d-d965ccfc6d4b" outcome="Passed" testListId="8c84fa94-04c1-424b-9868-57a2d4851a1d" relativeResultsDirectory="44c93054-9da9-4f1d-ba05-3d94cd8ff8b9" /><UnitTestResult executionId="42f235f5-b055-4a1d-a04d-8b5249d01e39" testId="6f74efcb-7cce-41ec-ad18-8ef2e85ec885" testName="TestIntersection_SecondIncluded" computerName="CZWWILLIAMRO1" duration="00:00:00.0040000" startTime="2018-10-19T16:42:36.0000000+01:00" endTime="2018-10-19T16:42:36.0000000+01:00" testType="13cdc9d9-ddb5-4fa4-a97d-d965ccfc6d4b" outcome="Passed" testListId="8c84fa94-04c1-424b-9868-57a2d4851a1d" relativeResultsDirectory="42f235f5-b055-4a1d-a04d-8b5249d01e39" /><UnitTestResult executionId="9401b10d-4e09-4f23-8c01-a4be32183260" testId="7cae4d91-f81f-40ce-9d40-60deceac565d" testName="TestOutThenInThenBackOut_ConsecutiveValidsAndInvalids" computerName="CZWWILLIAMRO1" duration="00:00:00.1210000" startTime="2018-10-19T16:42:03.0000000+01:00" endTime="2018-10-19T16:42:03.0000000+01:00" testType="13cdc9d9-ddb5-4fa4-a97d-d965ccfc6d4b" outcome="Passed" testListId="8c84fa94-04c1-424b-9868-57a2d4851a1d" relativeResultsDirectory="9401b10d-4e09-4f23-8c01-a4be32183260" /><UnitTestResult executionId="59a1951c-fe86-4358-874e-76fe243a7ad0" testId="2dcd85fd-5ae3-4c25-ba6e-2174bd88b6fe" testName="TestHandleLockedUniverse_EmailExecutionIfDataOpsApproved" computerName="CZWWILLIAMRO1" duration="00:00:00.0230000" startTime="2018-10-19T16:43:14.0000000+01:00" endTime="2018-10-19T16:43:14.0000000+01:00" testType="13cdc9d9-ddb5-4fa4-a97d-d965ccfc6d4b" outcome="Passed" testListId="8c84fa94-04c1-424b-9868-57a2d4851a1d" relativeResultsDirectory="59a1951c-fe86-4358-874e-76fe243a7ad0" /><UnitTestResult executionId="60ab1910-5ed1-4611-bcb9-a20c767242c6" testId="4ca3d42d-0ecb-4570-bbc0-e5b012c594e4" testName="TestIsReleaseLocked_ReleaseNotPending_Cancelled" computerName="CZWWILLIAMRO1" duration="00:00:00.0170000" startTime="2018-10-19T16:42:52.0000000+01:00" endTime="2018-10-19T16:42:52.0000000+01:00" testType="13cdc9d9-ddb5-4fa4-a97d-d965ccfc6d4b" outcome="Passed" testListId="8c84fa94-04c1-424b-9868-57a2d4851a1d" relativeResultsDirectory="60ab1910-5ed1-4611-bcb9-a20c767242c6" /><UnitTestResult executionId="90513c54-0fc5-4028-a962-a52a31b3cfe2" testId="692bac56-8079-4ea2-8652-662059997884" testName="TestIncludedInExistingWithSomeExclusionsInIdeal" computerName="CZWWILLIAMRO1" duration="00:00:00.0020000" startTime="2018-10-19T16:42:49.0000000+01:00" endTime="2018-10-19T16:42:49.0000000+01:00" testType="13cdc9d9-ddb5-4fa4-a97d-d965ccfc6d4b" outcome="Passed" testListId="8c84fa94-04c1-424b-9868-57a2d4851a1d" relativeResultsDirectory="90513c54-0fc5-4028-a962-a52a31b3cfe2" /><UnitTestResult executionId="91470fcc-d306-4c14-9831-d61ade05cb58" testId="95be3646-27ec-474a-912d-3fb32933f1d2" testName="TestLiveMembersPending" computerName="CZWWILLIAMRO1" duration="00:00:00.0250000" startTime="2018-10-19T16:43:36.0000000+01:00" endTime="2018-10-19T16:43:36.0000000+01:00" testType="13cdc9d9-ddb5-4fa4-a97d-d965ccfc6d4b" outcome="Passed" testListId="8c84fa94-04c1-424b-9868-57a2d4851a1d" relativeResultsDirectory="91470fcc-d306-4c14-9831-d61ade05cb58" /><UnitTestResult executionId="805c2460-8bdf-499b-b773-682e747d0aa1" testId="cf7c22a7-90cb-48b0-9123-d005dd1e1ce3" testName="TestRequestApprovalsIfNeeded_DoNotSend_NotEligibleForRelease_Superseded" computerName="CZWWILLIAMRO1" duration="00:00:00.0150000" startTime="2018-10-19T16:41:56.0000000+01:00" endTime="2018-10-19T16:41:56.0000000+01:00" testType="13cdc9d9-ddb5-4fa4-a97d-d965ccfc6d4b" outcome="Passed" testListId="8c84fa94-04c1-424b-9868-57a2d4851a1d" relativeResultsDirectory="805c2460-8bdf-499b-b773-682e747d0aa1" /><UnitTestResult executionId="e1e709f8-e12c-48f6-ace6-62e30101b2d5" testId="3fe40861-520b-4bd7-b4df-e461478015c1" testName="TestMergersWithBankruptStockPurchaser" computerName="CZWWILLIAMRO1" duration="00:00:00.0310000" startTime="2018-10-19T16:42:17.0000000+01:00" endTime="2018-10-19T16:42:17.0000000+01:00" testType="13cdc9d9-ddb5-4fa4-a97d-d965ccfc6d4b" outcome="Passed" testListId="8c84fa94-04c1-424b-9868-57a2d4851a1d" relativeResultsDirectory="e1e709f8-e12c-48f6-ace6-62e30101b2d5" /><UnitTestResult executionId="a57bd7fb-c8b5-477c-8969-17c08db850d7" testId="e34773da-cb14-49f8-9b40-d334e51c2ebe" testName="TestGenerateMembersHistoric_From2018-01-01_WithMembersIdealAfterExistingMembersHistoricEndDate_WithExistingMembersHistoric" computerName="CZWWILLIAMRO1" duration="00:00:00.0240000" startTime="2018-10-19T16:43:33.0000000+01:00" endTime="2018-10-19T16:43:33.0000000+01:00" testType="13cdc9d9-ddb5-4fa4-a97d-d965ccfc6d4b" outcome="Passed" testListId="8c84fa94-04c1-424b-9868-57a2d4851a1d" relativeResultsDirectory="a57bd7fb-c8b5-477c-8969-17c08db850d7" /><UnitTestResult executionId="0ce32b15-08d6-4539-bdfd-9e4919000e3e" testId="ded8b594-e32a-4eef-95bc-1963ab1892b9" testName="TestMultipleReasons" computerName="CZWWILLIAMRO1" duration="00:00:00.0000001" startTime="2018-10-19T16:42:36.0000000+01:00" endTime="2018-10-19T16:42:36.0000000+01:00" testType="13cdc9d9-ddb5-4fa4-a97d-d965ccfc6d4b" outcome="Passed" testListId="8c84fa94-04c1-424b-9868-57a2d4851a1d" relativeResultsDirectory="0ce32b15-08d6-4539-bdfd-9e4919000e3e" /><UnitTestResult executionId="2b5e2311-2b17-484d-b077-f2e45424552a" testId="3a1d301b-6ea0-4486-b956-b7613b6acc83" testName="TestUnionSyncMembers" computerName="CZWWILLIAMRO1" duration="00:00:00.1790000" startTime="2018-10-19T16:43:12.0000000+01:00" endTime="2018-10-19T16:43:12.0000000+01:00" testType="13cdc9d9-ddb5-4fa4-a97d-d965ccfc6d4b" outcome="Passed" testListId="8c84fa94-04c1-424b-9868-57a2d4851a1d" relativeResultsDirectory="2b5e2311-2b17-484d-b077-f2e45424552a" /><UnitTestResult executionId="6f4f3322-2dd2-4157-a978-f9ee5271afc5" testId="1e7a99c4-08c5-457b-8422-4224e50a534b" testName="TestGenerateMembersHistoric_From2018-01-01_WithMembersIdealAroundExistingMembersHistoricEndDate_WithExistingMembersHistoric" computerName="CZWWILLIAMRO1" duration="00:00:00.0550000" startTime="2018-10-19T16:43:34.0000000+01:00" endTime="2018-10-19T16:43:34.0000000+01:00" testType="13cdc9d9-ddb5-4fa4-a97d-d965ccfc6d4b" outcome="Passed" testListId="8c84fa94-04c1-424b-9868-57a2d4851a1d" relativeResultsDirectory="6f4f3322-2dd2-4157-a978-f9ee5271afc5" /><UnitTestResult executionId="33afe098-be8b-4949-895c-b92e229d8eb4" testId="4d0e06f9-f9a7-45b5-afa8-5f1c954a505b" testName="TestEnumerableRange_FromIsTo_OnStart" computerName="CZWWILLIAMRO1" duration="00:00:00.0000001" startTime="2018-10-19T16:42:36.0000000+01:00" endTime="2018-10-19T16:42:36.0000000+01:00" testType="13cdc9d9-ddb5-4fa4-a97d-d965ccfc6d4b" outcome="Passed" testListId="8c84fa94-04c1-424b-9868-57a2d4851a1d" relativeResultsDirectory="33afe098-be8b-4949-895c-b92e229d8eb4" /><UnitTestResult executionId="fcf72a0f-3011-4932-8f1d-7d9185b06e50" testId="6851e36b-52bc-47ff-bfec-d0aee77acb38" testName="TestGetAndValidateLatestReleaseState_NoValidateWhen_NoSync" computerName="CZWWILLIAMRO1" duration="00:00:00.0180000" startTime="2018-10-19T16:42:51.0000000+01:00" endTime="2018-10-19T16:42:51.0000000+01:00" testType="13cdc9d9-ddb5-4fa4-a97d-d965ccfc6d4b" outcome="Passed" testListId="8c84fa94-04c1-424b-9868-57a2d4851a1d" relativeResultsDirectory="fcf72a0f-3011-4932-8f1d-7d9185b06e50" /><UnitTestResult executionId="e79a0d02-fcf7-4690-b46b-373288f8f1d9" testId="5e8ec28a-07bb-4ddb-b653-5639ae27e015" testName="TestSyncUniverse_WhenLocked_ButWithForceGenerate" computerName="CZWWILLIAMRO1" duration="00:00:00.0040000" startTime="2018-10-19T16:42:53.0000000+01:00" endTime="2018-10-19T16:42:53.0000000+01:00" testType="13cdc9d9-ddb5-4fa4-a97d-d965ccfc6d4b" outcome="Passed" testListId="8c84fa94-04c1-424b-9868-57a2d4851a1d" relativeResultsDirectory="e79a0d02-fcf7-4690-b46b-373288f8f1d9" /><UnitTestResult executionId="ac7308bf-f6b4-4294-a2ae-663f422160dd" testId="3fd030e0-c690-4e37-a85c-d9414a425d67" testName="TestNullHandling" computerName="CZWWILLIAMRO1" duration="00:00:00.0170000" startTime="2018-10-19T16:43:26.0000000+01:00" endTime="2018-10-19T16:43:26.0000000+01:00" testType="13cdc9d9-ddb5-4fa4-a97d-d965ccfc6d4b" outcome="Passed" testListId="8c84fa94-04c1-424b-9868-57a2d4851a1d" relativeResultsDirectory="ac7308bf-f6b4-4294-a2ae-663f422160dd" /><UnitTestResult executionId="06d5e0fb-8565-4f12-8701-cab7b3ef11d7" testId="e1380395-2ff0-4afd-92d3-a18ffedef036" testName="TestEmptyFutures" computerName="CZWWILLIAMRO1" duration="00:00:01.0300000" startTime="2018-10-19T16:42:30.0000000+01:00" endTime="2018-10-19T16:42:31.0000000+01:00" testType="13cdc9d9-ddb5-4fa4-a97d-d965ccfc6d4b" outcome="Passed" testListId="8c84fa94-04c1-424b-9868-57a2d4851a1d" relativeResultsDirectory="06d5e0fb-8565-4f12-8701-cab7b3ef11d7" /><UnitTestResult executionId="f4239151-14bd-4a88-b95a-d6bca564b546" testId="1a3d1376-db29-4ea3-8b04-30516fe55254" testName="TestInfo" computerName="CZWWILLIAMRO1" duration="00:00:00.0950000" startTime="2018-10-19T16:41:59.0000000+01:00" endTime="2018-10-19T16:41:59.0000000+01:00" testType="13cdc9d9-ddb5-4fa4-a97d-d965ccfc6d4b" outcome="Passed" testListId="8c84fa94-04c1-424b-9868-57a2d4851a1d" relativeResultsDirectory="f4239151-14bd-4a88-b95a-d6bca564b546" /><UnitTestResult executionId="22077663-faed-4666-8eea-778512ee533c" testId="7e4e2473-25d2-4c7e-b65c-402f24e30b9f" testName="TestOutsideOfRangeDeleteOnFirst" computerName="CZWWILLIAMRO1" duration="00:00:00.0000001" startTime="2018-10-19T16:42:36.0000000+01:00" endTime="2018-10-19T16:42:36.0000000+01:00" testType="13cdc9d9-ddb5-4fa4-a97d-d965ccfc6d4b" outcome="Passed" testListId="8c84fa94-04c1-424b-9868-57a2d4851a1d" relativeResultsDirectory="22077663-faed-4666-8eea-778512ee533c" /><UnitTestResult executionId="2cf83d18-5fec-4666-b9a9-62a073a4fb97" testId="964cbcb0-49e0-45c9-adda-41d855ac53d6" testName="TestForNoSync" computerName="CZWWILLIAMRO1" duration="00:00:00.0400000" startTime="2018-10-19T16:43:07.0000000+01:00" endTime="2018-10-19T16:43:07.0000000+01:00" testType="13cdc9d9-ddb5-4fa4-a97d-d965ccfc6d4b" outcome="Passed" testListId="8c84fa94-04c1-424b-9868-57a2d4851a1d" relativeResultsDirectory="2cf83d18-5fec-4666-b9a9-62a073a4fb97" /><UnitTestResult executionId="fbe8843d-2214-473a-a760-254965096bc4" testId="c8401cf7-bdeb-4ba9-9529-aaf030c99ce0" testName="TestNoAnnounceDate" computerName="CZWWILLIAMRO1" duration="00:00:00.0390000" startTime="2018-10-19T16:42:17.0000000+01:00" endTime="2018-10-19T16:42:17.0000000+01:00" testType="13cdc9d9-ddb5-4fa4-a97d-d965ccfc6d4b" outcome="Passed" testListId="8c84fa94-04c1-424b-9868-57a2d4851a1d" relativeResultsDirectory="fbe8843d-2214-473a-a760-254965096bc4" /><UnitTestResult executionId="4c6eea44-6594-4ee0-9d7c-fa1d5aad75f9" testId="8ce70c28-f719-40a9-9dad-a07cb4470416" testName="TestIsReleaseLocked_ReleaseNotPending_Approved" computerName="CZWWILLIAMRO1" duration="00:00:00.0180000" startTime="2018-10-19T16:42:52.0000000+01:00" endTime="2018-10-19T16:42:52.0000000+01:00" testType="13cdc9d9-ddb5-4fa4-a97d-d965ccfc6d4b" outcome="Passed" testListId="8c84fa94-04c1-424b-9868-57a2d4851a1d" relativeResultsDirectory="4c6eea44-6594-4ee0-9d7c-fa1d5aad75f9" /><UnitTestResult executionId="bf1d3883-8237-471b-9e21-04ce3e0457c7" testId="99f9ab5f-071d-4dfd-acb6-a3be234546df" testName="TestMergerNotValid" computerName="CZWWILLIAMRO1" duration="00:00:00.0000001" startTime="2018-10-19T16:42:17.0000000+01:00" endTime="2018-10-19T16:42:17.0000000+01:00" testType="13cdc9d9-ddb5-4fa4-a97d-d965ccfc6d4b" outcome="Passed" testListId="8c84fa94-04c1-424b-9868-57a2d4851a1d" relativeResultsDirectory="bf1d3883-8237-471b-9e21-04ce3e0457c7" /><UnitTestResult executionId="768b2ed0-39f2-4916-a54c-5a80e1bfe936" testId="5af11741-e778-47e2-88f2-38129c0c5ca0" testName="TestFirstNotInUniverse" computerName="CZWWILLIAMRO1" duration="00:00:00.0010000" startTime="2018-10-19T16:42:36.0000000+01:00" endTime="2018-10-19T16:42:36.0000000+01:00" testType="13cdc9d9-ddb5-4fa4-a97d-d965ccfc6d4b" outcome="Passed" testListId="8c84fa94-04c1-424b-9868-57a2d4851a1d" relativeResultsDirectory="768b2ed0-39f2-4916-a54c-5a80e1bfe936" /><UnitTestResult executionId="6b66b193-9cfc-4ea1-8abe-d2b7a38ef811" testId="07792f2f-6002-4ddc-8a02-289f7d452451" testName="TestGenerateMembersHistoric_From0001-01-01_WithEmptyMembersIdeal_WithExistingMembersHistoric" computerName="CZWWILLIAMRO1" duration="00:00:00.0220000" startTime="2018-10-19T16:43:32.0000000+01:00" endTime="2018-10-19T16:43:32.0000000+01:00" testType="13cdc9d9-ddb5-4fa4-a97d-d965ccfc6d4b" outcome="Passed" testListId="8c84fa94-04c1-424b-9868-57a2d4851a1d" relativeResultsDirectory="6b66b193-9cfc-4ea1-8abe-d2b7a38ef811" /><UnitTestResult executionId="195ee840-7192-47d2-85cb-395646fbd02e" testId="b64eb4ff-0adb-4ffc-ab27-ee8c33153522" testName="TestUnion_Included_Gap" computerName="CZWWILLIAMRO1" duration="00:00:00.0030000" startTime="2018-10-19T16:42:36.0000000+01:00" endTime="2018-10-19T16:42:36.0000000+01:00" testType="13cdc9d9-ddb5-4fa4-a97d-d965ccfc6d4b" outcome="Passed" testListId="8c84fa94-04c1-424b-9868-57a2d4851a1d" relativeResultsDirectory="195ee840-7192-47d2-85cb-395646fbd02e" /><UnitTestResult executionId="7b739999-f3c8-4d23-8fe7-74242a06af1f" testId="0f513fa1-66a2-40b2-ae29-71dde6cb1697" testName="TestGenerateMembersHistoric_From2018-01-01_WithMembersIdealAroundExistingMembersHistoricEndDate_WithExistingMembersHistoricEndingWithAnAdd" computerName="CZWWILLIAMRO1" duration="00:00:00.0230000" startTime="2018-10-19T16:43:34.0000000+01:00" endTime="2018-10-19T16:43:34.0000000+01:00" testType="13cdc9d9-ddb5-4fa4-a97d-d965ccfc6d4b" outcome="Passed" testListId="8c84fa94-04c1-424b-9868-57a2d4851a1d" relativeResultsDirectory="7b739999-f3c8-4d23-8fe7-74242a06af1f" /><UnitTestResult executionId="d968a4ca-8158-4b63-96e9-95e07248777c" testId="98b1cb6e-58b4-4982-b947-de8aef179bf6" testName="TestExtensionOfExistingInThePastAndFuture" computerName="CZWWILLIAMRO1" duration="00:00:00.0020000" startTime="2018-10-19T16:42:49.0000000+01:00" endTime="2018-10-19T16:42:49.0000000+01:00" testType="13cdc9d9-ddb5-4fa4-a97d-d965ccfc6d4b" outcome="Passed" testListId="8c84fa94-04c1-424b-9868-57a2d4851a1d" relativeResultsDirectory="d968a4ca-8158-4b63-96e9-95e07248777c" /><UnitTestResult executionId="b0a4687e-8d20-4436-a271-5f40702ec694" testId="ec41dc59-f3a1-415b-9b4b-03fe5a30c9ea" testName="TestScheduleRelease_ScheduleRelease_SomeScheduled_ActiveAndTrading" computerName="CZWWILLIAMRO1" duration="00:00:00.0280000" startTime="2018-10-19T16:42:52.0000000+01:00" endTime="2018-10-19T16:42:52.0000000+01:00" testType="13cdc9d9-ddb5-4fa4-a97d-d965ccfc6d4b" outcome="Passed" testListId="8c84fa94-04c1-424b-9868-57a2d4851a1d" relativeResultsDirectory="b0a4687e-8d20-4436-a271-5f40702ec694" /><UnitTestResult executionId="d9f8b374-7b45-4949-bc5a-dad2a745db5b" testId="dd518028-511c-4cc5-9c69-63ffd935f044" testName="TestPriceThreshold" computerName="CZWWILLIAMRO1" duration="00:00:00.0280000" startTime="2018-10-19T16:43:36.0000000+01:00" endTime="2018-10-19T16:43:36.0000000+01:00" testType="13cdc9d9-ddb5-4fa4-a97d-d965ccfc6d4b" outcome="Passed" testListId="8c84fa94-04c1-424b-9868-57a2d4851a1d" relativeResultsDirectory="d9f8b374-7b45-4949-bc5a-dad2a745db5b" /><UnitTestResult executionId="53aed810-4f10-4f68-bad3-7536e628bd51" testId="dbe7259e-925d-4c13-aa39-1cb94d6489ea" testName="TestGenerateMembersHistoric_From2018-01-01_WithMembersIdealOnExistingMembersHistoricEndDate_WithExistingMembersHistoric" computerName="CZWWILLIAMRO1" duration="00:00:00.0290000" startTime="2018-10-19T16:43:33.0000000+01:00" endTime="2018-10-19T16:43:33.0000000+01:00" testType="13cdc9d9-ddb5-4fa4-a97d-d965ccfc6d4b" outcome="Passed" testListId="8c84fa94-04c1-424b-9868-57a2d4851a1d" relativeResultsDirectory="53aed810-4f10-4f68-bad3-7536e628bd51" /><UnitTestResult executionId="ed00b469-fdb4-4288-8809-3b2f3f56a929" testId="b948c06a-ce61-4119-bbd4-4f6a04283aeb" testName="TestSyntheticFutures" computerName="CZWWILLIAMRO1" duration="00:00:00.0000001" startTime="2018-10-19T16:43:05.0000000+01:00" endTime="2018-10-19T16:43:05.0000000+01:00" testType="13cdc9d9-ddb5-4fa4-a97d-d965ccfc6d4b" outcome="Passed" testListId="8c84fa94-04c1-424b-9868-57a2d4851a1d" relativeResultsDirectory="ed00b469-fdb4-4288-8809-3b2f3f56a929" /><UnitTestResult executionId="6280cf04-b108-41f6-87d4-4b73c46ef606" testId="f4423fa2-e242-4f36-b123-aa1acee50644" testName="TestValidFutures" computerName="CZWWILLIAMRO1" duration="00:00:00.0000001" startTime="2018-10-19T16:42:37.0000000+01:00" endTime="2018-10-19T16:42:37.0000000+01:00" testType="13cdc9d9-ddb5-4fa4-a97d-d965ccfc6d4b" outcome="Passed" testListId="8c84fa94-04c1-424b-9868-57a2d4851a1d" relativeResultsDirectory="6280cf04-b108-41f6-87d4-4b73c46ef606" /><UnitTestResult executionId="4e6de24e-b268-4dbe-914b-b82d0b02609f" testId="9455db46-8527-470c-be43-97e3ee4277a0" testName="TestChangesMultipleDays" computerName="CZWWILLIAMRO1" duration="00:00:00.0000001" startTime="2018-10-19T16:42:04.0000000+01:00" endTime="2018-10-19T16:42:04.0000000+01:00" testType="13cdc9d9-ddb5-4fa4-a97d-d965ccfc6d4b" outcome="Passed" testListId="8c84fa94-04c1-424b-9868-57a2d4851a1d" relativeResultsDirectory="4e6de24e-b268-4dbe-914b-b82d0b02609f" /><UnitTestResult executionId="4e66c2dc-06a0-45c2-9ee0-1bffc4446b83" testId="e3634566-780e-40b9-80a7-bbdd27e31116" testName="TestFilterOutStockBasedOnClosePrice" computerName="CZWWILLIAMRO1" duration="00:00:00.0060000" startTime="2018-10-19T16:42:22.0000000+01:00" endTime="2018-10-19T16:42:22.0000000+01:00" testType="13cdc9d9-ddb5-4fa4-a97d-d965ccfc6d4b" outcome="Passed" testListId="8c84fa94-04c1-424b-9868-57a2d4851a1d" relativeResultsDirectory="4e66c2dc-06a0-45c2-9ee0-1bffc4446b83" /><UnitTestResult executionId="443899e0-6198-4f8b-b3e2-3c44f4df7744" testId="fb0b0d2f-23bf-42af-82f2-d30832e264bb" testName="TestSyncUniverse_MembersSyncing_WithPendingActive" computerName="CZWWILLIAMRO1" duration="00:00:00.0420000" startTime="2018-10-19T16:43:04.0000000+01:00" endTime="2018-10-19T16:43:04.0000000+01:00" testType="13cdc9d9-ddb5-4fa4-a97d-d965ccfc6d4b" outcome="Passed" testListId="8c84fa94-04c1-424b-9868-57a2d4851a1d" relativeResultsDirectory="443899e0-6198-4f8b-b3e2-3c44f4df7744" /><UnitTestResult executionId="153d1df7-d58b-452f-af28-61eea8e0f743" testId="63894df9-5a0c-4ac3-8c0e-f1f8b4876da4" testName="TestBelowToAboveToBetween" computerName="CZWWILLIAMRO1" duration="00:00:00.0000001" startTime="2018-10-19T16:42:04.0000000+01:00" endTime="2018-10-19T16:42:04.0000000+01:00" testType="13cdc9d9-ddb5-4fa4-a97d-d965ccfc6d4b" outcome="Passed" testListId="8c84fa94-04c1-424b-9868-57a2d4851a1d" relativeResultsDirectory="153d1df7-d58b-452f-af28-61eea8e0f743" /><UnitTestResult executionId="3fcd4493-ca59-4a03-aff1-cb3d66058446" testId="e612aa41-b8fe-455c-90c0-437cba9c9d6c" testName="TestDoNotRelease_TradingAndNotApproved_Superseded" computerName="CZWWILLIAMRO1" duration="00:00:00.0160000" startTime="2018-10-19T16:43:13.0000000+01:00" endTime="2018-10-19T16:43:13.0000000+01:00" testType="13cdc9d9-ddb5-4fa4-a97d-d965ccfc6d4b" outcome="Passed" testListId="8c84fa94-04c1-424b-9868-57a2d4851a1d" relativeResultsDirectory="3fcd4493-ca59-4a03-aff1-cb3d66058446" /><UnitTestResult executionId="fc9793df-dd1c-4dc7-833f-97437b8740f2" testId="f93160c0-6b6e-4260-b366-4af39f791f0f" testName="TestConjunctionGap" computerName="CZWWILLIAMRO1" duration="00:00:00.0010000" startTime="2018-10-19T16:42:36.0000000+01:00" endTime="2018-10-19T16:42:36.0000000+01:00" testType="13cdc9d9-ddb5-4fa4-a97d-d965ccfc6d4b" outcome="Passed" testListId="8c84fa94-04c1-424b-9868-57a2d4851a1d" relativeResultsDirectory="fc9793df-dd1c-4dc7-833f-97437b8740f2" /><UnitTestResult executionId="f1ad5527-e9d2-4865-9789-c0668a32dfff" testId="ad1b27e1-97ba-45e7-8518-3b7ea07f7a5f" testName="TestDoNotAddOptionalErrorToApprovalRequests_FinancialDataGroup" computerName="CZWWILLIAMRO1" duration="00:00:00.1200000" startTime="2018-10-19T16:41:56.0000000+01:00" endTime="2018-10-19T16:41:56.0000000+01:00" testType="13cdc9d9-ddb5-4fa4-a97d-d965ccfc6d4b" outcome="Passed" testListId="8c84fa94-04c1-424b-9868-57a2d4851a1d" relativeResultsDirectory="f1ad5527-e9d2-4865-9789-c0668a32dfff" /><UnitTestResult executionId="2d9d67cd-14f3-4c6d-8d8f-fd5b0eb828a4" testId="a6e84f21-7a1f-4c3c-a896-f8a00012faa5" testName="TestLiveAuxiliaryMembers" computerName="CZWWILLIAMRO1" duration="00:00:00.0030000" startTime="2018-10-19T16:42:50.0000000+01:00" endTime="2018-10-19T16:42:50.0000000+01:00" testType="13cdc9d9-ddb5-4fa4-a97d-d965ccfc6d4b" outcome="Passed" testListId="8c84fa94-04c1-424b-9868-57a2d4851a1d" relativeResultsDirectory="2d9d67cd-14f3-4c6d-8d8f-fd5b0eb828a4" /><UnitTestResult executionId="3a842bdf-3363-476a-8c1c-441f85db7dc9" testId="b9a7d44e-385f-4a27-bac1-59696a3235eb" testName="TestEnumerableRange_FromBeforeStart" computerName="CZWWILLIAMRO1" duration="00:00:00.0000001" startTime="2018-10-19T16:42:36.0000000+01:00" endTime="2018-10-19T16:42:36.0000000+01:00" testType="13cdc9d9-ddb5-4fa4-a97d-d965ccfc6d4b" outcome="Passed" testListId="8c84fa94-04c1-424b-9868-57a2d4851a1d" relativeResultsDirectory="3a842bdf-3363-476a-8c1c-441f85db7dc9" /><UnitTestResult executionId="7b49508f-4aa5-4430-ae4b-09503be2c574" testId="a6e8255d-60e1-4a28-bf8c-6be4638e7975" testName="TestEnumerableRange_ToOnStart" computerName="CZWWILLIAMRO1" duration="00:00:00.0000001" startTime="2018-10-19T16:42:36.0000000+01:00" endTime="2018-10-19T16:42:36.0000000+01:00" testType="13cdc9d9-ddb5-4fa4-a97d-d965ccfc6d4b" outcome="Passed" testListId="8c84fa94-04c1-424b-9868-57a2d4851a1d" relativeResultsDirectory="7b49508f-4aa5-4430-ae4b-09503be2c574" /><UnitTestResult executionId="f5ea778b-9707-4d22-b3f1-0a3647263912" testId="fc3234b6-8907-4d17-87d6-e140599c354e" testName="TestSync" computerName="CZWWILLIAMRO1" duration="00:00:00.0090000" startTime="2018-10-19T16:43:26.0000000+01:00" endTime="2018-10-19T16:43:26.0000000+01:00" testType="13cdc9d9-ddb5-4fa4-a97d-d965ccfc6d4b" outcome="Passed" testListId="8c84fa94-04c1-424b-9868-57a2d4851a1d" relativeResultsDirectory="f5ea778b-9707-4d22-b3f1-0a3647263912" /><UnitTestResult executionId="5b1f6371-4418-4561-8e21-9e120e162b12" testId="cd45b653-2726-425d-8a6b-d177a87b9797" testName="TestLastBucket" computerName="CZWWILLIAMRO1" duration="00:00:00.0010000" startTime="2018-10-19T16:42:36.0000000+01:00" endTime="2018-10-19T16:42:36.0000000+01:00" testType="13cdc9d9-ddb5-4fa4-a97d-d965ccfc6d4b" outcome="Passed" testListId="8c84fa94-04c1-424b-9868-57a2d4851a1d" relativeResultsDirectory="5b1f6371-4418-4561-8e21-9e120e162b12" /><UnitTestResult executionId="e95f3fa6-cbeb-4ef1-892b-66abbce886bb" testId="bf8ceece-c767-4890-aea0-0bdaacec8eab" testName="TestFilterPartially_ExcludedSegmentCode" computerName="CZWWILLIAMRO1" duration="00:00:00.0210000" startTime="2018-10-19T16:42:16.0000000+01:00" endTime="2018-10-19T16:42:16.0000000+01:00" testType="13cdc9d9-ddb5-4fa4-a97d-d965ccfc6d4b" outcome="Passed" testListId="8c84fa94-04c1-424b-9868-57a2d4851a1d" relativeResultsDirectory="e95f3fa6-cbeb-4ef1-892b-66abbce886bb" /><UnitTestResult executionId="152ce7ba-d867-40d6-999f-2afc1f4889b1" testId="058fe259-d052-4858-8db2-b8fd9e0201c4" testName="TestExcludeOnPrice" computerName="CZWWILLIAMRO1" duration="00:00:01.0370000" startTime="2018-10-19T16:42:04.0000000+01:00" endTime="2018-10-19T16:42:05.0000000+01:00" testType="13cdc9d9-ddb5-4fa4-a97d-d965ccfc6d4b" outcome="Passed" testListId="8c84fa94-04c1-424b-9868-57a2d4851a1d" relativeResultsDirectory="152ce7ba-d867-40d6-999f-2afc1f4889b1" /><UnitTestResult executionId="1d390ad9-368a-43ea-a337-a42d98a6b3f9" testId="7f3d523f-1294-460e-9b47-7eb975ccecc0" testName="TestGenerateMembersHistoric_From2018-01-01_WithFullMembersIdeal_WithoutExistingMembersHistoric" computerName="CZWWILLIAMRO1" duration="00:00:00.0240000" startTime="2018-10-19T16:43:33.0000000+01:00" endTime="2018-10-19T16:43:33.0000000+01:00" testType="13cdc9d9-ddb5-4fa4-a97d-d965ccfc6d4b" outcome="Passed" testListId="8c84fa94-04c1-424b-9868-57a2d4851a1d" relativeResultsDirectory="1d390ad9-368a-43ea-a337-a42d98a6b3f9" /><UnitTestResult executionId="0ebb32d3-2d92-4319-8411-9d10a479675e" testId="c0dfacea-b24b-4ec9-a597-885b04aa9789" testName="TestScheduleRelease_CancelQueuedRealeasesWhenLiveIsNotTrading" computerName="CZWWILLIAMRO1" duration="00:00:00.1050000" startTime="2018-10-19T16:42:52.0000000+01:00" endTime="2018-10-19T16:42:52.0000000+01:00" testType="13cdc9d9-ddb5-4fa4-a97d-d965ccfc6d4b" outcome="Passed" testListId="8c84fa94-04c1-424b-9868-57a2d4851a1d" relativeResultsDirectory="0ebb32d3-2d92-4319-8411-9d10a479675e" /><UnitTestResult executionId="7d6ae630-9a05-4014-9b32-96a77ff137b2" testId="7f9675c0-9b6f-495b-aee9-ebf4c0e1c5f5" testName="TestOnlyExistingIncluded" computerName="CZWWILLIAMRO1" duration="00:00:00.0050000" startTime="2018-10-19T16:42:49.0000000+01:00" endTime="2018-10-19T16:42:49.0000000+01:00" testType="13cdc9d9-ddb5-4fa4-a97d-d965ccfc6d4b" outcome="Passed" testListId="8c84fa94-04c1-424b-9868-57a2d4851a1d" relativeResultsDirectory="7d6ae630-9a05-4014-9b32-96a77ff137b2" /><UnitTestResult executionId="c39e907a-746c-4761-b403-8e140cce0fe0" testId="b2e2882e-0e8a-4968-b065-339d5dcf5c45" testName="TestVerifyReleaseState_Pending" computerName="CZWWILLIAMRO1" duration="00:00:00.3300000" startTime="2018-10-19T16:43:07.0000000+01:00" endTime="2018-10-19T16:43:08.0000000+01:00" testType="13cdc9d9-ddb5-4fa4-a97d-d965ccfc6d4b" outcome="Passed" testListId="8c84fa94-04c1-424b-9868-57a2d4851a1d" relativeResultsDirectory="c39e907a-746c-4761-b403-8e140cce0fe0" /><UnitTestResult executionId="4cccedca-033e-4d7d-ad86-da8400122bb9" testId="75eec286-e6cd-44ad-a100-e94ad5431263" testName="TestSyncMembers" computerName="CZWWILLIAMRO1" duration="00:00:00.1690000" startTime="2018-10-19T16:43:11.0000000+01:00" endTime="2018-10-19T16:43:12.0000000+01:00" testType="13cdc9d9-ddb5-4fa4-a97d-d965ccfc6d4b" outcome="Passed" testListId="8c84fa94-04c1-424b-9868-57a2d4851a1d" relativeResultsDirectory="4cccedca-033e-4d7d-ad86-da8400122bb9" /><UnitTestResult executionId="4ee6cfe7-ce0e-4f5e-8db7-238d4babd943" testId="eb2b8e87-a6b2-4317-b873-72d719f61392" testName="TestUnderlyingNotAStock" computerName="CZWWILLIAMRO1" duration="00:00:00.0100000" startTime="2018-10-19T16:42:09.0000000+01:00" endTime="2018-10-19T16:42:09.0000000+01:00" testType="13cdc9d9-ddb5-4fa4-a97d-d965ccfc6d4b" outcome="Passed" testListId="8c84fa94-04c1-424b-9868-57a2d4851a1d" relativeResultsDirectory="4ee6cfe7-ce0e-4f5e-8db7-238d4babd943" /><UnitTestResult executionId="cceb55ed-1aea-4bfb-807f-37f6d964377b" testId="a6d490dd-32f7-4ae9-ad64-fe2c5113be38" testName="TestFilter_LSE_Only_NotLSE_AtStart" computerName="CZWWILLIAMRO1" duration="00:00:00.0220000" startTime="2018-10-19T16:42:15.0000000+01:00" endTime="2018-10-19T16:42:15.0000000+01:00" testType="13cdc9d9-ddb5-4fa4-a97d-d965ccfc6d4b" outcome="Passed" testListId="8c84fa94-04c1-424b-9868-57a2d4851a1d" relativeResultsDirectory="cceb55ed-1aea-4bfb-807f-37f6d964377b" /><UnitTestResult executionId="82b5c304-c34d-426f-a666-774f2ad87012" testId="8619d8c2-fde9-42aa-92c0-06f22d042800" testName="TestFilterWhereUnderlyingFutureIsPresent_MultipleSyntheticFutures" computerName="CZWWILLIAMRO1" duration="00:00:00.0090000" startTime="2018-10-19T16:42:37.0000000+01:00" endTime="2018-10-19T16:42:37.0000000+01:00" testType="13cdc9d9-ddb5-4fa4-a97d-d965ccfc6d4b" outcome="Passed" testListId="8c84fa94-04c1-424b-9868-57a2d4851a1d" relativeResultsDirectory="82b5c304-c34d-426f-a666-774f2ad87012" /><UnitTestResult executionId="89eb83b9-5587-425f-9faa-25ab0d933bae" testId="13b355a4-15c7-45f8-8f8c-c7e64156fa9b" testName="TestRaceConditionForNewApprovalBeingCreatedWhileWeModifyState" computerName="CZWWILLIAMRO1" duration="00:00:00.1230000" startTime="2018-10-19T16:43:07.0000000+01:00" endTime="2018-10-19T16:43:07.0000000+01:00" testType="13cdc9d9-ddb5-4fa4-a97d-d965ccfc6d4b" outcome="Passed" testListId="8c84fa94-04c1-424b-9868-57a2d4851a1d" relativeResultsDirectory="89eb83b9-5587-425f-9faa-25ab0d933bae" /><UnitTestResult executionId="d6f3afb3-6390-424b-936f-731157e3e3ea" testId="a3daf151-c82b-4b36-bb06-5376e66aa35a" testName="TestIsReleaseLocked_NoRelease_PassInNull" computerName="CZWWILLIAMRO1" duration="00:00:00.0180000" startTime="2018-10-19T16:42:51.0000000+01:00" endTime="2018-10-19T16:42:51.0000000+01:00" testType="13cdc9d9-ddb5-4fa4-a97d-d965ccfc6d4b" outcome="Passed" testListId="8c84fa94-04c1-424b-9868-57a2d4851a1d" relativeResultsDirectory="d6f3afb3-6390-424b-936f-731157e3e3ea" /><UnitTestResult executionId="71611b20-779e-4b86-82df-3f86ff062469" testId="02f4c978-b642-4e34-8226-9c24fc47487c" testName="TestScheduleReleaseOnTheFirstOfTheMonth_AlreadyExists" computerName="CZWWILLIAMRO1" duration="00:00:00.0190000" startTime="2018-10-19T16:42:52.0000000+01:00" endTime="2018-10-19T16:42:52.0000000+01:00" testType="13cdc9d9-ddb5-4fa4-a97d-d965ccfc6d4b" outcome="Passed" testListId="8c84fa94-04c1-424b-9868-57a2d4851a1d" relativeResultsDirectory="71611b20-779e-4b86-82df-3f86ff062469" /><UnitTestResult executionId="9c62c84e-83c6-4f93-9a24-aa98e07b7175" testId="cd537b10-bb6e-4b4d-92ee-386fe2494965" testName="TestApprovalState_ApproveRequested" computerName="CZWWILLIAMRO1" duration="00:00:00.0650000" startTime="2018-10-19T16:43:06.0000000+01:00" endTime="2018-10-19T16:43:06.0000000+01:00" testType="13cdc9d9-ddb5-4fa4-a97d-d965ccfc6d4b" outcome="Passed" testListId="8c84fa94-04c1-424b-9868-57a2d4851a1d" relativeResultsDirectory="9c62c84e-83c6-4f93-9a24-aa98e07b7175" /><UnitTestResult executionId="33b37520-7cbe-4707-a196-2df1b5821ac7" testId="c3f880a6-ba94-4a01-88aa-32ed76aa3ceb" testName="TestMultipleStocks" computerName="CZWWILLIAMRO1" duration="00:00:00.0730000" startTime="2018-10-19T16:43:16.0000000+01:00" endTime="2018-10-19T16:43:16.0000000+01:00" testType="13cdc9d9-ddb5-4fa4-a97d-d965ccfc6d4b" outcome="Passed" testListId="8c84fa94-04c1-424b-9868-57a2d4851a1d" relativeResultsDirectory="33b37520-7cbe-4707-a196-2df1b5821ac7" /><UnitTestResult executionId="ac9faf6c-2a85-4171-b36d-b6240f1a6dd0" testId="997ecd5a-333f-42f9-adf9-8ace62703f6b" testName="TestSectorSetBeforeStart" computerName="CZWWILLIAMRO1" duration="00:00:00.0020000" startTime="2018-10-19T16:42:21.0000000+01:00" endTime="2018-10-19T16:42:21.0000000+01:00" testType="13cdc9d9-ddb5-4fa4-a97d-d965ccfc6d4b" outcome="Passed" testListId="8c84fa94-04c1-424b-9868-57a2d4851a1d" relativeResultsDirectory="ac9faf6c-2a85-4171-b36d-b6240f1a6dd0" /><UnitTestResult executionId="34b0a76e-5e34-446c-a9ef-f304acaaf42d" testId="d14327c5-3e1f-4e04-bc2a-673475d86fae" testName="TestRemoveDead_BeforeStart" computerName="CZWWILLIAMRO1" duration="00:00:00.0200000" startTime="2018-10-19T16:42:14.0000000+01:00" endTime="2018-10-19T16:42:14.0000000+01:00" testType="13cdc9d9-ddb5-4fa4-a97d-d965ccfc6d4b" outcome="Passed" testListId="8c84fa94-04c1-424b-9868-57a2d4851a1d" relativeResultsDirectory="34b0a76e-5e34-446c-a9ef-f304acaaf42d" /><UnitTestResult executionId="75c9ed6d-34e6-4029-b023-e16cc203cf30" testId="6e5cc9e1-3a03-4bc5-a58f-9207c45d96f9" testName="TestGetAndValidateLatestReleaseState_LatestApproval_NoCorrespondingRelease" computerName="CZWWILLIAMRO1" duration="00:00:00.0190000" startTime="2018-10-19T16:42:51.0000000+01:00" endTime="2018-10-19T16:42:51.0000000+01:00" testType="13cdc9d9-ddb5-4fa4-a97d-d965ccfc6d4b" outcome="Passed" testListId="8c84fa94-04c1-424b-9868-57a2d4851a1d" relativeResultsDirectory="75c9ed6d-34e6-4029-b023-e16cc203cf30" /><UnitTestResult executionId="457d8811-a445-41a0-a839-e2022e2eb715" testId="40646e4f-dfe5-4802-a6a9-0c6aea0cfc30" testName="TestIncludeThenExclude" computerName="CZWWILLIAMRO1" duration="00:00:00.0240000" startTime="2018-10-19T16:42:16.0000000+01:00" endTime="2018-10-19T16:42:16.0000000+01:00" testType="13cdc9d9-ddb5-4fa4-a97d-d965ccfc6d4b" outcome="Passed" testListId="8c84fa94-04c1-424b-9868-57a2d4851a1d" relativeResultsDirectory="457d8811-a445-41a0-a839-e2022e2eb715" /><UnitTestResult executionId="6def9132-ab89-42f5-8378-f16b80f3c9c5" testId="eb86c8b2-61c2-4a5a-af8d-804c93286fa5" testName="TestIncluded" computerName="CZWWILLIAMRO1" duration="00:00:00.0010000" startTime="2018-10-19T16:42:19.0000000+01:00" endTime="2018-10-19T16:42:19.0000000+01:00" testType="13cdc9d9-ddb5-4fa4-a97d-d965ccfc6d4b" outcome="Passed" testListId="8c84fa94-04c1-424b-9868-57a2d4851a1d" relativeResultsDirectory="6def9132-ab89-42f5-8378-f16b80f3c9c5" /><UnitTestResult executionId="9e0e212b-c138-4d34-9a20-9236e756607f" testId="64657f45-3659-419e-8aba-7bffe8ded4a4" testName="TestMultipleEntries_Mixed" computerName="CZWWILLIAMRO1" duration="00:00:00.0010000" startTime="2018-10-19T16:42:27.0000000+01:00" endTime="2018-10-19T16:42:27.0000000+01:00" testType="13cdc9d9-ddb5-4fa4-a97d-d965ccfc6d4b" outcome="Passed" testListId="8c84fa94-04c1-424b-9868-57a2d4851a1d" relativeResultsDirectory="9e0e212b-c138-4d34-9a20-9236e756607f" /><UnitTestResult executionId="6a4364d7-96a1-48b1-965c-5ce6f0d9dc9d" testId="24e65ac6-b2b6-4c57-a118-f98f6a7a3b67" testName="TestExcludeIfUnderlyingFuture_ApprovedForTrading_SetToFalse" computerName="CZWWILLIAMRO1" duration="00:00:00.0060000" startTime="2018-10-19T16:42:02.0000000+01:00" endTime="2018-10-19T16:42:02.0000000+01:00" testType="13cdc9d9-ddb5-4fa4-a97d-d965ccfc6d4b" outcome="Passed" testListId="8c84fa94-04c1-424b-9868-57a2d4851a1d" relativeResultsDirectory="6a4364d7-96a1-48b1-965c-5ce6f0d9dc9d" /><UnitTestResult executionId="a086671d-8194-424a-bb8f-cb14f1f655b2" testId="cced6668-1bbe-4940-8557-668bb3e122fe" testName="TestLiveSyntheticFutures" computerName="CZWWILLIAMRO1" duration="00:00:00.0070000" startTime="2018-10-19T16:42:50.0000000+01:00" endTime="2018-10-19T16:42:50.0000000+01:00" testType="13cdc9d9-ddb5-4fa4-a97d-d965ccfc6d4b" outcome="Passed" testListId="8c84fa94-04c1-424b-9868-57a2d4851a1d" relativeResultsDirectory="a086671d-8194-424a-bb8f-cb14f1f655b2" /><UnitTestResult executionId="2fd1d8ba-e0fb-4237-b297-2edb6253a2db" testId="822f2981-5db2-4a58-92b0-8b56010bc247" testName="TestRealIncludedBefore_AndRealIncludedBeyond" computerName="CZWWILLIAMRO1" duration="00:00:00.0570000" startTime="2018-10-19T16:43:16.0000000+01:00" endTime="2018-10-19T16:43:16.0000000+01:00" testType="13cdc9d9-ddb5-4fa4-a97d-d965ccfc6d4b" outcome="Passed" testListId="8c84fa94-04c1-424b-9868-57a2d4851a1d" relativeResultsDirectory="2fd1d8ba-e0fb-4237-b297-2edb6253a2db" /><UnitTestResult executionId="33d54d64-8c74-4e3f-97e5-02e3d0a7b364" testId="b88414fb-2c18-428e-9b3a-2855a2b2c433" testName="TestKeepAlive" computerName="CZWWILLIAMRO1" duration="00:00:00.9860000" startTime="2018-10-19T16:42:13.0000000+01:00" endTime="2018-10-19T16:42:14.0000000+01:00" testType="13cdc9d9-ddb5-4fa4-a97d-d965ccfc6d4b" outcome="Passed" testListId="8c84fa94-04c1-424b-9868-57a2d4851a1d" relativeResultsDirectory="33d54d64-8c74-4e3f-97e5-02e3d0a7b364" /><UnitTestResult executionId="fbadc08b-3779-49ea-876b-f0dc3dc728d4" testId="c9f26c2b-910d-439a-9baf-d09353ec1855" testName="TestPendingAuxiliaryMembers" computerName="CZWWILLIAMRO1" duration="00:00:00.0010000" startTime="2018-10-19T16:42:50.0000000+01:00" endTime="2018-10-19T16:42:50.0000000+01:00" testType="13cdc9d9-ddb5-4fa4-a97d-d965ccfc6d4b" outcome="Passed" testListId="8c84fa94-04c1-424b-9868-57a2d4851a1d" relativeResultsDirectory="fbadc08b-3779-49ea-876b-f0dc3dc728d4" /><UnitTestResult executionId="19647c77-665d-4700-b332-305bf5be5c51" testId="a0407239-82c1-4be2-a6a5-be6b140b1002" testName="TestReasons_SomeIncluded" computerName="CZWWILLIAMRO1" duration="00:00:00.0010000" startTime="2018-10-19T16:42:36.0000000+01:00" endTime="2018-10-19T16:42:36.0000000+01:00" testType="13cdc9d9-ddb5-4fa4-a97d-d965ccfc6d4b" outcome="Passed" testListId="8c84fa94-04c1-424b-9868-57a2d4851a1d" relativeResultsDirectory="19647c77-665d-4700-b332-305bf5be5c51" /><UnitTestResult executionId="1271e87a-28ab-42c5-a5fc-dd65855264f3" testId="fb6b60d7-89c8-4f0c-8553-63ab5c82bf4f" testName="TestBelowExcludedThreshold" computerName="CZWWILLIAMRO1" duration="00:00:00.0290000" startTime="2018-10-19T16:42:01.0000000+01:00" endTime="2018-10-19T16:42:01.0000000+01:00" testType="13cdc9d9-ddb5-4fa4-a97d-d965ccfc6d4b" outcome="Passed" testListId="8c84fa94-04c1-424b-9868-57a2d4851a1d" relativeResultsDirectory="1271e87a-28ab-42c5-a5fc-dd65855264f3" /><UnitTestResult executionId="85912d80-65a8-4333-b317-3ca30121a11d" testId="4d7f1851-d802-4617-9bd6-63779201662d" testName="TestGenerateMembersHistoric_From2010-01-01_WithMembersIdealOnExistingMembersHistoricEndDate_WithEmptyExistingMembersHistoric" computerName="CZWWILLIAMRO1" duration="00:00:00.0510000" startTime="2018-10-19T16:43:33.0000000+01:00" endTime="2018-10-19T16:43:33.0000000+01:00" testType="13cdc9d9-ddb5-4fa4-a97d-d965ccfc6d4b" outcome="Passed" testListId="8c84fa94-04c1-424b-9868-57a2d4851a1d" relativeResultsDirectory="85912d80-65a8-4333-b317-3ca30121a11d" /><UnitTestResult executionId="1916b1da-89f4-4153-beba-a98962d7c537" testId="470b16cd-9836-4d66-a7e9-13244a1dbd4e" testName="TestKeepStockOnThreshold" computerName="CZWWILLIAMRO1" duration="00:00:00.0050000" startTime="2018-10-19T16:42:22.0000000+01:00" endTime="2018-10-19T16:42:22.0000000+01:00" testType="13cdc9d9-ddb5-4fa4-a97d-d965ccfc6d4b" outcome="Passed" testListId="8c84fa94-04c1-424b-9868-57a2d4851a1d" relativeResultsDirectory="1916b1da-89f4-4153-beba-a98962d7c537" /><UnitTestResult executionId="aad955e8-36ec-42b0-a0fe-b89fe3b9c325" testId="67308449-0420-4937-8cab-b28b00de71ed" testName="TestPendingMembersForExecution" computerName="CZWWILLIAMRO1" duration="00:00:00.0010000" startTime="2018-10-19T16:42:50.0000000+01:00" endTime="2018-10-19T16:42:50.0000000+01:00" testType="13cdc9d9-ddb5-4fa4-a97d-d965ccfc6d4b" outcome="Passed" testListId="8c84fa94-04c1-424b-9868-57a2d4851a1d" relativeResultsDirectory="aad955e8-36ec-42b0-a0fe-b89fe3b9c325" /><UnitTestResult executionId="bf0c422b-c2f3-48f7-b1ea-87ab7c4005d7" testId="b7c97219-5b00-4a0b-975d-703316cab75f" testName="TestIncludeWhenMeetsCriteria" computerName="CZWWILLIAMRO1" duration="00:00:00.0380000" startTime="2018-10-19T16:42:05.0000000+01:00" endTime="2018-10-19T16:42:05.0000000+01:00" testType="13cdc9d9-ddb5-4fa4-a97d-d965ccfc6d4b" outcome="Passed" testListId="8c84fa94-04c1-424b-9868-57a2d4851a1d" relativeResultsDirectory="bf0c422b-c2f3-48f7-b1ea-87ab7c4005d7" /><UnitTestResult executionId="cb771feb-5a23-452e-97d7-bb6f11a0f2ca" testId="8c00b584-cf8c-40b7-8feb-23d2abdac2fb" testName="TestFilterOutOnlyIfOverSmallPriceDaysThreshold" computerName="CZWWILLIAMRO1" duration="00:00:00.0060000" startTime="2018-10-19T16:42:22.0000000+01:00" endTime="2018-10-19T16:42:22.0000000+01:00" testType="13cdc9d9-ddb5-4fa4-a97d-d965ccfc6d4b" outcome="Passed" testListId="8c84fa94-04c1-424b-9868-57a2d4851a1d" relativeResultsDirectory="cb771feb-5a23-452e-97d7-bb6f11a0f2ca" /><UnitTestResult executionId="a04ceb7c-01ff-44bb-8db9-fe2a321126ac" testId="88d6c42e-0143-4a93-ad15-68fa4160c9d1" testName="TestExcludedSecurityCurrentInclusion" computerName="CZWWILLIAMRO1" duration="00:00:00.1090000" startTime="2018-10-19T16:41:53.0000000+01:00" endTime="2018-10-19T16:41:53.0000000+01:00" testType="13cdc9d9-ddb5-4fa4-a97d-d965ccfc6d4b" outcome="Passed" testListId="8c84fa94-04c1-424b-9868-57a2d4851a1d" relativeResultsDirectory="a04ceb7c-01ff-44bb-8db9-fe2a321126ac" /><UnitTestResult executionId="cbc0cc75-6498-49e9-b380-667ca059ad59" testId="16597208-ac2d-49fe-9eda-7e6d2fb82228" testName="TestAddOptionalErrorToApprovalRequests_BackOffice" computerName="CZWWILLIAMRO1" duration="00:00:00.0150000" startTime="2018-10-19T16:41:56.0000000+01:00" endTime="2018-10-19T16:41:56.0000000+01:00" testType="13cdc9d9-ddb5-4fa4-a97d-d965ccfc6d4b" outcome="Passed" testListId="8c84fa94-04c1-424b-9868-57a2d4851a1d" relativeResultsDirectory="cbc0cc75-6498-49e9-b380-667ca059ad59" /><UnitTestResult executionId="bbc23b6c-08f9-48cb-a75f-d66225d06737" testId="874dfbee-e215-4a65-bcf6-5c97e7d78e6a" testName="TestMultipleMixedDeletions" computerName="CZWWILLIAMRO1" duration="00:00:00.0010000" startTime="2018-10-19T16:42:36.0000000+01:00" endTime="2018-10-19T16:42:36.0000000+01:00" testType="13cdc9d9-ddb5-4fa4-a97d-d965ccfc6d4b" outcome="Passed" testListId="8c84fa94-04c1-424b-9868-57a2d4851a1d" relativeResultsDirectory="bbc23b6c-08f9-48cb-a75f-d66225d06737" /><UnitTestResult executionId="c80d57b8-c1f7-44c0-8ee1-f18fc3a5371e" testId="41d07e4f-1afe-4bdd-8f47-6bcedbdfe44a" testName="TestExcludeIfDeadBeforeExchangesCalendarStart" computerName="CZWWILLIAMRO1" duration="00:00:00.0320000" startTime="2018-10-19T16:42:29.0000000+01:00" endTime="2018-10-19T16:42:29.0000000+01:00" testType="13cdc9d9-ddb5-4fa4-a97d-d965ccfc6d4b" outcome="Passed" testListId="8c84fa94-04c1-424b-9868-57a2d4851a1d" relativeResultsDirectory="c80d57b8-c1f7-44c0-8ee1-f18fc3a5371e" /><UnitTestResult executionId="4b824b4c-b54e-4083-8cb7-d7e3832ff8ed" testId="6d7b5c6c-391f-4c4e-b2e1-0f349cd5a74c" testName="TestPresent" computerName="CZWWILLIAMRO1" duration="00:00:00.0060000" startTime="2018-10-19T16:42:47.0000000+01:00" endTime="2018-10-19T16:42:47.0000000+01:00" testType="13cdc9d9-ddb5-4fa4-a97d-d965ccfc6d4b" outcome="Passed" testListId="8c84fa94-04c1-424b-9868-57a2d4851a1d" relativeResultsDirectory="4b824b4c-b54e-4083-8cb7-d7e3832ff8ed" /><UnitTestResult executionId="ecf464be-c3f8-4c91-9b84-e4b38a43ac54" testId="e34cb4a5-2552-40b6-aa94-870f86983871" testName="TestSyncUniverse_RequestExecutionApprovalIfDataOpsApproved_AndIsEligibleForRelease" computerName="CZWWILLIAMRO1" duration="00:00:00.0430000" startTime="2018-10-19T16:43:14.0000000+01:00" endTime="2018-10-19T16:43:15.0000000+01:00" testType="13cdc9d9-ddb5-4fa4-a97d-d965ccfc6d4b" outcome="Passed" testListId="8c84fa94-04c1-424b-9868-57a2d4851a1d" relativeResultsDirectory="ecf464be-c3f8-4c91-9b84-e4b38a43ac54" /><UnitTestResult executionId="ae152568-47b5-42dc-bd36-cc7dce46865c" testId="675ce4a1-9032-433d-b08f-4f20d3cc3516" testName="TestFilter_LSE_Only_NotLSE_MidwayThrough_WaitTillLSE" computerName="CZWWILLIAMRO1" duration="00:00:00.0240000" startTime="2018-10-19T16:42:15.0000000+01:00" endTime="2018-10-19T16:42:16.0000000+01:00" testType="13cdc9d9-ddb5-4fa4-a97d-d965ccfc6d4b" outcome="Passed" testListId="8c84fa94-04c1-424b-9868-57a2d4851a1d" relativeResultsDirectory="ae152568-47b5-42dc-bd36-cc7dce46865c" /><UnitTestResult executionId="57ab985b-00e7-47b8-8c32-eeb26ebff2c0" testId="0a830e48-dca7-421f-8906-77a355c0baad" testName="TestKeepIfCurrencySupportedByUniverse" computerName="CZWWILLIAMRO1" duration="00:00:00.0120000" startTime="2018-10-19T16:42:29.0000000+01:00" endTime="2018-10-19T16:42:29.0000000+01:00" testType="13cdc9d9-ddb5-4fa4-a97d-d965ccfc6d4b" outcome="Passed" testListId="8c84fa94-04c1-424b-9868-57a2d4851a1d" relativeResultsDirectory="57ab985b-00e7-47b8-8c32-eeb26ebff2c0" /><UnitTestResult executionId="16bf989b-749f-4366-b837-b0c65c10c9b4" testId="00022376-1502-4d75-8634-e9ff42ae13d8" testName="TestExcluded" computerName="CZWWILLIAMRO1" duration="00:00:01.0400000" startTime="2018-10-19T16:42:19.0000000+01:00" endTime="2018-10-19T16:42:20.0000000+01:00" testType="13cdc9d9-ddb5-4fa4-a97d-d965ccfc6d4b" outcome="Passed" testListId="8c84fa94-04c1-424b-9868-57a2d4851a1d" relativeResultsDirectory="16bf989b-749f-4366-b837-b0c65c10c9b4" /><UnitTestResult executionId="33ee4a20-ae16-4d9d-85b8-6634b42fb962" testId="ce9551bb-1f56-486d-8d26-4c6a6a8d203a" testName="TestUnion_FirstIncluded" computerName="CZWWILLIAMRO1" duration="00:00:00.0020000" startTime="2018-10-19T16:42:36.0000000+01:00" endTime="2018-10-19T16:42:36.0000000+01:00" testType="13cdc9d9-ddb5-4fa4-a97d-d965ccfc6d4b" outcome="Passed" testListId="8c84fa94-04c1-424b-9868-57a2d4851a1d" relativeResultsDirectory="33ee4a20-ae16-4d9d-85b8-6634b42fb962" /><UnitTestResult executionId="0595f337-cccb-4e80-bf0a-f225b307aee7" testId="4219f7dd-a90e-4ee8-9600-0ad95471fc74" testName="TestOnlyIdealIncluded" computerName="CZWWILLIAMRO1" duration="00:00:00.0020000" startTime="2018-10-19T16:42:49.0000000+01:00" endTime="2018-10-19T16:42:49.0000000+01:00" testType="13cdc9d9-ddb5-4fa4-a97d-d965ccfc6d4b" outcome="Passed" testListId="8c84fa94-04c1-424b-9868-57a2d4851a1d" relativeResultsDirectory="0595f337-cccb-4e80-bf0a-f225b307aee7" /><UnitTestResult executionId="1bfc6ee6-e044-4770-8d5f-f37018a41171" testId="fe5cdd28-0c09-4c95-9f02-4f7931184f26" testName="TestGenerateMembersHistoric_From2010-01-01_WithoutMembersIdeal_WithExistingMembersHistoric" computerName="CZWWILLIAMRO1" duration="00:00:00.0220000" startTime="2018-10-19T16:43:32.0000000+01:00" endTime="2018-10-19T16:43:32.0000000+01:00" testType="13cdc9d9-ddb5-4fa4-a97d-d965ccfc6d4b" outcome="Passed" testListId="8c84fa94-04c1-424b-9868-57a2d4851a1d" relativeResultsDirectory="1bfc6ee6-e044-4770-8d5f-f37018a41171" /><UnitTestResult executionId="52dbb0d9-9c8e-41dc-a5dd-1e17bf458e96" testId="4fb7cc37-db24-426b-9e60-77eebaa5a377" testName="TestUnionMembers" computerName="CZWWILLIAMRO1" duration="00:00:01.0370000" startTime="2018-10-19T16:42:31.0000000+01:00" endTime="2018-10-19T16:42:32.0000000+01:00" testType="13cdc9d9-ddb5-4fa4-a97d-d965ccfc6d4b" outcome="Passed" testListId="8c84fa94-04c1-424b-9868-57a2d4851a1d" relativeResultsDirectory="52dbb0d9-9c8e-41dc-a5dd-1e17bf458e96" /><UnitTestResult executionId="0f233e31-d8c0-49b3-a776-daca0f4d3069" testId="0cf3be01-0b97-4608-8607-dbd7a8e097e7" testName="TestGenerateMembersHistoric_From2010-01-01_WithoutMembersIdeal_WithEmptyExistingMembersHistoric" computerName="CZWWILLIAMRO1" duration="00:00:00.0140000" startTime="2018-10-19T16:43:32.0000000+01:00" endTime="2018-10-19T16:43:33.0000000+01:00" testType="13cdc9d9-ddb5-4fa4-a97d-d965ccfc6d4b" outcome="Passed" testListId="8c84fa94-04c1-424b-9868-57a2d4851a1d" relativeResultsDirectory="0f233e31-d8c0-49b3-a776-daca0f4d3069" /><UnitTestResult executionId="a1ac055a-a9a2-4ce3-b1ad-a129cc40f5cb" testId="87dade91-dd66-4924-b302-bf2c361a8f7c" testName="TestGetAndValidateLatestReleaseState_LatestApproval" computerName="CZWWILLIAMRO1" duration="00:00:00.0220000" startTime="2018-10-19T16:42:51.0000000+01:00" endTime="2018-10-19T16:42:51.0000000+01:00" testType="13cdc9d9-ddb5-4fa4-a97d-d965ccfc6d4b" outcome="Passed" testListId="8c84fa94-04c1-424b-9868-57a2d4851a1d" relativeResultsDirectory="a1ac055a-a9a2-4ce3-b1ad-a129cc40f5cb" /><UnitTestResult executionId="c688489e-c4de-4240-a6ac-a07a4b1d6774" testId="3a808a7d-c3ec-4286-97a3-fe177788bcf3" testName="Same" computerName="CZWWILLIAMRO1" duration="00:00:00.0200000" startTime="2018-10-19T16:42:52.0000000+01:00" endTime="2018-10-19T16:42:52.0000000+01:00" testType="13cdc9d9-ddb5-4fa4-a97d-d965ccfc6d4b" outcome="Passed" testListId="8c84fa94-04c1-424b-9868-57a2d4851a1d" relativeResultsDirectory="c688489e-c4de-4240-a6ac-a07a4b1d6774" /><UnitTestResult executionId="00ec4199-9a2d-4d2a-82e3-f623b1adc5ad" testId="a23735d4-75bc-448c-b120-b1a18f2e3140" testName="TestMultipleMixedAdditions" computerName="CZWWILLIAMRO1" duration="00:00:00.0010000" startTime="2018-10-19T16:42:36.0000000+01:00" endTime="2018-10-19T16:42:36.0000000+01:00" testType="13cdc9d9-ddb5-4fa4-a97d-d965ccfc6d4b" outcome="Passed" testListId="8c84fa94-04c1-424b-9868-57a2d4851a1d" relativeResultsDirectory="00ec4199-9a2d-4d2a-82e3-f623b1adc5ad" /><UnitTestResult executionId="c5f1d684-0cf3-46e7-9c66-3ee4e10bac54" testId="8210d212-7d48-4f4f-bbe1-bd0e9b529917" testName="TestReleaseStates_Missing" computerName="CZWWILLIAMRO1" duration="00:00:00.0300000" startTime="2018-10-19T16:43:36.0000000+01:00" endTime="2018-10-19T16:43:36.0000000+01:00" testType="13cdc9d9-ddb5-4fa4-a97d-d965ccfc6d4b" outcome="Passed" testListId="8c84fa94-04c1-424b-9868-57a2d4851a1d" relativeResultsDirectory="c5f1d684-0cf3-46e7-9c66-3ee4e10bac54" /><UnitTestResult executionId="d260a067-2183-4d33-b375-d06967c0b614" testId="6fc80d21-02d7-42a3-82f6-85761e1d8559" testName="TestCorrectlyApplyEndDate_EndDefinedAfterMaxDate" computerName="CZWWILLIAMRO1" duration="00:00:00.1270000" startTime="2018-10-19T16:42:34.0000000+01:00" endTime="2018-10-19T16:42:34.0000000+01:00" testType="13cdc9d9-ddb5-4fa4-a97d-d965ccfc6d4b" outcome="Passed" testListId="8c84fa94-04c1-424b-9868-57a2d4851a1d" relativeResultsDirectory="d260a067-2183-4d33-b375-d06967c0b614" /><UnitTestResult executionId="976e696b-4f97-4793-9cf5-9f98e7a7599d" testId="d35eeb56-760c-4f77-a50b-866c5a5020d4" testName="TestConjunctionOverlapBothExcluded" computerName="CZWWILLIAMRO1" duration="00:00:00.0000001" startTime="2018-10-19T16:42:36.0000000+01:00" endTime="2018-10-19T16:42:36.0000000+01:00" testType="13cdc9d9-ddb5-4fa4-a97d-d965ccfc6d4b" outcome="Passed" testListId="8c84fa94-04c1-424b-9868-57a2d4851a1d" relativeResultsDirectory="976e696b-4f97-4793-9cf5-9f98e7a7599d" /><UnitTestResult executionId="e14e2764-db66-4725-9749-1c132f4985e8" testId="825c0819-de4b-4723-b88d-6293765182fc" testName="TestSendingRequestApprovalsIfNeeded_Send_Pending" computerName="CZWWILLIAMRO1" duration="00:00:00.0440000" startTime="2018-10-19T16:41:57.0000000+01:00" endTime="2018-10-19T16:41:57.0000000+01:00" testType="13cdc9d9-ddb5-4fa4-a97d-d965ccfc6d4b" outcome="Passed" testListId="8c84fa94-04c1-424b-9868-57a2d4851a1d" relativeResultsDirectory="e14e2764-db66-4725-9749-1c132f4985e8" /><UnitTestResult executionId="84c3539c-f38c-4500-9f81-b2c51ccce3df" testId="3fde99c0-71a8-4477-80c4-852341c88646" testName="TestDateExclusion" computerName="CZWWILLIAMRO1" duration="00:00:00.0010000" startTime="2018-10-19T16:42:36.0000000+01:00" endTime="2018-10-19T16:42:36.0000000+01:00" testType="13cdc9d9-ddb5-4fa4-a97d-d965ccfc6d4b" outcome="Passed" testListId="8c84fa94-04c1-424b-9868-57a2d4851a1d" relativeResultsDirectory="84c3539c-f38c-4500-9f81-b2c51ccce3df" /><UnitTestResult executionId="a7d2ea52-2a90-4992-b0fe-9b853e61d21f" testId="37728ef5-5496-4d9c-ac20-c4431cb6cb8c" testName="TestExtendTo_Excluded" computerName="CZWWILLIAMRO1" duration="00:00:00.0010000" startTime="2018-10-19T16:42:36.0000000+01:00" endTime="2018-10-19T16:42:36.0000000+01:00" testType="13cdc9d9-ddb5-4fa4-a97d-d965ccfc6d4b" outcome="Passed" testListId="8c84fa94-04c1-424b-9868-57a2d4851a1d" relativeResultsDirectory="a7d2ea52-2a90-4992-b0fe-9b853e61d21f" /><UnitTestResult executionId="a283d772-ea9e-4faf-ad19-2286bb8120c5" testId="1340e12d-4be8-492b-a937-8abf71270045" testName="TestMergerOverEnd" computerName="CZWWILLIAMRO1" duration="00:00:00.0350000" startTime="2018-10-19T16:42:17.0000000+01:00" endTime="2018-10-19T16:42:17.0000000+01:00" testType="13cdc9d9-ddb5-4fa4-a97d-d965ccfc6d4b" outcome="Passed" testListId="8c84fa94-04c1-424b-9868-57a2d4851a1d" relativeResultsDirectory="a283d772-ea9e-4faf-ad19-2286bb8120c5" /><UnitTestResult executionId="559ce2bd-89ab-43f8-93dd-471d04733e77" testId="0c84eb2a-4e7f-4d93-93af-d48b7a5f4686" testName="TestBufferSize" computerName="CZWWILLIAMRO1" duration="00:00:00.0020000" startTime="2018-10-19T16:43:27.0000000+01:00" endTime="2018-10-19T16:43:27.0000000+01:00" testType="13cdc9d9-ddb5-4fa4-a97d-d965ccfc6d4b" outcome="Passed" testListId="8c84fa94-04c1-424b-9868-57a2d4851a1d" relativeResultsDirectory="559ce2bd-89ab-43f8-93dd-471d04733e77" /><UnitTestResult executionId="16114bc4-8408-4ff7-8854-03f7a995ddb9" testId="08b56c3f-d11b-4773-8249-0ac69a1895ba" testName="TestIdealAndExistingUnion" computerName="CZWWILLIAMRO1" duration="00:00:00.9220000" startTime="2018-10-19T16:42:47.0000000+01:00" endTime="2018-10-19T16:42:48.0000000+01:00" testType="13cdc9d9-ddb5-4fa4-a97d-d965ccfc6d4b" outcome="Passed" testListId="8c84fa94-04c1-424b-9868-57a2d4851a1d" relativeResultsDirectory="16114bc4-8408-4ff7-8854-03f7a995ddb9" /><UnitTestResult executionId="56751041-444b-4338-a0c6-c3aa623b59b7" testId="d28f465c-38fb-48ac-a278-5bb91d546097" testName="TestHasEverBeenOnUniverseValidExchange" computerName="CZWWILLIAMRO1" duration="00:00:00.0440000" startTime="2018-10-19T16:43:36.0000000+01:00" endTime="2018-10-19T16:43:36.0000000+01:00" testType="13cdc9d9-ddb5-4fa4-a97d-d965ccfc6d4b" outcome="Passed" testListId="8c84fa94-04c1-424b-9868-57a2d4851a1d" relativeResultsDirectory="56751041-444b-4338-a0c6-c3aa623b59b7" /><UnitTestResult executionId="5c1194fd-d6d4-4ec9-9687-e7effc14358b" testId="e5c8b73a-d514-43aa-bb55-4c7ebe0c3a97" testName="TestSyncUniverse_NotRequestApproval_IfNotEligibleForRelease" computerName="CZWWILLIAMRO1" duration="00:00:00.0420000" startTime="2018-10-19T16:43:14.0000000+01:00" endTime="2018-10-19T16:43:14.0000000+01:00" testType="13cdc9d9-ddb5-4fa4-a97d-d965ccfc6d4b" outcome="Passed" testListId="8c84fa94-04c1-424b-9868-57a2d4851a1d" relativeResultsDirectory="5c1194fd-d6d4-4ec9-9687-e7effc14358b" /><UnitTestResult executionId="744d6050-a606-4396-b654-bf3c78cd48a1" testId="0eedc7cb-521e-406b-9ec8-aac14695636a" testName="TestReportCompleteExclusion" computerName="CZWWILLIAMRO1" duration="00:00:00.9430000" startTime="2018-10-19T16:42:10.0000000+01:00" endTime="2018-10-19T16:42:11.0000000+01:00" testType="13cdc9d9-ddb5-4fa4-a97d-d965ccfc6d4b" outcome="Passed" testListId="8c84fa94-04c1-424b-9868-57a2d4851a1d" relativeResultsDirectory="744d6050-a606-4396-b654-bf3c78cd48a1" /><UnitTestResult executionId="0712e3ae-6e41-4081-9936-09905badebff" testId="fdfa5b89-eaba-466c-9c16-7cf266e8af00" testName="TestIsEligibleForRelease_PendingEligible" computerName="CZWWILLIAMRO1" duration="00:00:00.0160000" startTime="2018-10-19T16:42:51.0000000+01:00" endTime="2018-10-19T16:42:51.0000000+01:00" testType="13cdc9d9-ddb5-4fa4-a97d-d965ccfc6d4b" outcome="Passed" testListId="8c84fa94-04c1-424b-9868-57a2d4851a1d" relativeResultsDirectory="0712e3ae-6e41-4081-9936-09905badebff" /><UnitTestResult executionId="5cebfa9c-fb9b-441c-b10f-08ec25dfd258" testId="2cecfdda-75a2-4017-a292-2492e3e51cec" testName="TestExcludeZero" computerName="CZWWILLIAMRO1" duration="00:00:00.0000001" startTime="2018-10-19T16:42:27.0000000+01:00" endTime="2018-10-19T16:42:27.0000000+01:00" testType="13cdc9d9-ddb5-4fa4-a97d-d965ccfc6d4b" outcome="Passed" testListId="8c84fa94-04c1-424b-9868-57a2d4851a1d" relativeResultsDirectory="5cebfa9c-fb9b-441c-b10f-08ec25dfd258" /><UnitTestResult executionId="564be44c-d463-4bf9-97bb-65e7aa1cc6ad" testId="20016b9f-da35-41d4-a3f2-5795d1ee121b" testName="TestReleaseState_SkipApproved" computerName="CZWWILLIAMRO1" duration="00:00:00.0150000" startTime="2018-10-19T16:43:07.0000000+01:00" endTime="2018-10-19T16:43:07.0000000+01:00" testType="13cdc9d9-ddb5-4fa4-a97d-d965ccfc6d4b" outcome="Passed" testListId="8c84fa94-04c1-424b-9868-57a2d4851a1d" relativeResultsDirectory="564be44c-d463-4bf9-97bb-65e7aa1cc6ad" /><UnitTestResult executionId="74b3e1ea-e759-4f82-bdfa-e0c640451aae" testId="8bb74383-01a6-4943-b66b-a925d128b04e" testName="TestNoChanges_FullyIncluded" computerName="CZWWILLIAMRO1" duration="00:00:00.0680000" startTime="2018-10-19T16:43:16.0000000+01:00" endTime="2018-10-19T16:43:16.0000000+01:00" testType="13cdc9d9-ddb5-4fa4-a97d-d965ccfc6d4b" outcome="Passed" testListId="8c84fa94-04c1-424b-9868-57a2d4851a1d" relativeResultsDirectory="74b3e1ea-e759-4f82-bdfa-e0c640451aae" /><UnitTestResult executionId="79ca469c-3902-4f44-9017-853a52581597" testId="baedd598-ddbd-4735-858e-b630dd58982e" testName="TestWritePendingMembersAndMembersIdeal(True,True)" computerName="CZWWILLIAMRO1" duration="00:00:00.9560000" startTime="2018-10-19T16:43:21.0000000+01:00" endTime="2018-10-19T16:43:22.0000000+01:00" testType="13cdc9d9-ddb5-4fa4-a97d-d965ccfc6d4b" outcome="Passed" testListId="8c84fa94-04c1-424b-9868-57a2d4851a1d" relativeResultsDirectory="79ca469c-3902-4f44-9017-853a52581597" /><UnitTestResult executionId="58dd1251-4506-4026-9fd8-fd43e5fcb2c7" testId="6f9498ba-4efb-46d9-bf65-f154019c6012" testName="TestInUniverse" computerName="CZWWILLIAMRO1" duration="00:00:00.0170000" startTime="2018-10-19T16:42:03.0000000+01:00" endTime="2018-10-19T16:42:03.0000000+01:00" testType="13cdc9d9-ddb5-4fa4-a97d-d965ccfc6d4b" outcome="Passed" testListId="8c84fa94-04c1-424b-9868-57a2d4851a1d" relativeResultsDirectory="58dd1251-4506-4026-9fd8-fd43e5fcb2c7" /><UnitTestResult executionId="3eba8f40-c0ee-4aca-928a-9a9b527a6fa7" testId="d797a914-8eac-43e3-9c71-82427f04a666" testName="TestGetAndValidateLatestReleaseState_InvalidRelease" computerName="CZWWILLIAMRO1" duration="00:00:00.0180000" startTime="2018-10-19T16:42:51.0000000+01:00" endTime="2018-10-19T16:42:51.0000000+01:00" testType="13cdc9d9-ddb5-4fa4-a97d-d965ccfc6d4b" outcome="Passed" testListId="8c84fa94-04c1-424b-9868-57a2d4851a1d" relativeResultsDirectory="3eba8f40-c0ee-4aca-928a-9a9b527a6fa7" /><UnitTestResult executionId="f9c86058-ca12-4f56-b4d8-b01d789e333d" testId="2ffd3d52-4def-4271-898a-99049b29601f" testName="TestGenerateMembersHistoric_From0001-01-01_WithMembersIdealAroundExistingMembersHistoricEndDate_WithExistingMembersHistoric" computerName="CZWWILLIAMRO1" duration="00:00:00.0250000" startTime="2018-10-19T16:43:32.0000000+01:00" endTime="2018-10-19T16:43:32.0000000+01:00" testType="13cdc9d9-ddb5-4fa4-a97d-d965ccfc6d4b" outcome="Passed" testListId="8c84fa94-04c1-424b-9868-57a2d4851a1d" relativeResultsDirectory="f9c86058-ca12-4f56-b4d8-b01d789e333d" /><UnitTestResult executionId="56301db9-a907-4341-83c8-05ef18a15b23" testId="17411a3a-6416-4af7-a583-d29fd0c74425" testName="TestDiffs" computerName="CZWWILLIAMRO1" duration="00:00:01.2050000" startTime="2018-10-19T16:41:49.0000000+01:00" endTime="2018-10-19T16:41:50.0000000+01:00" testType="13cdc9d9-ddb5-4fa4-a97d-d965ccfc6d4b" outcome="Passed" testListId="8c84fa94-04c1-424b-9868-57a2d4851a1d" relativeResultsDirectory="56301db9-a907-4341-83c8-05ef18a15b23" /><UnitTestResult executionId="7c502bda-b924-482a-9095-ad9054a76b49" testId="ff7fd17e-323d-4094-9d28-fc87de0a61ae" testName="TestEtfStockAsUnderlyingType" computerName="CZWWILLIAMRO1" duration="00:00:00.9450000" startTime="2018-10-19T16:42:09.0000000+01:00" endTime="2018-10-19T16:42:10.0000000+01:00" testType="13cdc9d9-ddb5-4fa4-a97d-d965ccfc6d4b" outcome="Passed" testListId="8c84fa94-04c1-424b-9868-57a2d4851a1d" relativeResultsDirectory="7c502bda-b924-482a-9095-ad9054a76b49" /><UnitTestResult executionId="0202a2d2-0011-4318-9693-5747a69349a8" testId="57d15f57-146e-42e0-9ce6-07e998ef55b7" testName="TestNoDiffs_AllEmpty" computerName="CZWWILLIAMRO1" duration="00:00:00.0990000" startTime="2018-10-19T16:41:50.0000000+01:00" endTime="2018-10-19T16:41:51.0000000+01:00" testType="13cdc9d9-ddb5-4fa4-a97d-d965ccfc6d4b" outcome="Passed" testListId="8c84fa94-04c1-424b-9868-57a2d4851a1d" relativeResultsDirectory="0202a2d2-0011-4318-9693-5747a69349a8" /><UnitTestResult executionId="e752e7d9-4088-4efd-bd18-17aaf8b717b1" testId="f7190773-1ce5-4ec6-9ac2-4f935e2ac602" testName="TestEnumerableRange_ToAfterEnd" computerName="CZWWILLIAMRO1" duration="00:00:00.0000001" startTime="2018-10-19T16:42:36.0000000+01:00" endTime="2018-10-19T16:42:36.0000000+01:00" testType="13cdc9d9-ddb5-4fa4-a97d-d965ccfc6d4b" outcome="Passed" testListId="8c84fa94-04c1-424b-9868-57a2d4851a1d" relativeResultsDirectory="e752e7d9-4088-4efd-bd18-17aaf8b717b1" /><UnitTestResult executionId="0cde2cc1-f664-480f-bdc6-76ca6e32fabe" testId="8c832036-ea78-4ec5-a68f-d1b91fce165a" testName="TestGenerateMembersHistoric_From2010-01-01_WithMembersIdealOnExistingMembersHistoricEndDate_WithExistingMembersHistoric" computerName="CZWWILLIAMRO1" duration="00:00:00.0310000" startTime="2018-10-19T16:43:33.0000000+01:00" endTime="2018-10-19T16:43:33.0000000+01:00" testType="13cdc9d9-ddb5-4fa4-a97d-d965ccfc6d4b" outcome="Passed" testListId="8c84fa94-04c1-424b-9868-57a2d4851a1d" relativeResultsDirectory="0cde2cc1-f664-480f-bdc6-76ca6e32fabe" /><UnitTestResult executionId="2027bcfa-1b72-46e1-860b-e1d5145fa648" testId="e7dcd4a9-b2d8-415e-8463-1f1f60e37a98" testName="TestApprovalState_SkipPending" computerName="CZWWILLIAMRO1" duration="00:00:01.0290000" startTime="2018-10-19T16:43:05.0000000+01:00" endTime="2018-10-19T16:43:06.0000000+01:00" testType="13cdc9d9-ddb5-4fa4-a97d-d965ccfc6d4b" outcome="Passed" testListId="8c84fa94-04c1-424b-9868-57a2d4851a1d" relativeResultsDirectory="2027bcfa-1b72-46e1-860b-e1d5145fa648" /><UnitTestResult executionId="8ee427c6-5474-4470-8132-400f847772bc" testId="bf135fe6-1328-451e-9feb-44117f10a700" testName="TestCreateAuxiliaryMembers_Empty" computerName="CZWWILLIAMRO1" duration="00:00:00.0010000" startTime="2018-10-19T16:42:45.0000000+01:00" endTime="2018-10-19T16:42:45.0000000+01:00" testType="13cdc9d9-ddb5-4fa4-a97d-d965ccfc6d4b" outcome="Passed" testListId="8c84fa94-04c1-424b-9868-57a2d4851a1d" relativeResultsDirectory="8ee427c6-5474-4470-8132-400f847772bc" /><UnitTestResult executionId="856ac742-c3b8-48f3-8666-4fd6d255598e" testId="f8abe9d4-1ab0-40a3-b2fc-a7bc546a901b" testName="TestMultipleDifferentContracts_NotOverlaping" computerName="CZWWILLIAMRO1" duration="00:00:00.2820000" startTime="2018-10-19T16:42:41.0000000+01:00" endTime="2018-10-19T16:42:41.0000000+01:00" testType="13cdc9d9-ddb5-4fa4-a97d-d965ccfc6d4b" outcome="Passed" testListId="8c84fa94-04c1-424b-9868-57a2d4851a1d" relativeResultsDirectory="856ac742-c3b8-48f3-8666-4fd6d255598e" /><UnitTestResult executionId="a93ec1ec-92d5-4292-9053-f7e835c28561" testId="c7cfe934-61af-4593-b681-140cbb268f0a" testName="TestSendReleaseApprovedEmailIfNeeded_Superseded" computerName="CZWWILLIAMRO1" duration="00:00:00.0200000" startTime="2018-10-19T16:41:57.0000000+01:00" endTime="2018-10-19T16:41:57.0000000+01:00" testType="13cdc9d9-ddb5-4fa4-a97d-d965ccfc6d4b" outcome="Passed" testListId="8c84fa94-04c1-424b-9868-57a2d4851a1d" relativeResultsDirectory="a93ec1ec-92d5-4292-9053-f7e835c28561" /><UnitTestResult executionId="ad5a0205-7647-4bbe-a521-36ae28753f04" testId="71d80a8b-52d9-470b-87e7-cc09d180e811" testName="TestDiffsWithReasonsWhenFirstIncluded" computerName="CZWWILLIAMRO1" duration="00:00:00.0010000" startTime="2018-10-19T16:42:36.0000000+01:00" endTime="2018-10-19T16:42:36.0000000+01:00" testType="13cdc9d9-ddb5-4fa4-a97d-d965ccfc6d4b" outcome="Passed" testListId="8c84fa94-04c1-424b-9868-57a2d4851a1d" relativeResultsDirectory="ad5a0205-7647-4bbe-a521-36ae28753f04" /><UnitTestResult executionId="264a940d-da08-427a-9167-39e5fe72fc53" testId="95429ed0-a6b3-4c95-926c-49d0a74f4ca6" testName="TestIdealStocks" computerName="CZWWILLIAMRO1" duration="00:00:00.9500000" startTime="2018-10-19T16:42:46.0000000+01:00" endTime="2018-10-19T16:42:47.0000000+01:00" testType="13cdc9d9-ddb5-4fa4-a97d-d965ccfc6d4b" outcome="Passed" testListId="8c84fa94-04c1-424b-9868-57a2d4851a1d" relativeResultsDirectory="264a940d-da08-427a-9167-39e5fe72fc53" /><UnitTestResult executionId="e208b8e3-a733-46b4-8b51-0dec2d0b8e25" testId="d9e6bd6d-195f-4998-be11-80cc177d3cb0" testName="TestBelowToBetweenToAbove" computerName="CZWWILLIAMRO1" duration="00:00:00.0010000" startTime="2018-10-19T16:42:04.0000000+01:00" endTime="2018-10-19T16:42:04.0000000+01:00" testType="13cdc9d9-ddb5-4fa4-a97d-d965ccfc6d4b" outcome="Passed" testListId="8c84fa94-04c1-424b-9868-57a2d4851a1d" relativeResultsDirectory="e208b8e3-a733-46b4-8b51-0dec2d0b8e25" /><UnitTestResult executionId="b20f2119-8391-43ef-97ba-60abdeb7f6ac" testId="10d7233c-f718-440d-b702-39b0ba2928b7" testName="TestAllIncluded_TruncateStartToUniverseBeginTrading" computerName="CZWWILLIAMRO1" duration="00:00:00.0030000" startTime="2018-10-19T16:42:49.0000000+01:00" endTime="2018-10-19T16:42:49.0000000+01:00" testType="13cdc9d9-ddb5-4fa4-a97d-d965ccfc6d4b" outcome="Passed" testListId="8c84fa94-04c1-424b-9868-57a2d4851a1d" relativeResultsDirectory="b20f2119-8391-43ef-97ba-60abdeb7f6ac" /><UnitTestResult executionId="702a6c80-30d7-40f8-88bd-94a1b850ebbb" testId="fdd8e251-683f-47ab-a7af-f5a31db5d76e" testName="TestRegion" computerName="CZWWILLIAMRO1" duration="00:00:00.0280000" startTime="2018-10-19T16:43:36.0000000+01:00" endTime="2018-10-19T16:43:36.0000000+01:00" testType="13cdc9d9-ddb5-4fa4-a97d-d965ccfc6d4b" outcome="Passed" testListId="8c84fa94-04c1-424b-9868-57a2d4851a1d" relativeResultsDirectory="702a6c80-30d7-40f8-88bd-94a1b850ebbb" /><UnitTestResult executionId="21d53e6b-b100-43c7-8138-1b82a13fde8b" testId="90af246d-0598-4104-b1dc-f5404cfa79bf" testName="TestExcludeForSixMonthsFromBirth_OverStart" computerName="CZWWILLIAMRO1" duration="00:00:00.0150000" startTime="2018-10-19T16:42:12.0000000+01:00" endTime="2018-10-19T16:42:12.0000000+01:00" testType="13cdc9d9-ddb5-4fa4-a97d-d965ccfc6d4b" outcome="Passed" testListId="8c84fa94-04c1-424b-9868-57a2d4851a1d" relativeResultsDirectory="21d53e6b-b100-43c7-8138-1b82a13fde8b" /><UnitTestResult executionId="5651e3cc-aee3-41a5-b303-26e09ec904e4" testId="bc01ff1e-ad90-42d1-9f77-300cfd1c2da9" testName="TestRequiredFields" computerName="CZWWILLIAMRO1" duration="00:00:00.0460000" startTime="2018-10-19T16:42:29.0000000+01:00" endTime="2018-10-19T16:42:29.0000000+01:00" testType="13cdc9d9-ddb5-4fa4-a97d-d965ccfc6d4b" outcome="Passed" testListId="8c84fa94-04c1-424b-9868-57a2d4851a1d" relativeResultsDirectory="5651e3cc-aee3-41a5-b303-26e09ec904e4" /><UnitTestResult executionId="08816293-555e-4b0f-8c0d-fdbf9e7cd6fc" testId="90f60180-82a7-4730-beee-9509ce4430bb" testName="TestDoNotAddOptionalErrorToApprovalRequests_MissingEntryFromLifetimeHelper_Execution" computerName="CZWWILLIAMRO1" duration="00:00:00.1120000" startTime="2018-10-19T16:41:56.0000000+01:00" endTime="2018-10-19T16:41:56.0000000+01:00" testType="13cdc9d9-ddb5-4fa4-a97d-d965ccfc6d4b" outcome="Passed" testListId="8c84fa94-04c1-424b-9868-57a2d4851a1d" relativeResultsDirectory="08816293-555e-4b0f-8c0d-fdbf9e7cd6fc" /><UnitTestResult executionId="687ddb8b-8e58-459d-9f44-ce888554b33d" testId="0b5f55b0-a380-4b8f-a741-d1dc78dc8873" testName="TestExcludeForSixMonthsFromBirth_AfterStart" computerName="CZWWILLIAMRO1" duration="00:00:00.0240000" startTime="2018-10-19T16:42:12.0000000+01:00" endTime="2018-10-19T16:42:12.0000000+01:00" testType="13cdc9d9-ddb5-4fa4-a97d-d965ccfc6d4b" outcome="Passed" testListId="8c84fa94-04c1-424b-9868-57a2d4851a1d" relativeResultsDirectory="687ddb8b-8e58-459d-9f44-ce888554b33d" /><UnitTestResult executionId="d8594a49-2999-4474-869d-796799033bae" testId="658dc834-9b5e-4026-a209-fa069b1d5faa" testName="TestSyncUniverse_AutoApproval" computerName="CZWWILLIAMRO1" duration="00:00:00.0930000" startTime="2018-10-19T16:43:04.0000000+01:00" endTime="2018-10-19T16:43:04.0000000+01:00" testType="13cdc9d9-ddb5-4fa4-a97d-d965ccfc6d4b" outcome="Passed" testListId="8c84fa94-04c1-424b-9868-57a2d4851a1d" relativeResultsDirectory="d8594a49-2999-4474-869d-796799033bae" /><UnitTestResult executionId="1bb20e1c-f3e9-47aa-b05b-e83baee2b342" testId="a5280c6a-3f63-4ff0-8c50-176c1c474a72" testName="TestLiveMembersIdeal" computerName="CZWWILLIAMRO1" duration="00:00:00.0250000" startTime="2018-10-19T16:43:36.0000000+01:00" endTime="2018-10-19T16:43:36.0000000+01:00" testType="13cdc9d9-ddb5-4fa4-a97d-d965ccfc6d4b" outcome="Passed" testListId="8c84fa94-04c1-424b-9868-57a2d4851a1d" relativeResultsDirectory="1bb20e1c-f3e9-47aa-b05b-e83baee2b342" /><UnitTestResult executionId="98e55b52-84f9-4928-99f8-1978eec6ba76" testId="dfb50eb8-b22d-4332-80be-23715d7af6b9" testName="TestRemoveDead_OnStart" computerName="CZWWILLIAMRO1" duration="00:00:00.0020000" startTime="2018-10-19T16:42:01.0000000+01:00" endTime="2018-10-19T16:42:01.0000000+01:00" testType="13cdc9d9-ddb5-4fa4-a97d-d965ccfc6d4b" outcome="Passed" testListId="8c84fa94-04c1-424b-9868-57a2d4851a1d" relativeResultsDirectory="98e55b52-84f9-4928-99f8-1978eec6ba76" /><UnitTestResult executionId="b16930c9-f399-4aa9-87fa-8f1a0f59a81f" testId="118f56ff-dc2c-4494-a85d-350d0c43736f" testName="TestBucketMonthExclusionFine_OutOfRange" computerName="CZWWILLIAMRO1" duration="00:00:00.0010000" startTime="2018-10-19T16:42:36.0000000+01:00" endTime="2018-10-19T16:42:36.0000000+01:00" testType="13cdc9d9-ddb5-4fa4-a97d-d965ccfc6d4b" outcome="Passed" testListId="8c84fa94-04c1-424b-9868-57a2d4851a1d" relativeResultsDirectory="b16930c9-f399-4aa9-87fa-8f1a0f59a81f" /><UnitTestResult executionId="4d42c554-2f82-45fa-8854-08fdb1ae5e5b" testId="67558a39-78ff-4587-8aa5-af8562d5c0f4" testName="TestLoadFutures" computerName="CZWWILLIAMRO1" duration="00:00:00.0100000" startTime="2018-10-19T16:42:43.0000000+01:00" endTime="2018-10-19T16:42:43.0000000+01:00" testType="13cdc9d9-ddb5-4fa4-a97d-d965ccfc6d4b" outcome="Passed" testListId="8c84fa94-04c1-424b-9868-57a2d4851a1d" relativeResultsDirectory="4d42c554-2f82-45fa-8854-08fdb1ae5e5b" /><UnitTestResult executionId="d0d74891-86f3-4b5d-9408-2c21f18b4b85" testId="542aa47d-286e-4d4c-a786-02041171960d" testName="TestRequestApprovalsIfNeeded_DoNotSend_Cancelled" computerName="CZWWILLIAMRO1" duration="00:00:00.0280000" startTime="2018-10-19T16:41:56.0000000+01:00" endTime="2018-10-19T16:41:57.0000000+01:00" testType="13cdc9d9-ddb5-4fa4-a97d-d965ccfc6d4b" outcome="Passed" testListId="8c84fa94-04c1-424b-9868-57a2d4851a1d" relativeResultsDirectory="d0d74891-86f3-4b5d-9408-2c21f18b4b85" /><UnitTestResult executionId="fc7c9101-3bca-4934-a300-ddb051b56107" testId="38bfc717-96da-4fff-9031-fe7b9d923793" testName="TestEnumerableRange_ToAfterStart" computerName="CZWWILLIAMRO1" duration="00:00:00.0000001" startTime="2018-10-19T16:42:36.0000000+01:00" endTime="2018-10-19T16:42:36.0000000+01:00" testType="13cdc9d9-ddb5-4fa4-a97d-d965ccfc6d4b" outcome="Passed" testListId="8c84fa94-04c1-424b-9868-57a2d4851a1d" relativeResultsDirectory="fc7c9101-3bca-4934-a300-ddb051b56107" /><UnitTestResult executionId="faae299f-a12d-49c3-9d45-a56df277321e" testId="4d618196-986e-4849-a50d-b0f268ebfeef" testName="TestFetchStocks" computerName="CZWWILLIAMRO1" duration="00:00:01.0920000" startTime="2018-10-19T16:43:38.0000000+01:00" endTime="2018-10-19T16:43:39.0000000+01:00" testType="13cdc9d9-ddb5-4fa4-a97d-d965ccfc6d4b" outcome="Passed" testListId="8c84fa94-04c1-424b-9868-57a2d4851a1d" relativeResultsDirectory="faae299f-a12d-49c3-9d45-a56df277321e" /><UnitTestResult executionId="5cfb4bb4-8928-4868-931c-d882f611e1b7" testId="5060550d-0174-4e51-91ef-ecdb3565d4da" testName="TestSendWithNoDifferences" computerName="CZWWILLIAMRO1" duration="00:00:00.1170000" startTime="2018-10-19T16:41:54.0000000+01:00" endTime="2018-10-19T16:41:54.0000000+01:00" testType="13cdc9d9-ddb5-4fa4-a97d-d965ccfc6d4b" outcome="Passed" testListId="8c84fa94-04c1-424b-9868-57a2d4851a1d" relativeResultsDirectory="5cfb4bb4-8928-4868-931c-d882f611e1b7" /><UnitTestResult executionId="f2dce5e3-7d13-40e5-802f-768e1c1d6739" testId="e7c24bb8-ed6c-4a31-9116-26caa70486f0" testName="TestConjunctionGap" computerName="CZWWILLIAMRO1" duration="00:00:00.0020000" startTime="2018-10-19T16:42:36.0000000+01:00" endTime="2018-10-19T16:42:36.0000000+01:00" testType="13cdc9d9-ddb5-4fa4-a97d-d965ccfc6d4b" outcome="Passed" testListId="8c84fa94-04c1-424b-9868-57a2d4851a1d" relativeResultsDirectory="f2dce5e3-7d13-40e5-802f-768e1c1d6739" /><UnitTestResult executionId="026177f5-0d50-4851-9056-8a957cc526cb" testId="2ee01098-5da7-49dd-ab6c-374bb20fd133" testName="TestAboveToBetweenToBelow" computerName="CZWWILLIAMRO1" duration="00:00:00.0000001" startTime="2018-10-19T16:42:04.0000000+01:00" endTime="2018-10-19T16:42:04.0000000+01:00" testType="13cdc9d9-ddb5-4fa4-a97d-d965ccfc6d4b" outcome="Passed" testListId="8c84fa94-04c1-424b-9868-57a2d4851a1d" relativeResultsDirectory="026177f5-0d50-4851-9056-8a957cc526cb" /><UnitTestResult executionId="5dbdc9b8-b50e-48f4-95fa-9cd24c7a9883" testId="77e8d113-00d6-43d2-b72d-b433ac090a26" testName="TestWithMembersIdealOnly_OverToday" computerName="CZWWILLIAMRO1" duration="00:00:00.0300000" startTime="2018-10-19T16:42:32.0000000+01:00" endTime="2018-10-19T16:42:32.0000000+01:00" testType="13cdc9d9-ddb5-4fa4-a97d-d965ccfc6d4b" outcome="Passed" testListId="8c84fa94-04c1-424b-9868-57a2d4851a1d" relativeResultsDirectory="5dbdc9b8-b50e-48f4-95fa-9cd24c7a9883" /><UnitTestResult executionId="28e611f2-c31d-4a81-8e44-229800ccefa3" testId="19e2abd1-b925-4cd2-9d83-aa42d7150649" testName="TestExcludedFrom" computerName="CZWWILLIAMRO1" duration="00:00:00.0260000" startTime="2018-10-19T16:42:20.0000000+01:00" endTime="2018-10-19T16:42:20.0000000+01:00" testType="13cdc9d9-ddb5-4fa4-a97d-d965ccfc6d4b" outcome="Passed" testListId="8c84fa94-04c1-424b-9868-57a2d4851a1d" relativeResultsDirectory="28e611f2-c31d-4a81-8e44-229800ccefa3" /><UnitTestResult executionId="cd710f96-c390-4dd8-87af-2b3517916598" testId="f1cf039f-e18b-47bf-9dce-6b550e3c6bbc" testName="TestNotExcluded" computerName="CZWWILLIAMRO1" duration="00:00:00.0010000" startTime="2018-10-19T16:42:18.0000000+01:00" endTime="2018-10-19T16:42:18.0000000+01:00" testType="13cdc9d9-ddb5-4fa4-a97d-d965ccfc6d4b" outcome="Passed" testListId="8c84fa94-04c1-424b-9868-57a2d4851a1d" relativeResultsDirectory="cd710f96-c390-4dd8-87af-2b3517916598" /><UnitTestResult executionId="d305fd1d-895f-4e9f-bfe8-62a96f32c824" testId="a2a60769-1b75-4a2c-b033-f4f7209d8671" testName="TestCorrectlyApplyEndDate_MissingStock" computerName="CZWWILLIAMRO1" duration="00:00:00.0980000" startTime="2018-10-19T16:42:34.0000000+01:00" endTime="2018-10-19T16:42:34.0000000+01:00" testType="13cdc9d9-ddb5-4fa4-a97d-d965ccfc6d4b" outcome="Passed" testListId="8c84fa94-04c1-424b-9868-57a2d4851a1d" relativeResultsDirectory="d305fd1d-895f-4e9f-bfe8-62a96f32c824" /><UnitTestResult executionId="6d924877-fafc-49e9-854d-1ddcc45c7c63" testId="f95178ee-c305-4020-9c4b-3783a603519f" testName="TestStockInMembersExclusionsBeyondRange_Start" computerName="CZWWILLIAMRO1" duration="00:00:00.0140000" startTime="2018-10-19T16:42:09.0000000+01:00" endTime="2018-10-19T16:42:09.0000000+01:00" testType="13cdc9d9-ddb5-4fa4-a97d-d965ccfc6d4b" outcome="Passed" testListId="8c84fa94-04c1-424b-9868-57a2d4851a1d" relativeResultsDirectory="6d924877-fafc-49e9-854d-1ddcc45c7c63" /><UnitTestResult executionId="5ff2648f-5b91-492f-b5dc-577950951903" testId="c651e490-1692-442a-992b-9f96a35f44ed" testName="TestExcludedHalfWayThrough" computerName="CZWWILLIAMRO1" duration="00:00:00.0520000" startTime="2018-10-19T16:43:16.0000000+01:00" endTime="2018-10-19T16:43:16.0000000+01:00" testType="13cdc9d9-ddb5-4fa4-a97d-d965ccfc6d4b" outcome="Passed" testListId="8c84fa94-04c1-424b-9868-57a2d4851a1d" relativeResultsDirectory="5ff2648f-5b91-492f-b5dc-577950951903" /><UnitTestResult executionId="e3899a72-6c27-4c94-9c0d-158053cbcca2" testId="a3ab4a8f-3e88-41fb-aaf9-dfc0b5b71255" testName="TestNoDiffMixed_MixedReasons" computerName="CZWWILLIAMRO1" duration="00:00:00.0000001" startTime="2018-10-19T16:42:36.0000000+01:00" endTime="2018-10-19T16:42:36.0000000+01:00" testType="13cdc9d9-ddb5-4fa4-a97d-d965ccfc6d4b" outcome="Passed" testListId="8c84fa94-04c1-424b-9868-57a2d4851a1d" relativeResultsDirectory="e3899a72-6c27-4c94-9c0d-158053cbcca2" /><UnitTestResult executionId="8ec38e41-8e53-4a8b-a7a3-a331c0e742c6" testId="dd38cb24-821a-4fff-aec4-d912dbe00ad1" testName="TestCreateNewSyntheticFutures" computerName="CZWWILLIAMRO1" duration="00:00:00.9940000" startTime="2018-10-19T16:42:39.0000000+01:00" endTime="2018-10-19T16:42:40.0000000+01:00" testType="13cdc9d9-ddb5-4fa4-a97d-d965ccfc6d4b" outcome="Passed" testListId="8c84fa94-04c1-424b-9868-57a2d4851a1d" relativeResultsDirectory="8ec38e41-8e53-4a8b-a7a3-a331c0e742c6" /><UnitTestResult executionId="04da996d-e462-4366-b39c-bce2d2b694ab" testId="059263c2-46ec-440c-ac63-f763f8369678" testName="TestPropagatedExclusionReasons_Excluded" computerName="CZWWILLIAMRO1" duration="00:00:00.0000001" startTime="2018-10-19T16:42:36.0000000+01:00" endTime="2018-10-19T16:42:36.0000000+01:00" testType="13cdc9d9-ddb5-4fa4-a97d-d965ccfc6d4b" outcome="Passed" testListId="8c84fa94-04c1-424b-9868-57a2d4851a1d" relativeResultsDirectory="04da996d-e462-4366-b39c-bce2d2b694ab" /><UnitTestResult executionId="729e2920-3e1d-42ec-8837-070060dee646" testId="51a3fc4e-354d-4a55-beeb-5dafb589dfa9" testName="TestCorrectlyApplyEndDate_EndDefinedBeforeMaxDate" computerName="CZWWILLIAMRO1" duration="00:00:00.0980000" startTime="2018-10-19T16:42:34.0000000+01:00" endTime="2018-10-19T16:42:34.0000000+01:00" testType="13cdc9d9-ddb5-4fa4-a97d-d965ccfc6d4b" outcome="Passed" testListId="8c84fa94-04c1-424b-9868-57a2d4851a1d" relativeResultsDirectory="729e2920-3e1d-42ec-8837-070060dee646" /><UnitTestResult executionId="a32bdbde-0de2-4b62-a283-e02961a8f198" testId="92ca6560-fd98-4ff3-9924-05175169e8bf" testName="TestEnumeration" computerName="CZWWILLIAMRO1" duration="00:00:00.0040000" startTime="2018-10-19T16:42:36.0000000+01:00" endTime="2018-10-19T16:42:36.0000000+01:00" testType="13cdc9d9-ddb5-4fa4-a97d-d965ccfc6d4b" outcome="Passed" testListId="8c84fa94-04c1-424b-9868-57a2d4851a1d" relativeResultsDirectory="a32bdbde-0de2-4b62-a283-e02961a8f198" /><UnitTestResult executionId="66afdf56-5abc-4d34-b2c9-c91d852fb53c" testId="061c8cf2-7b4c-450c-83a1-0f2e87c29d1d" testName="TestSendReleaseApprovedEmailIfNeeded_Pending" computerName="CZWWILLIAMRO1" duration="00:00:00.0220000" startTime="2018-10-19T16:41:57.0000000+01:00" endTime="2018-10-19T16:41:57.0000000+01:00" testType="13cdc9d9-ddb5-4fa4-a97d-d965ccfc6d4b" outcome="Passed" testListId="8c84fa94-04c1-424b-9868-57a2d4851a1d" relativeResultsDirectory="66afdf56-5abc-4d34-b2c9-c91d852fb53c" /><UnitTestResult executionId="a60cddc5-ed91-42d5-b028-14042b260dc4" testId="85075991-7fe1-49b2-9c09-bf5e4121756d" testName="TestPropagatedIsIncluded_Included" computerName="CZWWILLIAMRO1" duration="00:00:00.0000001" startTime="2018-10-19T16:42:36.0000000+01:00" endTime="2018-10-19T16:42:36.0000000+01:00" testType="13cdc9d9-ddb5-4fa4-a97d-d965ccfc6d4b" outcome="Passed" testListId="8c84fa94-04c1-424b-9868-57a2d4851a1d" relativeResultsDirectory="a60cddc5-ed91-42d5-b028-14042b260dc4" /><UnitTestResult executionId="04de63f0-6a37-4bd0-9d19-4251a384e16e" testId="89e2b1d9-06c3-480e-b138-bde2ef796828" testName="TestMembersReasonsIdealReader" computerName="CZWWILLIAMRO1" duration="00:00:00.0250000" startTime="2018-10-19T16:43:36.0000000+01:00" endTime="2018-10-19T16:43:36.0000000+01:00" testType="13cdc9d9-ddb5-4fa4-a97d-d965ccfc6d4b" outcome="Passed" testListId="8c84fa94-04c1-424b-9868-57a2d4851a1d" relativeResultsDirectory="04de63f0-6a37-4bd0-9d19-4251a384e16e" /><UnitTestResult executionId="702b3e9a-4759-4cc4-8153-b712ecad68b4" testId="50aae2ff-d8ae-4c00-b349-c68fc179c3e1" testName="TestDoNotApproveReleaseIfNotAllDepartmentsApproved" computerName="CZWWILLIAMRO1" duration="00:00:00.2700000" startTime="2018-10-19T16:43:06.0000000+01:00" endTime="2018-10-19T16:43:07.0000000+01:00" testType="13cdc9d9-ddb5-4fa4-a97d-d965ccfc6d4b" outcome="Passed" testListId="8c84fa94-04c1-424b-9868-57a2d4851a1d" relativeResultsDirectory="702b3e9a-4759-4cc4-8153-b712ecad68b4" /><UnitTestResult executionId="2dd01362-748a-48aa-929d-e0c565ef7b55" testId="11e4b4ee-6acd-489b-911a-5bf99615fc3a" testName="TestKeepIfEverBeenOnUniverseValidExchange" computerName="CZWWILLIAMRO1" duration="00:00:00.0210000" startTime="2018-10-19T16:42:43.0000000+01:00" endTime="2018-10-19T16:42:43.0000000+01:00" testType="13cdc9d9-ddb5-4fa4-a97d-d965ccfc6d4b" outcome="Passed" testListId="8c84fa94-04c1-424b-9868-57a2d4851a1d" relativeResultsDirectory="2dd01362-748a-48aa-929d-e0c565ef7b55" /><UnitTestResult executionId="bb59285c-2429-40b4-b73c-9d88652df1da" testId="5f2358db-eb11-496a-9fd7-0ace9f2dd4a7" testName="TestGenerateMembersHistoric_From0001-01-01_WithoutMembersIdeal_WithExistingMembersHistoric" computerName="CZWWILLIAMRO1" duration="00:00:00.0660000" startTime="2018-10-19T16:43:32.0000000+01:00" endTime="2018-10-19T16:43:32.0000000+01:00" testType="13cdc9d9-ddb5-4fa4-a97d-d965ccfc6d4b" outcome="Passed" testListId="8c84fa94-04c1-424b-9868-57a2d4851a1d" relativeResultsDirectory="bb59285c-2429-40b4-b73c-9d88652df1da" /><UnitTestResult executionId="0bfb2b43-f0c7-4393-9cb6-7dab2dcbdf9e" testId="6bf371db-c720-48a3-8afb-5faea1c8d899" testName="TestHandleBlankFieldsInDiff" computerName="CZWWILLIAMRO1" duration="00:00:00.1110000" startTime="2018-10-19T16:41:59.0000000+01:00" endTime="2018-10-19T16:41:59.0000000+01:00" testType="13cdc9d9-ddb5-4fa4-a97d-d965ccfc6d4b" outcome="Passed" testListId="8c84fa94-04c1-424b-9868-57a2d4851a1d" relativeResultsDirectory="0bfb2b43-f0c7-4393-9cb6-7dab2dcbdf9e" /><UnitTestResult executionId="328a3026-3011-467b-bcf8-d3869c0c7089" testId="40188803-736c-4063-bbf5-46bfc529fe08" testName="TestMissingEntries" computerName="CZWWILLIAMRO1" duration="00:00:00.9360000" startTime="2018-10-19T16:42:29.0000000+01:00" endTime="2018-10-19T16:42:30.0000000+01:00" testType="13cdc9d9-ddb5-4fa4-a97d-d965ccfc6d4b" outcome="Passed" testListId="8c84fa94-04c1-424b-9868-57a2d4851a1d" relativeResultsDirectory="328a3026-3011-467b-bcf8-d3869c0c7089" /><UnitTestResult executionId="3c8d2533-969d-4012-867a-0530da2ca22e" testId="318be463-5079-4524-834e-1914ae5e5655" testName="TestMissingData" computerName="CZWWILLIAMRO1" duration="00:00:00.0010000" startTime="2018-10-19T16:42:27.0000000+01:00" endTime="2018-10-19T16:42:27.0000000+01:00" testType="13cdc9d9-ddb5-4fa4-a97d-d965ccfc6d4b" outcome="Passed" testListId="8c84fa94-04c1-424b-9868-57a2d4851a1d" relativeResultsDirectory="3c8d2533-969d-4012-867a-0530da2ca22e" /><UnitTestResult executionId="520d2f14-c4fa-4e53-bfaa-b055e886aa50" testId="ac1802e6-7c0b-4a3f-a4b6-bf436d94e0a5" testName="TestPriceThreshold_NoExchangeOnUniverse" computerName="CZWWILLIAMRO1" duration="00:00:00.0260000" startTime="2018-10-19T16:43:36.0000000+01:00" endTime="2018-10-19T16:43:36.0000000+01:00" testType="13cdc9d9-ddb5-4fa4-a97d-d965ccfc6d4b" outcome="Passed" testListId="8c84fa94-04c1-424b-9868-57a2d4851a1d" relativeResultsDirectory="520d2f14-c4fa-4e53-bfaa-b055e886aa50" /><UnitTestResult executionId="d2517adc-5b63-4b1a-9d8f-7130e16145e6" testId="b2a1cec7-989b-49ea-a4ce-a66cd9bae183" testName="TestLiveUniverse" computerName="CZWWILLIAMRO1" duration="00:00:00.0240000" startTime="2018-10-19T16:43:36.0000000+01:00" endTime="2018-10-19T16:43:36.0000000+01:00" testType="13cdc9d9-ddb5-4fa4-a97d-d965ccfc6d4b" outcome="Passed" testListId="8c84fa94-04c1-424b-9868-57a2d4851a1d" relativeResultsDirectory="d2517adc-5b63-4b1a-9d8f-7130e16145e6" /><UnitTestResult executionId="fe8b7d30-f8fd-4e5a-9b3a-aa6ec4eae209" testId="572041f6-bc48-430d-b789-4806306c13ac" testName="TestIsEligibleForRelease_PendingUniverseNotActive" computerName="CZWWILLIAMRO1" duration="00:00:00.0280000" startTime="2018-10-19T16:42:51.0000000+01:00" endTime="2018-10-19T16:42:51.0000000+01:00" testType="13cdc9d9-ddb5-4fa4-a97d-d965ccfc6d4b" outcome="Passed" testListId="8c84fa94-04c1-424b-9868-57a2d4851a1d" relativeResultsDirectory="fe8b7d30-f8fd-4e5a-9b3a-aa6ec4eae209" /><UnitTestResult executionId="9ca05f43-2ae7-4043-9dc8-e80fbad1fdbe" testId="fc5e7630-b521-4a4b-b55d-ae4c61089a67" testName="TestValidThenIvalidExchange" computerName="CZWWILLIAMRO1" duration="00:00:00.0190000" startTime="2018-10-19T16:42:06.0000000+01:00" endTime="2018-10-19T16:42:06.0000000+01:00" testType="13cdc9d9-ddb5-4fa4-a97d-d965ccfc6d4b" outcome="Passed" testListId="8c84fa94-04c1-424b-9868-57a2d4851a1d" relativeResultsDirectory="9ca05f43-2ae7-4043-9dc8-e80fbad1fdbe" /><UnitTestResult executionId="5a0ec49f-0b22-42f2-8bb9-d07411cf7664" testId="3f8f379c-b691-4482-912c-e650fd120883" testName="TestDeletion" computerName="CZWWILLIAMRO1" duration="00:00:00.0000001" startTime="2018-10-19T16:42:36.0000000+01:00" endTime="2018-10-19T16:42:36.0000000+01:00" testType="13cdc9d9-ddb5-4fa4-a97d-d965ccfc6d4b" outcome="Passed" testListId="8c84fa94-04c1-424b-9868-57a2d4851a1d" relativeResultsDirectory="5a0ec49f-0b22-42f2-8bb9-d07411cf7664" /><UnitTestResult executionId="82853a9b-a31c-45dc-94c6-16a938c277ea" testId="ac89cc21-c800-4569-a219-7f6af85dfe29" testName="TestEnumerableRange_FromIsTo_BeforeStart" computerName="CZWWILLIAMRO1" duration="00:00:00.0000001" startTime="2018-10-19T16:42:36.0000000+01:00" endTime="2018-10-19T16:42:36.0000000+01:00" testType="13cdc9d9-ddb5-4fa4-a97d-d965ccfc6d4b" outcome="Passed" testListId="8c84fa94-04c1-424b-9868-57a2d4851a1d" relativeResultsDirectory="82853a9b-a31c-45dc-94c6-16a938c277ea" /><UnitTestResult executionId="dc642c73-32b8-4e77-997d-87ca6c05b66e" testId="be687db0-db57-4104-8e1d-4fdfc3111b32" testName="TestMultipleEntries_MaxHigh" computerName="CZWWILLIAMRO1" duration="00:00:00.0020000" startTime="2018-10-19T16:42:27.0000000+01:00" endTime="2018-10-19T16:42:27.0000000+01:00" testType="13cdc9d9-ddb5-4fa4-a97d-d965ccfc6d4b" outcome="Passed" testListId="8c84fa94-04c1-424b-9868-57a2d4851a1d" relativeResultsDirectory="dc642c73-32b8-4e77-997d-87ca6c05b66e" /><UnitTestResult executionId="85a7e9e8-72a8-4f29-8431-4767e16c277e" testId="11937fdf-80b8-4fe7-b537-d2c32dad179d" testName="TestSyncUniverse_WhenNotLocked" computerName="CZWWILLIAMRO1" duration="00:00:00.0040000" startTime="2018-10-19T16:42:53.0000000+01:00" endTime="2018-10-19T16:42:53.0000000+01:00" testType="13cdc9d9-ddb5-4fa4-a97d-d965ccfc6d4b" outcome="Passed" testListId="8c84fa94-04c1-424b-9868-57a2d4851a1d" relativeResultsDirectory="85a7e9e8-72a8-4f29-8431-4767e16c277e" /><UnitTestResult executionId="5e4af956-2861-4dc8-9c3d-42ee0e707b5b" testId="99162032-d091-4d29-9cc0-d16a1bd46a59" testName="TestMultipleMergers" computerName="CZWWILLIAMRO1" duration="00:00:00.0040000" startTime="2018-10-19T16:42:17.0000000+01:00" endTime="2018-10-19T16:42:17.0000000+01:00" testType="13cdc9d9-ddb5-4fa4-a97d-d965ccfc6d4b" outcome="Passed" testListId="8c84fa94-04c1-424b-9868-57a2d4851a1d" relativeResultsDirectory="5e4af956-2861-4dc8-9c3d-42ee0e707b5b" /><UnitTestResult executionId="d2055ed6-ca4a-41c0-a3c4-c200cb79bc55" testId="095d818c-6466-4f00-ab96-16e8c95eeef7" testName="TestValidFuture_WithDeleteInTheFuture" computerName="CZWWILLIAMRO1" duration="00:00:00.2460000" startTime="2018-10-19T16:42:42.0000000+01:00" endTime="2018-10-19T16:42:42.0000000+01:00" testType="13cdc9d9-ddb5-4fa4-a97d-d965ccfc6d4b" outcome="Passed" testListId="8c84fa94-04c1-424b-9868-57a2d4851a1d" relativeResultsDirectory="d2055ed6-ca4a-41c0-a3c4-c200cb79bc55" /><UnitTestResult executionId="2bee83d5-d687-49c1-af19-bd76da496d1b" testId="132e3fa9-1d64-499d-9b29-662f1896db6d" testName="TestFinancialDataGroupDepartmentApproval" computerName="CZWWILLIAMRO1" duration="00:00:00.0460000" startTime="2018-10-19T16:43:07.0000000+01:00" endTime="2018-10-19T16:43:07.0000000+01:00" testType="13cdc9d9-ddb5-4fa4-a97d-d965ccfc6d4b" outcome="Passed" testListId="8c84fa94-04c1-424b-9868-57a2d4851a1d" relativeResultsDirectory="2bee83d5-d687-49c1-af19-bd76da496d1b" /><UnitTestResult executionId="e1f2db70-67a2-47fe-8eef-3818f1c37651" testId="d61bea7a-8ea9-424e-a657-9a9dc145e0dc" testName="TestExcludedSecurityLiquidityCriteria" computerName="CZWWILLIAMRO1" duration="00:00:00.0050000" startTime="2018-10-19T16:41:53.0000000+01:00" endTime="2018-10-19T16:41:53.0000000+01:00" testType="13cdc9d9-ddb5-4fa4-a97d-d965ccfc6d4b" outcome="Passed" testListId="8c84fa94-04c1-424b-9868-57a2d4851a1d" relativeResultsDirectory="e1f2db70-67a2-47fe-8eef-3818f1c37651" /><UnitTestResult executionId="41032dea-74e6-4d04-b499-7a8a5f4cfaca" testId="fde3c3ad-6a05-4e80-873b-4d535db8f534" testName="TestMissingData" computerName="CZWWILLIAMRO1" duration="00:00:00.0010000" startTime="2018-10-19T16:42:27.0000000+01:00" endTime="2018-10-19T16:42:27.0000000+01:00" testType="13cdc9d9-ddb5-4fa4-a97d-d965ccfc6d4b" outcome="Passed" testListId="8c84fa94-04c1-424b-9868-57a2d4851a1d" relativeResultsDirectory="41032dea-74e6-4d04-b499-7a8a5f4cfaca" /><UnitTestResult executionId="015e68b2-2123-487e-9005-459ccd155b26" testId="2bd7759c-d4e3-44f3-9437-387adc1c9fbc" testName="TestCapEndDate" computerName="CZWWILLIAMRO1" duration="00:00:00.0000001" startTime="2018-10-19T16:42:36.0000000+01:00" endTime="2018-10-19T16:42:36.0000000+01:00" testType="13cdc9d9-ddb5-4fa4-a97d-d965ccfc6d4b" outcome="Passed" testListId="8c84fa94-04c1-424b-9868-57a2d4851a1d" relativeResultsDirectory="015e68b2-2123-487e-9005-459ccd155b26" /><UnitTestResult executionId="1730c82f-aba5-4b7c-8cb7-4b881744d723" testId="d160ed27-9712-49d6-8320-ca7872424eea" testName="TestWithIdealPresentFromBeforeTodayAndMissingInExisting_NotExcludedBefore" computerName="CZWWILLIAMRO1" duration="00:00:00.0020000" startTime="2018-10-19T16:42:32.0000000+01:00" endTime="2018-10-19T16:42:32.0000000+01:00" testType="13cdc9d9-ddb5-4fa4-a97d-d965ccfc6d4b" outcome="Passed" testListId="8c84fa94-04c1-424b-9868-57a2d4851a1d" relativeResultsDirectory="1730c82f-aba5-4b7c-8cb7-4b881744d723" /><UnitTestResult executionId="d009c37b-5bee-449a-9d02-c2cba532885c" testId="70a2715c-ae3d-4c7b-bcd0-67d1f4a31f1c" testName="TestSingleEntry_End" computerName="CZWWILLIAMRO1" duration="00:00:00.0010000" startTime="2018-10-19T16:42:27.0000000+01:00" endTime="2018-10-19T16:42:27.0000000+01:00" testType="13cdc9d9-ddb5-4fa4-a97d-d965ccfc6d4b" outcome="Passed" testListId="8c84fa94-04c1-424b-9868-57a2d4851a1d" relativeResultsDirectory="d009c37b-5bee-449a-9d02-c2cba532885c" /><UnitTestResult executionId="9a985ab5-ac80-4f38-b4a9-f706baad35e7" testId="a58857c2-17ad-47b1-a957-38f5872b7e58" testName="TestLoadFutures" computerName="CZWWILLIAMRO1" duration="00:00:00.0100000" startTime="2018-10-19T16:42:31.0000000+01:00" endTime="2018-10-19T16:42:31.0000000+01:00" testType="13cdc9d9-ddb5-4fa4-a97d-d965ccfc6d4b" outcome="Passed" testListId="8c84fa94-04c1-424b-9868-57a2d4851a1d" relativeResultsDirectory="9a985ab5-ac80-4f38-b4a9-f706baad35e7" /><UnitTestResult executionId="8542440f-b540-4cb0-aaa2-3bd7e63fd1fd" testId="96dc408d-bd2f-498d-ac59-7bd142c14cc8" testName="TestFilter_LSE_Only_LSE_AtStart" computerName="CZWWILLIAMRO1" duration="00:00:00.0370000" startTime="2018-10-19T16:42:15.0000000+01:00" endTime="2018-10-19T16:42:15.0000000+01:00" testType="13cdc9d9-ddb5-4fa4-a97d-d965ccfc6d4b" outcome="Passed" testListId="8c84fa94-04c1-424b-9868-57a2d4851a1d" relativeResultsDirectory="8542440f-b540-4cb0-aaa2-3bd7e63fd1fd" /><UnitTestResult executionId="84f42095-6729-4c90-b8c3-9c69f539f579" testId="44f27cbf-df8f-4efa-a057-32675883a045" testName="TestApproveReleaseIfAllDepartmentsApproved" computerName="CZWWILLIAMRO1" duration="00:00:00.3130000" startTime="2018-10-19T16:43:06.0000000+01:00" endTime="2018-10-19T16:43:06.0000000+01:00" testType="13cdc9d9-ddb5-4fa4-a97d-d965ccfc6d4b" outcome="Passed" testListId="8c84fa94-04c1-424b-9868-57a2d4851a1d" relativeResultsDirectory="84f42095-6729-4c90-b8c3-9c69f539f579" /><UnitTestResult executionId="afb4efc9-c4b7-4e3b-b0fd-d1159526487f" testId="48a771e4-d636-4273-8c7b-30938cd51c15" testName="TestOutThenInThenBackOut" computerName="CZWWILLIAMRO1" duration="00:00:00.1080000" startTime="2018-10-19T16:42:03.0000000+01:00" endTime="2018-10-19T16:42:03.0000000+01:00" testType="13cdc9d9-ddb5-4fa4-a97d-d965ccfc6d4b" outcome="Passed" testListId="8c84fa94-04c1-424b-9868-57a2d4851a1d" relativeResultsDirectory="afb4efc9-c4b7-4e3b-b0fd-d1159526487f" /><UnitTestResult executionId="7472c121-9177-419f-ad95-897c738d7f21" testId="02622dc2-9168-44cb-b193-731cbe4954df" testName="TestGetValue_WithInvalidExchangeAndDate" computerName="CZWWILLIAMRO1" duration="00:00:00.0010000" startTime="2018-10-19T16:42:08.0000000+01:00" endTime="2018-10-19T16:42:08.0000000+01:00" testType="13cdc9d9-ddb5-4fa4-a97d-d965ccfc6d4b" outcome="Passed" testListId="8c84fa94-04c1-424b-9868-57a2d4851a1d" relativeResultsDirectory="7472c121-9177-419f-ad95-897c738d7f21" /><UnitTestResult executionId="78eedc89-cf39-4775-bb75-6fc2638f52a7" testId="66eb4dce-47d9-4150-88d2-243ef9ad88e0" testName="TestEmailDepartmentsPendingApproval" computerName="CZWWILLIAMRO1" duration="00:00:00.0470000" startTime="2018-10-19T16:43:07.0000000+01:00" endTime="2018-10-19T16:43:07.0000000+01:00" testType="13cdc9d9-ddb5-4fa4-a97d-d965ccfc6d4b" outcome="Passed" testListId="8c84fa94-04c1-424b-9868-57a2d4851a1d" relativeResultsDirectory="78eedc89-cf39-4775-bb75-6fc2638f52a7" /><UnitTestResult executionId="177d9f63-1414-4aa4-bf8b-465bca23895b" testId="0c908eb9-65f8-4f31-bc78-5fc3dda1dd42" testName="TestRelease_ForNoSync_Completed" computerName="CZWWILLIAMRO1" duration="00:00:00.0340000" startTime="2018-10-19T16:43:13.0000000+01:00" endTime="2018-10-19T16:43:13.0000000+01:00" testType="13cdc9d9-ddb5-4fa4-a97d-d965ccfc6d4b" outcome="Passed" testListId="8c84fa94-04c1-424b-9868-57a2d4851a1d" relativeResultsDirectory="177d9f63-1414-4aa4-bf8b-465bca23895b" /><UnitTestResult executionId="d4c90a95-9800-430b-8040-1e104a58df4a" testId="5fe332ad-22e2-4c08-9143-10680bff571b" testName="TestDoNotRemoveStocksWithBirthDateNotAt_1990_01_01" computerName="CZWWILLIAMRO1" duration="00:00:00.9040000" startTime="2018-10-19T16:42:12.0000000+01:00" endTime="2018-10-19T16:42:13.0000000+01:00" testType="13cdc9d9-ddb5-4fa4-a97d-d965ccfc6d4b" outcome="Passed" testListId="8c84fa94-04c1-424b-9868-57a2d4851a1d" relativeResultsDirectory="d4c90a95-9800-430b-8040-1e104a58df4a" /><UnitTestResult executionId="5e0306d3-59d3-46ae-a1b1-31175e0abf95" testId="99d55632-8341-4503-8d23-f64d41f4cb00" testName="TestMultipleDays_WithGap" computerName="CZWWILLIAMRO1" duration="00:00:00.0010000" startTime="2018-10-19T16:42:30.0000000+01:00" endTime="2018-10-19T16:42:30.0000000+01:00" testType="13cdc9d9-ddb5-4fa4-a97d-d965ccfc6d4b" outcome="Passed" testListId="8c84fa94-04c1-424b-9868-57a2d4851a1d" relativeResultsDirectory="5e0306d3-59d3-46ae-a1b1-31175e0abf95" /><UnitTestResult executionId="81a733f4-39cc-48f5-a6bd-7d5a6e39224f" testId="f9f67305-8ad5-4920-9d48-d1ea669ff82c" testName="TestEnumerableRange_Default" computerName="CZWWILLIAMRO1" duration="00:00:00.0020000" startTime="2018-10-19T16:42:36.0000000+01:00" endTime="2018-10-19T16:42:36.0000000+01:00" testType="13cdc9d9-ddb5-4fa4-a97d-d965ccfc6d4b" outcome="Passed" testListId="8c84fa94-04c1-424b-9868-57a2d4851a1d" relativeResultsDirectory="81a733f4-39cc-48f5-a6bd-7d5a6e39224f" /><UnitTestResult executionId="25603b67-87ae-44c9-8cfd-b8960478e3c8" testId="6477cf20-28d5-4f0f-aca1-7e2616e1a378" testName="TestWithFutures_AllNotApproved" computerName="CZWWILLIAMRO1" duration="00:00:00.1250000" startTime="2018-10-19T16:41:52.0000000+01:00" endTime="2018-10-19T16:41:52.0000000+01:00" testType="13cdc9d9-ddb5-4fa4-a97d-d965ccfc6d4b" outcome="Passed" testListId="8c84fa94-04c1-424b-9868-57a2d4851a1d" relativeResultsDirectory="25603b67-87ae-44c9-8cfd-b8960478e3c8" /><UnitTestResult executionId="39a9468f-9c47-45cf-bb1b-cc67a3013626" testId="aa93f4aa-91ee-4b42-8f8b-f46e8786e785" testName="TestSendLockedUniverseEmailIfNeeded_DoNotSend_NoDiffs" computerName="CZWWILLIAMRO1" duration="00:00:00.0300000" startTime="2018-10-19T16:41:57.0000000+01:00" endTime="2018-10-19T16:41:57.0000000+01:00" testType="13cdc9d9-ddb5-4fa4-a97d-d965ccfc6d4b" outcome="Passed" testListId="8c84fa94-04c1-424b-9868-57a2d4851a1d" relativeResultsDirectory="39a9468f-9c47-45cf-bb1b-cc67a3013626" /><UnitTestResult executionId="e9c17afa-098e-4a57-9155-ba6ec64bd600" testId="200cfc19-3df0-4b90-9593-2cf094b76421" testName="TestWithFutures_AllNoApprovalSet" computerName="CZWWILLIAMRO1" duration="00:00:00.1520000" startTime="2018-10-19T16:41:52.0000000+01:00" endTime="2018-10-19T16:41:52.0000000+01:00" testType="13cdc9d9-ddb5-4fa4-a97d-d965ccfc6d4b" outcome="Passed" testListId="8c84fa94-04c1-424b-9868-57a2d4851a1d" relativeResultsDirectory="e9c17afa-098e-4a57-9155-ba6ec64bd600" /><UnitTestResult executionId="c86ca69b-9eb0-4022-811a-3dda1d218bdc" testId="1387197d-0445-4500-a711-47cb7fdf67c5" testName="TestFetchStocks_OnlyValidExchanges_AndOnlyValidSecurityTypes" computerName="CZWWILLIAMRO1" duration="00:00:00.0100000" startTime="2018-10-19T16:43:39.0000000+01:00" endTime="2018-10-19T16:43:39.0000000+01:00" testType="13cdc9d9-ddb5-4fa4-a97d-d965ccfc6d4b" outcome="Passed" testListId="8c84fa94-04c1-424b-9868-57a2d4851a1d" relativeResultsDirectory="c86ca69b-9eb0-4022-811a-3dda1d218bdc" /><UnitTestResult executionId="e01aee7f-de97-413f-b98b-ab93e11ffb78" testId="0b63bdf8-3a35-4f89-b5d8-d6b026373554" testName="TestResolveByCallingToDelegate" computerName="CZWWILLIAMRO1" duration="00:00:00.2930000" startTime="2018-10-19T16:42:45.0000000+01:00" endTime="2018-10-19T16:42:46.0000000+01:00" testType="13cdc9d9-ddb5-4fa4-a97d-d965ccfc6d4b" outcome="Passed" testListId="8c84fa94-04c1-424b-9868-57a2d4851a1d" relativeResultsDirectory="e01aee7f-de97-413f-b98b-ab93e11ffb78" /><UnitTestResult executionId="36d4ee40-bc91-4f3e-8f0b-499f502b8bbb" testId="53e75839-1e10-4ff1-bf96-d1e405708467" testName="TestRequestApprovalsIfNeeded_DoNotSend_Approved" computerName="CZWWILLIAMRO1" duration="00:00:00.0260000" startTime="2018-10-19T16:41:56.0000000+01:00" endTime="2018-10-19T16:41:56.0000000+01:00" testType="13cdc9d9-ddb5-4fa4-a97d-d965ccfc6d4b" outcome="Passed" testListId="8c84fa94-04c1-424b-9868-57a2d4851a1d" relativeResultsDirectory="36d4ee40-bc91-4f3e-8f0b-499f502b8bbb" /><UnitTestResult executionId="b4e637fe-1017-452a-9546-37af3c0a858e" testId="878db99b-8270-44ca-bfb5-bc9da2c2bc81" testName="TestGenerateMembersHistoric_From2010-01-01_WithoutMembersIdeal_WithExistingMembersHistoricEndingWithAnAdd" computerName="CZWWILLIAMRO1" duration="00:00:00.0200000" startTime="2018-10-19T16:43:32.0000000+01:00" endTime="2018-10-19T16:43:32.0000000+01:00" testType="13cdc9d9-ddb5-4fa4-a97d-d965ccfc6d4b" outcome="Passed" testListId="8c84fa94-04c1-424b-9868-57a2d4851a1d" relativeResultsDirectory="b4e637fe-1017-452a-9546-37af3c0a858e" /><UnitTestResult executionId="8e4c289c-4749-434d-80dc-b6e9e9f5041d" testId="92dc781a-92e1-4a2d-8f97-808153b96420" testName="TestGenerateMembersHistoric_From2010-01-01_WithFullMembersIdeal_WithExistingMembersHistoricEndingWithAnAdd" computerName="CZWWILLIAMRO1" duration="00:00:00.0260000" startTime="2018-10-19T16:43:33.0000000+01:00" endTime="2018-10-19T16:43:33.0000000+01:00" testType="13cdc9d9-ddb5-4fa4-a97d-d965ccfc6d4b" outcome="Passed" testListId="8c84fa94-04c1-424b-9868-57a2d4851a1d" relativeResultsDirectory="8e4c289c-4749-434d-80dc-b6e9e9f5041d" /><UnitTestResult executionId="7301dddd-15aa-442c-a1e2-c2a9def640cd" testId="4a913fb5-0ba4-4ee8-b56d-1304cf3059ed" testName="TestWithExistingMembersOnly_BeforeToday" computerName="CZWWILLIAMRO1" duration="00:00:00.0020000" startTime="2018-10-19T16:42:32.0000000+01:00" endTime="2018-10-19T16:42:32.0000000+01:00" testType="13cdc9d9-ddb5-4fa4-a97d-d965ccfc6d4b" outcome="Passed" testListId="8c84fa94-04c1-424b-9868-57a2d4851a1d" relativeResultsDirectory="7301dddd-15aa-442c-a1e2-c2a9def640cd" /><UnitTestResult executionId="944e97e6-f9e3-4194-bd7c-8679e43801cc" testId="10c8adb8-7703-4fc0-b58a-5ecd8d0ca364" testName="TestDatesForIncluded" computerName="CZWWILLIAMRO1" duration="00:00:00.0030000" startTime="2018-10-19T16:42:36.0000000+01:00" endTime="2018-10-19T16:42:36.0000000+01:00" testType="13cdc9d9-ddb5-4fa4-a97d-d965ccfc6d4b" outcome="Passed" testListId="8c84fa94-04c1-424b-9868-57a2d4851a1d" relativeResultsDirectory="944e97e6-f9e3-4194-bd7c-8679e43801cc" /><UnitTestResult executionId="4e7b53c8-9ec1-46d5-bc1b-3855eb4ab63c" testId="79c02a24-e129-492e-9c4e-1dde716a51ee" testName="TestLiveMembersPending" computerName="CZWWILLIAMRO1" duration="00:00:00.0010000" startTime="2018-10-19T16:42:50.0000000+01:00" endTime="2018-10-19T16:42:50.0000000+01:00" testType="13cdc9d9-ddb5-4fa4-a97d-d965ccfc6d4b" outcome="Passed" testListId="8c84fa94-04c1-424b-9868-57a2d4851a1d" relativeResultsDirectory="4e7b53c8-9ec1-46d5-bc1b-3855eb4ab63c" /><UnitTestResult executionId="e9dff5ae-103a-4e71-bf1a-b69f394c4f07" testId="2e6f443e-1b57-4cd9-a860-f3bccd2fea54" testName="TestCorrectlyApplyEndDate_NoEndDefined" computerName="CZWWILLIAMRO1" duration="00:00:00.0050000" startTime="2018-10-19T16:42:34.0000000+01:00" endTime="2018-10-19T16:42:34.0000000+01:00" testType="13cdc9d9-ddb5-4fa4-a97d-d965ccfc6d4b" outcome="Passed" testListId="8c84fa94-04c1-424b-9868-57a2d4851a1d" relativeResultsDirectory="e9dff5ae-103a-4e71-bf1a-b69f394c4f07" /><UnitTestResult executionId="6c2d4622-7ccd-4222-80ba-279ab3e8b2ac" testId="5bd133a3-0eab-4de5-8c2f-a24ec044d739" testName="TestMergerOverStart" computerName="CZWWILLIAMRO1" duration="00:00:00.0150000" startTime="2018-10-19T16:42:17.0000000+01:00" endTime="2018-10-19T16:42:17.0000000+01:00" testType="13cdc9d9-ddb5-4fa4-a97d-d965ccfc6d4b" outcome="Passed" testListId="8c84fa94-04c1-424b-9868-57a2d4851a1d" relativeResultsDirectory="6c2d4622-7ccd-4222-80ba-279ab3e8b2ac" /><UnitTestResult executionId="86f76561-2e48-41d2-b5b1-d39e6fd93e8b" testId="833b2bd0-f34f-4714-a11c-e58a7916be8e" testName="TestAboveToBelowToBetween" computerName="CZWWILLIAMRO1" duration="00:00:00.0010000" startTime="2018-10-19T16:42:04.0000000+01:00" endTime="2018-10-19T16:42:04.0000000+01:00" testType="13cdc9d9-ddb5-4fa4-a97d-d965ccfc6d4b" outcome="Passed" testListId="8c84fa94-04c1-424b-9868-57a2d4851a1d" relativeResultsDirectory="86f76561-2e48-41d2-b5b1-d39e6fd93e8b" /><UnitTestResult executionId="5aeaaa6f-37de-43f2-a8db-7bfe044c9e24" testId="72b27611-58e7-4b86-a1f0-ec2ec2eafd2d" testName="TestFetchStocks_OnlyValidExchanges_MultipleExchangesAndStocks" computerName="CZWWILLIAMRO1" duration="00:00:00.0210000" startTime="2018-10-19T16:43:39.0000000+01:00" endTime="2018-10-19T16:43:39.0000000+01:00" testType="13cdc9d9-ddb5-4fa4-a97d-d965ccfc6d4b" outcome="Passed" testListId="8c84fa94-04c1-424b-9868-57a2d4851a1d" relativeResultsDirectory="5aeaaa6f-37de-43f2-a8db-7bfe044c9e24" /><UnitTestResult executionId="49468753-a3b5-4ef4-b1c3-a6e9e023dbe2" testId="83dc9c91-3bb7-4a33-aea4-518b114e4aab" testName="TestInclusiveBucketStart_Fine" computerName="CZWWILLIAMRO1" duration="00:00:00.0000001" startTime="2018-10-19T16:42:36.0000000+01:00" endTime="2018-10-19T16:42:36.0000000+01:00" testType="13cdc9d9-ddb5-4fa4-a97d-d965ccfc6d4b" outcome="Passed" testListId="8c84fa94-04c1-424b-9868-57a2d4851a1d" relativeResultsDirectory="49468753-a3b5-4ef4-b1c3-a6e9e023dbe2" /><UnitTestResult executionId="27514f81-90b2-44b2-9e44-8d5eec9bf910" testId="c4e28a41-39c5-4e58-abf0-9bf7559b5275" testName="TestDefaultApprovalWhenNoApprovalEverScheduled" computerName="CZWWILLIAMRO1" duration="00:00:01.0250000" startTime="2018-10-19T16:42:50.0000000+01:00" endTime="2018-10-19T16:42:51.0000000+01:00" testType="13cdc9d9-ddb5-4fa4-a97d-d965ccfc6d4b" outcome="Passed" testListId="8c84fa94-04c1-424b-9868-57a2d4851a1d" relativeResultsDirectory="27514f81-90b2-44b2-9e44-8d5eec9bf910" /><UnitTestResult executionId="52cf0127-789d-4ad2-a38c-32ea789e311f" testId="1c372906-475c-4abb-aa91-f641e8f360fd" testName="TestPartiallyPresentStock" computerName="CZWWILLIAMRO1" duration="00:00:00.0970000" startTime="2018-10-19T16:42:34.0000000+01:00" endTime="2018-10-19T16:42:35.0000000+01:00" testType="13cdc9d9-ddb5-4fa4-a97d-d965ccfc6d4b" outcome="Passed" testListId="8c84fa94-04c1-424b-9868-57a2d4851a1d" relativeResultsDirectory="52cf0127-789d-4ad2-a38c-32ea789e311f" /><UnitTestResult executionId="6574ac83-92a4-48e5-aa01-2a72723b51a0" testId="e6b1f0a3-b7e4-4587-bcc5-f14388252792" testName="TestVerifyReleaseState_Approved" computerName="CZWWILLIAMRO1" duration="00:00:00.3570000" startTime="2018-10-19T16:43:08.0000000+01:00" endTime="2018-10-19T16:43:08.0000000+01:00" testType="13cdc9d9-ddb5-4fa4-a97d-d965ccfc6d4b" outcome="Passed" testListId="8c84fa94-04c1-424b-9868-57a2d4851a1d" relativeResultsDirectory="6574ac83-92a4-48e5-aa01-2a72723b51a0" /><UnitTestResult executionId="c1e0b9d6-4e1f-49e3-a53f-65143195f18b" testId="b4fd286b-53ce-45a2-92e1-e376489eef25" testName="TestEmptyFutures" computerName="CZWWILLIAMRO1" duration="00:00:00.8490000" startTime="2018-10-19T16:42:42.0000000+01:00" endTime="2018-10-19T16:42:43.0000000+01:00" testType="13cdc9d9-ddb5-4fa4-a97d-d965ccfc6d4b" outcome="Passed" testListId="8c84fa94-04c1-424b-9868-57a2d4851a1d" relativeResultsDirectory="c1e0b9d6-4e1f-49e3-a53f-65143195f18b" /><UnitTestResult executionId="ee5301cf-cd15-482c-ba60-7dc20823d0cf" testId="531c17c4-5108-47f2-a5c7-cf6f0313686f" testName="TestMonthlyRolling" computerName="CZWWILLIAMRO1" duration="00:00:00.0070000" startTime="2018-10-19T16:42:05.0000000+01:00" endTime="2018-10-19T16:42:05.0000000+01:00" testType="13cdc9d9-ddb5-4fa4-a97d-d965ccfc6d4b" outcome="Passed" testListId="8c84fa94-04c1-424b-9868-57a2d4851a1d" relativeResultsDirectory="ee5301cf-cd15-482c-ba60-7dc20823d0cf" /><UnitTestResult executionId="c877cdd8-2825-47e5-b597-c54ca0b148aa" testId="f9fe6368-dbd8-426a-861e-7e654d105f51" testName="TestApprovalState_Missing" computerName="CZWWILLIAMRO1" duration="00:00:00.9790000" startTime="2018-10-19T16:43:34.0000000+01:00" endTime="2018-10-19T16:43:35.0000000+01:00" testType="13cdc9d9-ddb5-4fa4-a97d-d965ccfc6d4b" outcome="Passed" testListId="8c84fa94-04c1-424b-9868-57a2d4851a1d" relativeResultsDirectory="c877cdd8-2825-47e5-b597-c54ca0b148aa" /><UnitTestResult executionId="6f913352-d7e5-4fe3-9b15-7385c5531345" testId="9c601b06-1889-4c1a-9902-a9d9e8a53559" testName="TestPendingMembersIdeal" computerName="CZWWILLIAMRO1" duration="00:00:00.0010000" startTime="2018-10-19T16:42:50.0000000+01:00" endTime="2018-10-19T16:42:50.0000000+01:00" testType="13cdc9d9-ddb5-4fa4-a97d-d965ccfc6d4b" outcome="Passed" testListId="8c84fa94-04c1-424b-9868-57a2d4851a1d" relativeResultsDirectory="6f913352-d7e5-4fe3-9b15-7385c5531345" /><UnitTestResult executionId="cff97c64-2fda-4ffc-a7ec-f29aa3d45ecc" testId="814aab4d-4de7-48ee-9e69-1259a1788784" testName="TestMembersReasonsReader" computerName="CZWWILLIAMRO1" duration="00:00:00.0240000" startTime="2018-10-19T16:43:36.0000000+01:00" endTime="2018-10-19T16:43:36.0000000+01:00" testType="13cdc9d9-ddb5-4fa4-a97d-d965ccfc6d4b" outcome="Passed" testListId="8c84fa94-04c1-424b-9868-57a2d4851a1d" relativeResultsDirectory="cff97c64-2fda-4ffc-a7ec-f29aa3d45ecc" /><UnitTestResult executionId="4654fa63-8196-4509-b361-dced10e23160" testId="b3584961-3f71-4c60-910c-ee0fae2ace88" testName="TestGenerateMembersHistoric_RaisesJiraTicketOnFailure" computerName="CZWWILLIAMRO1" duration="00:00:00.0450000" startTime="2018-10-19T16:43:38.0000000+01:00" endTime="2018-10-19T16:43:38.0000000+01:00" testType="13cdc9d9-ddb5-4fa4-a97d-d965ccfc6d4b" outcome="Passed" testListId="8c84fa94-04c1-424b-9868-57a2d4851a1d" relativeResultsDirectory="4654fa63-8196-4509-b361-dced10e23160" /><UnitTestResult executionId="93dc1b0f-1f7d-4196-8914-08c366775816" testId="8db133f4-382f-42c6-b602-be5493d62cba" testName="TestNoTargetAnnouncement" computerName="CZWWILLIAMRO1" duration="00:00:00.0010000" startTime="2018-10-19T16:42:24.0000000+01:00" endTime="2018-10-19T16:42:24.0000000+01:00" testType="13cdc9d9-ddb5-4fa4-a97d-d965ccfc6d4b" outcome="Passed" testListId="8c84fa94-04c1-424b-9868-57a2d4851a1d" relativeResultsDirectory="93dc1b0f-1f7d-4196-8914-08c366775816" /><UnitTestResult executionId="4ea906b7-3048-499e-84fc-7cc0039451e9" testId="b2ab675a-3e50-478c-9180-d8f2b7d52461" testName="TestNotFilterFor_UniversesNotPartOfFilteredUniverseIds" computerName="CZWWILLIAMRO1" duration="00:00:00.0010000" startTime="2018-10-19T16:42:16.0000000+01:00" endTime="2018-10-19T16:42:16.0000000+01:00" testType="13cdc9d9-ddb5-4fa4-a97d-d965ccfc6d4b" outcome="Passed" testListId="8c84fa94-04c1-424b-9868-57a2d4851a1d" relativeResultsDirectory="4ea906b7-3048-499e-84fc-7cc0039451e9" /><UnitTestResult executionId="d12b8a9e-e894-429d-8ad0-72abbe258aab" testId="c273a168-39f9-49ea-9643-aff6bc2862b4" testName="TestStockInMembersButCompletelyExcluded" computerName="CZWWILLIAMRO1" duration="00:00:00.0160000" startTime="2018-10-19T16:42:09.0000000+01:00" endTime="2018-10-19T16:42:09.0000000+01:00" testType="13cdc9d9-ddb5-4fa4-a97d-d965ccfc6d4b" outcome="Passed" testListId="8c84fa94-04c1-424b-9868-57a2d4851a1d" relativeResultsDirectory="d12b8a9e-e894-429d-8ad0-72abbe258aab" /><UnitTestResult executionId="710679c0-7034-440d-a689-80cecfbe1086" testId="ab98f0fa-4b97-4827-b667-db0dde48067a" testName="TestFilterWhereNeverHadValidUniverseExchange" computerName="CZWWILLIAMRO1" duration="00:00:00.0070000" startTime="2018-10-19T16:42:31.0000000+01:00" endTime="2018-10-19T16:42:31.0000000+01:00" testType="13cdc9d9-ddb5-4fa4-a97d-d965ccfc6d4b" outcome="Passed" testListId="8c84fa94-04c1-424b-9868-57a2d4851a1d" relativeResultsDirectory="710679c0-7034-440d-a689-80cecfbe1086" /><UnitTestResult executionId="529bc7d8-cb4a-4806-815e-2891dd43e9d9" testId="5bf5134a-4e53-43d3-a4d6-d59bb1707150" testName="TestGetValue_WithValidExchange_UnderThreshold" computerName="CZWWILLIAMRO1" duration="00:00:00.0050000" startTime="2018-10-19T16:42:08.0000000+01:00" endTime="2018-10-19T16:42:08.0000000+01:00" testType="13cdc9d9-ddb5-4fa4-a97d-d965ccfc6d4b" outcome="Passed" testListId="8c84fa94-04c1-424b-9868-57a2d4851a1d" relativeResultsDirectory="529bc7d8-cb4a-4806-815e-2891dd43e9d9" /><UnitTestResult executionId="fd1c00e2-dd7d-4247-ad7b-b36c4f5f2ef0" testId="5b81c8ae-ade8-4363-a5b4-f2f4d1e039c2" testName="TestWithTargetAnnouncement" computerName="CZWWILLIAMRO1" duration="00:00:00.0330000" startTime="2018-10-19T16:42:24.0000000+01:00" endTime="2018-10-19T16:42:24.0000000+01:00" testType="13cdc9d9-ddb5-4fa4-a97d-d965ccfc6d4b" outcome="Passed" testListId="8c84fa94-04c1-424b-9868-57a2d4851a1d" relativeResultsDirectory="fd1c00e2-dd7d-4247-ad7b-b36c4f5f2ef0" /><UnitTestResult executionId="5cd588b1-c3db-44ba-9478-ffd4da135890" testId="0257255d-5688-4552-884e-5e2b05b2180b" testName="TestMultipleEntries" computerName="CZWWILLIAMRO1" duration="00:00:00.0010000" startTime="2018-10-19T16:42:27.0000000+01:00" endTime="2018-10-19T16:42:27.0000000+01:00" testType="13cdc9d9-ddb5-4fa4-a97d-d965ccfc6d4b" outcome="Passed" testListId="8c84fa94-04c1-424b-9868-57a2d4851a1d" relativeResultsDirectory="5cd588b1-c3db-44ba-9478-ffd4da135890" /><UnitTestResult executionId="9dbbd318-f71b-44c3-82d2-f306847132bf" testId="4c6de2aa-d79b-4c3c-9ae7-5753913f0d90" testName="TestDefaultReleaseStateWhenNoReleaseEverScheduled" computerName="CZWWILLIAMRO1" duration="00:00:00.0190000" startTime="2018-10-19T16:42:51.0000000+01:00" endTime="2018-10-19T16:42:51.0000000+01:00" testType="13cdc9d9-ddb5-4fa4-a97d-d965ccfc6d4b" outcome="Passed" testListId="8c84fa94-04c1-424b-9868-57a2d4851a1d" relativeResultsDirectory="9dbbd318-f71b-44c3-82d2-f306847132bf" /><UnitTestResult executionId="db42aab0-aeb1-4df5-824a-5fb9f66fd548" testId="c473404b-88d6-42d7-9998-894546ef9d2e" testName="TestHandleLockedUniverse_EmailDataOpsIfNotYetApproved" computerName="CZWWILLIAMRO1" duration="00:00:00.9960000" startTime="2018-10-19T16:43:13.0000000+01:00" endTime="2018-10-19T16:43:14.0000000+01:00" testType="13cdc9d9-ddb5-4fa4-a97d-d965ccfc6d4b" outcome="Passed" testListId="8c84fa94-04c1-424b-9868-57a2d4851a1d" relativeResultsDirectory="db42aab0-aeb1-4df5-824a-5fb9f66fd548" /><UnitTestResult executionId="2410edbf-374e-4900-8bab-d4f9dbf902cc" testId="d9c80ad5-55e5-4d8a-aac1-2084b9d20f8b" testName="TestRemoveDead_Middle" computerName="CZWWILLIAMRO1" duration="00:00:00.0020000" startTime="2018-10-19T16:42:01.0000000+01:00" endTime="2018-10-19T16:42:01.0000000+01:00" testType="13cdc9d9-ddb5-4fa4-a97d-d965ccfc6d4b" outcome="Passed" testListId="8c84fa94-04c1-424b-9868-57a2d4851a1d" relativeResultsDirectory="2410edbf-374e-4900-8bab-d4f9dbf902cc" /><UnitTestResult executionId="088774c9-9b3b-4a68-8721-44099e396c56" testId="dc148185-d08f-4dee-b168-65264bacaa82" testName="TestScheduleRelease_CancelRelease_WhenLiveIsNotTrading" computerName="CZWWILLIAMRO1" duration="00:00:00.0470000" startTime="2018-10-19T16:42:52.0000000+01:00" endTime="2018-10-19T16:42:52.0000000+01:00" testType="13cdc9d9-ddb5-4fa4-a97d-d965ccfc6d4b" outcome="Passed" testListId="8c84fa94-04c1-424b-9868-57a2d4851a1d" relativeResultsDirectory="088774c9-9b3b-4a68-8721-44099e396c56" /><UnitTestResult executionId="f90e90e7-9e8e-4707-adf2-4f6acafc27a1" testId="248aa7fc-39ca-458b-946f-3044dd0003ae" testName="TestOnlyExistingIncluded_MultipleReasons" computerName="CZWWILLIAMRO1" duration="00:00:00.0020000" startTime="2018-10-19T16:42:49.0000000+01:00" endTime="2018-10-19T16:42:49.0000000+01:00" testType="13cdc9d9-ddb5-4fa4-a97d-d965ccfc6d4b" outcome="Passed" testListId="8c84fa94-04c1-424b-9868-57a2d4851a1d" relativeResultsDirectory="f90e90e7-9e8e-4707-adf2-4f6acafc27a1" /><UnitTestResult executionId="02e7b57d-c5ad-4c6f-a47f-72a40eda3a52" testId="7fd54ef4-05bc-4b12-9add-7f460013a422" testName="TestWithTargetAnnouncement_AfterEnd" computerName="CZWWILLIAMRO1" duration="00:00:00.0010000" startTime="2018-10-19T16:42:24.0000000+01:00" endTime="2018-10-19T16:42:24.0000000+01:00" testType="13cdc9d9-ddb5-4fa4-a97d-d965ccfc6d4b" outcome="Passed" testListId="8c84fa94-04c1-424b-9868-57a2d4851a1d" relativeResultsDirectory="02e7b57d-c5ad-4c6f-a47f-72a40eda3a52" /><UnitTestResult executionId="cb7561aa-214d-4aed-a322-aa429243bf98" testId="a65b8310-a505-4624-928e-1ec120875628" testName="TestNoIdeal" computerName="CZWWILLIAMRO1" duration="00:00:00.0340000" startTime="2018-10-19T16:42:48.0000000+01:00" endTime="2018-10-19T16:42:48.0000000+01:00" testType="13cdc9d9-ddb5-4fa4-a97d-d965ccfc6d4b" outcome="Passed" testListId="8c84fa94-04c1-424b-9868-57a2d4851a1d" relativeResultsDirectory="cb7561aa-214d-4aed-a322-aa429243bf98" /><UnitTestResult executionId="ac620b0d-4443-45a4-88f1-09d40f7c42b2" testId="d5b42e14-508f-4d2e-a0b9-00628ef63a18" testName="TestGenerateMembersHistoric_ThrowsForLastValidDateInFuture" computerName="CZWWILLIAMRO1" duration="00:00:00.0170000" startTime="2018-10-19T16:43:34.0000000+01:00" endTime="2018-10-19T16:43:34.0000000+01:00" testType="13cdc9d9-ddb5-4fa4-a97d-d965ccfc6d4b" outcome="Passed" testListId="8c84fa94-04c1-424b-9868-57a2d4851a1d" relativeResultsDirectory="ac620b0d-4443-45a4-88f1-09d40f7c42b2" /><UnitTestResult executionId="318ba791-bd31-4129-99db-dd3b7b7bbf56" testId="3e68be54-98a4-4b01-a40a-898a81f56767" testName="TestSendingRequestApprovalsIfNeeded_Send_Requested" computerName="CZWWILLIAMRO1" duration="00:00:00.0380000" startTime="2018-10-19T16:41:57.0000000+01:00" endTime="2018-10-19T16:41:57.0000000+01:00" testType="13cdc9d9-ddb5-4fa4-a97d-d965ccfc6d4b" outcome="Passed" testListId="8c84fa94-04c1-424b-9868-57a2d4851a1d" relativeResultsDirectory="318ba791-bd31-4129-99db-dd3b7b7bbf56" /><UnitTestResult executionId="803f325d-bf6e-4f2e-b0f7-34cb527d9f12" testId="a55ce19f-0945-427c-af01-3794e555f45a" testName="TestRelease_TradingAndApproved_SyncFutures_Requested" computerName="CZWWILLIAMRO1" duration="00:00:00.0360000" startTime="2018-10-19T16:43:13.0000000+01:00" endTime="2018-10-19T16:43:13.0000000+01:00" testType="13cdc9d9-ddb5-4fa4-a97d-d965ccfc6d4b" outcome="Passed" testListId="8c84fa94-04c1-424b-9868-57a2d4851a1d" relativeResultsDirectory="803f325d-bf6e-4f2e-b0f7-34cb527d9f12" /><UnitTestResult executionId="96ff5d8e-f3b1-4530-9396-903dc49712f8" testId="52ea0888-f3c3-4252-95e0-f0a5ef46f7b8" testName="TestSetDepartmentApprovalState(BackOffice,Approved)" computerName="CZWWILLIAMRO1" duration="00:00:00.0250000" startTime="2018-10-19T16:42:52.0000000+01:00" endTime="2018-10-19T16:42:52.0000000+01:00" testType="13cdc9d9-ddb5-4fa4-a97d-d965ccfc6d4b" outcome="Passed" testListId="8c84fa94-04c1-424b-9868-57a2d4851a1d" relativeResultsDirectory="96ff5d8e-f3b1-4530-9396-903dc49712f8" /><UnitTestResult executionId="89fd3529-aeab-426d-aae1-20fcf530c08f" testId="de28a965-ccdc-434d-a73f-916dbc19e630" testName="TestConjunction" computerName="CZWWILLIAMRO1" duration="00:00:00.0010000" startTime="2018-10-19T16:42:36.0000000+01:00" endTime="2018-10-19T16:42:36.0000000+01:00" testType="13cdc9d9-ddb5-4fa4-a97d-d965ccfc6d4b" outcome="Passed" testListId="8c84fa94-04c1-424b-9868-57a2d4851a1d" relativeResultsDirectory="89fd3529-aeab-426d-aae1-20fcf530c08f" /><UnitTestResult executionId="4aa6ba20-a365-4159-927a-53f89e5cf4ed" testId="30b12643-7313-411c-9102-1612df41f853" testName="TestGenerateMembersHistoric_From2018-01-01_WithEmptyMembersIdeal_WithEmptyExistingMembersHistoric" computerName="CZWWILLIAMRO1" duration="00:00:00.0160000" startTime="2018-10-19T16:43:33.0000000+01:00" endTime="2018-10-19T16:43:33.0000000+01:00" testType="13cdc9d9-ddb5-4fa4-a97d-d965ccfc6d4b" outcome="Passed" testListId="8c84fa94-04c1-424b-9868-57a2d4851a1d" relativeResultsDirectory="4aa6ba20-a365-4159-927a-53f89e5cf4ed" /><UnitTestResult executionId="7b2bd9e7-a3b5-4ac7-9811-69dbe8019085" testId="1c372f36-a85f-4a97-8abf-642d2079c551" testName="TestExistingStocks" computerName="CZWWILLIAMRO1" duration="00:00:00.8960000" startTime="2018-10-19T16:42:45.0000000+01:00" endTime="2018-10-19T16:42:45.0000000+01:00" testType="13cdc9d9-ddb5-4fa4-a97d-d965ccfc6d4b" outcome="Passed" testListId="8c84fa94-04c1-424b-9868-57a2d4851a1d" relativeResultsDirectory="7b2bd9e7-a3b5-4ac7-9811-69dbe8019085" /><UnitTestResult executionId="968201ca-bf94-4c6c-bbbc-0520e6fa7f47" testId="ed4b02c4-9b7e-46bd-9184-faa37a3c2c6c" testName="TestDateRangeInclusivity" computerName="CZWWILLIAMRO1" duration="00:00:00.0060000" startTime="2018-10-19T16:42:36.0000000+01:00" endTime="2018-10-19T16:42:36.0000000+01:00" testType="13cdc9d9-ddb5-4fa4-a97d-d965ccfc6d4b" outcome="Passed" testListId="8c84fa94-04c1-424b-9868-57a2d4851a1d" relativeResultsDirectory="968201ca-bf94-4c6c-bbbc-0520e6fa7f47" /><UnitTestResult executionId="07c2f4bc-2538-449c-ad20-21fc73519735" testId="7cb2b203-3bc0-44e0-b9f2-be5820afbc20" testName="TestAddedInTheMiddle" computerName="CZWWILLIAMRO1" duration="00:00:00.9290000" startTime="2018-10-19T16:42:24.0000000+01:00" endTime="2018-10-19T16:42:25.0000000+01:00" testType="13cdc9d9-ddb5-4fa4-a97d-d965ccfc6d4b" outcome="Passed" testListId="8c84fa94-04c1-424b-9868-57a2d4851a1d" relativeResultsDirectory="07c2f4bc-2538-449c-ad20-21fc73519735" /><UnitTestResult executionId="d1d761b9-e8bd-4592-8465-2399fb77861f" testId="edd38d7d-be45-4613-b4b3-2c8e84d6bf78" testName="TestSendingRequestApprovalsIfNeeded_DoNotSend_Cancelled" computerName="CZWWILLIAMRO1" duration="00:00:00.0310000" startTime="2018-10-19T16:41:57.0000000+01:00" endTime="2018-10-19T16:41:57.0000000+01:00" testType="13cdc9d9-ddb5-4fa4-a97d-d965ccfc6d4b" outcome="Passed" testListId="8c84fa94-04c1-424b-9868-57a2d4851a1d" relativeResultsDirectory="d1d761b9-e8bd-4592-8465-2399fb77861f" /><UnitTestResult executionId="3045b118-7be3-41a2-97f9-5804951b8ac5" testId="1a6b7ea2-0629-44c1-972e-a986a7f5df18" testName="TestGenerateMembersHistoric_From2018-01-01_WithMembersIdealOnExistingMembersHistoricEndDate_WithEmptyExistingMembersHistoric" computerName="CZWWILLIAMRO1" duration="00:00:00.0170000" startTime="2018-10-19T16:43:33.0000000+01:00" endTime="2018-10-19T16:43:33.0000000+01:00" testType="13cdc9d9-ddb5-4fa4-a97d-d965ccfc6d4b" outcome="Passed" testListId="8c84fa94-04c1-424b-9868-57a2d4851a1d" relativeResultsDirectory="3045b118-7be3-41a2-97f9-5804951b8ac5" /><UnitTestResult executionId="149dd40b-8b31-4e9f-bdfd-4ad1f56b748f" testId="9a274a17-9526-4f2a-9267-f39e08e10714" testName="TestSetObjValue_WithoutNoOpWriter" computerName="CZWWILLIAMRO1" duration="00:00:00.0100000" startTime="2018-10-19T16:43:26.0000000+01:00" endTime="2018-10-19T16:43:26.0000000+01:00" testType="13cdc9d9-ddb5-4fa4-a97d-d965ccfc6d4b" outcome="Passed" testListId="8c84fa94-04c1-424b-9868-57a2d4851a1d" relativeResultsDirectory="149dd40b-8b31-4e9f-bdfd-4ad1f56b748f" /><UnitTestResult executionId="51965f2e-1d76-4643-b85a-2d83d9036b11" testId="5201ad65-a360-4468-9f03-3d0331e187ef" testName="TestIdealNeverExcluded" computerName="CZWWILLIAMRO1" duration="00:00:00.0570000" startTime="2018-10-19T16:43:16.0000000+01:00" endTime="2018-10-19T16:43:16.0000000+01:00" testType="13cdc9d9-ddb5-4fa4-a97d-d965ccfc6d4b" outcome="Passed" testListId="8c84fa94-04c1-424b-9868-57a2d4851a1d" relativeResultsDirectory="51965f2e-1d76-4643-b85a-2d83d9036b11" /><UnitTestResult executionId="0c71d1d7-6fd6-4558-be18-93c04d3b786e" testId="b68a9abe-7387-432c-90ae-d5ade172189f" testName="TestNextReleaseDate_AlwaysReturnsTodayMidnight" computerName="CZWWILLIAMRO1" duration="00:00:01.0910000" startTime="2018-10-19T16:43:03.0000000+01:00" endTime="2018-10-19T16:43:04.0000000+01:00" testType="13cdc9d9-ddb5-4fa4-a97d-d965ccfc6d4b" outcome="Passed" testListId="8c84fa94-04c1-424b-9868-57a2d4851a1d" relativeResultsDirectory="0c71d1d7-6fd6-4558-be18-93c04d3b786e" /><UnitTestResult executionId="2e6017f3-ff39-4c84-832b-fee13304cd1f" testId="d075ea1b-d8e7-4a16-97d5-fb3d5d77f168" testName="TestMembersPending" computerName="CZWWILLIAMRO1" duration="00:00:00.0000001" startTime="2018-10-19T16:43:05.0000000+01:00" endTime="2018-10-19T16:43:05.0000000+01:00" testType="13cdc9d9-ddb5-4fa4-a97d-d965ccfc6d4b" outcome="Passed" testListId="8c84fa94-04c1-424b-9868-57a2d4851a1d" relativeResultsDirectory="2e6017f3-ff39-4c84-832b-fee13304cd1f" /><UnitTestResult executionId="8401fc0b-b743-497a-81af-010c7a14f6c9" testId="c914b4bf-167f-4e30-b0ce-76cf442f60bb" testName="TestAddApprovedDepartmentsMessageToApprovalRequests" computerName="CZWWILLIAMRO1" duration="00:00:01.4280000" startTime="2018-10-19T16:41:54.0000000+01:00" endTime="2018-10-19T16:41:55.0000000+01:00" testType="13cdc9d9-ddb5-4fa4-a97d-d965ccfc6d4b" outcome="Passed" testListId="8c84fa94-04c1-424b-9868-57a2d4851a1d" relativeResultsDirectory="8401fc0b-b743-497a-81af-010c7a14f6c9" /><UnitTestResult executionId="f2fc7472-74e3-4d5e-87fd-682b8e6600f4" testId="4fc23b1b-8b83-4ad0-b208-2d1dbcd844b5" testName="TestOnlyExistingIncluded_WithLastDayBeingAWorkingDay" computerName="CZWWILLIAMRO1" duration="00:00:00.0020000" startTime="2018-10-19T16:42:49.0000000+01:00" endTime="2018-10-19T16:42:49.0000000+01:00" testType="13cdc9d9-ddb5-4fa4-a97d-d965ccfc6d4b" outcome="Passed" testListId="8c84fa94-04c1-424b-9868-57a2d4851a1d" relativeResultsDirectory="f2fc7472-74e3-4d5e-87fd-682b8e6600f4" /><UnitTestResult executionId="3b3ce007-65ca-4b3e-94da-17c200be44bc" testId="28dc6ba2-e19d-4709-a6f7-4c24f2c3cc75" testName="TestCreateUniverseCollectionAndReasonsFiles" computerName="CZWWILLIAMRO1" duration="00:00:01.0330000" startTime="2018-10-19T16:43:26.0000000+01:00" endTime="2018-10-19T16:43:27.0000000+01:00" testType="13cdc9d9-ddb5-4fa4-a97d-d965ccfc6d4b" outcome="Passed" testListId="8c84fa94-04c1-424b-9868-57a2d4851a1d" relativeResultsDirectory="3b3ce007-65ca-4b3e-94da-17c200be44bc" /><UnitTestResult executionId="6c302b5b-3a5d-438d-8555-80a1c715e115" testId="59c43185-1766-49e3-9b14-2ee2d6372db2" testName="TestNotExcludedWithEvent" computerName="CZWWILLIAMRO1" duration="00:00:00.0010000" startTime="2018-10-19T16:42:20.0000000+01:00" endTime="2018-10-19T16:42:20.0000000+01:00" testType="13cdc9d9-ddb5-4fa4-a97d-d965ccfc6d4b" outcome="Passed" testListId="8c84fa94-04c1-424b-9868-57a2d4851a1d" relativeResultsDirectory="6c302b5b-3a5d-438d-8555-80a1c715e115" /><UnitTestResult executionId="1889b0d3-5ef4-4174-bc26-99ac3ebf6936" testId="98d9d4af-c509-4b74-802c-f36f1748017b" testName="TestConsequtiveDeletion" computerName="CZWWILLIAMRO1" duration="00:00:00.0010000" startTime="2018-10-19T16:42:36.0000000+01:00" endTime="2018-10-19T16:42:36.0000000+01:00" testType="13cdc9d9-ddb5-4fa4-a97d-d965ccfc6d4b" outcome="Passed" testListId="8c84fa94-04c1-424b-9868-57a2d4851a1d" relativeResultsDirectory="1889b0d3-5ef4-4174-bc26-99ac3ebf6936" /><UnitTestResult executionId="299bba37-d3d7-4e54-9e72-fdad6b427ade" testId="378df262-993c-41cb-9f14-05f95bd882ca" testName="TestMonthsInBucket_Fine" computerName="CZWWILLIAMRO1" duration="00:00:00.0000001" startTime="2018-10-19T16:42:36.0000000+01:00" endTime="2018-10-19T16:42:36.0000000+01:00" testType="13cdc9d9-ddb5-4fa4-a97d-d965ccfc6d4b" outcome="Passed" testListId="8c84fa94-04c1-424b-9868-57a2d4851a1d" relativeResultsDirectory="299bba37-d3d7-4e54-9e72-fdad6b427ade" /><UnitTestResult executionId="ff108852-1d99-45a9-a1cc-dfb5e595906a" testId="437178c1-7e36-4585-a878-a720b205a5be" testName="TestMixed" computerName="CZWWILLIAMRO1" duration="00:00:00.0020000" startTime="2018-10-19T16:42:36.0000000+01:00" endTime="2018-10-19T16:42:36.0000000+01:00" testType="13cdc9d9-ddb5-4fa4-a97d-d965ccfc6d4b" outcome="Passed" testListId="8c84fa94-04c1-424b-9868-57a2d4851a1d" relativeResultsDirectory="ff108852-1d99-45a9-a1cc-dfb5e595906a" /><UnitTestResult executionId="c5d59011-3aff-48e0-8c5c-0975fec11b88" testId="ce5bfb25-d3b8-4aea-9bca-55372603de6c" testName="TestPendingSyntheticFutures" computerName="CZWWILLIAMRO1" duration="00:00:00.0250000" startTime="2018-10-19T16:43:36.0000000+01:00" endTime="2018-10-19T16:43:36.0000000+01:00" testType="13cdc9d9-ddb5-4fa4-a97d-d965ccfc6d4b" outcome="Passed" testListId="8c84fa94-04c1-424b-9868-57a2d4851a1d" relativeResultsDirectory="c5d59011-3aff-48e0-8c5c-0975fec11b88" /><UnitTestResult executionId="b2c6e38f-a2c2-4a3a-8d1d-027056eefe1e" testId="ba7656fb-b160-4ea4-9b73-d14acb7d47d5" testName="TestGenerateMembersHistoric_From0001-01-01_WithMembersIdealOnExistingMembersHistoricEndDate_WithExistingMembersHistoric" computerName="CZWWILLIAMRO1" duration="00:00:00.0320000" startTime="2018-10-19T16:43:32.0000000+01:00" endTime="2018-10-19T16:43:32.0000000+01:00" testType="13cdc9d9-ddb5-4fa4-a97d-d965ccfc6d4b" outcome="Passed" testListId="8c84fa94-04c1-424b-9868-57a2d4851a1d" relativeResultsDirectory="b2c6e38f-a2c2-4a3a-8d1d-027056eefe1e" /><UnitTestResult executionId="4c6a0b64-99e9-43d3-8e94-6d3146a35bdb" testId="8f6eb09c-9548-4fe6-a0bd-5a4df19c3e7f" testName="TestExpire" computerName="CZWWILLIAMRO1" duration="00:00:00.0010000" startTime="2018-10-19T16:42:08.0000000+01:00" endTime="2018-10-19T16:42:08.0000000+01:00" testType="13cdc9d9-ddb5-4fa4-a97d-d965ccfc6d4b" outcome="Passed" testListId="8c84fa94-04c1-424b-9868-57a2d4851a1d" relativeResultsDirectory="4c6a0b64-99e9-43d3-8e94-6d3146a35bdb" /><UnitTestResult executionId="6b8d65c1-d1d8-4488-8b6d-50a29c47d059" testId="5ce4368a-e3fa-4e35-a31f-492901842c4d" testName="TestSendReleasedEmailIfNeeded_NoDiffs_WithoutApproval" computerName="CZWWILLIAMRO1" duration="00:00:00.0230000" startTime="2018-10-19T16:41:57.0000000+01:00" endTime="2018-10-19T16:41:57.0000000+01:00" testType="13cdc9d9-ddb5-4fa4-a97d-d965ccfc6d4b" outcome="Passed" testListId="8c84fa94-04c1-424b-9868-57a2d4851a1d" relativeResultsDirectory="6b8d65c1-d1d8-4488-8b6d-50a29c47d059" /><UnitTestResult executionId="7a54ccf9-c821-41f2-8fd2-07e43babf932" testId="06641b6e-5c04-46a9-8915-1d25d52038a9" testName="TestChangesAfterToday" computerName="CZWWILLIAMRO1" duration="00:00:00.9210000" startTime="2018-10-19T16:42:03.0000000+01:00" endTime="2018-10-19T16:42:04.0000000+01:00" testType="13cdc9d9-ddb5-4fa4-a97d-d965ccfc6d4b" outcome="Passed" testListId="8c84fa94-04c1-424b-9868-57a2d4851a1d" relativeResultsDirectory="7a54ccf9-c821-41f2-8fd2-07e43babf932" /><UnitTestResult executionId="fd914850-fecb-4cac-9744-8a5a2cebf95c" testId="dd6325cf-afad-4f9a-9c3a-e539fc0b5205" testName="TestGetValue_WithValidExchange_OverThreshold" computerName="CZWWILLIAMRO1" duration="00:00:00.0050000" startTime="2018-10-19T16:42:08.0000000+01:00" endTime="2018-10-19T16:42:08.0000000+01:00" testType="13cdc9d9-ddb5-4fa4-a97d-d965ccfc6d4b" outcome="Passed" testListId="8c84fa94-04c1-424b-9868-57a2d4851a1d" relativeResultsDirectory="fd914850-fecb-4cac-9744-8a5a2cebf95c" /><UnitTestResult executionId="73acaddd-ae58-4d4a-8f68-e098625bdd21" testId="44a06486-98a5-43af-85c1-f5bd0ae2835f" testName="TestDoNotAddOptionalErrorToApprovalRequests_BackOffice" computerName="CZWWILLIAMRO1" duration="00:00:00.0160000" startTime="2018-10-19T16:41:56.0000000+01:00" endTime="2018-10-19T16:41:56.0000000+01:00" testType="13cdc9d9-ddb5-4fa4-a97d-d965ccfc6d4b" outcome="Passed" testListId="8c84fa94-04c1-424b-9868-57a2d4851a1d" relativeResultsDirectory="73acaddd-ae58-4d4a-8f68-e098625bdd21" /><UnitTestResult executionId="2655c962-4774-4f3c-b0c0-f27e2b12161d" testId="bbf915a3-f5fa-461f-80d8-30cae9554179" testName="TestDatesFor" computerName="CZWWILLIAMRO1" duration="00:00:00.0010000" startTime="2018-10-19T16:42:36.0000000+01:00" endTime="2018-10-19T16:42:36.0000000+01:00" testType="13cdc9d9-ddb5-4fa4-a97d-d965ccfc6d4b" outcome="Passed" testListId="8c84fa94-04c1-424b-9868-57a2d4851a1d" relativeResultsDirectory="2655c962-4774-4f3c-b0c0-f27e2b12161d" /><UnitTestResult executionId="e6afad96-b36e-4f05-8d71-26e3ca11f584" testId="54b810bd-feda-4686-9ce5-4c55d1f7a9f0" testName="TestConsequtiveAddition_MultipleReasons" computerName="CZWWILLIAMRO1" duration="00:00:00.0010000" startTime="2018-10-19T16:42:36.0000000+01:00" endTime="2018-10-19T16:42:36.0000000+01:00" testType="13cdc9d9-ddb5-4fa4-a97d-d965ccfc6d4b" outcome="Passed" testListId="8c84fa94-04c1-424b-9868-57a2d4851a1d" relativeResultsDirectory="e6afad96-b36e-4f05-8d71-26e3ca11f584" /><UnitTestResult executionId="530afbaf-69d1-4d8b-9f76-8d55769ee6f2" testId="ed9ed7aa-8069-4196-bee2-da34339b38ae" testName="TestSectorSetViaRdgFieldMidWay" computerName="CZWWILLIAMRO1" duration="00:00:00.0210000" startTime="2018-10-19T16:42:21.0000000+01:00" endTime="2018-10-19T16:42:21.0000000+01:00" testType="13cdc9d9-ddb5-4fa4-a97d-d965ccfc6d4b" outcome="Passed" testListId="8c84fa94-04c1-424b-9868-57a2d4851a1d" relativeResultsDirectory="530afbaf-69d1-4d8b-9f76-8d55769ee6f2" /><UnitTestResult executionId="5936b9e7-ee77-4151-bd86-708f5ee46fa1" testId="2d334568-f292-4d13-9bf3-43662d41dea8" testName="TestFirstDate" computerName="CZWWILLIAMRO1" duration="00:00:00.0060000" startTime="2018-10-19T16:42:05.0000000+01:00" endTime="2018-10-19T16:42:05.0000000+01:00" testType="13cdc9d9-ddb5-4fa4-a97d-d965ccfc6d4b" outcome="Passed" testListId="8c84fa94-04c1-424b-9868-57a2d4851a1d" relativeResultsDirectory="5936b9e7-ee77-4151-bd86-708f5ee46fa1" /><UnitTestResult executionId="49790f54-0816-4808-a7ed-4d418a86896a" testId="9d7ab88b-e7e5-4ce6-b987-8d7d15d157a9" testName="TestIsReleaseLocked_ReleaseNotPending_Completed" computerName="CZWWILLIAMRO1" duration="00:00:00.0180000" startTime="2018-10-19T16:42:52.0000000+01:00" endTime="2018-10-19T16:42:52.0000000+01:00" testType="13cdc9d9-ddb5-4fa4-a97d-d965ccfc6d4b" outcome="Passed" testListId="8c84fa94-04c1-424b-9868-57a2d4851a1d" relativeResultsDirectory="49790f54-0816-4808-a7ed-4d418a86896a" /><UnitTestResult executionId="34c28f8b-84c9-4300-af43-4c522dd81c4d" testId="5c91bda4-874b-4a4e-82fe-344d805eaec5" testName="TestUnion_Included" computerName="CZWWILLIAMRO1" duration="00:00:00.0000001" startTime="2018-10-19T16:42:36.0000000+01:00" endTime="2018-10-19T16:42:36.0000000+01:00" testType="13cdc9d9-ddb5-4fa4-a97d-d965ccfc6d4b" outcome="Passed" testListId="8c84fa94-04c1-424b-9868-57a2d4851a1d" relativeResultsDirectory="34c28f8b-84c9-4300-af43-4c522dd81c4d" /><UnitTestResult executionId="92489940-ea99-4132-86bb-e520586e2b87" testId="3d2c777c-e850-429e-bcfd-f6343d1810d0" testName="TestDumpMeans_Empty" computerName="CZWWILLIAMRO1" duration="00:00:00.0120000" startTime="2018-10-19T16:43:31.0000000+01:00" endTime="2018-10-19T16:43:31.0000000+01:00" testType="13cdc9d9-ddb5-4fa4-a97d-d965ccfc6d4b" outcome="Passed" testListId="8c84fa94-04c1-424b-9868-57a2d4851a1d" relativeResultsDirectory="92489940-ea99-4132-86bb-e520586e2b87" /><UnitTestResult executionId="15010e3b-c704-46a1-b7f4-c6ee9ad7f4ff" testId="d5958553-2152-4f0d-b965-56e5d2c9430c" testName="TestEnumerableRange_FromIsTo_AfterEnd" computerName="CZWWILLIAMRO1" duration="00:00:00.0000001" startTime="2018-10-19T16:42:36.0000000+01:00" endTime="2018-10-19T16:42:36.0000000+01:00" testType="13cdc9d9-ddb5-4fa4-a97d-d965ccfc6d4b" outcome="Passed" testListId="8c84fa94-04c1-424b-9868-57a2d4851a1d" relativeResultsDirectory="15010e3b-c704-46a1-b7f4-c6ee9ad7f4ff" /><UnitTestResult executionId="f027568a-949a-445d-9c7e-64bb1da664b6" testId="8f2b3c2e-7119-4682-b57b-9b2b07fdacdc" testName="TestSendReleasedEmailIfNeeded_WithDiffsAndNoApproval" computerName="CZWWILLIAMRO1" duration="00:00:00.1120000" startTime="2018-10-19T16:41:57.0000000+01:00" endTime="2018-10-19T16:41:58.0000000+01:00" testType="13cdc9d9-ddb5-4fa4-a97d-d965ccfc6d4b" outcome="Passed" testListId="8c84fa94-04c1-424b-9868-57a2d4851a1d" relativeResultsDirectory="f027568a-949a-445d-9c7e-64bb1da664b6" /><UnitTestResult executionId="98a635b0-8435-4369-9fad-0302ab7af7c3" testId="fb7e8ec8-0380-48cc-8b78-a72c1332ab34" testName="TestDatesForMixed" computerName="CZWWILLIAMRO1" duration="00:00:00.0010000" startTime="2018-10-19T16:42:36.0000000+01:00" endTime="2018-10-19T16:42:36.0000000+01:00" testType="13cdc9d9-ddb5-4fa4-a97d-d965ccfc6d4b" outcome="Passed" testListId="8c84fa94-04c1-424b-9868-57a2d4851a1d" relativeResultsDirectory="98a635b0-8435-4369-9fad-0302ab7af7c3" /><UnitTestResult executionId="0ec0df02-b4c9-490b-9bac-5495d4b77dd0" testId="7a923d7c-e3d7-4a97-9512-5f3c556d0645" testName="TestSyntheticFuturesNoDiff" computerName="CZWWILLIAMRO1" duration="00:00:00.0080000" startTime="2018-10-19T16:43:30.0000000+01:00" endTime="2018-10-19T16:43:30.0000000+01:00" testType="13cdc9d9-ddb5-4fa4-a97d-d965ccfc6d4b" outcome="Passed" testListId="8c84fa94-04c1-424b-9868-57a2d4851a1d" relativeResultsDirectory="0ec0df02-b4c9-490b-9bac-5495d4b77dd0" /><UnitTestResult executionId="820e577c-af02-4063-8bc4-b05544d9e4f8" testId="4a91eb50-b963-4450-97de-9c2e613c7841" testName="TestSendLockedUniverseNotificationIfNeeded_Execution" computerName="CZWWILLIAMRO1" duration="00:00:00.0230000" startTime="2018-10-19T16:41:57.0000000+01:00" endTime="2018-10-19T16:41:57.0000000+01:00" testType="13cdc9d9-ddb5-4fa4-a97d-d965ccfc6d4b" outcome="Passed" testListId="8c84fa94-04c1-424b-9868-57a2d4851a1d" relativeResultsDirectory="820e577c-af02-4063-8bc4-b05544d9e4f8" /><UnitTestResult executionId="9a2e88d5-d68e-4e54-99f0-c5dd3b719382" testId="42e16f5d-9f88-4b06-b576-9897bb088b54" testName="TestMembershipOverride" computerName="CZWWILLIAMRO1" duration="00:00:00.0230000" startTime="2018-10-19T16:43:36.0000000+01:00" endTime="2018-10-19T16:43:36.0000000+01:00" testType="13cdc9d9-ddb5-4fa4-a97d-d965ccfc6d4b" outcome="Passed" testListId="8c84fa94-04c1-424b-9868-57a2d4851a1d" relativeResultsDirectory="9a2e88d5-d68e-4e54-99f0-c5dd3b719382" /><UnitTestResult executionId="5f022518-beab-46d3-9ec0-3205a76dc4dd" testId="9d166f15-a1f3-43a8-be80-34d65da9199c" testName="TestGenerateMembersHistoric_From0001-01-01_WithoutMembersIdeal_WithoutExistingMembersHistoric" computerName="CZWWILLIAMRO1" duration="00:00:00.0470000" startTime="2018-10-19T16:43:32.0000000+01:00" endTime="2018-10-19T16:43:32.0000000+01:00" testType="13cdc9d9-ddb5-4fa4-a97d-d965ccfc6d4b" outcome="Passed" testListId="8c84fa94-04c1-424b-9868-57a2d4851a1d" relativeResultsDirectory="5f022518-beab-46d3-9ec0-3205a76dc4dd" /><UnitTestResult executionId="29e6375d-547e-4ed5-a39f-f0c5539cd9a3" testId="2f215a98-d878-42a5-ae90-2c0ac15b859f" testName="TestChangesAfterTwoYearsAgo" computerName="CZWWILLIAMRO1" duration="00:00:00.0000001" startTime="2018-10-19T16:42:04.0000000+01:00" endTime="2018-10-19T16:42:04.0000000+01:00" testType="13cdc9d9-ddb5-4fa4-a97d-d965ccfc6d4b" outcome="Passed" testListId="8c84fa94-04c1-424b-9868-57a2d4851a1d" relativeResultsDirectory="29e6375d-547e-4ed5-a39f-f0c5539cd9a3" /><UnitTestResult executionId="07707cad-9024-46fb-a5e7-30525e8d4bd5" testId="d59c5f89-aa55-45f0-8039-7c2a3da0e585" testName="TestLoadFutureContracts" computerName="CZWWILLIAMRO1" duration="00:00:00.0120000" startTime="2018-10-19T16:42:29.0000000+01:00" endTime="2018-10-19T16:42:29.0000000+01:00" testType="13cdc9d9-ddb5-4fa4-a97d-d965ccfc6d4b" outcome="Passed" testListId="8c84fa94-04c1-424b-9868-57a2d4851a1d" relativeResultsDirectory="07707cad-9024-46fb-a5e7-30525e8d4bd5" /><UnitTestResult executionId="ac609417-5bf4-43d7-8658-8ac910003b0b" testId="3278961e-95f8-4149-a899-26a3e307f289" testName="TestEmptyFutures" computerName="CZWWILLIAMRO1" duration="00:00:00.0010000" startTime="2018-10-19T16:42:37.0000000+01:00" endTime="2018-10-19T16:42:37.0000000+01:00" testType="13cdc9d9-ddb5-4fa4-a97d-d965ccfc6d4b" outcome="Passed" testListId="8c84fa94-04c1-424b-9868-57a2d4851a1d" relativeResultsDirectory="ac609417-5bf4-43d7-8658-8ac910003b0b" /><UnitTestResult executionId="bf5ea193-a6e3-43bd-9322-361283bad73d" testId="f3ad22b0-cdfb-4ad6-9108-6f86c8556a1c" testName="TestExecutionDepartmentApproval" computerName="CZWWILLIAMRO1" duration="00:00:00.0450000" startTime="2018-10-19T16:43:07.0000000+01:00" endTime="2018-10-19T16:43:07.0000000+01:00" testType="13cdc9d9-ddb5-4fa4-a97d-d965ccfc6d4b" outcome="Passed" testListId="8c84fa94-04c1-424b-9868-57a2d4851a1d" relativeResultsDirectory="bf5ea193-a6e3-43bd-9322-361283bad73d" /><UnitTestResult executionId="615e4ace-3c8b-47a6-a7b7-c38785cee72b" testId="85a5c077-7b4b-424f-aed5-b09f3e5baf32" testName="TestRange_Gap" computerName="CZWWILLIAMRO1" duration="00:00:00.0000001" startTime="2018-10-19T16:42:36.0000000+01:00" endTime="2018-10-19T16:42:36.0000000+01:00" testType="13cdc9d9-ddb5-4fa4-a97d-d965ccfc6d4b" outcome="Passed" testListId="8c84fa94-04c1-424b-9868-57a2d4851a1d" relativeResultsDirectory="615e4ace-3c8b-47a6-a7b7-c38785cee72b" /><UnitTestResult executionId="11847ef8-ba47-4e80-9bfe-5a36825b2ca5" testId="84b3c544-4d05-4744-82e7-abc013cddb1f" testName="TestFilterWhereNeverHadValidUniverseExchange" computerName="CZWWILLIAMRO1" duration="00:00:00.0140000" startTime="2018-10-19T16:42:43.0000000+01:00" endTime="2018-10-19T16:42:43.0000000+01:00" testType="13cdc9d9-ddb5-4fa4-a97d-d965ccfc6d4b" outcome="Passed" testListId="8c84fa94-04c1-424b-9868-57a2d4851a1d" relativeResultsDirectory="11847ef8-ba47-4e80-9bfe-5a36825b2ca5" /><UnitTestResult executionId="6117f539-508b-4c83-a21a-f001bf4fd67f" testId="741564ff-0f59-4b60-8ec4-6ffee50ca938" testName="TestIncorrectRange" computerName="CZWWILLIAMRO1" duration="00:00:00.0010000" startTime="2018-10-19T16:42:36.0000000+01:00" endTime="2018-10-19T16:42:36.0000000+01:00" testType="13cdc9d9-ddb5-4fa4-a97d-d965ccfc6d4b" outcome="Passed" testListId="8c84fa94-04c1-424b-9868-57a2d4851a1d" relativeResultsDirectory="6117f539-508b-4c83-a21a-f001bf4fd67f" /><UnitTestResult executionId="ac381fe9-576c-452a-8f58-87516e8b190f" testId="f4b1c4e3-8ec6-449d-a28f-60137e34e9ae" testName="TestApprovalStatesVariable" computerName="CZWWILLIAMRO1" duration="00:00:00.0210000" startTime="2018-10-19T16:43:36.0000000+01:00" endTime="2018-10-19T16:43:36.0000000+01:00" testType="13cdc9d9-ddb5-4fa4-a97d-d965ccfc6d4b" outcome="Passed" testListId="8c84fa94-04c1-424b-9868-57a2d4851a1d" relativeResultsDirectory="ac381fe9-576c-452a-8f58-87516e8b190f" /><UnitTestResult executionId="6fce0c0e-472e-4354-8e5c-011b1e705d3d" testId="dfadc5eb-05b3-4dad-9675-ce29aa3b6033" testName="TestCreateAuxiliaryMembers_MultipleFutureContracts" computerName="CZWWILLIAMRO1" duration="00:00:00.0410000" startTime="2018-10-19T16:42:45.0000000+01:00" endTime="2018-10-19T16:42:45.0000000+01:00" testType="13cdc9d9-ddb5-4fa4-a97d-d965ccfc6d4b" outcome="Passed" testListId="8c84fa94-04c1-424b-9868-57a2d4851a1d" relativeResultsDirectory="6fce0c0e-472e-4354-8e5c-011b1e705d3d" /><UnitTestResult executionId="b9b8fab3-3f38-482e-a6ce-0618837c83bd" testId="006dc16f-a662-4153-ba3b-8654cdb42110" testName="TestNoUnapprovedFutures" computerName="CZWWILLIAMRO1" duration="00:00:01.0040000" startTime="2018-10-19T16:41:51.0000000+01:00" endTime="2018-10-19T16:41:52.0000000+01:00" testType="13cdc9d9-ddb5-4fa4-a97d-d965ccfc6d4b" outcome="Passed" testListId="8c84fa94-04c1-424b-9868-57a2d4851a1d" relativeResultsDirectory="b9b8fab3-3f38-482e-a6ce-0618837c83bd" /><UnitTestResult executionId="3d5b842b-3b39-446a-a4a2-8333637feea7" testId="a593d313-1dc0-468e-a3d5-314fdecafa0f" testName="TestDiffEarlierAddition_SecondExpiresEarlier" computerName="CZWWILLIAMRO1" duration="00:00:00.0010000" startTime="2018-10-19T16:42:36.0000000+01:00" endTime="2018-10-19T16:42:36.0000000+01:00" testType="13cdc9d9-ddb5-4fa4-a97d-d965ccfc6d4b" outcome="Passed" testListId="8c84fa94-04c1-424b-9868-57a2d4851a1d" relativeResultsDirectory="3d5b842b-3b39-446a-a4a2-8333637feea7" /><UnitTestResult executionId="1ac5a9b8-5c0e-4850-b66c-ac135968eb18" testId="ca6515fc-56d7-4c16-b78d-960c984741ed" testName="TestSendLockedUniverseEmailIfNeeded_Send" computerName="CZWWILLIAMRO1" duration="00:00:00.1070000" startTime="2018-10-19T16:41:57.0000000+01:00" endTime="2018-10-19T16:41:57.0000000+01:00" testType="13cdc9d9-ddb5-4fa4-a97d-d965ccfc6d4b" outcome="Passed" testListId="8c84fa94-04c1-424b-9868-57a2d4851a1d" relativeResultsDirectory="1ac5a9b8-5c0e-4850-b66c-ac135968eb18" /><UnitTestResult executionId="780a5ef9-f709-4b98-9664-078386a068a0" testId="7d1c184b-4511-41e3-ba6e-5936e3541e83" testName="TestRelease_TradingAndApproved_SyncFutures_NotRequested" computerName="CZWWILLIAMRO1" duration="00:00:00.0360000" startTime="2018-10-19T16:43:13.0000000+01:00" endTime="2018-10-19T16:43:13.0000000+01:00" testType="13cdc9d9-ddb5-4fa4-a97d-d965ccfc6d4b" outcome="Passed" testListId="8c84fa94-04c1-424b-9868-57a2d4851a1d" relativeResultsDirectory="780a5ef9-f709-4b98-9664-078386a068a0" /><UnitTestResult executionId="7e52b58d-e3bd-46b3-bd58-54c67a9c27f9" testId="976040d4-a3da-4d0b-8364-0a06946a5519" testName="TestRemoveDead_WithExpiryDateTimeAfterSpecifiedThreshold" computerName="CZWWILLIAMRO1" duration="00:00:00.0120000" startTime="2018-10-19T16:42:01.0000000+01:00" endTime="2018-10-19T16:42:01.0000000+01:00" testType="13cdc9d9-ddb5-4fa4-a97d-d965ccfc6d4b" outcome="Passed" testListId="8c84fa94-04c1-424b-9868-57a2d4851a1d" relativeResultsDirectory="7e52b58d-e3bd-46b3-bd58-54c67a9c27f9" /><UnitTestResult executionId="160b6d90-bb7f-4ce0-8eed-111bb8922bda" testId="5fff358a-9d05-4b3a-9c6e-1110d0af3167" testName="TestIsEligibleForRelease_HasNoReleases" computerName="CZWWILLIAMRO1" duration="00:00:00.0220000" startTime="2018-10-19T16:42:51.0000000+01:00" endTime="2018-10-19T16:42:51.0000000+01:00" testType="13cdc9d9-ddb5-4fa4-a97d-d965ccfc6d4b" outcome="Passed" testListId="8c84fa94-04c1-424b-9868-57a2d4851a1d" relativeResultsDirectory="160b6d90-bb7f-4ce0-8eed-111bb8922bda" /><UnitTestResult executionId="677cdfcb-42f2-4462-9c7c-1c703bf79be0" testId="345fa2be-429b-4e40-81e8-ac912b5223d2" testName="TestGenerateMembersHistoric_From0001-01-01_WithMembersIdealAroundExistingMembersHistoricEndDate_WithExistingMembersHistoricEndingWithAnAdd" computerName="CZWWILLIAMRO1" duration="00:00:00.0240000" startTime="2018-10-19T16:43:32.0000000+01:00" endTime="2018-10-19T16:43:32.0000000+01:00" testType="13cdc9d9-ddb5-4fa4-a97d-d965ccfc6d4b" outcome="Passed" testListId="8c84fa94-04c1-424b-9868-57a2d4851a1d" relativeResultsDirectory="677cdfcb-42f2-4462-9c7c-1c703bf79be0" /><UnitTestResult executionId="d7dfa3fe-0d89-48b0-a573-6a462364967f" testId="c85cd119-6e5d-4a90-ba7c-2c4f77d26f45" testName="TestScheduleRelease_ScheduleRelease_WithPreviousReleses_ActiveAndTrading" computerName="CZWWILLIAMRO1" duration="00:00:00.0590000" startTime="2018-10-19T16:42:52.0000000+01:00" endTime="2018-10-19T16:42:52.0000000+01:00" testType="13cdc9d9-ddb5-4fa4-a97d-d965ccfc6d4b" outcome="Passed" testListId="8c84fa94-04c1-424b-9868-57a2d4851a1d" relativeResultsDirectory="d7dfa3fe-0d89-48b0-a573-6a462364967f" /><UnitTestResult executionId="02452793-659e-467b-9ad8-325e8b38e95a" testId="548c7c2d-d42d-4f92-a2ff-c868f7c1f4b5" testName="TestIncorrectRange" computerName="CZWWILLIAMRO1" duration="00:00:00.0010000" startTime="2018-10-19T16:42:36.0000000+01:00" endTime="2018-10-19T16:42:36.0000000+01:00" testType="13cdc9d9-ddb5-4fa4-a97d-d965ccfc6d4b" outcome="Passed" testListId="8c84fa94-04c1-424b-9868-57a2d4851a1d" relativeResultsDirectory="02452793-659e-467b-9ad8-325e8b38e95a" /><UnitTestResult executionId="31a7e13a-2c10-4dac-ab05-446d88db9ba8" testId="0fe20d70-8a79-4070-a058-1e2f2e17f10e" testName="TestMembers" computerName="CZWWILLIAMRO1" duration="00:00:00.1120000" startTime="2018-10-19T16:41:59.0000000+01:00" endTime="2018-10-19T16:41:59.0000000+01:00" testType="13cdc9d9-ddb5-4fa4-a97d-d965ccfc6d4b" outcome="Passed" testListId="8c84fa94-04c1-424b-9868-57a2d4851a1d" relativeResultsDirectory="31a7e13a-2c10-4dac-ab05-446d88db9ba8" /><UnitTestResult executionId="0c32a881-57b1-44c8-b693-2b68d4591502" testId="d07d459e-8079-49a7-9baf-10a925d4f5e8" testName="TestUnion_PartiallyExcluded" computerName="CZWWILLIAMRO1" duration="00:00:00.0050000" startTime="2018-10-19T16:42:36.0000000+01:00" endTime="2018-10-19T16:42:36.0000000+01:00" testType="13cdc9d9-ddb5-4fa4-a97d-d965ccfc6d4b" outcome="Passed" testListId="8c84fa94-04c1-424b-9868-57a2d4851a1d" relativeResultsDirectory="0c32a881-57b1-44c8-b693-2b68d4591502" /><UnitTestResult executionId="994cbc06-626f-42c8-a462-30ecec461df4" testId="b577b329-1e30-4216-a93e-4d5f20950b68" testName="TestNotExcludedWithEvent" computerName="CZWWILLIAMRO1" duration="00:00:00.0010000" startTime="2018-10-19T16:42:18.0000000+01:00" endTime="2018-10-19T16:42:18.0000000+01:00" testType="13cdc9d9-ddb5-4fa4-a97d-d965ccfc6d4b" outcome="Passed" testListId="8c84fa94-04c1-424b-9868-57a2d4851a1d" relativeResultsDirectory="994cbc06-626f-42c8-a462-30ecec461df4" /><UnitTestResult executionId="f5143b57-763c-4544-8145-2afd50cbb8b1" testId="eea3f92e-b7a8-4c2e-bd22-48edf024f421" testName="TestApplyCurrencyConversion" computerName="CZWWILLIAMRO1" duration="00:00:01.0180000" startTime="2018-10-19T16:42:21.0000000+01:00" endTime="2018-10-19T16:42:22.0000000+01:00" testType="13cdc9d9-ddb5-4fa4-a97d-d965ccfc6d4b" outcome="Passed" testListId="8c84fa94-04c1-424b-9868-57a2d4851a1d" relativeResultsDirectory="f5143b57-763c-4544-8145-2afd50cbb8b1" /><UnitTestResult executionId="2a4ebbbe-ee64-461e-9873-434a0b4781d9" testId="0a078e9d-08d0-4157-bf19-52f06d3f548c" testName="TestVerifyReleaseState_Superseded" computerName="CZWWILLIAMRO1" duration="00:00:00.4370000" startTime="2018-10-19T16:43:09.0000000+01:00" endTime="2018-10-19T16:43:09.0000000+01:00" testType="13cdc9d9-ddb5-4fa4-a97d-d965ccfc6d4b" outcome="Passed" testListId="8c84fa94-04c1-424b-9868-57a2d4851a1d" relativeResultsDirectory="2a4ebbbe-ee64-461e-9873-434a0b4781d9" /><UnitTestResult executionId="eb0c5e3d-1f02-4738-8af3-1689539b6a43" testId="fd4a7597-5bad-46aa-a553-c348edbb0d59" testName="TestGenerateMembersHistoric_From2010-01-01_WithMembersIdealAfterExistingMembersHistoricEndDate_WithExistingMembersHistoric" computerName="CZWWILLIAMRO1" duration="00:00:00.0260000" startTime="2018-10-19T16:43:33.0000000+01:00" endTime="2018-10-19T16:43:33.0000000+01:00" testType="13cdc9d9-ddb5-4fa4-a97d-d965ccfc6d4b" outcome="Passed" testListId="8c84fa94-04c1-424b-9868-57a2d4851a1d" relativeResultsDirectory="eb0c5e3d-1f02-4738-8af3-1689539b6a43" /><UnitTestResult executionId="f9335f12-35f5-47a8-b986-0bc628cf351e" testId="5c8778d4-aa0f-4002-aa23-ca133a71e581" testName="TestUnion_CompletelyExcluded" computerName="CZWWILLIAMRO1" duration="00:00:00.0030000" startTime="2018-10-19T16:42:36.0000000+01:00" endTime="2018-10-19T16:42:36.0000000+01:00" testType="13cdc9d9-ddb5-4fa4-a97d-d965ccfc6d4b" outcome="Passed" testListId="8c84fa94-04c1-424b-9868-57a2d4851a1d" relativeResultsDirectory="f9335f12-35f5-47a8-b986-0bc628cf351e" /><UnitTestResult executionId="30d18940-1062-46da-a70a-2834df265d52" testId="ccb0ab9a-8062-4e85-a998-47da3dd84d23" testName="TestDoNotHandleLockedUniverse_WhenNotEligibleForRelease" computerName="CZWWILLIAMRO1" duration="00:00:00.9490000" startTime="2018-10-19T16:42:52.0000000+01:00" endTime="2018-10-19T16:42:53.0000000+01:00" testType="13cdc9d9-ddb5-4fa4-a97d-d965ccfc6d4b" outcome="Passed" testListId="8c84fa94-04c1-424b-9868-57a2d4851a1d" relativeResultsDirectory="30d18940-1062-46da-a70a-2834df265d52" /><UnitTestResult executionId="e272aba8-f173-4453-b85a-ac7885cdfa63" testId="3af97a81-ae98-4373-855c-164c403bd754" testName="TestRequestApprovalsIfNeeded_DoNotSend_Completed" computerName="CZWWILLIAMRO1" duration="00:00:00.0260000" startTime="2018-10-19T16:41:56.0000000+01:00" endTime="2018-10-19T16:41:56.0000000+01:00" testType="13cdc9d9-ddb5-4fa4-a97d-d965ccfc6d4b" outcome="Passed" testListId="8c84fa94-04c1-424b-9868-57a2d4851a1d" relativeResultsDirectory="e272aba8-f173-4453-b85a-ac7885cdfa63" /><UnitTestResult executionId="583ad448-9852-4a00-8671-8927890a19df" testId="f1011fd3-287b-4735-ae88-4414734bb622" testName="TestSyncUniverse_RequestApproval_IfNoSyncSet" computerName="CZWWILLIAMRO1" duration="00:00:00.0450000" startTime="2018-10-19T16:43:14.0000000+01:00" endTime="2018-10-19T16:43:14.0000000+01:00" testType="13cdc9d9-ddb5-4fa4-a97d-d965ccfc6d4b" outcome="Passed" testListId="8c84fa94-04c1-424b-9868-57a2d4851a1d" relativeResultsDirectory="583ad448-9852-4a00-8671-8927890a19df" /><UnitTestResult executionId="a7115b1f-720f-473d-b8c4-e941387d43b1" testId="b9a389da-ceb0-4273-a52d-d5704294fdb0" testName="TestWithTargetAnnouncement_BeforeStart" computerName="CZWWILLIAMRO1" duration="00:00:00.0010000" startTime="2018-10-19T16:42:24.0000000+01:00" endTime="2018-10-19T16:42:24.0000000+01:00" testType="13cdc9d9-ddb5-4fa4-a97d-d965ccfc6d4b" outcome="Passed" testListId="8c84fa94-04c1-424b-9868-57a2d4851a1d" relativeResultsDirectory="a7115b1f-720f-473d-b8c4-e941387d43b1" /><UnitTestResult executionId="eb3b6c8e-42de-4d8a-b042-ee227055024d" testId="2e0cc6b4-c050-4529-83a0-e08a4e348ac5" testName="TestWriteLiveMembersAndMembersIdeal(True,True)" computerName="CZWWILLIAMRO1" duration="00:00:01.0310000" startTime="2018-10-19T16:43:16.0000000+01:00" endTime="2018-10-19T16:43:17.0000000+01:00" testType="13cdc9d9-ddb5-4fa4-a97d-d965ccfc6d4b" outcome="Passed" testListId="8c84fa94-04c1-424b-9868-57a2d4851a1d" relativeResultsDirectory="eb3b6c8e-42de-4d8a-b042-ee227055024d" /><UnitTestResult executionId="6e2896e0-2d78-4652-bb28-95354cf15c99" testId="35b1c231-dae5-4746-b6d8-c3f53698ff0a" testName="TestBackfillTo_Included" computerName="CZWWILLIAMRO1" duration="00:00:00.0010000" startTime="2018-10-19T16:42:36.0000000+01:00" endTime="2018-10-19T16:42:36.0000000+01:00" testType="13cdc9d9-ddb5-4fa4-a97d-d965ccfc6d4b" outcome="Passed" testListId="8c84fa94-04c1-424b-9868-57a2d4851a1d" relativeResultsDirectory="6e2896e0-2d78-4652-bb28-95354cf15c99" /><UnitTestResult executionId="58852f90-2ffa-47d5-b22e-35bf032ea268" testId="011521d3-dbe3-457f-8afa-0872f2ffdfaa" testName="TestEmailDepartmentsPendingApproval_NotRequireSyntheticFutures" computerName="CZWWILLIAMRO1" duration="00:00:00.0430000" startTime="2018-10-19T16:43:07.0000000+01:00" endTime="2018-10-19T16:43:07.0000000+01:00" testType="13cdc9d9-ddb5-4fa4-a97d-d965ccfc6d4b" outcome="Passed" testListId="8c84fa94-04c1-424b-9868-57a2d4851a1d" relativeResultsDirectory="58852f90-2ffa-47d5-b22e-35bf032ea268" /><UnitTestResult executionId="760c7c4b-bc4c-4e57-a2bc-65815a59c3d3" testId="7b2e8604-2a62-4449-9e4b-f25bbdba6d1d" testName="TestRemoveDead_OnEnd" computerName="CZWWILLIAMRO1" duration="00:00:00.0560000" startTime="2018-10-19T16:42:14.0000000+01:00" endTime="2018-10-19T16:42:14.0000000+01:00" testType="13cdc9d9-ddb5-4fa4-a97d-d965ccfc6d4b" outcome="Passed" testListId="8c84fa94-04c1-424b-9868-57a2d4851a1d" relativeResultsDirectory="760c7c4b-bc4c-4e57-a2bc-65815a59c3d3" /><UnitTestResult executionId="6c766d8b-ea1b-46ce-ba13-c620e12caa0e" testId="56da2cd6-9cc4-483b-a60a-f683e2a8dd50" testName="TestExcludeFuturesStartingWithSlash" computerName="CZWWILLIAMRO1" duration="00:00:00.0000001" startTime="2018-10-19T16:42:37.0000000+01:00" endTime="2018-10-19T16:42:37.0000000+01:00" testType="13cdc9d9-ddb5-4fa4-a97d-d965ccfc6d4b" outcome="Passed" testListId="8c84fa94-04c1-424b-9868-57a2d4851a1d" relativeResultsDirectory="6c766d8b-ea1b-46ce-ba13-c620e12caa0e" /><UnitTestResult executionId="46835731-0885-4a0a-a1e8-0ee863f3d904" testId="bcb6ebe7-e3b8-4132-8736-0cbbe8afc2a8" testName="TestRelease_ForNoSync_Approved" computerName="CZWWILLIAMRO1" duration="00:00:00.0410000" startTime="2018-10-19T16:43:13.0000000+01:00" endTime="2018-10-19T16:43:13.0000000+01:00" testType="13cdc9d9-ddb5-4fa4-a97d-d965ccfc6d4b" outcome="Passed" testListId="8c84fa94-04c1-424b-9868-57a2d4851a1d" relativeResultsDirectory="46835731-0885-4a0a-a1e8-0ee863f3d904" /><UnitTestResult executionId="ab6b5e55-5bcd-4081-97cd-4d1e2465b648" testId="0b66ae21-5d9b-414a-89d0-89185ae9bc5b" testName="TestOutThenBackIn" computerName="CZWWILLIAMRO1" duration="00:00:00.0100000" startTime="2018-10-19T16:42:03.0000000+01:00" endTime="2018-10-19T16:42:03.0000000+01:00" testType="13cdc9d9-ddb5-4fa4-a97d-d965ccfc6d4b" outcome="Passed" testListId="8c84fa94-04c1-424b-9868-57a2d4851a1d" relativeResultsDirectory="ab6b5e55-5bcd-4081-97cd-4d1e2465b648" /><UnitTestResult executionId="21d62c0b-585f-4fb8-80a5-f74e44842af6" testId="3bb9f9e5-383e-4a53-bb48-d24012c27cd9" testName="TestOutsideOfRangeAddOnFirst" computerName="CZWWILLIAMRO1" duration="00:00:00.0010000" startTime="2018-10-19T16:42:36.0000000+01:00" endTime="2018-10-19T16:42:36.0000000+01:00" testType="13cdc9d9-ddb5-4fa4-a97d-d965ccfc6d4b" outcome="Passed" testListId="8c84fa94-04c1-424b-9868-57a2d4851a1d" relativeResultsDirectory="21d62c0b-585f-4fb8-80a5-f74e44842af6" /><UnitTestResult executionId="ba883589-145e-4ecc-8526-4280c3c195d6" testId="fb024358-8e5a-4247-96c1-cacffe5399d6" testName="TestRequestApprovalsIfNeeded_Send_Pending" computerName="CZWWILLIAMRO1" duration="00:00:00.0300000" startTime="2018-10-19T16:41:56.0000000+01:00" endTime="2018-10-19T16:41:56.0000000+01:00" testType="13cdc9d9-ddb5-4fa4-a97d-d965ccfc6d4b" outcome="Passed" testListId="8c84fa94-04c1-424b-9868-57a2d4851a1d" relativeResultsDirectory="ba883589-145e-4ecc-8526-4280c3c195d6" /><UnitTestResult executionId="306e4824-6d06-499e-b6ea-949384aa7755" testId="73514044-d8eb-4221-8bcb-321b9cadf262" testName="TestAddOptionalErrorToApprovalRequests_Execution" computerName="CZWWILLIAMRO1" duration="00:00:00.1110000" startTime="2018-10-19T16:41:56.0000000+01:00" endTime="2018-10-19T16:41:56.0000000+01:00" testType="13cdc9d9-ddb5-4fa4-a97d-d965ccfc6d4b" outcome="Passed" testListId="8c84fa94-04c1-424b-9868-57a2d4851a1d" relativeResultsDirectory="306e4824-6d06-499e-b6ea-949384aa7755" /><UnitTestResult executionId="629fb373-471a-48dd-adc9-ffa29f60b951" testId="780e2eab-927e-40fd-a2eb-8fb86b92e37c" testName="TestEnumerableRange_FromAfterStart" computerName="CZWWILLIAMRO1" duration="00:00:00.0000001" startTime="2018-10-19T16:42:36.0000000+01:00" endTime="2018-10-19T16:42:36.0000000+01:00" testType="13cdc9d9-ddb5-4fa4-a97d-d965ccfc6d4b" outcome="Passed" testListId="8c84fa94-04c1-424b-9868-57a2d4851a1d" relativeResultsDirectory="629fb373-471a-48dd-adc9-ffa29f60b951" /><UnitTestResult executionId="366c32bc-ca0d-4c29-a6ae-0df2bee11195" testId="2ec5ee1d-da0b-4fba-8635-a1cd039f1bb6" testName="TestIsReleaseLocked_OnlyIfAllInPendingOrRequested_Pending" computerName="CZWWILLIAMRO1" duration="00:00:00.0220000" startTime="2018-10-19T16:42:51.0000000+01:00" endTime="2018-10-19T16:42:52.0000000+01:00" testType="13cdc9d9-ddb5-4fa4-a97d-d965ccfc6d4b" outcome="Passed" testListId="8c84fa94-04c1-424b-9868-57a2d4851a1d" relativeResultsDirectory="366c32bc-ca0d-4c29-a6ae-0df2bee11195" /><UnitTestResult executionId="fd3e5b0c-f0e4-47cd-91a7-8f5ae0fba74c" testId="395cd9ac-9d56-4b52-a0c2-c790570407a2" testName="TestApprovedSection" computerName="CZWWILLIAMRO1" duration="00:00:00.9540000" startTime="2018-10-19T16:41:58.0000000+01:00" endTime="2018-10-19T16:41:58.0000000+01:00" testType="13cdc9d9-ddb5-4fa4-a97d-d965ccfc6d4b" outcome="Passed" testListId="8c84fa94-04c1-424b-9868-57a2d4851a1d" relativeResultsDirectory="fd3e5b0c-f0e4-47cd-91a7-8f5ae0fba74c" /><UnitTestResult executionId="57b88ea8-9398-499d-889b-6f0033521025" testId="c7fffeba-7ec8-41d4-9c98-7713127e1dea" testName="TestNoSync" computerName="CZWWILLIAMRO1" duration="00:00:01.0050000" startTime="2018-10-19T16:43:25.0000000+01:00" endTime="2018-10-19T16:43:26.0000000+01:00" testType="13cdc9d9-ddb5-4fa4-a97d-d965ccfc6d4b" outcome="Passed" testListId="8c84fa94-04c1-424b-9868-57a2d4851a1d" relativeResultsDirectory="57b88ea8-9398-499d-889b-6f0033521025" /><UnitTestResult executionId="40b5c40a-5468-4974-86c5-4a17ebdc550d" testId="8d0159cc-9709-4171-a10a-20209ab7c178" testName="TestRemoveDead_OnEnd" computerName="CZWWILLIAMRO1" duration="00:00:00.0050000" startTime="2018-10-19T16:42:01.0000000+01:00" endTime="2018-10-19T16:42:01.0000000+01:00" testType="13cdc9d9-ddb5-4fa4-a97d-d965ccfc6d4b" outcome="Passed" testListId="8c84fa94-04c1-424b-9868-57a2d4851a1d" relativeResultsDirectory="40b5c40a-5468-4974-86c5-4a17ebdc550d" /><UnitTestResult executionId="aac4748b-fff8-437b-9f91-9546157512df" testId="f2c7fdc3-d8a9-4d11-a9ec-c15aacdba163" testName="TestWritingCollection" computerName="CZWWILLIAMRO1" duration="00:00:02.0850000" startTime="2018-10-19T16:42:57.0000000+01:00" endTime="2018-10-19T16:42:59.0000000+01:00" testType="13cdc9d9-ddb5-4fa4-a97d-d965ccfc6d4b" outcome="Passed" testListId="8c84fa94-04c1-424b-9868-57a2d4851a1d" relativeResultsDirectory="aac4748b-fff8-437b-9f91-9546157512df" /><UnitTestResult executionId="0c634583-ab9c-4a2a-88d4-76bd51d7eeaf" testId="d965225b-7342-4c0c-ac8d-aadf4ccf0a4a" testName="TestStockInMembersExclusionsBeyondRange_End" computerName="CZWWILLIAMRO1" duration="00:00:00.0270000" startTime="2018-10-19T16:42:09.0000000+01:00" endTime="2018-10-19T16:42:09.0000000+01:00" testType="13cdc9d9-ddb5-4fa4-a97d-d965ccfc6d4b" outcome="Passed" testListId="8c84fa94-04c1-424b-9868-57a2d4851a1d" relativeResultsDirectory="0c634583-ab9c-4a2a-88d4-76bd51d7eeaf" /><UnitTestResult executionId="0783975e-41f5-439d-9bc1-8fa99babd2fe" testId="f427d2dc-0c2c-4d90-8ba0-fff62be5066a" testName="TestPendingSyntheticFutures" computerName="CZWWILLIAMRO1" duration="00:00:00.0010000" startTime="2018-10-19T16:42:50.0000000+01:00" endTime="2018-10-19T16:42:50.0000000+01:00" testType="13cdc9d9-ddb5-4fa4-a97d-d965ccfc6d4b" outcome="Passed" testListId="8c84fa94-04c1-424b-9868-57a2d4851a1d" relativeResultsDirectory="0783975e-41f5-439d-9bc1-8fa99babd2fe" /><UnitTestResult executionId="f26484be-6439-4aa8-be7d-f145011c6420" testId="1df4799f-160b-46a9-91d6-72d558ca6ec1" testName="TestMissing" computerName="CZWWILLIAMRO1" duration="00:00:00.2410000" startTime="2018-10-19T16:42:47.0000000+01:00" endTime="2018-10-19T16:42:47.0000000+01:00" testType="13cdc9d9-ddb5-4fa4-a97d-d965ccfc6d4b" outcome="Passed" testListId="8c84fa94-04c1-424b-9868-57a2d4851a1d" relativeResultsDirectory="f26484be-6439-4aa8-be7d-f145011c6420" /><UnitTestResult executionId="393cb9ab-482c-4a00-b9bd-005d38204295" testId="81651cb0-3465-472d-8368-52a6327f7bf7" testName="TestValidDay" computerName="CZWWILLIAMRO1" duration="00:00:00.0010000" startTime="2018-10-19T16:42:07.0000000+01:00" endTime="2018-10-19T16:42:07.0000000+01:00" testType="13cdc9d9-ddb5-4fa4-a97d-d965ccfc6d4b" outcome="Passed" testListId="8c84fa94-04c1-424b-9868-57a2d4851a1d" relativeResultsDirectory="393cb9ab-482c-4a00-b9bd-005d38204295" /><UnitTestResult executionId="0254738d-cd5b-4249-8e78-943caa271722" testId="a1ff68b0-9e13-4db7-9aa4-4092df32c1da" testName="TestGenerateMembersHistoric_From2010-01-01_WithEmptyMembersIdeal_WithExistingMembersHistoricEndingWithAnAdd" computerName="CZWWILLIAMRO1" duration="00:00:00.0210000" startTime="2018-10-19T16:43:33.0000000+01:00" endTime="2018-10-19T16:43:33.0000000+01:00" testType="13cdc9d9-ddb5-4fa4-a97d-d965ccfc6d4b" outcome="Passed" testListId="8c84fa94-04c1-424b-9868-57a2d4851a1d" relativeResultsDirectory="0254738d-cd5b-4249-8e78-943caa271722" /><UnitTestResult executionId="b99a6e57-8adc-4c7b-9b69-cb5aee56dd20" testId="cd9146f9-1d0b-430c-946d-8c6e709c7ffd" testName="TestInclusiveBucketDates_Coarse" computerName="CZWWILLIAMRO1" duration="00:00:00.0010000" startTime="2018-10-19T16:42:36.0000000+01:00" endTime="2018-10-19T16:42:36.0000000+01:00" testType="13cdc9d9-ddb5-4fa4-a97d-d965ccfc6d4b" outcome="Passed" testListId="8c84fa94-04c1-424b-9868-57a2d4851a1d" relativeResultsDirectory="b99a6e57-8adc-4c7b-9b69-cb5aee56dd20" /><UnitTestResult executionId="dd45520c-c76e-4942-9dad-7fc423584243" testId="13b1cb7a-bf02-4d33-bf0e-73662992b0ca" testName="TestExcludeSaturday" computerName="CZWWILLIAMRO1" duration="00:00:00.0070000" startTime="2018-10-19T16:42:27.0000000+01:00" endTime="2018-10-19T16:42:27.0000000+01:00" testType="13cdc9d9-ddb5-4fa4-a97d-d965ccfc6d4b" outcome="Passed" testListId="8c84fa94-04c1-424b-9868-57a2d4851a1d" relativeResultsDirectory="dd45520c-c76e-4942-9dad-7fc423584243" /><UnitTestResult executionId="0bb8ed3e-802c-4fca-867f-897b6be7ca46" testId="2346c13e-bff2-4c14-91a5-039f8fd98196" testName="TestMergerCompletionBeforeAnnouncement" computerName="CZWWILLIAMRO1" duration="00:00:00.0010000" startTime="2018-10-19T16:42:17.0000000+01:00" endTime="2018-10-19T16:42:17.0000000+01:00" testType="13cdc9d9-ddb5-4fa4-a97d-d965ccfc6d4b" outcome="Passed" testListId="8c84fa94-04c1-424b-9868-57a2d4851a1d" relativeResultsDirectory="0bb8ed3e-802c-4fca-867f-897b6be7ca46" /><UnitTestResult executionId="26c1e5a8-cc64-4d09-a8af-32a5604f6b95" testId="344814de-3b34-498b-a019-e764c17036b5" testName="TestNoData" computerName="CZWWILLIAMRO1" duration="00:00:00.0010000" startTime="2018-10-19T16:42:07.0000000+01:00" endTime="2018-10-19T16:42:07.0000000+01:00" testType="13cdc9d9-ddb5-4fa4-a97d-d965ccfc6d4b" outcome="Passed" testListId="8c84fa94-04c1-424b-9868-57a2d4851a1d" relativeResultsDirectory="26c1e5a8-cc64-4d09-a8af-32a5604f6b95" /><UnitTestResult executionId="3d5ba533-6f10-4f58-9838-519d6dc23d2d" testId="90f58548-a312-426f-bddf-de026dafa8ae" testName="TestReleaseState_SkipCancelled" computerName="CZWWILLIAMRO1" duration="00:00:00.0150000" startTime="2018-10-19T16:43:07.0000000+01:00" endTime="2018-10-19T16:43:07.0000000+01:00" testType="13cdc9d9-ddb5-4fa4-a97d-d965ccfc6d4b" outcome="Passed" testListId="8c84fa94-04c1-424b-9868-57a2d4851a1d" relativeResultsDirectory="3d5ba533-6f10-4f58-9838-519d6dc23d2d" /><UnitTestResult executionId="ccee5582-f95e-4ece-b4b1-abdc4da82e97" testId="48d0798c-da47-41b8-99f0-21f5e873fad8" testName="TestDefaults_ExclusionReasonsOutsideOfRange" computerName="CZWWILLIAMRO1" duration="00:00:00.0010000" startTime="2018-10-19T16:42:36.0000000+01:00" endTime="2018-10-19T16:42:36.0000000+01:00" testType="13cdc9d9-ddb5-4fa4-a97d-d965ccfc6d4b" outcome="Passed" testListId="8c84fa94-04c1-424b-9868-57a2d4851a1d" relativeResultsDirectory="ccee5582-f95e-4ece-b4b1-abdc4da82e97" /><UnitTestResult executionId="566b2acf-e656-419f-aeec-1f6adea6ea84" testId="db1838a4-170f-486a-b530-dcaaafe07bc6" testName="TestSendingRequestApprovalsIfNeeded_DoNotSend_Approved" computerName="CZWWILLIAMRO1" duration="00:00:00.0320000" startTime="2018-10-19T16:41:57.0000000+01:00" endTime="2018-10-19T16:41:57.0000000+01:00" testType="13cdc9d9-ddb5-4fa4-a97d-d965ccfc6d4b" outcome="Passed" testListId="8c84fa94-04c1-424b-9868-57a2d4851a1d" relativeResultsDirectory="566b2acf-e656-419f-aeec-1f6adea6ea84" /><UnitTestResult executionId="92f20d96-8f8e-487a-accb-e4dbc3d62ee5" testId="39ade1ed-abc2-4f79-b278-57f8e8dce676" testName="TestSectorSetViaDsgFieldMidWay" computerName="CZWWILLIAMRO1" duration="00:00:00.0190000" startTime="2018-10-19T16:42:21.0000000+01:00" endTime="2018-10-19T16:42:21.0000000+01:00" testType="13cdc9d9-ddb5-4fa4-a97d-d965ccfc6d4b" outcome="Passed" testListId="8c84fa94-04c1-424b-9868-57a2d4851a1d" relativeResultsDirectory="92f20d96-8f8e-487a-accb-e4dbc3d62ee5" /><UnitTestResult executionId="aec3ddf0-f872-4d0b-a1d6-6e7d4cf8063d" testId="f3456fa2-7135-4fb5-bc56-b4547b14d70c" testName="TestPartiallyPresentStock_MixedPresence" computerName="CZWWILLIAMRO1" duration="00:00:00.3360000" startTime="2018-10-19T16:42:35.0000000+01:00" endTime="2018-10-19T16:42:35.0000000+01:00" testType="13cdc9d9-ddb5-4fa4-a97d-d965ccfc6d4b" outcome="Passed" testListId="8c84fa94-04c1-424b-9868-57a2d4851a1d" relativeResultsDirectory="aec3ddf0-f872-4d0b-a1d6-6e7d4cf8063d" /><UnitTestResult executionId="9e40fd81-4fdb-4743-b006-b713cee9a752" testId="9c59c4aa-551d-42b2-b467-5513bc23e49f" testName="TestLiveAuxiliaryMembers" computerName="CZWWILLIAMRO1" duration="00:00:00.0220000" startTime="2018-10-19T16:43:36.0000000+01:00" endTime="2018-10-19T16:43:36.0000000+01:00" testType="13cdc9d9-ddb5-4fa4-a97d-d965ccfc6d4b" outcome="Passed" testListId="8c84fa94-04c1-424b-9868-57a2d4851a1d" relativeResultsDirectory="9e40fd81-4fdb-4743-b006-b713cee9a752" /><UnitTestResult executionId="c9ff7229-2b09-4591-b767-5fd75f3f01aa" testId="d6837cd4-ddb1-4d48-b32f-acb86bfd9533" testName="TestSingleMonth" computerName="CZWWILLIAMRO1" duration="00:00:00.0000001" startTime="2018-10-19T16:42:36.0000000+01:00" endTime="2018-10-19T16:42:36.0000000+01:00" testType="13cdc9d9-ddb5-4fa4-a97d-d965ccfc6d4b" outcome="Passed" testListId="8c84fa94-04c1-424b-9868-57a2d4851a1d" relativeResultsDirectory="c9ff7229-2b09-4591-b767-5fd75f3f01aa" /><UnitTestResult executionId="8d436c6e-49f1-4f59-99b2-fd954206af58" testId="55e62bf9-87ae-42b6-ba0d-0bb22cdbd094" testName="TestKeepAlive_ButForNotLongInTheFuture" computerName="CZWWILLIAMRO1" duration="00:00:00.0010000" startTime="2018-10-19T16:42:14.0000000+01:00" endTime="2018-10-19T16:42:14.0000000+01:00" testType="13cdc9d9-ddb5-4fa4-a97d-d965ccfc6d4b" outcome="Passed" testListId="8c84fa94-04c1-424b-9868-57a2d4851a1d" relativeResultsDirectory="8d436c6e-49f1-4f59-99b2-fd954206af58" /><UnitTestResult executionId="1d9599bc-cd16-424c-884f-09630a3a1af7" testId="ee0e37d1-a1ea-4a34-aa65-7dcf7350e305" testName="TestDoNotReplaceCollectionAndReasonsWhenHasNoRelease" computerName="CZWWILLIAMRO1" duration="00:00:00.0020000" startTime="2018-10-19T16:42:53.0000000+01:00" endTime="2018-10-19T16:42:53.0000000+01:00" testType="13cdc9d9-ddb5-4fa4-a97d-d965ccfc6d4b" outcome="Passed" testListId="8c84fa94-04c1-424b-9868-57a2d4851a1d" relativeResultsDirectory="1d9599bc-cd16-424c-884f-09630a3a1af7" /><UnitTestResult executionId="7d0076ff-f42f-446a-bc8b-35645a2a7f6f" testId="b79fa0cb-b26a-4b65-a595-31a9a6f1a6f7" testName="TestEmailLockedUniverse_BackOffice" computerName="CZWWILLIAMRO1" duration="00:00:00.0410000" startTime="2018-10-19T16:43:07.0000000+01:00" endTime="2018-10-19T16:43:07.0000000+01:00" testType="13cdc9d9-ddb5-4fa4-a97d-d965ccfc6d4b" outcome="Passed" testListId="8c84fa94-04c1-424b-9868-57a2d4851a1d" relativeResultsDirectory="7d0076ff-f42f-446a-bc8b-35645a2a7f6f" /><UnitTestResult executionId="6233028b-818a-48d3-a0f2-8faefcf107d4" testId="7d9da29d-bf62-4c0d-ba20-6ee6a86bbdf1" testName="TestReleaseWhenNotTrading" computerName="CZWWILLIAMRO1" duration="00:00:00.0370000" startTime="2018-10-19T16:43:13.0000000+01:00" endTime="2018-10-19T16:43:13.0000000+01:00" testType="13cdc9d9-ddb5-4fa4-a97d-d965ccfc6d4b" outcome="Passed" testListId="8c84fa94-04c1-424b-9868-57a2d4851a1d" relativeResultsDirectory="6233028b-818a-48d3-a0f2-8faefcf107d4" /><UnitTestResult executionId="7c95334b-4c79-4c36-90ae-c0ecd298201a" testId="dcf6cc15-0350-434f-8830-5476982e03fa" testName="TestGenerateMembersHistoric_From2010-01-01_WithMembersIdealAfterExistingMembersHistoricEndDate_WithoutExistingMembersHistoric" computerName="CZWWILLIAMRO1" duration="00:00:00.0200000" startTime="2018-10-19T16:43:33.0000000+01:00" endTime="2018-10-19T16:43:33.0000000+01:00" testType="13cdc9d9-ddb5-4fa4-a97d-d965ccfc6d4b" outcome="Passed" testListId="8c84fa94-04c1-424b-9868-57a2d4851a1d" relativeResultsDirectory="7c95334b-4c79-4c36-90ae-c0ecd298201a" /><UnitTestResult executionId="8d6ea816-9638-400f-841f-10eb5c64d760" testId="da629011-94f3-4b7c-93ca-023e09f26daf" testName="TestExcludeCompletely" computerName="CZWWILLIAMRO1" duration="00:00:00.0020000" startTime="2018-10-19T16:42:36.0000000+01:00" endTime="2018-10-19T16:42:36.0000000+01:00" testType="13cdc9d9-ddb5-4fa4-a97d-d965ccfc6d4b" outcome="Passed" testListId="8c84fa94-04c1-424b-9868-57a2d4851a1d" relativeResultsDirectory="8d6ea816-9638-400f-841f-10eb5c64d760" /><UnitTestResult executionId="139f760c-befa-4bad-a0ac-5205a8dbfc70" testId="dcdf77c5-d91b-4550-a220-46c7dbe1da43" testName="TestMembersRealFrom_Provider" computerName="CZWWILLIAMRO1" duration="00:00:00.0710000" startTime="2018-10-19T16:42:48.0000000+01:00" endTime="2018-10-19T16:42:48.0000000+01:00" testType="13cdc9d9-ddb5-4fa4-a97d-d965ccfc6d4b" outcome="Passed" testListId="8c84fa94-04c1-424b-9868-57a2d4851a1d" relativeResultsDirectory="139f760c-befa-4bad-a0ac-5205a8dbfc70" /><UnitTestResult executionId="70b89d33-4ba7-4f5c-bb6a-be48a2a614a6" testId="a7e70eb6-4063-47de-84c0-3949bc7deb9c" testName="TestMultipleDaysAndEntries" computerName="CZWWILLIAMRO1" duration="00:00:00.0050000" startTime="2018-10-19T16:42:30.0000000+01:00" endTime="2018-10-19T16:42:30.0000000+01:00" testType="13cdc9d9-ddb5-4fa4-a97d-d965ccfc6d4b" outcome="Passed" testListId="8c84fa94-04c1-424b-9868-57a2d4851a1d" relativeResultsDirectory="70b89d33-4ba7-4f5c-bb6a-be48a2a614a6" /><UnitTestResult executionId="09a4c3db-d458-4275-aeb5-f622256d0651" testId="57457cda-ac20-4bb8-836b-8f16026bc504" testName="TestGenerateMembersHistoric_From2018-01-01_WithoutMembersIdeal_WithExistingMembersHistoric" computerName="CZWWILLIAMRO1" duration="00:00:00.0250000" startTime="2018-10-19T16:43:33.0000000+01:00" endTime="2018-10-19T16:43:33.0000000+01:00" testType="13cdc9d9-ddb5-4fa4-a97d-d965ccfc6d4b" outcome="Passed" testListId="8c84fa94-04c1-424b-9868-57a2d4851a1d" relativeResultsDirectory="09a4c3db-d458-4275-aeb5-f622256d0651" /><UnitTestResult executionId="56d7ee00-934d-435a-b587-f6b1977bd13a" testId="cf129ded-f4c6-4f87-9544-218f5e820a5a" testName="TestConjunctionOverlapOneIncluded" computerName="CZWWILLIAMRO1" duration="00:00:00.0000001" startTime="2018-10-19T16:42:36.0000000+01:00" endTime="2018-10-19T16:42:36.0000000+01:00" testType="13cdc9d9-ddb5-4fa4-a97d-d965ccfc6d4b" outcome="Passed" testListId="8c84fa94-04c1-424b-9868-57a2d4851a1d" relativeResultsDirectory="56d7ee00-934d-435a-b587-f6b1977bd13a" /><UnitTestResult executionId="d25c0342-7e71-46e2-a028-9c4f4abec7a6" testId="4d8454d1-c5ef-48f7-8d58-6a9044b61a1c" testName="TestStockWithCurrencyExchangeCalendarAndBirthDate" computerName="CZWWILLIAMRO1" duration="00:00:00.0050000" startTime="2018-10-19T16:42:23.0000000+01:00" endTime="2018-10-19T16:42:23.0000000+01:00" testType="13cdc9d9-ddb5-4fa4-a97d-d965ccfc6d4b" outcome="Passed" testListId="8c84fa94-04c1-424b-9868-57a2d4851a1d" relativeResultsDirectory="d25c0342-7e71-46e2-a028-9c4f4abec7a6" /><UnitTestResult executionId="e43c252e-3467-4a76-9d32-99021f8db67f" testId="3a71ede9-bd07-425e-a3ac-470f46f58ba7" testName="TestRemoveDead_FallbackToExchangeSegmentTradingCalendar" computerName="CZWWILLIAMRO1" duration="00:00:00.0090000" startTime="2018-10-19T16:42:01.0000000+01:00" endTime="2018-10-19T16:42:01.0000000+01:00" testType="13cdc9d9-ddb5-4fa4-a97d-d965ccfc6d4b" outcome="Passed" testListId="8c84fa94-04c1-424b-9868-57a2d4851a1d" relativeResultsDirectory="e43c252e-3467-4a76-9d32-99021f8db67f" /><UnitTestResult executionId="65bb300a-097a-417c-b43a-01076b9b3eba" testId="dcb0f96d-a324-42c3-9174-de2b6d7c9e0f" testName="TestFetchStocks_ValidIfAnyHistoricalExchangeIsPresent" computerName="CZWWILLIAMRO1" duration="00:00:00.0150000" startTime="2018-10-19T16:43:39.0000000+01:00" endTime="2018-10-19T16:43:39.0000000+01:00" testType="13cdc9d9-ddb5-4fa4-a97d-d965ccfc6d4b" outcome="Passed" testListId="8c84fa94-04c1-424b-9868-57a2d4851a1d" relativeResultsDirectory="65bb300a-097a-417c-b43a-01076b9b3eba" /><UnitTestResult executionId="930e15bd-1d92-4f78-bfc3-6ea6574dcb70" testId="8a6cd8b8-f821-4cf4-9425-23f7fe2b4c7e" testName="TestExcludeForSixMonthsFromBirth_BeforeStart" computerName="CZWWILLIAMRO1" duration="00:00:00.0010000" startTime="2018-10-19T16:42:12.0000000+01:00" endTime="2018-10-19T16:42:12.0000000+01:00" testType="13cdc9d9-ddb5-4fa4-a97d-d965ccfc6d4b" outcome="Passed" testListId="8c84fa94-04c1-424b-9868-57a2d4851a1d" relativeResultsDirectory="930e15bd-1d92-4f78-bfc3-6ea6574dcb70" /><UnitTestResult executionId="66e5e010-2e12-430d-9f93-d847b98ad24f" testId="ec79117b-28c7-415d-b7ec-616b99355aa9" testName="TestPresentToLastDaySingleStock" computerName="CZWWILLIAMRO1" duration="00:00:00.1880000" startTime="2018-10-19T16:42:35.0000000+01:00" endTime="2018-10-19T16:42:35.0000000+01:00" testType="13cdc9d9-ddb5-4fa4-a97d-d965ccfc6d4b" outcome="Passed" testListId="8c84fa94-04c1-424b-9868-57a2d4851a1d" relativeResultsDirectory="66e5e010-2e12-430d-9f93-d847b98ad24f" /><UnitTestResult executionId="848ea2d0-db5a-4504-9199-dad97fe1d513" testId="6250718b-e558-4b50-834d-8b389158b9c9" testName="TestEmailLockedUniverse_FinancialDataGroup" computerName="CZWWILLIAMRO1" duration="00:00:00.0390000" startTime="2018-10-19T16:43:07.0000000+01:00" endTime="2018-10-19T16:43:07.0000000+01:00" testType="13cdc9d9-ddb5-4fa4-a97d-d965ccfc6d4b" outcome="Passed" testListId="8c84fa94-04c1-424b-9868-57a2d4851a1d" relativeResultsDirectory="848ea2d0-db5a-4504-9199-dad97fe1d513" /><UnitTestResult executionId="eefe7053-255f-4d70-8cd0-2a6de2fc2098" testId="11401972-73ed-43bf-83fc-eed73ed60929" testName="TestMergerBeforeStart" computerName="CZWWILLIAMRO1" duration="00:00:00.9780000" startTime="2018-10-19T16:42:16.0000000+01:00" endTime="2018-10-19T16:42:17.0000000+01:00" testType="13cdc9d9-ddb5-4fa4-a97d-d965ccfc6d4b" outcome="Passed" testListId="8c84fa94-04c1-424b-9868-57a2d4851a1d" relativeResultsDirectory="eefe7053-255f-4d70-8cd0-2a6de2fc2098" /><UnitTestResult executionId="45943fec-f852-4ea1-bd36-2ee063a45cbd" testId="bde0c5da-30c5-471f-8183-6ae24a4ee8ba" testName="TestUnknown" computerName="CZWWILLIAMRO1" duration="00:00:00.0000001" startTime="2018-10-19T16:42:36.0000000+01:00" endTime="2018-10-19T16:42:36.0000000+01:00" testType="13cdc9d9-ddb5-4fa4-a97d-d965ccfc6d4b" outcome="Passed" testListId="8c84fa94-04c1-424b-9868-57a2d4851a1d" relativeResultsDirectory="45943fec-f852-4ea1-bd36-2ee063a45cbd" /><UnitTestResult executionId="739e0d5c-0b7f-4a75-9562-8f1f0589428c" testId="b81b6cae-fd64-49a6-a4d0-25558a08bb55" testName="TestOnlyExistingIncluded_TruncateStartToUniverseBeginTrading" computerName="CZWWILLIAMRO1" duration="00:00:00.0030000" startTime="2018-10-19T16:42:49.0000000+01:00" endTime="2018-10-19T16:42:49.0000000+01:00" testType="13cdc9d9-ddb5-4fa4-a97d-d965ccfc6d4b" outcome="Passed" testListId="8c84fa94-04c1-424b-9868-57a2d4851a1d" relativeResultsDirectory="739e0d5c-0b7f-4a75-9562-8f1f0589428c" /><UnitTestResult executionId="398f9751-18f2-49ff-b2bd-597aabf61e52" testId="4e47531a-6e9c-45af-a067-4889c65849bf" testName="TestSendReleaseApprovedEmailIfNeeded_Approved" computerName="CZWWILLIAMRO1" duration="00:00:00.1030000" startTime="2018-10-19T16:41:57.0000000+01:00" endTime="2018-10-19T16:41:57.0000000+01:00" testType="13cdc9d9-ddb5-4fa4-a97d-d965ccfc6d4b" outcome="Passed" testListId="8c84fa94-04c1-424b-9868-57a2d4851a1d" relativeResultsDirectory="398f9751-18f2-49ff-b2bd-597aabf61e52" /><UnitTestResult executionId="d4d59942-0fea-4a96-83cc-58ad746b1cf9" testId="bc1a7b15-3fe0-47c7-a8e7-31201b06beb2" testName="TestWithTargetAnnouncement_DuringPeriod_Pending" computerName="CZWWILLIAMRO1" duration="00:00:00.0420000" startTime="2018-10-19T16:42:24.0000000+01:00" endTime="2018-10-19T16:42:24.0000000+01:00" testType="13cdc9d9-ddb5-4fa4-a97d-d965ccfc6d4b" outcome="Passed" testListId="8c84fa94-04c1-424b-9868-57a2d4851a1d" relativeResultsDirectory="d4d59942-0fea-4a96-83cc-58ad746b1cf9" /><UnitTestResult executionId="4279a09f-0b7e-4827-8520-9c814ad578ac" testId="4a249c3e-bf34-47e0-b000-6f808423d191" testName="TestInvalidExchange" computerName="CZWWILLIAMRO1" duration="00:00:00.0220000" startTime="2018-10-19T16:43:36.0000000+01:00" endTime="2018-10-19T16:43:36.0000000+01:00" testType="13cdc9d9-ddb5-4fa4-a97d-d965ccfc6d4b" outcome="Passed" testListId="8c84fa94-04c1-424b-9868-57a2d4851a1d" relativeResultsDirectory="4279a09f-0b7e-4827-8520-9c814ad578ac" /><UnitTestResult executionId="db3c12e0-24f7-4338-b7aa-7a39d87f48b9" testId="6dd8f766-4566-4043-970b-a9b731f8146e" testName="TestDoNotSendIfNotFinancialDataGroup(Execution)" computerName="CZWWILLIAMRO1" duration="00:00:01.1780000" startTime="2018-10-19T16:41:52.0000000+01:00" endTime="2018-10-19T16:41:53.0000000+01:00" testType="13cdc9d9-ddb5-4fa4-a97d-d965ccfc6d4b" outcome="Passed" testListId="8c84fa94-04c1-424b-9868-57a2d4851a1d" relativeResultsDirectory="db3c12e0-24f7-4338-b7aa-7a39d87f48b9" /><UnitTestResult executionId="1c0b80ed-c0e2-4510-9318-31adfc02f418" testId="0b46f97e-20ba-4859-8c8b-8467ef65566f" testName="TestWithExistingMembersOnly_BeforeToday_Included" computerName="CZWWILLIAMRO1" duration="00:00:00.0010000" startTime="2018-10-19T16:42:32.0000000+01:00" endTime="2018-10-19T16:42:32.0000000+01:00" testType="13cdc9d9-ddb5-4fa4-a97d-d965ccfc6d4b" outcome="Passed" testListId="8c84fa94-04c1-424b-9868-57a2d4851a1d" relativeResultsDirectory="1c0b80ed-c0e2-4510-9318-31adfc02f418" /><UnitTestResult executionId="a4710124-48ba-464c-8f80-9e365465e90f" testId="30496344-2afa-405b-8f3a-75a0b30bc3ed" testName="TestGenerateMembersHistoric_From2018-01-01_WithoutMembersIdeal_WithoutExistingMembersHistoric" computerName="CZWWILLIAMRO1" duration="00:00:00.0180000" startTime="2018-10-19T16:43:33.0000000+01:00" endTime="2018-10-19T16:43:33.0000000+01:00" testType="13cdc9d9-ddb5-4fa4-a97d-d965ccfc6d4b" outcome="Passed" testListId="8c84fa94-04c1-424b-9868-57a2d4851a1d" relativeResultsDirectory="a4710124-48ba-464c-8f80-9e365465e90f" /><UnitTestResult executionId="2fc2d2b0-158c-4bfa-ad37-3a7e0d13885b" testId="e7dd4587-e5dc-4559-866c-4386e5146472" testName="TestReleaseStatesVariable" computerName="CZWWILLIAMRO1" duration="00:00:00.0270000" startTime="2018-10-19T16:43:36.0000000+01:00" endTime="2018-10-19T16:43:36.0000000+01:00" testType="13cdc9d9-ddb5-4fa4-a97d-d965ccfc6d4b" outcome="Passed" testListId="8c84fa94-04c1-424b-9868-57a2d4851a1d" relativeResultsDirectory="2fc2d2b0-158c-4bfa-ad37-3a7e0d13885b" /><UnitTestResult executionId="381e20b2-99e4-4ef8-ae04-de6b2ef4f451" testId="3350de0c-476d-45e3-8649-7f99166ea699" testName="TestWriteSyntheticFutures_Single" computerName="CZWWILLIAMRO1" duration="00:00:00.0360000" startTime="2018-10-19T16:42:38.0000000+01:00" endTime="2018-10-19T16:42:39.0000000+01:00" testType="13cdc9d9-ddb5-4fa4-a97d-d965ccfc6d4b" outcome="Passed" testListId="8c84fa94-04c1-424b-9868-57a2d4851a1d" relativeResultsDirectory="381e20b2-99e4-4ef8-ae04-de6b2ef4f451" /><UnitTestResult executionId="1a7035cb-67d0-4409-a68b-711ccf3d10bb" testId="7f6e3d49-46b4-434e-a515-f3dcc283487e" testName="TestConjunctionOverlap_NotExactDates" computerName="CZWWILLIAMRO1" duration="00:00:00.0000001" startTime="2018-10-19T16:42:36.0000000+01:00" endTime="2018-10-19T16:42:36.0000000+01:00" testType="13cdc9d9-ddb5-4fa4-a97d-d965ccfc6d4b" outcome="Passed" testListId="8c84fa94-04c1-424b-9868-57a2d4851a1d" relativeResultsDirectory="1a7035cb-67d0-4409-a68b-711ccf3d10bb" /><UnitTestResult executionId="9e79eda8-4dd7-419f-b881-3d33b13a5b08" testId="27df057b-bb7e-4619-9f81-6b384f0c510b" testName="TestNoData" computerName="CZWWILLIAMRO1" duration="00:00:00.0010000" startTime="2018-10-19T16:42:30.0000000+01:00" endTime="2018-10-19T16:42:30.0000000+01:00" testType="13cdc9d9-ddb5-4fa4-a97d-d965ccfc6d4b" outcome="Passed" testListId="8c84fa94-04c1-424b-9868-57a2d4851a1d" relativeResultsDirectory="9e79eda8-4dd7-419f-b881-3d33b13a5b08" /><UnitTestResult executionId="ac248950-e662-4c9a-98a7-b913c8be0910" testId="5b1a1f6d-b85b-467c-80ac-08d73c6a9d81" testName="TestGenerateMembersHistoric_From0001-01-01_WithMembersIdealAfterExistingMembersHistoricEndDate_WithoutExistingMembersHistoric" computerName="CZWWILLIAMRO1" duration="00:00:00.0260000" startTime="2018-10-19T16:43:32.0000000+01:00" endTime="2018-10-19T16:43:32.0000000+01:00" testType="13cdc9d9-ddb5-4fa4-a97d-d965ccfc6d4b" outcome="Passed" testListId="8c84fa94-04c1-424b-9868-57a2d4851a1d" relativeResultsDirectory="ac248950-e662-4c9a-98a7-b913c8be0910" /><UnitTestResult executionId="7cf07878-7b7c-4701-bd45-fdaeffa512dd" testId="c1ce691f-2e5d-45d5-933b-8c6721360b93" testName="TestGenerateMembersHistoric_From0001-01-01_WithMembersIdealOnExistingMembersHistoricEndDate_WithExistingMembersHistoricEndingWithAnAdd" computerName="CZWWILLIAMRO1" duration="00:00:00.0230000" startTime="2018-10-19T16:43:32.0000000+01:00" endTime="2018-10-19T16:43:32.0000000+01:00" testType="13cdc9d9-ddb5-4fa4-a97d-d965ccfc6d4b" outcome="Passed" testListId="8c84fa94-04c1-424b-9868-57a2d4851a1d" relativeResultsDirectory="7cf07878-7b7c-4701-bd45-fdaeffa512dd" /><UnitTestResult executionId="4088ed6e-91af-4c26-baa2-87eee8e6269a" testId="25541f6a-c228-496b-b153-6b3322950718" testName="TestNoChanges_Excluded" computerName="CZWWILLIAMRO1" duration="00:00:00.0320000" startTime="2018-10-19T16:43:16.0000000+01:00" endTime="2018-10-19T16:43:16.0000000+01:00" testType="13cdc9d9-ddb5-4fa4-a97d-d965ccfc6d4b" outcome="Passed" testListId="8c84fa94-04c1-424b-9868-57a2d4851a1d" relativeResultsDirectory="4088ed6e-91af-4c26-baa2-87eee8e6269a" /><UnitTestResult executionId="6c4160b9-3883-44f4-bb73-cac3b6033ebc" testId="6668115d-6fc8-4552-92c3-d3229dbce717" testName="TestFilter_UpToValidSegmentCode" computerName="CZWWILLIAMRO1" duration="00:00:00.0150000" startTime="2018-10-19T16:42:16.0000000+01:00" endTime="2018-10-19T16:42:16.0000000+01:00" testType="13cdc9d9-ddb5-4fa4-a97d-d965ccfc6d4b" outcome="Passed" testListId="8c84fa94-04c1-424b-9868-57a2d4851a1d" relativeResultsDirectory="6c4160b9-3883-44f4-bb73-cac3b6033ebc" /><UnitTestResult executionId="6ecd052e-7cae-4300-8f66-7b91939fba10" testId="a7afe7f8-9685-42e2-9b90-fb67fb21682f" testName="TestEnumerableRange_ToOnEnd" computerName="CZWWILLIAMRO1" duration="00:00:00.0000001" startTime="2018-10-19T16:42:36.0000000+01:00" endTime="2018-10-19T16:42:36.0000000+01:00" testType="13cdc9d9-ddb5-4fa4-a97d-d965ccfc6d4b" outcome="Passed" testListId="8c84fa94-04c1-424b-9868-57a2d4851a1d" relativeResultsDirectory="6ecd052e-7cae-4300-8f66-7b91939fba10" /><UnitTestResult executionId="8a75f3e3-eb12-4a39-86f2-9bcd00ce70f0" testId="50855b8c-243a-43a0-a6cc-054096621dc6" testName="TestGetReasonsAfterFirstReasonsForMember" computerName="CZWWILLIAMRO1" duration="00:00:00.0140000" startTime="2018-10-19T16:42:33.0000000+01:00" endTime="2018-10-19T16:42:33.0000000+01:00" testType="13cdc9d9-ddb5-4fa4-a97d-d965ccfc6d4b" outcome="Passed" testListId="8c84fa94-04c1-424b-9868-57a2d4851a1d" relativeResultsDirectory="8a75f3e3-eb12-4a39-86f2-9bcd00ce70f0" /><UnitTestResult executionId="679ccaa9-51a8-4541-b307-4d8e06d5c8d5" testId="8e621f3e-0e8b-45ae-b9fe-94cbf9a20f72" testName="TestGenerateMembersHistoric_From0001-01-01_WithMembersIdealAroundExistingMembersHistoricEndDate_WithEmptyExistingMembersHistoric" computerName="CZWWILLIAMRO1" duration="00:00:00.0250000" startTime="2018-10-19T16:43:32.0000000+01:00" endTime="2018-10-19T16:43:32.0000000+01:00" testType="13cdc9d9-ddb5-4fa4-a97d-d965ccfc6d4b" outcome="Passed" testListId="8c84fa94-04c1-424b-9868-57a2d4851a1d" relativeResultsDirectory="679ccaa9-51a8-4541-b307-4d8e06d5c8d5" /><UnitTestResult executionId="b0033ece-ffbb-4de9-a6a1-ebe11f8ec27e" testId="76425a2f-2f05-4e73-8aa0-dd8ca7cfe5ce" testName="TestWithFutures_NotApprovalMixed" computerName="CZWWILLIAMRO1" duration="00:00:00.1310000" startTime="2018-10-19T16:41:52.0000000+01:00" endTime="2018-10-19T16:41:52.0000000+01:00" testType="13cdc9d9-ddb5-4fa4-a97d-d965ccfc6d4b" outcome="Passed" testListId="8c84fa94-04c1-424b-9868-57a2d4851a1d" relativeResultsDirectory="b0033ece-ffbb-4de9-a6a1-ebe11f8ec27e" /><UnitTestResult executionId="09b81e45-db19-4fec-84e2-7bfe83ecca3a" testId="23a0b66f-c852-4210-a0f4-d9058651dcf7" testName="TestWithTargetAnnouncement_WayBeforeStart" computerName="CZWWILLIAMRO1" duration="00:00:00.0010000" startTime="2018-10-19T16:42:24.0000000+01:00" endTime="2018-10-19T16:42:24.0000000+01:00" testType="13cdc9d9-ddb5-4fa4-a97d-d965ccfc6d4b" outcome="Passed" testListId="8c84fa94-04c1-424b-9868-57a2d4851a1d" relativeResultsDirectory="09b81e45-db19-4fec-84e2-7bfe83ecca3a" /><UnitTestResult executionId="b0661834-8e4b-4b26-8f77-b401dc042b36" testId="f4eb2de3-62eb-4b2b-a83c-d759eff3fa47" testName="TestWithTargetAnnouncement_MultipleAnnouncements" computerName="CZWWILLIAMRO1" duration="00:00:00.0300000" startTime="2018-10-19T16:42:24.0000000+01:00" endTime="2018-10-19T16:42:24.0000000+01:00" testType="13cdc9d9-ddb5-4fa4-a97d-d965ccfc6d4b" outcome="Passed" testListId="8c84fa94-04c1-424b-9868-57a2d4851a1d" relativeResultsDirectory="b0661834-8e4b-4b26-8f77-b401dc042b36" /><UnitTestResult executionId="2c57fcd7-2637-4b1f-b835-36d0a0997e2b" testId="140ae3dc-f908-4a0a-b4c5-83e3b9593b16" testName="TestHitRatioOverThreshold" computerName="CZWWILLIAMRO1" duration="00:00:00.0010000" startTime="2018-10-19T16:42:07.0000000+01:00" endTime="2018-10-19T16:42:07.0000000+01:00" testType="13cdc9d9-ddb5-4fa4-a97d-d965ccfc6d4b" outcome="Passed" testListId="8c84fa94-04c1-424b-9868-57a2d4851a1d" relativeResultsDirectory="2c57fcd7-2637-4b1f-b835-36d0a0997e2b" /><UnitTestResult executionId="45ba87f4-f259-42a9-a39b-ce481fa9be12" testId="42b38b88-031f-4043-ba0c-ccc3f9d4d30c" testName="TestRange_Overlap" computerName="CZWWILLIAMRO1" duration="00:00:00.0000001" startTime="2018-10-19T16:42:36.0000000+01:00" endTime="2018-10-19T16:42:36.0000000+01:00" testType="13cdc9d9-ddb5-4fa4-a97d-d965ccfc6d4b" outcome="Passed" testListId="8c84fa94-04c1-424b-9868-57a2d4851a1d" relativeResultsDirectory="45ba87f4-f259-42a9-a39b-ce481fa9be12" /><UnitTestResult executionId="6457445f-17ff-495b-9fb7-b8a2e410f836" testId="9d4e5422-d947-4493-b851-2e598efa452e" testName="TestGetAndValidateLatestReleaseState_Valid" computerName="CZWWILLIAMRO1" duration="00:00:00.0180000" startTime="2018-10-19T16:42:51.0000000+01:00" endTime="2018-10-19T16:42:51.0000000+01:00" testType="13cdc9d9-ddb5-4fa4-a97d-d965ccfc6d4b" outcome="Passed" testListId="8c84fa94-04c1-424b-9868-57a2d4851a1d" relativeResultsDirectory="6457445f-17ff-495b-9fb7-b8a2e410f836" /><UnitTestResult executionId="dba0042f-6a52-454c-a551-67a33b761122" testId="b0b5887d-76a9-4aac-968a-7aafe9378a28" testName="TestPendingMembersForExecution" computerName="CZWWILLIAMRO1" duration="00:00:00.0250000" startTime="2018-10-19T16:43:36.0000000+01:00" endTime="2018-10-19T16:43:36.0000000+01:00" testType="13cdc9d9-ddb5-4fa4-a97d-d965ccfc6d4b" outcome="Passed" testListId="8c84fa94-04c1-424b-9868-57a2d4851a1d" relativeResultsDirectory="dba0042f-6a52-454c-a551-67a33b761122" /><UnitTestResult executionId="619edd78-ac6e-47aa-afbd-faa1ee56ef97" testId="9c15df23-cbc6-4ba3-959a-2a576aed1ba3" testName="TestMembersRealNoDiff" computerName="CZWWILLIAMRO1" duration="00:00:00.0180000" startTime="2018-10-19T16:43:30.0000000+01:00" endTime="2018-10-19T16:43:30.0000000+01:00" testType="13cdc9d9-ddb5-4fa4-a97d-d965ccfc6d4b" outcome="Passed" testListId="8c84fa94-04c1-424b-9868-57a2d4851a1d" relativeResultsDirectory="619edd78-ac6e-47aa-afbd-faa1ee56ef97" /><UnitTestResult executionId="16c13127-113f-46d8-a503-4d9955eeb604" testId="10744c8f-fbe5-4db9-a4fd-b77338a03a47" testName="TestMembersIdeal" computerName="CZWWILLIAMRO1" duration="00:00:00.0000001" startTime="2018-10-19T16:43:05.0000000+01:00" endTime="2018-10-19T16:43:05.0000000+01:00" testType="13cdc9d9-ddb5-4fa4-a97d-d965ccfc6d4b" outcome="Passed" testListId="8c84fa94-04c1-424b-9868-57a2d4851a1d" relativeResultsDirectory="16c13127-113f-46d8-a503-4d9955eeb604" /><UnitTestResult executionId="5727fa70-d778-4d05-9c2f-32ede71ffd73" testId="248f8b3e-237e-4348-a0db-e308855ccbb6" testName="TestFilter_IncorrectExclusion" computerName="CZWWILLIAMRO1" duration="00:00:00.0190000" startTime="2018-10-19T16:42:15.0000000+01:00" endTime="2018-10-19T16:42:15.0000000+01:00" testType="13cdc9d9-ddb5-4fa4-a97d-d965ccfc6d4b" outcome="Passed" testListId="8c84fa94-04c1-424b-9868-57a2d4851a1d" relativeResultsDirectory="5727fa70-d778-4d05-9c2f-32ede71ffd73" /><UnitTestResult executionId="c991b2fb-f57d-4419-a902-e6a6543854e4" testId="adbd20ee-ab86-40c8-a376-ec23804ad1a3" testName="TestGenerateMembersHistoric_From2018-01-01_WithMembersIdealOnExistingMembersHistoricEndDate_WithExistingMembersHistoricEndingWithAnAdd" computerName="CZWWILLIAMRO1" duration="00:00:00.0230000" startTime="2018-10-19T16:43:33.0000000+01:00" endTime="2018-10-19T16:43:33.0000000+01:00" testType="13cdc9d9-ddb5-4fa4-a97d-d965ccfc6d4b" outcome="Passed" testListId="8c84fa94-04c1-424b-9868-57a2d4851a1d" relativeResultsDirectory="c991b2fb-f57d-4419-a902-e6a6543854e4" /><UnitTestResult executionId="b76f5966-2041-4e99-893a-9e5f1f5fb879" testId="3c5bfff6-a4b9-40df-a083-5e00389ef349" testName="TestLiveMembersForExecution" computerName="CZWWILLIAMRO1" duration="00:00:00.0010000" startTime="2018-10-19T16:42:50.0000000+01:00" endTime="2018-10-19T16:42:50.0000000+01:00" testType="13cdc9d9-ddb5-4fa4-a97d-d965ccfc6d4b" outcome="Passed" testListId="8c84fa94-04c1-424b-9868-57a2d4851a1d" relativeResultsDirectory="b76f5966-2041-4e99-893a-9e5f1f5fb879" /><UnitTestResult executionId="de7a2072-114c-4bb3-9cf7-69126a92bbd3" testId="1a25a690-d5e6-408e-9fca-44bf5dfddadb" testName="TestCompletelyExcluded" computerName="CZWWILLIAMRO1" duration="00:00:00.9510000" startTime="2018-10-19T16:43:15.0000000+01:00" endTime="2018-10-19T16:43:16.0000000+01:00" testType="13cdc9d9-ddb5-4fa4-a97d-d965ccfc6d4b" outcome="Passed" testListId="8c84fa94-04c1-424b-9868-57a2d4851a1d" relativeResultsDirectory="de7a2072-114c-4bb3-9cf7-69126a92bbd3" /><UnitTestResult executionId="da2ddd10-7ce3-45c7-b6cf-b457c1bba019" testId="518f52a5-c3f6-42e1-80af-94b53ecab51c" testName="TestDoNotFilterWhere_Future_PresentNotInLatestName" computerName="CZWWILLIAMRO1" duration="00:00:00.9890000" startTime="2018-10-19T16:42:36.0000000+01:00" endTime="2018-10-19T16:42:37.0000000+01:00" testType="13cdc9d9-ddb5-4fa4-a97d-d965ccfc6d4b" outcome="Passed" testListId="8c84fa94-04c1-424b-9868-57a2d4851a1d" relativeResultsDirectory="da2ddd10-7ce3-45c7-b6cf-b457c1bba019" /><UnitTestResult executionId="a347d2d8-f944-4d86-8070-3c0e6d72de1d" testId="55ab6132-24c4-4b6b-bcb0-10f5010bc8ab" testName="TestWritePendingMembersAndMembersIdeal(False,True)" computerName="CZWWILLIAMRO1" duration="00:00:00.9860000" startTime="2018-10-19T16:43:23.0000000+01:00" endTime="2018-10-19T16:43:24.0000000+01:00" testType="13cdc9d9-ddb5-4fa4-a97d-d965ccfc6d4b" outcome="Passed" testListId="8c84fa94-04c1-424b-9868-57a2d4851a1d" relativeResultsDirectory="a347d2d8-f944-4d86-8070-3c0e6d72de1d" /><UnitTestResult executionId="ccbd19b4-1579-47fd-b0e7-67117b89cda5" testId="0c40922b-e611-4ae3-bc00-aed230b3c5fb" testName="TestFilterOnExchange" computerName="CZWWILLIAMRO1" duration="00:00:00.0030000" startTime="2018-10-19T16:42:41.0000000+01:00" endTime="2018-10-19T16:42:41.0000000+01:00" testType="13cdc9d9-ddb5-4fa4-a97d-d965ccfc6d4b" outcome="Passed" testListId="8c84fa94-04c1-424b-9868-57a2d4851a1d" relativeResultsDirectory="ccbd19b4-1579-47fd-b0e7-67117b89cda5" /><UnitTestResult executionId="3db795c6-095a-4e49-a4be-c9ce599ec2b0" testId="29bdde30-307e-40e4-838b-5617582c2a47" testName="TestEnumerableRange_FromOnStart" computerName="CZWWILLIAMRO1" duration="00:00:00.0090000" startTime="2018-10-19T16:42:36.0000000+01:00" endTime="2018-10-19T16:42:36.0000000+01:00" testType="13cdc9d9-ddb5-4fa4-a97d-d965ccfc6d4b" outcome="Passed" testListId="8c84fa94-04c1-424b-9868-57a2d4851a1d" relativeResultsDirectory="3db795c6-095a-4e49-a4be-c9ce599ec2b0" /><UnitTestResult executionId="1cfac03c-a37d-4a83-862e-87f45dbdee7b" testId="56249125-82ae-48ca-9a0f-ddb61e23e63d" testName="TestSyncUniverse" computerName="CZWWILLIAMRO1" duration="00:00:00.0570000" startTime="2018-10-19T16:43:14.0000000+01:00" endTime="2018-10-19T16:43:14.0000000+01:00" testType="13cdc9d9-ddb5-4fa4-a97d-d965ccfc6d4b" outcome="Passed" testListId="8c84fa94-04c1-424b-9868-57a2d4851a1d" relativeResultsDirectory="1cfac03c-a37d-4a83-862e-87f45dbdee7b" /><UnitTestResult executionId="ffaf0afc-2986-4de4-9436-5411c6c8bc82" testId="1ad36df1-76b8-4877-9cd1-157d7223a880" testName="TestCorrectlyCallFunctions" computerName="CZWWILLIAMRO1" duration="00:00:00.0260000" startTime="2018-10-19T16:43:27.0000000+01:00" endTime="2018-10-19T16:43:27.0000000+01:00" testType="13cdc9d9-ddb5-4fa4-a97d-d965ccfc6d4b" outcome="Passed" testListId="8c84fa94-04c1-424b-9868-57a2d4851a1d" relativeResultsDirectory="ffaf0afc-2986-4de4-9436-5411c6c8bc82" /><UnitTestResult executionId="92ccc8c7-8eb5-4075-9d84-398c46f1413c" testId="d4456ad6-4655-4268-a4f9-3e9495542522" testName="TestReleaseState_ApprovePending" computerName="CZWWILLIAMRO1" duration="00:00:00.0370000" startTime="2018-10-19T16:43:07.0000000+01:00" endTime="2018-10-19T16:43:07.0000000+01:00" testType="13cdc9d9-ddb5-4fa4-a97d-d965ccfc6d4b" outcome="Passed" testListId="8c84fa94-04c1-424b-9868-57a2d4851a1d" relativeResultsDirectory="92ccc8c7-8eb5-4075-9d84-398c46f1413c" /><UnitTestResult executionId="bdf9d165-f233-444d-95cb-4fb8ce4fdc4b" testId="830c3df5-8f46-45fa-91c7-7ce8c9dc51b0" testName="TestChangesOnToday" computerName="CZWWILLIAMRO1" duration="00:00:00.0000001" startTime="2018-10-19T16:42:04.0000000+01:00" endTime="2018-10-19T16:42:04.0000000+01:00" testType="13cdc9d9-ddb5-4fa4-a97d-d965ccfc6d4b" outcome="Passed" testListId="8c84fa94-04c1-424b-9868-57a2d4851a1d" relativeResultsDirectory="bdf9d165-f233-444d-95cb-4fb8ce4fdc4b" /><UnitTestResult executionId="15c86df5-3c9a-4fd7-8cf2-98ab5d21c7fe" testId="d932729b-464c-4638-bbb0-ee5c57a2887a" testName="TestRemoveDead_WithExpiryDateTimeBeforeSpecifiedThreshold" computerName="CZWWILLIAMRO1" duration="00:00:00.0050000" startTime="2018-10-19T16:42:01.0000000+01:00" endTime="2018-10-19T16:42:01.0000000+01:00" testType="13cdc9d9-ddb5-4fa4-a97d-d965ccfc6d4b" outcome="Passed" testListId="8c84fa94-04c1-424b-9868-57a2d4851a1d" relativeResultsDirectory="15c86df5-3c9a-4fd7-8cf2-98ab5d21c7fe" /><UnitTestResult executionId="fb4211c3-5122-435e-929c-d0b2e8a2f107" testId="9e463e9f-a0eb-4571-8c7e-276c752e3fbe" testName="TestBetweenThreshold" computerName="CZWWILLIAMRO1" duration="00:00:00.0010000" startTime="2018-10-19T16:42:04.0000000+01:00" endTime="2018-10-19T16:42:04.0000000+01:00" testType="13cdc9d9-ddb5-4fa4-a97d-d965ccfc6d4b" outcome="Passed" testListId="8c84fa94-04c1-424b-9868-57a2d4851a1d" relativeResultsDirectory="fb4211c3-5122-435e-929c-d0b2e8a2f107" /><UnitTestResult executionId="1f04e21d-eae6-4be3-bc27-0d0958117e1b" testId="48f1226d-c044-4614-94b7-3ac178933f45" testName="TestFilterOnNoActiveContracts" computerName="CZWWILLIAMRO1" duration="00:00:00.0050000" startTime="2018-10-19T16:42:41.0000000+01:00" endTime="2018-10-19T16:42:41.0000000+01:00" testType="13cdc9d9-ddb5-4fa4-a97d-d965ccfc6d4b" outcome="Passed" testListId="8c84fa94-04c1-424b-9868-57a2d4851a1d" relativeResultsDirectory="1f04e21d-eae6-4be3-bc27-0d0958117e1b" /><UnitTestResult executionId="89c0b2b4-7ff7-4f83-be9b-0d240187013d" testId="89fe0ab3-99a7-408f-9afc-358acb78c0d1" testName="TestOutThenInConsecutiveEvents" computerName="CZWWILLIAMRO1" duration="00:00:00.0280000" startTime="2018-10-19T16:42:20.0000000+01:00" endTime="2018-10-19T16:42:20.0000000+01:00" testType="13cdc9d9-ddb5-4fa4-a97d-d965ccfc6d4b" outcome="Passed" testListId="8c84fa94-04c1-424b-9868-57a2d4851a1d" relativeResultsDirectory="89c0b2b4-7ff7-4f83-be9b-0d240187013d" /><UnitTestResult executionId="56b404b6-cdcb-43be-9e0d-2c7c83ccd316" testId="efbe0af4-c308-499f-9c4d-95c8d342a264" testName="TestGetAndValidateLatestReleaseState_InvalidApproval" computerName="CZWWILLIAMRO1" duration="00:00:00.0190000" startTime="2018-10-19T16:42:51.0000000+01:00" endTime="2018-10-19T16:42:51.0000000+01:00" testType="13cdc9d9-ddb5-4fa4-a97d-d965ccfc6d4b" outcome="Passed" testListId="8c84fa94-04c1-424b-9868-57a2d4851a1d" relativeResultsDirectory="56b404b6-cdcb-43be-9e0d-2c7c83ccd316" /><UnitTestResult executionId="744fa98e-4cb5-4a50-bc62-295c7da0ef93" testId="2390809f-0f87-439d-9cc1-9500e9e0e2fe" testName="TestMonthsInBucket_Coarse" computerName="CZWWILLIAMRO1" duration="00:00:00.0010000" startTime="2018-10-19T16:42:36.0000000+01:00" endTime="2018-10-19T16:42:36.0000000+01:00" testType="13cdc9d9-ddb5-4fa4-a97d-d965ccfc6d4b" outcome="Passed" testListId="8c84fa94-04c1-424b-9868-57a2d4851a1d" relativeResultsDirectory="744fa98e-4cb5-4a50-bc62-295c7da0ef93" /><UnitTestResult executionId="bf5b7835-aa4e-4fda-bcc4-5988bdeeb404" testId="f7352df4-3acc-4a22-905d-b073d20909fa" testName="TestReleaseStates_Present" computerName="CZWWILLIAMRO1" duration="00:00:00.0340000" startTime="2018-10-19T16:43:36.0000000+01:00" endTime="2018-10-19T16:43:36.0000000+01:00" testType="13cdc9d9-ddb5-4fa4-a97d-d965ccfc6d4b" outcome="Passed" testListId="8c84fa94-04c1-424b-9868-57a2d4851a1d" relativeResultsDirectory="bf5b7835-aa4e-4fda-bcc4-5988bdeeb404" /><UnitTestResult executionId="b4b6b726-a58c-4fff-a58a-9874bc019769" testId="119f1120-60e5-43ad-a75c-71c19480560c" testName="TestOutsideOfDateRanges" computerName="CZWWILLIAMRO1" duration="00:00:00.0010000" startTime="2018-10-19T16:42:36.0000000+01:00" endTime="2018-10-19T16:42:36.0000000+01:00" testType="13cdc9d9-ddb5-4fa4-a97d-d965ccfc6d4b" outcome="Passed" testListId="8c84fa94-04c1-424b-9868-57a2d4851a1d" relativeResultsDirectory="b4b6b726-a58c-4fff-a58a-9874bc019769" /><UnitTestResult executionId="9970d1aa-ecbc-4900-810b-3d6a1a6e43c0" testId="a6a59d7a-9c72-4a5f-a794-5d3e472cf3a8" testName="TestRaceConditionForNewReleaseBeingCreatedWhileWeModifyState" computerName="CZWWILLIAMRO1" duration="00:00:00.1230000" startTime="2018-10-19T16:43:07.0000000+01:00" endTime="2018-10-19T16:43:07.0000000+01:00" testType="13cdc9d9-ddb5-4fa4-a97d-d965ccfc6d4b" outcome="Passed" testListId="8c84fa94-04c1-424b-9868-57a2d4851a1d" relativeResultsDirectory="9970d1aa-ecbc-4900-810b-3d6a1a6e43c0" /><UnitTestResult executionId="c44a51cf-3b24-469e-853f-49d6a5abc8c8" testId="4e75eac5-712e-4b1d-a285-8744c13810a3" testName="TestEnumerableRange_FromBeforeTo" computerName="CZWWILLIAMRO1" duration="00:00:00.0000001" startTime="2018-10-19T16:42:36.0000000+01:00" endTime="2018-10-19T16:42:36.0000000+01:00" testType="13cdc9d9-ddb5-4fa4-a97d-d965ccfc6d4b" outcome="Passed" testListId="8c84fa94-04c1-424b-9868-57a2d4851a1d" relativeResultsDirectory="c44a51cf-3b24-469e-853f-49d6a5abc8c8" /><UnitTestResult executionId="d70522f9-72c8-4913-b643-2b7185eaed8f" testId="8f928e43-5166-4508-bd8b-13d59defeb7c" testName="TestNonStockAsUnderlyingType" computerName="CZWWILLIAMRO1" duration="00:00:00.0090000" startTime="2018-10-19T16:42:10.0000000+01:00" endTime="2018-10-19T16:42:10.0000000+01:00" testType="13cdc9d9-ddb5-4fa4-a97d-d965ccfc6d4b" outcome="Passed" testListId="8c84fa94-04c1-424b-9868-57a2d4851a1d" relativeResultsDirectory="d70522f9-72c8-4913-b643-2b7185eaed8f" /><UnitTestResult executionId="0408500e-27a6-4b6a-a80f-f803a3ab8b1e" testId="37777d3e-a586-4684-8e14-8326865f3164" testName="TestWithIdealPresentFromBeforeTodayAndMissingInExisting_ExcludedBefore" computerName="CZWWILLIAMRO1" duration="00:00:00.0010000" startTime="2018-10-19T16:42:32.0000000+01:00" endTime="2018-10-19T16:42:32.0000000+01:00" testType="13cdc9d9-ddb5-4fa4-a97d-d965ccfc6d4b" outcome="Passed" testListId="8c84fa94-04c1-424b-9868-57a2d4851a1d" relativeResultsDirectory="0408500e-27a6-4b6a-a80f-f803a3ab8b1e" /><UnitTestResult executionId="559e336c-df6e-4617-b154-cd014ddbaa5c" testId="2379630d-9e0b-446d-9029-f22ac51e6014" testName="TestDiffEarlierAddition_FirstExpiresEarlier" computerName="CZWWILLIAMRO1" duration="00:00:00.0010000" startTime="2018-10-19T16:42:36.0000000+01:00" endTime="2018-10-19T16:42:36.0000000+01:00" testType="13cdc9d9-ddb5-4fa4-a97d-d965ccfc6d4b" outcome="Passed" testListId="8c84fa94-04c1-424b-9868-57a2d4851a1d" relativeResultsDirectory="559e336c-df6e-4617-b154-cd014ddbaa5c" /><UnitTestResult executionId="74de33a3-8438-4c6b-8874-893dc3f4f1e2" testId="ac444f75-72d5-4a23-8609-f50be014eceb" testName="TestExcludeOnThresholdHitRatio" computerName="CZWWILLIAMRO1" duration="00:00:00.0060000" startTime="2018-10-19T16:42:05.0000000+01:00" endTime="2018-10-19T16:42:05.0000000+01:00" testType="13cdc9d9-ddb5-4fa4-a97d-d965ccfc6d4b" outcome="Passed" testListId="8c84fa94-04c1-424b-9868-57a2d4851a1d" relativeResultsDirectory="74de33a3-8438-4c6b-8874-893dc3f4f1e2" /><UnitTestResult executionId="c7d0feec-1348-4b98-8e45-5a4fddce5312" testId="c21bc58c-efae-4d77-beca-7dd8c3beb642" testName="TestRemoveDead_Middle" computerName="CZWWILLIAMRO1" duration="00:00:00.0280000" startTime="2018-10-19T16:42:14.0000000+01:00" endTime="2018-10-19T16:42:14.0000000+01:00" testType="13cdc9d9-ddb5-4fa4-a97d-d965ccfc6d4b" outcome="Passed" testListId="8c84fa94-04c1-424b-9868-57a2d4851a1d" relativeResultsDirectory="c7d0feec-1348-4b98-8e45-5a4fddce5312" /><UnitTestResult executionId="53fc4a50-cabe-4c75-ae2c-70509f56e887" testId="d420db47-41cc-4e4f-ade8-44276e822125" testName="TestLogging" computerName="CZWWILLIAMRO1" duration="00:00:00.0010000" startTime="2018-10-19T16:43:31.0000000+01:00" endTime="2018-10-19T16:43:31.0000000+01:00" testType="13cdc9d9-ddb5-4fa4-a97d-d965ccfc6d4b" outcome="Passed" testListId="8c84fa94-04c1-424b-9868-57a2d4851a1d" relativeResultsDirectory="53fc4a50-cabe-4c75-ae2c-70509f56e887" /><UnitTestResult executionId="f6f46ff5-36ff-4d3d-a1d2-1eb04ad2ea46" testId="beb6fdf5-e251-4a07-8c3c-5d153daab01c" testName="TestSingleEntry_Start" computerName="CZWWILLIAMRO1" duration="00:00:00.0010000" startTime="2018-10-19T16:42:27.0000000+01:00" endTime="2018-10-19T16:42:27.0000000+01:00" testType="13cdc9d9-ddb5-4fa4-a97d-d965ccfc6d4b" outcome="Passed" testListId="8c84fa94-04c1-424b-9868-57a2d4851a1d" relativeResultsDirectory="f6f46ff5-36ff-4d3d-a1d2-1eb04ad2ea46" /><UnitTestResult executionId="0ddb9505-4127-4b48-ba34-d20971f82e73" testId="6a705d6b-61b4-40c5-89e4-8d8ee57dcd45" testName="TestExcluded" computerName="CZWWILLIAMRO1" duration="00:00:00.8980000" startTime="2018-10-19T16:42:18.0000000+01:00" endTime="2018-10-19T16:42:19.0000000+01:00" testType="13cdc9d9-ddb5-4fa4-a97d-d965ccfc6d4b" outcome="Passed" testListId="8c84fa94-04c1-424b-9868-57a2d4851a1d" relativeResultsDirectory="0ddb9505-4127-4b48-ba34-d20971f82e73" /><UnitTestResult executionId="85f3dded-7dc6-4a35-85ca-a9a6387277c8" testId="abba7663-e878-4849-bb22-5c576594708a" testName="TestGetEmailApprovalList_UsesDepartmentLongName" computerName="CZWWILLIAMRO1" duration="00:00:00.0620000" startTime="2018-10-19T16:41:54.0000000+01:00" endTime="2018-10-19T16:41:54.0000000+01:00" testType="13cdc9d9-ddb5-4fa4-a97d-d965ccfc6d4b" outcome="Passed" testListId="8c84fa94-04c1-424b-9868-57a2d4851a1d" relativeResultsDirectory="85f3dded-7dc6-4a35-85ca-a9a6387277c8" /><UnitTestResult executionId="038af1aa-d5d4-432c-b6df-22c9b6c4fc1d" testId="d0bb4d8b-f907-4fda-aacf-22e36d1bf33e" testName="TestEmptyFutureContracts" computerName="CZWWILLIAMRO1" duration="00:00:01.0670000" startTime="2018-10-19T16:42:28.0000000+01:00" endTime="2018-10-19T16:42:29.0000000+01:00" testType="13cdc9d9-ddb5-4fa4-a97d-d965ccfc6d4b" outcome="Passed" testListId="8c84fa94-04c1-424b-9868-57a2d4851a1d" relativeResultsDirectory="038af1aa-d5d4-432c-b6df-22c9b6c4fc1d" /><UnitTestResult executionId="cb5b6d18-4710-47ef-a440-9c0f12b9b14a" testId="745348aa-5900-4e17-90aa-7f0b8bf1004a" testName="TestOnlyExistingIncluded_ExclusionOnlyOnTheLastDay" computerName="CZWWILLIAMRO1" duration="00:00:00.0040000" startTime="2018-10-19T16:42:49.0000000+01:00" endTime="2018-10-19T16:42:49.0000000+01:00" testType="13cdc9d9-ddb5-4fa4-a97d-d965ccfc6d4b" outcome="Passed" testListId="8c84fa94-04c1-424b-9868-57a2d4851a1d" relativeResultsDirectory="cb5b6d18-4710-47ef-a440-9c0f12b9b14a" /><UnitTestResult executionId="0928db6a-5211-44c5-a804-983fbb6e3da0" testId="92c4d144-a76d-40e1-b228-603f44dd718d" testName="TestApplyFilters" computerName="CZWWILLIAMRO1" duration="00:00:00.0030000" startTime="2018-10-19T16:42:36.0000000+01:00" endTime="2018-10-19T16:42:36.0000000+01:00" testType="13cdc9d9-ddb5-4fa4-a97d-d965ccfc6d4b" outcome="Passed" testListId="8c84fa94-04c1-424b-9868-57a2d4851a1d" relativeResultsDirectory="0928db6a-5211-44c5-a804-983fbb6e3da0" /><UnitTestResult executionId="aaea430c-e133-4284-b14b-adb02321b7b5" testId="65482a0b-a5ab-47eb-9f5d-ac749427f0d3" testName="TestIsReleaseLocked_OnlyIfAllInPendingOrRequested_Requested" computerName="CZWWILLIAMRO1" duration="00:00:00.0170000" startTime="2018-10-19T16:42:52.0000000+01:00" endTime="2018-10-19T16:42:52.0000000+01:00" testType="13cdc9d9-ddb5-4fa4-a97d-d965ccfc6d4b" outcome="Passed" testListId="8c84fa94-04c1-424b-9868-57a2d4851a1d" relativeResultsDirectory="aaea430c-e133-4284-b14b-adb02321b7b5" /><UnitTestResult executionId="36295491-33d8-4429-8cbd-e14f582d1f9f" testId="1ca8aba5-9469-437b-ac62-a829614b293b" testName="TestGenerateMembersHistoric_From2018-01-01_WithMembersIdealAroundExistingMembersHistoricEndDate_WithoutExistingMembersHistoric" computerName="CZWWILLIAMRO1" duration="00:00:00.0380000" startTime="2018-10-19T16:43:34.0000000+01:00" endTime="2018-10-19T16:43:34.0000000+01:00" testType="13cdc9d9-ddb5-4fa4-a97d-d965ccfc6d4b" outcome="Passed" testListId="8c84fa94-04c1-424b-9868-57a2d4851a1d" relativeResultsDirectory="36295491-33d8-4429-8cbd-e14f582d1f9f" /><UnitTestResult executionId="01a57b3e-cd6a-4fa9-9de5-c7e46a801d11" testId="cc8410ec-bbdf-46c6-ac28-cf32cb25edc3" testName="TestIntersection_FirstIncluded" computerName="CZWWILLIAMRO1" duration="00:00:00.0040000" startTime="2018-10-19T16:42:36.0000000+01:00" endTime="2018-10-19T16:42:36.0000000+01:00" testType="13cdc9d9-ddb5-4fa4-a97d-d965ccfc6d4b" outcome="Passed" testListId="8c84fa94-04c1-424b-9868-57a2d4851a1d" relativeResultsDirectory="01a57b3e-cd6a-4fa9-9de5-c7e46a801d11" /><UnitTestResult executionId="bc6f5a74-eedb-4a4a-b29c-6fd936e940f7" testId="4cabd94d-0b72-4f53-9bf0-1227a43831e1" testName="TestExcludeThenInclude" computerName="CZWWILLIAMRO1" duration="00:00:00.9270000" startTime="2018-10-19T16:42:14.0000000+01:00" endTime="2018-10-19T16:42:15.0000000+01:00" testType="13cdc9d9-ddb5-4fa4-a97d-d965ccfc6d4b" outcome="Passed" testListId="8c84fa94-04c1-424b-9868-57a2d4851a1d" relativeResultsDirectory="bc6f5a74-eedb-4a4a-b29c-6fd936e940f7" /><UnitTestResult executionId="69ca48a5-866e-49ee-abfc-42fee8540bdd" testId="a7dd78a9-bf21-414b-b95f-c2f86769b13b" testName="TestAboveThreshold" computerName="CZWWILLIAMRO1" duration="00:00:00.0240000" startTime="2018-10-19T16:42:04.0000000+01:00" endTime="2018-10-19T16:42:04.0000000+01:00" testType="13cdc9d9-ddb5-4fa4-a97d-d965ccfc6d4b" outcome="Passed" testListId="8c84fa94-04c1-424b-9868-57a2d4851a1d" relativeResultsDirectory="69ca48a5-866e-49ee-abfc-42fee8540bdd" /><UnitTestResult executionId="4945f9dd-71df-46e0-9ace-16e9ebbd49f1" testId="3c108bf0-026a-4415-91d3-8b1692a9a880" testName="TestGenerateMembersHistoric_From0001-01-01_WithFullMembersIdeal_WithoutExistingMembersHistoric" computerName="CZWWILLIAMRO1" duration="00:00:00.0280000" startTime="2018-10-19T16:43:32.0000000+01:00" endTime="2018-10-19T16:43:32.0000000+01:00" testType="13cdc9d9-ddb5-4fa4-a97d-d965ccfc6d4b" outcome="Passed" testListId="8c84fa94-04c1-424b-9868-57a2d4851a1d" relativeResultsDirectory="4945f9dd-71df-46e0-9ace-16e9ebbd49f1" /><UnitTestResult executionId="99ec17cf-5c25-45c0-8d8b-a344716111ff" testId="5e7e9b03-a7a5-49d7-820e-21676667e9b9" testName="TestGenerateMembersHistoric_From2018-01-01_WithFullMembersIdeal_WithExistingMembersHistoric" computerName="CZWWILLIAMRO1" duration="00:00:00.0320000" startTime="2018-10-19T16:43:33.0000000+01:00" endTime="2018-10-19T16:43:33.0000000+01:00" testType="13cdc9d9-ddb5-4fa4-a97d-d965ccfc6d4b" outcome="Passed" testListId="8c84fa94-04c1-424b-9868-57a2d4851a1d" relativeResultsDirectory="99ec17cf-5c25-45c0-8d8b-a344716111ff" /><UnitTestResult executionId="d766fda5-af69-4f81-8f71-5993f31ae48c" testId="924728e6-a276-4efe-a7a6-6733b6d4abde" testName="TestDoNotAddOptionalErrorToApprovalRequests_Execution" computerName="CZWWILLIAMRO1" duration="00:00:00.1260000" startTime="2018-10-19T16:41:56.0000000+01:00" endTime="2018-10-19T16:41:56.0000000+01:00" testType="13cdc9d9-ddb5-4fa4-a97d-d965ccfc6d4b" outcome="Passed" testListId="8c84fa94-04c1-424b-9868-57a2d4851a1d" relativeResultsDirectory="d766fda5-af69-4f81-8f71-5993f31ae48c" /><UnitTestResult executionId="2c7fa1e0-f8a7-4a1a-a22b-196e1634d3eb" testId="034ee3fe-92a6-4227-a312-300c5155fb57" testName="TestGenerateMembersHistoric_From2018-01-01_WithFullMembersIdeal_WithExistingMembersHistoricEndingWithAnAdd" computerName="CZWWILLIAMRO1" duration="00:00:00.0260000" startTime="2018-10-19T16:43:33.0000000+01:00" endTime="2018-10-19T16:43:33.0000000+01:00" testType="13cdc9d9-ddb5-4fa4-a97d-d965ccfc6d4b" outcome="Passed" testListId="8c84fa94-04c1-424b-9868-57a2d4851a1d" relativeResultsDirectory="2c7fa1e0-f8a7-4a1a-a22b-196e1634d3eb" /><UnitTestResult executionId="0a831d0a-c647-4527-83e8-f8a0218681e5" testId="5ab6ee82-05d4-4ce2-85de-c40ac4935f16" testName="TestRealNeverExcluded" computerName="CZWWILLIAMRO1" duration="00:00:00.0570000" startTime="2018-10-19T16:43:16.0000000+01:00" endTime="2018-10-19T16:43:16.0000000+01:00" testType="13cdc9d9-ddb5-4fa4-a97d-d965ccfc6d4b" outcome="Passed" testListId="8c84fa94-04c1-424b-9868-57a2d4851a1d" relativeResultsDirectory="0a831d0a-c647-4527-83e8-f8a0218681e5" /><UnitTestResult executionId="155ade5a-2dbe-4934-a23b-a16a70475661" testId="16f6716b-e897-428d-a5a6-7b48169cce28" testName="TestFilterFor_LondonStockExchangeOnly" computerName="CZWWILLIAMRO1" duration="00:00:00.0190000" startTime="2018-10-19T16:42:16.0000000+01:00" endTime="2018-10-19T16:42:16.0000000+01:00" testType="13cdc9d9-ddb5-4fa4-a97d-d965ccfc6d4b" outcome="Passed" testListId="8c84fa94-04c1-424b-9868-57a2d4851a1d" relativeResultsDirectory="155ade5a-2dbe-4934-a23b-a16a70475661" /><UnitTestResult executionId="16b6897a-a34f-44c2-8476-e2a49fd18a3d" testId="1fa6ef7e-2449-40d3-89a6-f1273f7ca9e9" testName="TestGenerateMembersHistoric_WithRandomlyGeneratedInputs" computerName="CZWWILLIAMRO1" duration="00:00:00.7400000" startTime="2018-10-19T16:43:34.0000000+01:00" endTime="2018-10-19T16:43:34.0000000+01:00" testType="13cdc9d9-ddb5-4fa4-a97d-d965ccfc6d4b" outcome="Passed" testListId="8c84fa94-04c1-424b-9868-57a2d4851a1d" relativeResultsDirectory="16b6897a-a34f-44c2-8476-e2a49fd18a3d"><Output><StdOut>Running: Test case with seed 0&#xD;
    QTG_MembersHistoricLastValidDate: 2017-12-31&#xD;
    QTG_MembersIdeal:&#xD;
        2010-01-22 A UnderlyingStockNotInMembers,MarketCap&#xD;
    QTG_MembersHistoric:&#xD;
        2010-12-02 A Preserved,Merger&#xD;
&#xD;
Running: Test case with seed 1&#xD;
    QTG_MembersHistoricLastValidDate: 2019-02-09&#xD;
    QTG_MembersIdeal:&#xD;
        2012-04-27 A UnderlyingTypeNonStock,Birth&#xD;
        2015-12-18 D ExchangeSegmentCode&#xD;
        2016-08-11 A Sector,Preserved,ExcludedFromUniverse&#xD;
        2017-06-18 D Sector,UnderlyingTypeNonStock,Birth&#xD;
        2017-07-20 A Unapproved,Death&#xD;
        2017-11-27 D Unapproved&#xD;
        2017-12-28 A SmallPrice,Sector&#xD;
    QTG_MembersHistoric:&#xD;
        None&#xD;
&#xD;
Running: Test case with seed 2&#xD;
    QTG_MembersHistoricLastValidDate: 2017-12-29&#xD;
    QTG_MembersIdeal:&#xD;
        None&#xD;
    QTG_MembersHistoric:&#xD;
        [2012-06-16, 2013-09-14]&#xD;
&#xD;
Running: Test case with seed 3&#xD;
    QTG_MembersHistoricLastValidDate: 2024-12-23&#xD;
    QTG_MembersIdeal:&#xD;
        [2010-07-03, 2017-08-10]&#xD;
    QTG_MembersHistoric:&#xD;
        [2011-06-28, 2013-12-18]&#xD;
&#xD;
Running: Test case with seed 4&#xD;
    QTG_MembersHistoricLastValidDate: 2018-01-01&#xD;
    QTG_MembersIdeal:&#xD;
        2008-02-13 A Sector&#xD;
    QTG_MembersHistoric:&#xD;
        2015-06-28 A OutsideOfRange&#xD;
&#xD;
Running: Test case with seed 5&#xD;
    QTG_MembersHistoricLastValidDate: 2010-11-05&#xD;
    QTG_MembersIdeal:&#xD;
        2017-04-09 A UnderlyingTypeNonStock&#xD;
        2017-09-13 D Unknown&#xD;
        2017-10-23 A ActiveContracts&#xD;
        2017-11-25 D Unknown&#xD;
        2017-11-29 A ExcludedFromUniverse,Merger,ActiveContracts&#xD;
        2017-12-26 D Death,SmallPrice,ExchangeSegmentCode&#xD;
    QTG_MembersHistoric:&#xD;
        2008-04-30 A Liquidity,Birth,ManuallyExcludedPerUniverse&#xD;
        2017-10-21 D TargetAnnouncement&#xD;
&#xD;
Running: Test case with seed 6&#xD;
    QTG_MembersHistoricLastValidDate: 2017-12-30&#xD;
    QTG_MembersIdeal:&#xD;
        2016-01-02 A MarketCap,SmallPrice&#xD;
        2016-12-18 D DataRequirements,TargetAnnouncement,OutsideOfRange&#xD;
        2017-02-24 A ManuallyExcludedPerUniverse,SmallPrice,UnderlyingStockMembershipPresence&#xD;
        2017-09-06 D Liquidity,Kick&#xD;
        2017-09-21 A ManuallyExcludedPerUniverse&#xD;
        2017-09-30 D Death,UnderlyingStockNotInMembers&#xD;
        2017-11-05 A SmallPrice&#xD;
        2017-11-13 D Kick,Kick,Merger&#xD;
        2017-12-01 A Birth,ManuallyExcludedPerUniverse&#xD;
        2017-12-18 D ActiveContracts,ActiveContracts,ManuallyExcludedPerUniverse&#xD;
    QTG_MembersHistoric:&#xD;
        2009-01-26 A Unknown,SmallPrice&#xD;
        2012-08-11 D NotInUniverse,Unapproved&#xD;
&#xD;
Running: Test case with seed 7&#xD;
    QTG_MembersHistoricLastValidDate: 2016-09-18&#xD;
    QTG_MembersIdeal:&#xD;
        [2012-01-08, 2016-11-01]&#xD;
    QTG_MembersHistoric:&#xD;
        2017-07-15 A UnderlyingStockMembershipPresence,MarketCap,UnderlyingTypeNonStock&#xD;
        2017-09-29 D UnderlyingStockNotInMembers&#xD;
&#xD;
Running: Test case with seed 8&#xD;
    QTG_MembersHistoricLastValidDate: 2017-12-27&#xD;
    QTG_MembersIdeal:&#xD;
        2016-03-06 A Merger,MarketCap&#xD;
    QTG_MembersHistoric:&#xD;
        2009-11-09 A DataRequirements,Preserved,NotInUniverse&#xD;
&#xD;
Running: Test case with seed 9&#xD;
    QTG_MembersHistoricLastValidDate: 2012-07-31&#xD;
    QTG_MembersIdeal:&#xD;
        None&#xD;
    QTG_MembersHistoric:&#xD;
        2012-03-28 A UnderlyingTypeNonStock,Birth,OutsideOfRange&#xD;
&#xD;
Running: Test case with seed 10&#xD;
    QTG_MembersHistoricLastValidDate: 2017-12-31&#xD;
    QTG_MembersIdeal:&#xD;
        2010-12-22 A Merger,ExchangeSegmentCode&#xD;
        2017-09-17 D ExcludedFromUniverse,NoLongerInIdealUniverse&#xD;
        2017-11-24 A ExcludedFromUniverse,ActiveContracts,Death&#xD;
        2017-12-26 D DataRequirements&#xD;
        2017-12-27 A NoLongerInIdealUniverse,Sector,UnderlyingTypeNonStock&#xD;
        2017-12-29 D Liquidity,DataRequirements,UnderlyingStockNotInMembers&#xD;
        2017-12-30 A ExchangeSegmentCode&#xD;
        2017-12-31 D Liquidity&#xD;
    QTG_MembersHistoric:&#xD;
        None&#xD;
&#xD;
Running: Test case with seed 11&#xD;
    QTG_MembersHistoricLastValidDate: 2008-06-13&#xD;
    QTG_MembersIdeal:&#xD;
        2009-09-19 A Unknown,ManuallyExcludedFromAllUniverses,Liquidity&#xD;
        2012-12-30 D Death&#xD;
        2013-12-17 A UnderlyingStockNotInMembers,Merger,Unapproved&#xD;
    QTG_MembersHistoric:&#xD;
        2010-10-14 A UnderlyingStockMembershipPresence,UnderlyingStockNotInMembers&#xD;
&#xD;
Running: Test case with seed 12&#xD;
    QTG_MembersHistoricLastValidDate: 2017-12-29&#xD;
    QTG_MembersIdeal:&#xD;
        None&#xD;
    QTG_MembersHistoric:&#xD;
        None&#xD;
&#xD;
Running: Test case with seed 13&#xD;
    QTG_MembersHistoricLastValidDate: 2017-12-30&#xD;
    QTG_MembersIdeal:&#xD;
        2008-10-02 A SmallPrice,Unknown,OutsideOfRange&#xD;
    QTG_MembersHistoric:&#xD;
        None&#xD;
&#xD;
Running: Test case with seed 14&#xD;
    QTG_MembersHistoricLastValidDate: 2027-04-03&#xD;
    QTG_MembersIdeal:&#xD;
        2013-04-08 A Death,Merger,SmallPrice&#xD;
    QTG_MembersHistoric:&#xD;
        2010-07-26 A TargetAnnouncement,TargetAnnouncement,SmallPrice&#xD;
        2015-08-01 D SmallPrice&#xD;
        2017-03-20 A ManuallyExcludedFromAllUniverses&#xD;
        2017-12-09 D NoLongerInIdealUniverse&#xD;
        2017-12-31 A ManuallyExcludedPerUniverse,ManuallyExcludedFromAllUniverses&#xD;
&#xD;
Running: Test case with seed 15&#xD;
    QTG_MembersHistoricLastValidDate: 2017-12-28&#xD;
    QTG_MembersIdeal:&#xD;
        2014-08-28 A Unknown,Unapproved&#xD;
        2017-05-01 D Death,UnderlyingTypeNonStock&#xD;
        2017-07-05 A ManuallyExcludedPerUniverse,Death&#xD;
        2017-08-26 D Birth&#xD;
        2017-12-03 A NoLongerInIdealUniverse,ExcludedFromUniverse&#xD;
        2017-12-08 D Unapproved&#xD;
        2017-12-28 A DataRequirements,SmallPrice,ManuallyExcludedPerUniverse&#xD;
        2017-12-29 D UnderlyingStockNotInMembers,ManuallyExcludedPerUniverse&#xD;
        2017-12-30 A UnderlyingStockNotInMembers,Merger&#xD;
        2017-12-31 D Sector,Unknown,Unapproved&#xD;
    QTG_MembersHistoric:&#xD;
        None&#xD;
&#xD;
Running: Test case with seed 16&#xD;
    QTG_MembersHistoricLastValidDate: 2023-02-14&#xD;
    QTG_MembersIdeal:&#xD;
        2013-05-29 A Merger&#xD;
        2017-10-18 D ActiveContracts&#xD;
        2017-12-27 A Unapproved,Death&#xD;
        2017-12-28 D UnderlyingStockNotInMembers,Birth&#xD;
        2017-12-30 A TargetAnnouncement,Sector,OutsideOfRange&#xD;
    QTG_MembersHistoric:&#xD;
        2014-01-01 A Unknown,Birth,Sector&#xD;
        2016-11-30 D ExchangeSegmentCode,MarketCap&#xD;
        2017-03-22 A ActiveContracts&#xD;
        2017-04-03 D DataRequirements,ExcludedFromUniverse,Birth&#xD;
        2017-07-05 A TargetAnnouncement,Sector,SmallPrice&#xD;
        2017-09-03 D UnderlyingTypeNonStock&#xD;
        2017-10-03 A ManuallyExcludedPerUniverse,Liquidity,Unapproved&#xD;
        2017-11-02 D OutsideOfRange,UnderlyingStockMembershipPresence,Merger&#xD;
&#xD;
Running: Test case with seed 17&#xD;
    QTG_MembersHistoricLastValidDate: 2017-12-31&#xD;
    QTG_MembersIdeal:&#xD;
        [2015-05-25, 2016-03-24]&#xD;
    QTG_MembersHistoric:&#xD;
        2013-03-25 A ActiveContracts,NotInUniverse,Unapproved&#xD;
&#xD;
Running: Test case with seed 18&#xD;
    QTG_MembersHistoricLastValidDate: 2018-12-28&#xD;
    QTG_MembersIdeal:&#xD;
        2011-04-30 A Unknown&#xD;
    QTG_MembersHistoric:&#xD;
        2017-02-10 A NoLongerInIdealUniverse,Kick&#xD;
&#xD;
Running: Test case with seed 19&#xD;
    QTG_MembersHistoricLastValidDate: 2017-12-29&#xD;
    QTG_MembersIdeal:&#xD;
        None&#xD;
    QTG_MembersHistoric:&#xD;
        2012-03-10 A Liquidity,ExcludedFromUniverse,ExcludedFromUniverse&#xD;
        2013-12-09 D ManuallyExcludedFromAllUniverses,ExcludedFromUniverse,UnderlyingStockNotInMembers&#xD;
        2017-05-22 A Death,Sector,ManuallyExcludedFromAllUniverses&#xD;
&#xD;
Running: Test case with seed 20&#xD;
    QTG_MembersHistoricLastValidDate: 2024-11-09&#xD;
    QTG_MembersIdeal:&#xD;
        2008-05-14 A Merger,MarketCap,Preserved&#xD;
        2008-08-16 D ManuallyExcludedPerUniverse&#xD;
        2016-10-27 A NoLongerInIdealUniverse,ExcludedFromUniverse,ManuallyExcludedPerUniverse&#xD;
        2017-01-29 D Merger&#xD;
    QTG_MembersHistoric:&#xD;
        2008-03-12 A ManuallyExcludedPerUniverse,DataRequirements&#xD;
&#xD;
Running: Test case with seed 21&#xD;
    QTG_MembersHistoricLastValidDate: 2018-01-01&#xD;
    QTG_MembersIdeal:&#xD;
        [2014-01-27, 2014-01-27]&#xD;
    QTG_MembersHistoric:&#xD;
        2017-10-08 A Kick,TargetAnnouncement&#xD;
        2017-12-18 D ManuallyExcludedPerUniverse&#xD;
        2017-12-27 A Sector&#xD;
        2017-12-28 D MarketCap&#xD;
&#xD;
Running: Test case with seed 22&#xD;
    QTG_MembersHistoricLastValidDate: 2020-09-22&#xD;
    QTG_MembersIdeal:&#xD;
        None&#xD;
    QTG_MembersHistoric:&#xD;
        [2012-10-17, 2016-06-08]&#xD;
&#xD;
Running: Test case with seed 23&#xD;
    QTG_MembersHistoricLastValidDate: 2017-12-30&#xD;
    QTG_MembersIdeal:&#xD;
        2013-11-26 A ExchangeSegmentCode,Unknown&#xD;
    QTG_MembersHistoric:&#xD;
        2012-03-26 A MarketCap,ActiveContracts&#xD;
        2014-07-04 D ExcludedFromUniverse,Liquidity&#xD;
        2015-04-11 A Merger,UnderlyingStockNotInMembers,ActiveContracts&#xD;
        2017-11-16 D SmallPrice&#xD;
&#xD;
Running: Test case with seed 24&#xD;
    QTG_MembersHistoricLastValidDate: 2026-08-06&#xD;
    QTG_MembersIdeal:&#xD;
        2013-04-28 A Merger,UnderlyingTypeNonStock&#xD;
        2013-11-26 D Death,DataRequirements,UnderlyingTypeNonStock&#xD;
    QTG_MembersHistoric:&#xD;
        [2011-04-09, 2015-05-12]&#xD;
&#xD;
Running: Test case with seed 25&#xD;
    QTG_MembersHistoricLastValidDate: 2017-12-27&#xD;
    QTG_MembersIdeal:&#xD;
        None&#xD;
    QTG_MembersHistoric:&#xD;
        2012-01-24 A Unknown&#xD;
&#xD;
Running: Test case with seed 26&#xD;
    QTG_MembersHistoricLastValidDate: 2022-06-19&#xD;
    QTG_MembersIdeal:&#xD;
        [2012-06-20, 2016-09-15]&#xD;
    QTG_MembersHistoric:&#xD;
        2013-07-22 A Death,UnderlyingStockMembershipPresence&#xD;
&#xD;
Running: Test case with seed 27&#xD;
    QTG_MembersHistoricLastValidDate: 2017-12-31&#xD;
    QTG_MembersIdeal:&#xD;
        2011-12-18 A Kick&#xD;
    QTG_MembersHistoric:&#xD;
        2010-04-20 A NotInUniverse&#xD;
&#xD;
Running: Test case with seed 28&#xD;
    QTG_MembersHistoricLastValidDate: 2008-04-30&#xD;
    QTG_MembersIdeal:&#xD;
        2016-06-23 A MarketCap&#xD;
    QTG_MembersHistoric:&#xD;
        2013-12-27 A Liquidity,UnderlyingStockNotInMembers,Kick&#xD;
&#xD;
Running: Test case with seed 29&#xD;
    QTG_MembersHistoricLastValidDate: 2017-12-28&#xD;
    QTG_MembersIdeal:&#xD;
        None&#xD;
    QTG_MembersHistoric:&#xD;
        2017-01-07 A Unknown,NotInUniverse,Unknown&#xD;
&#xD;
Running: Test case with seed 30&#xD;
    QTG_MembersHistoricLastValidDate: 2014-03-15&#xD;
    QTG_MembersIdeal:&#xD;
        2015-09-29 A Merger,Sector&#xD;
        2016-07-01 D UnderlyingStockNotInMembers,ExcludedFromUniverse&#xD;
        2016-08-12 A TargetAnnouncement,Merger,OutsideOfRange&#xD;
        2017-04-15 D Unapproved,Death,ActiveContracts&#xD;
        2017-08-25 A Unapproved,SmallPrice&#xD;
        2017-09-29 D ExchangeSegmentCode,ExcludedFromUniverse,ManuallyExcludedFromAllUniverses&#xD;
        2017-11-02 A Birth,ActiveContracts,UnderlyingStockNotInMembers&#xD;
        2017-12-21 D Unknown,NoLongerInIdealUniverse&#xD;
    QTG_MembersHistoric:&#xD;
        None&#xD;
&#xD;
Running: Test case with seed 31&#xD;
    QTG_MembersHistoricLastValidDate: 2018-01-01&#xD;
    QTG_MembersIdeal:&#xD;
        [2014-07-02, 2017-04-15]&#xD;
    QTG_MembersHistoric:&#xD;
        None&#xD;
&#xD;
Running: Test case with seed 32&#xD;
    QTG_MembersHistoricLastValidDate: 2010-01-25&#xD;
    QTG_MembersIdeal:&#xD;
        None&#xD;
    QTG_MembersHistoric:&#xD;
        2010-06-08 A UnderlyingTypeNonStock,ActiveContracts&#xD;
        2016-12-26 D Preserved,Birth&#xD;
        2017-05-15 A Liquidity&#xD;
        2017-11-22 D Sector,ActiveContracts&#xD;
        2017-12-19 A ExchangeSegmentCode,UnderlyingStockMembershipPresence&#xD;
        2017-12-21 D NoLongerInIdealUniverse,ManuallyExcludedPerUniverse&#xD;
&#xD;
Running: Test case with seed 33&#xD;
    QTG_MembersHistoricLastValidDate: 2017-12-30&#xD;
    QTG_MembersIdeal:&#xD;
        2011-12-22 A Unknown,ActiveContracts,MarketCap&#xD;
        2015-08-13 D Liquidity&#xD;
    QTG_MembersHistoric:&#xD;
        [2012-07-21, 2015-08-30]&#xD;
&#xD;
Running: Test case with seed 34&#xD;
    QTG_MembersHistoricLastValidDate: 2015-12-09&#xD;
    QTG_MembersIdeal:&#xD;
        2010-09-16 A Merger&#xD;
        2012-01-18 D ManuallyExcludedFromAllUniverses,Kick,Kick&#xD;
        2012-12-27 A ExcludedFromUniverse,DataRequirements,ActiveContracts&#xD;
        2015-12-24 D ManuallyExcludedFromAllUniverses,Death&#xD;
        2017-06-20 A Kick,ManuallyExcludedPerUniverse,DataRequirements&#xD;
        2017-11-13 D Merger,SmallPrice,ManuallyExcludedPerUniverse&#xD;
        2017-12-30 A NoLongerInIdealUniverse,ExchangeSegmentCode,Death&#xD;
    QTG_MembersHistoric:&#xD;
        [2009-08-14, 2014-05-31]&#xD;
&#xD;
Running: Test case with seed 35&#xD;
    QTG_MembersHistoricLastValidDate: 2018-11-14&#xD;
    QTG_MembersIdeal:&#xD;
        None&#xD;
    QTG_MembersHistoric:&#xD;
        None&#xD;
&#xD;
Running: Test case with seed 36&#xD;
    QTG_MembersHistoricLastValidDate: 2017-12-29&#xD;
    QTG_MembersIdeal:&#xD;
        2012-08-05 A Kick&#xD;
    QTG_MembersHistoric:&#xD;
        2013-06-27 A NotInUniverse,ManuallyExcludedPerUniverse,Death&#xD;
&#xD;
Running: Test case with seed 37&#xD;
    QTG_MembersHistoricLastValidDate: 2024-09-27&#xD;
    QTG_MembersIdeal:&#xD;
        2017-02-09 A Merger,Kick,NotInUniverse&#xD;
    QTG_MembersHistoric:&#xD;
        2011-07-16 A SmallPrice&#xD;
&#xD;
Running: Test case with seed 38&#xD;
    QTG_MembersHistoricLastValidDate: 2018-01-01&#xD;
    QTG_MembersIdeal:&#xD;
        2015-08-30 A NoLongerInIdealUniverse,Sector,ExcludedFromUniverse&#xD;
        2016-05-01 D TargetAnnouncement&#xD;
        2016-09-24 A TargetAnnouncement,UnderlyingStockMembershipPresence&#xD;
        2017-06-08 D Kick,UnderlyingStockMembershipPresence,Death&#xD;
        2017-09-02 A MarketCap&#xD;
    QTG_MembersHistoric:&#xD;
        2008-06-05 A ExchangeSegmentCode,Merger,NotInUniverse&#xD;
        2017-06-07 D ManuallyExcludedPerUniverse,NoLongerInIdealUniverse,ExcludedFromUniverse&#xD;
        2017-11-30 A Sector,ExcludedFromUniverse&#xD;
        2017-12-27 D UnderlyingTypeNonStock,ExcludedFromUniverse&#xD;
&#xD;
Running: Test case with seed 39&#xD;
    QTG_MembersHistoricLastValidDate: 2020-08-10&#xD;
    QTG_MembersIdeal:&#xD;
        None&#xD;
    QTG_MembersHistoric:&#xD;
        2011-10-18 A Unapproved&#xD;
        2015-11-07 D UnderlyingStockNotInMembers&#xD;
        2016-10-19 A ExcludedFromUniverse,ManuallyExcludedPerUniverse,ExcludedFromUniverse&#xD;
        2017-01-04 D ManuallyExcludedPerUniverse,Unknown,ManuallyExcludedPerUniverse&#xD;
        2017-08-02 A NoLongerInIdealUniverse,OutsideOfRange&#xD;
        2017-10-11 D Liquidity,Merger,OutsideOfRange&#xD;
        2017-12-09 A Unknown,ExcludedFromUniverse,MarketCap&#xD;
&#xD;
Running: Test case with seed 40&#xD;
    QTG_MembersHistoricLastValidDate: 2017-12-30&#xD;
    QTG_MembersIdeal:&#xD;
        [2015-08-13, 2017-04-11]&#xD;
    QTG_MembersHistoric:&#xD;
        2016-04-13 A UnderlyingTypeNonStock,Kick&#xD;
&#xD;
Running: Test case with seed 41&#xD;
    QTG_MembersHistoricLastValidDate: 2026-06-23&#xD;
    QTG_MembersIdeal:&#xD;
        2015-03-04 A ExcludedFromUniverse,Kick&#xD;
    QTG_MembersHistoric:&#xD;
        None&#xD;
&#xD;
Running: Test case with seed 42&#xD;
    QTG_MembersHistoricLastValidDate: 2017-12-27&#xD;
    QTG_MembersIdeal:&#xD;
        None&#xD;
    QTG_MembersHistoric:&#xD;
        [2013-02-17, 2013-12-23]&#xD;
&#xD;
Running: Test case with seed 43&#xD;
    QTG_MembersHistoricLastValidDate: 2022-05-06&#xD;
    QTG_MembersIdeal:&#xD;
        2009-05-12 A Kick&#xD;
        2011-12-05 D Unknown&#xD;
        2012-02-28 A UnderlyingStockMembershipPresence&#xD;
        2012-08-19 D UnderlyingTypeNonStock,Preserved,UnderlyingStockMembershipPresence&#xD;
        2017-10-21 A ManuallyExcludedPerUniverse,ExcludedFromUniverse&#xD;
        2017-10-25 D Death,UnderlyingStockNotInMembers,Liquidity&#xD;
        2017-11-23 A ActiveContracts,TargetAnnouncement,OutsideOfRange&#xD;
    QTG_MembersHistoric:&#xD;
        None&#xD;
&#xD;
Running: Test case with seed 44&#xD;
    QTG_MembersHistoricLastValidDate: 2017-12-31&#xD;
    QTG_MembersIdeal:&#xD;
        2008-02-07 A NoLongerInIdealUniverse,MarketCap&#xD;
        2013-01-14 D Unapproved,UnderlyingStockNotInMembers,ManuallyExcludedFromAllUniverses&#xD;
    QTG_MembersHistoric:&#xD;
        2011-08-01 A UnderlyingStockMembershipPresence&#xD;
&#xD;
Running: Test case with seed 45&#xD;
    QTG_MembersHistoricLastValidDate: 2018-03-19&#xD;
    QTG_MembersIdeal:&#xD;
        None&#xD;
    QTG_MembersHistoric:&#xD;
        None&#xD;
&#xD;
Running: Test case with seed 46&#xD;
    QTG_MembersHistoricLastValidDate: 2017-12-28&#xD;
    QTG_MembersIdeal:&#xD;
        2017-09-29 A NoLongerInIdealUniverse,NoLongerInIdealUniverse,Sector&#xD;
    QTG_MembersHistoric:&#xD;
        None&#xD;
&#xD;
Running: Test case with seed 47&#xD;
    QTG_MembersHistoricLastValidDate: 2024-01-31&#xD;
    QTG_MembersIdeal:&#xD;
        2012-04-04 A Unknown,Kick&#xD;
    QTG_MembersHistoric:&#xD;
        2009-08-09 A UnderlyingTypeNonStock,UnderlyingStockNotInMembers,ManuallyExcludedPerUniverse&#xD;
        2014-10-16 D UnderlyingTypeNonStock&#xD;
        2016-06-05 A ManuallyExcludedPerUniverse&#xD;
        2017-11-19 D Liquidity,TargetAnnouncement&#xD;
        2017-12-02 A NoLongerInIdealUniverse,UnderlyingTypeNonStock,NoLongerInIdealUniverse&#xD;
        2017-12-23 D Death&#xD;
        2017-12-24 A Unknown,ManuallyExcludedPerUniverse,ManuallyExcludedPerUniverse&#xD;
        2017-12-28 D TargetAnnouncement,Kick&#xD;
        2017-12-30 A Death,Liquidity,Death&#xD;
        2017-12-31 D UnderlyingStockMembershipPresence,UnderlyingStockNotInMembers&#xD;
&#xD;
Running: Test case with seed 48&#xD;
    QTG_MembersHistoricLastValidDate: 2018-01-01&#xD;
    QTG_MembersIdeal:&#xD;
        2013-01-18 A NoLongerInIdealUniverse,UnderlyingStockNotInMembers&#xD;
        2017-11-07 D UnderlyingTypeNonStock,Preserved&#xD;
        2017-11-29 A Kick,Kick&#xD;
        2017-12-20 D UnderlyingStockNotInMembers,Death,OutsideOfRange&#xD;
        2017-12-21 A ManuallyExcludedPerUniverse,ManuallyExcludedPerUniverse,Death&#xD;
        2017-12-25 D SmallPrice,UnderlyingStockNotInMembers,Birth&#xD;
        2017-12-28 A ManuallyExcludedPerUniverse&#xD;
        2017-12-30 D Birth,NotInUniverse,ExchangeSegmentCode&#xD;
        2017-12-31 A NotInUniverse&#xD;
    QTG_MembersHistoric:&#xD;
        2008-08-27 A ExchangeSegmentCode,UnderlyingStockMembershipPresence,NotInUniverse&#xD;
&#xD;
Running: Test case with seed 49&#xD;
    QTG_MembersHistoricLastValidDate: 2019-12-13&#xD;
    QTG_MembersIdeal:&#xD;
        None&#xD;
    QTG_MembersHistoric:&#xD;
        None</StdOut></Output></UnitTestResult><UnitTestResult executionId="dcf3e0df-0d73-46fb-9e69-a4d08925a20b" testId="1dc8a808-9f1f-4b01-87f2-1038fe2eeb35" testName="TestExcludeIfUnderlyingFuture_ApprovedForTrading_SetToFalse_ButAlreadyInUniverse" computerName="CZWWILLIAMRO1" duration="00:00:00.0070000" startTime="2018-10-19T16:42:02.0000000+01:00" endTime="2018-10-19T16:42:02.0000000+01:00" testType="13cdc9d9-ddb5-4fa4-a97d-d965ccfc6d4b" outcome="Passed" testListId="8c84fa94-04c1-424b-9868-57a2d4851a1d" relativeResultsDirectory="dcf3e0df-0d73-46fb-9e69-a4d08925a20b" /><UnitTestResult executionId="bf428713-d400-4112-8cf0-df5475c6429e" testId="5683d366-aeb6-40d5-85a2-2c17c4bbd624" testName="TestFilterFor_FilteredUniverseIds" computerName="CZWWILLIAMRO1" duration="00:00:00.1160000" startTime="2018-10-19T16:42:16.0000000+01:00" endTime="2018-10-19T16:42:16.0000000+01:00" testType="13cdc9d9-ddb5-4fa4-a97d-d965ccfc6d4b" outcome="Passed" testListId="8c84fa94-04c1-424b-9868-57a2d4851a1d" relativeResultsDirectory="bf428713-d400-4112-8cf0-df5475c6429e" /><UnitTestResult executionId="bcb7ad69-3491-4b48-b4ca-433274838b1c" testId="666dbed4-d24c-4db0-a9e0-cad21e5d135a" testName="TestRemoveDead_BeforeStart" computerName="CZWWILLIAMRO1" duration="00:00:00.0050000" startTime="2018-10-19T16:42:01.0000000+01:00" endTime="2018-10-19T16:42:01.0000000+01:00" testType="13cdc9d9-ddb5-4fa4-a97d-d965ccfc6d4b" outcome="Passed" testListId="8c84fa94-04c1-424b-9868-57a2d4851a1d" relativeResultsDirectory="bcb7ad69-3491-4b48-b4ca-433274838b1c" /><UnitTestResult executionId="940d961f-453e-4f65-a1ae-be6c84d35f66" testId="8cab46ce-7de8-482e-b3a8-cd23efea6a50" testName="TestUnion_SecondIncluded" computerName="CZWWILLIAMRO1" duration="00:00:00.0030000" startTime="2018-10-19T16:42:36.0000000+01:00" endTime="2018-10-19T16:42:36.0000000+01:00" testType="13cdc9d9-ddb5-4fa4-a97d-d965ccfc6d4b" outcome="Passed" testListId="8c84fa94-04c1-424b-9868-57a2d4851a1d" relativeResultsDirectory="940d961f-453e-4f65-a1ae-be6c84d35f66" /><UnitTestResult executionId="4b300066-b799-4344-a452-9dc6da5c4044" testId="7a88f744-3284-48d0-9c1d-aa4e238f56f0" testName="TestMembersReasonsForExecutionReader" computerName="CZWWILLIAMRO1" duration="00:00:00.0240000" startTime="2018-10-19T16:43:36.0000000+01:00" endTime="2018-10-19T16:43:36.0000000+01:00" testType="13cdc9d9-ddb5-4fa4-a97d-d965ccfc6d4b" outcome="Passed" testListId="8c84fa94-04c1-424b-9868-57a2d4851a1d" relativeResultsDirectory="4b300066-b799-4344-a452-9dc6da5c4044" /><UnitTestResult executionId="71d72459-0d5b-4b54-b56e-6594ab53e882" testId="4a3766d2-990c-4dba-869d-f531b4d03930" testName="TestBetweenToAboveThreshold" computerName="CZWWILLIAMRO1" duration="00:00:00.0000001" startTime="2018-10-19T16:42:04.0000000+01:00" endTime="2018-10-19T16:42:04.0000000+01:00" testType="13cdc9d9-ddb5-4fa4-a97d-d965ccfc6d4b" outcome="Passed" testListId="8c84fa94-04c1-424b-9868-57a2d4851a1d" relativeResultsDirectory="71d72459-0d5b-4b54-b56e-6594ab53e882" /><UnitTestResult executionId="252efb10-42f5-4fb5-a403-7eb2f2b6ed08" testId="c027d618-1a35-4d1b-b4ab-bd811dfe5e4b" testName="TestViewBoundaries" computerName="CZWWILLIAMRO1" duration="00:00:00.0010000" startTime="2018-10-19T16:42:36.0000000+01:00" endTime="2018-10-19T16:42:36.0000000+01:00" testType="13cdc9d9-ddb5-4fa4-a97d-d965ccfc6d4b" outcome="Passed" testListId="8c84fa94-04c1-424b-9868-57a2d4851a1d" relativeResultsDirectory="252efb10-42f5-4fb5-a403-7eb2f2b6ed08" /><UnitTestResult executionId="16c51b21-27f2-4ba2-a370-090b404d246a" testId="2300d168-5636-4a9f-baac-c5b486f63594" testName="TestDateForPropagation_Before_NotFallBackToMin" computerName="CZWWILLIAMRO1" duration="00:00:00.0000001" startTime="2018-10-19T16:42:36.0000000+01:00" endTime="2018-10-19T16:42:36.0000000+01:00" testType="13cdc9d9-ddb5-4fa4-a97d-d965ccfc6d4b" outcome="Passed" testListId="8c84fa94-04c1-424b-9868-57a2d4851a1d" relativeResultsDirectory="16c51b21-27f2-4ba2-a370-090b404d246a" /><UnitTestResult executionId="ae846e99-732d-40a3-bd1d-9781292c21c3" testId="22cfe367-4721-46c0-99e3-f9942077036e" testName="TestCreateAuxiliaryMembers_SingleFutureContract" computerName="CZWWILLIAMRO1" duration="00:00:00.0090000" startTime="2018-10-19T16:42:45.0000000+01:00" endTime="2018-10-19T16:42:45.0000000+01:00" testType="13cdc9d9-ddb5-4fa4-a97d-d965ccfc6d4b" outcome="Passed" testListId="8c84fa94-04c1-424b-9868-57a2d4851a1d" relativeResultsDirectory="ae846e99-732d-40a3-bd1d-9781292c21c3" /><UnitTestResult executionId="f16b7775-1324-4520-b82e-a7c0a8a40b93" testId="b6efbd4c-66cd-480a-b9c3-574b4aa78b31" testName="TestUnionMembership_TimeGap" computerName="CZWWILLIAMRO1" duration="00:00:00.0060000" startTime="2018-10-19T16:42:32.0000000+01:00" endTime="2018-10-19T16:42:32.0000000+01:00" testType="13cdc9d9-ddb5-4fa4-a97d-d965ccfc6d4b" outcome="Passed" testListId="8c84fa94-04c1-424b-9868-57a2d4851a1d" relativeResultsDirectory="f16b7775-1324-4520-b82e-a7c0a8a40b93" /><UnitTestResult executionId="3fcaa613-9afa-4f64-bf71-5c4ab3711486" testId="89545ccc-773c-4b2c-8ed1-c7d5a535187b" testName="TestIsEligibleForRelease_SupersededNotEligible" computerName="CZWWILLIAMRO1" duration="00:00:00.0180000" startTime="2018-10-19T16:42:51.0000000+01:00" endTime="2018-10-19T16:42:51.0000000+01:00" testType="13cdc9d9-ddb5-4fa4-a97d-d965ccfc6d4b" outcome="Passed" testListId="8c84fa94-04c1-424b-9868-57a2d4851a1d" relativeResultsDirectory="3fcaa613-9afa-4f64-bf71-5c4ab3711486" /><UnitTestResult executionId="0928757b-d639-48e5-968f-f8871a552f15" testId="0a302042-e011-489c-8457-57c188822081" testName="TestEnumeration_DateFilter" computerName="CZWWILLIAMRO1" duration="00:00:00.0060000" startTime="2018-10-19T16:43:27.0000000+01:00" endTime="2018-10-19T16:43:27.0000000+01:00" testType="13cdc9d9-ddb5-4fa4-a97d-d965ccfc6d4b" outcome="Passed" testListId="8c84fa94-04c1-424b-9868-57a2d4851a1d" relativeResultsDirectory="0928757b-d639-48e5-968f-f8871a552f15" /><UnitTestResult executionId="e224ca4e-f5e8-4fa8-9798-426394e6807c" testId="9307e14c-8fa1-48e8-abb6-4bfcb5804ced" testName="TestSingleEntry_End" computerName="CZWWILLIAMRO1" duration="00:00:00.0010000" startTime="2018-10-19T16:42:27.0000000+01:00" endTime="2018-10-19T16:42:27.0000000+01:00" testType="13cdc9d9-ddb5-4fa4-a97d-d965ccfc6d4b" outcome="Passed" testListId="8c84fa94-04c1-424b-9868-57a2d4851a1d" relativeResultsDirectory="e224ca4e-f5e8-4fa8-9798-426394e6807c" /><UnitTestResult executionId="4ca7a636-c9e2-41ec-9d4d-af8f415b9957" testId="9465d74e-b713-49cb-b050-e246c3b635cc" testName="TestGenerateMembersHistoric_From2010-01-01_WithMembersIdealAfterExistingMembersHistoricEndDate_WithExistingMembersHistoricEndingWithAnAdd" computerName="CZWWILLIAMRO1" duration="00:00:00.0250000" startTime="2018-10-19T16:43:33.0000000+01:00" endTime="2018-10-19T16:43:33.0000000+01:00" testType="13cdc9d9-ddb5-4fa4-a97d-d965ccfc6d4b" outcome="Passed" testListId="8c84fa94-04c1-424b-9868-57a2d4851a1d" relativeResultsDirectory="4ca7a636-c9e2-41ec-9d4d-af8f415b9957" /><UnitTestResult executionId="2f269015-2dc2-4a2e-a66a-cab36db42c49" testId="464e4b93-6d7e-454c-8d0a-73b02dbde512" testName="TestBetweenToAboveAndThenBetweenThreshold" computerName="CZWWILLIAMRO1" duration="00:00:00.0010000" startTime="2018-10-19T16:42:04.0000000+01:00" endTime="2018-10-19T16:42:04.0000000+01:00" testType="13cdc9d9-ddb5-4fa4-a97d-d965ccfc6d4b" outcome="Passed" testListId="8c84fa94-04c1-424b-9868-57a2d4851a1d" relativeResultsDirectory="2f269015-2dc2-4a2e-a66a-cab36db42c49" /><UnitTestResult executionId="9df54f24-7fb6-40e3-9fc9-85fe641965f4" testId="5c9435d9-2684-4ea6-b280-14141a6b658a" testName="TestGenerateMembersHistoric_From0001-01-01_WithFullMembersIdeal_WithExistingMembersHistoric" computerName="CZWWILLIAMRO1" duration="00:00:00.0340000" startTime="2018-10-19T16:43:32.0000000+01:00" endTime="2018-10-19T16:43:32.0000000+01:00" testType="13cdc9d9-ddb5-4fa4-a97d-d965ccfc6d4b" outcome="Passed" testListId="8c84fa94-04c1-424b-9868-57a2d4851a1d" relativeResultsDirectory="9df54f24-7fb6-40e3-9fc9-85fe641965f4" /><UnitTestResult executionId="407899bd-30d6-4f4f-9df1-122a9da8d920" testId="db83c78a-c93f-4cba-b978-15aae0c2a06a" testName="TestDoNotFilterWhereNo_Future_PresentInName_CaseSensitive" computerName="CZWWILLIAMRO1" duration="00:00:00.0000001" startTime="2018-10-19T16:42:37.0000000+01:00" endTime="2018-10-19T16:42:37.0000000+01:00" testType="13cdc9d9-ddb5-4fa4-a97d-d965ccfc6d4b" outcome="Passed" testListId="8c84fa94-04c1-424b-9868-57a2d4851a1d" relativeResultsDirectory="407899bd-30d6-4f4f-9df1-122a9da8d920" /><UnitTestResult executionId="c8fba614-50ce-4f67-aa3d-6eeaf4de7b7e" testId="8dfa890c-7fb1-4bbf-b3dd-73fce3198631" testName="TestEmailLockedUniverse_Execution" computerName="CZWWILLIAMRO1" duration="00:00:00.0430000" startTime="2018-10-19T16:43:07.0000000+01:00" endTime="2018-10-19T16:43:07.0000000+01:00" testType="13cdc9d9-ddb5-4fa4-a97d-d965ccfc6d4b" outcome="Passed" testListId="8c84fa94-04c1-424b-9868-57a2d4851a1d" relativeResultsDirectory="c8fba614-50ce-4f67-aa3d-6eeaf4de7b7e" /><UnitTestResult executionId="6d2daec1-90ef-4b2f-98fb-4ad4bfda62cb" testId="c7a25860-4734-419e-a723-2b62b18ced1a" testName="TestMergerInTheMiddle" computerName="CZWWILLIAMRO1" duration="00:00:00.0010000" startTime="2018-10-19T16:42:17.0000000+01:00" endTime="2018-10-19T16:42:17.0000000+01:00" testType="13cdc9d9-ddb5-4fa4-a97d-d965ccfc6d4b" outcome="Passed" testListId="8c84fa94-04c1-424b-9868-57a2d4851a1d" relativeResultsDirectory="6d2daec1-90ef-4b2f-98fb-4ad4bfda62cb" /><UnitTestResult executionId="b0b73439-f4ab-4733-985b-2b971f73e7a8" testId="6ae1e88b-37a4-4028-8d00-830b93abda5e" testName="TestNotExcludeIfUnderlyingFuture_ApprovedForTrading_SetToTrue" computerName="CZWWILLIAMRO1" duration="00:00:00.0040000" startTime="2018-10-19T16:42:02.0000000+01:00" endTime="2018-10-19T16:42:02.0000000+01:00" testType="13cdc9d9-ddb5-4fa4-a97d-d965ccfc6d4b" outcome="Passed" testListId="8c84fa94-04c1-424b-9868-57a2d4851a1d" relativeResultsDirectory="b0b73439-f4ab-4733-985b-2b971f73e7a8" /><UnitTestResult executionId="e73eb243-ae56-42f4-b1ec-bcbf5a5dcfa5" testId="2174dcdf-7bfb-4d12-9798-b8d4de6b04a7" testName="TestExtendedInBothDirections" computerName="CZWWILLIAMRO1" duration="00:00:01.0270000" startTime="2018-10-19T16:43:28.0000000+01:00" endTime="2018-10-19T16:43:29.0000000+01:00" testType="13cdc9d9-ddb5-4fa4-a97d-d965ccfc6d4b" outcome="Passed" testListId="8c84fa94-04c1-424b-9868-57a2d4851a1d" relativeResultsDirectory="e73eb243-ae56-42f4-b1ec-bcbf5a5dcfa5" /><UnitTestResult executionId="da46742d-d57f-4cc3-b217-485ae26977e8" testId="1edbf841-88fe-4760-9162-65ffe97e0868" testName="TestPendingAuxiliaryMembers" computerName="CZWWILLIAMRO1" duration="00:00:00.0240000" startTime="2018-10-19T16:43:36.0000000+01:00" endTime="2018-10-19T16:43:36.0000000+01:00" testType="13cdc9d9-ddb5-4fa4-a97d-d965ccfc6d4b" outcome="Passed" testListId="8c84fa94-04c1-424b-9868-57a2d4851a1d" relativeResultsDirectory="da46742d-d57f-4cc3-b217-485ae26977e8" /><UnitTestResult executionId="5b6a3617-c63a-4272-8e77-274ad2a0006d" testId="11908c33-bd01-4102-80bf-7ccf65b4e255" testName="TestInvalidateReleaseAndApprovalStates" computerName="CZWWILLIAMRO1" duration="00:00:00.0220000" startTime="2018-10-19T16:43:36.0000000+01:00" endTime="2018-10-19T16:43:36.0000000+01:00" testType="13cdc9d9-ddb5-4fa4-a97d-d965ccfc6d4b" outcome="Passed" testListId="8c84fa94-04c1-424b-9868-57a2d4851a1d" relativeResultsDirectory="5b6a3617-c63a-4272-8e77-274ad2a0006d" /><UnitTestResult executionId="c4b8b5d5-2ed5-4878-9f98-abdd22524d15" testId="921fa52d-aba4-4141-8e26-35480fe3201a" testName="TestFetchAll_Stock" computerName="CZWWILLIAMRO1" duration="00:00:00.0030000" startTime="2018-10-19T16:43:28.0000000+01:00" endTime="2018-10-19T16:43:28.0000000+01:00" testType="13cdc9d9-ddb5-4fa4-a97d-d965ccfc6d4b" outcome="Passed" testListId="8c84fa94-04c1-424b-9868-57a2d4851a1d" relativeResultsDirectory="c4b8b5d5-2ed5-4878-9f98-abdd22524d15" /><UnitTestResult executionId="50018f18-3322-4d95-afef-684c6e78f118" testId="a0d0449c-ad58-48ca-91fc-9aa20e21055c" testName="TestNoExchanges" computerName="CZWWILLIAMRO1" duration="00:00:00.0030000" startTime="2018-10-19T16:43:39.0000000+01:00" endTime="2018-10-19T16:43:39.0000000+01:00" testType="13cdc9d9-ddb5-4fa4-a97d-d965ccfc6d4b" outcome="Passed" testListId="8c84fa94-04c1-424b-9868-57a2d4851a1d" relativeResultsDirectory="50018f18-3322-4d95-afef-684c6e78f118" /><UnitTestResult executionId="60ece38a-4c59-46e7-a53a-672c5681a1b2" testId="ec6586ea-ea75-4ec9-81ff-9a43a4c072b9" testName="TestGetLatestExchangeLiquidityThreshold" computerName="CZWWILLIAMRO1" duration="00:00:00.0410000" startTime="2018-10-19T16:43:36.0000000+01:00" endTime="2018-10-19T16:43:36.0000000+01:00" testType="13cdc9d9-ddb5-4fa4-a97d-d965ccfc6d4b" outcome="Passed" testListId="8c84fa94-04c1-424b-9868-57a2d4851a1d" relativeResultsDirectory="60ece38a-4c59-46e7-a53a-672c5681a1b2" /><UnitTestResult executionId="68e5cbf3-5320-42ed-b3d4-9fb346cf8bb0" testId="e1686db8-61f7-4ff2-b717-c124c7105710" testName="TestSendReleaseApprovedEmailIfNeeded_Completed" computerName="CZWWILLIAMRO1" duration="00:00:00.0220000" startTime="2018-10-19T16:41:57.0000000+01:00" endTime="2018-10-19T16:41:57.0000000+01:00" testType="13cdc9d9-ddb5-4fa4-a97d-d965ccfc6d4b" outcome="Passed" testListId="8c84fa94-04c1-424b-9868-57a2d4851a1d" relativeResultsDirectory="68e5cbf3-5320-42ed-b3d4-9fb346cf8bb0" /><UnitTestResult executionId="09da019e-7308-4566-b695-243b5de832c7" testId="8b738cff-e73b-4dbe-99f6-e63d4a9ebb53" testName="TestRelease_FutureContracs" computerName="CZWWILLIAMRO1" duration="00:00:00.1240000" startTime="2018-10-19T16:43:13.0000000+01:00" endTime="2018-10-19T16:43:13.0000000+01:00" testType="13cdc9d9-ddb5-4fa4-a97d-d965ccfc6d4b" outcome="Passed" testListId="8c84fa94-04c1-424b-9868-57a2d4851a1d" relativeResultsDirectory="09da019e-7308-4566-b695-243b5de832c7" /><UnitTestResult executionId="dd270c6e-5388-4421-a994-c6b0c1d2d283" testId="6185c298-1baf-4cac-82b9-e86301a72c80" testName="TestIsGeneratedUniverseActive" computerName="CZWWILLIAMRO1" duration="00:00:00.0220000" startTime="2018-10-19T16:43:36.0000000+01:00" endTime="2018-10-19T16:43:36.0000000+01:00" testType="13cdc9d9-ddb5-4fa4-a97d-d965ccfc6d4b" outcome="Passed" testListId="8c84fa94-04c1-424b-9868-57a2d4851a1d" relativeResultsDirectory="dd270c6e-5388-4421-a994-c6b0c1d2d283" /><UnitTestResult executionId="47198cfb-6952-4b9e-9d60-898bf6ff57a8" testId="168af6b6-e3c9-45a7-87ed-70353bb8fba6" testName="TestDoNotRelease_TradingAndNotApproved_Cancelled" computerName="CZWWILLIAMRO1" duration="00:00:00.0150000" startTime="2018-10-19T16:43:13.0000000+01:00" endTime="2018-10-19T16:43:13.0000000+01:00" testType="13cdc9d9-ddb5-4fa4-a97d-d965ccfc6d4b" outcome="Passed" testListId="8c84fa94-04c1-424b-9868-57a2d4851a1d" relativeResultsDirectory="47198cfb-6952-4b9e-9d60-898bf6ff57a8" /><UnitTestResult executionId="b5e6967a-f0c1-40d0-b074-ce9742d980c5" testId="11a3ec77-6085-4637-b3fe-3a4c1996243b" testName="TestNotEligibleForRelease_DoesNothing" computerName="CZWWILLIAMRO1" duration="00:00:00.0220000" startTime="2018-10-19T16:43:07.0000000+01:00" endTime="2018-10-19T16:43:07.0000000+01:00" testType="13cdc9d9-ddb5-4fa4-a97d-d965ccfc6d4b" outcome="Passed" testListId="8c84fa94-04c1-424b-9868-57a2d4851a1d" relativeResultsDirectory="b5e6967a-f0c1-40d0-b074-ce9742d980c5" /><UnitTestResult executionId="183a7f5b-2626-47fd-a669-c95048110c54" testId="0836f7d3-dc34-4f28-9c25-8dbc729aec88" testName="TestIntersection_Included_Gap" computerName="CZWWILLIAMRO1" duration="00:00:00.0030000" startTime="2018-10-19T16:42:36.0000000+01:00" endTime="2018-10-19T16:42:36.0000000+01:00" testType="13cdc9d9-ddb5-4fa4-a97d-d965ccfc6d4b" outcome="Passed" testListId="8c84fa94-04c1-424b-9868-57a2d4851a1d" relativeResultsDirectory="183a7f5b-2626-47fd-a669-c95048110c54" /><UnitTestResult executionId="d2937cbe-b41d-4b54-a617-59e79691ddd0" testId="5d3e55ac-76c7-48ea-937f-883e734c8b83" testName="TestReleaseState_SkipSuperseded" computerName="CZWWILLIAMRO1" duration="00:00:00.0140000" startTime="2018-10-19T16:43:07.0000000+01:00" endTime="2018-10-19T16:43:07.0000000+01:00" testType="13cdc9d9-ddb5-4fa4-a97d-d965ccfc6d4b" outcome="Passed" testListId="8c84fa94-04c1-424b-9868-57a2d4851a1d" relativeResultsDirectory="d2937cbe-b41d-4b54-a617-59e79691ddd0" /><UnitTestResult executionId="e347a459-456c-4788-8439-313a35ef7b3b" testId="b9fc3c8d-0fe7-47b6-9765-e38740382d36" testName="TestCreateFromLiveUniverse" computerName="CZWWILLIAMRO1" duration="00:00:00.0010000" startTime="2018-10-19T16:43:36.0000000+01:00" endTime="2018-10-19T16:43:36.0000000+01:00" testType="13cdc9d9-ddb5-4fa4-a97d-d965ccfc6d4b" outcome="Passed" testListId="8c84fa94-04c1-424b-9868-57a2d4851a1d" relativeResultsDirectory="e347a459-456c-4788-8439-313a35ef7b3b" /><UnitTestResult executionId="e6dd2428-76a0-4e70-a6c6-81f328fc71c0" testId="57d10129-730d-4ecd-9d6b-f7c08853c79e" testName="TestSendReleasedEmailIfNeeded_NoDiffs_WithApproval" computerName="CZWWILLIAMRO1" duration="00:00:00.0200000" startTime="2018-10-19T16:41:57.0000000+01:00" endTime="2018-10-19T16:41:57.0000000+01:00" testType="13cdc9d9-ddb5-4fa4-a97d-d965ccfc6d4b" outcome="Passed" testListId="8c84fa94-04c1-424b-9868-57a2d4851a1d" relativeResultsDirectory="e6dd2428-76a0-4e70-a6c6-81f328fc71c0" /><UnitTestResult executionId="8db332ec-c582-4ba7-9528-2e43c30d72ce" testId="f638ada4-3350-4096-adc6-5e8b616bea83" testName="TestOldKnown" computerName="CZWWILLIAMRO1" duration="00:00:00.0010000" startTime="2018-10-19T16:42:36.0000000+01:00" endTime="2018-10-19T16:42:36.0000000+01:00" testType="13cdc9d9-ddb5-4fa4-a97d-d965ccfc6d4b" outcome="Passed" testListId="8c84fa94-04c1-424b-9868-57a2d4851a1d" relativeResultsDirectory="8db332ec-c582-4ba7-9528-2e43c30d72ce" /><UnitTestResult executionId="670c3a27-5d99-4d72-b4b7-dd949195855c" testId="1e7726ac-fc24-47bf-9ebc-fd88ba84ec10" testName="TestDoNotAddOptionalErrorToApprovalRequests_MissingEntryFromLifetimeHelper_BackOffice" computerName="CZWWILLIAMRO1" duration="00:00:00.0150000" startTime="2018-10-19T16:41:56.0000000+01:00" endTime="2018-10-19T16:41:56.0000000+01:00" testType="13cdc9d9-ddb5-4fa4-a97d-d965ccfc6d4b" outcome="Passed" testListId="8c84fa94-04c1-424b-9868-57a2d4851a1d" relativeResultsDirectory="670c3a27-5d99-4d72-b4b7-dd949195855c" /><UnitTestResult executionId="9312b866-0d87-4ca7-8c18-9d570b47b9ed" testId="a68937a8-d01c-4ec1-890c-9cab202680f0" testName="TestSingleDay" computerName="CZWWILLIAMRO1" duration="00:00:00.0000001" startTime="2018-10-19T16:42:36.0000000+01:00" endTime="2018-10-19T16:42:36.0000000+01:00" testType="13cdc9d9-ddb5-4fa4-a97d-d965ccfc6d4b" outcome="Passed" testListId="8c84fa94-04c1-424b-9868-57a2d4851a1d" relativeResultsDirectory="9312b866-0d87-4ca7-8c18-9d570b47b9ed" /><UnitTestResult executionId="a8e75b75-2ac7-4ac9-81a1-b2869c4f428e" testId="e0909190-2bb7-4970-86e9-07cf61801bed" testName="TestSetDepartmentApprovalState(Execution,Pending)" computerName="CZWWILLIAMRO1" duration="00:00:00.0250000" startTime="2018-10-19T16:42:52.0000000+01:00" endTime="2018-10-19T16:42:52.0000000+01:00" testType="13cdc9d9-ddb5-4fa4-a97d-d965ccfc6d4b" outcome="Passed" testListId="8c84fa94-04c1-424b-9868-57a2d4851a1d" relativeResultsDirectory="a8e75b75-2ac7-4ac9-81a1-b2869c4f428e" /><UnitTestResult executionId="67720359-3975-4c73-b596-3fb6b5e605ca" testId="f827b014-b9df-42c2-85f1-c98b145007c6" testName="TestBelowThreshold" computerName="CZWWILLIAMRO1" duration="00:00:00.0010000" startTime="2018-10-19T16:42:04.0000000+01:00" endTime="2018-10-19T16:42:04.0000000+01:00" testType="13cdc9d9-ddb5-4fa4-a97d-d965ccfc6d4b" outcome="Passed" testListId="8c84fa94-04c1-424b-9868-57a2d4851a1d" relativeResultsDirectory="67720359-3975-4c73-b596-3fb6b5e605ca" /><UnitTestResult executionId="11668369-5f00-45ce-a28e-e734e5f1ebb2" testId="bcf1fed7-9ac4-4baf-83e5-72f45752831a" testName="TestStockInMembers_PropagateInclusionAfterMembersRangeEnd" computerName="CZWWILLIAMRO1" duration="00:00:00.9830000" startTime="2018-10-19T16:42:08.0000000+01:00" endTime="2018-10-19T16:42:09.0000000+01:00" testType="13cdc9d9-ddb5-4fa4-a97d-d965ccfc6d4b" outcome="Passed" testListId="8c84fa94-04c1-424b-9868-57a2d4851a1d" relativeResultsDirectory="11668369-5f00-45ce-a28e-e734e5f1ebb2" /><UnitTestResult executionId="e5114e01-a48b-4a16-b58c-5a3e7e47d33a" testId="8faeb088-5f8e-4545-844f-b6e5ec9db11b" testName="TestIsEligibleForRelease_LiveUniverseIsNotTrading" computerName="CZWWILLIAMRO1" duration="00:00:00.0190000" startTime="2018-10-19T16:42:51.0000000+01:00" endTime="2018-10-19T16:42:51.0000000+01:00" testType="13cdc9d9-ddb5-4fa4-a97d-d965ccfc6d4b" outcome="Passed" testListId="8c84fa94-04c1-424b-9868-57a2d4851a1d" relativeResultsDirectory="e5114e01-a48b-4a16-b58c-5a3e7e47d33a" /><UnitTestResult executionId="4d29f102-2f38-41f0-85c5-5cc8caf12d84" testId="cfcc5e73-de34-4de7-944e-b0fff555a022" testName="TestApprovalStates_Present" computerName="CZWWILLIAMRO1" duration="00:00:00.0360000" startTime="2018-10-19T16:43:35.0000000+01:00" endTime="2018-10-19T16:43:36.0000000+01:00" testType="13cdc9d9-ddb5-4fa4-a97d-d965ccfc6d4b" outcome="Passed" testListId="8c84fa94-04c1-424b-9868-57a2d4851a1d" relativeResultsDirectory="4d29f102-2f38-41f0-85c5-5cc8caf12d84" /><UnitTestResult executionId="b04849f1-2f54-4e4d-9637-888318adbd24" testId="a91c8610-ac0f-426f-8bb3-e2732517fe2a" testName="TestRequestApprovalsIfNeeded_DoNotSend_NotEligibleForRelease_Approved" computerName="CZWWILLIAMRO1" duration="00:00:00.0190000" startTime="2018-10-19T16:41:56.0000000+01:00" endTime="2018-10-19T16:41:56.0000000+01:00" testType="13cdc9d9-ddb5-4fa4-a97d-d965ccfc6d4b" outcome="Passed" testListId="8c84fa94-04c1-424b-9868-57a2d4851a1d" relativeResultsDirectory="b04849f1-2f54-4e4d-9637-888318adbd24" /><UnitTestResult executionId="34a96bf8-7cfc-4105-9dc0-8892ddd16d23" testId="ff544c15-0b85-4f8a-9dd0-2c246009b8e9" testName="TestGenerateMembersHistoric_From2018-01-01_WithFullMembersIdeal_WithEmptyExistingMembersHistoric" computerName="CZWWILLIAMRO1" duration="00:00:00.0210000" startTime="2018-10-19T16:43:33.0000000+01:00" endTime="2018-10-19T16:43:33.0000000+01:00" testType="13cdc9d9-ddb5-4fa4-a97d-d965ccfc6d4b" outcome="Passed" testListId="8c84fa94-04c1-424b-9868-57a2d4851a1d" relativeResultsDirectory="34a96bf8-7cfc-4105-9dc0-8892ddd16d23" /><UnitTestResult executionId="a30144ea-1fea-40a1-94ac-1d94fe717935" testId="0d27e8b2-7022-4141-8426-d72aded66a2e" testName="TestGenerateMembersHistoric_From2018-01-01_WithMembersIdealAfterExistingMembersHistoricEndDate_WithoutExistingMembersHistoric" computerName="CZWWILLIAMRO1" duration="00:00:00.0190000" startTime="2018-10-19T16:43:33.0000000+01:00" endTime="2018-10-19T16:43:33.0000000+01:00" testType="13cdc9d9-ddb5-4fa4-a97d-d965ccfc6d4b" outcome="Passed" testListId="8c84fa94-04c1-424b-9868-57a2d4851a1d" relativeResultsDirectory="a30144ea-1fea-40a1-94ac-1d94fe717935" /><UnitTestResult executionId="86af9343-43cf-46b6-a916-0f3175ccd441" testId="262c8378-2899-4a9a-9b96-3a5928df10a0" testName="TestNullToUnknown" computerName="CZWWILLIAMRO1" duration="00:00:00.0000001" startTime="2018-10-19T16:42:36.0000000+01:00" endTime="2018-10-19T16:42:36.0000000+01:00" testType="13cdc9d9-ddb5-4fa4-a97d-d965ccfc6d4b" outcome="Passed" testListId="8c84fa94-04c1-424b-9868-57a2d4851a1d" relativeResultsDirectory="86af9343-43cf-46b6-a916-0f3175ccd441" /><UnitTestResult executionId="752667bb-f74b-4f8a-a273-1ed1ec74e3e3" testId="48be2330-76e5-4987-a752-2fe40cb93445" testName="TestPriceThresholdAndPerExchangeLiquidityThreshold_ReadFromPending" computerName="CZWWILLIAMRO1" duration="00:00:00.0260000" startTime="2018-10-19T16:43:36.0000000+01:00" endTime="2018-10-19T16:43:36.0000000+01:00" testType="13cdc9d9-ddb5-4fa4-a97d-d965ccfc6d4b" outcome="Passed" testListId="8c84fa94-04c1-424b-9868-57a2d4851a1d" relativeResultsDirectory="752667bb-f74b-4f8a-a273-1ed1ec74e3e3" /><UnitTestResult executionId="e4d77f51-f2f1-4a47-a3ce-2cd8bf83a30b" testId="054bf032-b3c1-4fce-87b5-e535fb95bd3f" testName="TestNoCorpActions" computerName="CZWWILLIAMRO1" duration="00:00:00.0010000" startTime="2018-10-19T16:42:17.0000000+01:00" endTime="2018-10-19T16:42:17.0000000+01:00" testType="13cdc9d9-ddb5-4fa4-a97d-d965ccfc6d4b" outcome="Passed" testListId="8c84fa94-04c1-424b-9868-57a2d4851a1d" relativeResultsDirectory="e4d77f51-f2f1-4a47-a3ce-2cd8bf83a30b" /><UnitTestResult executionId="944d4c9f-2648-4f6e-9fd4-1e062d53234e" testId="5ee51f21-54d9-41de-a759-03c2cf17a3fa" testName="TestGenerateMembersHistoric_From0001-01-01_WithoutMembersIdeal_WithEmptyExistingMembersHistoric" computerName="CZWWILLIAMRO1" duration="00:00:00.0670000" startTime="2018-10-19T16:43:32.0000000+01:00" endTime="2018-10-19T16:43:32.0000000+01:00" testType="13cdc9d9-ddb5-4fa4-a97d-d965ccfc6d4b" outcome="Passed" testListId="8c84fa94-04c1-424b-9868-57a2d4851a1d" relativeResultsDirectory="944d4c9f-2648-4f6e-9fd4-1e062d53234e" /><UnitTestResult executionId="71bbd2d7-caa4-4171-9325-0c470251e44a" testId="aba2a035-3eeb-4982-8783-7fe46075f4fb" testName="TestBackOfficeDepartmentApproval" computerName="CZWWILLIAMRO1" duration="00:00:00.0460000" startTime="2018-10-19T16:43:06.0000000+01:00" endTime="2018-10-19T16:43:06.0000000+01:00" testType="13cdc9d9-ddb5-4fa4-a97d-d965ccfc6d4b" outcome="Passed" testListId="8c84fa94-04c1-424b-9868-57a2d4851a1d" relativeResultsDirectory="71bbd2d7-caa4-4171-9325-0c470251e44a" /><UnitTestResult executionId="3d67177a-bb59-4897-bda6-658a5aba37db" testId="601a9073-8d23-4e46-a64a-eb99baf095d5" testName="TestNextReleaseDate_AlwaysReturnsFirstOfCurrentMonth" computerName="CZWWILLIAMRO1" duration="00:00:00.0090000" startTime="2018-10-19T16:43:14.0000000+01:00" endTime="2018-10-19T16:43:14.0000000+01:00" testType="13cdc9d9-ddb5-4fa4-a97d-d965ccfc6d4b" outcome="Passed" testListId="8c84fa94-04c1-424b-9868-57a2d4851a1d" relativeResultsDirectory="3d67177a-bb59-4897-bda6-658a5aba37db" /><UnitTestResult executionId="bb35b449-9811-4508-afa1-c83d4df0bedd" testId="2af47566-b2ab-4329-b097-c3dd5c58bb4d" testName="TestOnlyExistingIncluded_ExistingMembersToDate" computerName="CZWWILLIAMRO1" duration="00:00:00.0020000" startTime="2018-10-19T16:42:49.0000000+01:00" endTime="2018-10-19T16:42:49.0000000+01:00" testType="13cdc9d9-ddb5-4fa4-a97d-d965ccfc6d4b" outcome="Passed" testListId="8c84fa94-04c1-424b-9868-57a2d4851a1d" relativeResultsDirectory="bb35b449-9811-4508-afa1-c83d4df0bedd" /><UnitTestResult executionId="53403e67-b2ca-434f-a393-ba19d01d6bd9" testId="965e6e36-6a8f-40eb-932e-42b4ebfabbf3" testName="TestRealIncludedBefore_AndIdealIncludedBeyond" computerName="CZWWILLIAMRO1" duration="00:00:00.0590000" startTime="2018-10-19T16:43:16.0000000+01:00" endTime="2018-10-19T16:43:16.0000000+01:00" testType="13cdc9d9-ddb5-4fa4-a97d-d965ccfc6d4b" outcome="Passed" testListId="8c84fa94-04c1-424b-9868-57a2d4851a1d" relativeResultsDirectory="53403e67-b2ca-434f-a393-ba19d01d6bd9" /><UnitTestResult executionId="58ab4dba-e55e-42a6-9568-a60a9fe6fa68" testId="cb81366a-7a1e-41b4-8445-49ef1b24e43c" testName="TestExcludeWhereNoFutureMapsFutureContract" computerName="CZWWILLIAMRO1" duration="00:00:00.0210000" startTime="2018-10-19T16:42:29.0000000+01:00" endTime="2018-10-19T16:42:29.0000000+01:00" testType="13cdc9d9-ddb5-4fa4-a97d-d965ccfc6d4b" outcome="Passed" testListId="8c84fa94-04c1-424b-9868-57a2d4851a1d" relativeResultsDirectory="58ab4dba-e55e-42a6-9568-a60a9fe6fa68" /><UnitTestResult executionId="14ee59af-71a0-4723-a567-be394ab593bc" testId="f656f89c-7449-4450-9414-2a21d5d58339" testName="TestOverIncludedThreshold" computerName="CZWWILLIAMRO1" duration="00:00:00.0010000" startTime="2018-10-19T16:42:01.0000000+01:00" endTime="2018-10-19T16:42:01.0000000+01:00" testType="13cdc9d9-ddb5-4fa4-a97d-d965ccfc6d4b" outcome="Passed" testListId="8c84fa94-04c1-424b-9868-57a2d4851a1d" relativeResultsDirectory="14ee59af-71a0-4723-a567-be394ab593bc" /><UnitTestResult executionId="3d536e7d-07cf-4470-87a9-2a0de07eeda5" testId="693a7b7d-9a39-40d4-a594-1a4efae69b3c" testName="TestRemoveDead_WithExpiryDateTimeBeforeSpecifiedThreshold_OnlyCountValidDays" computerName="CZWWILLIAMRO1" duration="00:00:00.0110000" startTime="2018-10-19T16:42:01.0000000+01:00" endTime="2018-10-19T16:42:01.0000000+01:00" testType="13cdc9d9-ddb5-4fa4-a97d-d965ccfc6d4b" outcome="Passed" testListId="8c84fa94-04c1-424b-9868-57a2d4851a1d" relativeResultsDirectory="3d536e7d-07cf-4470-87a9-2a0de07eeda5" /><UnitTestResult executionId="bb687bb8-3e7e-4592-a04d-645ff513b2da" testId="7af3a4cb-eabc-4430-996c-c791d444e503" testName="TestSyncUniverse_SyncAllMembers" computerName="CZWWILLIAMRO1" duration="00:00:00.0540000" startTime="2018-10-19T16:43:15.0000000+01:00" endTime="2018-10-19T16:43:15.0000000+01:00" testType="13cdc9d9-ddb5-4fa4-a97d-d965ccfc6d4b" outcome="Passed" testListId="8c84fa94-04c1-424b-9868-57a2d4851a1d" relativeResultsDirectory="bb687bb8-3e7e-4592-a04d-645ff513b2da" /><UnitTestResult executionId="f3aca462-4209-42e8-bd10-95be167a2128" testId="3c71789e-be9f-4d48-b3f4-c6e17df7bc62" testName="TestGenerateMembersHistoric_From2010-01-01_WithEmptyMembersIdeal_WithoutExistingMembersHistoric" computerName="CZWWILLIAMRO1" duration="00:00:00.0170000" startTime="2018-10-19T16:43:33.0000000+01:00" endTime="2018-10-19T16:43:33.0000000+01:00" testType="13cdc9d9-ddb5-4fa4-a97d-d965ccfc6d4b" outcome="Passed" testListId="8c84fa94-04c1-424b-9868-57a2d4851a1d" relativeResultsDirectory="f3aca462-4209-42e8-bd10-95be167a2128" /><UnitTestResult executionId="21071154-7185-4cfb-995d-010a2f570d49" testId="4c8c36eb-8e3e-48f5-a190-69339cb66f5f" testName="TestGenerateMembersHistoric_From0001-01-01_WithEmptyMembersIdeal_WithExistingMembersHistoricEndingWithAnAdd" computerName="CZWWILLIAMRO1" duration="00:00:00.0200000" startTime="2018-10-19T16:43:32.0000000+01:00" endTime="2018-10-19T16:43:32.0000000+01:00" testType="13cdc9d9-ddb5-4fa4-a97d-d965ccfc6d4b" outcome="Passed" testListId="8c84fa94-04c1-424b-9868-57a2d4851a1d" relativeResultsDirectory="21071154-7185-4cfb-995d-010a2f570d49" /><UnitTestResult executionId="6d427c2a-2a2c-4eae-b132-187ffd54bdab" testId="333dc50d-b277-4dab-9f51-cd71065abd18" testName="TestSyncEmptyMembers" computerName="CZWWILLIAMRO1" duration="00:00:00.0830000" startTime="2018-10-19T16:43:11.0000000+01:00" endTime="2018-10-19T16:43:11.0000000+01:00" testType="13cdc9d9-ddb5-4fa4-a97d-d965ccfc6d4b" outcome="Passed" testListId="8c84fa94-04c1-424b-9868-57a2d4851a1d" relativeResultsDirectory="6d427c2a-2a2c-4eae-b132-187ffd54bdab" /><UnitTestResult executionId="40fc4001-2246-45cf-a9a8-e0226c305dae" testId="7bc0b958-81fe-471c-bf37-3c7daae8a431" testName="TestNoDiffs_AllEmpty" computerName="CZWWILLIAMRO1" duration="00:00:00.1040000" startTime="2018-10-19T16:41:49.0000000+01:00" endTime="2018-10-19T16:41:49.0000000+01:00" testType="13cdc9d9-ddb5-4fa4-a97d-d965ccfc6d4b" outcome="Passed" testListId="8c84fa94-04c1-424b-9868-57a2d4851a1d" relativeResultsDirectory="40fc4001-2246-45cf-a9a8-e0226c305dae" /><UnitTestResult executionId="e24c3891-1b24-4096-b065-b1943e2a185b" testId="eae26870-95a6-49b1-a757-5f8f2ddf59a6" testName="TestFilterFor_FilteredSupportedSegmentCode" computerName="CZWWILLIAMRO1" duration="00:00:00.0190000" startTime="2018-10-19T16:42:16.0000000+01:00" endTime="2018-10-19T16:42:16.0000000+01:00" testType="13cdc9d9-ddb5-4fa4-a97d-d965ccfc6d4b" outcome="Passed" testListId="8c84fa94-04c1-424b-9868-57a2d4851a1d" relativeResultsDirectory="e24c3891-1b24-4096-b065-b1943e2a185b" /><UnitTestResult executionId="010c31d4-773a-4ed9-a261-7a1b419d6a17" testId="810b0f60-6310-471a-b55f-48ab60b470c6" testName="TestFetchStocks_OnlyValidExchanges_AndOnlyValidSecurityTypes_MultipleExchangesAndStocks" computerName="CZWWILLIAMRO1" duration="00:00:00.0210000" startTime="2018-10-19T16:43:39.0000000+01:00" endTime="2018-10-19T16:43:39.0000000+01:00" testType="13cdc9d9-ddb5-4fa4-a97d-d965ccfc6d4b" outcome="Passed" testListId="8c84fa94-04c1-424b-9868-57a2d4851a1d" relativeResultsDirectory="010c31d4-773a-4ed9-a261-7a1b419d6a17" /><UnitTestResult executionId="41f35776-670f-45df-b48b-42877f2ddc7f" testId="27086b75-f399-4f16-b0aa-44dabf781d22" testName="TestInUniverse" computerName="CZWWILLIAMRO1" duration="00:00:00.0060000" startTime="2018-10-19T16:42:25.0000000+01:00" endTime="2018-10-19T16:42:25.0000000+01:00" testType="13cdc9d9-ddb5-4fa4-a97d-d965ccfc6d4b" outcome="Passed" testListId="8c84fa94-04c1-424b-9868-57a2d4851a1d" relativeResultsDirectory="41f35776-670f-45df-b48b-42877f2ddc7f" /><UnitTestResult executionId="9d88ce92-fcec-4ef1-b3e8-cad47dda4b9c" testId="f9f4f90f-4090-4b15-905c-e2d781c6d9c8" testName="TestDoNotAddOptionalErrorToApprovalRequests_MissingEntryFromLifetimeHelper_FinancialDataGroup" computerName="CZWWILLIAMRO1" duration="00:00:00.1460000" startTime="2018-10-19T16:41:56.0000000+01:00" endTime="2018-10-19T16:41:56.0000000+01:00" testType="13cdc9d9-ddb5-4fa4-a97d-d965ccfc6d4b" outcome="Passed" testListId="8c84fa94-04c1-424b-9868-57a2d4851a1d" relativeResultsDirectory="9d88ce92-fcec-4ef1-b3e8-cad47dda4b9c" /><UnitTestResult executionId="df720b5c-55ce-4dd1-8910-6ab54e1abcba" testId="57265b97-d018-45da-8851-5ad11d3f7108" testName="TestMultipleEntries" computerName="CZWWILLIAMRO1" duration="00:00:00.0010000" startTime="2018-10-19T16:42:27.0000000+01:00" endTime="2018-10-19T16:42:27.0000000+01:00" testType="13cdc9d9-ddb5-4fa4-a97d-d965ccfc6d4b" outcome="Passed" testListId="8c84fa94-04c1-424b-9868-57a2d4851a1d" relativeResultsDirectory="df720b5c-55ce-4dd1-8910-6ab54e1abcba" /><UnitTestResult executionId="4568b903-5760-4c93-9aac-466297164e69" testId="20ae9f11-d7ed-4f77-8f34-0868595d5cbe" testName="TestStockWithCurrencyNoExchange" computerName="CZWWILLIAMRO1" duration="00:00:00.0040000" startTime="2018-10-19T16:42:23.0000000+01:00" endTime="2018-10-19T16:42:23.0000000+01:00" testType="13cdc9d9-ddb5-4fa4-a97d-d965ccfc6d4b" outcome="Passed" testListId="8c84fa94-04c1-424b-9868-57a2d4851a1d" relativeResultsDirectory="4568b903-5760-4c93-9aac-466297164e69" /><UnitTestResult executionId="687fcae7-0061-4782-b72b-c8068924190b" testId="f8145003-5723-4bd5-a117-414658dc06c2" testName="TestDoNotSyncUniverse_WhenLocked_AndWithoutForceGenerate" computerName="CZWWILLIAMRO1" duration="00:00:00.0040000" startTime="2018-10-19T16:42:53.0000000+01:00" endTime="2018-10-19T16:42:53.0000000+01:00" testType="13cdc9d9-ddb5-4fa4-a97d-d965ccfc6d4b" outcome="Passed" testListId="8c84fa94-04c1-424b-9868-57a2d4851a1d" relativeResultsDirectory="687fcae7-0061-4782-b72b-c8068924190b" /><UnitTestResult executionId="b3a7336b-6928-4f6a-85a4-654130cd6f58" testId="6ac21f22-4ccd-4b96-87fa-0f2f6fa16726" testName="TestGenerateMembersHistoric_From2018-01-01_WithEmptyMembersIdeal_WithExistingMembersHistoric" computerName="CZWWILLIAMRO1" duration="00:00:00.0220000" startTime="2018-10-19T16:43:33.0000000+01:00" endTime="2018-10-19T16:43:33.0000000+01:00" testType="13cdc9d9-ddb5-4fa4-a97d-d965ccfc6d4b" outcome="Passed" testListId="8c84fa94-04c1-424b-9868-57a2d4851a1d" relativeResultsDirectory="b3a7336b-6928-4f6a-85a4-654130cd6f58" /><UnitTestResult executionId="d6f97950-def3-41dc-b171-7e967ad34194" testId="dd2d2c87-4287-41b7-a496-1563c295df22" testName="TestLoadFuturesDefaultDoesNotFilterForUniverse" computerName="CZWWILLIAMRO1" duration="00:00:00.0230000" startTime="2018-10-19T16:42:43.0000000+01:00" endTime="2018-10-19T16:42:43.0000000+01:00" testType="13cdc9d9-ddb5-4fa4-a97d-d965ccfc6d4b" outcome="Passed" testListId="8c84fa94-04c1-424b-9868-57a2d4851a1d" relativeResultsDirectory="d6f97950-def3-41dc-b171-7e967ad34194" /><UnitTestResult executionId="3b367003-98bc-40f0-a16a-c889bc01c775" testId="b303cfc9-7b58-4206-a205-47a3f4b18d0e" testName="TestOneEntry" computerName="CZWWILLIAMRO1" duration="00:00:00.0010000" startTime="2018-10-19T16:42:30.0000000+01:00" endTime="2018-10-19T16:42:30.0000000+01:00" testType="13cdc9d9-ddb5-4fa4-a97d-d965ccfc6d4b" outcome="Passed" testListId="8c84fa94-04c1-424b-9868-57a2d4851a1d" relativeResultsDirectory="3b367003-98bc-40f0-a16a-c889bc01c775" /><UnitTestResult executionId="88301baf-3802-4a1f-9c08-467e04bfbeb0" testId="74deaa6b-4ae1-434e-89dc-c79f861909db" testName="TestDoNotRelease_TradingAndNotApproved_Completed" computerName="CZWWILLIAMRO1" duration="00:00:00.0160000" startTime="2018-10-19T16:43:13.0000000+01:00" endTime="2018-10-19T16:43:13.0000000+01:00" testType="13cdc9d9-ddb5-4fa4-a97d-d965ccfc6d4b" outcome="Passed" testListId="8c84fa94-04c1-424b-9868-57a2d4851a1d" relativeResultsDirectory="88301baf-3802-4a1f-9c08-467e04bfbeb0" /><UnitTestResult executionId="663b01ea-4d7a-484d-ba05-0d3885016d25" testId="3ad84eba-1832-4b14-b6fa-161d17d11cea" testName="TestHitRatioMixedThreshold" computerName="CZWWILLIAMRO1" duration="00:00:00.0030000" startTime="2018-10-19T16:42:07.0000000+01:00" endTime="2018-10-19T16:42:07.0000000+01:00" testType="13cdc9d9-ddb5-4fa4-a97d-d965ccfc6d4b" outcome="Passed" testListId="8c84fa94-04c1-424b-9868-57a2d4851a1d" relativeResultsDirectory="663b01ea-4d7a-484d-ba05-0d3885016d25" /><UnitTestResult executionId="001a2056-875a-4bd8-b351-fb83eeebac52" testId="b8ef9817-ba52-4f84-b9bf-891d9d2b7167" testName="TestRoundTripConversion" computerName="CZWWILLIAMRO1" duration="00:00:00.0010000" startTime="2018-10-19T16:42:36.0000000+01:00" endTime="2018-10-19T16:42:36.0000000+01:00" testType="13cdc9d9-ddb5-4fa4-a97d-d965ccfc6d4b" outcome="Passed" testListId="8c84fa94-04c1-424b-9868-57a2d4851a1d" relativeResultsDirectory="001a2056-875a-4bd8-b351-fb83eeebac52" /><UnitTestResult executionId="b481856b-cb14-4415-8513-0311eb761a0a" testId="211760d2-aaef-4c4e-b108-39077e432290" testName="TestGenerateMembersHistoric_From0001-01-01_WithMembersIdealAfterExistingMembersHistoricEndDate_WithExistingMembersHistoricEndingWithAnAdd" computerName="CZWWILLIAMRO1" duration="00:00:00.0240000" startTime="2018-10-19T16:43:32.0000000+01:00" endTime="2018-10-19T16:43:32.0000000+01:00" testType="13cdc9d9-ddb5-4fa4-a97d-d965ccfc6d4b" outcome="Passed" testListId="8c84fa94-04c1-424b-9868-57a2d4851a1d" relativeResultsDirectory="b481856b-cb14-4415-8513-0311eb761a0a" /><UnitTestResult executionId="fff6279b-2cef-4e7d-b588-8f000ef8a8f8" testId="d0ad7a07-7149-4ed6-95c2-b0d3d00ae321" testName="TestFilterCompletely_ExcludedSegmentCode" computerName="CZWWILLIAMRO1" duration="00:00:00.0180000" startTime="2018-10-19T16:42:16.0000000+01:00" endTime="2018-10-19T16:42:16.0000000+01:00" testType="13cdc9d9-ddb5-4fa4-a97d-d965ccfc6d4b" outcome="Passed" testListId="8c84fa94-04c1-424b-9868-57a2d4851a1d" relativeResultsDirectory="fff6279b-2cef-4e7d-b588-8f000ef8a8f8" /><UnitTestResult executionId="2d6d97dc-1e8e-45d2-9521-1c6a58179709" testId="73887bda-569b-4589-ad04-7c761cb22055" testName="TestRealIncludedBefore" computerName="CZWWILLIAMRO1" duration="00:00:00.0520000" startTime="2018-10-19T16:43:16.0000000+01:00" endTime="2018-10-19T16:43:16.0000000+01:00" testType="13cdc9d9-ddb5-4fa4-a97d-d965ccfc6d4b" outcome="Passed" testListId="8c84fa94-04c1-424b-9868-57a2d4851a1d" relativeResultsDirectory="2d6d97dc-1e8e-45d2-9521-1c6a58179709" /><UnitTestResult executionId="dd118e69-bad6-4b5b-822f-8c084425d796" testId="7a81181a-e74f-4eab-ae51-b138cd7aa26e" testName="TestSecondNotInUniverse" computerName="CZWWILLIAMRO1" duration="00:00:00.0060000" startTime="2018-10-19T16:42:36.0000000+01:00" endTime="2018-10-19T16:42:36.0000000+01:00" testType="13cdc9d9-ddb5-4fa4-a97d-d965ccfc6d4b" outcome="Passed" testListId="8c84fa94-04c1-424b-9868-57a2d4851a1d" relativeResultsDirectory="dd118e69-bad6-4b5b-822f-8c084425d796" /><UnitTestResult executionId="d4cdb689-cfc0-4312-8059-11a25a858216" testId="8bf438b6-b023-455c-81ff-ca476a6f40ee" testName="TestExcludedHalfWayThrough_AndIdealIncludedBeyond" computerName="CZWWILLIAMRO1" duration="00:00:00.0550000" startTime="2018-10-19T16:43:16.0000000+01:00" endTime="2018-10-19T16:43:16.0000000+01:00" testType="13cdc9d9-ddb5-4fa4-a97d-d965ccfc6d4b" outcome="Passed" testListId="8c84fa94-04c1-424b-9868-57a2d4851a1d" relativeResultsDirectory="d4cdb689-cfc0-4312-8059-11a25a858216" /><UnitTestResult executionId="c4aaa7ab-297f-478c-b622-9e7350c51be7" testId="39c5871c-5596-4c78-ba59-a1c2240eccc5" testName="TestMean" computerName="CZWWILLIAMRO1" duration="00:00:00.0010000" startTime="2018-10-19T16:42:07.0000000+01:00" endTime="2018-10-19T16:42:07.0000000+01:00" testType="13cdc9d9-ddb5-4fa4-a97d-d965ccfc6d4b" outcome="Passed" testListId="8c84fa94-04c1-424b-9868-57a2d4851a1d" relativeResultsDirectory="c4aaa7ab-297f-478c-b622-9e7350c51be7" /><UnitTestResult executionId="ffc3ebbd-dffd-44dd-ad0f-f138563fda9d" testId="f0362fa8-a33d-4756-a73d-6ce25f5fc782" testName="TestGenerateMembersHistoric_From2010-01-01_WithFullMembersIdeal_WithoutExistingMembersHistoric" computerName="CZWWILLIAMRO1" duration="00:00:00.0380000" startTime="2018-10-19T16:43:33.0000000+01:00" endTime="2018-10-19T16:43:33.0000000+01:00" testType="13cdc9d9-ddb5-4fa4-a97d-d965ccfc6d4b" outcome="Passed" testListId="8c84fa94-04c1-424b-9868-57a2d4851a1d" relativeResultsDirectory="ffc3ebbd-dffd-44dd-ad0f-f138563fda9d" /><UnitTestResult executionId="4fe2cbcd-5183-4648-bae2-8cfa9b77808e" testId="42342f27-b762-485b-a0e6-8ea58531ad3f" testName="TestGenerateMembersHistoric_From2018-01-01_WithoutMembersIdeal_WithEmptyExistingMembersHistoric" computerName="CZWWILLIAMRO1" duration="00:00:00.0150000" startTime="2018-10-19T16:43:33.0000000+01:00" endTime="2018-10-19T16:43:33.0000000+01:00" testType="13cdc9d9-ddb5-4fa4-a97d-d965ccfc6d4b" outcome="Passed" testListId="8c84fa94-04c1-424b-9868-57a2d4851a1d" relativeResultsDirectory="4fe2cbcd-5183-4648-bae2-8cfa9b77808e" /><UnitTestResult executionId="b674d924-79d8-4980-8749-b1244bd3b887" testId="c6deae09-22be-4ee8-9a9f-0c4d1f7360c8" testName="TestCopyInclusionsForMember" computerName="CZWWILLIAMRO1" duration="00:00:00.9300000" startTime="2018-10-19T16:42:33.0000000+01:00" endTime="2018-10-19T16:42:34.0000000+01:00" testType="13cdc9d9-ddb5-4fa4-a97d-d965ccfc6d4b" outcome="Passed" testListId="8c84fa94-04c1-424b-9868-57a2d4851a1d" relativeResultsDirectory="b674d924-79d8-4980-8749-b1244bd3b887" /><UnitTestResult executionId="bc929fc3-8500-4633-ba27-58794e819497" testId="95f9ac83-b097-47a5-bdb9-490c135ddb8f" testName="TestGenerateMembersHistoric_From2010-01-01_WithMembersIdealAroundExistingMembersHistoricEndDate_WithExistingMembersHistoric" computerName="CZWWILLIAMRO1" duration="00:00:00.0280000" startTime="2018-10-19T16:43:33.0000000+01:00" endTime="2018-10-19T16:43:33.0000000+01:00" testType="13cdc9d9-ddb5-4fa4-a97d-d965ccfc6d4b" outcome="Passed" testListId="8c84fa94-04c1-424b-9868-57a2d4851a1d" relativeResultsDirectory="bc929fc3-8500-4633-ba27-58794e819497" /><UnitTestResult executionId="83f46b69-8e31-4bb7-a64f-72fa3e0042d5" testId="4a8b16b9-3d0c-4b88-9ff3-a3284901d090" testName="TestStockAsUnderlyingType" computerName="CZWWILLIAMRO1" duration="00:00:00.0010000" startTime="2018-10-19T16:42:10.0000000+01:00" endTime="2018-10-19T16:42:10.0000000+01:00" testType="13cdc9d9-ddb5-4fa4-a97d-d965ccfc6d4b" outcome="Passed" testListId="8c84fa94-04c1-424b-9868-57a2d4851a1d" relativeResultsDirectory="83f46b69-8e31-4bb7-a64f-72fa3e0042d5" /><UnitTestResult executionId="07e523b2-1e6d-48c0-9e16-698351209f25" testId="9793c4a9-c2a7-4b8e-adc9-413182ed9e25" testName="TestGenerateMembersHistoric_From2010-01-01_WithFullMembersIdeal_WithEmptyExistingMembersHistoric" computerName="CZWWILLIAMRO1" duration="00:00:00.0230000" startTime="2018-10-19T16:43:33.0000000+01:00" endTime="2018-10-19T16:43:33.0000000+01:00" testType="13cdc9d9-ddb5-4fa4-a97d-d965ccfc6d4b" outcome="Passed" testListId="8c84fa94-04c1-424b-9868-57a2d4851a1d" relativeResultsDirectory="07e523b2-1e6d-48c0-9e16-698351209f25" /><UnitTestResult executionId="c3ceabaa-e529-4a8d-a856-dcabcdd622c9" testId="20435ae7-ca83-49b7-91b8-d3b36d995f0e" testName="TestNoSectorSet" computerName="CZWWILLIAMRO1" duration="00:00:00.0570000" startTime="2018-10-19T16:42:21.0000000+01:00" endTime="2018-10-19T16:42:21.0000000+01:00" testType="13cdc9d9-ddb5-4fa4-a97d-d965ccfc6d4b" outcome="Passed" testListId="8c84fa94-04c1-424b-9868-57a2d4851a1d" relativeResultsDirectory="c3ceabaa-e529-4a8d-a856-dcabcdd622c9" /><UnitTestResult executionId="d92594cc-3e05-4f4b-acbb-a08dd9e99b70" testId="727abca3-a793-4d9b-ab9f-4ceeefdeae0a" testName="TestPropagatedIsIncluded_Excluded" computerName="CZWWILLIAMRO1" duration="00:00:00.0000001" startTime="2018-10-19T16:42:36.0000000+01:00" endTime="2018-10-19T16:42:36.0000000+01:00" testType="13cdc9d9-ddb5-4fa4-a97d-d965ccfc6d4b" outcome="Passed" testListId="8c84fa94-04c1-424b-9868-57a2d4851a1d" relativeResultsDirectory="d92594cc-3e05-4f4b-acbb-a08dd9e99b70" /><UnitTestResult executionId="f7497d2e-74c9-44c4-b4c8-18743fd25227" testId="f59bd971-f2b6-4b16-98a5-a2f288dad17f" testName="TestWriteLiveMembersAndMembersIdeal(False,False)" computerName="CZWWILLIAMRO1" duration="00:00:01.0790000" startTime="2018-10-19T16:43:19.0000000+01:00" endTime="2018-10-19T16:43:20.0000000+01:00" testType="13cdc9d9-ddb5-4fa4-a97d-d965ccfc6d4b" outcome="Passed" testListId="8c84fa94-04c1-424b-9868-57a2d4851a1d" relativeResultsDirectory="f7497d2e-74c9-44c4-b4c8-18743fd25227" /><UnitTestResult executionId="d0bc3785-d5e4-4ca6-ac2c-74ae685e8113" testId="427f3980-18a8-4d45-9555-702f7ebd6e59" testName="TestConsequtiveAddition" computerName="CZWWILLIAMRO1" duration="00:00:00.0040000" startTime="2018-10-19T16:42:36.0000000+01:00" endTime="2018-10-19T16:42:36.0000000+01:00" testType="13cdc9d9-ddb5-4fa4-a97d-d965ccfc6d4b" outcome="Passed" testListId="8c84fa94-04c1-424b-9868-57a2d4851a1d" relativeResultsDirectory="d0bc3785-d5e4-4ca6-ac2c-74ae685e8113" /><UnitTestResult executionId="55d82926-51f9-4540-999a-2e66719a838d" testId="4b15b188-4b34-4b13-98d9-a76922ff8845" testName="TestExcluded" computerName="CZWWILLIAMRO1" duration="00:00:00.9080000" startTime="2018-10-19T16:42:17.0000000+01:00" endTime="2018-10-19T16:42:18.0000000+01:00" testType="13cdc9d9-ddb5-4fa4-a97d-d965ccfc6d4b" outcome="Passed" testListId="8c84fa94-04c1-424b-9868-57a2d4851a1d" relativeResultsDirectory="55d82926-51f9-4540-999a-2e66719a838d" /><UnitTestResult executionId="26895d43-9a70-4f14-8c23-17aa87b90172" testId="4301ff2b-41b6-4b5a-a643-7ef2f09fceb1" testName="NewerCancelled" computerName="CZWWILLIAMRO1" duration="00:00:00.0180000" startTime="2018-10-19T16:42:52.0000000+01:00" endTime="2018-10-19T16:42:52.0000000+01:00" testType="13cdc9d9-ddb5-4fa4-a97d-d965ccfc6d4b" outcome="Passed" testListId="8c84fa94-04c1-424b-9868-57a2d4851a1d" relativeResultsDirectory="26895d43-9a70-4f14-8c23-17aa87b90172" /><UnitTestResult executionId="a1f0777d-1d5f-4d06-a830-f121bf2c6c21" testId="b964dfc4-13a6-436c-bf61-7983de1cd298" testName="TestBeforeExistanceReason_NeverInUniverse" computerName="CZWWILLIAMRO1" duration="00:00:00.9870000" startTime="2018-10-19T16:42:32.0000000+01:00" endTime="2018-10-19T16:42:33.0000000+01:00" testType="13cdc9d9-ddb5-4fa4-a97d-d965ccfc6d4b" outcome="Passed" testListId="8c84fa94-04c1-424b-9868-57a2d4851a1d" relativeResultsDirectory="a1f0777d-1d5f-4d06-a830-f121bf2c6c21" /><UnitTestResult executionId="7d366ab6-9029-4537-96ad-dc09cc1df5ab" testId="4c27e193-73b4-4ed6-bdaf-674be6d48c4e" testName="TestDiff" computerName="CZWWILLIAMRO1" duration="00:00:00.0110000" startTime="2018-10-19T16:42:36.0000000+01:00" endTime="2018-10-19T16:42:36.0000000+01:00" testType="13cdc9d9-ddb5-4fa4-a97d-d965ccfc6d4b" outcome="Passed" testListId="8c84fa94-04c1-424b-9868-57a2d4851a1d" relativeResultsDirectory="7d366ab6-9029-4537-96ad-dc09cc1df5ab" /><UnitTestResult executionId="42dd94a6-0b6a-4d1d-acaa-467084e3ac0c" testId="7dfcb7c2-e8e1-45d4-a474-25526898da11" testName="TestInvalidDay" computerName="CZWWILLIAMRO1" duration="00:00:00.9860000" startTime="2018-10-19T16:42:06.0000000+01:00" endTime="2018-10-19T16:42:07.0000000+01:00" testType="13cdc9d9-ddb5-4fa4-a97d-d965ccfc6d4b" outcome="Passed" testListId="8c84fa94-04c1-424b-9868-57a2d4851a1d" relativeResultsDirectory="42dd94a6-0b6a-4d1d-acaa-467084e3ac0c" /><UnitTestResult executionId="1ac9f650-bc8e-472e-85aa-a6d429b81990" testId="ba9c4334-41cf-4d62-84a9-39e4e247fa76" testName="TestRequestApprovalIfNeeded_VerifyReleaseDate" computerName="CZWWILLIAMRO1" duration="00:00:00.0370000" startTime="2018-10-19T16:41:56.0000000+01:00" endTime="2018-10-19T16:41:56.0000000+01:00" testType="13cdc9d9-ddb5-4fa4-a97d-d965ccfc6d4b" outcome="Passed" testListId="8c84fa94-04c1-424b-9868-57a2d4851a1d" relativeResultsDirectory="1ac9f650-bc8e-472e-85aa-a6d429b81990" /><UnitTestResult executionId="63eb4799-f198-428b-aa71-7da382bc43c9" testId="8475390f-11af-4b1f-9cd7-5aa88eeedbbc" testName="TestExcludedHalfWayThrough_AndRealIncludedBeyond" computerName="CZWWILLIAMRO1" duration="00:00:00.0590000" startTime="2018-10-19T16:43:16.0000000+01:00" endTime="2018-10-19T16:43:16.0000000+01:00" testType="13cdc9d9-ddb5-4fa4-a97d-d965ccfc6d4b" outcome="Passed" testListId="8c84fa94-04c1-424b-9868-57a2d4851a1d" relativeResultsDirectory="63eb4799-f198-428b-aa71-7da382bc43c9" /><UnitTestResult executionId="977b05ca-a50e-4afd-9981-a4b2968f0e78" testId="e976a3b3-837a-4ef8-bbd5-3abdc7ff3b17" testName="TestBucketMonthExclusionFine" computerName="CZWWILLIAMRO1" duration="00:00:00.0010000" startTime="2018-10-19T16:42:36.0000000+01:00" endTime="2018-10-19T16:42:36.0000000+01:00" testType="13cdc9d9-ddb5-4fa4-a97d-d965ccfc6d4b" outcome="Passed" testListId="8c84fa94-04c1-424b-9868-57a2d4851a1d" relativeResultsDirectory="977b05ca-a50e-4afd-9981-a4b2968f0e78" /><UnitTestResult executionId="1c81ac61-d90f-40fd-8a6d-d9b819315327" testId="2c5fe9e6-9dd3-4fd8-85f7-11d95bcb89dd" testName="TestDoNotApplyToEtfUniverse" computerName="CZWWILLIAMRO1" duration="00:00:00.9220000" startTime="2018-10-19T16:42:20.0000000+01:00" endTime="2018-10-19T16:42:21.0000000+01:00" testType="13cdc9d9-ddb5-4fa4-a97d-d965ccfc6d4b" outcome="Passed" testListId="8c84fa94-04c1-424b-9868-57a2d4851a1d" relativeResultsDirectory="1c81ac61-d90f-40fd-8a6d-d9b819315327" /><UnitTestResult executionId="a601f494-8d38-4392-b72a-4b59bbe98685" testId="07b4db57-5c9a-4cac-99a5-4e8dde7688c2" testName="TestStockWithCurrencyExchangeAndCalendar" computerName="CZWWILLIAMRO1" duration="00:00:00.0040000" startTime="2018-10-19T16:42:23.0000000+01:00" endTime="2018-10-19T16:42:23.0000000+01:00" testType="13cdc9d9-ddb5-4fa4-a97d-d965ccfc6d4b" outcome="Passed" testListId="8c84fa94-04c1-424b-9868-57a2d4851a1d" relativeResultsDirectory="a601f494-8d38-4392-b72a-4b59bbe98685" /><UnitTestResult executionId="ffa20c7d-3afa-4593-94b5-62cd15ced88d" testId="3a2d33b1-c4eb-43d9-ae33-58e5ecf0cd33" testName="TestOutThenIn" computerName="CZWWILLIAMRO1" duration="00:00:00.0150000" startTime="2018-10-19T16:42:18.0000000+01:00" endTime="2018-10-19T16:42:18.0000000+01:00" testType="13cdc9d9-ddb5-4fa4-a97d-d965ccfc6d4b" outcome="Passed" testListId="8c84fa94-04c1-424b-9868-57a2d4851a1d" relativeResultsDirectory="ffa20c7d-3afa-4593-94b5-62cd15ced88d" /><UnitTestResult executionId="f9ab800a-3b15-4077-814d-9a53387efe4a" testId="109d4774-47fa-43d8-966d-9588365d1535" testName="TestSyntheticFutures" computerName="CZWWILLIAMRO1" duration="00:00:00.0980000" startTime="2018-10-19T16:41:59.0000000+01:00" endTime="2018-10-19T16:41:59.0000000+01:00" testType="13cdc9d9-ddb5-4fa4-a97d-d965ccfc6d4b" outcome="Passed" testListId="8c84fa94-04c1-424b-9868-57a2d4851a1d" relativeResultsDirectory="f9ab800a-3b15-4077-814d-9a53387efe4a" /><UnitTestResult executionId="416a8a85-dbf4-4d1a-9e2b-20ea9cf04dc4" testId="3d606d4f-4127-4249-9d08-c49933b29826" testName="TestWriteLiveMembersHistoric" computerName="CZWWILLIAMRO1" duration="00:00:00.9570000" startTime="2018-10-19T16:43:20.0000000+01:00" endTime="2018-10-19T16:43:21.0000000+01:00" testType="13cdc9d9-ddb5-4fa4-a97d-d965ccfc6d4b" outcome="Passed" testListId="8c84fa94-04c1-424b-9868-57a2d4851a1d" relativeResultsDirectory="416a8a85-dbf4-4d1a-9e2b-20ea9cf04dc4" /><UnitTestResult executionId="bf420a81-87d0-453f-8a21-5e2e532c4fd2" testId="8c278a5e-9ca6-47c5-aa8d-dd99bdcd6a2c" testName="TestSyntheticFuturesDiff" computerName="CZWWILLIAMRO1" duration="00:00:00.1090000" startTime="2018-10-19T16:43:30.0000000+01:00" endTime="2018-10-19T16:43:30.0000000+01:00" testType="13cdc9d9-ddb5-4fa4-a97d-d965ccfc6d4b" outcome="Passed" testListId="8c84fa94-04c1-424b-9868-57a2d4851a1d" relativeResultsDirectory="bf420a81-87d0-453f-8a21-5e2e532c4fd2" /><UnitTestResult executionId="4445c837-792e-4d4c-9ecd-325c0a8f4efe" testId="7b91121f-b710-4f56-ae72-0d9ec8ce8e33" testName="TestSendWithFilteredDifferences" computerName="CZWWILLIAMRO1" duration="00:00:00.1750000" startTime="2018-10-19T16:41:54.0000000+01:00" endTime="2018-10-19T16:41:54.0000000+01:00" testType="13cdc9d9-ddb5-4fa4-a97d-d965ccfc6d4b" outcome="Passed" testListId="8c84fa94-04c1-424b-9868-57a2d4851a1d" relativeResultsDirectory="4445c837-792e-4d4c-9ecd-325c0a8f4efe" /><UnitTestResult executionId="a507eb42-9903-47db-8541-d155c87987ff" testId="941c6c11-e93d-45bb-b82b-b172b131f979" testName="TestBackfillTo_Excluded" computerName="CZWWILLIAMRO1" duration="00:00:00.0020000" startTime="2018-10-19T16:42:36.0000000+01:00" endTime="2018-10-19T16:42:36.0000000+01:00" testType="13cdc9d9-ddb5-4fa4-a97d-d965ccfc6d4b" outcome="Passed" testListId="8c84fa94-04c1-424b-9868-57a2d4851a1d" relativeResultsDirectory="a507eb42-9903-47db-8541-d155c87987ff" /><UnitTestResult executionId="57c346b9-744b-4f4e-ac91-a4cc7bd0c120" testId="daa53b9d-e998-4e97-bdbe-928786bbbbb8" testName="TestGenerateMeans" computerName="CZWWILLIAMRO1" duration="00:00:01.0680000" startTime="2018-10-19T16:42:27.0000000+01:00" endTime="2018-10-19T16:42:28.0000000+01:00" testType="13cdc9d9-ddb5-4fa4-a97d-d965ccfc6d4b" outcome="Passed" testListId="8c84fa94-04c1-424b-9868-57a2d4851a1d" relativeResultsDirectory="57c346b9-744b-4f4e-ac91-a4cc7bd0c120" /><UnitTestResult executionId="4b102530-9881-42ba-9bba-2cbe5e8fa6d9" testId="dfe5c508-dbc8-4156-887e-8b3d1d0bb7b4" testName="TestFromAndTo" computerName="CZWWILLIAMRO1" duration="00:00:00.0010000" startTime="2018-10-19T16:43:27.0000000+01:00" endTime="2018-10-19T16:43:27.0000000+01:00" testType="13cdc9d9-ddb5-4fa4-a97d-d965ccfc6d4b" outcome="Passed" testListId="8c84fa94-04c1-424b-9868-57a2d4851a1d" relativeResultsDirectory="4b102530-9881-42ba-9bba-2cbe5e8fa6d9" /><UnitTestResult executionId="7c4a357d-d8f9-4d1e-bacb-033c221e1b76" testId="64ac21dc-1712-4685-b26b-c1d102f13534" testName="TestNoSync_PretendLockedAndSyncing" computerName="CZWWILLIAMRO1" duration="00:00:00.0030000" startTime="2018-10-19T16:42:53.0000000+01:00" endTime="2018-10-19T16:42:53.0000000+01:00" testType="13cdc9d9-ddb5-4fa4-a97d-d965ccfc6d4b" outcome="Passed" testListId="8c84fa94-04c1-424b-9868-57a2d4851a1d" relativeResultsDirectory="7c4a357d-d8f9-4d1e-bacb-033c221e1b76" /><UnitTestResult executionId="5ad4fc85-53cd-471a-8b1c-a4e9c2ddaf5e" testId="7992da34-bb8a-436b-b3cf-d839d8417b68" testName="TestSyntheticFuturesNoDiff_WhenNotRequireSyntheticFutures" computerName="CZWWILLIAMRO1" duration="00:00:00.0090000" startTime="2018-10-19T16:43:30.0000000+01:00" endTime="2018-10-19T16:43:30.0000000+01:00" testType="13cdc9d9-ddb5-4fa4-a97d-d965ccfc6d4b" outcome="Passed" testListId="8c84fa94-04c1-424b-9868-57a2d4851a1d" relativeResultsDirectory="5ad4fc85-53cd-471a-8b1c-a4e9c2ddaf5e" /><UnitTestResult executionId="8a8b17a8-89aa-41db-a38a-9777420b3429" testId="7328bd8b-4d47-4c29-8dae-7d5946644ab3" testName="TestCreateUniverseEntries_MultipleStocks" computerName="CZWWILLIAMRO1" duration="00:00:00.0010000" startTime="2018-10-19T16:42:36.0000000+01:00" endTime="2018-10-19T16:42:36.0000000+01:00" testType="13cdc9d9-ddb5-4fa4-a97d-d965ccfc6d4b" outcome="Passed" testListId="8c84fa94-04c1-424b-9868-57a2d4851a1d" relativeResultsDirectory="8a8b17a8-89aa-41db-a38a-9777420b3429" /><UnitTestResult executionId="67101a8b-c093-417e-9e92-332c1a1f05cc" testId="f5fc20d7-2cb3-472d-ad48-cb9788e19a0c" testName="TestIntersection_PartiallyExcluded" computerName="CZWWILLIAMRO1" duration="00:00:00.0060000" startTime="2018-10-19T16:42:36.0000000+01:00" endTime="2018-10-19T16:42:36.0000000+01:00" testType="13cdc9d9-ddb5-4fa4-a97d-d965ccfc6d4b" outcome="Passed" testListId="8c84fa94-04c1-424b-9868-57a2d4851a1d" relativeResultsDirectory="67101a8b-c093-417e-9e92-332c1a1f05cc" /><UnitTestResult executionId="32ed0385-5f4c-4f96-b861-ddfa4e3b202f" testId="8bee8f35-e514-4ae6-8df4-909312f767ed" testName="TestMultipleEntries" computerName="CZWWILLIAMRO1" duration="00:00:00.0010000" startTime="2018-10-19T16:42:27.0000000+01:00" endTime="2018-10-19T16:42:27.0000000+01:00" testType="13cdc9d9-ddb5-4fa4-a97d-d965ccfc6d4b" outcome="Passed" testListId="8c84fa94-04c1-424b-9868-57a2d4851a1d" relativeResultsDirectory="32ed0385-5f4c-4f96-b861-ddfa4e3b202f" /><UnitTestResult executionId="71d9a465-328a-4a61-96f1-e28b582d8663" testId="8aef3faf-641e-4107-90de-9b456c9c3a6c" testName="TestNoData" computerName="CZWWILLIAMRO1" duration="00:00:00.0010000" startTime="2018-10-19T16:42:01.0000000+01:00" endTime="2018-10-19T16:42:01.0000000+01:00" testType="13cdc9d9-ddb5-4fa4-a97d-d965ccfc6d4b" outcome="Passed" testListId="8c84fa94-04c1-424b-9868-57a2d4851a1d" relativeResultsDirectory="71d9a465-328a-4a61-96f1-e28b582d8663" /><UnitTestResult executionId="cd5462d8-f6c7-4d45-9e3d-0ae4a4d664ac" testId="1083cd96-88e4-4076-8d37-348de9b42226" testName="TestGetReasonsOnDateOnDate" computerName="CZWWILLIAMRO1" duration="00:00:00.0000001" startTime="2018-10-19T16:42:33.0000000+01:00" endTime="2018-10-19T16:42:33.0000000+01:00" testType="13cdc9d9-ddb5-4fa4-a97d-d965ccfc6d4b" outcome="Passed" testListId="8c84fa94-04c1-424b-9868-57a2d4851a1d" relativeResultsDirectory="cd5462d8-f6c7-4d45-9e3d-0ae4a4d664ac" /><UnitTestResult executionId="cffbb046-8587-4a03-9d3c-cef2111c6df1" testId="97d5604e-180b-4db1-ac22-861998cd28e2" testName="TestExcludeForSixMonthsFromBirth_AfterEnd" computerName="CZWWILLIAMRO1" duration="00:00:01.0120000" startTime="2018-10-19T16:42:11.0000000+01:00" endTime="2018-10-19T16:42:12.0000000+01:00" testType="13cdc9d9-ddb5-4fa4-a97d-d965ccfc6d4b" outcome="Passed" testListId="8c84fa94-04c1-424b-9868-57a2d4851a1d" relativeResultsDirectory="cffbb046-8587-4a03-9d3c-cef2111c6df1" /><UnitTestResult executionId="1c064c96-7f21-4ce1-be7b-6879cf1bf71c" testId="454ef3c6-b1ad-4c75-9daa-47be06122983" testName="TestWriteSyntheticFutures_Multiple" computerName="CZWWILLIAMRO1" duration="00:00:01.0990000" startTime="2018-10-19T16:42:37.0000000+01:00" endTime="2018-10-19T16:42:38.0000000+01:00" testType="13cdc9d9-ddb5-4fa4-a97d-d965ccfc6d4b" outcome="Passed" testListId="8c84fa94-04c1-424b-9868-57a2d4851a1d" relativeResultsDirectory="1c064c96-7f21-4ce1-be7b-6879cf1bf71c" /><UnitTestResult executionId="cba0d6bb-d01a-49a3-89f3-ae789ceea194" testId="6c05a986-bf20-410a-9359-7afbed0197db" testName="TestGetLatestUniverseLiquidityThreshold" computerName="CZWWILLIAMRO1" duration="00:00:00.0230000" startTime="2018-10-19T16:43:36.0000000+01:00" endTime="2018-10-19T16:43:36.0000000+01:00" testType="13cdc9d9-ddb5-4fa4-a97d-d965ccfc6d4b" outcome="Passed" testListId="8c84fa94-04c1-424b-9868-57a2d4851a1d" relativeResultsDirectory="cba0d6bb-d01a-49a3-89f3-ae789ceea194" /><UnitTestResult executionId="e5c28a7c-57f2-472a-8405-370429ff3e07" testId="ee522eae-4309-4def-bcc1-ec11061c7921" testName="TestDoNotApproveWhenNoEntryForExecution" computerName="CZWWILLIAMRO1" duration="00:00:00.0180000" startTime="2018-10-19T16:43:07.0000000+01:00" endTime="2018-10-19T16:43:07.0000000+01:00" testType="13cdc9d9-ddb5-4fa4-a97d-d965ccfc6d4b" outcome="Passed" testListId="8c84fa94-04c1-424b-9868-57a2d4851a1d" relativeResultsDirectory="e5c28a7c-57f2-472a-8405-370429ff3e07" /><UnitTestResult executionId="a96c99c1-f817-41ab-9a76-c664edaa7306" testId="f7dbf4ac-ed40-481d-88e3-cdece90e528b" testName="TestWriteLiveMembersAndMembersIdeal(False,True)" computerName="CZWWILLIAMRO1" duration="00:00:00.9990000" startTime="2018-10-19T16:43:18.0000000+01:00" endTime="2018-10-19T16:43:19.0000000+01:00" testType="13cdc9d9-ddb5-4fa4-a97d-d965ccfc6d4b" outcome="Passed" testListId="8c84fa94-04c1-424b-9868-57a2d4851a1d" relativeResultsDirectory="a96c99c1-f817-41ab-9a76-c664edaa7306" /><UnitTestResult executionId="99026076-f518-43ae-a496-af66c25d2023" testId="f4ce9093-63b0-4869-b483-1afcd49f7f3d" testName="TestDefaults" computerName="CZWWILLIAMRO1" duration="00:00:00.0010000" startTime="2018-10-19T16:42:36.0000000+01:00" endTime="2018-10-19T16:42:36.0000000+01:00" testType="13cdc9d9-ddb5-4fa4-a97d-d965ccfc6d4b" outcome="Passed" testListId="8c84fa94-04c1-424b-9868-57a2d4851a1d" relativeResultsDirectory="99026076-f518-43ae-a496-af66c25d2023" /><UnitTestResult executionId="c197fb9f-d360-41e0-b336-f48915d900d7" testId="c08ca30d-5056-4e33-baad-344ed78521d2" testName="TestBeforeExistanceReason_WithReasonOnDateBase" computerName="CZWWILLIAMRO1" duration="00:00:00.0290000" startTime="2018-10-19T16:42:33.0000000+01:00" endTime="2018-10-19T16:42:33.0000000+01:00" testType="13cdc9d9-ddb5-4fa4-a97d-d965ccfc6d4b" outcome="Passed" testListId="8c84fa94-04c1-424b-9868-57a2d4851a1d" relativeResultsDirectory="c197fb9f-d360-41e0-b336-f48915d900d7" /><UnitTestResult executionId="8b8edaba-b55a-4291-82e1-df3d4134df03" testId="fe7016d8-9822-41cf-bbaf-6737efda9851" testName="TestConjunctionOverlapBothExcluded" computerName="CZWWILLIAMRO1" duration="00:00:00.0000001" startTime="2018-10-19T16:42:36.0000000+01:00" endTime="2018-10-19T16:42:36.0000000+01:00" testType="13cdc9d9-ddb5-4fa4-a97d-d965ccfc6d4b" outcome="Passed" testListId="8c84fa94-04c1-424b-9868-57a2d4851a1d" relativeResultsDirectory="8b8edaba-b55a-4291-82e1-df3d4134df03" /><UnitTestResult executionId="45ecc502-7893-44a7-9bf0-686bd55704eb" testId="15a7c541-5a50-4228-afab-f9f249a06403" testName="TestMultipleSameContracts_NotOverlaping" computerName="CZWWILLIAMRO1" duration="00:00:00.2570000" startTime="2018-10-19T16:42:41.0000000+01:00" endTime="2018-10-19T16:42:41.0000000+01:00" testType="13cdc9d9-ddb5-4fa4-a97d-d965ccfc6d4b" outcome="Passed" testListId="8c84fa94-04c1-424b-9868-57a2d4851a1d" relativeResultsDirectory="45ecc502-7893-44a7-9bf0-686bd55704eb" /><UnitTestResult executionId="1c2efcc6-9f7f-4726-af5c-713ba7c7f4ad" testId="6c3392b4-2363-4043-9126-781e69ef375b" testName="TestGenerateMembersHistoric_From2010-01-01_WithMembersIdealAroundExistingMembersHistoricEndDate_WithEmptyExistingMembersHistoric" computerName="CZWWILLIAMRO1" duration="00:00:00.0280000" startTime="2018-10-19T16:43:33.0000000+01:00" endTime="2018-10-19T16:43:33.0000000+01:00" testType="13cdc9d9-ddb5-4fa4-a97d-d965ccfc6d4b" outcome="Passed" testListId="8c84fa94-04c1-424b-9868-57a2d4851a1d" relativeResultsDirectory="1c2efcc6-9f7f-4726-af5c-713ba7c7f4ad" /><UnitTestResult executionId="54dabb75-fcfc-487a-8619-8d870a8b4632" testId="b8a25c26-ff7c-4b6f-bc41-17b65be34962" testName="TestSendLockedUniverseNotificationIfNeeded_BackOffice" computerName="CZWWILLIAMRO1" duration="00:00:00.0190000" startTime="2018-10-19T16:41:57.0000000+01:00" endTime="2018-10-19T16:41:57.0000000+01:00" testType="13cdc9d9-ddb5-4fa4-a97d-d965ccfc6d4b" outcome="Passed" testListId="8c84fa94-04c1-424b-9868-57a2d4851a1d" relativeResultsDirectory="54dabb75-fcfc-487a-8619-8d870a8b4632" /><UnitTestResult executionId="f2e2cd18-ae1c-43a1-875d-bfb46393acb8" testId="fae6a5e5-41e6-492f-9642-4edd51d6556d" testName="TestSingleEntry_Start_ApplyPriceMultiplier" computerName="CZWWILLIAMRO1" duration="00:00:00.0010000" startTime="2018-10-19T16:42:27.0000000+01:00" endTime="2018-10-19T16:42:27.0000000+01:00" testType="13cdc9d9-ddb5-4fa4-a97d-d965ccfc6d4b" outcome="Passed" testListId="8c84fa94-04c1-424b-9868-57a2d4851a1d" relativeResultsDirectory="f2e2cd18-ae1c-43a1-875d-bfb46393acb8" /><UnitTestResult executionId="625dbff6-0f9d-4c68-98e1-5c8b8842dc34" testId="c6ca44b0-3158-42fb-ac4a-2e6191572fc7" testName="TestGenerateMembersHistoric_From0001-01-01_WithMembersIdealAfterExistingMembersHistoricEndDate_WithExistingMembersHistoric" computerName="CZWWILLIAMRO1" duration="00:00:00.0250000" startTime="2018-10-19T16:43:32.0000000+01:00" endTime="2018-10-19T16:43:32.0000000+01:00" testType="13cdc9d9-ddb5-4fa4-a97d-d965ccfc6d4b" outcome="Passed" testListId="8c84fa94-04c1-424b-9868-57a2d4851a1d" relativeResultsDirectory="625dbff6-0f9d-4c68-98e1-5c8b8842dc34" /><UnitTestResult executionId="a42ec22a-c923-423b-aad9-fbb3e080c6c7" testId="5baa687a-baf0-4e81-9d53-9f823431a050" testName="TestRequestApprovalsIfNeeded_DoNotSend_NotEligibleForRelease_Pending" computerName="CZWWILLIAMRO1" duration="00:00:00.0200000" startTime="2018-10-19T16:41:56.0000000+01:00" endTime="2018-10-19T16:41:56.0000000+01:00" testType="13cdc9d9-ddb5-4fa4-a97d-d965ccfc6d4b" outcome="Passed" testListId="8c84fa94-04c1-424b-9868-57a2d4851a1d" relativeResultsDirectory="a42ec22a-c923-423b-aad9-fbb3e080c6c7" /><UnitTestResult executionId="336f2ed3-0091-4581-9783-0e13ae401133" testId="d32e2a21-efac-40f8-a755-57f7f16d30ef" testName="TestVerifyReleaseState_Completed" computerName="CZWWILLIAMRO1" duration="00:00:00.3830000" startTime="2018-10-19T16:43:08.0000000+01:00" endTime="2018-10-19T16:43:08.0000000+01:00" testType="13cdc9d9-ddb5-4fa4-a97d-d965ccfc6d4b" outcome="Passed" testListId="8c84fa94-04c1-424b-9868-57a2d4851a1d" relativeResultsDirectory="336f2ed3-0091-4581-9783-0e13ae401133" /><UnitTestResult executionId="a5d438f7-6c2d-432e-b20e-615dac9829da" testId="bd53bf74-7fcf-4330-8317-4e8fd75600b3" testName="TestExcludeSaturday" computerName="CZWWILLIAMRO1" duration="00:00:00.0000001" startTime="2018-10-19T16:42:27.0000000+01:00" endTime="2018-10-19T16:42:27.0000000+01:00" testType="13cdc9d9-ddb5-4fa4-a97d-d965ccfc6d4b" outcome="Passed" testListId="8c84fa94-04c1-424b-9868-57a2d4851a1d" relativeResultsDirectory="a5d438f7-6c2d-432e-b20e-615dac9829da" /><UnitTestResult executionId="7e99fc52-192d-4c90-8340-47778c29a810" testId="45165308-09ed-4ce6-bf6c-1abd2159639e" testName="TestExcludedFrom" computerName="CZWWILLIAMRO1" duration="00:00:00.0330000" startTime="2018-10-19T16:42:18.0000000+01:00" endTime="2018-10-19T16:42:18.0000000+01:00" testType="13cdc9d9-ddb5-4fa4-a97d-d965ccfc6d4b" outcome="Passed" testListId="8c84fa94-04c1-424b-9868-57a2d4851a1d" relativeResultsDirectory="7e99fc52-192d-4c90-8340-47778c29a810" /><UnitTestResult executionId="5384e35b-a1df-4419-9046-b36cca16a2c7" testId="df7bd019-95c7-4df4-b399-9c4b2a21a1a6" testName="TestSetDepartmentApprovalState(BackOffice,Requested)" computerName="CZWWILLIAMRO1" duration="00:00:00.0230000" startTime="2018-10-19T16:42:52.0000000+01:00" endTime="2018-10-19T16:42:52.0000000+01:00" testType="13cdc9d9-ddb5-4fa4-a97d-d965ccfc6d4b" outcome="Passed" testListId="8c84fa94-04c1-424b-9868-57a2d4851a1d" relativeResultsDirectory="5384e35b-a1df-4419-9046-b36cca16a2c7" /><UnitTestResult executionId="927524e3-e59f-4b2a-af43-ef4205f46a34" testId="4028db1c-1aef-4d66-9a01-984a7ea868b0" testName="TestQuotedReasons" computerName="CZWWILLIAMRO1" duration="00:00:00.0000001" startTime="2018-10-19T16:42:36.0000000+01:00" endTime="2018-10-19T16:42:36.0000000+01:00" testType="13cdc9d9-ddb5-4fa4-a97d-d965ccfc6d4b" outcome="Passed" testListId="8c84fa94-04c1-424b-9868-57a2d4851a1d" relativeResultsDirectory="927524e3-e59f-4b2a-af43-ef4205f46a34" /><UnitTestResult executionId="91f768f3-1936-4b80-9c1a-ff54c71bdcca" testId="ad4b9d18-ec8b-4203-a855-0b2a2dc84e7b" testName="TestNewKnownReasons" computerName="CZWWILLIAMRO1" duration="00:00:00.0010000" startTime="2018-10-19T16:42:36.0000000+01:00" endTime="2018-10-19T16:42:36.0000000+01:00" testType="13cdc9d9-ddb5-4fa4-a97d-d965ccfc6d4b" outcome="Passed" testListId="8c84fa94-04c1-424b-9868-57a2d4851a1d" relativeResultsDirectory="91f768f3-1936-4b80-9c1a-ff54c71bdcca" /><UnitTestResult executionId="f709edcb-e4c0-47aa-95da-b73701638c10" testId="4f234c85-9e9b-4404-8f20-467dad804c5a" testName="TestDiffsWithReasonsWhenFirstExcluded" computerName="CZWWILLIAMRO1" duration="00:00:00.0100000" startTime="2018-10-19T16:42:36.0000000+01:00" endTime="2018-10-19T16:42:36.0000000+01:00" testType="13cdc9d9-ddb5-4fa4-a97d-d965ccfc6d4b" outcome="Passed" testListId="8c84fa94-04c1-424b-9868-57a2d4851a1d" relativeResultsDirectory="f709edcb-e4c0-47aa-95da-b73701638c10" /><UnitTestResult executionId="17eba1ca-7d50-4583-a297-9a37748d0fd1" testId="dcd4c4ea-46e4-43ba-9d8c-d2e355b34706" testName="TestFetchAll_NoneFound" computerName="CZWWILLIAMRO1" duration="00:00:00.0030000" startTime="2018-10-19T16:43:28.0000000+01:00" endTime="2018-10-19T16:43:28.0000000+01:00" testType="13cdc9d9-ddb5-4fa4-a97d-d965ccfc6d4b" outcome="Passed" testListId="8c84fa94-04c1-424b-9868-57a2d4851a1d" relativeResultsDirectory="17eba1ca-7d50-4583-a297-9a37748d0fd1" /><UnitTestResult executionId="46b0442f-752e-4097-a200-68e0ab7f8445" testId="7da89858-aa60-4c0e-b480-36c0d41de778" testName="TestSendLockedUniverseNotificationIfNeeded_FinancialDataGroup" computerName="CZWWILLIAMRO1" duration="00:00:00.1060000" startTime="2018-10-19T16:41:57.0000000+01:00" endTime="2018-10-19T16:41:57.0000000+01:00" testType="13cdc9d9-ddb5-4fa4-a97d-d965ccfc6d4b" outcome="Passed" testListId="8c84fa94-04c1-424b-9868-57a2d4851a1d" relativeResultsDirectory="46b0442f-752e-4097-a200-68e0ab7f8445" /><UnitTestResult executionId="db17913b-1a06-4c40-8b88-ff51c2c897f2" testId="07f0255e-38fa-4ea4-9555-9b60653eb78b" testName="TestFilterWhereUnderlyingFutureIsMissing" computerName="CZWWILLIAMRO1" duration="00:00:00.0050000" startTime="2018-10-19T16:42:43.0000000+01:00" endTime="2018-10-19T16:42:43.0000000+01:00" testType="13cdc9d9-ddb5-4fa4-a97d-d965ccfc6d4b" outcome="Passed" testListId="8c84fa94-04c1-424b-9868-57a2d4851a1d" relativeResultsDirectory="db17913b-1a06-4c40-8b88-ff51c2c897f2" /><UnitTestResult executionId="4e3e691d-8ec3-4221-9147-2a17186ba49f" testId="daa6473d-be0e-4c0b-b77c-0a5c8fc6f8e2" testName="TestLiveMembers" computerName="CZWWILLIAMRO1" duration="00:00:00.0220000" startTime="2018-10-19T16:43:36.0000000+01:00" endTime="2018-10-19T16:43:36.0000000+01:00" testType="13cdc9d9-ddb5-4fa4-a97d-d965ccfc6d4b" outcome="Passed" testListId="8c84fa94-04c1-424b-9868-57a2d4851a1d" relativeResultsDirectory="4e3e691d-8ec3-4221-9147-2a17186ba49f" /><UnitTestResult executionId="7f444482-1d04-4ac7-bdf8-235ff457c39f" testId="6a3e69c5-d5cb-4695-b720-9d236432e7c7" testName="TestMembers" computerName="CZWWILLIAMRO1" duration="00:00:00.0000001" startTime="2018-10-19T16:43:05.0000000+01:00" endTime="2018-10-19T16:43:05.0000000+01:00" testType="13cdc9d9-ddb5-4fa4-a97d-d965ccfc6d4b" outcome="Passed" testListId="8c84fa94-04c1-424b-9868-57a2d4851a1d" relativeResultsDirectory="7f444482-1d04-4ac7-bdf8-235ff457c39f" /><UnitTestResult executionId="c5c55149-4ef0-46ee-86dd-5ab99830d0b0" testId="31a762b8-2e4d-488b-9656-d8576806c44a" testName="TestMultipleDays" computerName="CZWWILLIAMRO1" duration="00:00:00.0010000" startTime="2018-10-19T16:42:30.0000000+01:00" endTime="2018-10-19T16:42:30.0000000+01:00" testType="13cdc9d9-ddb5-4fa4-a97d-d965ccfc6d4b" outcome="Passed" testListId="8c84fa94-04c1-424b-9868-57a2d4851a1d" relativeResultsDirectory="c5c55149-4ef0-46ee-86dd-5ab99830d0b0" /><UnitTestResult executionId="2ce8d9c7-077d-41da-bde9-ba58ac480803" testId="245d4656-abf4-4978-88b7-6039346650a7" testName="TestRequestApprovalsIfNeeded_DoNotSend_Superseded" computerName="CZWWILLIAMRO1" duration="00:00:00.0310000" startTime="2018-10-19T16:41:57.0000000+01:00" endTime="2018-10-19T16:41:57.0000000+01:00" testType="13cdc9d9-ddb5-4fa4-a97d-d965ccfc6d4b" outcome="Passed" testListId="8c84fa94-04c1-424b-9868-57a2d4851a1d" relativeResultsDirectory="2ce8d9c7-077d-41da-bde9-ba58ac480803" /><UnitTestResult executionId="5ed2fb82-f2c5-4393-9c7f-fd5bdfa4568e" testId="c3f5070b-523c-464a-be99-2a9b1d1d5afe" testName="TestAllIncluded_UniverseBeginTradingBeforeStart" computerName="CZWWILLIAMRO1" duration="00:00:00.0020000" startTime="2018-10-19T16:42:49.0000000+01:00" endTime="2018-10-19T16:42:49.0000000+01:00" testType="13cdc9d9-ddb5-4fa4-a97d-d965ccfc6d4b" outcome="Passed" testListId="8c84fa94-04c1-424b-9868-57a2d4851a1d" relativeResultsDirectory="5ed2fb82-f2c5-4393-9c7f-fd5bdfa4568e" /><UnitTestResult executionId="523df247-dc0f-47d4-a5e5-a7be4910550d" testId="4e468c31-225d-4104-a912-d50a9444719f" testName="TestExtendIfNeeded_Included" computerName="CZWWILLIAMRO1" duration="00:00:00.0010000" startTime="2018-10-19T16:42:36.0000000+01:00" endTime="2018-10-19T16:42:36.0000000+01:00" testType="13cdc9d9-ddb5-4fa4-a97d-d965ccfc6d4b" outcome="Passed" testListId="8c84fa94-04c1-424b-9868-57a2d4851a1d" relativeResultsDirectory="523df247-dc0f-47d4-a5e5-a7be4910550d" /><UnitTestResult executionId="85cf369c-c30e-47ba-93d0-451e234b7c1b" testId="e2d17536-ff4d-46cd-9791-d80070ee7ef1" testName="TestWithIdealPresentFromTodayAndMissingInExisting_NotExistingBefore" computerName="CZWWILLIAMRO1" duration="00:00:00.0010000" startTime="2018-10-19T16:42:32.0000000+01:00" endTime="2018-10-19T16:42:32.0000000+01:00" testType="13cdc9d9-ddb5-4fa4-a97d-d965ccfc6d4b" outcome="Passed" testListId="8c84fa94-04c1-424b-9868-57a2d4851a1d" relativeResultsDirectory="85cf369c-c30e-47ba-93d0-451e234b7c1b" /><UnitTestResult executionId="c98972e4-bdfe-4428-aa09-a10347f0efbc" testId="80cad447-2c80-498d-95e1-3ef8f8f6e19f" testName="TestDoNotSendIfNotFinancialDataGroup(BackOffice)" computerName="CZWWILLIAMRO1" duration="00:00:00.0170000" startTime="2018-10-19T16:41:53.0000000+01:00" endTime="2018-10-19T16:41:53.0000000+01:00" testType="13cdc9d9-ddb5-4fa4-a97d-d965ccfc6d4b" outcome="Passed" testListId="8c84fa94-04c1-424b-9868-57a2d4851a1d" relativeResultsDirectory="c98972e4-bdfe-4428-aa09-a10347f0efbc" /><UnitTestResult executionId="000ba6d0-4d49-4190-82c1-bc83668f9166" testId="41a5c6eb-c3d4-41fd-8607-a6dcbe7d017c" testName="TestRelease_ForNoSync_Cancelled" computerName="CZWWILLIAMRO1" duration="00:00:00.0340000" startTime="2018-10-19T16:43:13.0000000+01:00" endTime="2018-10-19T16:43:13.0000000+01:00" testType="13cdc9d9-ddb5-4fa4-a97d-d965ccfc6d4b" outcome="Passed" testListId="8c84fa94-04c1-424b-9868-57a2d4851a1d" relativeResultsDirectory="000ba6d0-4d49-4190-82c1-bc83668f9166" /><UnitTestResult executionId="3d5cdcce-9c1d-4fd9-b686-0b25e0b488f0" testId="8d51e9c5-e067-4604-93ab-eb3dd05dfaad" testName="TestGenerateMembersHistoric_From0001-01-01_WithMembersIdealOnExistingMembersHistoricEndDate_WithoutExistingMembersHistoric" computerName="CZWWILLIAMRO1" duration="00:00:00.0200000" startTime="2018-10-19T16:43:32.0000000+01:00" endTime="2018-10-19T16:43:32.0000000+01:00" testType="13cdc9d9-ddb5-4fa4-a97d-d965ccfc6d4b" outcome="Passed" testListId="8c84fa94-04c1-424b-9868-57a2d4851a1d" relativeResultsDirectory="3d5cdcce-9c1d-4fd9-b686-0b25e0b488f0" /><UnitTestResult executionId="f04ffe68-8669-4873-b58a-4484acc3360b" testId="9d9654b3-82a4-4ecb-90b7-111d416560d2" testName="TestPriceThresholdAndGlobalLiquidityThreshold_Exchanges" computerName="CZWWILLIAMRO1" duration="00:00:00.0260000" startTime="2018-10-19T16:43:36.0000000+01:00" endTime="2018-10-19T16:43:36.0000000+01:00" testType="13cdc9d9-ddb5-4fa4-a97d-d965ccfc6d4b" outcome="Passed" testListId="8c84fa94-04c1-424b-9868-57a2d4851a1d" relativeResultsDirectory="f04ffe68-8669-4873-b58a-4484acc3360b" /><UnitTestResult executionId="82798c85-bd42-469c-a014-b9f492f3fa9c" testId="0500e4e5-7a1c-407e-8995-bcd52de74f57" testName="TestGenerateMembersHistoric_From0001-01-01_WithEmptyMembersIdeal_WithoutExistingMembersHistoric" computerName="CZWWILLIAMRO1" duration="00:00:00.0150000" startTime="2018-10-19T16:43:32.0000000+01:00" endTime="2018-10-19T16:43:32.0000000+01:00" testType="13cdc9d9-ddb5-4fa4-a97d-d965ccfc6d4b" outcome="Passed" testListId="8c84fa94-04c1-424b-9868-57a2d4851a1d" relativeResultsDirectory="82798c85-bd42-469c-a014-b9f492f3fa9c" /><UnitTestResult executionId="3405ebe0-6926-4770-a3a1-9ddbbbee700e" testId="aa1fdb9c-09fb-4756-8ab8-ddb1f5c30cad" testName="TestFetchAll_BatchLoad" computerName="CZWWILLIAMRO1" duration="00:00:00.8900000" startTime="2018-10-19T16:43:27.0000000+01:00" endTime="2018-10-19T16:43:28.0000000+01:00" testType="13cdc9d9-ddb5-4fa4-a97d-d965ccfc6d4b" outcome="Passed" testListId="8c84fa94-04c1-424b-9868-57a2d4851a1d" relativeResultsDirectory="3405ebe0-6926-4770-a3a1-9ddbbbee700e" /><UnitTestResult executionId="702a15e0-7f81-4d06-b3ad-85a18ca6a085" testId="b0d5c8f1-042f-438a-9633-cf31e3bfbfe1" testName="TestIntersection_CompletelyExcluded" computerName="CZWWILLIAMRO1" duration="00:00:00.0080000" startTime="2018-10-19T16:42:36.0000000+01:00" endTime="2018-10-19T16:42:36.0000000+01:00" testType="13cdc9d9-ddb5-4fa4-a97d-d965ccfc6d4b" outcome="Passed" testListId="8c84fa94-04c1-424b-9868-57a2d4851a1d" relativeResultsDirectory="702a15e0-7f81-4d06-b3ad-85a18ca6a085" /><UnitTestResult executionId="18fc713c-c956-477d-81ac-5f1023a14fac" testId="fc5737fa-d7ec-4414-b1b4-38cd5f59c6b5" testName="TestGenerateMembersHistoric_From0001-01-01_WithFullMembersIdeal_WithEmptyExistingMembersHistoric" computerName="CZWWILLIAMRO1" duration="00:00:00.0270000" startTime="2018-10-19T16:43:32.0000000+01:00" endTime="2018-10-19T16:43:32.0000000+01:00" testType="13cdc9d9-ddb5-4fa4-a97d-d965ccfc6d4b" outcome="Passed" testListId="8c84fa94-04c1-424b-9868-57a2d4851a1d" relativeResultsDirectory="18fc713c-c956-477d-81ac-5f1023a14fac" /><UnitTestResult executionId="cab85812-61ad-4d75-86ac-d476e3e0e384" testId="171ae1b8-b8cb-4125-ab26-18eb89d349f1" testName="TestSingleEntry_Start" computerName="CZWWILLIAMRO1" duration="00:00:00.0010000" startTime="2018-10-19T16:42:27.0000000+01:00" endTime="2018-10-19T16:42:27.0000000+01:00" testType="13cdc9d9-ddb5-4fa4-a97d-d965ccfc6d4b" outcome="Passed" testListId="8c84fa94-04c1-424b-9868-57a2d4851a1d" relativeResultsDirectory="cab85812-61ad-4d75-86ac-d476e3e0e384" /><UnitTestResult executionId="98fb32b8-fd5c-4cb5-819b-2dee8d168b1b" testId="e8ef5b4c-55cf-48e3-9d9b-871730cbee68" testName="TestAddedInTheMiddleFromInvalidExchange" computerName="CZWWILLIAMRO1" duration="00:00:00.0280000" startTime="2018-10-19T16:42:25.0000000+01:00" endTime="2018-10-19T16:42:25.0000000+01:00" testType="13cdc9d9-ddb5-4fa4-a97d-d965ccfc6d4b" outcome="Passed" testListId="8c84fa94-04c1-424b-9868-57a2d4851a1d" relativeResultsDirectory="98fb32b8-fd5c-4cb5-819b-2dee8d168b1b" /><UnitTestResult executionId="fad9d1ac-7275-40f7-9b7f-37bbd3ad1811" testId="86fb9bd6-eefb-42c7-8faa-dc1c2f082cbc" testName="TestSyncUniverse_MembersSyncing" computerName="CZWWILLIAMRO1" duration="00:00:00.0610000" startTime="2018-10-19T16:43:04.0000000+01:00" endTime="2018-10-19T16:43:04.0000000+01:00" testType="13cdc9d9-ddb5-4fa4-a97d-d965ccfc6d4b" outcome="Passed" testListId="8c84fa94-04c1-424b-9868-57a2d4851a1d" relativeResultsDirectory="fad9d1ac-7275-40f7-9b7f-37bbd3ad1811" /><UnitTestResult executionId="7e0f5eea-8b6b-435f-8da1-73caf40735b2" testId="5907d397-6e26-463c-8262-adfb7cb53aed" testName="TestPropagatedExclusionReasons_Included" computerName="CZWWILLIAMRO1" duration="00:00:00.0000001" startTime="2018-10-19T16:42:36.0000000+01:00" endTime="2018-10-19T16:42:36.0000000+01:00" testType="13cdc9d9-ddb5-4fa4-a97d-d965ccfc6d4b" outcome="Passed" testListId="8c84fa94-04c1-424b-9868-57a2d4851a1d" relativeResultsDirectory="7e0f5eea-8b6b-435f-8da1-73caf40735b2" /><UnitTestResult executionId="6b155c62-3b9a-43d8-8c22-21d87afbcdac" testId="330c0c80-9fe3-4c01-91d1-58b98959e58b" testName="TestChangesBeforeTwoYearsAgo" computerName="CZWWILLIAMRO1" duration="00:00:00.0010000" startTime="2018-10-19T16:42:04.0000000+01:00" endTime="2018-10-19T16:42:04.0000000+01:00" testType="13cdc9d9-ddb5-4fa4-a97d-d965ccfc6d4b" outcome="Passed" testListId="8c84fa94-04c1-424b-9868-57a2d4851a1d" relativeResultsDirectory="6b155c62-3b9a-43d8-8c22-21d87afbcdac" /><UnitTestResult executionId="bfcfb020-3a2b-4984-a313-6c5d0da51d17" testId="b4f6906d-4472-4abc-9237-91eb120fb66d" testName="TestMultipleEntries_MinLow" computerName="CZWWILLIAMRO1" duration="00:00:00.0010000" startTime="2018-10-19T16:42:27.0000000+01:00" endTime="2018-10-19T16:42:27.0000000+01:00" testType="13cdc9d9-ddb5-4fa4-a97d-d965ccfc6d4b" outcome="Passed" testListId="8c84fa94-04c1-424b-9868-57a2d4851a1d" relativeResultsDirectory="bfcfb020-3a2b-4984-a313-6c5d0da51d17" /><UnitTestResult executionId="9b93d3ba-845f-4fa6-9633-c5dac6d942d8" testId="305f64fa-2c3b-452f-a88f-3a4d243d8481" testName="TestPendingMembers" computerName="CZWWILLIAMRO1" duration="00:00:00.0010000" startTime="2018-10-19T16:42:50.0000000+01:00" endTime="2018-10-19T16:42:50.0000000+01:00" testType="13cdc9d9-ddb5-4fa4-a97d-d965ccfc6d4b" outcome="Passed" testListId="8c84fa94-04c1-424b-9868-57a2d4851a1d" relativeResultsDirectory="9b93d3ba-845f-4fa6-9633-c5dac6d942d8" /><UnitTestResult executionId="de096740-ac45-4793-9ad2-34eb54ba2aaa" testId="d2fba0ac-afd5-4bf5-9f84-2f4d6a4fb1dc" testName="TestGenerateMeans_NoData" computerName="CZWWILLIAMRO1" duration="00:00:00.0010000" startTime="2018-10-19T16:42:28.0000000+01:00" endTime="2018-10-19T16:42:28.0000000+01:00" testType="13cdc9d9-ddb5-4fa4-a97d-d965ccfc6d4b" outcome="Passed" testListId="8c84fa94-04c1-424b-9868-57a2d4851a1d" relativeResultsDirectory="de096740-ac45-4793-9ad2-34eb54ba2aaa" /><UnitTestResult executionId="b208eeb1-209b-42c2-87c5-cd56dbec631b" testId="7545f688-dc24-472b-bd6c-a95c5e399f77" testName="TestReleaseState_SkipCompleted" computerName="CZWWILLIAMRO1" duration="00:00:00.0150000" startTime="2018-10-19T16:43:07.0000000+01:00" endTime="2018-10-19T16:43:07.0000000+01:00" testType="13cdc9d9-ddb5-4fa4-a97d-d965ccfc6d4b" outcome="Passed" testListId="8c84fa94-04c1-424b-9868-57a2d4851a1d" relativeResultsDirectory="b208eeb1-209b-42c2-87c5-cd56dbec631b" /><UnitTestResult executionId="61b6873d-6f94-4995-bfb8-035a31c8a3eb" testId="16214659-eda3-410b-8e8b-08802ed516e6" testName="TestNoUnapprovedFutures_AllAlreadyPresentInMembersIdeal" computerName="CZWWILLIAMRO1" duration="00:00:00.1520000" startTime="2018-10-19T16:41:52.0000000+01:00" endTime="2018-10-19T16:41:52.0000000+01:00" testType="13cdc9d9-ddb5-4fa4-a97d-d965ccfc6d4b" outcome="Passed" testListId="8c84fa94-04c1-424b-9868-57a2d4851a1d" relativeResultsDirectory="61b6873d-6f94-4995-bfb8-035a31c8a3eb" /><UnitTestResult executionId="413d8ba1-2ceb-452a-a18f-5379ff31a2f6" testId="2c130b44-ab4a-410f-baa1-5213e00fcb44" testName="TestGenerateMembersHistoric_From2018-01-01_WithoutMembersIdeal_WithExistingMembersHistoricEndingWithAnAdd" computerName="CZWWILLIAMRO1" duration="00:00:00.0340000" startTime="2018-10-19T16:43:33.0000000+01:00" endTime="2018-10-19T16:43:33.0000000+01:00" testType="13cdc9d9-ddb5-4fa4-a97d-d965ccfc6d4b" outcome="Passed" testListId="8c84fa94-04c1-424b-9868-57a2d4851a1d" relativeResultsDirectory="413d8ba1-2ceb-452a-a18f-5379ff31a2f6" /><UnitTestResult executionId="018d7518-c40c-448d-98a9-cf4682b5e108" testId="4ca14a90-7294-41aa-b348-5471a96f93a2" testName="TestRequestApprovalsIfNeeded_DoNotSend_NotEligibleForRelease_Cancelled" computerName="CZWWILLIAMRO1" duration="00:00:00.0160000" startTime="2018-10-19T16:41:56.0000000+01:00" endTime="2018-10-19T16:41:56.0000000+01:00" testType="13cdc9d9-ddb5-4fa4-a97d-d965ccfc6d4b" outcome="Passed" testListId="8c84fa94-04c1-424b-9868-57a2d4851a1d" relativeResultsDirectory="018d7518-c40c-448d-98a9-cf4682b5e108" /><UnitTestResult executionId="d234c5cf-f43b-40e5-9280-f374a961f277" testId="bf745f9a-7b02-4d82-8934-628ec5753d47" testName="TestDumpMeans_Basic" computerName="CZWWILLIAMRO1" duration="00:00:00.1080000" startTime="2018-10-19T16:43:31.0000000+01:00" endTime="2018-10-19T16:43:31.0000000+01:00" testType="13cdc9d9-ddb5-4fa4-a97d-d965ccfc6d4b" outcome="Passed" testListId="8c84fa94-04c1-424b-9868-57a2d4851a1d" relativeResultsDirectory="d234c5cf-f43b-40e5-9280-f374a961f277" /><UnitTestResult executionId="73016094-65cb-4f7d-a1aa-4dab90329fef" testId="fe0fe1c4-f735-437d-9df9-27307458f539" testName="TestGenerateMembersHistoric_From2018-01-01_WithMembersIdealAroundExistingMembersHistoricEndDate_WithEmptyExistingMembersHistoric" computerName="CZWWILLIAMRO1" duration="00:00:00.0170000" startTime="2018-10-19T16:43:34.0000000+01:00" endTime="2018-10-19T16:43:34.0000000+01:00" testType="13cdc9d9-ddb5-4fa4-a97d-d965ccfc6d4b" outcome="Passed" testListId="8c84fa94-04c1-424b-9868-57a2d4851a1d" relativeResultsDirectory="73016094-65cb-4f7d-a1aa-4dab90329fef" /><UnitTestResult executionId="4daab7a6-8afb-49fc-886c-00fd67bbf206" testId="04c6ea70-bb1e-4e21-84b0-ebd8ec5ee432" testName="TestEnumerationSimple_SingleElement" computerName="CZWWILLIAMRO1" duration="00:00:00.0000001" startTime="2018-10-19T16:43:27.0000000+01:00" endTime="2018-10-19T16:43:27.0000000+01:00" testType="13cdc9d9-ddb5-4fa4-a97d-d965ccfc6d4b" outcome="Passed" testListId="8c84fa94-04c1-424b-9868-57a2d4851a1d" relativeResultsDirectory="4daab7a6-8afb-49fc-886c-00fd67bbf206" /><UnitTestResult executionId="108c3ecb-1188-43cb-96b2-b55f37809cfa" testId="8c37a851-8fd3-4fc7-bd40-3020881fc5a7" testName="TestEnumerationSimple" computerName="CZWWILLIAMRO1" duration="00:00:00.0000001" startTime="2018-10-19T16:43:27.0000000+01:00" endTime="2018-10-19T16:43:27.0000000+01:00" testType="13cdc9d9-ddb5-4fa4-a97d-d965ccfc6d4b" outcome="Passed" testListId="8c84fa94-04c1-424b-9868-57a2d4851a1d" relativeResultsDirectory="108c3ecb-1188-43cb-96b2-b55f37809cfa" /><UnitTestResult executionId="995709db-0ac0-454c-ad49-80e1592d2ea6" testId="69a5b218-12a2-4893-ad22-fc41a978e063" testName="TestCreateInclusionDates" computerName="CZWWILLIAMRO1" duration="00:00:00.0200000" startTime="2018-10-19T16:42:34.0000000+01:00" endTime="2018-10-19T16:42:34.0000000+01:00" testType="13cdc9d9-ddb5-4fa4-a97d-d965ccfc6d4b" outcome="Passed" testListId="8c84fa94-04c1-424b-9868-57a2d4851a1d" relativeResultsDirectory="995709db-0ac0-454c-ad49-80e1592d2ea6" /><UnitTestResult executionId="5c978bd7-da3f-4b84-9f3a-00ed9ccf8fd5" testId="0b9bdbb9-51d0-4ee7-a2a0-48d367eeb26f" testName="TestPartiallyPresentStock_AfterLatestInclusionDate" computerName="CZWWILLIAMRO1" duration="00:00:00.0080000" startTime="2018-10-19T16:42:35.0000000+01:00" endTime="2018-10-19T16:42:35.0000000+01:00" testType="13cdc9d9-ddb5-4fa4-a97d-d965ccfc6d4b" outcome="Passed" testListId="8c84fa94-04c1-424b-9868-57a2d4851a1d" relativeResultsDirectory="5c978bd7-da3f-4b84-9f3a-00ed9ccf8fd5" /><UnitTestResult executionId="79dbbe26-f060-4a93-9674-f64c91f6cfbf" testId="a0f0e5d6-4388-496f-a8bd-929687032dbf" testName="TestDatesFor" computerName="CZWWILLIAMRO1" duration="00:00:00.0020000" startTime="2018-10-19T16:42:36.0000000+01:00" endTime="2018-10-19T16:42:36.0000000+01:00" testType="13cdc9d9-ddb5-4fa4-a97d-d965ccfc6d4b" outcome="Passed" testListId="8c84fa94-04c1-424b-9868-57a2d4851a1d" relativeResultsDirectory="79dbbe26-f060-4a93-9674-f64c91f6cfbf" /><UnitTestResult executionId="e6f4a9f1-af60-4b64-9055-dacc1b2db07e" testId="83b495a7-fb0e-42fe-b4bf-f7a2b0b15bc6" testName="TestWithMembersIdealOnly_AfterToday" computerName="CZWWILLIAMRO1" duration="00:00:00.0000001" startTime="2018-10-19T16:42:32.0000000+01:00" endTime="2018-10-19T16:42:32.0000000+01:00" testType="13cdc9d9-ddb5-4fa4-a97d-d965ccfc6d4b" outcome="Passed" testListId="8c84fa94-04c1-424b-9868-57a2d4851a1d" relativeResultsDirectory="e6f4a9f1-af60-4b64-9055-dacc1b2db07e" /><UnitTestResult executionId="c892686e-31d2-4610-9230-940b3b4cf768" testId="89771620-6643-436b-a8c8-32befc9f7d28" testName="TestValidExchange" computerName="CZWWILLIAMRO1" duration="00:00:00.0150000" startTime="2018-10-19T16:42:06.0000000+01:00" endTime="2018-10-19T16:42:06.0000000+01:00" testType="13cdc9d9-ddb5-4fa4-a97d-d965ccfc6d4b" outcome="Passed" testListId="8c84fa94-04c1-424b-9868-57a2d4851a1d" relativeResultsDirectory="c892686e-31d2-4610-9230-940b3b4cf768" /><UnitTestResult executionId="2b9b3cbe-ee5d-4427-9f0b-2223c26f48bd" testId="7e4aa86d-0990-437b-8a85-294860123506" testName="TestEnumerableRange_FromAfterTo" computerName="CZWWILLIAMRO1" duration="00:00:00.0000001" startTime="2018-10-19T16:42:36.0000000+01:00" endTime="2018-10-19T16:42:36.0000000+01:00" testType="13cdc9d9-ddb5-4fa4-a97d-d965ccfc6d4b" outcome="Passed" testListId="8c84fa94-04c1-424b-9868-57a2d4851a1d" relativeResultsDirectory="2b9b3cbe-ee5d-4427-9f0b-2223c26f48bd" /><UnitTestResult executionId="90fd5851-9fce-4217-9084-d5c91bc12776" testId="3b5562b7-bd77-46c2-89fd-f55f6dc1eca2" testName="TestDatesFor" computerName="CZWWILLIAMRO1" duration="00:00:00.0030000" startTime="2018-10-19T16:42:36.0000000+01:00" endTime="2018-10-19T16:42:36.0000000+01:00" testType="13cdc9d9-ddb5-4fa4-a97d-d965ccfc6d4b" outcome="Passed" testListId="8c84fa94-04c1-424b-9868-57a2d4851a1d" relativeResultsDirectory="90fd5851-9fce-4217-9084-d5c91bc12776" /><UnitTestResult executionId="581a7e59-bea6-4de3-aea4-e77dd7cd8b77" testId="520a6ea9-ce16-4c52-94e4-0d636fefba3d" testName="TestGenerateMembersHistoric_From0001-01-01_WithEmptyMembersIdeal_WithEmptyExistingMembersHistoric" computerName="CZWWILLIAMRO1" duration="00:00:00.0180000" startTime="2018-10-19T16:43:32.0000000+01:00" endTime="2018-10-19T16:43:32.0000000+01:00" testType="13cdc9d9-ddb5-4fa4-a97d-d965ccfc6d4b" outcome="Passed" testListId="8c84fa94-04c1-424b-9868-57a2d4851a1d" relativeResultsDirectory="581a7e59-bea6-4de3-aea4-e77dd7cd8b77" /><UnitTestResult executionId="ecb3e1dd-cce4-4018-9e88-7d2163182dda" testId="ec4da8fd-c0f3-4fba-a6a3-1a1dc934c4f2" testName="TestSetObjValue_WithNoOpWriter" computerName="CZWWILLIAMRO1" duration="00:00:00.0250000" startTime="2018-10-19T16:43:26.0000000+01:00" endTime="2018-10-19T16:43:26.0000000+01:00" testType="13cdc9d9-ddb5-4fa4-a97d-d965ccfc6d4b" outcome="Passed" testListId="8c84fa94-04c1-424b-9868-57a2d4851a1d" relativeResultsDirectory="ecb3e1dd-cce4-4018-9e88-7d2163182dda" /><UnitTestResult executionId="33150eed-9bcc-4459-bfa5-78fce754a107" testId="6108d734-16bf-41f7-a7ee-d59973bb7eaa" testName="TestSetReleaseState" computerName="CZWWILLIAMRO1" duration="00:00:00.0200000" startTime="2018-10-19T16:42:52.0000000+01:00" endTime="2018-10-19T16:42:52.0000000+01:00" testType="13cdc9d9-ddb5-4fa4-a97d-d965ccfc6d4b" outcome="Passed" testListId="8c84fa94-04c1-424b-9868-57a2d4851a1d" relativeResultsDirectory="33150eed-9bcc-4459-bfa5-78fce754a107" /><UnitTestResult executionId="ac7059f1-484c-43d8-aa8c-db9cca0eaa74" testId="8e7ed41f-2c84-437a-8f7f-0071bf1a4932" testName="TestOnlyExistingIncluded_ExistingEntriesBeyondIdeal" computerName="CZWWILLIAMRO1" duration="00:00:00.0020000" startTime="2018-10-19T16:42:49.0000000+01:00" endTime="2018-10-19T16:42:49.0000000+01:00" testType="13cdc9d9-ddb5-4fa4-a97d-d965ccfc6d4b" outcome="Passed" testListId="8c84fa94-04c1-424b-9868-57a2d4851a1d" relativeResultsDirectory="ac7059f1-484c-43d8-aa8c-db9cca0eaa74" /><UnitTestResult executionId="bd91b747-fadd-4467-b769-a6379abd341f" testId="9539b885-5b52-4cca-8113-44cfc2a99a8f" testName="TestKeepAlive_ButForNotLongInTheFuture" computerName="CZWWILLIAMRO1" duration="00:00:00.0110000" startTime="2018-10-19T16:42:01.0000000+01:00" endTime="2018-10-19T16:42:01.0000000+01:00" testType="13cdc9d9-ddb5-4fa4-a97d-d965ccfc6d4b" outcome="Passed" testListId="8c84fa94-04c1-424b-9868-57a2d4851a1d" relativeResultsDirectory="bd91b747-fadd-4467-b769-a6379abd341f" /><UnitTestResult executionId="bc79894e-557f-410d-ade7-872c3292eff8" testId="3f9d0f94-bd76-4d3e-bc31-e1722fefae76" testName="TestValidFuture_LastEventAnAddInTheFuture" computerName="CZWWILLIAMRO1" duration="00:00:00.2370000" startTime="2018-10-19T16:42:42.0000000+01:00" endTime="2018-10-19T16:42:42.0000000+01:00" testType="13cdc9d9-ddb5-4fa4-a97d-d965ccfc6d4b" outcome="Passed" testListId="8c84fa94-04c1-424b-9868-57a2d4851a1d" relativeResultsDirectory="bc79894e-557f-410d-ade7-872c3292eff8" /><UnitTestResult executionId="eb07a1ab-040e-4475-8461-ba88e1a99c34" testId="d4e66854-6d7c-43f1-b3e5-228b95a76cc9" testName="TestExcludeNegative" computerName="CZWWILLIAMRO1" duration="00:00:00.0040000" startTime="2018-10-19T16:42:27.0000000+01:00" endTime="2018-10-19T16:42:27.0000000+01:00" testType="13cdc9d9-ddb5-4fa4-a97d-d965ccfc6d4b" outcome="Passed" testListId="8c84fa94-04c1-424b-9868-57a2d4851a1d" relativeResultsDirectory="eb07a1ab-040e-4475-8461-ba88e1a99c34" /><UnitTestResult executionId="c2781b5e-d474-4fae-92d8-a3c2705dbbd7" testId="a593d1e7-0c72-43fb-a0c4-b540d55bdf34" testName="TestSendReleasedEmailIfNeeded_WithDiffsAndApproval" computerName="CZWWILLIAMRO1" duration="00:00:00.1060000" startTime="2018-10-19T16:41:57.0000000+01:00" endTime="2018-10-19T16:41:57.0000000+01:00" testType="13cdc9d9-ddb5-4fa4-a97d-d965ccfc6d4b" outcome="Passed" testListId="8c84fa94-04c1-424b-9868-57a2d4851a1d" relativeResultsDirectory="c2781b5e-d474-4fae-92d8-a3c2705dbbd7" /><UnitTestResult executionId="fb6afedc-075c-4a74-8693-2bcba1e84a58" testId="cd10c7f2-f734-43ba-ac21-ec0bfa862637" testName="TestPendingMembersIdeal" computerName="CZWWILLIAMRO1" duration="00:00:00.0240000" startTime="2018-10-19T16:43:36.0000000+01:00" endTime="2018-10-19T16:43:36.0000000+01:00" testType="13cdc9d9-ddb5-4fa4-a97d-d965ccfc6d4b" outcome="Passed" testListId="8c84fa94-04c1-424b-9868-57a2d4851a1d" relativeResultsDirectory="fb6afedc-075c-4a74-8693-2bcba1e84a58" /><UnitTestResult executionId="f0226b92-4c6e-44fd-b3af-97421a1471bb" testId="008e9f2c-7878-40a0-a036-33abda5ade57" testName="TestGenerateMembersHistoric_From0001-01-01_WithMembersIdealAroundExistingMembersHistoricEndDate_WithoutExistingMembersHistoric" computerName="CZWWILLIAMRO1" duration="00:00:00.0270000" startTime="2018-10-19T16:43:32.0000000+01:00" endTime="2018-10-19T16:43:32.0000000+01:00" testType="13cdc9d9-ddb5-4fa4-a97d-d965ccfc6d4b" outcome="Passed" testListId="8c84fa94-04c1-424b-9868-57a2d4851a1d" relativeResultsDirectory="f0226b92-4c6e-44fd-b3af-97421a1471bb" /><UnitTestResult executionId="6e9732a2-9de6-4b76-8238-83eb874797a9" testId="887c0e2c-5d1e-43b9-b8f4-d4ca1c5ca6f4" testName="TestAccumulate" computerName="CZWWILLIAMRO1" duration="00:00:00.9770000" startTime="2018-10-19T16:42:07.0000000+01:00" endTime="2018-10-19T16:42:08.0000000+01:00" testType="13cdc9d9-ddb5-4fa4-a97d-d965ccfc6d4b" outcome="Passed" testListId="8c84fa94-04c1-424b-9868-57a2d4851a1d" relativeResultsDirectory="6e9732a2-9de6-4b76-8238-83eb874797a9" /><UnitTestResult executionId="9b1d29a5-f9b2-4a29-9b7d-f4360fb1930c" testId="52c7ad9a-8998-4b37-aef3-721741778e85" testName="TestInclusiveBucketDates_Fine" computerName="CZWWILLIAMRO1" duration="00:00:00.0010000" startTime="2018-10-19T16:42:36.0000000+01:00" endTime="2018-10-19T16:42:36.0000000+01:00" testType="13cdc9d9-ddb5-4fa4-a97d-d965ccfc6d4b" outcome="Passed" testListId="8c84fa94-04c1-424b-9868-57a2d4851a1d" relativeResultsDirectory="9b1d29a5-f9b2-4a29-9b7d-f4360fb1930c" /><UnitTestResult executionId="6aab3503-1cfd-4174-be15-67c55d9c1865" testId="8ff4393f-0aeb-47ae-8253-1e73ec42206c" testName="TestMustHaveSingleSeigneurCosmos" computerName="CZWWILLIAMRO1" duration="00:00:00.1510000" startTime="2018-10-19T16:43:11.0000000+01:00" endTime="2018-10-19T16:43:11.0000000+01:00" testType="13cdc9d9-ddb5-4fa4-a97d-d965ccfc6d4b" outcome="Passed" testListId="8c84fa94-04c1-424b-9868-57a2d4851a1d" relativeResultsDirectory="6aab3503-1cfd-4174-be15-67c55d9c1865" /><UnitTestResult executionId="5977721c-ecaa-4a0f-8710-23019205b672" testId="59877455-f2cc-4072-9285-5942b70f763c" testName="TestNotFilterFor_NotFilteredSegmentCode" computerName="CZWWILLIAMRO1" duration="00:00:00.0010000" startTime="2018-10-19T16:42:16.0000000+01:00" endTime="2018-10-19T16:42:16.0000000+01:00" testType="13cdc9d9-ddb5-4fa4-a97d-d965ccfc6d4b" outcome="Passed" testListId="8c84fa94-04c1-424b-9868-57a2d4851a1d" relativeResultsDirectory="5977721c-ecaa-4a0f-8710-23019205b672" /><UnitTestResult executionId="55c5ca62-d096-4d04-a849-ef5f93353edb" testId="b3d361f9-fbcf-4f8e-96e1-52edbe8118d1" testName="TestKeepIfEverWasOnUniverseExchange" computerName="CZWWILLIAMRO1" duration="00:00:00.0350000" startTime="2018-10-19T16:42:29.0000000+01:00" endTime="2018-10-19T16:42:29.0000000+01:00" testType="13cdc9d9-ddb5-4fa4-a97d-d965ccfc6d4b" outcome="Passed" testListId="8c84fa94-04c1-424b-9868-57a2d4851a1d" relativeResultsDirectory="55c5ca62-d096-4d04-a849-ef5f93353edb" /><UnitTestResult executionId="031d9137-86c1-4f5c-b801-5d42b81e6af5" testId="10596168-5afd-49dc-8a2d-c3899520d215" testName="TestOutThenInThenBackOut" computerName="CZWWILLIAMRO1" duration="00:00:00.0930000" startTime="2018-10-19T16:42:25.0000000+01:00" endTime="2018-10-19T16:42:25.0000000+01:00" testType="13cdc9d9-ddb5-4fa4-a97d-d965ccfc6d4b" outcome="Passed" testListId="8c84fa94-04c1-424b-9868-57a2d4851a1d" relativeResultsDirectory="031d9137-86c1-4f5c-b801-5d42b81e6af5" /><UnitTestResult executionId="12cd5b52-9514-4c51-a8a7-7a6762546ad1" testId="66ee4f75-b217-47bb-9859-a1ca7e862a8e" testName="TestApprovalState_SkipApproved" computerName="CZWWILLIAMRO1" duration="00:00:00.0150000" startTime="2018-10-19T16:43:06.0000000+01:00" endTime="2018-10-19T16:43:06.0000000+01:00" testType="13cdc9d9-ddb5-4fa4-a97d-d965ccfc6d4b" outcome="Passed" testListId="8c84fa94-04c1-424b-9868-57a2d4851a1d" relativeResultsDirectory="12cd5b52-9514-4c51-a8a7-7a6762546ad1" /><UnitTestResult executionId="c32ca484-956f-4388-bd8a-5ab3082f1bae" testId="9e4ae938-1647-4eb2-929c-a541122cdbbe" testName="TestConjunctionOverlapOneIncluded" computerName="CZWWILLIAMRO1" duration="00:00:00.0000001" startTime="2018-10-19T16:42:36.0000000+01:00" endTime="2018-10-19T16:42:36.0000000+01:00" testType="13cdc9d9-ddb5-4fa4-a97d-d965ccfc6d4b" outcome="Passed" testListId="8c84fa94-04c1-424b-9868-57a2d4851a1d" relativeResultsDirectory="c32ca484-956f-4388-bd8a-5ab3082f1bae" /><UnitTestResult executionId="93ad2edd-34be-4ad7-ae71-bd0395fc29f3" testId="b61a9478-eed4-4523-82a9-e83aa9fbad78" testName="TestGetReasonsBeforeFirstReasonForMember" computerName="CZWWILLIAMRO1" duration="00:00:00.0000001" startTime="2018-10-19T16:42:33.0000000+01:00" endTime="2018-10-19T16:42:33.0000000+01:00" testType="13cdc9d9-ddb5-4fa4-a97d-d965ccfc6d4b" outcome="Passed" testListId="8c84fa94-04c1-424b-9868-57a2d4851a1d" relativeResultsDirectory="93ad2edd-34be-4ad7-ae71-bd0395fc29f3" /><UnitTestResult executionId="76dffdba-80ed-438a-b208-9ac2ab529988" testId="e05ccbcf-cf20-4f1c-85fc-8409aa91f60a" testName="TestOutThenInThenBackOut_ConsecutiveValidsAndInvalids" computerName="CZWWILLIAMRO1" duration="00:00:00.1290000" startTime="2018-10-19T16:42:25.0000000+01:00" endTime="2018-10-19T16:42:26.0000000+01:00" testType="13cdc9d9-ddb5-4fa4-a97d-d965ccfc6d4b" outcome="Passed" testListId="8c84fa94-04c1-424b-9868-57a2d4851a1d" relativeResultsDirectory="76dffdba-80ed-438a-b208-9ac2ab529988" /><UnitTestResult executionId="e183e9e2-034c-44c2-ae52-cede6b94a548" testId="cddb5c31-8b44-4a3f-ba44-a777d7ee493e" testName="TestIncludedDate" computerName="CZWWILLIAMRO1" duration="00:00:00.0000001" startTime="2018-10-19T16:42:36.0000000+01:00" endTime="2018-10-19T16:42:36.0000000+01:00" testType="13cdc9d9-ddb5-4fa4-a97d-d965ccfc6d4b" outcome="Passed" testListId="8c84fa94-04c1-424b-9868-57a2d4851a1d" relativeResultsDirectory="e183e9e2-034c-44c2-ae52-cede6b94a548" /><UnitTestResult executionId="13fc5adf-7688-4e1f-ab39-2aea6d6edbea" testId="9f0b17bf-f844-40e7-82eb-a66b7dcfdf64" testName="TestGenerateMembersHistoric_From2010-01-01_WithMembersIdealOnExistingMembersHistoricEndDate_WithoutExistingMembersHistoric" computerName="CZWWILLIAMRO1" duration="00:00:00.0190000" startTime="2018-10-19T16:43:33.0000000+01:00" endTime="2018-10-19T16:43:33.0000000+01:00" testType="13cdc9d9-ddb5-4fa4-a97d-d965ccfc6d4b" outcome="Passed" testListId="8c84fa94-04c1-424b-9868-57a2d4851a1d" relativeResultsDirectory="13fc5adf-7688-4e1f-ab39-2aea6d6edbea" /><UnitTestResult executionId="d316a031-0363-441a-8b91-8225c253ad5a" testId="9f838af1-dac0-45a5-ad36-437b2ae5b7c7" testName="TestScheduleRelease_BlowUpIfApprovalAfterOurProposedApprovalDatePresent" computerName="CZWWILLIAMRO1" duration="00:00:00.0300000" startTime="2018-10-19T16:42:52.0000000+01:00" endTime="2018-10-19T16:42:52.0000000+01:00" testType="13cdc9d9-ddb5-4fa4-a97d-d965ccfc6d4b" outcome="Passed" testListId="8c84fa94-04c1-424b-9868-57a2d4851a1d" relativeResultsDirectory="d316a031-0363-441a-8b91-8225c253ad5a" /><UnitTestResult executionId="9d137b71-e6c2-45c9-9e25-8283ab954913" testId="57c03fde-8d9e-45c0-b818-54b8f7f6a7fa" testName="TestUnionMembership_BothExcluded" computerName="CZWWILLIAMRO1" duration="00:00:00.0070000" startTime="2018-10-19T16:42:32.0000000+01:00" endTime="2018-10-19T16:42:32.0000000+01:00" testType="13cdc9d9-ddb5-4fa4-a97d-d965ccfc6d4b" outcome="Passed" testListId="8c84fa94-04c1-424b-9868-57a2d4851a1d" relativeResultsDirectory="9d137b71-e6c2-45c9-9e25-8283ab954913" /><UnitTestResult executionId="6151b2e5-49b8-49bd-8079-51a4a82b8f83" testId="42e30fa5-3c78-4ad2-a052-dee31b2d9570" testName="TestNotApplyIf_uniGenSkipInvalidDateCheck_DebugFlugSet" computerName="CZWWILLIAMRO1" duration="00:00:00.0030000" startTime="2018-10-19T16:42:13.0000000+01:00" endTime="2018-10-19T16:42:13.0000000+01:00" testType="13cdc9d9-ddb5-4fa4-a97d-d965ccfc6d4b" outcome="Passed" testListId="8c84fa94-04c1-424b-9868-57a2d4851a1d" relativeResultsDirectory="6151b2e5-49b8-49bd-8079-51a4a82b8f83" /><UnitTestResult executionId="57aafe72-acbe-4433-8f51-fde549bd21b8" testId="b4547bce-7be3-4132-84f5-46cde662f07b" testName="TestEnumerableRange_FromOnEnd" computerName="CZWWILLIAMRO1" duration="00:00:00.0000001" startTime="2018-10-19T16:42:36.0000000+01:00" endTime="2018-10-19T16:42:36.0000000+01:00" testType="13cdc9d9-ddb5-4fa4-a97d-d965ccfc6d4b" outcome="Passed" testListId="8c84fa94-04c1-424b-9868-57a2d4851a1d" relativeResultsDirectory="57aafe72-acbe-4433-8f51-fde549bd21b8" /><UnitTestResult executionId="0e99d28b-4f5c-4870-92ba-ebd1bcc8e324" testId="baaaa0f1-9f7a-4ab5-956a-e0b0b02c3a58" testName="TestIsLiveUniverseTrading" computerName="CZWWILLIAMRO1" duration="00:00:00.0210000" startTime="2018-10-19T16:43:36.0000000+01:00" endTime="2018-10-19T16:43:36.0000000+01:00" testType="13cdc9d9-ddb5-4fa4-a97d-d965ccfc6d4b" outcome="Passed" testListId="8c84fa94-04c1-424b-9868-57a2d4851a1d" relativeResultsDirectory="0e99d28b-4f5c-4870-92ba-ebd1bcc8e324" /><UnitTestResult executionId="8baae82a-2a38-4994-9dab-dfe9a8840aa3" testId="20b73b6d-cb6b-493d-b4b8-54c5c83a2e0d" testName="TestOutThenInConsecutiveEvents" computerName="CZWWILLIAMRO1" duration="00:00:00.0160000" startTime="2018-10-19T16:42:18.0000000+01:00" endTime="2018-10-19T16:42:18.0000000+01:00" testType="13cdc9d9-ddb5-4fa4-a97d-d965ccfc6d4b" outcome="Passed" testListId="8c84fa94-04c1-424b-9868-57a2d4851a1d" relativeResultsDirectory="8baae82a-2a38-4994-9dab-dfe9a8840aa3" /><UnitTestResult executionId="6b26c9b6-9ea9-4f06-8733-0319f5cca5d8" testId="7ae7ddaa-6deb-42a4-b406-a982082dac19" testName="TestHitRatioUnderThreshold" computerName="CZWWILLIAMRO1" duration="00:00:00.0010000" startTime="2018-10-19T16:42:07.0000000+01:00" endTime="2018-10-19T16:42:07.0000000+01:00" testType="13cdc9d9-ddb5-4fa4-a97d-d965ccfc6d4b" outcome="Passed" testListId="8c84fa94-04c1-424b-9868-57a2d4851a1d" relativeResultsDirectory="6b26c9b6-9ea9-4f06-8733-0319f5cca5d8" /><UnitTestResult executionId="54aed29b-1379-4990-b478-200bd7c2bbe3" testId="07e7dc17-7a07-4291-b314-3128f538003d" testName="TestAddOptionalErrorToApprovalRequests_FinancialDataGroup" computerName="CZWWILLIAMRO1" duration="00:00:00.1160000" startTime="2018-10-19T16:41:55.0000000+01:00" endTime="2018-10-19T16:41:56.0000000+01:00" testType="13cdc9d9-ddb5-4fa4-a97d-d965ccfc6d4b" outcome="Passed" testListId="8c84fa94-04c1-424b-9868-57a2d4851a1d" relativeResultsDirectory="54aed29b-1379-4990-b478-200bd7c2bbe3" /><UnitTestResult executionId="cafc781d-3756-49ef-9ee4-0406f370b0db" testId="a4939dbd-e3bb-4d87-9fd7-4305dd388f4b" testName="TestRelease_TradingAndApproved" computerName="CZWWILLIAMRO1" duration="00:00:00.0410000" startTime="2018-10-19T16:43:13.0000000+01:00" endTime="2018-10-19T16:43:13.0000000+01:00" testType="13cdc9d9-ddb5-4fa4-a97d-d965ccfc6d4b" outcome="Passed" testListId="8c84fa94-04c1-424b-9868-57a2d4851a1d" relativeResultsDirectory="cafc781d-3756-49ef-9ee4-0406f370b0db" /><UnitTestResult executionId="e6026711-3773-4235-ab86-e65789940ba6" testId="82ea1ffc-07b2-456d-8f01-e268d522d055" testName="TestConjunctionGap_OneIncluded" computerName="CZWWILLIAMRO1" duration="00:00:00.0000001" startTime="2018-10-19T16:42:36.0000000+01:00" endTime="2018-10-19T16:42:36.0000000+01:00" testType="13cdc9d9-ddb5-4fa4-a97d-d965ccfc6d4b" outcome="Passed" testListId="8c84fa94-04c1-424b-9868-57a2d4851a1d" relativeResultsDirectory="e6026711-3773-4235-ab86-e65789940ba6" /><UnitTestResult executionId="956bc25f-6b76-4090-8ee6-5d2e864b7317" testId="a4e8a6af-d4a8-46b0-90bb-49f965123ac9" testName="TestDoNotSyncWhenEquityShortTerm(FuturesShortTerm)" computerName="CZWWILLIAMRO1" duration="00:00:00.1450000" startTime="2018-10-19T16:43:11.0000000+01:00" endTime="2018-10-19T16:43:11.0000000+01:00" testType="13cdc9d9-ddb5-4fa4-a97d-d965ccfc6d4b" outcome="Passed" testListId="8c84fa94-04c1-424b-9868-57a2d4851a1d" relativeResultsDirectory="956bc25f-6b76-4090-8ee6-5d2e864b7317" /><UnitTestResult executionId="6187ab94-fa63-42e3-a25b-ae46e301bd55" testId="02ebf6b7-5919-4936-98ff-4f57715e476c" testName="TestAddedInTheMiddle" computerName="CZWWILLIAMRO1" duration="00:00:00.9260000" startTime="2018-10-19T16:42:02.0000000+01:00" endTime="2018-10-19T16:42:03.0000000+01:00" testType="13cdc9d9-ddb5-4fa4-a97d-d965ccfc6d4b" outcome="Passed" testListId="8c84fa94-04c1-424b-9868-57a2d4851a1d" relativeResultsDirectory="6187ab94-fa63-42e3-a25b-ae46e301bd55" /><UnitTestResult executionId="6a2b2761-cc16-46e9-96cc-32dad8e9befe" testId="fea29cd7-fe31-4243-9140-3245ba4f0da6" testName="TestSingleEntry_Start" computerName="CZWWILLIAMRO1" duration="00:00:00.0310000" startTime="2018-10-19T16:42:27.0000000+01:00" endTime="2018-10-19T16:42:27.0000000+01:00" testType="13cdc9d9-ddb5-4fa4-a97d-d965ccfc6d4b" outcome="Passed" testListId="8c84fa94-04c1-424b-9868-57a2d4851a1d" relativeResultsDirectory="6a2b2761-cc16-46e9-96cc-32dad8e9befe" /><UnitTestResult executionId="f49ae77b-c72c-4e49-bc33-91143121b550" testId="e0d8531a-0593-4e16-8f50-fac26fb12095" testName="TestIsReleaseLocked_ReleaseNotPending_Superseded" computerName="CZWWILLIAMRO1" duration="00:00:00.0160000" startTime="2018-10-19T16:42:52.0000000+01:00" endTime="2018-10-19T16:42:52.0000000+01:00" testType="13cdc9d9-ddb5-4fa4-a97d-d965ccfc6d4b" outcome="Passed" testListId="8c84fa94-04c1-424b-9868-57a2d4851a1d" relativeResultsDirectory="f49ae77b-c72c-4e49-bc33-91143121b550" /><UnitTestResult executionId="a4449fad-b7b7-4a96-a68e-1ede8d533a9f" testId="12103c17-afec-4d60-ac10-fbe97539a548" testName="TestDoNotSyncWhenEquityShortTerm(CurrencyShortTerm)" computerName="CZWWILLIAMRO1" duration="00:00:01.1830000" startTime="2018-10-19T16:43:09.0000000+01:00" endTime="2018-10-19T16:43:10.0000000+01:00" testType="13cdc9d9-ddb5-4fa4-a97d-d965ccfc6d4b" outcome="Passed" testListId="8c84fa94-04c1-424b-9868-57a2d4851a1d" relativeResultsDirectory="a4449fad-b7b7-4a96-a68e-1ede8d533a9f" /><UnitTestResult executionId="ee7e92b6-eb5c-44e9-b1fc-9d48ce6bf2f8" testId="d49e38b4-7e90-4b6c-8e39-8bbed3a4b0d8" testName="TestOnlyIdealIncluded_ExistingEntriesBeyondIdeal" computerName="CZWWILLIAMRO1" duration="00:00:00.0020000" startTime="2018-10-19T16:42:49.0000000+01:00" endTime="2018-10-19T16:42:49.0000000+01:00" testType="13cdc9d9-ddb5-4fa4-a97d-d965ccfc6d4b" outcome="Passed" testListId="8c84fa94-04c1-424b-9868-57a2d4851a1d" relativeResultsDirectory="ee7e92b6-eb5c-44e9-b1fc-9d48ce6bf2f8" /><UnitTestResult executionId="86b876c5-c13a-43a9-a690-16b3710ce94c" testId="f1d09dc1-5b88-44bf-8749-fb0b77327c2c" testName="TestGenerateMembersHistoric_From2018-01-01_WithEmptyMembersIdeal_WithExistingMembersHistoricEndingWithAnAdd" computerName="CZWWILLIAMRO1" duration="00:00:00.0250000" startTime="2018-10-19T16:43:33.0000000+01:00" endTime="2018-10-19T16:43:33.0000000+01:00" testType="13cdc9d9-ddb5-4fa4-a97d-d965ccfc6d4b" outcome="Passed" testListId="8c84fa94-04c1-424b-9868-57a2d4851a1d" relativeResultsDirectory="86b876c5-c13a-43a9-a690-16b3710ce94c" /><UnitTestResult executionId="05820e89-ffd8-4853-9e9f-dcd08a25f81e" testId="27068854-c6c4-43c6-8731-34c95cd72c7f" testName="TestEnumerableRange_FromAfterEnd" computerName="CZWWILLIAMRO1" duration="00:00:00.0000001" startTime="2018-10-19T16:42:36.0000000+01:00" endTime="2018-10-19T16:42:36.0000000+01:00" testType="13cdc9d9-ddb5-4fa4-a97d-d965ccfc6d4b" outcome="Passed" testListId="8c84fa94-04c1-424b-9868-57a2d4851a1d" relativeResultsDirectory="05820e89-ffd8-4853-9e9f-dcd08a25f81e" /><UnitTestResult executionId="638fb00f-3c64-4569-967b-c63feab58a79" testId="c7e6d031-829b-4eb7-8e37-446232b1def5" testName="TestWithCopiedExclusionReasons" computerName="CZWWILLIAMRO1" duration="00:00:00.0130000" startTime="2018-10-19T16:42:35.0000000+01:00" endTime="2018-10-19T16:42:35.0000000+01:00" testType="13cdc9d9-ddb5-4fa4-a97d-d965ccfc6d4b" outcome="Passed" testListId="8c84fa94-04c1-424b-9868-57a2d4851a1d" relativeResultsDirectory="638fb00f-3c64-4569-967b-c63feab58a79" /><UnitTestResult executionId="3b73cea4-1467-4ac4-b2c3-043464f7be68" testId="398a212f-c54a-44cb-a997-e70bfa58b2b9" testName="TestExcludeIfUnderlyingFuture_ApprovedForTrading_NotSet" computerName="CZWWILLIAMRO1" duration="00:00:00.9090000" startTime="2018-10-19T16:42:01.0000000+01:00" endTime="2018-10-19T16:42:02.0000000+01:00" testType="13cdc9d9-ddb5-4fa4-a97d-d965ccfc6d4b" outcome="Passed" testListId="8c84fa94-04c1-424b-9868-57a2d4851a1d" relativeResultsDirectory="3b73cea4-1467-4ac4-b2c3-043464f7be68" /><UnitTestResult executionId="fa21348a-eaa6-4268-a549-cb4ea3adf70b" testId="bcd90a24-60ed-4b20-9a31-585b4fc492fd" testName="TestCreateAuxiliaryMembers_DeleteLeadingDeletes" computerName="CZWWILLIAMRO1" duration="00:00:01.1270000" startTime="2018-10-19T16:42:43.0000000+01:00" endTime="2018-10-19T16:42:45.0000000+01:00" testType="13cdc9d9-ddb5-4fa4-a97d-d965ccfc6d4b" outcome="Passed" testListId="8c84fa94-04c1-424b-9868-57a2d4851a1d" relativeResultsDirectory="fa21348a-eaa6-4268-a549-cb4ea3adf70b" /><UnitTestResult executionId="ea4a41fb-646d-47eb-b607-174362b8a095" testId="8f229222-6de3-4bb6-b027-b7e977c2d15d" testName="TestNotExcluded" computerName="CZWWILLIAMRO1" duration="00:00:00.0010000" startTime="2018-10-19T16:42:20.0000000+01:00" endTime="2018-10-19T16:42:20.0000000+01:00" testType="13cdc9d9-ddb5-4fa4-a97d-d965ccfc6d4b" outcome="Passed" testListId="8c84fa94-04c1-424b-9868-57a2d4851a1d" relativeResultsDirectory="ea4a41fb-646d-47eb-b607-174362b8a095" /><UnitTestResult executionId="51ecf9f9-c47d-4182-b83f-20fb02f5d6e2" testId="76a38e8b-e6fa-4308-9536-536caa4dfcf3" testName="TestThrowIfFutureContractsUniverse" computerName="CZWWILLIAMRO1" duration="00:00:00.0150000" startTime="2018-10-19T16:43:07.0000000+01:00" endTime="2018-10-19T16:43:07.0000000+01:00" testType="13cdc9d9-ddb5-4fa4-a97d-d965ccfc6d4b" outcome="Passed" testListId="8c84fa94-04c1-424b-9868-57a2d4851a1d" relativeResultsDirectory="51ecf9f9-c47d-4182-b83f-20fb02f5d6e2" /><UnitTestResult executionId="fab88221-b666-47ac-b8c6-530bf70e78b9" testId="9193a9f2-7d40-476f-8cef-ee0b584f47e7" testName="TestNotFilterFor_NotLondonStockExchange" computerName="CZWWILLIAMRO1" duration="00:00:00.0010000" startTime="2018-10-19T16:42:16.0000000+01:00" endTime="2018-10-19T16:42:16.0000000+01:00" testType="13cdc9d9-ddb5-4fa4-a97d-d965ccfc6d4b" outcome="Passed" testListId="8c84fa94-04c1-424b-9868-57a2d4851a1d" relativeResultsDirectory="fab88221-b666-47ac-b8c6-530bf70e78b9" /><UnitTestResult executionId="a11b9c3f-4a01-4267-a8b6-002cd2b0d2cf" testId="3520fc6b-07fd-4437-be8c-2a2e0f39ba2c" testName="TestConjunction_RangeOfViewOutsideOfUnderlyingRange" computerName="CZWWILLIAMRO1" duration="00:00:00.0000001" startTime="2018-10-19T16:42:36.0000000+01:00" endTime="2018-10-19T16:42:36.0000000+01:00" testType="13cdc9d9-ddb5-4fa4-a97d-d965ccfc6d4b" outcome="Passed" testListId="8c84fa94-04c1-424b-9868-57a2d4851a1d" relativeResultsDirectory="a11b9c3f-4a01-4267-a8b6-002cd2b0d2cf" /><UnitTestResult executionId="12180aba-b41e-4d9f-9ffa-65a3c87082d9" testId="c0ccded5-5614-499c-aba8-3a2099edde25" testName="TestFullyPresentSingleStock" computerName="CZWWILLIAMRO1" duration="00:00:00.0990000" startTime="2018-10-19T16:42:34.0000000+01:00" endTime="2018-10-19T16:42:34.0000000+01:00" testType="13cdc9d9-ddb5-4fa4-a97d-d965ccfc6d4b" outcome="Passed" testListId="8c84fa94-04c1-424b-9868-57a2d4851a1d" relativeResultsDirectory="12180aba-b41e-4d9f-9ffa-65a3c87082d9" /><UnitTestResult executionId="2c11358d-3bce-4195-94ec-037848e68b7d" testId="625acaa2-94b4-433a-827e-a9b73d939bb7" testName="TestRelease_ForNoSync_Pending" computerName="CZWWILLIAMRO1" duration="00:00:00.0760000" startTime="2018-10-19T16:43:13.0000000+01:00" endTime="2018-10-19T16:43:13.0000000+01:00" testType="13cdc9d9-ddb5-4fa4-a97d-d965ccfc6d4b" outcome="Passed" testListId="8c84fa94-04c1-424b-9868-57a2d4851a1d" relativeResultsDirectory="2c11358d-3bce-4195-94ec-037848e68b7d" /><UnitTestResult executionId="5abe6233-10e0-4433-854e-013f94e248be" testId="1fd6ea39-3095-4fef-afa3-f4e83cc9a399" testName="TestSingleEntry_Start" computerName="CZWWILLIAMRO1" duration="00:00:00.0010000" startTime="2018-10-19T16:42:27.0000000+01:00" endTime="2018-10-19T16:42:27.0000000+01:00" testType="13cdc9d9-ddb5-4fa4-a97d-d965ccfc6d4b" outcome="Passed" testListId="8c84fa94-04c1-424b-9868-57a2d4851a1d" relativeResultsDirectory="5abe6233-10e0-4433-854e-013f94e248be" /><UnitTestResult executionId="1c2942a6-dfb4-402a-ae85-5f2ec12c4077" testId="28290b09-943a-4736-b9c4-e5865c4e2eee" testName="TestValidFuture" computerName="CZWWILLIAMRO1" duration="00:00:00.2210000" startTime="2018-10-19T16:42:42.0000000+01:00" endTime="2018-10-19T16:42:42.0000000+01:00" testType="13cdc9d9-ddb5-4fa4-a97d-d965ccfc6d4b" outcome="Passed" testListId="8c84fa94-04c1-424b-9868-57a2d4851a1d" relativeResultsDirectory="1c2942a6-dfb4-402a-ae85-5f2ec12c4077" /><UnitTestResult executionId="3dd78d62-3be8-446b-8d77-91151125bc12" testId="8b9c48a7-2004-4eac-bb49-ffa40355a73e" testName="TestWithMembersIdealOnly_BeforeToday" computerName="CZWWILLIAMRO1" duration="00:00:00.0000001" startTime="2018-10-19T16:42:32.0000000+01:00" endTime="2018-10-19T16:42:32.0000000+01:00" testType="13cdc9d9-ddb5-4fa4-a97d-d965ccfc6d4b" outcome="Passed" testListId="8c84fa94-04c1-424b-9868-57a2d4851a1d" relativeResultsDirectory="3dd78d62-3be8-446b-8d77-91151125bc12" /><UnitTestResult executionId="f423c03c-4f0c-4e8c-a929-f8d50b23903e" testId="ce4d4cde-728f-4ce5-839a-ccc15c8ea97f" testName="TestError" computerName="CZWWILLIAMRO1" duration="00:00:00.0930000" startTime="2018-10-19T16:41:58.0000000+01:00" endTime="2018-10-19T16:41:59.0000000+01:00" testType="13cdc9d9-ddb5-4fa4-a97d-d965ccfc6d4b" outcome="Passed" testListId="8c84fa94-04c1-424b-9868-57a2d4851a1d" relativeResultsDirectory="f423c03c-4f0c-4e8c-a929-f8d50b23903e" /><UnitTestResult executionId="8a9802d6-9908-487e-940a-14ea803cdcd2" testId="db93f31a-42da-4322-9404-2e982a270942" testName="TestSyncUniverse_RequestDataOpsApprovalIfNotYetApproved_AndIsEligibleForRelease" computerName="CZWWILLIAMRO1" duration="00:00:00.0430000" startTime="2018-10-19T16:43:14.0000000+01:00" endTime="2018-10-19T16:43:14.0000000+01:00" testType="13cdc9d9-ddb5-4fa4-a97d-d965ccfc6d4b" outcome="Passed" testListId="8c84fa94-04c1-424b-9868-57a2d4851a1d" relativeResultsDirectory="8a9802d6-9908-487e-940a-14ea803cdcd2" /><UnitTestResult executionId="a645acd5-5188-4046-97f5-3f17a7722209" testId="05ea0591-dba1-44d2-934a-63ddd3a2b5da" testName="TestKeepStockWithOnePriceAboveThreshold" computerName="CZWWILLIAMRO1" duration="00:00:00.0050000" startTime="2018-10-19T16:42:22.0000000+01:00" endTime="2018-10-19T16:42:22.0000000+01:00" testType="13cdc9d9-ddb5-4fa4-a97d-d965ccfc6d4b" outcome="Passed" testListId="8c84fa94-04c1-424b-9868-57a2d4851a1d" relativeResultsDirectory="a645acd5-5188-4046-97f5-3f17a7722209" /><UnitTestResult executionId="c5a9fe8b-6763-48c3-8164-179ae7ed2eff" testId="336bb6e5-3641-4033-8786-eab87645a260" testName="TestInitialValue" computerName="CZWWILLIAMRO1" duration="00:00:00.0010000" startTime="2018-10-19T16:42:08.0000000+01:00" endTime="2018-10-19T16:42:08.0000000+01:00" testType="13cdc9d9-ddb5-4fa4-a97d-d965ccfc6d4b" outcome="Passed" testListId="8c84fa94-04c1-424b-9868-57a2d4851a1d" relativeResultsDirectory="c5a9fe8b-6763-48c3-8164-179ae7ed2eff" /></Results><TestDefinitions><UnitTest name="TestPropagatedExclusionReasons_Included" storage="e:\code\_migrated\quantplatform\qtg\universegeneratortest\bin\debug\netcoreapp2.0\publish\universegenerator.test.dll" id="5907d397-6e26-463c-8262-adfb7cb53aed"><Execution id="7e0f5eea-8b6b-435f-8da1-73caf40735b2" /><TestMethod codeBase="E:\code\_migrated\QuantPlatform\QTG\UniverseGeneratorTest\bin\Debug\netcoreapp2.0\publish\UniverseGenerator.Test.dll" adapterTypeName="executor://nunit3testexecutor/" className="UniverseGenerator.Test.InclusionDate.TestInclusionDatesExt" name="TestPropagatedExclusionReasons_Included" /></UnitTest><UnitTest name="TestDoNotAddOptionalErrorToApprovalRequests_MissingEntryFromLifetimeHelper_BackOffice" storage="e:\code\_migrated\quantplatform\qtg\universegeneratortest\bin\debug\netcoreapp2.0\publish\universegenerator.test.dll" id="1e7726ac-fc24-47bf-9ebc-fd88ba84ec10"><Execution id="670c3a27-5d99-4d72-b4b7-dd949195855c" /><TestMethod codeBase="E:\code\_migrated\QuantPlatform\QTG\UniverseGeneratorTest\bin\Debug\netcoreapp2.0\publish\UniverseGenerator.Test.dll" adapterTypeName="executor://nunit3testexecutor/" className="UniverseGenerator.Test.Email.TestEmails" name="TestDoNotAddOptionalErrorToApprovalRequests_MissingEntryFromLifetimeHelper_BackOffice" /></UnitTest><UnitTest name="TestExcludeWhereNoFutureMapsFutureContract" storage="e:\code\_migrated\quantplatform\qtg\universegeneratortest\bin\debug\netcoreapp2.0\publish\universegenerator.test.dll" id="cb81366a-7a1e-41b4-8445-49ef1b24e43c"><Execution id="58ab4dba-e55e-42a6-9568-a60a9fe6fa68" /><TestMethod codeBase="E:\code\_migrated\QuantPlatform\QTG\UniverseGeneratorTest\bin\Debug\netcoreapp2.0\publish\UniverseGenerator.Test.dll" adapterTypeName="executor://nunit3testexecutor/" className="UniverseGenerator.Test.Futures.TestFutureContractsProvider" name="TestExcludeWhereNoFutureMapsFutureContract" /></UnitTest><UnitTest name="TestSendingRequestApprovalsIfNeeded_Send_Pending" storage="e:\code\_migrated\quantplatform\qtg\universegeneratortest\bin\debug\netcoreapp2.0\publish\universegenerator.test.dll" id="825c0819-de4b-4723-b88d-6293765182fc"><Execution id="e14e2764-db66-4725-9749-1c132f4985e8" /><TestMethod codeBase="E:\code\_migrated\QuantPlatform\QTG\UniverseGeneratorTest\bin\Debug\netcoreapp2.0\publish\UniverseGenerator.Test.dll" adapterTypeName="executor://nunit3testexecutor/" className="UniverseGenerator.Test.Email.TestEmails" name="TestSendingRequestApprovalsIfNeeded_Send_Pending" /></UnitTest><UnitTest name="TestHandleLockedUniverse_WhenLocked" storage="e:\code\_migrated\quantplatform\qtg\universegeneratortest\bin\debug\netcoreapp2.0\publish\universegenerator.test.dll" id="898ee75b-03a1-4e70-b9bd-c832ca6cecc0"><Execution id="ca349e45-95e0-4caf-8714-d4f864fda600" /><TestMethod codeBase="E:\code\_migrated\QuantPlatform\QTG\UniverseGeneratorTest\bin\Debug\netcoreapp2.0\publish\UniverseGenerator.Test.dll" adapterTypeName="executor://nunit3testexecutor/" className="UniverseGenerator.Test.Release.TestCandidateUniverseReleaseCoordinator" name="TestHandleLockedUniverse_WhenLocked" /></UnitTest><UnitTest name="TestDefaults" storage="e:\code\_migrated\quantplatform\qtg\universegeneratortest\bin\debug\netcoreapp2.0\publish\universegenerator.test.dll" id="f4ce9093-63b0-4869-b483-1afcd49f7f3d"><Execution id="99026076-f518-43ae-a496-af66c25d2023" /><TestMethod codeBase="E:\code\_migrated\QuantPlatform\QTG\UniverseGeneratorTest\bin\Debug\netcoreapp2.0\publish\UniverseGenerator.Test.dll" adapterTypeName="executor://nunit3testexecutor/" className="UniverseGenerator.Test.InclusionDate.TestInclusionDates" name="TestDefaults" /></UnitTest><UnitTest name="TestExcludeForSixMonthsFromBirth_AfterEnd" storage="e:\code\_migrated\quantplatform\qtg\universegeneratortest\bin\debug\netcoreapp2.0\publish\universegenerator.test.dll" id="97d5604e-180b-4db1-ac22-861998cd28e2"><Execution id="cffbb046-8587-4a03-9d3c-cef2111c6df1" /><TestMethod codeBase="E:\code\_migrated\QuantPlatform\QTG\UniverseGeneratorTest\bin\Debug\netcoreapp2.0\publish\UniverseGenerator.Test.dll" adapterTypeName="executor://nunit3testexecutor/" className="UniverseGenerator.Test.Filter.TestBirthCoolOffFilter" name="TestExcludeForSixMonthsFromBirth_AfterEnd" /></UnitTest><UnitTest name="TestError" storage="e:\code\_migrated\quantplatform\qtg\universegeneratortest\bin\debug\netcoreapp2.0\publish\universegenerator.test.dll" id="ce4d4cde-728f-4ce5-839a-ccc15c8ea97f"><Execution id="f423c03c-4f0c-4e8c-a929-f8d50b23903e" /><TestMethod codeBase="E:\code\_migrated\QuantPlatform\QTG\UniverseGeneratorTest\bin\Debug\netcoreapp2.0\publish\UniverseGenerator.Test.dll" adapterTypeName="executor://nunit3testexecutor/" className="UniverseGenerator.Test.Email.TestHtmlEmailFileBuilder" name="TestError" /></UnitTest><UnitTest name="TestGenerateMembersHistoric_From2010-01-01_WithMembersIdealAfterExistingMembersHistoricEndDate_WithExistingMembersHistoric" storage="e:\code\_migrated\quantplatform\qtg\universegeneratortest\bin\debug\netcoreapp2.0\publish\universegenerator.test.dll" id="fd4a7597-5bad-46aa-a553-c348edbb0d59"><Execution id="eb0c5e3d-1f02-4738-8af3-1689539b6a43" /><TestMethod codeBase="E:\code\_migrated\QuantPlatform\QTG\UniverseGeneratorTest\bin\Debug\netcoreapp2.0\publish\UniverseGenerator.Test.dll" adapterTypeName="executor://nunit3testexecutor/" className="UniverseGenerator.Test.TestQtgMembersHistoricGenerator" name="TestGenerateMembersHistoric_From2010-01-01_WithMembersIdealAfterExistingMembersHistoricEndDate_WithExistingMembersHistoric" /></UnitTest><UnitTest name="TestForNoSync" storage="e:\code\_migrated\quantplatform\qtg\universegeneratortest\bin\debug\netcoreapp2.0\publish\universegenerator.test.dll" id="964cbcb0-49e0-45c9-adda-41d855ac53d6"><Execution id="2cf83d18-5fec-4666-b9a9-62a073a4fb97" /><TestMethod codeBase="E:\code\_migrated\QuantPlatform\QTG\UniverseGeneratorTest\bin\Debug\netcoreapp2.0\publish\UniverseGenerator.Test.dll" adapterTypeName="executor://nunit3testexecutor/" className="UniverseGenerator.Test.Release.TestReleaseApprove" name="TestForNoSync" /></UnitTest><UnitTest name="TestMissingData" storage="e:\code\_migrated\quantplatform\qtg\universegeneratortest\bin\debug\netcoreapp2.0\publish\universegenerator.test.dll" id="da9aa5df-9218-43ef-ade2-5ed38ee7ad81"><Execution id="556c4cca-4fe2-41ae-9039-f6c6f49ee565" /><TestMethod codeBase="E:\code\_migrated\QuantPlatform\QTG\UniverseGeneratorTest\bin\Debug\netcoreapp2.0\publish\UniverseGenerator.Test.dll" adapterTypeName="executor://nunit3testexecutor/" className="UniverseGenerator.Test.Futures.Mean.TestFutureContractSumDaysWithVolume" name="TestMissingData" /></UnitTest><UnitTest name="TestLoadFutureContracts" storage="e:\code\_migrated\quantplatform\qtg\universegeneratortest\bin\debug\netcoreapp2.0\publish\universegenerator.test.dll" id="d59c5f89-aa55-45f0-8039-7c2a3da0e585"><Execution id="07707cad-9024-46fb-a5e7-30525e8d4bd5" /><TestMethod codeBase="E:\code\_migrated\QuantPlatform\QTG\UniverseGeneratorTest\bin\Debug\netcoreapp2.0\publish\UniverseGenerator.Test.dll" adapterTypeName="executor://nunit3testexecutor/" className="UniverseGenerator.Test.Futures.TestFutureContractsProvider" name="TestLoadFutureContracts" /></UnitTest><UnitTest name="TestMergerCompletionBeforeAnnouncement" storage="e:\code\_migrated\quantplatform\qtg\universegeneratortest\bin\debug\netcoreapp2.0\publish\universegenerator.test.dll" id="2346c13e-bff2-4c14-91a5-039f8fd98196"><Execution id="0bb8ed3e-802c-4fca-867f-897b6be7ca46" /><TestMethod codeBase="E:\code\_migrated\QuantPlatform\QTG\UniverseGeneratorTest\bin\Debug\netcoreapp2.0\publish\UniverseGenerator.Test.dll" adapterTypeName="executor://nunit3testexecutor/" className="UniverseGenerator.Test.Filter.TestMergerFilter" name="TestMergerCompletionBeforeAnnouncement" /></UnitTest><UnitTest name="TestGenerateMembersHistoric_From2010-01-01_WithEmptyMembersIdeal_WithoutExistingMembersHistoric" storage="e:\code\_migrated\quantplatform\qtg\universegeneratortest\bin\debug\netcoreapp2.0\publish\universegenerator.test.dll" id="3c71789e-be9f-4d48-b3f4-c6e17df7bc62"><Execution id="f3aca462-4209-42e8-bd10-95be167a2128" /><TestMethod codeBase="E:\code\_migrated\QuantPlatform\QTG\UniverseGeneratorTest\bin\Debug\netcoreapp2.0\publish\UniverseGenerator.Test.dll" adapterTypeName="executor://nunit3testexecutor/" className="UniverseGenerator.Test.TestQtgMembersHistoricGenerator" name="TestGenerateMembersHistoric_From2010-01-01_WithEmptyMembersIdeal_WithoutExistingMembersHistoric" /></UnitTest><UnitTest name="TestStockInMembersExclusionsBeyondRange_Start" storage="e:\code\_migrated\quantplatform\qtg\universegeneratortest\bin\debug\netcoreapp2.0\publish\universegenerator.test.dll" id="f95178ee-c305-4020-9c4b-3783a603519f"><Execution id="6d924877-fafc-49e9-854d-1ddcc45c7c63" /><TestMethod codeBase="E:\code\_migrated\QuantPlatform\QTG\UniverseGeneratorTest\bin\Debug\netcoreapp2.0\publish\UniverseGenerator.Test.dll" adapterTypeName="executor://nunit3testexecutor/" className="UniverseGenerator.Test.Filter.SyntheticFuture.TestUnderlyingMembershipDatesFilter" name="TestStockInMembersExclusionsBeyondRange_Start" /></UnitTest><UnitTest name="TestPropagatedExclusionReasons_Excluded" storage="e:\code\_migrated\quantplatform\qtg\universegeneratortest\bin\debug\netcoreapp2.0\publish\universegenerator.test.dll" id="059263c2-46ec-440c-ac63-f763f8369678"><Execution id="04da996d-e462-4366-b39c-bce2d2b694ab" /><TestMethod codeBase="E:\code\_migrated\QuantPlatform\QTG\UniverseGeneratorTest\bin\Debug\netcoreapp2.0\publish\UniverseGenerator.Test.dll" adapterTypeName="executor://nunit3testexecutor/" className="UniverseGenerator.Test.InclusionDate.TestInclusionDatesExt" name="TestPropagatedExclusionReasons_Excluded" /></UnitTest><UnitTest name="TestNotExcluded_IgnoreOtherStocksOverrides" storage="e:\code\_migrated\quantplatform\qtg\universegeneratortest\bin\debug\netcoreapp2.0\publish\universegenerator.test.dll" id="60d9a9cc-e78d-44ce-ab13-79b64dce1a90"><Execution id="33f6a365-58f7-49f8-b66e-8d15cc9f8907" /><TestMethod codeBase="E:\code\_migrated\QuantPlatform\QTG\UniverseGeneratorTest\bin\Debug\netcoreapp2.0\publish\UniverseGenerator.Test.dll" adapterTypeName="executor://nunit3testexecutor/" className="UniverseGenerator.Test.Filter.TestRemovePerUniverseFilter" name="TestNotExcluded_IgnoreOtherStocksOverrides" /></UnitTest><UnitTest name="TestKeepAlive_ButForNotLongInTheFuture" storage="e:\code\_migrated\quantplatform\qtg\universegeneratortest\bin\debug\netcoreapp2.0\publish\universegenerator.test.dll" id="55e62bf9-87ae-42b6-ba0d-0bb22cdbd094"><Execution id="8d436c6e-49f1-4f59-99b2-fd954206af58" /><TestMethod codeBase="E:\code\_migrated\QuantPlatform\QTG\UniverseGeneratorTest\bin\Debug\netcoreapp2.0\publish\UniverseGenerator.Test.dll" adapterTypeName="executor://nunit3testexecutor/" className="UniverseGenerator.Test.Filter.TestDeathDateFilter" name="TestKeepAlive_ButForNotLongInTheFuture" /></UnitTest><UnitTest name="TestNotExcluded" storage="e:\code\_migrated\quantplatform\qtg\universegeneratortest\bin\debug\netcoreapp2.0\publish\universegenerator.test.dll" id="f1cf039f-e18b-47bf-9dce-6b550e3c6bbc"><Execution id="cd710f96-c390-4dd8-87af-2b3517916598" /><TestMethod codeBase="E:\code\_migrated\QuantPlatform\QTG\UniverseGeneratorTest\bin\Debug\netcoreapp2.0\publish\UniverseGenerator.Test.dll" adapterTypeName="executor://nunit3testexecutor/" className="UniverseGenerator.Test.Filter.TestRemoveFromAllUniversesFilter" name="TestNotExcluded" /></UnitTest><UnitTest name="TestSetDepartmentApprovalState(FinancialDataGroup,Pending)" storage="e:\code\_migrated\quantplatform\qtg\universegeneratortest\bin\debug\netcoreapp2.0\publish\universegenerator.test.dll" id="53cb5af0-5c3e-4a1f-9d9f-decb73c68daf"><Execution id="f6a7e310-cf43-46e7-ad8e-ad8df4df2292" /><TestMethod codeBase="E:\code\_migrated\QuantPlatform\QTG\UniverseGeneratorTest\bin\Debug\netcoreapp2.0\publish\UniverseGenerator.Test.dll" adapterTypeName="executor://nunit3testexecutor/" className="UniverseGenerator.Test.Release.TestApprovalManager" name="TestSetDepartmentApprovalState(FinancialDataGroup,Pending)" /></UnitTest><UnitTest name="TestGenerateMembersHistoric_From2010-01-01_WithoutMembersIdeal_WithExistingMembersHistoric" storage="e:\code\_migrated\quantplatform\qtg\universegeneratortest\bin\debug\netcoreapp2.0\publish\universegenerator.test.dll" id="fe5cdd28-0c09-4c95-9f02-4f7931184f26"><Execution id="1bfc6ee6-e044-4770-8d5f-f37018a41171" /><TestMethod codeBase="E:\code\_migrated\QuantPlatform\QTG\UniverseGeneratorTest\bin\Debug\netcoreapp2.0\publish\UniverseGenerator.Test.dll" adapterTypeName="executor://nunit3testexecutor/" className="UniverseGenerator.Test.TestQtgMembersHistoricGenerator" name="TestGenerateMembersHistoric_From2010-01-01_WithoutMembersIdeal_WithExistingMembersHistoric" /></UnitTest><UnitTest name="TestExcludedFrom" storage="e:\code\_migrated\quantplatform\qtg\universegeneratortest\bin\debug\netcoreapp2.0\publish\universegenerator.test.dll" id="45165308-09ed-4ce6-bf6c-1abd2159639e"><Execution id="7e99fc52-192d-4c90-8340-47778c29a810" /><TestMethod codeBase="E:\code\_migrated\QuantPlatform\QTG\UniverseGeneratorTest\bin\Debug\netcoreapp2.0\publish\UniverseGenerator.Test.dll" adapterTypeName="executor://nunit3testexecutor/" className="UniverseGenerator.Test.Filter.TestRemoveFromAllUniversesFilter" name="TestExcludedFrom" /></UnitTest><UnitTest name="TestMultipleStocks" storage="e:\code\_migrated\quantplatform\qtg\universegeneratortest\bin\debug\netcoreapp2.0\publish\universegenerator.test.dll" id="c3f880a6-ba94-4a01-88aa-32ed76aa3ceb"><Execution id="33b37520-7cbe-4707-a196-2df1b5821ac7" /><TestMethod codeBase="E:\code\_migrated\QuantPlatform\QTG\UniverseGeneratorTest\bin\Debug\netcoreapp2.0\publish\UniverseGenerator.Test.dll" adapterTypeName="executor://nunit3testexecutor/" className="UniverseGenerator.Test.Release.TestSyncIdeal" name="TestMultipleStocks" /></UnitTest><UnitTest name="TestMembers" storage="e:\code\_migrated\quantplatform\qtg\universegeneratortest\bin\debug\netcoreapp2.0\publish\universegenerator.test.dll" id="0fe20d70-8a79-4070-a058-1e2f2e17f10e"><Execution id="31a7e13a-2c10-4dac-ab05-446d88db9ba8" /><TestMethod codeBase="E:\code\_migrated\QuantPlatform\QTG\UniverseGeneratorTest\bin\Debug\netcoreapp2.0\publish\UniverseGenerator.Test.dll" adapterTypeName="executor://nunit3testexecutor/" className="UniverseGenerator.Test.Email.TestHtmlEmailFileBuilder" name="TestMembers" /></UnitTest><UnitTest name="TestOutThenIn" storage="e:\code\_migrated\quantplatform\qtg\universegeneratortest\bin\debug\netcoreapp2.0\publish\universegenerator.test.dll" id="679f334a-f38d-4020-856a-1c6d0c9574d5"><Execution id="58c61818-74ca-4711-9f95-76f37f07f93d" /><TestMethod codeBase="E:\code\_migrated\QuantPlatform\QTG\UniverseGeneratorTest\bin\Debug\netcoreapp2.0\publish\UniverseGenerator.Test.dll" adapterTypeName="executor://nunit3testexecutor/" className="UniverseGenerator.Test.Filter.TestRemovePerUniverseFilter" name="TestOutThenIn" /></UnitTest><UnitTest name="TestPriceThresholdAndGlobalLiquidityThreshold_Exchanges" storage="e:\code\_migrated\quantplatform\qtg\universegeneratortest\bin\debug\netcoreapp2.0\publish\universegenerator.test.dll" id="9d9654b3-82a4-4ecb-90b7-111d416560d2"><Execution id="f04ffe68-8669-4873-b58a-4484acc3360b" /><TestMethod codeBase="E:\code\_migrated\QuantPlatform\QTG\UniverseGeneratorTest\bin\Debug\netcoreapp2.0\publish\UniverseGenerator.Test.dll" adapterTypeName="executor://nunit3testexecutor/" className="UniverseGenerator.Test.TestUniverseConfig" name="TestPriceThresholdAndGlobalLiquidityThreshold_Exchanges" /></UnitTest><UnitTest name="TestCopyInclusionsForMember" storage="e:\code\_migrated\quantplatform\qtg\universegeneratortest\bin\debug\netcoreapp2.0\publish\universegenerator.test.dll" id="c6deae09-22be-4ee8-9a9f-0c4d1f7360c8"><Execution id="b674d924-79d8-4980-8749-b1244bd3b887" /><TestMethod codeBase="E:\code\_migrated\QuantPlatform\QTG\UniverseGeneratorTest\bin\Debug\netcoreapp2.0\publish\UniverseGenerator.Test.dll" adapterTypeName="executor://nunit3testexecutor/" className="UniverseGenerator.Test.InclusionDate.Converter.TestInclusionDatesConverter" name="TestCopyInclusionsForMember" /></UnitTest><UnitTest name="TestFilterWhereUnderlyingFutureIsPresent" storage="e:\code\_migrated\quantplatform\qtg\universegeneratortest\bin\debug\netcoreapp2.0\publish\universegenerator.test.dll" id="b1923fb8-f5c2-4f08-9b7c-6ef6474df0af"><Execution id="a1d00b8d-a032-4f2d-8138-e7bafc142477" /><TestMethod codeBase="E:\code\_migrated\QuantPlatform\QTG\UniverseGeneratorTest\bin\Debug\netcoreapp2.0\publish\UniverseGenerator.Test.dll" adapterTypeName="executor://nunit3testexecutor/" className="UniverseGenerator.Test.Members.SyntheticFutures.Creator.TestNewSyntheticFuturesMapper" name="TestFilterWhereUnderlyingFutureIsPresent" /></UnitTest><UnitTest name="TestFilterOnExchange" storage="e:\code\_migrated\quantplatform\qtg\universegeneratortest\bin\debug\netcoreapp2.0\publish\universegenerator.test.dll" id="0c40922b-e611-4ae3-bc00-aed230b3c5fb"><Execution id="ccbd19b4-1579-47fd-b0e7-67117b89cda5" /><TestMethod codeBase="E:\code\_migrated\QuantPlatform\QTG\UniverseGeneratorTest\bin\Debug\netcoreapp2.0\publish\UniverseGenerator.Test.dll" adapterTypeName="executor://nunit3testexecutor/" className="UniverseGenerator.Test.Members.SyntheticFutures.TestCandidateSyntheticFuturesProvider" name="TestFilterOnExchange" /></UnitTest><UnitTest name="TestCreateAuxiliaryMembers_DeleteLeadingDeletes" storage="e:\code\_migrated\quantplatform\qtg\universegeneratortest\bin\debug\netcoreapp2.0\publish\universegenerator.test.dll" id="bcd90a24-60ed-4b20-9a31-585b4fc492fd"><Execution id="fa21348a-eaa6-4268-a549-cb4ea3adf70b" /><TestMethod codeBase="E:\code\_migrated\QuantPlatform\QTG\UniverseGeneratorTest\bin\Debug\netcoreapp2.0\publish\UniverseGenerator.Test.dll" adapterTypeName="executor://nunit3testexecutor/" className="UniverseGenerator.Test.Members.TestAuxiliaryMembers" name="TestCreateAuxiliaryMembers_DeleteLeadingDeletes" /></UnitTest><UnitTest name="TestGetAndValidateLatestReleaseState_InvalidRelease" storage="e:\code\_migrated\quantplatform\qtg\universegeneratortest\bin\debug\netcoreapp2.0\publish\universegenerator.test.dll" id="d797a914-8eac-43e3-9c71-82427f04a666"><Execution id="3eba8f40-c0ee-4aca-928a-9a9b527a6fa7" /><TestMethod codeBase="E:\code\_migrated\QuantPlatform\QTG\UniverseGeneratorTest\bin\Debug\netcoreapp2.0\publish\UniverseGenerator.Test.dll" adapterTypeName="executor://nunit3testexecutor/" className="UniverseGenerator.Test.Release.TestApprovalManager" name="TestGetAndValidateLatestReleaseState_InvalidRelease" /></UnitTest><UnitTest name="TestOutThenInConsecutiveEvents" storage="e:\code\_migrated\quantplatform\qtg\universegeneratortest\bin\debug\netcoreapp2.0\publish\universegenerator.test.dll" id="20b73b6d-cb6b-493d-b4b8-54c5c83a2e0d"><Execution id="8baae82a-2a38-4994-9dab-dfe9a8840aa3" /><TestMethod codeBase="E:\code\_migrated\QuantPlatform\QTG\UniverseGeneratorTest\bin\Debug\netcoreapp2.0\publish\UniverseGenerator.Test.dll" adapterTypeName="executor://nunit3testexecutor/" className="UniverseGenerator.Test.Filter.TestRemoveFromAllUniversesFilter" name="TestOutThenInConsecutiveEvents" /></UnitTest><UnitTest name="TestSyntheticFuturesReasonsReader" storage="e:\code\_migrated\quantplatform\qtg\universegeneratortest\bin\debug\netcoreapp2.0\publish\universegenerator.test.dll" id="b44a75bf-fd95-491e-956a-f009463460b8"><Execution id="3aae7639-26be-41b3-b2f0-dd76609c9596" /><TestMethod codeBase="E:\code\_migrated\QuantPlatform\QTG\UniverseGeneratorTest\bin\Debug\netcoreapp2.0\publish\UniverseGenerator.Test.dll" adapterTypeName="executor://nunit3testexecutor/" className="UniverseGenerator.Test.TestUniverseConfig" name="TestSyntheticFuturesReasonsReader" /></UnitTest><UnitTest name="TestMixed" storage="e:\code\_migrated\quantplatform\qtg\universegeneratortest\bin\debug\netcoreapp2.0\publish\universegenerator.test.dll" id="437178c1-7e36-4585-a878-a720b205a5be"><Execution id="ff108852-1d99-45a9-a1cc-dfb5e595906a" /><TestMethod codeBase="E:\code\_migrated\QuantPlatform\QTG\UniverseGeneratorTest\bin\Debug\netcoreapp2.0\publish\UniverseGenerator.Test.dll" adapterTypeName="executor://nunit3testexecutor/" className="UniverseGenerator.Test.InclusionDate.TestDiffDatesForDataSync" name="TestMixed" /></UnitTest><UnitTest name="TestGenerateMembersHistoric_From2018-01-01_WithMembersIdealAroundExistingMembersHistoricEndDate_WithoutExistingMembersHistoric" storage="e:\code\_migrated\quantplatform\qtg\universegeneratortest\bin\debug\netcoreapp2.0\publish\universegenerator.test.dll" id="1ca8aba5-9469-437b-ac62-a829614b293b"><Execution id="36295491-33d8-4429-8cbd-e14f582d1f9f" /><TestMethod codeBase="E:\code\_migrated\QuantPlatform\QTG\UniverseGeneratorTest\bin\Debug\netcoreapp2.0\publish\UniverseGenerator.Test.dll" adapterTypeName="executor://nunit3testexecutor/" className="UniverseGenerator.Test.TestQtgMembersHistoricGenerator" name="TestGenerateMembersHistoric_From2018-01-01_WithMembersIdealAroundExistingMembersHistoricEndDate_WithoutExistingMembersHistoric" /></UnitTest><UnitTest name="TestGenerateMembersHistoric_From2018-01-01_WithMembersIdealOnExistingMembersHistoricEndDate_WithoutExistingMembersHistoric" storage="e:\code\_migrated\quantplatform\qtg\universegeneratortest\bin\debug\netcoreapp2.0\publish\universegenerator.test.dll" id="f82e0bdb-66b5-472d-899c-8661e8263a47"><Execution id="f1684f24-2e09-4c5f-bc97-e048e3fed446" /><TestMethod codeBase="E:\code\_migrated\QuantPlatform\QTG\UniverseGeneratorTest\bin\Debug\netcoreapp2.0\publish\UniverseGenerator.Test.dll" adapterTypeName="executor://nunit3testexecutor/" className="UniverseGenerator.Test.TestQtgMembersHistoricGenerator" name="TestGenerateMembersHistoric_From2018-01-01_WithMembersIdealOnExistingMembersHistoricEndDate_WithoutExistingMembersHistoric" /></UnitTest><UnitTest name="TestDoNotSendIfNotFinancialDataGroup(Execution)" storage="e:\code\_migrated\quantplatform\qtg\universegeneratortest\bin\debug\netcoreapp2.0\publish\universegenerator.test.dll" id="6dd8f766-4566-4043-970b-a9b731f8146e"><Execution id="db3c12e0-24f7-4338-b7aa-7a39d87f48b9" /><TestMethod codeBase="E:\code\_migrated\QuantPlatform\QTG\UniverseGeneratorTest\bin\Debug\netcoreapp2.0\publish\UniverseGenerator.Test.dll" adapterTypeName="executor://nunit3testexecutor/" className="UniverseGenerator.Test.Email.TestBadlyConfiguredSecuritiesReporter" name="TestDoNotSendIfNotFinancialDataGroup(Execution)" /></UnitTest><UnitTest name="TestScheduleRelease_ScheduleRelease_SomeScheduled_ActiveAndTrading" storage="e:\code\_migrated\quantplatform\qtg\universegeneratortest\bin\debug\netcoreapp2.0\publish\universegenerator.test.dll" id="ec41dc59-f3a1-415b-9b4b-03fe5a30c9ea"><Execution id="b0a4687e-8d20-4436-a271-5f40702ec694" /><TestMethod codeBase="E:\code\_migrated\QuantPlatform\QTG\UniverseGeneratorTest\bin\Debug\netcoreapp2.0\publish\UniverseGenerator.Test.dll" adapterTypeName="executor://nunit3testexecutor/" className="UniverseGenerator.Test.Release.TestApprovalManager" name="TestScheduleRelease_ScheduleRelease_SomeScheduled_ActiveAndTrading" /></UnitTest><UnitTest name="TestReleaseStates_Missing" storage="e:\code\_migrated\quantplatform\qtg\universegeneratortest\bin\debug\netcoreapp2.0\publish\universegenerator.test.dll" id="8210d212-7d48-4f4f-bbe1-bd0e9b529917"><Execution id="c5f1d684-0cf3-46e7-9c66-3ee4e10bac54" /><TestMethod codeBase="E:\code\_migrated\QuantPlatform\QTG\UniverseGeneratorTest\bin\Debug\netcoreapp2.0\publish\UniverseGenerator.Test.dll" adapterTypeName="executor://nunit3testexecutor/" className="UniverseGenerator.Test.TestUniverseConfig" name="TestReleaseStates_Missing" /></UnitTest><UnitTest name="TestWithMembersIdealOnly_BeforeToday" storage="e:\code\_migrated\quantplatform\qtg\universegeneratortest\bin\debug\netcoreapp2.0\publish\universegenerator.test.dll" id="8b9c48a7-2004-4eac-bb49-ffa40355a73e"><Execution id="3dd78d62-3be8-446b-8d77-91151125bc12" /><TestMethod codeBase="E:\code\_migrated\QuantPlatform\QTG\UniverseGeneratorTest\bin\Debug\netcoreapp2.0\publish\UniverseGenerator.Test.dll" adapterTypeName="executor://nunit3testexecutor/" className="UniverseGenerator.Test.Futures.TestMembersForExecutionProvider" name="TestWithMembersIdealOnly_BeforeToday" /></UnitTest><UnitTest name="TestOutThenInThenOutAgain" storage="e:\code\_migrated\quantplatform\qtg\universegeneratortest\bin\debug\netcoreapp2.0\publish\universegenerator.test.dll" id="d78e46d1-d48f-4c9f-bcb2-02f386ae988a"><Execution id="6ea66b4e-db42-4253-bf99-ca3f843e6b96" /><TestMethod codeBase="E:\code\_migrated\QuantPlatform\QTG\UniverseGeneratorTest\bin\Debug\netcoreapp2.0\publish\UniverseGenerator.Test.dll" adapterTypeName="executor://nunit3testexecutor/" className="UniverseGenerator.Test.Filter.TestRemoveFromAllUniversesFilter" name="TestOutThenInThenOutAgain" /></UnitTest><UnitTest name="TestRelease_ForNoSync_Cancelled" storage="e:\code\_migrated\quantplatform\qtg\universegeneratortest\bin\debug\netcoreapp2.0\publish\universegenerator.test.dll" id="41a5c6eb-c3d4-41fd-8607-a6dcbe7d017c"><Execution id="000ba6d0-4d49-4190-82c1-bc83668f9166" /><TestMethod codeBase="E:\code\_migrated\QuantPlatform\QTG\UniverseGeneratorTest\bin\Debug\netcoreapp2.0\publish\UniverseGenerator.Test.dll" adapterTypeName="executor://nunit3testexecutor/" className="UniverseGenerator.Test.Release.TestReleaseToLive" name="TestRelease_ForNoSync_Cancelled" /></UnitTest><UnitTest name="TestGenerateMembersHistoric_RaisesJiraTicketOnFailure" storage="e:\code\_migrated\quantplatform\qtg\universegeneratortest\bin\debug\netcoreapp2.0\publish\universegenerator.test.dll" id="b3584961-3f71-4c60-910c-ee0fae2ace88"><Execution id="4654fa63-8196-4509-b361-dced10e23160" /><TestMethod codeBase="E:\code\_migrated\QuantPlatform\QTG\UniverseGeneratorTest\bin\Debug\netcoreapp2.0\publish\UniverseGenerator.Test.dll" adapterTypeName="executor://nunit3testexecutor/" className="UniverseGenerator.Test.TestUniverseGeneratorApp" name="TestGenerateMembersHistoric_RaisesJiraTicketOnFailure" /></UnitTest><UnitTest name="TestFetchAll_BatchLoad" storage="e:\code\_migrated\quantplatform\qtg\universegeneratortest\bin\debug\netcoreapp2.0\publish\universegenerator.test.dll" id="aa1fdb9c-09fb-4756-8ab8-ddb1f5c30cad"><Execution id="3405ebe0-6926-4770-a3a1-9ddbbbee700e" /><TestMethod codeBase="E:\code\_migrated\QuantPlatform\QTG\UniverseGeneratorTest\bin\Debug\netcoreapp2.0\publish\UniverseGenerator.Test.dll" adapterTypeName="executor://nunit3testexecutor/" className="UniverseGenerator.Test.TestDataStoreObjectsProvider" name="TestFetchAll_BatchLoad" /></UnitTest><UnitTest name="TestWithIdealPresentFromTodayAndMissingInExisting_ExcludedBefore" storage="e:\code\_migrated\quantplatform\qtg\universegeneratortest\bin\debug\netcoreapp2.0\publish\universegenerator.test.dll" id="d0638733-03cb-4e65-975e-1ec3d2306c3d"><Execution id="74551220-d3ae-4ea4-bab8-3654671116fc" /><TestMethod codeBase="E:\code\_migrated\QuantPlatform\QTG\UniverseGeneratorTest\bin\Debug\netcoreapp2.0\publish\UniverseGenerator.Test.dll" adapterTypeName="executor://nunit3testexecutor/" className="UniverseGenerator.Test.Futures.TestMembersForExecutionProvider" name="TestWithIdealPresentFromTodayAndMissingInExisting_ExcludedBefore" /></UnitTest><UnitTest name="TestIsReleaseLocked_OnlyIfAllInPendingOrRequested_Requested" storage="e:\code\_migrated\quantplatform\qtg\universegeneratortest\bin\debug\netcoreapp2.0\publish\universegenerator.test.dll" id="65482a0b-a5ab-47eb-9f5d-ac749427f0d3"><Execution id="aaea430c-e133-4284-b14b-adb02321b7b5" /><TestMethod codeBase="E:\code\_migrated\QuantPlatform\QTG\UniverseGeneratorTest\bin\Debug\netcoreapp2.0\publish\UniverseGenerator.Test.dll" adapterTypeName="executor://nunit3testexecutor/" className="UniverseGenerator.Test.Release.TestApprovalManager" name="TestIsReleaseLocked_OnlyIfAllInPendingOrRequested_Requested" /></UnitTest><UnitTest name="TestRemoveStocksWithBirthDateAt_1990_01_01" storage="e:\code\_migrated\quantplatform\qtg\universegeneratortest\bin\debug\netcoreapp2.0\publish\universegenerator.test.dll" id="5f5ddb3b-39aa-4290-a58b-3190a4601faf"><Execution id="b870e1ed-9cf2-4654-b9fe-5fc94e3583f2" /><TestMethod codeBase="E:\code\_migrated\QuantPlatform\QTG\UniverseGeneratorTest\bin\Debug\netcoreapp2.0\publish\UniverseGenerator.Test.dll" adapterTypeName="executor://nunit3testexecutor/" className="UniverseGenerator.Test.Filter.TestBirthDateConfiguredFilter" name="TestRemoveStocksWithBirthDateAt_1990_01_01" /></UnitTest><UnitTest name="TestExcludeForSixMonthsFromBirth_OverEnd" storage="e:\code\_migrated\quantplatform\qtg\universegeneratortest\bin\debug\netcoreapp2.0\publish\universegenerator.test.dll" id="7241762f-e270-46fb-8d9d-6a1b47310df9"><Execution id="89b9f765-3f14-454f-b157-45171e31c45e" /><TestMethod codeBase="E:\code\_migrated\QuantPlatform\QTG\UniverseGeneratorTest\bin\Debug\netcoreapp2.0\publish\UniverseGenerator.Test.dll" adapterTypeName="executor://nunit3testexecutor/" className="UniverseGenerator.Test.Filter.TestBirthCoolOffFilter" name="TestExcludeForSixMonthsFromBirth_OverEnd" /></UnitTest><UnitTest name="TestOnlyExistingIncluded_MultipleReasons" storage="e:\code\_migrated\quantplatform\qtg\universegeneratortest\bin\debug\netcoreapp2.0\publish\universegenerator.test.dll" id="248aa7fc-39ca-458b-946f-3044dd0003ae"><Execution id="f90e90e7-9e8e-4707-adf2-4f6acafc27a1" /><TestMethod codeBase="E:\code\_migrated\QuantPlatform\QTG\UniverseGeneratorTest\bin\Debug\netcoreapp2.0\publish\UniverseGenerator.Test.dll" adapterTypeName="executor://nunit3testexecutor/" className="UniverseGenerator.Test.Members.TestQtgMembersGenerator" name="TestOnlyExistingIncluded_MultipleReasons" /></UnitTest><UnitTest name="TestGenerateMembersHistoric_From2010-01-01_WithMembersIdealOnExistingMembersHistoricEndDate_WithExistingMembersHistoric" storage="e:\code\_migrated\quantplatform\qtg\universegeneratortest\bin\debug\netcoreapp2.0\publish\universegenerator.test.dll" id="8c832036-ea78-4ec5-a68f-d1b91fce165a"><Execution id="0cde2cc1-f664-480f-bdc6-76ca6e32fabe" /><TestMethod codeBase="E:\code\_migrated\QuantPlatform\QTG\UniverseGeneratorTest\bin\Debug\netcoreapp2.0\publish\UniverseGenerator.Test.dll" adapterTypeName="executor://nunit3testexecutor/" className="UniverseGenerator.Test.TestQtgMembersHistoricGenerator" name="TestGenerateMembersHistoric_From2010-01-01_WithMembersIdealOnExistingMembersHistoricEndDate_WithExistingMembersHistoric" /></UnitTest><UnitTest name="TestThrowIfFutureContractsUniverse" storage="e:\code\_migrated\quantplatform\qtg\universegeneratortest\bin\debug\netcoreapp2.0\publish\universegenerator.test.dll" id="76a38e8b-e6fa-4308-9536-536caa4dfcf3"><Execution id="51ecf9f9-c47d-4182-b83f-20fb02f5d6e2" /><TestMethod codeBase="E:\code\_migrated\QuantPlatform\QTG\UniverseGeneratorTest\bin\Debug\netcoreapp2.0\publish\UniverseGenerator.Test.dll" adapterTypeName="executor://nunit3testexecutor/" className="UniverseGenerator.Test.Release.TestReleaseApprove" name="TestThrowIfFutureContractsUniverse" /></UnitTest><UnitTest name="TestLiveMembers" storage="e:\code\_migrated\quantplatform\qtg\universegeneratortest\bin\debug\netcoreapp2.0\publish\universegenerator.test.dll" id="6538c961-7868-48ff-acb4-ebf39860c201"><Execution id="9767ba2d-6ca3-40c5-a11e-e06549811e37" /><TestMethod codeBase="E:\code\_migrated\QuantPlatform\QTG\UniverseGeneratorTest\bin\Debug\netcoreapp2.0\publish\UniverseGenerator.Test.dll" adapterTypeName="executor://nunit3testexecutor/" className="UniverseGenerator.Test.Members.TestUniverseMembers" name="TestLiveMembers" /></UnitTest><UnitTest name="TestRequestApprovalsIfNeeded_DoNotSend_NotEligibleForRelease_Superseded" storage="e:\code\_migrated\quantplatform\qtg\universegeneratortest\bin\debug\netcoreapp2.0\publish\universegenerator.test.dll" id="cf7c22a7-90cb-48b0-9123-d005dd1e1ce3"><Execution id="805c2460-8bdf-499b-b773-682e747d0aa1" /><TestMethod codeBase="E:\code\_migrated\QuantPlatform\QTG\UniverseGeneratorTest\bin\Debug\netcoreapp2.0\publish\UniverseGenerator.Test.dll" adapterTypeName="executor://nunit3testexecutor/" className="UniverseGenerator.Test.Email.TestEmails" name="TestRequestApprovalsIfNeeded_DoNotSend_NotEligibleForRelease_Superseded" /></UnitTest><UnitTest name="TestRequestApprovalsIfNeeded_DoNotSend_NotEligibleForRelease_Completed" storage="e:\code\_migrated\quantplatform\qtg\universegeneratortest\bin\debug\netcoreapp2.0\publish\universegenerator.test.dll" id="52702f31-f1ec-4e58-9196-9d6c35e02fc6"><Execution id="a7ed3e2b-3733-426d-884f-b7a83480f7c8" /><TestMethod codeBase="E:\code\_migrated\QuantPlatform\QTG\UniverseGeneratorTest\bin\Debug\netcoreapp2.0\publish\UniverseGenerator.Test.dll" adapterTypeName="executor://nunit3testexecutor/" className="UniverseGenerator.Test.Email.TestEmails" name="TestRequestApprovalsIfNeeded_DoNotSend_NotEligibleForRelease_Completed" /></UnitTest><UnitTest name="TestEnumerableRange_ToOnEnd" storage="e:\code\_migrated\quantplatform\qtg\universegeneratortest\bin\debug\netcoreapp2.0\publish\universegenerator.test.dll" id="a7afe7f8-9685-42e2-9b90-fb67fb21682f"><Execution id="6ecd052e-7cae-4300-8f66-7b91939fba10" /><TestMethod codeBase="E:\code\_migrated\QuantPlatform\QTG\UniverseGeneratorTest\bin\Debug\netcoreapp2.0\publish\UniverseGenerator.Test.dll" adapterTypeName="executor://nunit3testexecutor/" className="UniverseGenerator.Test.InclusionDate.TestDateRangeExt" name="TestEnumerableRange_ToOnEnd" /></UnitTest><UnitTest name="TestWithMembersIdealOnly_OverToday" storage="e:\code\_migrated\quantplatform\qtg\universegeneratortest\bin\debug\netcoreapp2.0\publish\universegenerator.test.dll" id="77e8d113-00d6-43d2-b72d-b433ac090a26"><Execution id="5dbdc9b8-b50e-48f4-95fa-9cd24c7a9883" /><TestMethod codeBase="E:\code\_migrated\QuantPlatform\QTG\UniverseGeneratorTest\bin\Debug\netcoreapp2.0\publish\UniverseGenerator.Test.dll" adapterTypeName="executor://nunit3testexecutor/" className="UniverseGenerator.Test.Futures.TestMembersForExecutionProvider" name="TestWithMembersIdealOnly_OverToday" /></UnitTest><UnitTest name="TestRangeUnion_Overlap" storage="e:\code\_migrated\quantplatform\qtg\universegeneratortest\bin\debug\netcoreapp2.0\publish\universegenerator.test.dll" id="0834b262-7a45-4dc8-96a5-69d83f868d9d"><Execution id="5639abf7-ed49-40c5-b9e3-3be154592e6b" /><TestMethod codeBase="E:\code\_migrated\QuantPlatform\QTG\UniverseGeneratorTest\bin\Debug\netcoreapp2.0\publish\UniverseGenerator.Test.dll" adapterTypeName="executor://nunit3testexecutor/" className="UniverseGenerator.Test.InclusionDate.TestUnionInclusionDates" name="TestRangeUnion_Overlap" /></UnitTest><UnitTest name="TestRequestApprovalsIfNeeded_DoNotSend_NotEligibleForRelease_Pending" storage="e:\code\_migrated\quantplatform\qtg\universegeneratortest\bin\debug\netcoreapp2.0\publish\universegenerator.test.dll" id="5baa687a-baf0-4e81-9d53-9f823431a050"><Execution id="a42ec22a-c923-423b-aad9-fbb3e080c6c7" /><TestMethod codeBase="E:\code\_migrated\QuantPlatform\QTG\UniverseGeneratorTest\bin\Debug\netcoreapp2.0\publish\UniverseGenerator.Test.dll" adapterTypeName="executor://nunit3testexecutor/" className="UniverseGenerator.Test.Email.TestEmails" name="TestRequestApprovalsIfNeeded_DoNotSend_NotEligibleForRelease_Pending" /></UnitTest><UnitTest name="TestNoDiffMixed_MixedReasons" storage="e:\code\_migrated\quantplatform\qtg\universegeneratortest\bin\debug\netcoreapp2.0\publish\universegenerator.test.dll" id="a3ab4a8f-3e88-41fb-aaf9-dfc0b5b71255"><Execution id="e3899a72-6c27-4c94-9c0d-158053cbcca2" /><TestMethod codeBase="E:\code\_migrated\QuantPlatform\QTG\UniverseGeneratorTest\bin\Debug\netcoreapp2.0\publish\UniverseGenerator.Test.dll" adapterTypeName="executor://nunit3testexecutor/" className="UniverseGenerator.Test.InclusionDate.TestDiffDatesForDataSync" name="TestNoDiffMixed_MixedReasons" /></UnitTest><UnitTest name="TestGetValue_WithValidExchange_OverThreshold_InvalidDay" storage="e:\code\_migrated\quantplatform\qtg\universegeneratortest\bin\debug\netcoreapp2.0\publish\universegenerator.test.dll" id="c45073aa-d65e-4150-a16d-b80ba9144b37"><Execution id="b85c6895-feaf-443e-b24d-5c83f5cb7646" /><TestMethod codeBase="E:\code\_migrated\QuantPlatform\QTG\UniverseGeneratorTest\bin\Debug\netcoreapp2.0\publish\UniverseGenerator.Test.dll" adapterTypeName="executor://nunit3testexecutor/" className="UniverseGenerator.Test.Filter.Liquidity.TestOverThresholdHitRatioRollingLiquidity" name="TestGetValue_WithValidExchange_OverThreshold_InvalidDay" /></UnitTest><UnitTest name="TestSingleEntry_End" storage="e:\code\_migrated\quantplatform\qtg\universegeneratortest\bin\debug\netcoreapp2.0\publish\universegenerator.test.dll" id="70a2715c-ae3d-4c7b-bcd0-67d1f4a31f1c"><Execution id="d009c37b-5bee-449a-9d02-c2cba532885c" /><TestMethod codeBase="E:\code\_migrated\QuantPlatform\QTG\UniverseGeneratorTest\bin\Debug\netcoreapp2.0\publish\UniverseGenerator.Test.dll" adapterTypeName="executor://nunit3testexecutor/" className="UniverseGenerator.Test.Futures.Mean.TestFutureContractSumTrades" name="TestSingleEntry_End" /></UnitTest><UnitTest name="TestReloadStateOnWrites" storage="e:\code\_migrated\quantplatform\qtg\universegeneratortest\bin\debug\netcoreapp2.0\publish\universegenerator.test.dll" id="80644fc3-d945-4cc4-826a-c823fde367ff"><Execution id="4896a746-c4ef-4cf3-96c3-e67173373ca3" /><TestMethod codeBase="E:\code\_migrated\QuantPlatform\QTG\UniverseGeneratorTest\bin\Debug\netcoreapp2.0\publish\UniverseGenerator.Test.dll" adapterTypeName="executor://nunit3testexecutor/" className="UniverseGenerator.Test.Release.TestApprovalManager" name="TestReloadStateOnWrites" /></UnitTest><UnitTest name="TestGenerateMembersHistoric_From0001-01-01_WithoutMembersIdeal_WithExistingMembersHistoric" storage="e:\code\_migrated\quantplatform\qtg\universegeneratortest\bin\debug\netcoreapp2.0\publish\universegenerator.test.dll" id="5f2358db-eb11-496a-9fd7-0ace9f2dd4a7"><Execution id="bb59285c-2429-40b4-b73c-9d88652df1da" /><TestMethod codeBase="E:\code\_migrated\QuantPlatform\QTG\UniverseGeneratorTest\bin\Debug\netcoreapp2.0\publish\UniverseGenerator.Test.dll" adapterTypeName="executor://nunit3testexecutor/" className="UniverseGenerator.Test.TestQtgMembersHistoricGenerator" name="TestGenerateMembersHistoric_From0001-01-01_WithoutMembersIdeal_WithExistingMembersHistoric" /></UnitTest><UnitTest name="TestUnionSyncMembers" storage="e:\code\_migrated\quantplatform\qtg\universegeneratortest\bin\debug\netcoreapp2.0\publish\universegenerator.test.dll" id="3a1d301b-6ea0-4486-b956-b7613b6acc83"><Execution id="2b5e2311-2b17-484d-b077-f2e45424552a" /><TestMethod codeBase="E:\code\_migrated\QuantPlatform\QTG\UniverseGeneratorTest\bin\Debug\netcoreapp2.0\publish\UniverseGenerator.Test.dll" adapterTypeName="executor://nunit3testexecutor/" className="UniverseGenerator.Test.Release.TestReleasePanGaea" name="TestUnionSyncMembers" /></UnitTest><UnitTest name="TestMultipleReasons" storage="e:\code\_migrated\quantplatform\qtg\universegeneratortest\bin\debug\netcoreapp2.0\publish\universegenerator.test.dll" id="ded8b594-e32a-4eef-95bc-1963ab1892b9"><Execution id="0ce32b15-08d6-4539-bdfd-9e4919000e3e" /><TestMethod codeBase="E:\code\_migrated\QuantPlatform\QTG\UniverseGeneratorTest\bin\Debug\netcoreapp2.0\publish\UniverseGenerator.Test.dll" adapterTypeName="executor://nunit3testexecutor/" className="UniverseGenerator.Test.InclusionDate.TestUniGenReasonConverter" name="TestMultipleReasons" /></UnitTest><UnitTest name="TestOutThenBackIn" storage="e:\code\_migrated\quantplatform\qtg\universegeneratortest\bin\debug\netcoreapp2.0\publish\universegenerator.test.dll" id="002e5800-8b9f-4913-a09a-621bd4b22770"><Execution id="de9461d4-4e5b-4648-ba2a-58fddbf49170" /><TestMethod codeBase="E:\code\_migrated\QuantPlatform\QTG\UniverseGeneratorTest\bin\Debug\netcoreapp2.0\publish\UniverseGenerator.Test.dll" adapterTypeName="executor://nunit3testexecutor/" className="UniverseGenerator.Test.Filter.TestUniversePresenceFilter" name="TestOutThenBackIn" /></UnitTest><UnitTest name="TestVerifyReleaseState_Approved" storage="e:\code\_migrated\quantplatform\qtg\universegeneratortest\bin\debug\netcoreapp2.0\publish\universegenerator.test.dll" id="e6b1f0a3-b7e4-4587-bcc5-f14388252792"><Execution id="6574ac83-92a4-48e5-aa01-2a72723b51a0" /><TestMethod codeBase="E:\code\_migrated\QuantPlatform\QTG\UniverseGeneratorTest\bin\Debug\netcoreapp2.0\publish\UniverseGenerator.Test.dll" adapterTypeName="executor://nunit3testexecutor/" className="UniverseGenerator.Test.Release.TestReleaseApprove" name="TestVerifyReleaseState_Approved" /></UnitTest><UnitTest name="TestDoNotFilterWhere_Future_PresentNotInLatestName" storage="e:\code\_migrated\quantplatform\qtg\universegeneratortest\bin\debug\netcoreapp2.0\publish\universegenerator.test.dll" id="518f52a5-c3f6-42e1-80af-94b53ecab51c"><Execution id="da2ddd10-7ce3-45c7-b6cf-b457c1bba019" /><TestMethod codeBase="E:\code\_migrated\QuantPlatform\QTG\UniverseGeneratorTest\bin\Debug\netcoreapp2.0\publish\UniverseGenerator.Test.dll" adapterTypeName="executor://nunit3testexecutor/" className="UniverseGenerator.Test.Members.SyntheticFutures.Creator.TestNewSyntheticFuturesMapper" name="TestDoNotFilterWhere_Future_PresentNotInLatestName" /></UnitTest><UnitTest name="TestDatesFor" storage="e:\code\_migrated\quantplatform\qtg\universegeneratortest\bin\debug\netcoreapp2.0\publish\universegenerator.test.dll" id="3b5562b7-bd77-46c2-89fd-f55f6dc1eca2"><Execution id="90fd5851-9fce-4217-9084-d5c91bc12776" /><TestMethod codeBase="E:\code\_migrated\QuantPlatform\QTG\UniverseGeneratorTest\bin\Debug\netcoreapp2.0\publish\UniverseGenerator.Test.dll" adapterTypeName="executor://nunit3testexecutor/" className="UniverseGenerator.Test.InclusionDate.TestIntersectionInclusionDates" name="TestDatesFor" /></UnitTest><UnitTest name="TestGenerateMembersHistoric_From2010-01-01_WithMembersIdealAfterExistingMembersHistoricEndDate_WithoutExistingMembersHistoric" storage="e:\code\_migrated\quantplatform\qtg\universegeneratortest\bin\debug\netcoreapp2.0\publish\universegenerator.test.dll" id="dcf6cc15-0350-434f-8830-5476982e03fa"><Execution id="7c95334b-4c79-4c36-90ae-c0ecd298201a" /><TestMethod codeBase="E:\code\_migrated\QuantPlatform\QTG\UniverseGeneratorTest\bin\Debug\netcoreapp2.0\publish\UniverseGenerator.Test.dll" adapterTypeName="executor://nunit3testexecutor/" className="UniverseGenerator.Test.TestQtgMembersHistoricGenerator" name="TestGenerateMembersHistoric_From2010-01-01_WithMembersIdealAfterExistingMembersHistoricEndDate_WithoutExistingMembersHistoric" /></UnitTest><UnitTest name="TestSyntheticFutures" storage="e:\code\_migrated\quantplatform\qtg\universegeneratortest\bin\debug\netcoreapp2.0\publish\universegenerator.test.dll" id="b948c06a-ce61-4119-bbd4-4f6a04283aeb"><Execution id="ed00b469-fdb4-4288-8809-3b2f3f56a929" /><TestMethod codeBase="E:\code\_migrated\QuantPlatform\QTG\UniverseGeneratorTest\bin\Debug\netcoreapp2.0\publish\UniverseGenerator.Test.dll" adapterTypeName="executor://nunit3testexecutor/" className="UniverseGenerator.Test.Release.TestMemberFields" name="TestSyntheticFutures" /></UnitTest><UnitTest name="TestValidDay" storage="e:\code\_migrated\quantplatform\qtg\universegeneratortest\bin\debug\netcoreapp2.0\publish\universegenerator.test.dll" id="81651cb0-3465-472d-8368-52a6327f7bf7"><Execution id="393cb9ab-482c-4a00-b9bd-005d38204295" /><TestMethod codeBase="E:\code\_migrated\QuantPlatform\QTG\UniverseGeneratorTest\bin\Debug\netcoreapp2.0\publish\UniverseGenerator.Test.dll" adapterTypeName="executor://nunit3testexecutor/" className="UniverseGenerator.Test.Filter.Liquidity.TestLiquidityDataProvider" name="TestValidDay" /></UnitTest><UnitTest name="TestDiffs" storage="e:\code\_migrated\quantplatform\qtg\universegeneratortest\bin\debug\netcoreapp2.0\publish\universegenerator.test.dll" id="17411a3a-6416-4af7-a583-d29fd0c74425"><Execution id="56301db9-a907-4341-83c8-05ef18a15b23" /><TestMethod codeBase="E:\code\_migrated\QuantPlatform\QTG\UniverseGeneratorTest\bin\Debug\netcoreapp2.0\publish\UniverseGenerator.Test.dll" adapterTypeName="executor://nunit3testexecutor/" className="UniverseGenerator.Test.Email.FutureContracts.TestSummaryOfLiveVersusPendingGenerator" name="TestDiffs" /></UnitTest><UnitTest name="TestSingleEntry_Start" storage="e:\code\_migrated\quantplatform\qtg\universegeneratortest\bin\debug\netcoreapp2.0\publish\universegenerator.test.dll" id="beb6fdf5-e251-4a07-8c3c-5d153daab01c"><Execution id="f6f46ff5-36ff-4d3d-a1d2-1eb04ad2ea46" /><TestMethod codeBase="E:\code\_migrated\QuantPlatform\QTG\UniverseGeneratorTest\bin\Debug\netcoreapp2.0\publish\UniverseGenerator.Test.dll" adapterTypeName="executor://nunit3testexecutor/" className="UniverseGenerator.Test.Futures.Mean.TestFutureContractVolumeAdjustedLiquidity" name="TestSingleEntry_Start" /></UnitTest><UnitTest name="TestOnlyExistingIncluded_ExistingEntriesBeyondIdeal" storage="e:\code\_migrated\quantplatform\qtg\universegeneratortest\bin\debug\netcoreapp2.0\publish\universegenerator.test.dll" id="8e7ed41f-2c84-437a-8f7f-0071bf1a4932"><Execution id="ac7059f1-484c-43d8-aa8c-db9cca0eaa74" /><TestMethod codeBase="E:\code\_migrated\QuantPlatform\QTG\UniverseGeneratorTest\bin\Debug\netcoreapp2.0\publish\UniverseGenerator.Test.dll" adapterTypeName="executor://nunit3testexecutor/" className="UniverseGenerator.Test.Members.TestQtgMembersGenerator" name="TestOnlyExistingIncluded_ExistingEntriesBeyondIdeal" /></UnitTest><UnitTest name="TestRealNeverExcluded" storage="e:\code\_migrated\quantplatform\qtg\universegeneratortest\bin\debug\netcoreapp2.0\publish\universegenerator.test.dll" id="5ab6ee82-05d4-4ce2-85de-c40ac4935f16"><Execution id="0a831d0a-c647-4527-83e8-f8a0218681e5" /><TestMethod codeBase="E:\code\_migrated\QuantPlatform\QTG\UniverseGeneratorTest\bin\Debug\netcoreapp2.0\publish\UniverseGenerator.Test.dll" adapterTypeName="executor://nunit3testexecutor/" className="UniverseGenerator.Test.Release.TestSyncIdeal" name="TestRealNeverExcluded" /></UnitTest><UnitTest name="TestFilterWhereNeverHadValidUniverseExchange" storage="e:\code\_migrated\quantplatform\qtg\universegeneratortest\bin\debug\netcoreapp2.0\publish\universegenerator.test.dll" id="84b3c544-4d05-4744-82e7-abc013cddb1f"><Execution id="11847ef8-ba47-4e80-9bfe-5a36825b2ca5" /><TestMethod codeBase="E:\code\_migrated\QuantPlatform\QTG\UniverseGeneratorTest\bin\Debug\netcoreapp2.0\publish\UniverseGenerator.Test.dll" adapterTypeName="executor://nunit3testexecutor/" className="UniverseGenerator.Test.Members.SyntheticFutures.TestSyntheticFuturesProvider" name="TestFilterWhereNeverHadValidUniverseExchange" /></UnitTest><UnitTest name="TestRequestApprovalsIfNeeded_DoNotSend_NotEligibleForRelease_Cancelled" storage="e:\code\_migrated\quantplatform\qtg\universegeneratortest\bin\debug\netcoreapp2.0\publish\universegenerator.test.dll" id="4ca14a90-7294-41aa-b348-5471a96f93a2"><Execution id="018d7518-c40c-448d-98a9-cf4682b5e108" /><TestMethod codeBase="E:\code\_migrated\QuantPlatform\QTG\UniverseGeneratorTest\bin\Debug\netcoreapp2.0\publish\UniverseGenerator.Test.dll" adapterTypeName="executor://nunit3testexecutor/" className="UniverseGenerator.Test.Email.TestEmails" name="TestRequestApprovalsIfNeeded_DoNotSend_NotEligibleForRelease_Cancelled" /></UnitTest><UnitTest name="TestWritePendingMembersAndMembersIdeal(False,True)" storage="e:\code\_migrated\quantplatform\qtg\universegeneratortest\bin\debug\netcoreapp2.0\publish\universegenerator.test.dll" id="55ab6132-24c4-4b6b-bcb0-10f5010bc8ab"><Execution id="a347d2d8-f944-4d86-8070-3c0e6d72de1d" /><TestMethod codeBase="E:\code\_migrated\QuantPlatform\QTG\UniverseGeneratorTest\bin\Debug\netcoreapp2.0\publish\UniverseGenerator.Test.dll" adapterTypeName="executor://nunit3testexecutor/" className="UniverseGenerator.Test.Release.TestUniverseDatabaseWriter" name="TestWritePendingMembersAndMembersIdeal(False,True)" /></UnitTest><UnitTest name="TestPendingMembersForExecution" storage="e:\code\_migrated\quantplatform\qtg\universegeneratortest\bin\debug\netcoreapp2.0\publish\universegenerator.test.dll" id="67308449-0420-4937-8cab-b28b00de71ed"><Execution id="aad955e8-36ec-42b0-a0fe-b89fe3b9c325" /><TestMethod codeBase="E:\code\_migrated\QuantPlatform\QTG\UniverseGeneratorTest\bin\Debug\netcoreapp2.0\publish\UniverseGenerator.Test.dll" adapterTypeName="executor://nunit3testexecutor/" className="UniverseGenerator.Test.Members.TestUniverseMembers" name="TestPendingMembersForExecution" /></UnitTest><UnitTest name="TestNoData" storage="e:\code\_migrated\quantplatform\qtg\universegeneratortest\bin\debug\netcoreapp2.0\publish\universegenerator.test.dll" id="8aef3faf-641e-4107-90de-9b456c9c3a6c"><Execution id="71d9a465-328a-4a61-96f1-e28b582d8663" /><TestMethod codeBase="E:\code\_migrated\QuantPlatform\QTG\UniverseGeneratorTest\bin\Debug\netcoreapp2.0\publish\UniverseGenerator.Test.dll" adapterTypeName="executor://nunit3testexecutor/" className="UniverseGenerator.Test.Filter.FutureContracts.TestFutureContractLiquidityCriteria" name="TestNoData" /></UnitTest><UnitTest name="TestGenerateMembersHistoric_From2010-01-01_WithEmptyMembersIdeal_WithExistingMembersHistoricEndingWithAnAdd" storage="e:\code\_migrated\quantplatform\qtg\universegeneratortest\bin\debug\netcoreapp2.0\publish\universegenerator.test.dll" id="a1ff68b0-9e13-4db7-9aa4-4092df32c1da"><Execution id="0254738d-cd5b-4249-8e78-943caa271722" /><TestMethod codeBase="E:\code\_migrated\QuantPlatform\QTG\UniverseGeneratorTest\bin\Debug\netcoreapp2.0\publish\UniverseGenerator.Test.dll" adapterTypeName="executor://nunit3testexecutor/" className="UniverseGenerator.Test.TestQtgMembersHistoricGenerator" name="TestGenerateMembersHistoric_From2010-01-01_WithEmptyMembersIdeal_WithExistingMembersHistoricEndingWithAnAdd" /></UnitTest><UnitTest name="TestNotFilterWhere_Future_PresentLatestName" storage="e:\code\_migrated\quantplatform\qtg\universegeneratortest\bin\debug\netcoreapp2.0\publish\universegenerator.test.dll" id="cf24c883-1f29-49a1-ad36-a7bcc2c751a1"><Execution id="2a7aa4b2-340a-4c04-b561-a7b3c53324c1" /><TestMethod codeBase="E:\code\_migrated\QuantPlatform\QTG\UniverseGeneratorTest\bin\Debug\netcoreapp2.0\publish\UniverseGenerator.Test.dll" adapterTypeName="executor://nunit3testexecutor/" className="UniverseGenerator.Test.Members.SyntheticFutures.Creator.TestNewSyntheticFuturesMapper" name="TestNotFilterWhere_Future_PresentLatestName" /></UnitTest><UnitTest name="TestReasons_SomeIncluded" storage="e:\code\_migrated\quantplatform\qtg\universegeneratortest\bin\debug\netcoreapp2.0\publish\universegenerator.test.dll" id="a0407239-82c1-4be2-a6a5-be6b140b1002"><Execution id="19647c77-665d-4700-b332-305bf5be5c51" /><TestMethod codeBase="E:\code\_migrated\QuantPlatform\QTG\UniverseGeneratorTest\bin\Debug\netcoreapp2.0\publish\UniverseGenerator.Test.dll" adapterTypeName="executor://nunit3testexecutor/" className="UniverseGenerator.Test.InclusionDate.TestInclusionDates" name="TestReasons_SomeIncluded" /></UnitTest><UnitTest name="TestOutsideOfRangeDeleteOnSecond" storage="e:\code\_migrated\quantplatform\qtg\universegeneratortest\bin\debug\netcoreapp2.0\publish\universegenerator.test.dll" id="88542d7d-6f80-4910-9d7b-2b26594f213c"><Execution id="a7a8e887-44da-4c4e-8326-85d125655488" /><TestMethod codeBase="E:\code\_migrated\QuantPlatform\QTG\UniverseGeneratorTest\bin\Debug\netcoreapp2.0\publish\UniverseGenerator.Test.dll" adapterTypeName="executor://nunit3testexecutor/" className="UniverseGenerator.Test.InclusionDate.TestDiffDatesForDataSync" name="TestOutsideOfRangeDeleteOnSecond" /></UnitTest><UnitTest name="TestExcluded" storage="e:\code\_migrated\quantplatform\qtg\universegeneratortest\bin\debug\netcoreapp2.0\publish\universegenerator.test.dll" id="00022376-1502-4d75-8634-e9ff42ae13d8"><Execution id="16bf989b-749f-4366-b837-b0c65c10c9b4" /><TestMethod codeBase="E:\code\_migrated\QuantPlatform\QTG\UniverseGeneratorTest\bin\Debug\netcoreapp2.0\publish\UniverseGenerator.Test.dll" adapterTypeName="executor://nunit3testexecutor/" className="UniverseGenerator.Test.Filter.TestRemovePerUniverseFilter" name="TestExcluded" /></UnitTest><UnitTest name="TestGenerateMembersHistoric_From2010-01-01_WithMembersIdealAroundExistingMembersHistoricEndDate_WithEmptyExistingMembersHistoric" storage="e:\code\_migrated\quantplatform\qtg\universegeneratortest\bin\debug\netcoreapp2.0\publish\universegenerator.test.dll" id="6c3392b4-2363-4043-9126-781e69ef375b"><Execution id="1c2efcc6-9f7f-4726-af5c-713ba7c7f4ad" /><TestMethod codeBase="E:\code\_migrated\QuantPlatform\QTG\UniverseGeneratorTest\bin\Debug\netcoreapp2.0\publish\UniverseGenerator.Test.dll" adapterTypeName="executor://nunit3testexecutor/" className="UniverseGenerator.Test.TestQtgMembersHistoricGenerator" name="TestGenerateMembersHistoric_From2010-01-01_WithMembersIdealAroundExistingMembersHistoricEndDate_WithEmptyExistingMembersHistoric" /></UnitTest><UnitTest name="TestMembersReasonsForExecutionReader" storage="e:\code\_migrated\quantplatform\qtg\universegeneratortest\bin\debug\netcoreapp2.0\publish\universegenerator.test.dll" id="7a88f744-3284-48d0-9c1d-aa4e238f56f0"><Execution id="4b300066-b799-4344-a452-9dc6da5c4044" /><TestMethod codeBase="E:\code\_migrated\QuantPlatform\QTG\UniverseGeneratorTest\bin\Debug\netcoreapp2.0\publish\UniverseGenerator.Test.dll" adapterTypeName="executor://nunit3testexecutor/" className="UniverseGenerator.Test.TestUniverseConfig" name="TestMembersReasonsForExecutionReader" /></UnitTest><UnitTest name="TestEnumeration_DateFilter" storage="e:\code\_migrated\quantplatform\qtg\universegeneratortest\bin\debug\netcoreapp2.0\publish\universegenerator.test.dll" id="0a302042-e011-489c-8457-57c188822081"><Execution id="0928757b-d639-48e5-968f-f8871a552f15" /><TestMethod codeBase="E:\code\_migrated\QuantPlatform\QTG\UniverseGeneratorTest\bin\Debug\netcoreapp2.0\publish\UniverseGenerator.Test.dll" adapterTypeName="executor://nunit3testexecutor/" className="UniverseGenerator.Test.TestCircularDateBuffer" name="TestEnumeration_DateFilter" /></UnitTest><UnitTest name="TestMissingData" storage="e:\code\_migrated\quantplatform\qtg\universegeneratortest\bin\debug\netcoreapp2.0\publish\universegenerator.test.dll" id="fde3c3ad-6a05-4e80-873b-4d535db8f534"><Execution id="41032dea-74e6-4d04-b499-7a8a5f4cfaca" /><TestMethod codeBase="E:\code\_migrated\QuantPlatform\QTG\UniverseGeneratorTest\bin\Debug\netcoreapp2.0\publish\UniverseGenerator.Test.dll" adapterTypeName="executor://nunit3testexecutor/" className="UniverseGenerator.Test.Futures.Mean.TestFutureContractSumTrades" name="TestMissingData" /></UnitTest><UnitTest name="TestGenerateMembersHistoric_From2010-01-01_WithoutMembersIdeal_WithoutExistingMembersHistoric" storage="e:\code\_migrated\quantplatform\qtg\universegeneratortest\bin\debug\netcoreapp2.0\publish\universegenerator.test.dll" id="fd10f15b-5878-4917-b156-0c3caa6d7a77"><Execution id="db7cc6c6-5d49-481e-9fd0-8c0c6b503921" /><TestMethod codeBase="E:\code\_migrated\QuantPlatform\QTG\UniverseGeneratorTest\bin\Debug\netcoreapp2.0\publish\UniverseGenerator.Test.dll" adapterTypeName="executor://nunit3testexecutor/" className="UniverseGenerator.Test.TestQtgMembersHistoricGenerator" name="TestGenerateMembersHistoric_From2010-01-01_WithoutMembersIdeal_WithoutExistingMembersHistoric" /></UnitTest><UnitTest name="TestDeletion" storage="e:\code\_migrated\quantplatform\qtg\universegeneratortest\bin\debug\netcoreapp2.0\publish\universegenerator.test.dll" id="3f8f379c-b691-4482-912c-e650fd120883"><Execution id="5a0ec49f-0b22-42f2-8bb9-d07411cf7664" /><TestMethod codeBase="E:\code\_migrated\QuantPlatform\QTG\UniverseGeneratorTest\bin\Debug\netcoreapp2.0\publish\UniverseGenerator.Test.dll" adapterTypeName="executor://nunit3testexecutor/" className="UniverseGenerator.Test.InclusionDate.TestDiffDatesForDataSync" name="TestDeletion" /></UnitTest><UnitTest name="TestOutThenInThenBackOut" storage="e:\code\_migrated\quantplatform\qtg\universegeneratortest\bin\debug\netcoreapp2.0\publish\universegenerator.test.dll" id="48a771e4-d636-4273-8c7b-30938cd51c15"><Execution id="afb4efc9-c4b7-4e3b-b0fd-d1159526487f" /><TestMethod codeBase="E:\code\_migrated\QuantPlatform\QTG\UniverseGeneratorTest\bin\Debug\netcoreapp2.0\publish\UniverseGenerator.Test.dll" adapterTypeName="executor://nunit3testexecutor/" className="UniverseGenerator.Test.Filter.FutureContracts.TestFutureContractUniversePresenceFilter" name="TestOutThenInThenBackOut" /></UnitTest><UnitTest name="TestGenerateMembersHistoric_From0001-01-01_WithMembersIdealAroundExistingMembersHistoricEndDate_WithoutExistingMembersHistoric" storage="e:\code\_migrated\quantplatform\qtg\universegeneratortest\bin\debug\netcoreapp2.0\publish\universegenerator.test.dll" id="008e9f2c-7878-40a0-a036-33abda5ade57"><Execution id="f0226b92-4c6e-44fd-b3af-97421a1471bb" /><TestMethod codeBase="E:\code\_migrated\QuantPlatform\QTG\UniverseGeneratorTest\bin\Debug\netcoreapp2.0\publish\UniverseGenerator.Test.dll" adapterTypeName="executor://nunit3testexecutor/" className="UniverseGenerator.Test.TestQtgMembersHistoricGenerator" name="TestGenerateMembersHistoric_From0001-01-01_WithMembersIdealAroundExistingMembersHistoricEndDate_WithoutExistingMembersHistoric" /></UnitTest><UnitTest name="TestFinancialDataGroupDepartmentApproval" storage="e:\code\_migrated\quantplatform\qtg\universegeneratortest\bin\debug\netcoreapp2.0\publish\universegenerator.test.dll" id="132e3fa9-1d64-499d-9b29-662f1896db6d"><Execution id="2bee83d5-d687-49c1-af19-bd76da496d1b" /><TestMethod codeBase="E:\code\_migrated\QuantPlatform\QTG\UniverseGeneratorTest\bin\Debug\netcoreapp2.0\publish\UniverseGenerator.Test.dll" adapterTypeName="executor://nunit3testexecutor/" className="UniverseGenerator.Test.Release.TestReleaseApprove" name="TestFinancialDataGroupDepartmentApproval" /></UnitTest><UnitTest name="TestEnumerableRange_FromIsTo_AfterStart" storage="e:\code\_migrated\quantplatform\qtg\universegeneratortest\bin\debug\netcoreapp2.0\publish\universegenerator.test.dll" id="95a24366-2bfb-43d5-86fc-ae7129bf1fec"><Execution id="264ab6bc-d5b1-4220-ad60-bc08d11ad917" /><TestMethod codeBase="E:\code\_migrated\QuantPlatform\QTG\UniverseGeneratorTest\bin\Debug\netcoreapp2.0\publish\UniverseGenerator.Test.dll" adapterTypeName="executor://nunit3testexecutor/" className="UniverseGenerator.Test.InclusionDate.TestDateRangeExt" name="TestEnumerableRange_FromIsTo_AfterStart" /></UnitTest><UnitTest name="TestMultipleEntries_Mixed" storage="e:\code\_migrated\quantplatform\qtg\universegeneratortest\bin\debug\netcoreapp2.0\publish\universegenerator.test.dll" id="64657f45-3659-419e-8aba-7bffe8ded4a4"><Execution id="9e0e212b-c138-4d34-9a20-9236e756607f" /><TestMethod codeBase="E:\code\_migrated\QuantPlatform\QTG\UniverseGeneratorTest\bin\Debug\netcoreapp2.0\publish\UniverseGenerator.Test.dll" adapterTypeName="executor://nunit3testexecutor/" className="UniverseGenerator.Test.Futures.Mean.TestFutureContractVolumeAdjustedLiquidity" name="TestMultipleEntries_Mixed" /></UnitTest><UnitTest name="TestIsEligibleForRelease_CancelledNotEligible" storage="e:\code\_migrated\quantplatform\qtg\universegeneratortest\bin\debug\netcoreapp2.0\publish\universegenerator.test.dll" id="b769d9ea-7ddc-4879-b67c-f94e998d60c9"><Execution id="5b2c4ca0-58c6-4e11-af1d-12b079c99812" /><TestMethod codeBase="E:\code\_migrated\QuantPlatform\QTG\UniverseGeneratorTest\bin\Debug\netcoreapp2.0\publish\UniverseGenerator.Test.dll" adapterTypeName="executor://nunit3testexecutor/" className="UniverseGenerator.Test.Release.TestApprovalManager" name="TestIsEligibleForRelease_CancelledNotEligible" /></UnitTest><UnitTest name="TestPriceThreshold_NoExchangeOnUniverse" storage="e:\code\_migrated\quantplatform\qtg\universegeneratortest\bin\debug\netcoreapp2.0\publish\universegenerator.test.dll" id="ac1802e6-7c0b-4a3f-a4b6-bf436d94e0a5"><Execution id="520d2f14-c4fa-4e53-bfaa-b055e886aa50" /><TestMethod codeBase="E:\code\_migrated\QuantPlatform\QTG\UniverseGeneratorTest\bin\Debug\netcoreapp2.0\publish\UniverseGenerator.Test.dll" adapterTypeName="executor://nunit3testexecutor/" className="UniverseGenerator.Test.TestUniverseConfig" name="TestPriceThreshold_NoExchangeOnUniverse" /></UnitTest><UnitTest name="TestCreateUniverseCollectionAndReasonsFiles" storage="e:\code\_migrated\quantplatform\qtg\universegeneratortest\bin\debug\netcoreapp2.0\publish\universegenerator.test.dll" id="28dc6ba2-e19d-4709-a6f7-4c24f2c3cc75"><Execution id="3b3ce007-65ca-4b3e-94da-17c200be44bc" /><TestMethod codeBase="E:\code\_migrated\QuantPlatform\QTG\UniverseGeneratorTest\bin\Debug\netcoreapp2.0\publish\UniverseGenerator.Test.dll" adapterTypeName="executor://nunit3testexecutor/" className="UniverseGenerator.Test.Release.TestUniverseFileDumper" name="TestCreateUniverseCollectionAndReasonsFiles" /></UnitTest><UnitTest name="TestVerifyReleaseState_Completed" storage="e:\code\_migrated\quantplatform\qtg\universegeneratortest\bin\debug\netcoreapp2.0\publish\universegenerator.test.dll" id="d32e2a21-efac-40f8-a755-57f7f16d30ef"><Execution id="336f2ed3-0091-4581-9783-0e13ae401133" /><TestMethod codeBase="E:\code\_migrated\QuantPlatform\QTG\UniverseGeneratorTest\bin\Debug\netcoreapp2.0\publish\UniverseGenerator.Test.dll" adapterTypeName="executor://nunit3testexecutor/" className="UniverseGenerator.Test.Release.TestReleaseApprove" name="TestVerifyReleaseState_Completed" /></UnitTest><UnitTest name="TestQuotedReasons" storage="e:\code\_migrated\quantplatform\qtg\universegeneratortest\bin\debug\netcoreapp2.0\publish\universegenerator.test.dll" id="4028db1c-1aef-4d66-9a01-984a7ea868b0"><Execution id="927524e3-e59f-4b2a-af43-ef4205f46a34" /><TestMethod codeBase="E:\code\_migrated\QuantPlatform\QTG\UniverseGeneratorTest\bin\Debug\netcoreapp2.0\publish\UniverseGenerator.Test.dll" adapterTypeName="executor://nunit3testexecutor/" className="UniverseGenerator.Test.InclusionDate.TestUniGenReasonConverter" name="TestQuotedReasons" /></UnitTest><UnitTest name="TestIgnoredSecurityTypes" storage="e:\code\_migrated\quantplatform\qtg\universegeneratortest\bin\debug\netcoreapp2.0\publish\universegenerator.test.dll" id="21993806-110e-4772-aa4a-17dc67881c7b"><Execution id="d64e92e6-e821-438a-8334-aa0bf1be3fc7" /><TestMethod codeBase="E:\code\_migrated\QuantPlatform\QTG\UniverseGeneratorTest\bin\Debug\netcoreapp2.0\publish\UniverseGenerator.Test.dll" adapterTypeName="executor://nunit3testexecutor/" className="UniverseGenerator.Test.TestUniverseConfig" name="TestIgnoredSecurityTypes" /></UnitTest><UnitTest name="TestFilter_LSE_Only_NotLSE_MidwayThrough_WaitTillLSE" storage="e:\code\_migrated\quantplatform\qtg\universegeneratortest\bin\debug\netcoreapp2.0\publish\universegenerator.test.dll" id="675ce4a1-9032-433d-b08f-4f20d3cc3516"><Execution id="ae152568-47b5-42dc-bd36-cc7dce46865c" /><TestMethod codeBase="E:\code\_migrated\QuantPlatform\QTG\UniverseGeneratorTest\bin\Debug\netcoreapp2.0\publish\UniverseGenerator.Test.dll" adapterTypeName="executor://nunit3testexecutor/" className="UniverseGenerator.Test.Filter.TestEuropeUniverseFilter" name="TestFilter_LSE_Only_NotLSE_MidwayThrough_WaitTillLSE" /></UnitTest><UnitTest name="TestExcludedHalfWayThrough_AndRealIncludedBeyond" storage="e:\code\_migrated\quantplatform\qtg\universegeneratortest\bin\debug\netcoreapp2.0\publish\universegenerator.test.dll" id="8475390f-11af-4b1f-9cd7-5aa88eeedbbc"><Execution id="63eb4799-f198-428b-aa71-7da382bc43c9" /><TestMethod codeBase="E:\code\_migrated\QuantPlatform\QTG\UniverseGeneratorTest\bin\Debug\netcoreapp2.0\publish\UniverseGenerator.Test.dll" adapterTypeName="executor://nunit3testexecutor/" className="UniverseGenerator.Test.Release.TestSyncIdeal" name="TestExcludedHalfWayThrough_AndRealIncludedBeyond" /></UnitTest><UnitTest name="TestExcludeThenInclude" storage="e:\code\_migrated\quantplatform\qtg\universegeneratortest\bin\debug\netcoreapp2.0\publish\universegenerator.test.dll" id="4cabd94d-0b72-4f53-9bf0-1227a43831e1"><Execution id="bc6f5a74-eedb-4a4a-b29c-6fd936e940f7" /><TestMethod codeBase="E:\code\_migrated\QuantPlatform\QTG\UniverseGeneratorTest\bin\Debug\netcoreapp2.0\publish\UniverseGenerator.Test.dll" adapterTypeName="executor://nunit3testexecutor/" className="UniverseGenerator.Test.Filter.TestEuropeUniverseFilter" name="TestExcludeThenInclude" /></UnitTest><UnitTest name="TestCount" storage="e:\code\_migrated\quantplatform\qtg\universegeneratortest\bin\debug\netcoreapp2.0\publish\universegenerator.test.dll" id="9f070abd-fea9-4d05-b3ac-6611f78bb53d"><Execution id="5b7ab0d0-ed3a-4149-9f1a-7cebb53797f3" /><TestMethod codeBase="E:\code\_migrated\QuantPlatform\QTG\UniverseGeneratorTest\bin\Debug\netcoreapp2.0\publish\UniverseGenerator.Test.dll" adapterTypeName="executor://nunit3testexecutor/" className="UniverseGenerator.Test.InclusionDate.TestDateRangeExt" name="TestCount" /></UnitTest><UnitTest name="TestIdealNeverExcluded" storage="e:\code\_migrated\quantplatform\qtg\universegeneratortest\bin\debug\netcoreapp2.0\publish\universegenerator.test.dll" id="5201ad65-a360-4468-9f03-3d0331e187ef"><Execution id="51965f2e-1d76-4643-b85a-2d83d9036b11" /><TestMethod codeBase="E:\code\_migrated\QuantPlatform\QTG\UniverseGeneratorTest\bin\Debug\netcoreapp2.0\publish\UniverseGenerator.Test.dll" adapterTypeName="executor://nunit3testexecutor/" className="UniverseGenerator.Test.Release.TestSyncIdeal" name="TestIdealNeverExcluded" /></UnitTest><UnitTest name="TestSyncUniverse_WhenNotLocked" storage="e:\code\_migrated\quantplatform\qtg\universegeneratortest\bin\debug\netcoreapp2.0\publish\universegenerator.test.dll" id="11937fdf-80b8-4fe7-b537-d2c32dad179d"><Execution id="85a7e9e8-72a8-4f29-8431-4767e16c277e" /><TestMethod codeBase="E:\code\_migrated\QuantPlatform\QTG\UniverseGeneratorTest\bin\Debug\netcoreapp2.0\publish\UniverseGenerator.Test.dll" adapterTypeName="executor://nunit3testexecutor/" className="UniverseGenerator.Test.Release.TestCandidateUniverseReleaseCoordinator" name="TestSyncUniverse_WhenNotLocked" /></UnitTest><UnitTest name="TestIncludeWhenMeetsCriteria" storage="e:\code\_migrated\quantplatform\qtg\universegeneratortest\bin\debug\netcoreapp2.0\publish\universegenerator.test.dll" id="b7c97219-5b00-4a0b-975d-703316cab75f"><Execution id="bf0c422b-c2f3-48f7-b1ea-87ab7c4005d7" /><TestMethod codeBase="E:\code\_migrated\QuantPlatform\QTG\UniverseGeneratorTest\bin\Debug\netcoreapp2.0\publish\UniverseGenerator.Test.dll" adapterTypeName="executor://nunit3testexecutor/" className="UniverseGenerator.Test.Filter.Liquidity.TestHitRatioRollingLiquidityCriteria" name="TestIncludeWhenMeetsCriteria" /></UnitTest><UnitTest name="TestReleaseStatesVariable" storage="e:\code\_migrated\quantplatform\qtg\universegeneratortest\bin\debug\netcoreapp2.0\publish\universegenerator.test.dll" id="e7dd4587-e5dc-4559-866c-4386e5146472"><Execution id="2fc2d2b0-158c-4bfa-ad37-3a7e0d13885b" /><TestMethod codeBase="E:\code\_migrated\QuantPlatform\QTG\UniverseGeneratorTest\bin\Debug\netcoreapp2.0\publish\UniverseGenerator.Test.dll" adapterTypeName="executor://nunit3testexecutor/" className="UniverseGenerator.Test.TestUniverseConfig" name="TestReleaseStatesVariable" /></UnitTest><UnitTest name="TestStockWithCurrencyExchangeCalendarAndBirthDeathDates" storage="e:\code\_migrated\quantplatform\qtg\universegeneratortest\bin\debug\netcoreapp2.0\publish\universegenerator.test.dll" id="ec762f1b-0adf-4068-aafe-7029c3cde12b"><Execution id="ad8c170c-43eb-4823-a51d-931c17be0163" /><TestMethod codeBase="E:\code\_migrated\QuantPlatform\QTG\UniverseGeneratorTest\bin\Debug\netcoreapp2.0\publish\UniverseGenerator.Test.dll" adapterTypeName="executor://nunit3testexecutor/" className="UniverseGenerator.Test.Filter.TestStockDataRequirements" name="TestStockWithCurrencyExchangeCalendarAndBirthDeathDates" /></UnitTest><UnitTest name="TestScheduleRelease_CancelRelease_WhenLiveIsNotTrading" storage="e:\code\_migrated\quantplatform\qtg\universegeneratortest\bin\debug\netcoreapp2.0\publish\universegenerator.test.dll" id="dc148185-d08f-4dee-b168-65264bacaa82"><Execution id="088774c9-9b3b-4a68-8721-44099e396c56" /><TestMethod codeBase="E:\code\_migrated\QuantPlatform\QTG\UniverseGeneratorTest\bin\Debug\netcoreapp2.0\publish\UniverseGenerator.Test.dll" adapterTypeName="executor://nunit3testexecutor/" className="UniverseGenerator.Test.Release.TestApprovalManager" name="TestScheduleRelease_CancelRelease_WhenLiveIsNotTrading" /></UnitTest><UnitTest name="TestFilterFor_LondonStockExchangeOnly" storage="e:\code\_migrated\quantplatform\qtg\universegeneratortest\bin\debug\netcoreapp2.0\publish\universegenerator.test.dll" id="16f6716b-e897-428d-a5a6-7b48169cce28"><Execution id="155ade5a-2dbe-4934-a23b-a16a70475661" /><TestMethod codeBase="E:\code\_migrated\QuantPlatform\QTG\UniverseGeneratorTest\bin\Debug\netcoreapp2.0\publish\UniverseGenerator.Test.dll" adapterTypeName="executor://nunit3testexecutor/" className="UniverseGenerator.Test.Filter.TestEuropeUniverseFilter" name="TestFilterFor_LondonStockExchangeOnly" /></UnitTest><UnitTest name="TestSyncUniverse_SyncLiveMembersPendingIfPendingActive" storage="e:\code\_migrated\quantplatform\qtg\universegeneratortest\bin\debug\netcoreapp2.0\publish\universegenerator.test.dll" id="faf1b363-e087-48d8-bf9b-473663fd702a"><Execution id="429ddc61-59d5-49b3-9d6f-01ec1df2ac74" /><TestMethod codeBase="E:\code\_migrated\QuantPlatform\QTG\UniverseGeneratorTest\bin\Debug\netcoreapp2.0\publish\UniverseGenerator.Test.dll" adapterTypeName="executor://nunit3testexecutor/" className="UniverseGenerator.Test.Release.TestStocksUniverseHandler" name="TestSyncUniverse_SyncLiveMembersPendingIfPendingActive" /></UnitTest><UnitTest name="TestWithTargetAnnouncement_BeforeStart" storage="e:\code\_migrated\quantplatform\qtg\universegeneratortest\bin\debug\netcoreapp2.0\publish\universegenerator.test.dll" id="b9a389da-ceb0-4273-a52d-d5704294fdb0"><Execution id="a7115b1f-720f-473d-b8c4-e941387d43b1" /><TestMethod codeBase="E:\code\_migrated\QuantPlatform\QTG\UniverseGeneratorTest\bin\Debug\netcoreapp2.0\publish\UniverseGenerator.Test.dll" adapterTypeName="executor://nunit3testexecutor/" className="UniverseGenerator.Test.Filter.TestTargetAnnouncementFilter" name="TestWithTargetAnnouncement_BeforeStart" /></UnitTest><UnitTest name="TestStockInMembersPropagateExclusionBeyondMembersEnd" storage="e:\code\_migrated\quantplatform\qtg\universegeneratortest\bin\debug\netcoreapp2.0\publish\universegenerator.test.dll" id="c802a385-7396-43f4-8d74-eb7db50a43ba"><Execution id="b12ee8ee-3217-4412-9575-6a1da9aa4f2c" /><TestMethod codeBase="E:\code\_migrated\QuantPlatform\QTG\UniverseGeneratorTest\bin\Debug\netcoreapp2.0\publish\UniverseGenerator.Test.dll" adapterTypeName="executor://nunit3testexecutor/" className="UniverseGenerator.Test.Filter.SyntheticFuture.TestUnderlyingMembershipDatesFilter" name="TestStockInMembersPropagateExclusionBeyondMembersEnd" /></UnitTest><UnitTest name="TestSyntheticFuturesDiff" storage="e:\code\_migrated\quantplatform\qtg\universegeneratortest\bin\debug\netcoreapp2.0\publish\universegenerator.test.dll" id="8c278a5e-9ca6-47c5-aa8d-dd99bdcd6a2c"><Execution id="bf420a81-87d0-453f-8a21-5e2e532c4fd2" /><TestMethod codeBase="E:\code\_migrated\QuantPlatform\QTG\UniverseGeneratorTest\bin\Debug\netcoreapp2.0\publish\UniverseGenerator.Test.dll" adapterTypeName="executor://nunit3testexecutor/" className="UniverseGenerator.Test.TestDiffUniverse" name="TestSyntheticFuturesDiff" /></UnitTest><UnitTest name="TestAllIncluded_UniverseBeginTradingBeforeStart" storage="e:\code\_migrated\quantplatform\qtg\universegeneratortest\bin\debug\netcoreapp2.0\publish\universegenerator.test.dll" id="c3f5070b-523c-464a-be99-2a9b1d1d5afe"><Execution id="5ed2fb82-f2c5-4393-9c7f-fd5bdfa4568e" /><TestMethod codeBase="E:\code\_migrated\QuantPlatform\QTG\UniverseGeneratorTest\bin\Debug\netcoreapp2.0\publish\UniverseGenerator.Test.dll" adapterTypeName="executor://nunit3testexecutor/" className="UniverseGenerator.Test.Members.TestQtgMembersGenerator" name="TestAllIncluded_UniverseBeginTradingBeforeStart" /></UnitTest><UnitTest name="TestRemoveDead_WithExpiryDateTimeBeforeSpecifiedThreshold" storage="e:\code\_migrated\quantplatform\qtg\universegeneratortest\bin\debug\netcoreapp2.0\publish\universegenerator.test.dll" id="d932729b-464c-4638-bbb0-ee5c57a2887a"><Execution id="15c86df5-3c9a-4fd7-8cf2-98ab5d21c7fe" /><TestMethod codeBase="E:\code\_migrated\QuantPlatform\QTG\UniverseGeneratorTest\bin\Debug\netcoreapp2.0\publish\UniverseGenerator.Test.dll" adapterTypeName="executor://nunit3testexecutor/" className="UniverseGenerator.Test.Filter.FutureContracts.TestFutureContractDeathDateFilter" name="TestRemoveDead_WithExpiryDateTimeBeforeSpecifiedThreshold" /></UnitTest><UnitTest name="TestPartiallyPresentStock_BeforeEarliestInclusionDate" storage="e:\code\_migrated\quantplatform\qtg\universegeneratortest\bin\debug\netcoreapp2.0\publish\universegenerator.test.dll" id="bb9a0e66-34f4-47a4-ae3c-5738e44cf0c2"><Execution id="e640526e-752f-4136-a838-071c19c52f01" /><TestMethod codeBase="E:\code\_migrated\QuantPlatform\QTG\UniverseGeneratorTest\bin\Debug\netcoreapp2.0\publish\UniverseGenerator.Test.dll" adapterTypeName="executor://nunit3testexecutor/" className="UniverseGenerator.Test.InclusionDate.Converter.TestInclusionDatesConverter" name="TestPartiallyPresentStock_BeforeEarliestInclusionDate" /></UnitTest><UnitTest name="TestNotFilterFor_NotLondonStockExchange" storage="e:\code\_migrated\quantplatform\qtg\universegeneratortest\bin\debug\netcoreapp2.0\publish\universegenerator.test.dll" id="9193a9f2-7d40-476f-8cef-ee0b584f47e7"><Execution id="fab88221-b666-47ac-b8c6-530bf70e78b9" /><TestMethod codeBase="E:\code\_migrated\QuantPlatform\QTG\UniverseGeneratorTest\bin\Debug\netcoreapp2.0\publish\UniverseGenerator.Test.dll" adapterTypeName="executor://nunit3testexecutor/" className="UniverseGenerator.Test.Filter.TestEuropeUniverseFilter" name="TestNotFilterFor_NotLondonStockExchange" /></UnitTest><UnitTest name="TestMultipleEntries_MinLow" storage="e:\code\_migrated\quantplatform\qtg\universegeneratortest\bin\debug\netcoreapp2.0\publish\universegenerator.test.dll" id="b4f6906d-4472-4abc-9237-91eb120fb66d"><Execution id="bfcfb020-3a2b-4984-a313-6c5d0da51d17" /><TestMethod codeBase="E:\code\_migrated\QuantPlatform\QTG\UniverseGeneratorTest\bin\Debug\netcoreapp2.0\publish\UniverseGenerator.Test.dll" adapterTypeName="executor://nunit3testexecutor/" className="UniverseGenerator.Test.Futures.Mean.TestFutureContractVolumeAdjustedLiquidity" name="TestMultipleEntries_MinLow" /></UnitTest><UnitTest name="TestEnumerableRange_FromOnStart" storage="e:\code\_migrated\quantplatform\qtg\universegeneratortest\bin\debug\netcoreapp2.0\publish\universegenerator.test.dll" id="29bdde30-307e-40e4-838b-5617582c2a47"><Execution id="3db795c6-095a-4e49-a4be-c9ce599ec2b0" /><TestMethod codeBase="E:\code\_migrated\QuantPlatform\QTG\UniverseGeneratorTest\bin\Debug\netcoreapp2.0\publish\UniverseGenerator.Test.dll" adapterTypeName="executor://nunit3testexecutor/" className="UniverseGenerator.Test.InclusionDate.TestDateRangeExt" name="TestEnumerableRange_FromOnStart" /></UnitTest><UnitTest name="TestEmptyFutures" storage="e:\code\_migrated\quantplatform\qtg\universegeneratortest\bin\debug\netcoreapp2.0\publish\universegenerator.test.dll" id="d7fb6d1d-d3e5-4771-968c-73e81bf7a64c"><Execution id="d88303ac-46c7-4c43-be4f-f6673d4105f9" /><TestMethod codeBase="E:\code\_migrated\QuantPlatform\QTG\UniverseGeneratorTest\bin\Debug\netcoreapp2.0\publish\UniverseGenerator.Test.dll" adapterTypeName="executor://nunit3testexecutor/" className="UniverseGenerator.Test.Members.SyntheticFutures.TestCandidateSyntheticFuturesProvider" name="TestEmptyFutures" /></UnitTest><UnitTest name="TestCreateNewSyntheticFutures" storage="e:\code\_migrated\quantplatform\qtg\universegeneratortest\bin\debug\netcoreapp2.0\publish\universegenerator.test.dll" id="dd38cb24-821a-4fff-aec4-d912dbe00ad1"><Execution id="8ec38e41-8e53-4a8b-a7a3-a331c0e742c6" /><TestMethod codeBase="E:\code\_migrated\QuantPlatform\QTG\UniverseGeneratorTest\bin\Debug\netcoreapp2.0\publish\UniverseGenerator.Test.dll" adapterTypeName="executor://nunit3testexecutor/" className="UniverseGenerator.Test.Members.SyntheticFutures.Creator.TestSyntheticFuturesCreator" name="TestCreateNewSyntheticFutures" /></UnitTest><UnitTest name="TestAdditionMultipleReasons" storage="e:\code\_migrated\quantplatform\qtg\universegeneratortest\bin\debug\netcoreapp2.0\publish\universegenerator.test.dll" id="7bf0a073-ece1-466c-83f2-1b4131b9ba80"><Execution id="4aa2ea35-9911-4508-925d-0358a3ece6b5" /><TestMethod codeBase="E:\code\_migrated\QuantPlatform\QTG\UniverseGeneratorTest\bin\Debug\netcoreapp2.0\publish\UniverseGenerator.Test.dll" adapterTypeName="executor://nunit3testexecutor/" className="UniverseGenerator.Test.InclusionDate.TestDiffDatesForDataSync" name="TestAdditionMultipleReasons" /></UnitTest><UnitTest name="TestDoNotFilterWhereNo_Future_PresentInName_CaseSensitive" storage="e:\code\_migrated\quantplatform\qtg\universegeneratortest\bin\debug\netcoreapp2.0\publish\universegenerator.test.dll" id="db83c78a-c93f-4cba-b978-15aae0c2a06a"><Execution id="407899bd-30d6-4f4f-9df1-122a9da8d920" /><TestMethod codeBase="E:\code\_migrated\QuantPlatform\QTG\UniverseGeneratorTest\bin\Debug\netcoreapp2.0\publish\UniverseGenerator.Test.dll" adapterTypeName="executor://nunit3testexecutor/" className="UniverseGenerator.Test.Members.SyntheticFutures.Creator.TestNewSyntheticFuturesMapper" name="TestDoNotFilterWhereNo_Future_PresentInName_CaseSensitive" /></UnitTest><UnitTest name="TestEnumerableRange_FromIsTo_AfterEnd" storage="e:\code\_migrated\quantplatform\qtg\universegeneratortest\bin\debug\netcoreapp2.0\publish\universegenerator.test.dll" id="d5958553-2152-4f0d-b965-56e5d2c9430c"><Execution id="15010e3b-c704-46a1-b7f4-c6ee9ad7f4ff" /><TestMethod codeBase="E:\code\_migrated\QuantPlatform\QTG\UniverseGeneratorTest\bin\Debug\netcoreapp2.0\publish\UniverseGenerator.Test.dll" adapterTypeName="executor://nunit3testexecutor/" className="UniverseGenerator.Test.InclusionDate.TestDateRangeExt" name="TestEnumerableRange_FromIsTo_AfterEnd" /></UnitTest><UnitTest name="TestMultipleMergers" storage="e:\code\_migrated\quantplatform\qtg\universegeneratortest\bin\debug\netcoreapp2.0\publish\universegenerator.test.dll" id="99162032-d091-4d29-9cc0-d16a1bd46a59"><Execution id="5e4af956-2861-4dc8-9c3d-42ee0e707b5b" /><TestMethod codeBase="E:\code\_migrated\QuantPlatform\QTG\UniverseGeneratorTest\bin\Debug\netcoreapp2.0\publish\UniverseGenerator.Test.dll" adapterTypeName="executor://nunit3testexecutor/" className="UniverseGenerator.Test.Filter.TestMergerFilter" name="TestMultipleMergers" /></UnitTest><UnitTest name="TestHitRatioUnderThreshold" storage="e:\code\_migrated\quantplatform\qtg\universegeneratortest\bin\debug\netcoreapp2.0\publish\universegenerator.test.dll" id="7ae7ddaa-6deb-42a4-b406-a982082dac19"><Execution id="6b26c9b6-9ea9-4f06-8733-0319f5cca5d8" /><TestMethod codeBase="E:\code\_migrated\QuantPlatform\QTG\UniverseGeneratorTest\bin\Debug\netcoreapp2.0\publish\UniverseGenerator.Test.dll" adapterTypeName="executor://nunit3testexecutor/" className="UniverseGenerator.Test.Filter.Liquidity.TestOverThresholdHitRatioLiquidityData" name="TestHitRatioUnderThreshold" /></UnitTest><UnitTest name="TestGenerateMeans_NoData" storage="e:\code\_migrated\quantplatform\qtg\universegeneratortest\bin\debug\netcoreapp2.0\publish\universegenerator.test.dll" id="d2fba0ac-afd5-4bf5-9f84-2f4d6a4fb1dc"><Execution id="de096740-ac45-4793-9ad2-34eb54ba2aaa" /><TestMethod codeBase="E:\code\_migrated\QuantPlatform\QTG\UniverseGeneratorTest\bin\Debug\netcoreapp2.0\publish\UniverseGenerator.Test.dll" adapterTypeName="executor://nunit3testexecutor/" className="UniverseGenerator.Test.Futures.TestFutureContractMeansGenerator" name="TestGenerateMeans_NoData" /></UnitTest><UnitTest name="TestDatesFor" storage="e:\code\_migrated\quantplatform\qtg\universegeneratortest\bin\debug\netcoreapp2.0\publish\universegenerator.test.dll" id="a0f0e5d6-4388-496f-a8bd-929687032dbf"><Execution id="79dbbe26-f060-4a93-9674-f64c91f6cfbf" /><TestMethod codeBase="E:\code\_migrated\QuantPlatform\QTG\UniverseGeneratorTest\bin\Debug\netcoreapp2.0\publish\UniverseGenerator.Test.dll" adapterTypeName="executor://nunit3testexecutor/" className="UniverseGenerator.Test.InclusionDate.TestInclusionDatesView" name="TestDatesFor" /></UnitTest><UnitTest name="TestRemoveDead_FallbackToExchangeSegmentTradingCalendar" storage="e:\code\_migrated\quantplatform\qtg\universegeneratortest\bin\debug\netcoreapp2.0\publish\universegenerator.test.dll" id="3a71ede9-bd07-425e-a3ac-470f46f58ba7"><Execution id="e43c252e-3467-4a76-9d32-99021f8db67f" /><TestMethod codeBase="E:\code\_migrated\QuantPlatform\QTG\UniverseGeneratorTest\bin\Debug\netcoreapp2.0\publish\UniverseGenerator.Test.dll" adapterTypeName="executor://nunit3testexecutor/" className="UniverseGenerator.Test.Filter.FutureContracts.TestFutureContractDeathDateFilter" name="TestRemoveDead_FallbackToExchangeSegmentTradingCalendar" /></UnitTest><UnitTest name="TestUnion_FirstIncluded" storage="e:\code\_migrated\quantplatform\qtg\universegeneratortest\bin\debug\netcoreapp2.0\publish\universegenerator.test.dll" id="ce9551bb-1f56-486d-8d26-4c6a6a8d203a"><Execution id="33ee4a20-ae16-4d9d-85b8-6634b42fb962" /><TestMethod codeBase="E:\code\_migrated\QuantPlatform\QTG\UniverseGeneratorTest\bin\Debug\netcoreapp2.0\publish\UniverseGenerator.Test.dll" adapterTypeName="executor://nunit3testexecutor/" className="UniverseGenerator.Test.InclusionDate.TestUnionInclusionDates" name="TestUnion_FirstIncluded" /></UnitTest><UnitTest name="TestWithFutures_NotApprovalMixed" storage="e:\code\_migrated\quantplatform\qtg\universegeneratortest\bin\debug\netcoreapp2.0\publish\universegenerator.test.dll" id="76425a2f-2f05-4e73-8aa0-dd8ca7cfe5ce"><Execution id="b0033ece-ffbb-4de9-a6a1-ebe11f8ec27e" /><TestMethod codeBase="E:\code\_migrated\QuantPlatform\QTG\UniverseGeneratorTest\bin\Debug\netcoreapp2.0\publish\UniverseGenerator.Test.dll" adapterTypeName="executor://nunit3testexecutor/" className="UniverseGenerator.Test.Email.FutureContracts.TestUnapprovedFuturesSectionGenerator" name="TestWithFutures_NotApprovalMixed" /></UnitTest><UnitTest name="TestUniverseBeingGeneratedIsPending" storage="e:\code\_migrated\quantplatform\qtg\universegeneratortest\bin\debug\netcoreapp2.0\publish\universegenerator.test.dll" id="cb731d07-15c0-42ca-a418-2783b86366be"><Execution id="e1703e29-1fad-4bf0-8b4f-8f2ad840b4f6" /><TestMethod codeBase="E:\code\_migrated\QuantPlatform\QTG\UniverseGeneratorTest\bin\Debug\netcoreapp2.0\publish\UniverseGenerator.Test.dll" adapterTypeName="executor://nunit3testexecutor/" className="UniverseGenerator.Test.TestUniverseConfig" name="TestUniverseBeingGeneratedIsPending" /></UnitTest><UnitTest name="TestWriteLiveMembersAndMembersIdeal(True,False)" storage="e:\code\_migrated\quantplatform\qtg\universegeneratortest\bin\debug\netcoreapp2.0\publish\universegenerator.test.dll" id="ebf17b3c-506b-44b8-81ca-a658f2c11696"><Execution id="09043688-ba48-4ce1-a31a-9dee4e014816" /><TestMethod codeBase="E:\code\_migrated\QuantPlatform\QTG\UniverseGeneratorTest\bin\Debug\netcoreapp2.0\publish\UniverseGenerator.Test.dll" adapterTypeName="executor://nunit3testexecutor/" className="UniverseGenerator.Test.Release.TestUniverseDatabaseWriter" name="TestWriteLiveMembersAndMembersIdeal(True,False)" /></UnitTest><UnitTest name="TestSendLockedUniverseEmailIfNeeded_DoNotSend_NoDiffs" storage="e:\code\_migrated\quantplatform\qtg\universegeneratortest\bin\debug\netcoreapp2.0\publish\universegenerator.test.dll" id="aa93f4aa-91ee-4b42-8f8b-f46e8786e785"><Execution id="39a9468f-9c47-45cf-bb1b-cc67a3013626" /><TestMethod codeBase="E:\code\_migrated\QuantPlatform\QTG\UniverseGeneratorTest\bin\Debug\netcoreapp2.0\publish\UniverseGenerator.Test.dll" adapterTypeName="executor://nunit3testexecutor/" className="UniverseGenerator.Test.Email.TestEmails" name="TestSendLockedUniverseEmailIfNeeded_DoNotSend_NoDiffs" /></UnitTest><UnitTest name="TestApprovalState_ApproveRequested" storage="e:\code\_migrated\quantplatform\qtg\universegeneratortest\bin\debug\netcoreapp2.0\publish\universegenerator.test.dll" id="cd537b10-bb6e-4b4d-92ee-386fe2494965"><Execution id="9c62c84e-83c6-4f93-9a24-aa98e07b7175" /><TestMethod codeBase="E:\code\_migrated\QuantPlatform\QTG\UniverseGeneratorTest\bin\Debug\netcoreapp2.0\publish\UniverseGenerator.Test.dll" adapterTypeName="executor://nunit3testexecutor/" className="UniverseGenerator.Test.Release.TestReleaseApprove" name="TestApprovalState_ApproveRequested" /></UnitTest><UnitTest name="TestGetReasonsBeforeFirstReasonForMember" storage="e:\code\_migrated\quantplatform\qtg\universegeneratortest\bin\debug\netcoreapp2.0\publish\universegenerator.test.dll" id="b61a9478-eed4-4523-82a9-e83aa9fbad78"><Execution id="93ad2edd-34be-4ad7-ae71-bd0395fc29f3" /><TestMethod codeBase="E:\code\_migrated\QuantPlatform\QTG\UniverseGeneratorTest\bin\Debug\netcoreapp2.0\publish\UniverseGenerator.Test.dll" adapterTypeName="executor://nunit3testexecutor/" className="UniverseGenerator.Test.InclusionDate.Converter.ReasonsProvider.TestIndexedReasonsProvider" name="TestGetReasonsBeforeFirstReasonForMember" /></UnitTest><UnitTest name="TestLiveSyntheticFutures" storage="e:\code\_migrated\quantplatform\qtg\universegeneratortest\bin\debug\netcoreapp2.0\publish\universegenerator.test.dll" id="cced6668-1bbe-4940-8557-668bb3e122fe"><Execution id="a086671d-8194-424a-bb8f-cb14f1f655b2" /><TestMethod codeBase="E:\code\_migrated\QuantPlatform\QTG\UniverseGeneratorTest\bin\Debug\netcoreapp2.0\publish\UniverseGenerator.Test.dll" adapterTypeName="executor://nunit3testexecutor/" className="UniverseGenerator.Test.Members.TestUniverseMembers" name="TestLiveSyntheticFutures" /></UnitTest><UnitTest name="TestSyncUniverse_AutoApproval" storage="e:\code\_migrated\quantplatform\qtg\universegeneratortest\bin\debug\netcoreapp2.0\publish\universegenerator.test.dll" id="658dc834-9b5e-4026-a209-fa069b1d5faa"><Execution id="d8594a49-2999-4474-869d-796799033bae" /><TestMethod codeBase="E:\code\_migrated\QuantPlatform\QTG\UniverseGeneratorTest\bin\Debug\netcoreapp2.0\publish\UniverseGenerator.Test.dll" adapterTypeName="executor://nunit3testexecutor/" className="UniverseGenerator.Test.Release.TestFutureContractsUniverseHandler" name="TestSyncUniverse_AutoApproval" /></UnitTest><UnitTest name="TestAddOptionalErrorToApprovalRequests_Execution" storage="e:\code\_migrated\quantplatform\qtg\universegeneratortest\bin\debug\netcoreapp2.0\publish\universegenerator.test.dll" id="73514044-d8eb-4221-8bcb-321b9cadf262"><Execution id="306e4824-6d06-499e-b6ea-949384aa7755" /><TestMethod codeBase="E:\code\_migrated\QuantPlatform\QTG\UniverseGeneratorTest\bin\Debug\netcoreapp2.0\publish\UniverseGenerator.Test.dll" adapterTypeName="executor://nunit3testexecutor/" className="UniverseGenerator.Test.Email.TestEmails" name="TestAddOptionalErrorToApprovalRequests_Execution" /></UnitTest><UnitTest name="TestGenerateMembersHistoric_From2010-01-01_WithMembersIdealAfterExistingMembersHistoricEndDate_WithExistingMembersHistoricEndingWithAnAdd" storage="e:\code\_migrated\quantplatform\qtg\universegeneratortest\bin\debug\netcoreapp2.0\publish\universegenerator.test.dll" id="9465d74e-b713-49cb-b050-e246c3b635cc"><Execution id="4ca7a636-c9e2-41ec-9d4d-af8f415b9957" /><TestMethod codeBase="E:\code\_migrated\QuantPlatform\QTG\UniverseGeneratorTest\bin\Debug\netcoreapp2.0\publish\UniverseGenerator.Test.dll" adapterTypeName="executor://nunit3testexecutor/" className="UniverseGenerator.Test.TestQtgMembersHistoricGenerator" name="TestGenerateMembersHistoric_From2010-01-01_WithMembersIdealAfterExistingMembersHistoricEndDate_WithExistingMembersHistoricEndingWithAnAdd" /></UnitTest><UnitTest name="TestGenerateMembersHistoric_From0001-01-01_WithFullMembersIdeal_WithoutExistingMembersHistoric" storage="e:\code\_migrated\quantplatform\qtg\universegeneratortest\bin\debug\netcoreapp2.0\publish\universegenerator.test.dll" id="3c108bf0-026a-4415-91d3-8b1692a9a880"><Execution id="4945f9dd-71df-46e0-9ace-16e9ebbd49f1" /><TestMethod codeBase="E:\code\_migrated\QuantPlatform\QTG\UniverseGeneratorTest\bin\Debug\netcoreapp2.0\publish\UniverseGenerator.Test.dll" adapterTypeName="executor://nunit3testexecutor/" className="UniverseGenerator.Test.TestQtgMembersHistoricGenerator" name="TestGenerateMembersHistoric_From0001-01-01_WithFullMembersIdeal_WithoutExistingMembersHistoric" /></UnitTest><UnitTest name="TestDoNotSyncUniverse_WhenLocked_AndWithoutForceGenerate" storage="e:\code\_migrated\quantplatform\qtg\universegeneratortest\bin\debug\netcoreapp2.0\publish\universegenerator.test.dll" id="f8145003-5723-4bd5-a117-414658dc06c2"><Execution id="687fcae7-0061-4782-b72b-c8068924190b" /><TestMethod codeBase="E:\code\_migrated\QuantPlatform\QTG\UniverseGeneratorTest\bin\Debug\netcoreapp2.0\publish\UniverseGenerator.Test.dll" adapterTypeName="executor://nunit3testexecutor/" className="UniverseGenerator.Test.Release.TestCandidateUniverseReleaseCoordinator" name="TestDoNotSyncUniverse_WhenLocked_AndWithoutForceGenerate" /></UnitTest><UnitTest name="TestAccumulate" storage="e:\code\_migrated\quantplatform\qtg\universegeneratortest\bin\debug\netcoreapp2.0\publish\universegenerator.test.dll" id="887c0e2c-5d1e-43b9-b8f4-d4ca1c5ca6f4"><Execution id="6e9732a2-9de6-4b76-8238-83eb874797a9" /><TestMethod codeBase="E:\code\_migrated\QuantPlatform\QTG\UniverseGeneratorTest\bin\Debug\netcoreapp2.0\publish\UniverseGenerator.Test.dll" adapterTypeName="executor://nunit3testexecutor/" className="UniverseGenerator.Test.Filter.Liquidity.TestOverThresholdHitRatioRollingLiquidity" name="TestAccumulate" /></UnitTest><UnitTest name="TestIntegration_GenerateMonthlyData" storage="e:\code\_migrated\quantplatform\qtg\universegeneratortest\bin\debug\netcoreapp2.0\publish\universegenerator.test.dll" id="49d5a323-2148-478b-8f1c-f6c6dc5751c5"><Execution id="580275fe-7ba3-45ba-9bee-300bb769763b" /><TestMethod codeBase="E:\code\_migrated\QuantPlatform\QTG\UniverseGeneratorTest\bin\Debug\netcoreapp2.0\publish\UniverseGenerator.Test.dll" adapterTypeName="executor://nunit3testexecutor/" className="UniverseGenerator.Test.Futures.Mean.TestFutureContractsMonthlyAggregate" name="TestIntegration_GenerateMonthlyData" /></UnitTest><UnitTest name="TestGenerateMeans" storage="e:\code\_migrated\quantplatform\qtg\universegeneratortest\bin\debug\netcoreapp2.0\publish\universegenerator.test.dll" id="daa53b9d-e998-4e97-bdbe-928786bbbbb8"><Execution id="57c346b9-744b-4f4e-ac91-a4cc7bd0c120" /><TestMethod codeBase="E:\code\_migrated\QuantPlatform\QTG\UniverseGeneratorTest\bin\Debug\netcoreapp2.0\publish\UniverseGenerator.Test.dll" adapterTypeName="executor://nunit3testexecutor/" className="UniverseGenerator.Test.Futures.TestFutureContractMeansGenerator" name="TestGenerateMeans" /></UnitTest><UnitTest name="TestSendEmailIfNoSync" storage="e:\code\_migrated\quantplatform\qtg\universegeneratortest\bin\debug\netcoreapp2.0\publish\universegenerator.test.dll" id="a3eb5a41-a34e-444c-8fd7-f577519f4053"><Execution id="3d4fb03b-a2f2-4ddc-b1af-6c213b16b09a" /><TestMethod codeBase="E:\code\_migrated\QuantPlatform\QTG\UniverseGeneratorTest\bin\Debug\netcoreapp2.0\publish\UniverseGenerator.Test.dll" adapterTypeName="executor://nunit3testexecutor/" className="UniverseGenerator.Test.Email.TestBadlyConfiguredSecuritiesReporter" name="TestSendEmailIfNoSync" /></UnitTest><UnitTest name="TestRelease_TradingAndApproved_SyncFutures_NotRequested" storage="e:\code\_migrated\quantplatform\qtg\universegeneratortest\bin\debug\netcoreapp2.0\publish\universegenerator.test.dll" id="7d1c184b-4511-41e3-ba6e-5936e3541e83"><Execution id="780a5ef9-f709-4b98-9664-078386a068a0" /><TestMethod codeBase="E:\code\_migrated\QuantPlatform\QTG\UniverseGeneratorTest\bin\Debug\netcoreapp2.0\publish\UniverseGenerator.Test.dll" adapterTypeName="executor://nunit3testexecutor/" className="UniverseGenerator.Test.Release.TestReleaseToLive" name="TestRelease_TradingAndApproved_SyncFutures_NotRequested" /></UnitTest><UnitTest name="TestInfo" storage="e:\code\_migrated\quantplatform\qtg\universegeneratortest\bin\debug\netcoreapp2.0\publish\universegenerator.test.dll" id="1a3d1376-db29-4ea3-8b04-30516fe55254"><Execution id="f4239151-14bd-4a88-b95a-d6bca564b546" /><TestMethod codeBase="E:\code\_migrated\QuantPlatform\QTG\UniverseGeneratorTest\bin\Debug\netcoreapp2.0\publish\UniverseGenerator.Test.dll" adapterTypeName="executor://nunit3testexecutor/" className="UniverseGenerator.Test.Email.TestHtmlEmailFileBuilder" name="TestInfo" /></UnitTest><UnitTest name="TestRemoveDead_WithExpiryDateTimeBeforeSpecifiedThreshold_OnlyCountValidDays" storage="e:\code\_migrated\quantplatform\qtg\universegeneratortest\bin\debug\netcoreapp2.0\publish\universegenerator.test.dll" id="693a7b7d-9a39-40d4-a594-1a4efae69b3c"><Execution id="3d536e7d-07cf-4470-87a9-2a0de07eeda5" /><TestMethod codeBase="E:\code\_migrated\QuantPlatform\QTG\UniverseGeneratorTest\bin\Debug\netcoreapp2.0\publish\UniverseGenerator.Test.dll" adapterTypeName="executor://nunit3testexecutor/" className="UniverseGenerator.Test.Filter.FutureContracts.TestFutureContractDeathDateFilter" name="TestRemoveDead_WithExpiryDateTimeBeforeSpecifiedThreshold_OnlyCountValidDays" /></UnitTest><UnitTest name="TestUnion_Included_Gap" storage="e:\code\_migrated\quantplatform\qtg\universegeneratortest\bin\debug\netcoreapp2.0\publish\universegenerator.test.dll" id="b64eb4ff-0adb-4ffc-ab27-ee8c33153522"><Execution id="195ee840-7192-47d2-85cb-395646fbd02e" /><TestMethod codeBase="E:\code\_migrated\QuantPlatform\QTG\UniverseGeneratorTest\bin\Debug\netcoreapp2.0\publish\UniverseGenerator.Test.dll" adapterTypeName="executor://nunit3testexecutor/" className="UniverseGenerator.Test.InclusionDate.TestUnionInclusionDates" name="TestUnion_Included_Gap" /></UnitTest><UnitTest name="TestApprovalStates_Present" storage="e:\code\_migrated\quantplatform\qtg\universegeneratortest\bin\debug\netcoreapp2.0\publish\universegenerator.test.dll" id="cfcc5e73-de34-4de7-944e-b0fff555a022"><Execution id="4d29f102-2f38-41f0-85c5-5cc8caf12d84" /><TestMethod codeBase="E:\code\_migrated\QuantPlatform\QTG\UniverseGeneratorTest\bin\Debug\netcoreapp2.0\publish\UniverseGenerator.Test.dll" adapterTypeName="executor://nunit3testexecutor/" className="UniverseGenerator.Test.TestUniverseConfig" name="TestApprovalStates_Present" /></UnitTest><UnitTest name="TestNoChanges_FullyIncluded" storage="e:\code\_migrated\quantplatform\qtg\universegeneratortest\bin\debug\netcoreapp2.0\publish\universegenerator.test.dll" id="8bb74383-01a6-4943-b66b-a925d128b04e"><Execution id="74b3e1ea-e759-4f82-bdfa-e0c640451aae" /><TestMethod codeBase="E:\code\_migrated\QuantPlatform\QTG\UniverseGeneratorTest\bin\Debug\netcoreapp2.0\publish\UniverseGenerator.Test.dll" adapterTypeName="executor://nunit3testexecutor/" className="UniverseGenerator.Test.Release.TestSyncIdeal" name="TestNoChanges_FullyIncluded" /></UnitTest><UnitTest name="TestConjunctionGap_OneIncluded" storage="e:\code\_migrated\quantplatform\qtg\universegeneratortest\bin\debug\netcoreapp2.0\publish\universegenerator.test.dll" id="d8b44497-74af-4663-bda0-8e456864d705"><Execution id="36d64f48-8076-4c04-a24f-b903ee735194" /><TestMethod codeBase="E:\code\_migrated\QuantPlatform\QTG\UniverseGeneratorTest\bin\Debug\netcoreapp2.0\publish\UniverseGenerator.Test.dll" adapterTypeName="executor://nunit3testexecutor/" className="UniverseGenerator.Test.InclusionDate.TestUnionInclusionDates" name="TestConjunctionGap_OneIncluded" /></UnitTest><UnitTest name="TestCorrectlyCallFunctions" storage="e:\code\_migrated\quantplatform\qtg\universegeneratortest\bin\debug\netcoreapp2.0\publish\universegenerator.test.dll" id="1ad36df1-76b8-4877-9cd1-157d7223a880"><Execution id="ffaf0afc-2986-4de4-9436-5411c6c8bc82" /><TestMethod codeBase="E:\code\_migrated\QuantPlatform\QTG\UniverseGeneratorTest\bin\Debug\netcoreapp2.0\publish\UniverseGenerator.Test.dll" adapterTypeName="executor://nunit3testexecutor/" className="UniverseGenerator.Test.TestCircularDateBuffer" name="TestCorrectlyCallFunctions" /></UnitTest><UnitTest name="TestChangesAfterToday" storage="e:\code\_migrated\quantplatform\qtg\universegeneratortest\bin\debug\netcoreapp2.0\publish\universegenerator.test.dll" id="06641b6e-5c04-46a9-8915-1d25d52038a9"><Execution id="7a54ccf9-c821-41f2-8fd2-07e43babf932" /><TestMethod codeBase="E:\code\_migrated\QuantPlatform\QTG\UniverseGeneratorTest\bin\Debug\netcoreapp2.0\publish\UniverseGenerator.Test.dll" adapterTypeName="executor://nunit3testexecutor/" className="UniverseGenerator.Test.Filter.FutureContracts.TestRecentLiquidFutureContracts" name="TestChangesAfterToday" /></UnitTest><UnitTest name="TestGenerateMembersHistoric_WithRandomlyGeneratedInputs" storage="e:\code\_migrated\quantplatform\qtg\universegeneratortest\bin\debug\netcoreapp2.0\publish\universegenerator.test.dll" id="1fa6ef7e-2449-40d3-89a6-f1273f7ca9e9"><Execution id="16b6897a-a34f-44c2-8476-e2a49fd18a3d" /><TestMethod codeBase="E:\code\_migrated\QuantPlatform\QTG\UniverseGeneratorTest\bin\Debug\netcoreapp2.0\publish\UniverseGenerator.Test.dll" adapterTypeName="executor://nunit3testexecutor/" className="UniverseGenerator.Test.TestQtgMembersHistoricGenerator" name="TestGenerateMembersHistoric_WithRandomlyGeneratedInputs" /></UnitTest><UnitTest name="TestNotExcludedWithEvent" storage="e:\code\_migrated\quantplatform\qtg\universegeneratortest\bin\debug\netcoreapp2.0\publish\universegenerator.test.dll" id="b577b329-1e30-4216-a93e-4d5f20950b68"><Execution id="994cbc06-626f-42c8-a462-30ecec461df4" /><TestMethod codeBase="E:\code\_migrated\QuantPlatform\QTG\UniverseGeneratorTest\bin\Debug\netcoreapp2.0\publish\UniverseGenerator.Test.dll" adapterTypeName="executor://nunit3testexecutor/" className="UniverseGenerator.Test.Filter.TestRemoveFromAllUniversesFilter" name="TestNotExcludedWithEvent" /></UnitTest><UnitTest name="TestMultipleEntries" storage="e:\code\_migrated\quantplatform\qtg\universegeneratortest\bin\debug\netcoreapp2.0\publish\universegenerator.test.dll" id="0257255d-5688-4552-884e-5e2b05b2180b"><Execution id="5cd588b1-c3db-44ba-9478-ffd4da135890" /><TestMethod codeBase="E:\code\_migrated\QuantPlatform\QTG\UniverseGeneratorTest\bin\Debug\netcoreapp2.0\publish\UniverseGenerator.Test.dll" adapterTypeName="executor://nunit3testexecutor/" className="UniverseGenerator.Test.Futures.Mean.TestSumValidDays" name="TestMultipleEntries" /></UnitTest><UnitTest name="TestBeforeExistanceReason_WithReasonOnDateBase" storage="e:\code\_migrated\quantplatform\qtg\universegeneratortest\bin\debug\netcoreapp2.0\publish\universegenerator.test.dll" id="c08ca30d-5056-4e33-baad-344ed78521d2"><Execution id="c197fb9f-d360-41e0-b336-f48915d900d7" /><TestMethod codeBase="E:\code\_migrated\QuantPlatform\QTG\UniverseGeneratorTest\bin\Debug\netcoreapp2.0\publish\UniverseGenerator.Test.dll" adapterTypeName="executor://nunit3testexecutor/" className="UniverseGenerator.Test.InclusionDate.Converter.ReasonsProvider.TestIndexedReasonsProvider" name="TestBeforeExistanceReason_WithReasonOnDateBase" /></UnitTest><UnitTest name="TestConjunctionOverlap" storage="e:\code\_migrated\quantplatform\qtg\universegeneratortest\bin\debug\netcoreapp2.0\publish\universegenerator.test.dll" id="02fe6a09-79a5-4027-ab5c-7bb4c9db7de9"><Execution id="ca45ff0f-2845-49a7-9aa9-5262803190ed" /><TestMethod codeBase="E:\code\_migrated\QuantPlatform\QTG\UniverseGeneratorTest\bin\Debug\netcoreapp2.0\publish\UniverseGenerator.Test.dll" adapterTypeName="executor://nunit3testexecutor/" className="UniverseGenerator.Test.InclusionDate.TestIntersectionInclusionDates" name="TestConjunctionOverlap" /></UnitTest><UnitTest name="TestStockWithNotSupportedCurrency" storage="e:\code\_migrated\quantplatform\qtg\universegeneratortest\bin\debug\netcoreapp2.0\publish\universegenerator.test.dll" id="a6b7bc77-5398-4ba4-b44f-6f8cb0a2426d"><Execution id="682346ca-6be1-4521-bff9-4649382797e5" /><TestMethod codeBase="E:\code\_migrated\QuantPlatform\QTG\UniverseGeneratorTest\bin\Debug\netcoreapp2.0\publish\UniverseGenerator.Test.dll" adapterTypeName="executor://nunit3testexecutor/" className="UniverseGenerator.Test.Filter.TestStockDataRequirements" name="TestStockWithNotSupportedCurrency" /></UnitTest><UnitTest name="TestGenerateMembersHistoric_From2018-01-01_WithEmptyMembersIdeal_WithExistingMembersHistoricEndingWithAnAdd" storage="e:\code\_migrated\quantplatform\qtg\universegeneratortest\bin\debug\netcoreapp2.0\publish\universegenerator.test.dll" id="f1d09dc1-5b88-44bf-8749-fb0b77327c2c"><Execution id="86b876c5-c13a-43a9-a690-16b3710ce94c" /><TestMethod codeBase="E:\code\_migrated\QuantPlatform\QTG\UniverseGeneratorTest\bin\Debug\netcoreapp2.0\publish\UniverseGenerator.Test.dll" adapterTypeName="executor://nunit3testexecutor/" className="UniverseGenerator.Test.TestQtgMembersHistoricGenerator" name="TestGenerateMembersHistoric_From2018-01-01_WithEmptyMembersIdeal_WithExistingMembersHistoricEndingWithAnAdd" /></UnitTest><UnitTest name="TestScheduleReleaseOnTheFirstOfTheMonth_Create" storage="e:\code\_migrated\quantplatform\qtg\universegeneratortest\bin\debug\netcoreapp2.0\publish\universegenerator.test.dll" id="ede8ac1c-7a85-44ef-a1a7-1ef2d09da269"><Execution id="55e993e9-257c-46d6-85d5-4759850e7e88" /><TestMethod codeBase="E:\code\_migrated\QuantPlatform\QTG\UniverseGeneratorTest\bin\Debug\netcoreapp2.0\publish\UniverseGenerator.Test.dll" adapterTypeName="executor://nunit3testexecutor/" className="UniverseGenerator.Test.Release.TestApprovalManager" name="TestScheduleReleaseOnTheFirstOfTheMonth_Create" /></UnitTest><UnitTest name="TestExcludeFuturesStartingWithSlash" storage="e:\code\_migrated\quantplatform\qtg\universegeneratortest\bin\debug\netcoreapp2.0\publish\universegenerator.test.dll" id="56da2cd6-9cc4-483b-a60a-f683e2a8dd50"><Execution id="6c766d8b-ea1b-46ce-ba13-c620e12caa0e" /><TestMethod codeBase="E:\code\_migrated\QuantPlatform\QTG\UniverseGeneratorTest\bin\Debug\netcoreapp2.0\publish\UniverseGenerator.Test.dll" adapterTypeName="executor://nunit3testexecutor/" className="UniverseGenerator.Test.Members.SyntheticFutures.Creator.TestNewSyntheticFuturesMapper" name="TestExcludeFuturesStartingWithSlash" /></UnitTest><UnitTest name="TestWriteLiveMembersAndMembersIdeal(False,True)" storage="e:\code\_migrated\quantplatform\qtg\universegeneratortest\bin\debug\netcoreapp2.0\publish\universegenerator.test.dll" id="f7dbf4ac-ed40-481d-88e3-cdece90e528b"><Execution id="a96c99c1-f817-41ab-9a76-c664edaa7306" /><TestMethod codeBase="E:\code\_migrated\QuantPlatform\QTG\UniverseGeneratorTest\bin\Debug\netcoreapp2.0\publish\UniverseGenerator.Test.dll" adapterTypeName="executor://nunit3testexecutor/" className="UniverseGenerator.Test.Release.TestUniverseDatabaseWriter" name="TestWriteLiveMembersAndMembersIdeal(False,True)" /></UnitTest><UnitTest name="TestGenerateMembersHistoric_From2018-01-01_WithFullMembersIdeal_WithEmptyExistingMembersHistoric" storage="e:\code\_migrated\quantplatform\qtg\universegeneratortest\bin\debug\netcoreapp2.0\publish\universegenerator.test.dll" id="ff544c15-0b85-4f8a-9dd0-2c246009b8e9"><Execution id="34a96bf8-7cfc-4105-9dc0-8892ddd16d23" /><TestMethod codeBase="E:\code\_migrated\QuantPlatform\QTG\UniverseGeneratorTest\bin\Debug\netcoreapp2.0\publish\UniverseGenerator.Test.dll" adapterTypeName="executor://nunit3testexecutor/" className="UniverseGenerator.Test.TestQtgMembersHistoricGenerator" name="TestGenerateMembersHistoric_From2018-01-01_WithFullMembersIdeal_WithEmptyExistingMembersHistoric" /></UnitTest><UnitTest name="TestSendLockedUniverseNotificationIfNeeded_FinancialDataGroup" storage="e:\code\_migrated\quantplatform\qtg\universegeneratortest\bin\debug\netcoreapp2.0\publish\universegenerator.test.dll" id="7da89858-aa60-4c0e-b480-36c0d41de778"><Execution id="46b0442f-752e-4097-a200-68e0ab7f8445" /><TestMethod codeBase="E:\code\_migrated\QuantPlatform\QTG\UniverseGeneratorTest\bin\Debug\netcoreapp2.0\publish\UniverseGenerator.Test.dll" adapterTypeName="executor://nunit3testexecutor/" className="UniverseGenerator.Test.Email.TestEmails" name="TestSendLockedUniverseNotificationIfNeeded_FinancialDataGroup" /></UnitTest><UnitTest name="TestIsGeneratedUniverseActive" storage="e:\code\_migrated\quantplatform\qtg\universegeneratortest\bin\debug\netcoreapp2.0\publish\universegenerator.test.dll" id="6185c298-1baf-4cac-82b9-e86301a72c80"><Execution id="dd270c6e-5388-4421-a994-c6b0c1d2d283" /><TestMethod codeBase="E:\code\_migrated\QuantPlatform\QTG\UniverseGeneratorTest\bin\Debug\netcoreapp2.0\publish\UniverseGenerator.Test.dll" adapterTypeName="executor://nunit3testexecutor/" className="UniverseGenerator.Test.TestUniverseConfig" name="TestIsGeneratedUniverseActive" /></UnitTest><UnitTest name="TestPendingSyntheticFutures" storage="e:\code\_migrated\quantplatform\qtg\universegeneratortest\bin\debug\netcoreapp2.0\publish\universegenerator.test.dll" id="f427d2dc-0c2c-4d90-8ba0-fff62be5066a"><Execution id="0783975e-41f5-439d-9bc1-8fa99babd2fe" /><TestMethod codeBase="E:\code\_migrated\QuantPlatform\QTG\UniverseGeneratorTest\bin\Debug\netcoreapp2.0\publish\UniverseGenerator.Test.dll" adapterTypeName="executor://nunit3testexecutor/" className="UniverseGenerator.Test.Members.TestUniverseMembers" name="TestPendingSyntheticFutures" /></UnitTest><UnitTest name="TestNotExcludedWithEvent" storage="e:\code\_migrated\quantplatform\qtg\universegeneratortest\bin\debug\netcoreapp2.0\publish\universegenerator.test.dll" id="59c43185-1766-49e3-9b14-2ee2d6372db2"><Execution id="6c302b5b-3a5d-438d-8555-80a1c715e115" /><TestMethod codeBase="E:\code\_migrated\QuantPlatform\QTG\UniverseGeneratorTest\bin\Debug\netcoreapp2.0\publish\UniverseGenerator.Test.dll" adapterTypeName="executor://nunit3testexecutor/" className="UniverseGenerator.Test.Filter.TestRemovePerUniverseFilter" name="TestNotExcludedWithEvent" /></UnitTest><UnitTest name="TestWithFutures_AllNotApproved" storage="e:\code\_migrated\quantplatform\qtg\universegeneratortest\bin\debug\netcoreapp2.0\publish\universegenerator.test.dll" id="6477cf20-28d5-4f0f-aca1-7e2616e1a378"><Execution id="25603b67-87ae-44c9-8cfd-b8960478e3c8" /><TestMethod codeBase="E:\code\_migrated\QuantPlatform\QTG\UniverseGeneratorTest\bin\Debug\netcoreapp2.0\publish\UniverseGenerator.Test.dll" adapterTypeName="executor://nunit3testexecutor/" className="UniverseGenerator.Test.Email.FutureContracts.TestUnapprovedFuturesSectionGenerator" name="TestWithFutures_AllNotApproved" /></UnitTest><UnitTest name="TestPropagatedIsIncluded_Included" storage="e:\code\_migrated\quantplatform\qtg\universegeneratortest\bin\debug\netcoreapp2.0\publish\universegenerator.test.dll" id="85075991-7fe1-49b2-9c09-bf5e4121756d"><Execution id="a60cddc5-ed91-42d5-b028-14042b260dc4" /><TestMethod codeBase="E:\code\_migrated\QuantPlatform\QTG\UniverseGeneratorTest\bin\Debug\netcoreapp2.0\publish\UniverseGenerator.Test.dll" adapterTypeName="executor://nunit3testexecutor/" className="UniverseGenerator.Test.InclusionDate.TestInclusionDatesExt" name="TestPropagatedIsIncluded_Included" /></UnitTest><UnitTest name="TestOutsideOfDateRanges" storage="e:\code\_migrated\quantplatform\qtg\universegeneratortest\bin\debug\netcoreapp2.0\publish\universegenerator.test.dll" id="119f1120-60e5-43ad-a75c-71c19480560c"><Execution id="b4b6b726-a58c-4fff-a58a-9874bc019769" /><TestMethod codeBase="E:\code\_migrated\QuantPlatform\QTG\UniverseGeneratorTest\bin\Debug\netcoreapp2.0\publish\UniverseGenerator.Test.dll" adapterTypeName="executor://nunit3testexecutor/" className="UniverseGenerator.Test.InclusionDate.TestInclusionDates" name="TestOutsideOfDateRanges" /></UnitTest><UnitTest name="TestDoNotRelease_TradingAndNotApproved_Superseded" storage="e:\code\_migrated\quantplatform\qtg\universegeneratortest\bin\debug\netcoreapp2.0\publish\universegenerator.test.dll" id="e612aa41-b8fe-455c-90c0-437cba9c9d6c"><Execution id="3fcd4493-ca59-4a03-aff1-cb3d66058446" /><TestMethod codeBase="E:\code\_migrated\QuantPlatform\QTG\UniverseGeneratorTest\bin\Debug\netcoreapp2.0\publish\UniverseGenerator.Test.dll" adapterTypeName="executor://nunit3testexecutor/" className="UniverseGenerator.Test.Release.TestReleaseToLive" name="TestDoNotRelease_TradingAndNotApproved_Superseded" /></UnitTest><UnitTest name="TestGetValue_WithInvalidExchangeAndDate" storage="e:\code\_migrated\quantplatform\qtg\universegeneratortest\bin\debug\netcoreapp2.0\publish\universegenerator.test.dll" id="02622dc2-9168-44cb-b193-731cbe4954df"><Execution id="7472c121-9177-419f-ad95-897c738d7f21" /><TestMethod codeBase="E:\code\_migrated\QuantPlatform\QTG\UniverseGeneratorTest\bin\Debug\netcoreapp2.0\publish\UniverseGenerator.Test.dll" adapterTypeName="executor://nunit3testexecutor/" className="UniverseGenerator.Test.Filter.Liquidity.TestOverThresholdHitRatioRollingLiquidity" name="TestGetValue_WithInvalidExchangeAndDate" /></UnitTest><UnitTest name="TestScheduleRelease_ScheduleRelease_NoPreviousReleses_ActiveAndTrading" storage="e:\code\_migrated\quantplatform\qtg\universegeneratortest\bin\debug\netcoreapp2.0\publish\universegenerator.test.dll" id="ede12cd8-207d-4230-8f07-f3066d1511eb"><Execution id="70a3e3af-363c-409f-bb05-c701bf887d84" /><TestMethod codeBase="E:\code\_migrated\QuantPlatform\QTG\UniverseGeneratorTest\bin\Debug\netcoreapp2.0\publish\UniverseGenerator.Test.dll" adapterTypeName="executor://nunit3testexecutor/" className="UniverseGenerator.Test.Release.TestApprovalManager" name="TestScheduleRelease_ScheduleRelease_NoPreviousReleses_ActiveAndTrading" /></UnitTest><UnitTest name="TestNoAnnounceDate" storage="e:\code\_migrated\quantplatform\qtg\universegeneratortest\bin\debug\netcoreapp2.0\publish\universegenerator.test.dll" id="c8401cf7-bdeb-4ba9-9529-aaf030c99ce0"><Execution id="fbe8843d-2214-473a-a760-254965096bc4" /><TestMethod codeBase="E:\code\_migrated\QuantPlatform\QTG\UniverseGeneratorTest\bin\Debug\netcoreapp2.0\publish\UniverseGenerator.Test.dll" adapterTypeName="executor://nunit3testexecutor/" className="UniverseGenerator.Test.Filter.TestMergerFilter" name="TestNoAnnounceDate" /></UnitTest><UnitTest name="TestGenerateMembersHistoric_From0001-01-01_WithMembersIdealOnExistingMembersHistoricEndDate_WithEmptyExistingMembersHistoric" storage="e:\code\_migrated\quantplatform\qtg\universegeneratortest\bin\debug\netcoreapp2.0\publish\universegenerator.test.dll" id="871df80c-9f52-4b00-9a8b-663b05abf05e"><Execution id="c7d01636-04ed-40a3-b07b-2fec9e202eee" /><TestMethod codeBase="E:\code\_migrated\QuantPlatform\QTG\UniverseGeneratorTest\bin\Debug\netcoreapp2.0\publish\UniverseGenerator.Test.dll" adapterTypeName="executor://nunit3testexecutor/" className="UniverseGenerator.Test.TestQtgMembersHistoricGenerator" name="TestGenerateMembersHistoric_From0001-01-01_WithMembersIdealOnExistingMembersHistoricEndDate_WithEmptyExistingMembersHistoric" /></UnitTest><UnitTest name="TestExcludeIfRicIndicatesDuplicate" storage="e:\code\_migrated\quantplatform\qtg\universegeneratortest\bin\debug\netcoreapp2.0\publish\universegenerator.test.dll" id="e8343d39-bba8-41cb-869e-e0178fdb9211"><Execution id="21c487a4-a6b4-43b0-93a5-adaeb2f6c845" /><TestMethod codeBase="E:\code\_migrated\QuantPlatform\QTG\UniverseGeneratorTest\bin\Debug\netcoreapp2.0\publish\UniverseGenerator.Test.dll" adapterTypeName="executor://nunit3testexecutor/" className="UniverseGenerator.Test.Futures.TestFutureContractsProvider" name="TestExcludeIfRicIndicatesDuplicate" /></UnitTest><UnitTest name="TestExcludeIfUnderlyingFuture_ApprovedForTrading_SetToFalse_ButAlreadyInUniverse" storage="e:\code\_migrated\quantplatform\qtg\universegeneratortest\bin\debug\netcoreapp2.0\publish\universegenerator.test.dll" id="1dc8a808-9f1f-4b01-87f2-1038fe2eeb35"><Execution id="dcf3e0df-0d73-46fb-9e69-a4d08925a20b" /><TestMethod codeBase="E:\code\_migrated\QuantPlatform\QTG\UniverseGeneratorTest\bin\Debug\netcoreapp2.0\publish\UniverseGenerator.Test.dll" adapterTypeName="executor://nunit3testexecutor/" className="UniverseGenerator.Test.Filter.FutureContracts.TestFutureContractUnapprovedFilter" name="TestExcludeIfUnderlyingFuture_ApprovedForTrading_SetToFalse_ButAlreadyInUniverse" /></UnitTest><UnitTest name="TestNoData" storage="e:\code\_migrated\quantplatform\qtg\universegeneratortest\bin\debug\netcoreapp2.0\publish\universegenerator.test.dll" id="27df057b-bb7e-4619-9f81-6b384f0c510b"><Execution id="9e79eda8-4dd7-419f-b881-3d33b13a5b08" /><TestMethod codeBase="E:\code\_migrated\QuantPlatform\QTG\UniverseGeneratorTest\bin\Debug\netcoreapp2.0\publish\UniverseGenerator.Test.dll" adapterTypeName="executor://nunit3testexecutor/" className="UniverseGenerator.Test.Futures.TestFutureContractTradingData" name="TestNoData" /></UnitTest><UnitTest name="TestLiveCalendar" storage="e:\code\_migrated\quantplatform\qtg\universegeneratortest\bin\debug\netcoreapp2.0\publish\universegenerator.test.dll" id="8f350af1-fc5f-4d73-be8a-8073206820f8"><Execution id="1a46d272-17ad-429b-8d32-1dbaa0d04480" /><TestMethod codeBase="E:\code\_migrated\QuantPlatform\QTG\UniverseGeneratorTest\bin\Debug\netcoreapp2.0\publish\UniverseGenerator.Test.dll" adapterTypeName="executor://nunit3testexecutor/" className="UniverseGenerator.Test.TestUniverseConfig" name="TestLiveCalendar" /></UnitTest><UnitTest name="TestSendLockedUniverseEmailIfNeeded_Send" storage="e:\code\_migrated\quantplatform\qtg\universegeneratortest\bin\debug\netcoreapp2.0\publish\universegenerator.test.dll" id="ca6515fc-56d7-4c16-b78d-960c984741ed"><Execution id="1ac5a9b8-5c0e-4850-b66c-ac135968eb18" /><TestMethod codeBase="E:\code\_migrated\QuantPlatform\QTG\UniverseGeneratorTest\bin\Debug\netcoreapp2.0\publish\UniverseGenerator.Test.dll" adapterTypeName="executor://nunit3testexecutor/" className="UniverseGenerator.Test.Email.TestEmails" name="TestSendLockedUniverseEmailIfNeeded_Send" /></UnitTest><UnitTest name="TestSendLockedUniverseEmailIfNeeded_VerifyReleaseDate" storage="e:\code\_migrated\quantplatform\qtg\universegeneratortest\bin\debug\netcoreapp2.0\publish\universegenerator.test.dll" id="9efb55af-0db9-4318-8132-dc50f99c3a7f"><Execution id="531fff8b-e8a2-4b7a-8117-ccb8ab4eb8b0" /><TestMethod codeBase="E:\code\_migrated\QuantPlatform\QTG\UniverseGeneratorTest\bin\Debug\netcoreapp2.0\publish\UniverseGenerator.Test.dll" adapterTypeName="executor://nunit3testexecutor/" className="UniverseGenerator.Test.Email.TestEmails" name="TestSendLockedUniverseEmailIfNeeded_VerifyReleaseDate" /></UnitTest><UnitTest name="TestHandleLockedUniverse_EmailDataOpsIfNotYetApproved" storage="e:\code\_migrated\quantplatform\qtg\universegeneratortest\bin\debug\netcoreapp2.0\publish\universegenerator.test.dll" id="c473404b-88d6-42d7-9998-894546ef9d2e"><Execution id="db42aab0-aeb1-4df5-824a-5fb9f66fd548" /><TestMethod codeBase="E:\code\_migrated\QuantPlatform\QTG\UniverseGeneratorTest\bin\Debug\netcoreapp2.0\publish\UniverseGenerator.Test.dll" adapterTypeName="executor://nunit3testexecutor/" className="UniverseGenerator.Test.Release.TestStocksUniverseHandler" name="TestHandleLockedUniverse_EmailDataOpsIfNotYetApproved" /></UnitTest><UnitTest name="TestRaceConditionForNewApprovalBeingCreatedWhileWeModifyState" storage="e:\code\_migrated\quantplatform\qtg\universegeneratortest\bin\debug\netcoreapp2.0\publish\universegenerator.test.dll" id="13b355a4-15c7-45f8-8f8c-c7e64156fa9b"><Execution id="89eb83b9-5587-425f-9faa-25ab0d933bae" /><TestMethod codeBase="E:\code\_migrated\QuantPlatform\QTG\UniverseGeneratorTest\bin\Debug\netcoreapp2.0\publish\UniverseGenerator.Test.dll" adapterTypeName="executor://nunit3testexecutor/" className="UniverseGenerator.Test.Release.TestReleaseApprove" name="TestRaceConditionForNewApprovalBeingCreatedWhileWeModifyState" /></UnitTest><UnitTest name="TestGenerateMembersHistoric_From2010-01-01_WithoutMembersIdeal_WithEmptyExistingMembersHistoric" storage="e:\code\_migrated\quantplatform\qtg\universegeneratortest\bin\debug\netcoreapp2.0\publish\universegenerator.test.dll" id="0cf3be01-0b97-4608-8607-dbd7a8e097e7"><Execution id="0f233e31-d8c0-49b3-a776-daca0f4d3069" /><TestMethod codeBase="E:\code\_migrated\QuantPlatform\QTG\UniverseGeneratorTest\bin\Debug\netcoreapp2.0\publish\UniverseGenerator.Test.dll" adapterTypeName="executor://nunit3testexecutor/" className="UniverseGenerator.Test.TestQtgMembersHistoricGenerator" name="TestGenerateMembersHistoric_From2010-01-01_WithoutMembersIdeal_WithEmptyExistingMembersHistoric" /></UnitTest><UnitTest name="TestFetchStocks_OnlyValidExchanges_AndOnlyValidSecurityTypes_MultipleExchangesAndStocks" storage="e:\code\_migrated\quantplatform\qtg\universegeneratortest\bin\debug\netcoreapp2.0\publish\universegenerator.test.dll" id="810b0f60-6310-471a-b55f-48ab60b470c6"><Execution id="010c31d4-773a-4ed9-a261-7a1b419d6a17" /><TestMethod codeBase="E:\code\_migrated\QuantPlatform\QTG\UniverseGeneratorTest\bin\Debug\netcoreapp2.0\publish\UniverseGenerator.Test.dll" adapterTypeName="executor://nunit3testexecutor/" className="UniverseGenerator.Test.TestUniverseStocksProvider" name="TestFetchStocks_OnlyValidExchanges_AndOnlyValidSecurityTypes_MultipleExchangesAndStocks" /></UnitTest><UnitTest name="TestFetchStocks_ValidIfAnyHistoricalExchangeIsPresent" storage="e:\code\_migrated\quantplatform\qtg\universegeneratortest\bin\debug\netcoreapp2.0\publish\universegenerator.test.dll" id="dcb0f96d-a324-42c3-9174-de2b6d7c9e0f"><Execution id="65bb300a-097a-417c-b43a-01076b9b3eba" /><TestMethod codeBase="E:\code\_migrated\QuantPlatform\QTG\UniverseGeneratorTest\bin\Debug\netcoreapp2.0\publish\UniverseGenerator.Test.dll" adapterTypeName="executor://nunit3testexecutor/" className="UniverseGenerator.Test.TestUniverseStocksProvider" name="TestFetchStocks_ValidIfAnyHistoricalExchangeIsPresent" /></UnitTest><UnitTest name="TestDatesForIncluded" storage="e:\code\_migrated\quantplatform\qtg\universegeneratortest\bin\debug\netcoreapp2.0\publish\universegenerator.test.dll" id="10c8adb8-7703-4fc0-b58a-5ecd8d0ca364"><Execution id="944e97e6-f9e3-4194-bd7c-8679e43801cc" /><TestMethod codeBase="E:\code\_migrated\QuantPlatform\QTG\UniverseGeneratorTest\bin\Debug\netcoreapp2.0\publish\UniverseGenerator.Test.dll" adapterTypeName="executor://nunit3testexecutor/" className="UniverseGenerator.Test.InclusionDate.TestInclusionDates" name="TestDatesForIncluded" /></UnitTest><UnitTest name="TestFilterPartially_ExcludedSegmentCode" storage="e:\code\_migrated\quantplatform\qtg\universegeneratortest\bin\debug\netcoreapp2.0\publish\universegenerator.test.dll" id="bf8ceece-c767-4890-aea0-0bdaacec8eab"><Execution id="e95f3fa6-cbeb-4ef1-892b-66abbce886bb" /><TestMethod codeBase="E:\code\_migrated\QuantPlatform\QTG\UniverseGeneratorTest\bin\Debug\netcoreapp2.0\publish\UniverseGenerator.Test.dll" adapterTypeName="executor://nunit3testexecutor/" className="UniverseGenerator.Test.Filter.TestEuropeUniverseFilter" name="TestFilterPartially_ExcludedSegmentCode" /></UnitTest><UnitTest name="TestNoSectorSet" storage="e:\code\_migrated\quantplatform\qtg\universegeneratortest\bin\debug\netcoreapp2.0\publish\universegenerator.test.dll" id="20435ae7-ca83-49b7-91b8-d3b36d995f0e"><Execution id="c3ceabaa-e529-4a8d-a856-dcabcdd622c9" /><TestMethod codeBase="E:\code\_migrated\QuantPlatform\QTG\UniverseGeneratorTest\bin\Debug\netcoreapp2.0\publish\UniverseGenerator.Test.dll" adapterTypeName="executor://nunit3testexecutor/" className="UniverseGenerator.Test.Filter.TestSectorFilter" name="TestNoSectorSet" /></UnitTest><UnitTest name="TestNoSync_PretendLockedAndSyncing" storage="e:\code\_migrated\quantplatform\qtg\universegeneratortest\bin\debug\netcoreapp2.0\publish\universegenerator.test.dll" id="64ac21dc-1712-4685-b26b-c1d102f13534"><Execution id="7c4a357d-d8f9-4d1e-bacb-033c221e1b76" /><TestMethod codeBase="E:\code\_migrated\QuantPlatform\QTG\UniverseGeneratorTest\bin\Debug\netcoreapp2.0\publish\UniverseGenerator.Test.dll" adapterTypeName="executor://nunit3testexecutor/" className="UniverseGenerator.Test.Release.TestCandidateUniverseReleaseCoordinator" name="TestNoSync_PretendLockedAndSyncing" /></UnitTest><UnitTest name="TestDefaults_ExclusionReasonsOutsideOfRange" storage="e:\code\_migrated\quantplatform\qtg\universegeneratortest\bin\debug\netcoreapp2.0\publish\universegenerator.test.dll" id="48d0798c-da47-41b8-99f0-21f5e873fad8"><Execution id="ccee5582-f95e-4ece-b4b1-abdc4da82e97" /><TestMethod codeBase="E:\code\_migrated\QuantPlatform\QTG\UniverseGeneratorTest\bin\Debug\netcoreapp2.0\publish\UniverseGenerator.Test.dll" adapterTypeName="executor://nunit3testexecutor/" className="UniverseGenerator.Test.InclusionDate.TestInclusionDates" name="TestDefaults_ExclusionReasonsOutsideOfRange" /></UnitTest><UnitTest name="TestIsReleaseLocked_ReleaseNotPending_Completed" storage="e:\code\_migrated\quantplatform\qtg\universegeneratortest\bin\debug\netcoreapp2.0\publish\universegenerator.test.dll" id="9d7ab88b-e7e5-4ce6-b987-8d7d15d157a9"><Execution id="49790f54-0816-4808-a7ed-4d418a86896a" /><TestMethod codeBase="E:\code\_migrated\QuantPlatform\QTG\UniverseGeneratorTest\bin\Debug\netcoreapp2.0\publish\UniverseGenerator.Test.dll" adapterTypeName="executor://nunit3testexecutor/" className="UniverseGenerator.Test.Release.TestApprovalManager" name="TestIsReleaseLocked_ReleaseNotPending_Completed" /></UnitTest><UnitTest name="TestDiff_DifferentEndDates_PropagateInclusion" storage="e:\code\_migrated\quantplatform\qtg\universegeneratortest\bin\debug\netcoreapp2.0\publish\universegenerator.test.dll" id="2d7a276d-5dcd-4299-9f22-bf36c2798d6d"><Execution id="1460c614-4d05-41fd-8a1b-6448f718aea0" /><TestMethod codeBase="E:\code\_migrated\QuantPlatform\QTG\UniverseGeneratorTest\bin\Debug\netcoreapp2.0\publish\UniverseGenerator.Test.dll" adapterTypeName="executor://nunit3testexecutor/" className="UniverseGenerator.Test.InclusionDate.TestDiffInclusionDates" name="TestDiff_DifferentEndDates_PropagateInclusion" /></UnitTest><UnitTest name="TestIsReleaseLocked_OnlyIfAllInPendingOrRequested_Pending" storage="e:\code\_migrated\quantplatform\qtg\universegeneratortest\bin\debug\netcoreapp2.0\publish\universegenerator.test.dll" id="2ec5ee1d-da0b-4fba-8635-a1cd039f1bb6"><Execution id="366c32bc-ca0d-4c29-a6ae-0df2bee11195" /><TestMethod codeBase="E:\code\_migrated\QuantPlatform\QTG\UniverseGeneratorTest\bin\Debug\netcoreapp2.0\publish\UniverseGenerator.Test.dll" adapterTypeName="executor://nunit3testexecutor/" className="UniverseGenerator.Test.Release.TestApprovalManager" name="TestIsReleaseLocked_OnlyIfAllInPendingOrRequested_Pending" /></UnitTest><UnitTest name="TestNoDiffs_AllMatchEmpty" storage="e:\code\_migrated\quantplatform\qtg\universegeneratortest\bin\debug\netcoreapp2.0\publish\universegenerator.test.dll" id="cf9d2dc1-9cae-46f1-84b2-40a0ec614437"><Execution id="23c9e605-915d-438f-b494-caea16fe6360" /><TestMethod codeBase="E:\code\_migrated\QuantPlatform\QTG\UniverseGeneratorTest\bin\Debug\netcoreapp2.0\publish\UniverseGenerator.Test.dll" adapterTypeName="executor://nunit3testexecutor/" className="UniverseGenerator.Test.Email.FutureContracts.TestRecentlyApprovedFuturesSectionGenerator" name="TestNoDiffs_AllMatchEmpty" /></UnitTest><UnitTest name="TestGenerateMembersHistoric_From0001-01-01_WithMembersIdealAroundExistingMembersHistoricEndDate_WithEmptyExistingMembersHistoric" storage="e:\code\_migrated\quantplatform\qtg\universegeneratortest\bin\debug\netcoreapp2.0\publish\universegenerator.test.dll" id="8e621f3e-0e8b-45ae-b9fe-94cbf9a20f72"><Execution id="679ccaa9-51a8-4541-b307-4d8e06d5c8d5" /><TestMethod codeBase="E:\code\_migrated\QuantPlatform\QTG\UniverseGeneratorTest\bin\Debug\netcoreapp2.0\publish\UniverseGenerator.Test.dll" adapterTypeName="executor://nunit3testexecutor/" className="UniverseGenerator.Test.TestQtgMembersHistoricGenerator" name="TestGenerateMembersHistoric_From0001-01-01_WithMembersIdealAroundExistingMembersHistoricEndDate_WithEmptyExistingMembersHistoric" /></UnitTest><UnitTest name="TestEnumerableRange_FromBeforeStart" storage="e:\code\_migrated\quantplatform\qtg\universegeneratortest\bin\debug\netcoreapp2.0\publish\universegenerator.test.dll" id="b9a7d44e-385f-4a27-bac1-59696a3235eb"><Execution id="3a842bdf-3363-476a-8c1c-441f85db7dc9" /><TestMethod codeBase="E:\code\_migrated\QuantPlatform\QTG\UniverseGeneratorTest\bin\Debug\netcoreapp2.0\publish\UniverseGenerator.Test.dll" adapterTypeName="executor://nunit3testexecutor/" className="UniverseGenerator.Test.InclusionDate.TestDateRangeExt" name="TestEnumerableRange_FromBeforeStart" /></UnitTest><UnitTest name="TestUnknown" storage="e:\code\_migrated\quantplatform\qtg\universegeneratortest\bin\debug\netcoreapp2.0\publish\universegenerator.test.dll" id="bde0c5da-30c5-471f-8183-6ae24a4ee8ba"><Execution id="45943fec-f852-4ea1-bd36-2ee063a45cbd" /><TestMethod codeBase="E:\code\_migrated\QuantPlatform\QTG\UniverseGeneratorTest\bin\Debug\netcoreapp2.0\publish\UniverseGenerator.Test.dll" adapterTypeName="executor://nunit3testexecutor/" className="UniverseGenerator.Test.InclusionDate.TestUniGenReasonConverter" name="TestUnknown" /></UnitTest><UnitTest name="TestGenerateMembersHistoric_From2010-01-01_WithMembersIdealAroundExistingMembersHistoricEndDate_WithExistingMembersHistoric" storage="e:\code\_migrated\quantplatform\qtg\universegeneratortest\bin\debug\netcoreapp2.0\publish\universegenerator.test.dll" id="95f9ac83-b097-47a5-bdb9-490c135ddb8f"><Execution id="bc929fc3-8500-4633-ba27-58794e819497" /><TestMethod codeBase="E:\code\_migrated\QuantPlatform\QTG\UniverseGeneratorTest\bin\Debug\netcoreapp2.0\publish\UniverseGenerator.Test.dll" adapterTypeName="executor://nunit3testexecutor/" className="UniverseGenerator.Test.TestQtgMembersHistoricGenerator" name="TestGenerateMembersHistoric_From2010-01-01_WithMembersIdealAroundExistingMembersHistoricEndDate_WithExistingMembersHistoric" /></UnitTest><UnitTest name="TestSendWithNoDifferences" storage="e:\code\_migrated\quantplatform\qtg\universegeneratortest\bin\debug\netcoreapp2.0\publish\universegenerator.test.dll" id="5060550d-0174-4e51-91ef-ecdb3565d4da"><Execution id="5cfb4bb4-8928-4868-931c-d882f611e1b7" /><TestMethod codeBase="E:\code\_migrated\QuantPlatform\QTG\UniverseGeneratorTest\bin\Debug\netcoreapp2.0\publish\UniverseGenerator.Test.dll" adapterTypeName="executor://nunit3testexecutor/" className="UniverseGenerator.Test.Email.TestBadlyConfiguredSecuritiesReporter" name="TestSendWithNoDifferences" /></UnitTest><UnitTest name="TestGenerateMembersHistoric_From2010-01-01_WithMembersIdealOnExistingMembersHistoricEndDate_WithoutExistingMembersHistoric" storage="e:\code\_migrated\quantplatform\qtg\universegeneratortest\bin\debug\netcoreapp2.0\publish\universegenerator.test.dll" id="9f0b17bf-f844-40e7-82eb-a66b7dcfdf64"><Execution id="13fc5adf-7688-4e1f-ab39-2aea6d6edbea" /><TestMethod codeBase="E:\code\_migrated\QuantPlatform\QTG\UniverseGeneratorTest\bin\Debug\netcoreapp2.0\publish\UniverseGenerator.Test.dll" adapterTypeName="executor://nunit3testexecutor/" className="UniverseGenerator.Test.TestQtgMembersHistoricGenerator" name="TestGenerateMembersHistoric_From2010-01-01_WithMembersIdealOnExistingMembersHistoricEndDate_WithoutExistingMembersHistoric" /></UnitTest><UnitTest name="TestGenerateMembersHistoric_From2018-01-01_WithFullMembersIdeal_WithExistingMembersHistoric" storage="e:\code\_migrated\quantplatform\qtg\universegeneratortest\bin\debug\netcoreapp2.0\publish\universegenerator.test.dll" id="5e7e9b03-a7a5-49d7-820e-21676667e9b9"><Execution id="99ec17cf-5c25-45c0-8d8b-a344716111ff" /><TestMethod codeBase="E:\code\_migrated\QuantPlatform\QTG\UniverseGeneratorTest\bin\Debug\netcoreapp2.0\publish\UniverseGenerator.Test.dll" adapterTypeName="executor://nunit3testexecutor/" className="UniverseGenerator.Test.TestQtgMembersHistoricGenerator" name="TestGenerateMembersHistoric_From2018-01-01_WithFullMembersIdeal_WithExistingMembersHistoric" /></UnitTest><UnitTest name="TestKeepStock" storage="e:\code\_migrated\quantplatform\qtg\universegeneratortest\bin\debug\netcoreapp2.0\publish\universegenerator.test.dll" id="9cde9ea5-5424-43e7-8f01-6bda186b96dd"><Execution id="d6a1acf6-d43d-4923-b1fb-5f09eab33212" /><TestMethod codeBase="E:\code\_migrated\QuantPlatform\QTG\UniverseGeneratorTest\bin\Debug\netcoreapp2.0\publish\UniverseGenerator.Test.dll" adapterTypeName="executor://nunit3testexecutor/" className="UniverseGenerator.Test.Filter.TestSmallPriceFilter" name="TestKeepStock" /></UnitTest><UnitTest name="TestWritePendingMembersAndMembersIdeal(True,False)" storage="e:\code\_migrated\quantplatform\qtg\universegeneratortest\bin\debug\netcoreapp2.0\publish\universegenerator.test.dll" id="b47d26d5-9fb1-4a47-abf3-a22e80a9bcb2"><Execution id="f8707d3a-5cd4-48fe-8be7-cf23109e1125" /><TestMethod codeBase="E:\code\_migrated\QuantPlatform\QTG\UniverseGeneratorTest\bin\Debug\netcoreapp2.0\publish\UniverseGenerator.Test.dll" adapterTypeName="executor://nunit3testexecutor/" className="UniverseGenerator.Test.Release.TestUniverseDatabaseWriter" name="TestWritePendingMembersAndMembersIdeal(True,False)" /></UnitTest><UnitTest name="TestHitRatioMixedThreshold" storage="e:\code\_migrated\quantplatform\qtg\universegeneratortest\bin\debug\netcoreapp2.0\publish\universegenerator.test.dll" id="3ad84eba-1832-4b14-b6fa-161d17d11cea"><Execution id="663b01ea-4d7a-484d-ba05-0d3885016d25" /><TestMethod codeBase="E:\code\_migrated\QuantPlatform\QTG\UniverseGeneratorTest\bin\Debug\netcoreapp2.0\publish\UniverseGenerator.Test.dll" adapterTypeName="executor://nunit3testexecutor/" className="UniverseGenerator.Test.Filter.Liquidity.TestOverThresholdHitRatioLiquidityData" name="TestHitRatioMixedThreshold" /></UnitTest><UnitTest name="TestSendReleasedEmailIfNeeded_WithDiffsAndNoApproval" storage="e:\code\_migrated\quantplatform\qtg\universegeneratortest\bin\debug\netcoreapp2.0\publish\universegenerator.test.dll" id="8f2b3c2e-7119-4682-b57b-9b2b07fdacdc"><Execution id="f027568a-949a-445d-9c7e-64bb1da664b6" /><TestMethod codeBase="E:\code\_migrated\QuantPlatform\QTG\UniverseGeneratorTest\bin\Debug\netcoreapp2.0\publish\UniverseGenerator.Test.dll" adapterTypeName="executor://nunit3testexecutor/" className="UniverseGenerator.Test.Email.TestEmails" name="TestSendReleasedEmailIfNeeded_WithDiffsAndNoApproval" /></UnitTest><UnitTest name="TestDoNotAddOptionalErrorToApprovalRequests_MissingEntryFromLifetimeHelper_Execution" storage="e:\code\_migrated\quantplatform\qtg\universegeneratortest\bin\debug\netcoreapp2.0\publish\universegenerator.test.dll" id="90f60180-82a7-4730-beee-9509ce4430bb"><Execution id="08816293-555e-4b0f-8c0d-fdbf9e7cd6fc" /><TestMethod codeBase="E:\code\_migrated\QuantPlatform\QTG\UniverseGeneratorTest\bin\Debug\netcoreapp2.0\publish\UniverseGenerator.Test.dll" adapterTypeName="executor://nunit3testexecutor/" className="UniverseGenerator.Test.Email.TestEmails" name="TestDoNotAddOptionalErrorToApprovalRequests_MissingEntryFromLifetimeHelper_Execution" /></UnitTest><UnitTest name="TestDumpMeans_Basic" storage="e:\code\_migrated\quantplatform\qtg\universegeneratortest\bin\debug\netcoreapp2.0\publish\universegenerator.test.dll" id="bf745f9a-7b02-4d82-8934-628ec5753d47"><Execution id="d234c5cf-f43b-40e5-9280-f374a961f277" /><TestMethod codeBase="E:\code\_migrated\QuantPlatform\QTG\UniverseGeneratorTest\bin\Debug\netcoreapp2.0\publish\UniverseGenerator.Test.dll" adapterTypeName="executor://nunit3testexecutor/" className="UniverseGenerator.Test.TestFutureContractsUniverseGenerator" name="TestDumpMeans_Basic" /></UnitTest><UnitTest name="TestExactDates" storage="e:\code\_migrated\quantplatform\qtg\universegeneratortest\bin\debug\netcoreapp2.0\publish\universegenerator.test.dll" id="aac4f854-8590-416e-b726-c84774cfe75b"><Execution id="f4b09899-5e07-4425-b139-14af4911e5ba" /><TestMethod codeBase="E:\code\_migrated\QuantPlatform\QTG\UniverseGeneratorTest\bin\Debug\netcoreapp2.0\publish\UniverseGenerator.Test.dll" adapterTypeName="executor://nunit3testexecutor/" className="UniverseGenerator.Test.Mean.TestBucketed" name="TestExactDates" /></UnitTest><UnitTest name="TestBeforeExistanceReason_NeverInUniverse" storage="e:\code\_migrated\quantplatform\qtg\universegeneratortest\bin\debug\netcoreapp2.0\publish\universegenerator.test.dll" id="b964dfc4-13a6-436c-bf61-7983de1cd298"><Execution id="a1f0777d-1d5f-4d06-a830-f121bf2c6c21" /><TestMethod codeBase="E:\code\_migrated\QuantPlatform\QTG\UniverseGeneratorTest\bin\Debug\netcoreapp2.0\publish\UniverseGenerator.Test.dll" adapterTypeName="executor://nunit3testexecutor/" className="UniverseGenerator.Test.InclusionDate.Converter.ReasonsProvider.TestIndexedReasonsProvider" name="TestBeforeExistanceReason_NeverInUniverse" /></UnitTest><UnitTest name="TestAboveToBetweenToBelow" storage="e:\code\_migrated\quantplatform\qtg\universegeneratortest\bin\debug\netcoreapp2.0\publish\universegenerator.test.dll" id="2ee01098-5da7-49dd-ab6c-374bb20fd133"><Execution id="026177f5-0d50-4851-9056-8a957cc526cb" /><TestMethod codeBase="E:\code\_migrated\QuantPlatform\QTG\UniverseGeneratorTest\bin\Debug\netcoreapp2.0\publish\UniverseGenerator.Test.dll" adapterTypeName="executor://nunit3testexecutor/" className="UniverseGenerator.Test.Filter.FutureContracts.TestThresholdFilter" name="TestAboveToBetweenToBelow" /></UnitTest><UnitTest name="TestSendLockedUniverseEmailIfNeeded_DoNotSend_ForceGenerate" storage="e:\code\_migrated\quantplatform\qtg\universegeneratortest\bin\debug\netcoreapp2.0\publish\universegenerator.test.dll" id="963e9117-4214-4422-b350-53b0a33d5803"><Execution id="582fd2af-1d55-48c0-9729-08bbafe49bb7" /><TestMethod codeBase="E:\code\_migrated\QuantPlatform\QTG\UniverseGeneratorTest\bin\Debug\netcoreapp2.0\publish\UniverseGenerator.Test.dll" adapterTypeName="executor://nunit3testexecutor/" className="UniverseGenerator.Test.Email.TestEmails" name="TestSendLockedUniverseEmailIfNeeded_DoNotSend_ForceGenerate" /></UnitTest><UnitTest name="TestEnumerableRange_ToAfterEnd" storage="e:\code\_migrated\quantplatform\qtg\universegeneratortest\bin\debug\netcoreapp2.0\publish\universegenerator.test.dll" id="f7190773-1ce5-4ec6-9ac2-4f935e2ac602"><Execution id="e752e7d9-4088-4efd-bd18-17aaf8b717b1" /><TestMethod codeBase="E:\code\_migrated\QuantPlatform\QTG\UniverseGeneratorTest\bin\Debug\netcoreapp2.0\publish\UniverseGenerator.Test.dll" adapterTypeName="executor://nunit3testexecutor/" className="UniverseGenerator.Test.InclusionDate.TestDateRangeExt" name="TestEnumerableRange_ToAfterEnd" /></UnitTest><UnitTest name="TestGenerateMembersHistoric_From0001-01-01_WithMembersIdealAfterExistingMembersHistoricEndDate_WithEmptyExistingMembersHistoric" storage="e:\code\_migrated\quantplatform\qtg\universegeneratortest\bin\debug\netcoreapp2.0\publish\universegenerator.test.dll" id="bb873e50-83b1-4f41-8387-714bc9a13a8d"><Execution id="fc0df653-0247-41db-bade-f273fc53d6d9" /><TestMethod codeBase="E:\code\_migrated\QuantPlatform\QTG\UniverseGeneratorTest\bin\Debug\netcoreapp2.0\publish\UniverseGenerator.Test.dll" adapterTypeName="executor://nunit3testexecutor/" className="UniverseGenerator.Test.TestQtgMembersHistoricGenerator" name="TestGenerateMembersHistoric_From0001-01-01_WithMembersIdealAfterExistingMembersHistoricEndDate_WithEmptyExistingMembersHistoric" /></UnitTest><UnitTest name="TestRealIncludedBefore_AndIdealIncludedBeyond" storage="e:\code\_migrated\quantplatform\qtg\universegeneratortest\bin\debug\netcoreapp2.0\publish\universegenerator.test.dll" id="965e6e36-6a8f-40eb-932e-42b4ebfabbf3"><Execution id="53403e67-b2ca-434f-a393-ba19d01d6bd9" /><TestMethod codeBase="E:\code\_migrated\QuantPlatform\QTG\UniverseGeneratorTest\bin\Debug\netcoreapp2.0\publish\UniverseGenerator.Test.dll" adapterTypeName="executor://nunit3testexecutor/" className="UniverseGenerator.Test.Release.TestSyncIdeal" name="TestRealIncludedBefore_AndIdealIncludedBeyond" /></UnitTest><UnitTest name="TestSingleEntry_End" storage="e:\code\_migrated\quantplatform\qtg\universegeneratortest\bin\debug\netcoreapp2.0\publish\universegenerator.test.dll" id="6def42cc-3712-4ca3-a26f-f2ce1fe63bb8"><Execution id="c0bd735d-8f20-4a86-85f2-faec33ebc406" /><TestMethod codeBase="E:\code\_migrated\QuantPlatform\QTG\UniverseGeneratorTest\bin\Debug\netcoreapp2.0\publish\UniverseGenerator.Test.dll" adapterTypeName="executor://nunit3testexecutor/" className="UniverseGenerator.Test.Futures.Mean.TestFutureContractVolumeAdjustedLiquidity" name="TestSingleEntry_End" /></UnitTest><UnitTest name="TestExcluded" storage="e:\code\_migrated\quantplatform\qtg\universegeneratortest\bin\debug\netcoreapp2.0\publish\universegenerator.test.dll" id="6a705d6b-61b4-40c5-89e4-8d8ee57dcd45"><Execution id="0ddb9505-4127-4b48-ba34-d20971f82e73" /><TestMethod codeBase="E:\code\_migrated\QuantPlatform\QTG\UniverseGeneratorTest\bin\Debug\netcoreapp2.0\publish\UniverseGenerator.Test.dll" adapterTypeName="executor://nunit3testexecutor/" className="UniverseGenerator.Test.Filter.TestRemoveFromUniverseFilter" name="TestExcluded" /></UnitTest><UnitTest name="TestGenerateMembersHistoric_From2010-01-01_WithFullMembersIdeal_WithEmptyExistingMembersHistoric" storage="e:\code\_migrated\quantplatform\qtg\universegeneratortest\bin\debug\netcoreapp2.0\publish\universegenerator.test.dll" id="9793c4a9-c2a7-4b8e-adc9-413182ed9e25"><Execution id="07e523b2-1e6d-48c0-9e16-698351209f25" /><TestMethod codeBase="E:\code\_migrated\QuantPlatform\QTG\UniverseGeneratorTest\bin\Debug\netcoreapp2.0\publish\UniverseGenerator.Test.dll" adapterTypeName="executor://nunit3testexecutor/" className="UniverseGenerator.Test.TestQtgMembersHistoricGenerator" name="TestGenerateMembersHistoric_From2010-01-01_WithFullMembersIdeal_WithEmptyExistingMembersHistoric" /></UnitTest><UnitTest name="TestIsLiveUniverseTrading" storage="e:\code\_migrated\quantplatform\qtg\universegeneratortest\bin\debug\netcoreapp2.0\publish\universegenerator.test.dll" id="baaaa0f1-9f7a-4ab5-956a-e0b0b02c3a58"><Execution id="0e99d28b-4f5c-4870-92ba-ebd1bcc8e324" /><TestMethod codeBase="E:\code\_migrated\QuantPlatform\QTG\UniverseGeneratorTest\bin\Debug\netcoreapp2.0\publish\UniverseGenerator.Test.dll" adapterTypeName="executor://nunit3testexecutor/" className="UniverseGenerator.Test.TestUniverseConfig" name="TestIsLiveUniverseTrading" /></UnitTest><UnitTest name="TestMultipleReasons_Mixed" storage="e:\code\_migrated\quantplatform\qtg\universegeneratortest\bin\debug\netcoreapp2.0\publish\universegenerator.test.dll" id="68f7ff3d-f4eb-4776-8c21-6f1d0a9fa657"><Execution id="2bfd3401-1e39-4448-927d-8d5c34ef39b3" /><TestMethod codeBase="E:\code\_migrated\QuantPlatform\QTG\UniverseGeneratorTest\bin\Debug\netcoreapp2.0\publish\UniverseGenerator.Test.dll" adapterTypeName="executor://nunit3testexecutor/" className="UniverseGenerator.Test.InclusionDate.TestUniGenReasonConverter" name="TestMultipleReasons_Mixed" /></UnitTest><UnitTest name="TestSendingRequestApprovalsIfNeeded_DoNotSend_Approved" storage="e:\code\_migrated\quantplatform\qtg\universegeneratortest\bin\debug\netcoreapp2.0\publish\universegenerator.test.dll" id="db1838a4-170f-486a-b530-dcaaafe07bc6"><Execution id="566b2acf-e656-419f-aeec-1f6adea6ea84" /><TestMethod codeBase="E:\code\_migrated\QuantPlatform\QTG\UniverseGeneratorTest\bin\Debug\netcoreapp2.0\publish\UniverseGenerator.Test.dll" adapterTypeName="executor://nunit3testexecutor/" className="UniverseGenerator.Test.Email.TestEmails" name="TestSendingRequestApprovalsIfNeeded_DoNotSend_Approved" /></UnitTest><UnitTest name="TestEtfStockAsUnderlyingType" storage="e:\code\_migrated\quantplatform\qtg\universegeneratortest\bin\debug\netcoreapp2.0\publish\universegenerator.test.dll" id="ff7fd17e-323d-4094-9d28-fc87de0a61ae"><Execution id="7c502bda-b924-482a-9095-ad9054a76b49" /><TestMethod codeBase="E:\code\_migrated\QuantPlatform\QTG\UniverseGeneratorTest\bin\Debug\netcoreapp2.0\publish\UniverseGenerator.Test.dll" adapterTypeName="executor://nunit3testexecutor/" className="UniverseGenerator.Test.Filter.SyntheticFuture.TestUnderlyingTypeFilter" name="TestEtfStockAsUnderlyingType" /></UnitTest><UnitTest name="TestFilterOutOnlyIfOverSmallPriceDaysThreshold" storage="e:\code\_migrated\quantplatform\qtg\universegeneratortest\bin\debug\netcoreapp2.0\publish\universegenerator.test.dll" id="8c00b584-cf8c-40b7-8feb-23d2abdac2fb"><Execution id="cb771feb-5a23-452e-97d7-bb6f11a0f2ca" /><TestMethod codeBase="E:\code\_migrated\QuantPlatform\QTG\UniverseGeneratorTest\bin\Debug\netcoreapp2.0\publish\UniverseGenerator.Test.dll" adapterTypeName="executor://nunit3testexecutor/" className="UniverseGenerator.Test.Filter.TestSmallPriceFilter" name="TestFilterOutOnlyIfOverSmallPriceDaysThreshold" /></UnitTest><UnitTest name="TestNoUnapprovedFutures_AllAlreadyPresentInMembersIdeal" storage="e:\code\_migrated\quantplatform\qtg\universegeneratortest\bin\debug\netcoreapp2.0\publish\universegenerator.test.dll" id="16214659-eda3-410b-8e8b-08802ed516e6"><Execution id="61b6873d-6f94-4995-bfb8-035a31c8a3eb" /><TestMethod codeBase="E:\code\_migrated\QuantPlatform\QTG\UniverseGeneratorTest\bin\Debug\netcoreapp2.0\publish\UniverseGenerator.Test.dll" adapterTypeName="executor://nunit3testexecutor/" className="UniverseGenerator.Test.Email.FutureContracts.TestUnapprovedFuturesSectionGenerator" name="TestNoUnapprovedFutures_AllAlreadyPresentInMembersIdeal" /></UnitTest><UnitTest name="TestMergerInTheMiddle" storage="e:\code\_migrated\quantplatform\qtg\universegeneratortest\bin\debug\netcoreapp2.0\publish\universegenerator.test.dll" id="c7a25860-4734-419e-a723-2b62b18ced1a"><Execution id="6d2daec1-90ef-4b2f-98fb-4ad4bfda62cb" /><TestMethod codeBase="E:\code\_migrated\QuantPlatform\QTG\UniverseGeneratorTest\bin\Debug\netcoreapp2.0\publish\UniverseGenerator.Test.dll" adapterTypeName="executor://nunit3testexecutor/" className="UniverseGenerator.Test.Filter.TestMergerFilter" name="TestMergerInTheMiddle" /></UnitTest><UnitTest name="TestMembershipOverride" storage="e:\code\_migrated\quantplatform\qtg\universegeneratortest\bin\debug\netcoreapp2.0\publish\universegenerator.test.dll" id="42e16f5d-9f88-4b06-b576-9897bb088b54"><Execution id="9a2e88d5-d68e-4e54-99f0-c5dd3b719382" /><TestMethod codeBase="E:\code\_migrated\QuantPlatform\QTG\UniverseGeneratorTest\bin\Debug\netcoreapp2.0\publish\UniverseGenerator.Test.dll" adapterTypeName="executor://nunit3testexecutor/" className="UniverseGenerator.Test.TestUniverseConfig" name="TestMembershipOverride" /></UnitTest><UnitTest name="TestCorrectlyApplyEndDate_EndDefinedBeforeMaxDate" storage="e:\code\_migrated\quantplatform\qtg\universegeneratortest\bin\debug\netcoreapp2.0\publish\universegenerator.test.dll" id="51a3fc4e-354d-4a55-beeb-5dafb589dfa9"><Execution id="729e2920-3e1d-42ec-8837-070060dee646" /><TestMethod codeBase="E:\code\_migrated\QuantPlatform\QTG\UniverseGeneratorTest\bin\Debug\netcoreapp2.0\publish\UniverseGenerator.Test.dll" adapterTypeName="executor://nunit3testexecutor/" className="UniverseGenerator.Test.InclusionDate.Converter.TestInclusionDatesConverter" name="TestCorrectlyApplyEndDate_EndDefinedBeforeMaxDate" /></UnitTest><UnitTest name="TestOnlyIdealIncluded" storage="e:\code\_migrated\quantplatform\qtg\universegeneratortest\bin\debug\netcoreapp2.0\publish\universegenerator.test.dll" id="4219f7dd-a90e-4ee8-9600-0ad95471fc74"><Execution id="0595f337-cccb-4e80-bf0a-f225b307aee7" /><TestMethod codeBase="E:\code\_migrated\QuantPlatform\QTG\UniverseGeneratorTest\bin\Debug\netcoreapp2.0\publish\UniverseGenerator.Test.dll" adapterTypeName="executor://nunit3testexecutor/" className="UniverseGenerator.Test.Members.TestQtgMembersGenerator" name="TestOnlyIdealIncluded" /></UnitTest><UnitTest name="TestApproveReleaseIfAllDepartmentsApproved" storage="e:\code\_migrated\quantplatform\qtg\universegeneratortest\bin\debug\netcoreapp2.0\publish\universegenerator.test.dll" id="44f27cbf-df8f-4efa-a057-32675883a045"><Execution id="84f42095-6729-4c90-b8c3-9c69f539f579" /><TestMethod codeBase="E:\code\_migrated\QuantPlatform\QTG\UniverseGeneratorTest\bin\Debug\netcoreapp2.0\publish\UniverseGenerator.Test.dll" adapterTypeName="executor://nunit3testexecutor/" className="UniverseGenerator.Test.Release.TestReleaseApprove" name="TestApproveReleaseIfAllDepartmentsApproved" /></UnitTest><UnitTest name="TestStockWithCurrencyAndExchange" storage="e:\code\_migrated\quantplatform\qtg\universegeneratortest\bin\debug\netcoreapp2.0\publish\universegenerator.test.dll" id="30ee5750-2f16-49d2-9914-0f2f96bb2d17"><Execution id="76930d80-82c1-4866-9341-e59c0aac9047" /><TestMethod codeBase="E:\code\_migrated\QuantPlatform\QTG\UniverseGeneratorTest\bin\Debug\netcoreapp2.0\publish\UniverseGenerator.Test.dll" adapterTypeName="executor://nunit3testexecutor/" className="UniverseGenerator.Test.Filter.TestStockDataRequirements" name="TestStockWithCurrencyAndExchange" /></UnitTest><UnitTest name="TestExecutionDepartmentApproval" storage="e:\code\_migrated\quantplatform\qtg\universegeneratortest\bin\debug\netcoreapp2.0\publish\universegenerator.test.dll" id="f3ad22b0-cdfb-4ad6-9108-6f86c8556a1c"><Execution id="bf5ea193-a6e3-43bd-9322-361283bad73d" /><TestMethod codeBase="E:\code\_migrated\QuantPlatform\QTG\UniverseGeneratorTest\bin\Debug\netcoreapp2.0\publish\UniverseGenerator.Test.dll" adapterTypeName="executor://nunit3testexecutor/" className="UniverseGenerator.Test.Release.TestReleaseApprove" name="TestExecutionDepartmentApproval" /></UnitTest><UnitTest name="TestValidAndInvalid" storage="e:\code\_migrated\quantplatform\qtg\universegeneratortest\bin\debug\netcoreapp2.0\publish\universegenerator.test.dll" id="45632e7c-d20e-4788-87ef-e48381cfeec5"><Execution id="44247df1-4033-4877-9595-0ad0de804aef" /><TestMethod codeBase="E:\code\_migrated\QuantPlatform\QTG\UniverseGeneratorTest\bin\Debug\netcoreapp2.0\publish\UniverseGenerator.Test.dll" adapterTypeName="executor://nunit3testexecutor/" className="UniverseGenerator.Test.Members.SyntheticFutures.TestCandidateSyntheticFuturesProvider" name="TestValidAndInvalid" /></UnitTest><UnitTest name="TestMissingEntries" storage="e:\code\_migrated\quantplatform\qtg\universegeneratortest\bin\debug\netcoreapp2.0\publish\universegenerator.test.dll" id="40188803-736c-4063-bbf5-46bfc529fe08"><Execution id="328a3026-3011-467b-bcf8-d3869c0c7089" /><TestMethod codeBase="E:\code\_migrated\QuantPlatform\QTG\UniverseGeneratorTest\bin\Debug\netcoreapp2.0\publish\UniverseGenerator.Test.dll" adapterTypeName="executor://nunit3testexecutor/" className="UniverseGenerator.Test.Futures.TestFutureContractTradingData" name="TestMissingEntries" /></UnitTest><UnitTest name="TestUnion_PartiallyExcluded" storage="e:\code\_migrated\quantplatform\qtg\universegeneratortest\bin\debug\netcoreapp2.0\publish\universegenerator.test.dll" id="d07d459e-8079-49a7-9baf-10a925d4f5e8"><Execution id="0c32a881-57b1-44c8-b693-2b68d4591502" /><TestMethod codeBase="E:\code\_migrated\QuantPlatform\QTG\UniverseGeneratorTest\bin\Debug\netcoreapp2.0\publish\UniverseGenerator.Test.dll" adapterTypeName="executor://nunit3testexecutor/" className="UniverseGenerator.Test.InclusionDate.TestUnionInclusionDates" name="TestUnion_PartiallyExcluded" /></UnitTest><UnitTest name="TestExtendIfNeeded_Included" storage="e:\code\_migrated\quantplatform\qtg\universegeneratortest\bin\debug\netcoreapp2.0\publish\universegenerator.test.dll" id="4e468c31-225d-4104-a912-d50a9444719f"><Execution id="523df247-dc0f-47d4-a5e5-a7be4910550d" /><TestMethod codeBase="E:\code\_migrated\QuantPlatform\QTG\UniverseGeneratorTest\bin\Debug\netcoreapp2.0\publish\UniverseGenerator.Test.dll" adapterTypeName="executor://nunit3testexecutor/" className="UniverseGenerator.Test.InclusionDate.TestInclusionDatesExt" name="TestExtendIfNeeded_Included" /></UnitTest><UnitTest name="TestFilter_LSE_Only_NotLSE_AtStart" storage="e:\code\_migrated\quantplatform\qtg\universegeneratortest\bin\debug\netcoreapp2.0\publish\universegenerator.test.dll" id="a6d490dd-32f7-4ae9-ad64-fe2c5113be38"><Execution id="cceb55ed-1aea-4bfb-807f-37f6d964377b" /><TestMethod codeBase="E:\code\_migrated\QuantPlatform\QTG\UniverseGeneratorTest\bin\Debug\netcoreapp2.0\publish\UniverseGenerator.Test.dll" adapterTypeName="executor://nunit3testexecutor/" className="UniverseGenerator.Test.Filter.TestEuropeUniverseFilter" name="TestFilter_LSE_Only_NotLSE_AtStart" /></UnitTest><UnitTest name="TestWriteSyntheticFutures_Single" storage="e:\code\_migrated\quantplatform\qtg\universegeneratortest\bin\debug\netcoreapp2.0\publish\universegenerator.test.dll" id="3350de0c-476d-45e3-8649-7f99166ea699"><Execution id="381e20b2-99e4-4ef8-ae04-de6b2ef4f451" /><TestMethod codeBase="E:\code\_migrated\QuantPlatform\QTG\UniverseGeneratorTest\bin\Debug\netcoreapp2.0\publish\UniverseGenerator.Test.dll" adapterTypeName="executor://nunit3testexecutor/" className="UniverseGenerator.Test.Members.SyntheticFutures.Creator.TestNewSyntheticFuturesWriter" name="TestWriteSyntheticFutures_Single" /></UnitTest><UnitTest name="TestWritingCollection" storage="e:\code\_migrated\quantplatform\qtg\universegeneratortest\bin\debug\netcoreapp2.0\publish\universegenerator.test.dll" id="f2c7fdc3-d8a9-4d11-a9ec-c15aacdba163"><Execution id="aac4748b-fff8-437b-9f91-9546157512df" /><TestMethod codeBase="E:\code\_migrated\QuantPlatform\QTG\UniverseGeneratorTest\bin\Debug\netcoreapp2.0\publish\UniverseGenerator.Test.dll" adapterTypeName="executor://nunit3testexecutor/" className="UniverseGenerator.Test.Release.TestDbCloner" name="TestWritingCollection" /></UnitTest><UnitTest name="TestUnion_CompletelyExcluded" storage="e:\code\_migrated\quantplatform\qtg\universegeneratortest\bin\debug\netcoreapp2.0\publish\universegenerator.test.dll" id="5c8778d4-aa0f-4002-aa23-ca133a71e581"><Execution id="f9335f12-35f5-47a8-b986-0bc628cf351e" /><TestMethod codeBase="E:\code\_migrated\QuantPlatform\QTG\UniverseGeneratorTest\bin\Debug\netcoreapp2.0\publish\UniverseGenerator.Test.dll" adapterTypeName="executor://nunit3testexecutor/" className="UniverseGenerator.Test.InclusionDate.TestUnionInclusionDates" name="TestUnion_CompletelyExcluded" /></UnitTest><UnitTest name="TestGenerateMembersHistoric_From2018-01-01_WithEmptyMembersIdeal_WithEmptyExistingMembersHistoric" storage="e:\code\_migrated\quantplatform\qtg\universegeneratortest\bin\debug\netcoreapp2.0\publish\universegenerator.test.dll" id="30b12643-7313-411c-9102-1612df41f853"><Execution id="4aa6ba20-a365-4159-927a-53f89e5cf4ed" /><TestMethod codeBase="E:\code\_migrated\QuantPlatform\QTG\UniverseGeneratorTest\bin\Debug\netcoreapp2.0\publish\UniverseGenerator.Test.dll" adapterTypeName="executor://nunit3testexecutor/" className="UniverseGenerator.Test.TestQtgMembersHistoricGenerator" name="TestGenerateMembersHistoric_From2018-01-01_WithEmptyMembersIdeal_WithEmptyExistingMembersHistoric" /></UnitTest><UnitTest name="TestUnionMembership_TimeGap" storage="e:\code\_migrated\quantplatform\qtg\universegeneratortest\bin\debug\netcoreapp2.0\publish\universegenerator.test.dll" id="b6efbd4c-66cd-480a-b9c3-574b4aa78b31"><Execution id="f16b7775-1324-4520-b82e-a7c0a8a40b93" /><TestMethod codeBase="E:\code\_migrated\QuantPlatform\QTG\UniverseGeneratorTest\bin\Debug\netcoreapp2.0\publish\UniverseGenerator.Test.dll" adapterTypeName="executor://nunit3testexecutor/" className="UniverseGenerator.Test.Futures.TestMembersForExecutionProvider" name="TestUnionMembership_TimeGap" /></UnitTest><UnitTest name="TestRange_Gap" storage="e:\code\_migrated\quantplatform\qtg\universegeneratortest\bin\debug\netcoreapp2.0\publish\universegenerator.test.dll" id="85a5c077-7b4b-424f-aed5-b09f3e5baf32"><Execution id="615e4ace-3c8b-47a6-a7b7-c38785cee72b" /><TestMethod codeBase="E:\code\_migrated\QuantPlatform\QTG\UniverseGeneratorTest\bin\Debug\netcoreapp2.0\publish\UniverseGenerator.Test.dll" adapterTypeName="executor://nunit3testexecutor/" className="UniverseGenerator.Test.InclusionDate.TestIntersectionInclusionDates" name="TestRange_Gap" /></UnitTest><UnitTest name="TestRequestApprovalsIfNeeded_DoNotSend_Approved" storage="e:\code\_migrated\quantplatform\qtg\universegeneratortest\bin\debug\netcoreapp2.0\publish\universegenerator.test.dll" id="53e75839-1e10-4ff1-bf96-d1e405708467"><Execution id="36d4ee40-bc91-4f3e-8f0b-499f502b8bbb" /><TestMethod codeBase="E:\code\_migrated\QuantPlatform\QTG\UniverseGeneratorTest\bin\Debug\netcoreapp2.0\publish\UniverseGenerator.Test.dll" adapterTypeName="executor://nunit3testexecutor/" className="UniverseGenerator.Test.Email.TestEmails" name="TestRequestApprovalsIfNeeded_DoNotSend_Approved" /></UnitTest><UnitTest name="TestMembersHistoricProvider" storage="e:\code\_migrated\quantplatform\qtg\universegeneratortest\bin\debug\netcoreapp2.0\publish\universegenerator.test.dll" id="815de893-e8f6-4fbc-b4c5-640073110487"><Execution id="d91cece8-0675-4054-841d-b4b4bb201e8a" /><TestMethod codeBase="E:\code\_migrated\QuantPlatform\QTG\UniverseGeneratorTest\bin\Debug\netcoreapp2.0\publish\UniverseGenerator.Test.dll" adapterTypeName="executor://nunit3testexecutor/" className="UniverseGenerator.Test.TestQtgMembersHistoricProvider" name="TestMembersHistoricProvider" /></UnitTest><UnitTest name="TestDifferentReason" storage="e:\code\_migrated\quantplatform\qtg\universegeneratortest\bin\debug\netcoreapp2.0\publish\universegenerator.test.dll" id="451be30e-d71a-4f8e-82a5-7c9d2b412e74"><Execution id="3ec83e91-2561-4c11-b75d-9f183e39c74a" /><TestMethod codeBase="E:\code\_migrated\QuantPlatform\QTG\UniverseGeneratorTest\bin\Debug\netcoreapp2.0\publish\UniverseGenerator.Test.dll" adapterTypeName="executor://nunit3testexecutor/" className="UniverseGenerator.Test.InclusionDate.TestDiffInclusionDates" name="TestDifferentReason" /></UnitTest><UnitTest name="TestWritingEmptyCollection" storage="e:\code\_migrated\quantplatform\qtg\universegeneratortest\bin\debug\netcoreapp2.0\publish\universegenerator.test.dll" id="decb695b-cdde-440a-88de-836241b528d6"><Execution id="7bacafad-fa43-4f9d-ad90-65f71900f1aa" /><TestMethod codeBase="E:\code\_migrated\QuantPlatform\QTG\UniverseGeneratorTest\bin\Debug\netcoreapp2.0\publish\UniverseGenerator.Test.dll" adapterTypeName="executor://nunit3testexecutor/" className="UniverseGenerator.Test.Release.TestDbCloner" name="TestWritingEmptyCollection" /></UnitTest><UnitTest name="TestDoNotFilterWhereNo_Future_PresentInName" storage="e:\code\_migrated\quantplatform\qtg\universegeneratortest\bin\debug\netcoreapp2.0\publish\universegenerator.test.dll" id="3f8ce2c0-88a7-46a8-873f-90ddf7cfdcb5"><Execution id="c2657221-5ac5-46b2-ae58-b09edc5c2056" /><TestMethod codeBase="E:\code\_migrated\QuantPlatform\QTG\UniverseGeneratorTest\bin\Debug\netcoreapp2.0\publish\UniverseGenerator.Test.dll" adapterTypeName="executor://nunit3testexecutor/" className="UniverseGenerator.Test.Members.SyntheticFutures.Creator.TestNewSyntheticFuturesMapper" name="TestDoNotFilterWhereNo_Future_PresentInName" /></UnitTest><UnitTest name="TestSingleEntry_Start" storage="e:\code\_migrated\quantplatform\qtg\universegeneratortest\bin\debug\netcoreapp2.0\publish\universegenerator.test.dll" id="fea29cd7-fe31-4243-9140-3245ba4f0da6"><Execution id="6a2b2761-cc16-46e9-96cc-32dad8e9befe" /><TestMethod codeBase="E:\code\_migrated\QuantPlatform\QTG\UniverseGeneratorTest\bin\Debug\netcoreapp2.0\publish\UniverseGenerator.Test.dll" adapterTypeName="executor://nunit3testexecutor/" className="UniverseGenerator.Test.Futures.Mean.TestFutureContractSumDaysWithVolume" name="TestSingleEntry_Start" /></UnitTest><UnitTest name="TestSyncMembers" storage="e:\code\_migrated\quantplatform\qtg\universegeneratortest\bin\debug\netcoreapp2.0\publish\universegenerator.test.dll" id="75eec286-e6cd-44ad-a100-e94ad5431263"><Execution id="4cccedca-033e-4d7d-ad86-da8400122bb9" /><TestMethod codeBase="E:\code\_migrated\QuantPlatform\QTG\UniverseGeneratorTest\bin\Debug\netcoreapp2.0\publish\UniverseGenerator.Test.dll" adapterTypeName="executor://nunit3testexecutor/" className="UniverseGenerator.Test.Release.TestReleasePanGaea" name="TestSyncMembers" /></UnitTest><UnitTest name="TestBetweenToAboveAndThenBetweenThreshold" storage="e:\code\_migrated\quantplatform\qtg\universegeneratortest\bin\debug\netcoreapp2.0\publish\universegenerator.test.dll" id="464e4b93-6d7e-454c-8d0a-73b02dbde512"><Execution id="2f269015-2dc2-4a2e-a66a-cab36db42c49" /><TestMethod codeBase="E:\code\_migrated\QuantPlatform\QTG\UniverseGeneratorTest\bin\Debug\netcoreapp2.0\publish\UniverseGenerator.Test.dll" adapterTypeName="executor://nunit3testexecutor/" className="UniverseGenerator.Test.Filter.FutureContracts.TestThresholdFilter" name="TestBetweenToAboveAndThenBetweenThreshold" /></UnitTest><UnitTest name="TestVerifyReleaseState_Cancelled" storage="e:\code\_migrated\quantplatform\qtg\universegeneratortest\bin\debug\netcoreapp2.0\publish\universegenerator.test.dll" id="d28128de-f168-47f4-a836-6c99cc3a7515"><Execution id="b1782c6d-ccd0-4f3a-b6d4-385c662ff046" /><TestMethod codeBase="E:\code\_migrated\QuantPlatform\QTG\UniverseGeneratorTest\bin\Debug\netcoreapp2.0\publish\UniverseGenerator.Test.dll" adapterTypeName="executor://nunit3testexecutor/" className="UniverseGenerator.Test.Release.TestReleaseApprove" name="TestVerifyReleaseState_Cancelled" /></UnitTest><UnitTest name="TestAuxiliaryMembers" storage="e:\code\_migrated\quantplatform\qtg\universegeneratortest\bin\debug\netcoreapp2.0\publish\universegenerator.test.dll" id="faf24228-f684-48d2-81b9-f9fa8d9a8620"><Execution id="46ad67ec-abda-48bc-beab-483b5ec5987d" /><TestMethod codeBase="E:\code\_migrated\QuantPlatform\QTG\UniverseGeneratorTest\bin\Debug\netcoreapp2.0\publish\UniverseGenerator.Test.dll" adapterTypeName="executor://nunit3testexecutor/" className="UniverseGenerator.Test.Release.TestMemberFields" name="TestAuxiliaryMembers" /></UnitTest><UnitTest name="TestWithTargetAnnouncement_WayBeforeStart" storage="e:\code\_migrated\quantplatform\qtg\universegeneratortest\bin\debug\netcoreapp2.0\publish\universegenerator.test.dll" id="23a0b66f-c852-4210-a0f4-d9058651dcf7"><Execution id="09b81e45-db19-4fec-84e2-7bfe83ecca3a" /><TestMethod codeBase="E:\code\_migrated\QuantPlatform\QTG\UniverseGeneratorTest\bin\Debug\netcoreapp2.0\publish\UniverseGenerator.Test.dll" adapterTypeName="executor://nunit3testexecutor/" className="UniverseGenerator.Test.Filter.TestTargetAnnouncementFilter" name="TestWithTargetAnnouncement_WayBeforeStart" /></UnitTest><UnitTest name="TestWriteSyntheticFutures_Multiple" storage="e:\code\_migrated\quantplatform\qtg\universegeneratortest\bin\debug\netcoreapp2.0\publish\universegenerator.test.dll" id="454ef3c6-b1ad-4c75-9daa-47be06122983"><Execution id="1c064c96-7f21-4ce1-be7b-6879cf1bf71c" /><TestMethod codeBase="E:\code\_migrated\QuantPlatform\QTG\UniverseGeneratorTest\bin\Debug\netcoreapp2.0\publish\UniverseGenerator.Test.dll" adapterTypeName="executor://nunit3testexecutor/" className="UniverseGenerator.Test.Members.SyntheticFutures.Creator.TestNewSyntheticFuturesWriter" name="TestWriteSyntheticFutures_Multiple" /></UnitTest><UnitTest name="TestGenerateMembersHistoric_From0001-01-01_WithEmptyMembersIdeal_WithEmptyExistingMembersHistoric" storage="e:\code\_migrated\quantplatform\qtg\universegeneratortest\bin\debug\netcoreapp2.0\publish\universegenerator.test.dll" id="520a6ea9-ce16-4c52-94e4-0d636fefba3d"><Execution id="581a7e59-bea6-4de3-aea4-e77dd7cd8b77" /><TestMethod codeBase="E:\code\_migrated\QuantPlatform\QTG\UniverseGeneratorTest\bin\Debug\netcoreapp2.0\publish\UniverseGenerator.Test.dll" adapterTypeName="executor://nunit3testexecutor/" className="UniverseGenerator.Test.TestQtgMembersHistoricGenerator" name="TestGenerateMembersHistoric_From0001-01-01_WithEmptyMembersIdeal_WithEmptyExistingMembersHistoric" /></UnitTest><UnitTest name="TestDoNotSyncWhenEquityShortTerm(Undefined)" storage="e:\code\_migrated\quantplatform\qtg\universegeneratortest\bin\debug\netcoreapp2.0\publish\universegenerator.test.dll" id="56c0afbc-fec2-4062-adf0-f42d66552b47"><Execution id="98d1b581-c7fa-46a8-bc5e-4a6e80f9d32c" /><TestMethod codeBase="E:\code\_migrated\QuantPlatform\QTG\UniverseGeneratorTest\bin\Debug\netcoreapp2.0\publish\UniverseGenerator.Test.dll" adapterTypeName="executor://nunit3testexecutor/" className="UniverseGenerator.Test.Release.TestReleasePanGaea" name="TestDoNotSyncWhenEquityShortTerm(Undefined)" /></UnitTest><UnitTest name="TestRange_Overlap" storage="e:\code\_migrated\quantplatform\qtg\universegeneratortest\bin\debug\netcoreapp2.0\publish\universegenerator.test.dll" id="42b38b88-031f-4043-ba0c-ccc3f9d4d30c"><Execution id="45ba87f4-f259-42a9-a39b-ce481fa9be12" /><TestMethod codeBase="E:\code\_migrated\QuantPlatform\QTG\UniverseGeneratorTest\bin\Debug\netcoreapp2.0\publish\UniverseGenerator.Test.dll" adapterTypeName="executor://nunit3testexecutor/" className="UniverseGenerator.Test.InclusionDate.TestIntersectionInclusionDates" name="TestRange_Overlap" /></UnitTest><UnitTest name="TestGenerateMembersHistoric_From2010-01-01_WithFullMembersIdeal_WithExistingMembersHistoricEndingWithAnAdd" storage="e:\code\_migrated\quantplatform\qtg\universegeneratortest\bin\debug\netcoreapp2.0\publish\universegenerator.test.dll" id="92dc781a-92e1-4a2d-8f97-808153b96420"><Execution id="8e4c289c-4749-434d-80dc-b6e9e9f5041d" /><TestMethod codeBase="E:\code\_migrated\QuantPlatform\QTG\UniverseGeneratorTest\bin\Debug\netcoreapp2.0\publish\UniverseGenerator.Test.dll" adapterTypeName="executor://nunit3testexecutor/" className="UniverseGenerator.Test.TestQtgMembersHistoricGenerator" name="TestGenerateMembersHistoric_From2010-01-01_WithFullMembersIdeal_WithExistingMembersHistoricEndingWithAnAdd" /></UnitTest><UnitTest name="TestMonthsInBucket_Coarse" storage="e:\code\_migrated\quantplatform\qtg\universegeneratortest\bin\debug\netcoreapp2.0\publish\universegenerator.test.dll" id="2390809f-0f87-439d-9cc1-9500e9e0e2fe"><Execution id="744fa98e-4cb5-4a50-bc62-295c7da0ef93" /><TestMethod codeBase="E:\code\_migrated\QuantPlatform\QTG\UniverseGeneratorTest\bin\Debug\netcoreapp2.0\publish\UniverseGenerator.Test.dll" adapterTypeName="executor://nunit3testexecutor/" className="UniverseGenerator.Test.Mean.TestBucketed" name="TestMonthsInBucket_Coarse" /></UnitTest><UnitTest name="TestIsEligibleForRelease_PendingEligible" storage="e:\code\_migrated\quantplatform\qtg\universegeneratortest\bin\debug\netcoreapp2.0\publish\universegenerator.test.dll" id="fdfa5b89-eaba-466c-9c16-7cf266e8af00"><Execution id="0712e3ae-6e41-4081-9936-09905badebff" /><TestMethod codeBase="E:\code\_migrated\QuantPlatform\QTG\UniverseGeneratorTest\bin\Debug\netcoreapp2.0\publish\UniverseGenerator.Test.dll" adapterTypeName="executor://nunit3testexecutor/" className="UniverseGenerator.Test.Release.TestApprovalManager" name="TestIsEligibleForRelease_PendingEligible" /></UnitTest><UnitTest name="TestKeepIfEverWasOnUniverseExchange" storage="e:\code\_migrated\quantplatform\qtg\universegeneratortest\bin\debug\netcoreapp2.0\publish\universegenerator.test.dll" id="b3d361f9-fbcf-4f8e-96e1-52edbe8118d1"><Execution id="55c5ca62-d096-4d04-a849-ef5f93353edb" /><TestMethod codeBase="E:\code\_migrated\QuantPlatform\QTG\UniverseGeneratorTest\bin\Debug\netcoreapp2.0\publish\UniverseGenerator.Test.dll" adapterTypeName="executor://nunit3testexecutor/" className="UniverseGenerator.Test.Futures.TestFutureContractsProvider" name="TestKeepIfEverWasOnUniverseExchange" /></UnitTest><UnitTest name="TestNoTargetAnnouncement" storage="e:\code\_migrated\quantplatform\qtg\universegeneratortest\bin\debug\netcoreapp2.0\publish\universegenerator.test.dll" id="8db133f4-382f-42c6-b602-be5493d62cba"><Execution id="93dc1b0f-1f7d-4196-8914-08c366775816" /><TestMethod codeBase="E:\code\_migrated\QuantPlatform\QTG\UniverseGeneratorTest\bin\Debug\netcoreapp2.0\publish\UniverseGenerator.Test.dll" adapterTypeName="executor://nunit3testexecutor/" className="UniverseGenerator.Test.Filter.TestTargetAnnouncementFilter" name="TestNoTargetAnnouncement" /></UnitTest><UnitTest name="TestApplyFilters" storage="e:\code\_migrated\quantplatform\qtg\universegeneratortest\bin\debug\netcoreapp2.0\publish\universegenerator.test.dll" id="92c4d144-a76d-40e1-b228-603f44dd718d"><Execution id="0928db6a-5211-44c5-a804-983fbb6e3da0" /><TestMethod codeBase="E:\code\_migrated\QuantPlatform\QTG\UniverseGeneratorTest\bin\Debug\netcoreapp2.0\publish\UniverseGenerator.Test.dll" adapterTypeName="executor://nunit3testexecutor/" className="UniverseGenerator.Test.InclusionDate.TestInclusionDates" name="TestApplyFilters" /></UnitTest><UnitTest name="TestNoUnapprovedFutures" storage="e:\code\_migrated\quantplatform\qtg\universegeneratortest\bin\debug\netcoreapp2.0\publish\universegenerator.test.dll" id="006dc16f-a662-4153-ba3b-8654cdb42110"><Execution id="b9b8fab3-3f38-482e-a6ce-0618837c83bd" /><TestMethod codeBase="E:\code\_migrated\QuantPlatform\QTG\UniverseGeneratorTest\bin\Debug\netcoreapp2.0\publish\UniverseGenerator.Test.dll" adapterTypeName="executor://nunit3testexecutor/" className="UniverseGenerator.Test.Email.FutureContracts.TestUnapprovedFuturesSectionGenerator" name="TestNoUnapprovedFutures" /></UnitTest><UnitTest name="TestMembersReasonsReader" storage="e:\code\_migrated\quantplatform\qtg\universegeneratortest\bin\debug\netcoreapp2.0\publish\universegenerator.test.dll" id="814aab4d-4de7-48ee-9e69-1259a1788784"><Execution id="cff97c64-2fda-4ffc-a7ec-f29aa3d45ecc" /><TestMethod codeBase="E:\code\_migrated\QuantPlatform\QTG\UniverseGeneratorTest\bin\Debug\netcoreapp2.0\publish\UniverseGenerator.Test.dll" adapterTypeName="executor://nunit3testexecutor/" className="UniverseGenerator.Test.TestUniverseConfig" name="TestMembersReasonsReader" /></UnitTest><UnitTest name="TestKeepIfEverBeenOnUniverseValidExchange" storage="e:\code\_migrated\quantplatform\qtg\universegeneratortest\bin\debug\netcoreapp2.0\publish\universegenerator.test.dll" id="7a25f576-e8bb-4c38-87dc-79cffb9dcdbb"><Execution id="a46436db-e605-4283-b3a5-cbb8cc89fcaf" /><TestMethod codeBase="E:\code\_migrated\QuantPlatform\QTG\UniverseGeneratorTest\bin\Debug\netcoreapp2.0\publish\UniverseGenerator.Test.dll" adapterTypeName="executor://nunit3testexecutor/" className="UniverseGenerator.Test.Futures.TestFuturesProvider" name="TestKeepIfEverBeenOnUniverseValidExchange" /></UnitTest><UnitTest name="TestGenerateMembersHistoric_From2018-01-01_WithoutMembersIdeal_WithExistingMembersHistoric" storage="e:\code\_migrated\quantplatform\qtg\universegeneratortest\bin\debug\netcoreapp2.0\publish\universegenerator.test.dll" id="57457cda-ac20-4bb8-836b-8f16026bc504"><Execution id="09a4c3db-d458-4275-aeb5-f622256d0651" /><TestMethod codeBase="E:\code\_migrated\QuantPlatform\QTG\UniverseGeneratorTest\bin\Debug\netcoreapp2.0\publish\UniverseGenerator.Test.dll" adapterTypeName="executor://nunit3testexecutor/" className="UniverseGenerator.Test.TestQtgMembersHistoricGenerator" name="TestGenerateMembersHistoric_From2018-01-01_WithoutMembersIdeal_WithExistingMembersHistoric" /></UnitTest><UnitTest name="TestAboveToBelowToBetween" storage="e:\code\_migrated\quantplatform\qtg\universegeneratortest\bin\debug\netcoreapp2.0\publish\universegenerator.test.dll" id="833b2bd0-f34f-4714-a11c-e58a7916be8e"><Execution id="86f76561-2e48-41d2-b5b1-d39e6fd93e8b" /><TestMethod codeBase="E:\code\_migrated\QuantPlatform\QTG\UniverseGeneratorTest\bin\Debug\netcoreapp2.0\publish\UniverseGenerator.Test.dll" adapterTypeName="executor://nunit3testexecutor/" className="UniverseGenerator.Test.Filter.FutureContracts.TestThresholdFilter" name="TestAboveToBelowToBetween" /></UnitTest><UnitTest name="TestConjunctionOverlap_NotExactDates" storage="e:\code\_migrated\quantplatform\qtg\universegeneratortest\bin\debug\netcoreapp2.0\publish\universegenerator.test.dll" id="7f6e3d49-46b4-434e-a515-f3dcc283487e"><Execution id="1a7035cb-67d0-4409-a68b-711ccf3d10bb" /><TestMethod codeBase="E:\code\_migrated\QuantPlatform\QTG\UniverseGeneratorTest\bin\Debug\netcoreapp2.0\publish\UniverseGenerator.Test.dll" adapterTypeName="executor://nunit3testexecutor/" className="UniverseGenerator.Test.InclusionDate.TestIntersectionInclusionDates" name="TestConjunctionOverlap_NotExactDates" /></UnitTest><UnitTest name="TestLiveMembersIdeal" storage="e:\code\_migrated\quantplatform\qtg\universegeneratortest\bin\debug\netcoreapp2.0\publish\universegenerator.test.dll" id="7257f937-0f93-4b1b-a5d1-4985058d51f3"><Execution id="a97b12cb-8f60-4da6-9948-a222dedb3070" /><TestMethod codeBase="E:\code\_migrated\QuantPlatform\QTG\UniverseGeneratorTest\bin\Debug\netcoreapp2.0\publish\UniverseGenerator.Test.dll" adapterTypeName="executor://nunit3testexecutor/" className="UniverseGenerator.Test.Members.TestUniverseMembers" name="TestLiveMembersIdeal" /></UnitTest><UnitTest name="TestNoDiffAllIncluded" storage="e:\code\_migrated\quantplatform\qtg\universegeneratortest\bin\debug\netcoreapp2.0\publish\universegenerator.test.dll" id="fd40527d-074d-4f7a-955d-8cf98f65e804"><Execution id="da63beab-d5e2-43d6-98fe-f3baf1f288c3" /><TestMethod codeBase="E:\code\_migrated\QuantPlatform\QTG\UniverseGeneratorTest\bin\Debug\netcoreapp2.0\publish\UniverseGenerator.Test.dll" adapterTypeName="executor://nunit3testexecutor/" className="UniverseGenerator.Test.InclusionDate.TestDiffDatesForDataSync" name="TestNoDiffAllIncluded" /></UnitTest><UnitTest name="TestGenerateMembersHistoric_From0001-01-01_WithMembersIdealOnExistingMembersHistoricEndDate_WithExistingMembersHistoric" storage="e:\code\_migrated\quantplatform\qtg\universegeneratortest\bin\debug\netcoreapp2.0\publish\universegenerator.test.dll" id="ba7656fb-b160-4ea4-9b73-d14acb7d47d5"><Execution id="b2c6e38f-a2c2-4a3a-8d1d-027056eefe1e" /><TestMethod codeBase="E:\code\_migrated\QuantPlatform\QTG\UniverseGeneratorTest\bin\Debug\netcoreapp2.0\publish\UniverseGenerator.Test.dll" adapterTypeName="executor://nunit3testexecutor/" className="UniverseGenerator.Test.TestQtgMembersHistoricGenerator" name="TestGenerateMembersHistoric_From0001-01-01_WithMembersIdealOnExistingMembersHistoricEndDate_WithExistingMembersHistoric" /></UnitTest><UnitTest name="TestDoNotSyncWhenNotPartOfDesiredCosmos" storage="e:\code\_migrated\quantplatform\qtg\universegeneratortest\bin\debug\netcoreapp2.0\publish\universegenerator.test.dll" id="584c05b6-46d7-460f-b933-89d91bd5080f"><Execution id="19277647-057d-440c-8494-c881b79e14f2" /><TestMethod codeBase="E:\code\_migrated\QuantPlatform\QTG\UniverseGeneratorTest\bin\Debug\netcoreapp2.0\publish\UniverseGenerator.Test.dll" adapterTypeName="executor://nunit3testexecutor/" className="UniverseGenerator.Test.Release.TestReleasePanGaea" name="TestDoNotSyncWhenNotPartOfDesiredCosmos" /></UnitTest><UnitTest name="TestOnlyIdealIncluded_ExistingEntriesBeyondIdeal" storage="e:\code\_migrated\quantplatform\qtg\universegeneratortest\bin\debug\netcoreapp2.0\publish\universegenerator.test.dll" id="d49e38b4-7e90-4b6c-8e39-8bbed3a4b0d8"><Execution id="ee7e92b6-eb5c-44e9-b1fc-9d48ce6bf2f8" /><TestMethod codeBase="E:\code\_migrated\QuantPlatform\QTG\UniverseGeneratorTest\bin\Debug\netcoreapp2.0\publish\UniverseGenerator.Test.dll" adapterTypeName="executor://nunit3testexecutor/" className="UniverseGenerator.Test.Members.TestQtgMembersGenerator" name="TestOnlyIdealIncluded_ExistingEntriesBeyondIdeal" /></UnitTest><UnitTest name="TestReplaceCollectionAndReasons" storage="e:\code\_migrated\quantplatform\qtg\universegeneratortest\bin\debug\netcoreapp2.0\publish\universegenerator.test.dll" id="62811b1f-9475-4f9e-bb0a-551fbb029155"><Execution id="cc2a41f4-639d-4774-aebd-f45f56db52fe" /><TestMethod codeBase="E:\code\_migrated\QuantPlatform\QTG\UniverseGeneratorTest\bin\Debug\netcoreapp2.0\publish\UniverseGenerator.Test.dll" adapterTypeName="executor://nunit3testexecutor/" className="UniverseGenerator.Test.Release.TestUniverseDataStoreWriter" name="TestReplaceCollectionAndReasons" /></UnitTest><UnitTest name="TestSendReleaseApprovedEmailIfNeeded_Pending" storage="e:\code\_migrated\quantplatform\qtg\universegeneratortest\bin\debug\netcoreapp2.0\publish\universegenerator.test.dll" id="061c8cf2-7b4c-450c-83a1-0f2e87c29d1d"><Execution id="66afdf56-5abc-4d34-b2c9-c91d852fb53c" /><TestMethod codeBase="E:\code\_migrated\QuantPlatform\QTG\UniverseGeneratorTest\bin\Debug\netcoreapp2.0\publish\UniverseGenerator.Test.dll" adapterTypeName="executor://nunit3testexecutor/" className="UniverseGenerator.Test.Email.TestEmails" name="TestSendReleaseApprovedEmailIfNeeded_Pending" /></UnitTest><UnitTest name="TestRangeUnion_Gap" storage="e:\code\_migrated\quantplatform\qtg\universegeneratortest\bin\debug\netcoreapp2.0\publish\universegenerator.test.dll" id="bfab9c3f-ebf4-4f14-8b20-b579edf1f77d"><Execution id="c613829d-f5ca-4893-8a79-6ecc76f4cdf2" /><TestMethod codeBase="E:\code\_migrated\QuantPlatform\QTG\UniverseGeneratorTest\bin\Debug\netcoreapp2.0\publish\UniverseGenerator.Test.dll" adapterTypeName="executor://nunit3testexecutor/" className="UniverseGenerator.Test.InclusionDate.TestUnionInclusionDates" name="TestRangeUnion_Gap" /></UnitTest><UnitTest name="TestGetReasonsOnDateOnDate" storage="e:\code\_migrated\quantplatform\qtg\universegeneratortest\bin\debug\netcoreapp2.0\publish\universegenerator.test.dll" id="1083cd96-88e4-4076-8d37-348de9b42226"><Execution id="cd5462d8-f6c7-4d45-9e3d-0ae4a4d664ac" /><TestMethod codeBase="E:\code\_migrated\QuantPlatform\QTG\UniverseGeneratorTest\bin\Debug\netcoreapp2.0\publish\UniverseGenerator.Test.dll" adapterTypeName="executor://nunit3testexecutor/" className="UniverseGenerator.Test.InclusionDate.Converter.ReasonsProvider.TestIndexedReasonsProvider" name="TestGetReasonsOnDateOnDate" /></UnitTest><UnitTest name="TestExcludeOnThresholdHitRatio" storage="e:\code\_migrated\quantplatform\qtg\universegeneratortest\bin\debug\netcoreapp2.0\publish\universegenerator.test.dll" id="ac444f75-72d5-4a23-8609-f50be014eceb"><Execution id="74de33a3-8438-4c6b-8874-893dc3f4f1e2" /><TestMethod codeBase="E:\code\_migrated\QuantPlatform\QTG\UniverseGeneratorTest\bin\Debug\netcoreapp2.0\publish\UniverseGenerator.Test.dll" adapterTypeName="executor://nunit3testexecutor/" className="UniverseGenerator.Test.Filter.Liquidity.TestHitRatioRollingLiquidityCriteria" name="TestExcludeOnThresholdHitRatio" /></UnitTest><UnitTest name="TestRequestApprovalIfNeeded_VerifyReleaseDate" storage="e:\code\_migrated\quantplatform\qtg\universegeneratortest\bin\debug\netcoreapp2.0\publish\universegenerator.test.dll" id="ba9c4334-41cf-4d62-84a9-39e4e247fa76"><Execution id="1ac9f650-bc8e-472e-85aa-a6d429b81990" /><TestMethod codeBase="E:\code\_migrated\QuantPlatform\QTG\UniverseGeneratorTest\bin\Debug\netcoreapp2.0\publish\UniverseGenerator.Test.dll" adapterTypeName="executor://nunit3testexecutor/" className="UniverseGenerator.Test.Email.TestEmails" name="TestRequestApprovalIfNeeded_VerifyReleaseDate" /></UnitTest><UnitTest name="TestOutThenInThenBackOut_ConsecutiveValidsAndInvalids" storage="e:\code\_migrated\quantplatform\qtg\universegeneratortest\bin\debug\netcoreapp2.0\publish\universegenerator.test.dll" id="e05ccbcf-cf20-4f1c-85fc-8409aa91f60a"><Execution id="76dffdba-80ed-438a-b208-9ac2ab529988" /><TestMethod codeBase="E:\code\_migrated\QuantPlatform\QTG\UniverseGeneratorTest\bin\Debug\netcoreapp2.0\publish\UniverseGenerator.Test.dll" adapterTypeName="executor://nunit3testexecutor/" className="UniverseGenerator.Test.Filter.TestUniversePresenceFilter" name="TestOutThenInThenBackOut_ConsecutiveValidsAndInvalids" /></UnitTest><UnitTest name="TestFetchAll_Stock" storage="e:\code\_migrated\quantplatform\qtg\universegeneratortest\bin\debug\netcoreapp2.0\publish\universegenerator.test.dll" id="921fa52d-aba4-4141-8e26-35480fe3201a"><Execution id="c4b8b5d5-2ed5-4878-9f98-abdd22524d15" /><TestMethod codeBase="E:\code\_migrated\QuantPlatform\QTG\UniverseGeneratorTest\bin\Debug\netcoreapp2.0\publish\UniverseGenerator.Test.dll" adapterTypeName="executor://nunit3testexecutor/" className="UniverseGenerator.Test.TestDataStoreObjectsProvider" name="TestFetchAll_Stock" /></UnitTest><UnitTest name="TestExtendedInBothDirections" storage="e:\code\_migrated\quantplatform\qtg\universegeneratortest\bin\debug\netcoreapp2.0\publish\universegenerator.test.dll" id="2174dcdf-7bfb-4d12-9798-b8d4de6b04a7"><Execution id="e73eb243-ae56-42f4-b1ec-bcbf5a5dcfa5" /><TestMethod codeBase="E:\code\_migrated\QuantPlatform\QTG\UniverseGeneratorTest\bin\Debug\netcoreapp2.0\publish\UniverseGenerator.Test.dll" adapterTypeName="executor://nunit3testexecutor/" className="UniverseGenerator.Test.TestDiffUniverse" name="TestExtendedInBothDirections" /></UnitTest><UnitTest name="TestAllIncluded" storage="e:\code\_migrated\quantplatform\qtg\universegeneratortest\bin\debug\netcoreapp2.0\publish\universegenerator.test.dll" id="1c83c586-a940-4913-a71e-390b9e068b5f"><Execution id="c79cd26d-3892-4d90-af45-39e95ffa74d2" /><TestMethod codeBase="E:\code\_migrated\QuantPlatform\QTG\UniverseGeneratorTest\bin\Debug\netcoreapp2.0\publish\UniverseGenerator.Test.dll" adapterTypeName="executor://nunit3testexecutor/" className="UniverseGenerator.Test.Members.TestQtgMembersGenerator" name="TestAllIncluded" /></UnitTest><UnitTest name="TestWithExistingMembersOnly_BeforeToday" storage="e:\code\_migrated\quantplatform\qtg\universegeneratortest\bin\debug\netcoreapp2.0\publish\universegenerator.test.dll" id="4a913fb5-0ba4-4ee8-b56d-1304cf3059ed"><Execution id="7301dddd-15aa-442c-a1e2-c2a9def640cd" /><TestMethod codeBase="E:\code\_migrated\QuantPlatform\QTG\UniverseGeneratorTest\bin\Debug\netcoreapp2.0\publish\UniverseGenerator.Test.dll" adapterTypeName="executor://nunit3testexecutor/" className="UniverseGenerator.Test.Futures.TestMembersForExecutionProvider" name="TestWithExistingMembersOnly_BeforeToday" /></UnitTest><UnitTest name="TestIsReleaseLocked_OnlyIfAllInPendingOrRequested_Approved" storage="e:\code\_migrated\quantplatform\qtg\universegeneratortest\bin\debug\netcoreapp2.0\publish\universegenerator.test.dll" id="7e2a140d-f3d0-49b1-9250-8a2f3df22697"><Execution id="2b22d584-f147-483e-9eb5-ec9b5799bdc2" /><TestMethod codeBase="E:\code\_migrated\QuantPlatform\QTG\UniverseGeneratorTest\bin\Debug\netcoreapp2.0\publish\UniverseGenerator.Test.dll" adapterTypeName="executor://nunit3testexecutor/" className="UniverseGenerator.Test.Release.TestApprovalManager" name="TestIsReleaseLocked_OnlyIfAllInPendingOrRequested_Approved" /></UnitTest><UnitTest name="TestOutThenInThenBackOut" storage="e:\code\_migrated\quantplatform\qtg\universegeneratortest\bin\debug\netcoreapp2.0\publish\universegenerator.test.dll" id="10596168-5afd-49dc-8a2d-c3899520d215"><Execution id="031d9137-86c1-4f5c-b801-5d42b81e6af5" /><TestMethod codeBase="E:\code\_migrated\QuantPlatform\QTG\UniverseGeneratorTest\bin\Debug\netcoreapp2.0\publish\UniverseGenerator.Test.dll" adapterTypeName="executor://nunit3testexecutor/" className="UniverseGenerator.Test.Filter.TestUniversePresenceFilter" name="TestOutThenInThenBackOut" /></UnitTest><UnitTest name="TestDatesFor" storage="e:\code\_migrated\quantplatform\qtg\universegeneratortest\bin\debug\netcoreapp2.0\publish\universegenerator.test.dll" id="bbf915a3-f5fa-461f-80d8-30cae9554179"><Execution id="2655c962-4774-4f3c-b0c0-f27e2b12161d" /><TestMethod codeBase="E:\code\_migrated\QuantPlatform\QTG\UniverseGeneratorTest\bin\Debug\netcoreapp2.0\publish\UniverseGenerator.Test.dll" adapterTypeName="executor://nunit3testexecutor/" className="UniverseGenerator.Test.InclusionDate.TestUnionInclusionDates" name="TestDatesFor" /></UnitTest><UnitTest name="TestGenerateMembersHistoric_From0001-01-01_WithoutMembersIdeal_WithExistingMembersHistoricEndingWithAnAdd" storage="e:\code\_migrated\quantplatform\qtg\universegeneratortest\bin\debug\netcoreapp2.0\publish\universegenerator.test.dll" id="b6445673-d742-43ff-925a-470afdcfcbae"><Execution id="08a2c0d3-f8e6-400d-bf22-3f7d44ca58cb" /><TestMethod codeBase="E:\code\_migrated\QuantPlatform\QTG\UniverseGeneratorTest\bin\Debug\netcoreapp2.0\publish\UniverseGenerator.Test.dll" adapterTypeName="executor://nunit3testexecutor/" className="UniverseGenerator.Test.TestQtgMembersHistoricGenerator" name="TestGenerateMembersHistoric_From0001-01-01_WithoutMembersIdeal_WithExistingMembersHistoricEndingWithAnAdd" /></UnitTest><UnitTest name="TestDiff_IncorrectStart" storage="e:\code\_migrated\quantplatform\qtg\universegeneratortest\bin\debug\netcoreapp2.0\publish\universegenerator.test.dll" id="d9499c56-7886-4c7c-afa7-4bec59d92fa0"><Execution id="773f5579-6d01-41dd-a816-5b2a9d05bce2" /><TestMethod codeBase="E:\code\_migrated\QuantPlatform\QTG\UniverseGeneratorTest\bin\Debug\netcoreapp2.0\publish\UniverseGenerator.Test.dll" adapterTypeName="executor://nunit3testexecutor/" className="UniverseGenerator.Test.InclusionDate.TestDiffInclusionDates" name="TestDiff_IncorrectStart" /></UnitTest><UnitTest name="TestStockWithCurrencyNoExchange" storage="e:\code\_migrated\quantplatform\qtg\universegeneratortest\bin\debug\netcoreapp2.0\publish\universegenerator.test.dll" id="20ae9f11-d7ed-4f77-8f34-0868595d5cbe"><Execution id="4568b903-5760-4c93-9aac-466297164e69" /><TestMethod codeBase="E:\code\_migrated\QuantPlatform\QTG\UniverseGeneratorTest\bin\Debug\netcoreapp2.0\publish\UniverseGenerator.Test.dll" adapterTypeName="executor://nunit3testexecutor/" className="UniverseGenerator.Test.Filter.TestStockDataRequirements" name="TestStockWithCurrencyNoExchange" /></UnitTest><UnitTest name="TestDoNotHandleLockedUniverse_WhenNotEligibleForRelease" storage="e:\code\_migrated\quantplatform\qtg\universegeneratortest\bin\debug\netcoreapp2.0\publish\universegenerator.test.dll" id="ccb0ab9a-8062-4e85-a998-47da3dd84d23"><Execution id="30d18940-1062-46da-a70a-2834df265d52" /><TestMethod codeBase="E:\code\_migrated\QuantPlatform\QTG\UniverseGeneratorTest\bin\Debug\netcoreapp2.0\publish\UniverseGenerator.Test.dll" adapterTypeName="executor://nunit3testexecutor/" className="UniverseGenerator.Test.Release.TestCandidateUniverseReleaseCoordinator" name="TestDoNotHandleLockedUniverse_WhenNotEligibleForRelease" /></UnitTest><UnitTest name="TestNotFilterFor_UniversesNotPartOfFilteredUniverseIds" storage="e:\code\_migrated\quantplatform\qtg\universegeneratortest\bin\debug\netcoreapp2.0\publish\universegenerator.test.dll" id="b2ab675a-3e50-478c-9180-d8f2b7d52461"><Execution id="4ea906b7-3048-499e-84fc-7cc0039451e9" /><TestMethod codeBase="E:\code\_migrated\QuantPlatform\QTG\UniverseGeneratorTest\bin\Debug\netcoreapp2.0\publish\UniverseGenerator.Test.dll" adapterTypeName="executor://nunit3testexecutor/" className="UniverseGenerator.Test.Filter.TestEuropeUniverseFilter" name="TestNotFilterFor_UniversesNotPartOfFilteredUniverseIds" /></UnitTest><UnitTest name="TestExcludedSecurityIsValid" storage="e:\code\_migrated\quantplatform\qtg\universegeneratortest\bin\debug\netcoreapp2.0\publish\universegenerator.test.dll" id="db31b305-7f1d-4553-a32e-fb549977e4cc"><Execution id="b217dbf4-bce5-4507-a50d-f5878ca3e7cc" /><TestMethod codeBase="E:\code\_migrated\QuantPlatform\QTG\UniverseGeneratorTest\bin\Debug\netcoreapp2.0\publish\UniverseGenerator.Test.dll" adapterTypeName="executor://nunit3testexecutor/" className="UniverseGenerator.Test.Email.TestBadlyConfiguredSecuritiesReporter" name="TestExcludedSecurityIsValid" /></UnitTest><UnitTest name="TestMultipleDifferentContracts_NotOverlaping" storage="e:\code\_migrated\quantplatform\qtg\universegeneratortest\bin\debug\netcoreapp2.0\publish\universegenerator.test.dll" id="f8abe9d4-1ab0-40a3-b2fc-a7bc546a901b"><Execution id="856ac742-c3b8-48f3-8666-4fd6d255598e" /><TestMethod codeBase="E:\code\_migrated\QuantPlatform\QTG\UniverseGeneratorTest\bin\Debug\netcoreapp2.0\publish\UniverseGenerator.Test.dll" adapterTypeName="executor://nunit3testexecutor/" className="UniverseGenerator.Test.Members.SyntheticFutures.TestCandidateSyntheticFuturesProvider" name="TestMultipleDifferentContracts_NotOverlaping" /></UnitTest><UnitTest name="TestValidThenIvalidExchange" storage="e:\code\_migrated\quantplatform\qtg\universegeneratortest\bin\debug\netcoreapp2.0\publish\universegenerator.test.dll" id="fc5e7630-b521-4a4b-b55d-ae4c61089a67"><Execution id="9ca05f43-2ae7-4043-9dc8-e80fbad1fdbe" /><TestMethod codeBase="E:\code\_migrated\QuantPlatform\QTG\UniverseGeneratorTest\bin\Debug\netcoreapp2.0\publish\UniverseGenerator.Test.dll" adapterTypeName="executor://nunit3testexecutor/" className="UniverseGenerator.Test.Filter.Liquidity.TestLatestValidExchangeResolver" name="TestValidThenIvalidExchange" /></UnitTest><UnitTest name="TestFilterFor_FilteredSupportedSegmentCode" storage="e:\code\_migrated\quantplatform\qtg\universegeneratortest\bin\debug\netcoreapp2.0\publish\universegenerator.test.dll" id="eae26870-95a6-49b1-a757-5f8f2ddf59a6"><Execution id="e24c3891-1b24-4096-b065-b1943e2a185b" /><TestMethod codeBase="E:\code\_migrated\QuantPlatform\QTG\UniverseGeneratorTest\bin\Debug\netcoreapp2.0\publish\UniverseGenerator.Test.dll" adapterTypeName="executor://nunit3testexecutor/" className="UniverseGenerator.Test.Filter.TestEuropeUniverseFilter" name="TestFilterFor_FilteredSupportedSegmentCode" /></UnitTest><UnitTest name="TestGetLatestUniverseLiquidityThreshold" storage="e:\code\_migrated\quantplatform\qtg\universegeneratortest\bin\debug\netcoreapp2.0\publish\universegenerator.test.dll" id="6c05a986-bf20-410a-9359-7afbed0197db"><Execution id="cba0d6bb-d01a-49a3-89f3-ae789ceea194" /><TestMethod codeBase="E:\code\_migrated\QuantPlatform\QTG\UniverseGeneratorTest\bin\Debug\netcoreapp2.0\publish\UniverseGenerator.Test.dll" adapterTypeName="executor://nunit3testexecutor/" className="UniverseGenerator.Test.TestUniverseConfig" name="TestGetLatestUniverseLiquidityThreshold" /></UnitTest><UnitTest name="TestGenerateMembersHistoric_From2018-01-01_WithMembersIdealAroundExistingMembersHistoricEndDate_WithExistingMembersHistoric" storage="e:\code\_migrated\quantplatform\qtg\universegeneratortest\bin\debug\netcoreapp2.0\publish\universegenerator.test.dll" id="1e7a99c4-08c5-457b-8422-4224e50a534b"><Execution id="6f4f3322-2dd2-4157-a978-f9ee5271afc5" /><TestMethod codeBase="E:\code\_migrated\QuantPlatform\QTG\UniverseGeneratorTest\bin\Debug\netcoreapp2.0\publish\UniverseGenerator.Test.dll" adapterTypeName="executor://nunit3testexecutor/" className="UniverseGenerator.Test.TestQtgMembersHistoricGenerator" name="TestGenerateMembersHistoric_From2018-01-01_WithMembersIdealAroundExistingMembersHistoricEndDate_WithExistingMembersHistoric" /></UnitTest><UnitTest name="TestConjunction_RangeOfViewOutsideOfUnderlyingRange" storage="e:\code\_migrated\quantplatform\qtg\universegeneratortest\bin\debug\netcoreapp2.0\publish\universegenerator.test.dll" id="3520fc6b-07fd-4437-be8c-2a2e0f39ba2c"><Execution id="a11b9c3f-4a01-4267-a8b6-002cd2b0d2cf" /><TestMethod codeBase="E:\code\_migrated\QuantPlatform\QTG\UniverseGeneratorTest\bin\Debug\netcoreapp2.0\publish\UniverseGenerator.Test.dll" adapterTypeName="executor://nunit3testexecutor/" className="UniverseGenerator.Test.InclusionDate.TestInclusionDatesView" name="TestConjunction_RangeOfViewOutsideOfUnderlyingRange" /></UnitTest><UnitTest name="TestValidFutures" storage="e:\code\_migrated\quantplatform\qtg\universegeneratortest\bin\debug\netcoreapp2.0\publish\universegenerator.test.dll" id="f4423fa2-e242-4f36-b123-aa1acee50644"><Execution id="6280cf04-b108-41f6-87d4-4b73c46ef606" /><TestMethod codeBase="E:\code\_migrated\QuantPlatform\QTG\UniverseGeneratorTest\bin\Debug\netcoreapp2.0\publish\UniverseGenerator.Test.dll" adapterTypeName="executor://nunit3testexecutor/" className="UniverseGenerator.Test.Members.SyntheticFutures.Creator.TestNewSyntheticFuturesMapper" name="TestValidFutures" /></UnitTest><UnitTest name="TestEmptyFutures" storage="e:\code\_migrated\quantplatform\qtg\universegeneratortest\bin\debug\netcoreapp2.0\publish\universegenerator.test.dll" id="e1380395-2ff0-4afd-92d3-a18ffedef036"><Execution id="06d5e0fb-8565-4f12-8701-cab7b3ef11d7" /><TestMethod codeBase="E:\code\_migrated\QuantPlatform\QTG\UniverseGeneratorTest\bin\Debug\netcoreapp2.0\publish\UniverseGenerator.Test.dll" adapterTypeName="executor://nunit3testexecutor/" className="UniverseGenerator.Test.Futures.TestFuturesProvider" name="TestEmptyFutures" /></UnitTest><UnitTest name="TestScheduleRelease_BlowUpIfApprovalAfterOurProposedApprovalDatePresent" storage="e:\code\_migrated\quantplatform\qtg\universegeneratortest\bin\debug\netcoreapp2.0\publish\universegenerator.test.dll" id="9f838af1-dac0-45a5-ad36-437b2ae5b7c7"><Execution id="d316a031-0363-441a-8b91-8225c253ad5a" /><TestMethod codeBase="E:\code\_migrated\QuantPlatform\QTG\UniverseGeneratorTest\bin\Debug\netcoreapp2.0\publish\UniverseGenerator.Test.dll" adapterTypeName="executor://nunit3testexecutor/" className="UniverseGenerator.Test.Release.TestApprovalManager" name="TestScheduleRelease_BlowUpIfApprovalAfterOurProposedApprovalDatePresent" /></UnitTest><UnitTest name="TestUnion_Included" storage="e:\code\_migrated\quantplatform\qtg\universegeneratortest\bin\debug\netcoreapp2.0\publish\universegenerator.test.dll" id="5c91bda4-874b-4a4e-82fe-344d805eaec5"><Execution id="34c28f8b-84c9-4300-af43-4c522dd81c4d" /><TestMethod codeBase="E:\code\_migrated\QuantPlatform\QTG\UniverseGeneratorTest\bin\Debug\netcoreapp2.0\publish\UniverseGenerator.Test.dll" adapterTypeName="executor://nunit3testexecutor/" className="UniverseGenerator.Test.InclusionDate.TestUnionInclusionDates" name="TestUnion_Included" /></UnitTest><UnitTest name="TestSetDepartmentApprovalState(BackOffice,Pending)" storage="e:\code\_migrated\quantplatform\qtg\universegeneratortest\bin\debug\netcoreapp2.0\publish\universegenerator.test.dll" id="281200d3-1a75-4f6b-ae5a-ed8d5ffaa0d0"><Execution id="946648aa-cb51-4905-b9fe-efe553f30a84" /><TestMethod codeBase="E:\code\_migrated\QuantPlatform\QTG\UniverseGeneratorTest\bin\Debug\netcoreapp2.0\publish\UniverseGenerator.Test.dll" adapterTypeName="executor://nunit3testexecutor/" className="UniverseGenerator.Test.Release.TestApprovalManager" name="TestSetDepartmentApprovalState(BackOffice,Pending)" /></UnitTest><UnitTest name="TestScheduleRelease_ScheduleRelease_WithPreviousReleses_ActiveAndTrading" storage="e:\code\_migrated\quantplatform\qtg\universegeneratortest\bin\debug\netcoreapp2.0\publish\universegenerator.test.dll" id="c85cd119-6e5d-4a90-ba7c-2c4f77d26f45"><Execution id="d7dfa3fe-0d89-48b0-a573-6a462364967f" /><TestMethod codeBase="E:\code\_migrated\QuantPlatform\QTG\UniverseGeneratorTest\bin\Debug\netcoreapp2.0\publish\UniverseGenerator.Test.dll" adapterTypeName="executor://nunit3testexecutor/" className="UniverseGenerator.Test.Release.TestApprovalManager" name="TestScheduleRelease_ScheduleRelease_WithPreviousReleses_ActiveAndTrading" /></UnitTest><UnitTest name="TestNoData" storage="e:\code\_migrated\quantplatform\qtg\universegeneratortest\bin\debug\netcoreapp2.0\publish\universegenerator.test.dll" id="c14480f5-8dfd-46eb-ac1d-9c81a2e0b316"><Execution id="6db7c8b6-97e1-465b-8764-a38b0ddeb445" /><TestMethod codeBase="E:\code\_migrated\QuantPlatform\QTG\UniverseGeneratorTest\bin\Debug\netcoreapp2.0\publish\UniverseGenerator.Test.dll" adapterTypeName="executor://nunit3testexecutor/" className="UniverseGenerator.Test.Filter.Liquidity.TestOverThresholdHitRatioLiquidityData" name="TestNoData" /></UnitTest><UnitTest name="TestIsEligibleForRelease_LiveUniverseIsNotTrading" storage="e:\code\_migrated\quantplatform\qtg\universegeneratortest\bin\debug\netcoreapp2.0\publish\universegenerator.test.dll" id="8faeb088-5f8e-4545-844f-b6e5ec9db11b"><Execution id="e5114e01-a48b-4a16-b58c-5a3e7e47d33a" /><TestMethod codeBase="E:\code\_migrated\QuantPlatform\QTG\UniverseGeneratorTest\bin\Debug\netcoreapp2.0\publish\UniverseGenerator.Test.dll" adapterTypeName="executor://nunit3testexecutor/" className="UniverseGenerator.Test.Release.TestApprovalManager" name="TestIsEligibleForRelease_LiveUniverseIsNotTrading" /></UnitTest><UnitTest name="TestValidFuture_LastEventAnAddInTheFuture" storage="e:\code\_migrated\quantplatform\qtg\universegeneratortest\bin\debug\netcoreapp2.0\publish\universegenerator.test.dll" id="3f9d0f94-bd76-4d3e-bc31-e1722fefae76"><Execution id="bc79894e-557f-410d-ade7-872c3292eff8" /><TestMethod codeBase="E:\code\_migrated\QuantPlatform\QTG\UniverseGeneratorTest\bin\Debug\netcoreapp2.0\publish\UniverseGenerator.Test.dll" adapterTypeName="executor://nunit3testexecutor/" className="UniverseGenerator.Test.Members.SyntheticFutures.TestCandidateSyntheticFuturesProvider" name="TestValidFuture_LastEventAnAddInTheFuture" /></UnitTest><UnitTest name="TestEnumeration" storage="e:\code\_migrated\quantplatform\qtg\universegeneratortest\bin\debug\netcoreapp2.0\publish\universegenerator.test.dll" id="92ca6560-fd98-4ff3-9924-05175169e8bf"><Execution id="a32bdbde-0de2-4b62-a283-e02961a8f198" /><TestMethod codeBase="E:\code\_migrated\QuantPlatform\QTG\UniverseGeneratorTest\bin\Debug\netcoreapp2.0\publish\UniverseGenerator.Test.dll" adapterTypeName="executor://nunit3testexecutor/" className="UniverseGenerator.Test.InclusionDate.TestDateRangeExt" name="TestEnumeration" /></UnitTest><UnitTest name="TestLoadFutures" storage="e:\code\_migrated\quantplatform\qtg\universegeneratortest\bin\debug\netcoreapp2.0\publish\universegenerator.test.dll" id="67558a39-78ff-4587-8aa5-af8562d5c0f4"><Execution id="4d42c554-2f82-45fa-8854-08fdb1ae5e5b" /><TestMethod codeBase="E:\code\_migrated\QuantPlatform\QTG\UniverseGeneratorTest\bin\Debug\netcoreapp2.0\publish\UniverseGenerator.Test.dll" adapterTypeName="executor://nunit3testexecutor/" className="UniverseGenerator.Test.Members.SyntheticFutures.TestSyntheticFuturesProvider" name="TestLoadFutures" /></UnitTest><UnitTest name="TestIncludedDate" storage="e:\code\_migrated\quantplatform\qtg\universegeneratortest\bin\debug\netcoreapp2.0\publish\universegenerator.test.dll" id="cddb5c31-8b44-4a3f-ba44-a777d7ee493e"><Execution id="e183e9e2-034c-44c2-ae52-cede6b94a548" /><TestMethod codeBase="E:\code\_migrated\QuantPlatform\QTG\UniverseGeneratorTest\bin\Debug\netcoreapp2.0\publish\UniverseGenerator.Test.dll" adapterTypeName="executor://nunit3testexecutor/" className="UniverseGenerator.Test.InclusionDate.TestInclusionDates" name="TestIncludedDate" /></UnitTest><UnitTest name="TestRequestApprovalsIfNeeded_Send_Pending" storage="e:\code\_migrated\quantplatform\qtg\universegeneratortest\bin\debug\netcoreapp2.0\publish\universegenerator.test.dll" id="fb024358-8e5a-4247-96c1-cacffe5399d6"><Execution id="ba883589-145e-4ecc-8526-4280c3c195d6" /><TestMethod codeBase="E:\code\_migrated\QuantPlatform\QTG\UniverseGeneratorTest\bin\Debug\netcoreapp2.0\publish\UniverseGenerator.Test.dll" adapterTypeName="executor://nunit3testexecutor/" className="UniverseGenerator.Test.Email.TestEmails" name="TestRequestApprovalsIfNeeded_Send_Pending" /></UnitTest><UnitTest name="TestConjunctionGap" storage="e:\code\_migrated\quantplatform\qtg\universegeneratortest\bin\debug\netcoreapp2.0\publish\universegenerator.test.dll" id="e7c24bb8-ed6c-4a31-9116-26caa70486f0"><Execution id="f2dce5e3-7d13-40e5-802f-768e1c1d6739" /><TestMethod codeBase="E:\code\_migrated\QuantPlatform\QTG\UniverseGeneratorTest\bin\Debug\netcoreapp2.0\publish\UniverseGenerator.Test.dll" adapterTypeName="executor://nunit3testexecutor/" className="UniverseGenerator.Test.InclusionDate.TestIntersectionInclusionDates" name="TestConjunctionGap" /></UnitTest><UnitTest name="TestIncluded" storage="e:\code\_migrated\quantplatform\qtg\universegeneratortest\bin\debug\netcoreapp2.0\publish\universegenerator.test.dll" id="eb86c8b2-61c2-4a5a-af8d-804c93286fa5"><Execution id="6def9132-ab89-42f5-8378-f16b80f3c9c5" /><TestMethod codeBase="E:\code\_migrated\QuantPlatform\QTG\UniverseGeneratorTest\bin\Debug\netcoreapp2.0\publish\UniverseGenerator.Test.dll" adapterTypeName="executor://nunit3testexecutor/" className="UniverseGenerator.Test.Filter.TestRemoveFromUniverseFilter" name="TestIncluded" /></UnitTest><UnitTest name="TestWithIdealPresentFromBeforeTodayAndMissingInExisting_NotExcludedBefore" storage="e:\code\_migrated\quantplatform\qtg\universegeneratortest\bin\debug\netcoreapp2.0\publish\universegenerator.test.dll" id="d160ed27-9712-49d6-8320-ca7872424eea"><Execution id="1730c82f-aba5-4b7c-8cb7-4b881744d723" /><TestMethod codeBase="E:\code\_migrated\QuantPlatform\QTG\UniverseGeneratorTest\bin\Debug\netcoreapp2.0\publish\UniverseGenerator.Test.dll" adapterTypeName="executor://nunit3testexecutor/" className="UniverseGenerator.Test.Futures.TestMembersForExecutionProvider" name="TestWithIdealPresentFromBeforeTodayAndMissingInExisting_NotExcludedBefore" /></UnitTest><UnitTest name="TestInclusiveBucketDates_Coarse" storage="e:\code\_migrated\quantplatform\qtg\universegeneratortest\bin\debug\netcoreapp2.0\publish\universegenerator.test.dll" id="cd9146f9-1d0b-430c-946d-8c6e709c7ffd"><Execution id="b99a6e57-8adc-4c7b-9b69-cb5aee56dd20" /><TestMethod codeBase="E:\code\_migrated\QuantPlatform\QTG\UniverseGeneratorTest\bin\Debug\netcoreapp2.0\publish\UniverseGenerator.Test.dll" adapterTypeName="executor://nunit3testexecutor/" className="UniverseGenerator.Test.Mean.TestBucketed" name="TestInclusiveBucketDates_Coarse" /></UnitTest><UnitTest name="TestGetAndValidateLatestReleaseState_LatestApproval" storage="e:\code\_migrated\quantplatform\qtg\universegeneratortest\bin\debug\netcoreapp2.0\publish\universegenerator.test.dll" id="87dade91-dd66-4924-b302-bf2c361a8f7c"><Execution id="a1ac055a-a9a2-4ce3-b1ad-a129cc40f5cb" /><TestMethod codeBase="E:\code\_migrated\QuantPlatform\QTG\UniverseGeneratorTest\bin\Debug\netcoreapp2.0\publish\UniverseGenerator.Test.dll" adapterTypeName="executor://nunit3testexecutor/" className="UniverseGenerator.Test.Release.TestApprovalManager" name="TestGetAndValidateLatestReleaseState_LatestApproval" /></UnitTest><UnitTest name="TestSendReleasedEmailIfNeeded_NoDiffs_WithoutApproval" storage="e:\code\_migrated\quantplatform\qtg\universegeneratortest\bin\debug\netcoreapp2.0\publish\universegenerator.test.dll" id="5ce4368a-e3fa-4e35-a31f-492901842c4d"><Execution id="6b8d65c1-d1d8-4488-8b6d-50a29c47d059" /><TestMethod codeBase="E:\code\_migrated\QuantPlatform\QTG\UniverseGeneratorTest\bin\Debug\netcoreapp2.0\publish\UniverseGenerator.Test.dll" adapterTypeName="executor://nunit3testexecutor/" className="UniverseGenerator.Test.Email.TestEmails" name="TestSendReleasedEmailIfNeeded_NoDiffs_WithoutApproval" /></UnitTest><UnitTest name="TestFetchStocks" storage="e:\code\_migrated\quantplatform\qtg\universegeneratortest\bin\debug\netcoreapp2.0\publish\universegenerator.test.dll" id="4d618196-986e-4849-a50d-b0f268ebfeef"><Execution id="faae299f-a12d-49c3-9d45-a56df277321e" /><TestMethod codeBase="E:\code\_migrated\QuantPlatform\QTG\UniverseGeneratorTest\bin\Debug\netcoreapp2.0\publish\UniverseGenerator.Test.dll" adapterTypeName="executor://nunit3testexecutor/" className="UniverseGenerator.Test.TestUniverseStocksProvider" name="TestFetchStocks" /></UnitTest><UnitTest name="TestFilterWhereUnderlyingFuturesUnderlyingObjectIsMissing" storage="e:\code\_migrated\quantplatform\qtg\universegeneratortest\bin\debug\netcoreapp2.0\publish\universegenerator.test.dll" id="0be0ac54-3ff7-4e62-8f75-dcc5ce84a61b"><Execution id="dac9a8fa-e2db-4f5d-a3e3-111454bc53ea" /><TestMethod codeBase="E:\code\_migrated\QuantPlatform\QTG\UniverseGeneratorTest\bin\Debug\netcoreapp2.0\publish\UniverseGenerator.Test.dll" adapterTypeName="executor://nunit3testexecutor/" className="UniverseGenerator.Test.Members.SyntheticFutures.TestSyntheticFuturesProvider" name="TestFilterWhereUnderlyingFuturesUnderlyingObjectIsMissing" /></UnitTest><UnitTest name="TestGetReasonsAfterFirstReasonsForMember" storage="e:\code\_migrated\quantplatform\qtg\universegeneratortest\bin\debug\netcoreapp2.0\publish\universegenerator.test.dll" id="50855b8c-243a-43a0-a6cc-054096621dc6"><Execution id="8a75f3e3-eb12-4a39-86f2-9bcd00ce70f0" /><TestMethod codeBase="E:\code\_migrated\QuantPlatform\QTG\UniverseGeneratorTest\bin\Debug\netcoreapp2.0\publish\UniverseGenerator.Test.dll" adapterTypeName="executor://nunit3testexecutor/" className="UniverseGenerator.Test.InclusionDate.Converter.ReasonsProvider.TestIndexedReasonsProvider" name="TestGetReasonsAfterFirstReasonsForMember" /></UnitTest><UnitTest name="TestStockWithCurrencyExchangeCalendarAndBirthDate" storage="e:\code\_migrated\quantplatform\qtg\universegeneratortest\bin\debug\netcoreapp2.0\publish\universegenerator.test.dll" id="4d8454d1-c5ef-48f7-8d58-6a9044b61a1c"><Execution id="d25c0342-7e71-46e2-a028-9c4f4abec7a6" /><TestMethod codeBase="E:\code\_migrated\QuantPlatform\QTG\UniverseGeneratorTest\bin\Debug\netcoreapp2.0\publish\UniverseGenerator.Test.dll" adapterTypeName="executor://nunit3testexecutor/" className="UniverseGenerator.Test.Filter.TestStockDataRequirements" name="TestStockWithCurrencyExchangeCalendarAndBirthDate" /></UnitTest><UnitTest name="TestIsEligibleForRelease_ApprovedEligible" storage="e:\code\_migrated\quantplatform\qtg\universegeneratortest\bin\debug\netcoreapp2.0\publish\universegenerator.test.dll" id="77934875-79d9-4d5c-a331-9ca7a239b6b5"><Execution id="7180e92f-6581-42ac-b0d5-b3ff7b6d80bb" /><TestMethod codeBase="E:\code\_migrated\QuantPlatform\QTG\UniverseGeneratorTest\bin\Debug\netcoreapp2.0\publish\UniverseGenerator.Test.dll" adapterTypeName="executor://nunit3testexecutor/" className="UniverseGenerator.Test.Release.TestApprovalManager" name="TestIsEligibleForRelease_ApprovedEligible" /></UnitTest><UnitTest name="TestFullyPresentSingleStock" storage="e:\code\_migrated\quantplatform\qtg\universegeneratortest\bin\debug\netcoreapp2.0\publish\universegenerator.test.dll" id="c0ccded5-5614-499c-aba8-3a2099edde25"><Execution id="12180aba-b41e-4d9f-9ffa-65a3c87082d9" /><TestMethod codeBase="E:\code\_migrated\QuantPlatform\QTG\UniverseGeneratorTest\bin\Debug\netcoreapp2.0\publish\UniverseGenerator.Test.dll" adapterTypeName="executor://nunit3testexecutor/" className="UniverseGenerator.Test.InclusionDate.Converter.TestInclusionDatesConverter" name="TestFullyPresentSingleStock" /></UnitTest><UnitTest name="TestIncorrectRange" storage="e:\code\_migrated\quantplatform\qtg\universegeneratortest\bin\debug\netcoreapp2.0\publish\universegenerator.test.dll" id="548c7c2d-d42d-4f92-a2ff-c868f7c1f4b5"><Execution id="02452793-659e-467b-9ad8-325e8b38e95a" /><TestMethod codeBase="E:\code\_migrated\QuantPlatform\QTG\UniverseGeneratorTest\bin\Debug\netcoreapp2.0\publish\UniverseGenerator.Test.dll" adapterTypeName="executor://nunit3testexecutor/" className="UniverseGenerator.Test.InclusionDate.TestInclusionDatesView" name="TestIncorrectRange" /></UnitTest><UnitTest name="TestDoNotReplaceCollectionAndReasonsWhenHasNoRelease" storage="e:\code\_migrated\quantplatform\qtg\universegeneratortest\bin\debug\netcoreapp2.0\publish\universegenerator.test.dll" id="ee0e37d1-a1ea-4a34-aa65-7dcf7350e305"><Execution id="1d9599bc-cd16-424c-884f-09630a3a1af7" /><TestMethod codeBase="E:\code\_migrated\QuantPlatform\QTG\UniverseGeneratorTest\bin\Debug\netcoreapp2.0\publish\UniverseGenerator.Test.dll" adapterTypeName="executor://nunit3testexecutor/" className="UniverseGenerator.Test.Release.TestCandidateUniverseReleaseCoordinator" name="TestDoNotReplaceCollectionAndReasonsWhenHasNoRelease" /></UnitTest><UnitTest name="TestConsequtiveAddition" storage="e:\code\_migrated\quantplatform\qtg\universegeneratortest\bin\debug\netcoreapp2.0\publish\universegenerator.test.dll" id="427f3980-18a8-4d45-9555-702f7ebd6e59"><Execution id="d0bc3785-d5e4-4ca6-ac2c-74ae685e8113" /><TestMethod codeBase="E:\code\_migrated\QuantPlatform\QTG\UniverseGeneratorTest\bin\Debug\netcoreapp2.0\publish\UniverseGenerator.Test.dll" adapterTypeName="executor://nunit3testexecutor/" className="UniverseGenerator.Test.InclusionDate.TestDiffDatesForDataSync" name="TestConsequtiveAddition" /></UnitTest><UnitTest name="TestReasons_AllIncluded" storage="e:\code\_migrated\quantplatform\qtg\universegeneratortest\bin\debug\netcoreapp2.0\publish\universegenerator.test.dll" id="22759717-1692-4e04-9534-5a55b8a4260a"><Execution id="ccc058ec-0ecf-4cca-8e8d-94a472e599bb" /><TestMethod codeBase="E:\code\_migrated\QuantPlatform\QTG\UniverseGeneratorTest\bin\Debug\netcoreapp2.0\publish\UniverseGenerator.Test.dll" adapterTypeName="executor://nunit3testexecutor/" className="UniverseGenerator.Test.InclusionDate.TestInclusionDates" name="TestReasons_AllIncluded" /></UnitTest><UnitTest name="TestUnionMembership_BothExcluded" storage="e:\code\_migrated\quantplatform\qtg\universegeneratortest\bin\debug\netcoreapp2.0\publish\universegenerator.test.dll" id="57c03fde-8d9e-45c0-b818-54b8f7f6a7fa"><Execution id="9d137b71-e6c2-45c9-9e25-8283ab954913" /><TestMethod codeBase="E:\code\_migrated\QuantPlatform\QTG\UniverseGeneratorTest\bin\Debug\netcoreapp2.0\publish\UniverseGenerator.Test.dll" adapterTypeName="executor://nunit3testexecutor/" className="UniverseGenerator.Test.Futures.TestMembersForExecutionProvider" name="TestUnionMembership_BothExcluded" /></UnitTest><UnitTest name="TestNoDiffs_AllEmpty" storage="e:\code\_migrated\quantplatform\qtg\universegeneratortest\bin\debug\netcoreapp2.0\publish\universegenerator.test.dll" id="57d15f57-146e-42e0-9ce6-07e998ef55b7"><Execution id="0202a2d2-0011-4318-9693-5747a69349a8" /><TestMethod codeBase="E:\code\_migrated\QuantPlatform\QTG\UniverseGeneratorTest\bin\Debug\netcoreapp2.0\publish\UniverseGenerator.Test.dll" adapterTypeName="executor://nunit3testexecutor/" className="UniverseGenerator.Test.Email.FutureContracts.TestSummaryOfLiveVersusPendingGenerator" name="TestNoDiffs_AllEmpty" /></UnitTest><UnitTest name="TestIdealStocks" storage="e:\code\_migrated\quantplatform\qtg\universegeneratortest\bin\debug\netcoreapp2.0\publish\universegenerator.test.dll" id="95429ed0-a6b3-4c95-926c-49d0a74f4ca6"><Execution id="264a940d-da08-427a-9167-39e5fe72fc53" /><TestMethod codeBase="E:\code\_migrated\QuantPlatform\QTG\UniverseGeneratorTest\bin\Debug\netcoreapp2.0\publish\UniverseGenerator.Test.dll" adapterTypeName="executor://nunit3testexecutor/" className="UniverseGenerator.Test.Members.TestMembersIdealProvider" name="TestIdealStocks" /></UnitTest><UnitTest name="TestMean" storage="e:\code\_migrated\quantplatform\qtg\universegeneratortest\bin\debug\netcoreapp2.0\publish\universegenerator.test.dll" id="39c5871c-5596-4c78-ba59-a1c2240eccc5"><Execution id="c4aaa7ab-297f-478c-b622-9e7350c51be7" /><TestMethod codeBase="E:\code\_migrated\QuantPlatform\QTG\UniverseGeneratorTest\bin\Debug\netcoreapp2.0\publish\UniverseGenerator.Test.dll" adapterTypeName="executor://nunit3testexecutor/" className="UniverseGenerator.Test.Filter.Liquidity.TestOverThresholdHitRatioLiquidityData" name="TestMean" /></UnitTest><UnitTest name="TestRemoveDead_OnStart" storage="e:\code\_migrated\quantplatform\qtg\universegeneratortest\bin\debug\netcoreapp2.0\publish\universegenerator.test.dll" id="dfb50eb8-b22d-4332-80be-23715d7af6b9"><Execution id="98e55b52-84f9-4928-99f8-1978eec6ba76" /><TestMethod codeBase="E:\code\_migrated\QuantPlatform\QTG\UniverseGeneratorTest\bin\Debug\netcoreapp2.0\publish\UniverseGenerator.Test.dll" adapterTypeName="executor://nunit3testexecutor/" className="UniverseGenerator.Test.Filter.FutureContracts.TestFutureContractDeathDateFilter" name="TestRemoveDead_OnStart" /></UnitTest><UnitTest name="TestGenerateMembersHistoric_From2010-01-01_WithFullMembersIdeal_WithoutExistingMembersHistoric" storage="e:\code\_migrated\quantplatform\qtg\universegeneratortest\bin\debug\netcoreapp2.0\publish\universegenerator.test.dll" id="f0362fa8-a33d-4756-a73d-6ce25f5fc782"><Execution id="ffc3ebbd-dffd-44dd-ad0f-f138563fda9d" /><TestMethod codeBase="E:\code\_migrated\QuantPlatform\QTG\UniverseGeneratorTest\bin\Debug\netcoreapp2.0\publish\UniverseGenerator.Test.dll" adapterTypeName="executor://nunit3testexecutor/" className="UniverseGenerator.Test.TestQtgMembersHistoricGenerator" name="TestGenerateMembersHistoric_From2010-01-01_WithFullMembersIdeal_WithoutExistingMembersHistoric" /></UnitTest><UnitTest name="TestIsEligibleForRelease_HasNoReleases" storage="e:\code\_migrated\quantplatform\qtg\universegeneratortest\bin\debug\netcoreapp2.0\publish\universegenerator.test.dll" id="5fff358a-9d05-4b3a-9c6e-1110d0af3167"><Execution id="160b6d90-bb7f-4ce0-8eed-111bb8922bda" /><TestMethod codeBase="E:\code\_migrated\QuantPlatform\QTG\UniverseGeneratorTest\bin\Debug\netcoreapp2.0\publish\UniverseGenerator.Test.dll" adapterTypeName="executor://nunit3testexecutor/" className="UniverseGenerator.Test.Release.TestApprovalManager" name="TestIsEligibleForRelease_HasNoReleases" /></UnitTest><UnitTest name="TestValidExchange" storage="e:\code\_migrated\quantplatform\qtg\universegeneratortest\bin\debug\netcoreapp2.0\publish\universegenerator.test.dll" id="89771620-6643-436b-a8c8-32befc9f7d28"><Execution id="c892686e-31d2-4610-9230-940b3b4cf768" /><TestMethod codeBase="E:\code\_migrated\QuantPlatform\QTG\UniverseGeneratorTest\bin\Debug\netcoreapp2.0\publish\UniverseGenerator.Test.dll" adapterTypeName="executor://nunit3testexecutor/" className="UniverseGenerator.Test.Filter.Liquidity.TestLatestValidExchangeResolver" name="TestValidExchange" /></UnitTest><UnitTest name="TestEnumerableRange_FromIsTo_OnEnd" storage="e:\code\_migrated\quantplatform\qtg\universegeneratortest\bin\debug\netcoreapp2.0\publish\universegenerator.test.dll" id="094d552b-604f-49eb-9210-6574e785d440"><Execution id="1a204c5b-8115-4f57-9fba-f898dc574683" /><TestMethod codeBase="E:\code\_migrated\QuantPlatform\QTG\UniverseGeneratorTest\bin\Debug\netcoreapp2.0\publish\UniverseGenerator.Test.dll" adapterTypeName="executor://nunit3testexecutor/" className="UniverseGenerator.Test.InclusionDate.TestDateRangeExt" name="TestEnumerableRange_FromIsTo_OnEnd" /></UnitTest><UnitTest name="TestDoNotAddOptionalErrorToApprovalRequests_FinancialDataGroup" storage="e:\code\_migrated\quantplatform\qtg\universegeneratortest\bin\debug\netcoreapp2.0\publish\universegenerator.test.dll" id="ad1b27e1-97ba-45e7-8518-3b7ea07f7a5f"><Execution id="f1ad5527-e9d2-4865-9789-c0668a32dfff" /><TestMethod codeBase="E:\code\_migrated\QuantPlatform\QTG\UniverseGeneratorTest\bin\Debug\netcoreapp2.0\publish\UniverseGenerator.Test.dll" adapterTypeName="executor://nunit3testexecutor/" className="UniverseGenerator.Test.Email.TestEmails" name="TestDoNotAddOptionalErrorToApprovalRequests_FinancialDataGroup" /></UnitTest><UnitTest name="TestIsReleaseLocked_NoRelease_PassInNull" storage="e:\code\_migrated\quantplatform\qtg\universegeneratortest\bin\debug\netcoreapp2.0\publish\universegenerator.test.dll" id="a3daf151-c82b-4b36-bb06-5376e66aa35a"><Execution id="d6f3afb3-6390-424b-936f-731157e3e3ea" /><TestMethod codeBase="E:\code\_migrated\QuantPlatform\QTG\UniverseGeneratorTest\bin\Debug\netcoreapp2.0\publish\UniverseGenerator.Test.dll" adapterTypeName="executor://nunit3testexecutor/" className="UniverseGenerator.Test.Release.TestApprovalManager" name="TestIsReleaseLocked_NoRelease_PassInNull" /></UnitTest><UnitTest name="TestExcludeCompletely" storage="e:\code\_migrated\quantplatform\qtg\universegeneratortest\bin\debug\netcoreapp2.0\publish\universegenerator.test.dll" id="da629011-94f3-4b7c-93ca-023e09f26daf"><Execution id="8d6ea816-9638-400f-841f-10eb5c64d760" /><TestMethod codeBase="E:\code\_migrated\QuantPlatform\QTG\UniverseGeneratorTest\bin\Debug\netcoreapp2.0\publish\UniverseGenerator.Test.dll" adapterTypeName="executor://nunit3testexecutor/" className="UniverseGenerator.Test.InclusionDate.TestInclusionDates" name="TestExcludeCompletely" /></UnitTest><UnitTest name="TestCreateAuxiliaryMembers_SingleFutureContract" storage="e:\code\_migrated\quantplatform\qtg\universegeneratortest\bin\debug\netcoreapp2.0\publish\universegenerator.test.dll" id="22cfe367-4721-46c0-99e3-f9942077036e"><Execution id="ae846e99-732d-40a3-bd1d-9781292c21c3" /><TestMethod codeBase="E:\code\_migrated\QuantPlatform\QTG\UniverseGeneratorTest\bin\Debug\netcoreapp2.0\publish\UniverseGenerator.Test.dll" adapterTypeName="executor://nunit3testexecutor/" className="UniverseGenerator.Test.Members.TestAuxiliaryMembers" name="TestCreateAuxiliaryMembers_SingleFutureContract" /></UnitTest><UnitTest name="TestOverIncludedThreshold" storage="e:\code\_migrated\quantplatform\qtg\universegeneratortest\bin\debug\netcoreapp2.0\publish\universegenerator.test.dll" id="f656f89c-7449-4450-9414-2a21d5d58339"><Execution id="14ee59af-71a0-4723-a567-be394ab593bc" /><TestMethod codeBase="E:\code\_migrated\QuantPlatform\QTG\UniverseGeneratorTest\bin\Debug\netcoreapp2.0\publish\UniverseGenerator.Test.dll" adapterTypeName="executor://nunit3testexecutor/" className="UniverseGenerator.Test.Filter.FutureContracts.TestFutureContractLiquidityCriteria" name="TestOverIncludedThreshold" /></UnitTest><UnitTest name="TestExcludeSaturday" storage="e:\code\_migrated\quantplatform\qtg\universegeneratortest\bin\debug\netcoreapp2.0\publish\universegenerator.test.dll" id="589ee781-6cb3-481d-8991-483ebf24ddc6"><Execution id="2b453595-5d12-4955-a64c-de78147554fb" /><TestMethod codeBase="E:\code\_migrated\QuantPlatform\QTG\UniverseGeneratorTest\bin\Debug\netcoreapp2.0\publish\UniverseGenerator.Test.dll" adapterTypeName="executor://nunit3testexecutor/" className="UniverseGenerator.Test.Futures.Mean.TestFutureContractSumTrades" name="TestExcludeSaturday" /></UnitTest><UnitTest name="TestLogging" storage="e:\code\_migrated\quantplatform\qtg\universegeneratortest\bin\debug\netcoreapp2.0\publish\universegenerator.test.dll" id="d420db47-41cc-4e4f-ade8-44276e822125"><Execution id="53fc4a50-cabe-4c75-ae2c-70509f56e887" /><TestMethod codeBase="E:\code\_migrated\QuantPlatform\QTG\UniverseGeneratorTest\bin\Debug\netcoreapp2.0\publish\UniverseGenerator.Test.dll" adapterTypeName="executor://nunit3testexecutor/" className="UniverseGenerator.Test.TestProgressLogger" name="TestLogging" /></UnitTest><UnitTest name="TestScheduleRelease_BlowUpIfReleasesAfterOurProposedReleaseDatePresent" storage="e:\code\_migrated\quantplatform\qtg\universegeneratortest\bin\debug\netcoreapp2.0\publish\universegenerator.test.dll" id="0cf84415-1d2a-4ddb-936d-4754ce54ce15"><Execution id="b585b7bf-61a2-4aee-a624-de5383838fc2" /><TestMethod codeBase="E:\code\_migrated\QuantPlatform\QTG\UniverseGeneratorTest\bin\Debug\netcoreapp2.0\publish\UniverseGenerator.Test.dll" adapterTypeName="executor://nunit3testexecutor/" className="UniverseGenerator.Test.Release.TestApprovalManager" name="TestScheduleRelease_BlowUpIfReleasesAfterOurProposedReleaseDatePresent" /></UnitTest><UnitTest name="TestKeepAlive_ButForNotLongInTheFuture" storage="e:\code\_migrated\quantplatform\qtg\universegeneratortest\bin\debug\netcoreapp2.0\publish\universegenerator.test.dll" id="9539b885-5b52-4cca-8113-44cfc2a99a8f"><Execution id="bd91b747-fadd-4467-b769-a6379abd341f" /><TestMethod codeBase="E:\code\_migrated\QuantPlatform\QTG\UniverseGeneratorTest\bin\Debug\netcoreapp2.0\publish\UniverseGenerator.Test.dll" adapterTypeName="executor://nunit3testexecutor/" className="UniverseGenerator.Test.Filter.FutureContracts.TestFutureContractDeathDateFilter" name="TestKeepAlive_ButForNotLongInTheFuture" /></UnitTest><UnitTest name="TestMultipleEntries" storage="e:\code\_migrated\quantplatform\qtg\universegeneratortest\bin\debug\netcoreapp2.0\publish\universegenerator.test.dll" id="57265b97-d018-45da-8851-5ad11d3f7108"><Execution id="df720b5c-55ce-4dd1-8910-6ab54e1abcba" /><TestMethod codeBase="E:\code\_migrated\QuantPlatform\QTG\UniverseGeneratorTest\bin\Debug\netcoreapp2.0\publish\UniverseGenerator.Test.dll" adapterTypeName="executor://nunit3testexecutor/" className="UniverseGenerator.Test.Futures.Mean.TestFutureContractSumDaysWithVolume" name="TestMultipleEntries" /></UnitTest><UnitTest name="TestOnlyExistingIncluded_ExclusionOnlyOnTheLastDay" storage="e:\code\_migrated\quantplatform\qtg\universegeneratortest\bin\debug\netcoreapp2.0\publish\universegenerator.test.dll" id="745348aa-5900-4e17-90aa-7f0b8bf1004a"><Execution id="cb5b6d18-4710-47ef-a440-9c0f12b9b14a" /><TestMethod codeBase="E:\code\_migrated\QuantPlatform\QTG\UniverseGeneratorTest\bin\Debug\netcoreapp2.0\publish\UniverseGenerator.Test.dll" adapterTypeName="executor://nunit3testexecutor/" className="UniverseGenerator.Test.Members.TestQtgMembersGenerator" name="TestOnlyExistingIncluded_ExclusionOnlyOnTheLastDay" /></UnitTest><UnitTest name="TestExcludedHalfWayThrough" storage="e:\code\_migrated\quantplatform\qtg\universegeneratortest\bin\debug\netcoreapp2.0\publish\universegenerator.test.dll" id="c651e490-1692-442a-992b-9f96a35f44ed"><Execution id="5ff2648f-5b91-492f-b5dc-577950951903" /><TestMethod codeBase="E:\code\_migrated\QuantPlatform\QTG\UniverseGeneratorTest\bin\Debug\netcoreapp2.0\publish\UniverseGenerator.Test.dll" adapterTypeName="executor://nunit3testexecutor/" className="UniverseGenerator.Test.Release.TestSyncIdeal" name="TestExcludedHalfWayThrough" /></UnitTest><UnitTest name="TestLoadFuturesDefaultDoesNotFilterForUniverse" storage="e:\code\_migrated\quantplatform\qtg\universegeneratortest\bin\debug\netcoreapp2.0\publish\universegenerator.test.dll" id="dd2d2c87-4287-41b7-a496-1563c295df22"><Execution id="d6f97950-def3-41dc-b171-7e967ad34194" /><TestMethod codeBase="E:\code\_migrated\QuantPlatform\QTG\UniverseGeneratorTest\bin\Debug\netcoreapp2.0\publish\UniverseGenerator.Test.dll" adapterTypeName="executor://nunit3testexecutor/" className="UniverseGenerator.Test.Members.SyntheticFutures.TestSyntheticFuturesProvider" name="TestLoadFuturesDefaultDoesNotFilterForUniverse" /></UnitTest><UnitTest name="TestBetweenThreshold" storage="e:\code\_migrated\quantplatform\qtg\universegeneratortest\bin\debug\netcoreapp2.0\publish\universegenerator.test.dll" id="9e463e9f-a0eb-4571-8c7e-276c752e3fbe"><Execution id="fb4211c3-5122-435e-929c-d0b2e8a2f107" /><TestMethod codeBase="E:\code\_migrated\QuantPlatform\QTG\UniverseGeneratorTest\bin\Debug\netcoreapp2.0\publish\UniverseGenerator.Test.dll" adapterTypeName="executor://nunit3testexecutor/" className="UniverseGenerator.Test.Filter.FutureContracts.TestThresholdFilter" name="TestBetweenThreshold" /></UnitTest><UnitTest name="TestCreateUniverseEntries_MemberEradicated" storage="e:\code\_migrated\quantplatform\qtg\universegeneratortest\bin\debug\netcoreapp2.0\publish\universegenerator.test.dll" id="e9ac65a1-8579-44e6-a7be-fa3e90ea788f"><Execution id="6d4fa1fb-8311-45c5-9a3d-bb1a0b2a6943" /><TestMethod codeBase="E:\code\_migrated\QuantPlatform\QTG\UniverseGeneratorTest\bin\Debug\netcoreapp2.0\publish\UniverseGenerator.Test.dll" adapterTypeName="executor://nunit3testexecutor/" className="UniverseGenerator.Test.InclusionDate.Converter.TestToUniverseEntriesConverter" name="TestCreateUniverseEntries_MemberEradicated" /></UnitTest><UnitTest name="TestGenerateMembersHistoric_WhereExistingMembersHistoricRequiresRangeExtension" storage="e:\code\_migrated\quantplatform\qtg\universegeneratortest\bin\debug\netcoreapp2.0\publish\universegenerator.test.dll" id="653eecdd-0d51-4914-80eb-0844a29023cc"><Execution id="fc715a38-5926-4a7e-939a-214bd3ba5ebc" /><TestMethod codeBase="E:\code\_migrated\QuantPlatform\QTG\UniverseGeneratorTest\bin\Debug\netcoreapp2.0\publish\UniverseGenerator.Test.dll" adapterTypeName="executor://nunit3testexecutor/" className="UniverseGenerator.Test.TestQtgMembersHistoricGenerator" name="TestGenerateMembersHistoric_WhereExistingMembersHistoricRequiresRangeExtension" /></UnitTest><UnitTest name="TestCreateUniverseEntries_Mixed" storage="e:\code\_migrated\quantplatform\qtg\universegeneratortest\bin\debug\netcoreapp2.0\publish\universegenerator.test.dll" id="b32d8284-614b-4106-ab6b-11dda6278ba6"><Execution id="07566d04-12a0-47bc-b01d-c3bdcf0efe45" /><TestMethod codeBase="E:\code\_migrated\QuantPlatform\QTG\UniverseGeneratorTest\bin\Debug\netcoreapp2.0\publish\UniverseGenerator.Test.dll" adapterTypeName="executor://nunit3testexecutor/" className="UniverseGenerator.Test.InclusionDate.Converter.TestToUniverseEntriesConverter" name="TestCreateUniverseEntries_Mixed" /></UnitTest><UnitTest name="TestOneEntry_NoData" storage="e:\code\_migrated\quantplatform\qtg\universegeneratortest\bin\debug\netcoreapp2.0\publish\universegenerator.test.dll" id="05f2c26b-4195-452d-8a42-7d5b213e21e0"><Execution id="b140619c-07f0-45d7-9778-e169f29af331" /><TestMethod codeBase="E:\code\_migrated\QuantPlatform\QTG\UniverseGeneratorTest\bin\Debug\netcoreapp2.0\publish\UniverseGenerator.Test.dll" adapterTypeName="executor://nunit3testexecutor/" className="UniverseGenerator.Test.Futures.TestFutureContractTradingData" name="TestOneEntry_NoData" /></UnitTest><UnitTest name="TestOutThenBackIn" storage="e:\code\_migrated\quantplatform\qtg\universegeneratortest\bin\debug\netcoreapp2.0\publish\universegenerator.test.dll" id="0b66ae21-5d9b-414a-89d0-89185ae9bc5b"><Execution id="ab6b5e55-5bcd-4081-97cd-4d1e2465b648" /><TestMethod codeBase="E:\code\_migrated\QuantPlatform\QTG\UniverseGeneratorTest\bin\Debug\netcoreapp2.0\publish\UniverseGenerator.Test.dll" adapterTypeName="executor://nunit3testexecutor/" className="UniverseGenerator.Test.Filter.FutureContracts.TestFutureContractUniversePresenceFilter" name="TestOutThenBackIn" /></UnitTest><UnitTest name="TestKeepIfCurrencySupportedByUniverse" storage="e:\code\_migrated\quantplatform\qtg\universegeneratortest\bin\debug\netcoreapp2.0\publish\universegenerator.test.dll" id="0a830e48-dca7-421f-8906-77a355c0baad"><Execution id="57ab985b-00e7-47b8-8c32-eeb26ebff2c0" /><TestMethod codeBase="E:\code\_migrated\QuantPlatform\QTG\UniverseGeneratorTest\bin\Debug\netcoreapp2.0\publish\UniverseGenerator.Test.dll" adapterTypeName="executor://nunit3testexecutor/" className="UniverseGenerator.Test.Futures.TestFutureContractsProvider" name="TestKeepIfCurrencySupportedByUniverse" /></UnitTest><UnitTest name="TestSyncUniverse_MembersSyncing" storage="e:\code\_migrated\quantplatform\qtg\universegeneratortest\bin\debug\netcoreapp2.0\publish\universegenerator.test.dll" id="86fb9bd6-eefb-42c7-8faa-dc1c2f082cbc"><Execution id="fad9d1ac-7275-40f7-9b7f-37bbd3ad1811" /><TestMethod codeBase="E:\code\_migrated\QuantPlatform\QTG\UniverseGeneratorTest\bin\Debug\netcoreapp2.0\publish\UniverseGenerator.Test.dll" adapterTypeName="executor://nunit3testexecutor/" className="UniverseGenerator.Test.Release.TestFutureContractsUniverseHandler" name="TestSyncUniverse_MembersSyncing" /></UnitTest><UnitTest name="NewerCancelled" storage="e:\code\_migrated\quantplatform\qtg\universegeneratortest\bin\debug\netcoreapp2.0\publish\universegenerator.test.dll" id="4301ff2b-41b6-4b5a-a643-7ef2f09fceb1"><Execution id="26895d43-9a70-4f14-8c23-17aa87b90172" /><TestMethod codeBase="E:\code\_migrated\QuantPlatform\QTG\UniverseGeneratorTest\bin\Debug\netcoreapp2.0\publish\UniverseGenerator.Test.dll" adapterTypeName="executor://nunit3testexecutor/" className="UniverseGenerator.Test.Release.TestApprovalManager" name="NewerCancelled" /></UnitTest><UnitTest name="TestCorrectlyApplyEndDate_NoEndDefined" storage="e:\code\_migrated\quantplatform\qtg\universegeneratortest\bin\debug\netcoreapp2.0\publish\universegenerator.test.dll" id="2e6f443e-1b57-4cd9-a860-f3bccd2fea54"><Execution id="e9dff5ae-103a-4e71-bf1a-b69f394c4f07" /><TestMethod codeBase="E:\code\_migrated\QuantPlatform\QTG\UniverseGeneratorTest\bin\Debug\netcoreapp2.0\publish\UniverseGenerator.Test.dll" adapterTypeName="executor://nunit3testexecutor/" className="UniverseGenerator.Test.InclusionDate.Converter.TestInclusionDatesConverter" name="TestCorrectlyApplyEndDate_NoEndDefined" /></UnitTest><UnitTest name="TestIncorrectRange" storage="e:\code\_migrated\quantplatform\qtg\universegeneratortest\bin\debug\netcoreapp2.0\publish\universegenerator.test.dll" id="741564ff-0f59-4b60-8ec4-6ffee50ca938"><Execution id="6117f539-508b-4c83-a21a-f001bf4fd67f" /><TestMethod codeBase="E:\code\_migrated\QuantPlatform\QTG\UniverseGeneratorTest\bin\Debug\netcoreapp2.0\publish\UniverseGenerator.Test.dll" adapterTypeName="executor://nunit3testexecutor/" className="UniverseGenerator.Test.InclusionDate.TestInclusionDates" name="TestIncorrectRange" /></UnitTest><UnitTest name="TestPartiallyPresentStock_MixedPresence" storage="e:\code\_migrated\quantplatform\qtg\universegeneratortest\bin\debug\netcoreapp2.0\publish\universegenerator.test.dll" id="f3456fa2-7135-4fb5-bc56-b4547b14d70c"><Execution id="aec3ddf0-f872-4d0b-a1d6-6e7d4cf8063d" /><TestMethod codeBase="E:\code\_migrated\QuantPlatform\QTG\UniverseGeneratorTest\bin\Debug\netcoreapp2.0\publish\UniverseGenerator.Test.dll" adapterTypeName="executor://nunit3testexecutor/" className="UniverseGenerator.Test.InclusionDate.Converter.TestInclusionDatesConverter" name="TestPartiallyPresentStock_MixedPresence" /></UnitTest><UnitTest name="TestMissing" storage="e:\code\_migrated\quantplatform\qtg\universegeneratortest\bin\debug\netcoreapp2.0\publish\universegenerator.test.dll" id="1df4799f-160b-46a9-91d6-72d558ca6ec1"><Execution id="f26484be-6439-4aa8-be7d-f145011c6420" /><TestMethod codeBase="E:\code\_migrated\QuantPlatform\QTG\UniverseGeneratorTest\bin\Debug\netcoreapp2.0\publish\UniverseGenerator.Test.dll" adapterTypeName="executor://nunit3testexecutor/" className="UniverseGenerator.Test.Members.TestMembersIdealProvider" name="TestMissing" /></UnitTest><UnitTest name="TestCapEndDate" storage="e:\code\_migrated\quantplatform\qtg\universegeneratortest\bin\debug\netcoreapp2.0\publish\universegenerator.test.dll" id="2bd7759c-d4e3-44f3-9437-387adc1c9fbc"><Execution id="015e68b2-2123-487e-9005-459ccd155b26" /><TestMethod codeBase="E:\code\_migrated\QuantPlatform\QTG\UniverseGeneratorTest\bin\Debug\netcoreapp2.0\publish\UniverseGenerator.Test.dll" adapterTypeName="executor://nunit3testexecutor/" className="UniverseGenerator.Test.Mean.TestBucketed" name="TestCapEndDate" /></UnitTest><UnitTest name="TestIncludeThenExclude" storage="e:\code\_migrated\quantplatform\qtg\universegeneratortest\bin\debug\netcoreapp2.0\publish\universegenerator.test.dll" id="40646e4f-dfe5-4802-a6a9-0c6aea0cfc30"><Execution id="457d8811-a445-41a0-a839-e2022e2eb715" /><TestMethod codeBase="E:\code\_migrated\QuantPlatform\QTG\UniverseGeneratorTest\bin\Debug\netcoreapp2.0\publish\UniverseGenerator.Test.dll" adapterTypeName="executor://nunit3testexecutor/" className="UniverseGenerator.Test.Filter.TestEuropeUniverseFilter" name="TestIncludeThenExclude" /></UnitTest><UnitTest name="TestLiveMembersPending" storage="e:\code\_migrated\quantplatform\qtg\universegeneratortest\bin\debug\netcoreapp2.0\publish\universegenerator.test.dll" id="95be3646-27ec-474a-912d-3fb32933f1d2"><Execution id="91470fcc-d306-4c14-9831-d61ade05cb58" /><TestMethod codeBase="E:\code\_migrated\QuantPlatform\QTG\UniverseGeneratorTest\bin\Debug\netcoreapp2.0\publish\UniverseGenerator.Test.dll" adapterTypeName="executor://nunit3testexecutor/" className="UniverseGenerator.Test.TestUniverseConfig" name="TestLiveMembersPending" /></UnitTest><UnitTest name="TestValidFuture" storage="e:\code\_migrated\quantplatform\qtg\universegeneratortest\bin\debug\netcoreapp2.0\publish\universegenerator.test.dll" id="28290b09-943a-4736-b9c4-e5865c4e2eee"><Execution id="1c2942a6-dfb4-402a-ae85-5f2ec12c4077" /><TestMethod codeBase="E:\code\_migrated\QuantPlatform\QTG\UniverseGeneratorTest\bin\Debug\netcoreapp2.0\publish\UniverseGenerator.Test.dll" adapterTypeName="executor://nunit3testexecutor/" className="UniverseGenerator.Test.Members.SyntheticFutures.TestCandidateSyntheticFuturesProvider" name="TestValidFuture" /></UnitTest><UnitTest name="TestWithIdealPresentFromTodayAndMissingInExisting_NotExistingBefore" storage="e:\code\_migrated\quantplatform\qtg\universegeneratortest\bin\debug\netcoreapp2.0\publish\universegenerator.test.dll" id="e2d17536-ff4d-46cd-9791-d80070ee7ef1"><Execution id="85cf369c-c30e-47ba-93d0-451e234b7c1b" /><TestMethod codeBase="E:\code\_migrated\QuantPlatform\QTG\UniverseGeneratorTest\bin\Debug\netcoreapp2.0\publish\UniverseGenerator.Test.dll" adapterTypeName="executor://nunit3testexecutor/" className="UniverseGenerator.Test.Futures.TestMembersForExecutionProvider" name="TestWithIdealPresentFromTodayAndMissingInExisting_NotExistingBefore" /></UnitTest><UnitTest name="TestExcludedSecurityCurrentInclusion" storage="e:\code\_migrated\quantplatform\qtg\universegeneratortest\bin\debug\netcoreapp2.0\publish\universegenerator.test.dll" id="88d6c42e-0143-4a93-ad15-68fa4160c9d1"><Execution id="a04ceb7c-01ff-44bb-8db9-fe2a321126ac" /><TestMethod codeBase="E:\code\_migrated\QuantPlatform\QTG\UniverseGeneratorTest\bin\Debug\netcoreapp2.0\publish\UniverseGenerator.Test.dll" adapterTypeName="executor://nunit3testexecutor/" className="UniverseGenerator.Test.Email.TestBadlyConfiguredSecuritiesReporter" name="TestExcludedSecurityCurrentInclusion" /></UnitTest><UnitTest name="TestIncludeWhenMeetsCriteria_OnlyConsiderTradingDays" storage="e:\code\_migrated\quantplatform\qtg\universegeneratortest\bin\debug\netcoreapp2.0\publish\universegenerator.test.dll" id="b4ef9b46-0a03-40a5-914f-c697ca90a339"><Execution id="ad333a7f-5bf0-4b31-9a89-f3b7aacd4fab" /><TestMethod codeBase="E:\code\_migrated\QuantPlatform\QTG\UniverseGeneratorTest\bin\Debug\netcoreapp2.0\publish\UniverseGenerator.Test.dll" adapterTypeName="executor://nunit3testexecutor/" className="UniverseGenerator.Test.Filter.Liquidity.TestHitRatioRollingLiquidityCriteria" name="TestIncludeWhenMeetsCriteria_OnlyConsiderTradingDays" /></UnitTest><UnitTest name="TestRelease_ForNoSync_Superseded" storage="e:\code\_migrated\quantplatform\qtg\universegeneratortest\bin\debug\netcoreapp2.0\publish\universegenerator.test.dll" id="d070913d-045d-4a10-92c5-e6767980cea9"><Execution id="eb96a44e-6d19-4cc0-9c94-a4076834c616" /><TestMethod codeBase="E:\code\_migrated\QuantPlatform\QTG\UniverseGeneratorTest\bin\Debug\netcoreapp2.0\publish\UniverseGenerator.Test.dll" adapterTypeName="executor://nunit3testexecutor/" className="UniverseGenerator.Test.Release.TestReleaseToLive" name="TestRelease_ForNoSync_Superseded" /></UnitTest><UnitTest name="TestFilterWhereNeverHadValidUniverseExchange" storage="e:\code\_migrated\quantplatform\qtg\universegeneratortest\bin\debug\netcoreapp2.0\publish\universegenerator.test.dll" id="ab98f0fa-4b97-4827-b667-db0dde48067a"><Execution id="710679c0-7034-440d-a689-80cecfbe1086" /><TestMethod codeBase="E:\code\_migrated\QuantPlatform\QTG\UniverseGeneratorTest\bin\Debug\netcoreapp2.0\publish\UniverseGenerator.Test.dll" adapterTypeName="executor://nunit3testexecutor/" className="UniverseGenerator.Test.Futures.TestFuturesProvider" name="TestFilterWhereNeverHadValidUniverseExchange" /></UnitTest><UnitTest name="TestExcludeSaturday" storage="e:\code\_migrated\quantplatform\qtg\universegeneratortest\bin\debug\netcoreapp2.0\publish\universegenerator.test.dll" id="13b1cb7a-bf02-4d33-bf0e-73662992b0ca"><Execution id="dd45520c-c76e-4942-9dad-7fc423584243" /><TestMethod codeBase="E:\code\_migrated\QuantPlatform\QTG\UniverseGeneratorTest\bin\Debug\netcoreapp2.0\publish\UniverseGenerator.Test.dll" adapterTypeName="executor://nunit3testexecutor/" className="UniverseGenerator.Test.Futures.Mean.TestFutureContractVolumeAdjustedLiquidity" name="TestExcludeSaturday" /></UnitTest><UnitTest name="TestEnumerableRange_ToAfterStart" storage="e:\code\_migrated\quantplatform\qtg\universegeneratortest\bin\debug\netcoreapp2.0\publish\universegenerator.test.dll" id="38bfc717-96da-4fff-9031-fe7b9d923793"><Execution id="fc7c9101-3bca-4934-a300-ddb051b56107" /><TestMethod codeBase="E:\code\_migrated\QuantPlatform\QTG\UniverseGeneratorTest\bin\Debug\netcoreapp2.0\publish\UniverseGenerator.Test.dll" adapterTypeName="executor://nunit3testexecutor/" className="UniverseGenerator.Test.InclusionDate.TestDateRangeExt" name="TestEnumerableRange_ToAfterStart" /></UnitTest><UnitTest name="TestPendingMembersIdeal" storage="e:\code\_migrated\quantplatform\qtg\universegeneratortest\bin\debug\netcoreapp2.0\publish\universegenerator.test.dll" id="cd10c7f2-f734-43ba-ac21-ec0bfa862637"><Execution id="fb6afedc-075c-4a74-8693-2bcba1e84a58" /><TestMethod codeBase="E:\code\_migrated\QuantPlatform\QTG\UniverseGeneratorTest\bin\Debug\netcoreapp2.0\publish\UniverseGenerator.Test.dll" adapterTypeName="executor://nunit3testexecutor/" className="UniverseGenerator.Test.TestUniverseConfig" name="TestPendingMembersIdeal" /></UnitTest><UnitTest name="TestNoDiffs_AllEmpty" storage="e:\code\_migrated\quantplatform\qtg\universegeneratortest\bin\debug\netcoreapp2.0\publish\universegenerator.test.dll" id="7bc0b958-81fe-471c-bf37-3c7daae8a431"><Execution id="40fc4001-2246-45cf-a9a8-e0226c305dae" /><TestMethod codeBase="E:\code\_migrated\QuantPlatform\QTG\UniverseGeneratorTest\bin\Debug\netcoreapp2.0\publish\UniverseGenerator.Test.dll" adapterTypeName="executor://nunit3testexecutor/" className="UniverseGenerator.Test.Email.FutureContracts.TestRecentlyApprovedFuturesSectionGenerator" name="TestNoDiffs_AllEmpty" /></UnitTest><UnitTest name="TestMissingData" storage="e:\code\_migrated\quantplatform\qtg\universegeneratortest\bin\debug\netcoreapp2.0\publish\universegenerator.test.dll" id="318be463-5079-4524-834e-1914ae5e5655"><Execution id="3c8d2533-969d-4012-867a-0530da2ca22e" /><TestMethod codeBase="E:\code\_migrated\QuantPlatform\QTG\UniverseGeneratorTest\bin\Debug\netcoreapp2.0\publish\UniverseGenerator.Test.dll" adapterTypeName="executor://nunit3testexecutor/" className="UniverseGenerator.Test.Futures.Mean.TestFutureContractVolumeAdjustedLiquidity" name="TestMissingData" /></UnitTest><UnitTest name="TestDoNotApplyToEtfUniverse" storage="e:\code\_migrated\quantplatform\qtg\universegeneratortest\bin\debug\netcoreapp2.0\publish\universegenerator.test.dll" id="2c5fe9e6-9dd3-4fd8-85f7-11d95bcb89dd"><Execution id="1c81ac61-d90f-40fd-8a6d-d9b819315327" /><TestMethod codeBase="E:\code\_migrated\QuantPlatform\QTG\UniverseGeneratorTest\bin\Debug\netcoreapp2.0\publish\UniverseGenerator.Test.dll" adapterTypeName="executor://nunit3testexecutor/" className="UniverseGenerator.Test.Filter.TestSectorFilter" name="TestDoNotApplyToEtfUniverse" /></UnitTest><UnitTest name="TestNoDiffAllExcluded" storage="e:\code\_migrated\quantplatform\qtg\universegeneratortest\bin\debug\netcoreapp2.0\publish\universegenerator.test.dll" id="17acc1dc-16dd-4026-beff-89f2cdc5d39f"><Execution id="9029e6a6-999a-4ba3-87b4-2675b0179d19" /><TestMethod codeBase="E:\code\_migrated\QuantPlatform\QTG\UniverseGeneratorTest\bin\Debug\netcoreapp2.0\publish\UniverseGenerator.Test.dll" adapterTypeName="executor://nunit3testexecutor/" className="UniverseGenerator.Test.InclusionDate.TestDiffDatesForDataSync" name="TestNoDiffAllExcluded" /></UnitTest><UnitTest name="TestEnumerableRange_FromOnEnd" storage="e:\code\_migrated\quantplatform\qtg\universegeneratortest\bin\debug\netcoreapp2.0\publish\universegenerator.test.dll" id="b4547bce-7be3-4132-84f5-46cde662f07b"><Execution id="57aafe72-acbe-4433-8f51-fde549bd21b8" /><TestMethod codeBase="E:\code\_migrated\QuantPlatform\QTG\UniverseGeneratorTest\bin\Debug\netcoreapp2.0\publish\UniverseGenerator.Test.dll" adapterTypeName="executor://nunit3testexecutor/" className="UniverseGenerator.Test.InclusionDate.TestDateRangeExt" name="TestEnumerableRange_FromOnEnd" /></UnitTest><UnitTest name="TestWithTargetAnnouncement_AfterEnd" storage="e:\code\_migrated\quantplatform\qtg\universegeneratortest\bin\debug\netcoreapp2.0\publish\universegenerator.test.dll" id="7fd54ef4-05bc-4b12-9add-7f460013a422"><Execution id="02e7b57d-c5ad-4c6f-a47f-72a40eda3a52" /><TestMethod codeBase="E:\code\_migrated\QuantPlatform\QTG\UniverseGeneratorTest\bin\Debug\netcoreapp2.0\publish\UniverseGenerator.Test.dll" adapterTypeName="executor://nunit3testexecutor/" className="UniverseGenerator.Test.Filter.TestTargetAnnouncementFilter" name="TestWithTargetAnnouncement_AfterEnd" /></UnitTest><UnitTest name="TestPendingMembers" storage="e:\code\_migrated\quantplatform\qtg\universegeneratortest\bin\debug\netcoreapp2.0\publish\universegenerator.test.dll" id="305f64fa-2c3b-452f-a88f-3a4d243d8481"><Execution id="9b93d3ba-845f-4fa6-9633-c5dac6d942d8" /><TestMethod codeBase="E:\code\_migrated\QuantPlatform\QTG\UniverseGeneratorTest\bin\Debug\netcoreapp2.0\publish\UniverseGenerator.Test.dll" adapterTypeName="executor://nunit3testexecutor/" className="UniverseGenerator.Test.Members.TestUniverseMembers" name="TestPendingMembers" /></UnitTest><UnitTest name="TestKeepIfPriceMultiplierIsGreaterThanZero" storage="e:\code\_migrated\quantplatform\qtg\universegeneratortest\bin\debug\netcoreapp2.0\publish\universegenerator.test.dll" id="b728b9b5-9431-490c-bf91-4fbad587f2b8"><Execution id="46c90597-5b0a-41f8-aba0-d3966d1eea51" /><TestMethod codeBase="E:\code\_migrated\QuantPlatform\QTG\UniverseGeneratorTest\bin\Debug\netcoreapp2.0\publish\UniverseGenerator.Test.dll" adapterTypeName="executor://nunit3testexecutor/" className="UniverseGenerator.Test.Futures.TestFutureContractsProvider" name="TestKeepIfPriceMultiplierIsGreaterThanZero" /></UnitTest><UnitTest name="TestNoValidExchange" storage="e:\code\_migrated\quantplatform\qtg\universegeneratortest\bin\debug\netcoreapp2.0\publish\universegenerator.test.dll" id="0dfc2983-e54b-4244-919f-da241f94942a"><Execution id="52731510-c3a8-4f20-9d0f-4d421c725ab5" /><TestMethod codeBase="E:\code\_migrated\QuantPlatform\QTG\UniverseGeneratorTest\bin\Debug\netcoreapp2.0\publish\UniverseGenerator.Test.dll" adapterTypeName="executor://nunit3testexecutor/" className="UniverseGenerator.Test.Filter.Liquidity.TestLatestValidExchangeResolver" name="TestNoValidExchange" /></UnitTest><UnitTest name="TestGenerateMembersHistoric_From2010-01-01_WithFullMembersIdeal_WithExistingMembersHistoric" storage="e:\code\_migrated\quantplatform\qtg\universegeneratortest\bin\debug\netcoreapp2.0\publish\universegenerator.test.dll" id="57e469b4-fe35-4029-9589-4c7ad9f1664e"><Execution id="8043c50a-71f4-4b4d-b469-785e3d6e11f4" /><TestMethod codeBase="E:\code\_migrated\QuantPlatform\QTG\UniverseGeneratorTest\bin\Debug\netcoreapp2.0\publish\UniverseGenerator.Test.dll" adapterTypeName="executor://nunit3testexecutor/" className="UniverseGenerator.Test.TestQtgMembersHistoricGenerator" name="TestGenerateMembersHistoric_From2010-01-01_WithFullMembersIdeal_WithExistingMembersHistoric" /></UnitTest><UnitTest name="TestSetReleaseState" storage="e:\code\_migrated\quantplatform\qtg\universegeneratortest\bin\debug\netcoreapp2.0\publish\universegenerator.test.dll" id="6108d734-16bf-41f7-a7ee-d59973bb7eaa"><Execution id="33150eed-9bcc-4459-bfa5-78fce754a107" /><TestMethod codeBase="E:\code\_migrated\QuantPlatform\QTG\UniverseGeneratorTest\bin\Debug\netcoreapp2.0\publish\UniverseGenerator.Test.dll" adapterTypeName="executor://nunit3testexecutor/" className="UniverseGenerator.Test.Release.TestApprovalManager" name="TestSetReleaseState" /></UnitTest><UnitTest name="TestDiff_DifferentEndDates_PropagateExclusion" storage="e:\code\_migrated\quantplatform\qtg\universegeneratortest\bin\debug\netcoreapp2.0\publish\universegenerator.test.dll" id="744b0934-b868-422f-a7b3-8962927dcde0"><Execution id="dc8c6f1c-e8c6-4c2e-9d6c-2cf6c4dc82d8" /><TestMethod codeBase="E:\code\_migrated\QuantPlatform\QTG\UniverseGeneratorTest\bin\Debug\netcoreapp2.0\publish\UniverseGenerator.Test.dll" adapterTypeName="executor://nunit3testexecutor/" className="UniverseGenerator.Test.InclusionDate.TestDiffInclusionDates" name="TestDiff_DifferentEndDates_PropagateExclusion" /></UnitTest><UnitTest name="TestLiveMembersPending" storage="e:\code\_migrated\quantplatform\qtg\universegeneratortest\bin\debug\netcoreapp2.0\publish\universegenerator.test.dll" id="79c02a24-e129-492e-9c4e-1dde716a51ee"><Execution id="4e7b53c8-9ec1-46d5-bc1b-3855eb4ab63c" /><TestMethod codeBase="E:\code\_migrated\QuantPlatform\QTG\UniverseGeneratorTest\bin\Debug\netcoreapp2.0\publish\UniverseGenerator.Test.dll" adapterTypeName="executor://nunit3testexecutor/" className="UniverseGenerator.Test.Members.TestUniverseMembers" name="TestLiveMembersPending" /></UnitTest><UnitTest name="TestFilterCompletely_ExcludedSegmentCode" storage="e:\code\_migrated\quantplatform\qtg\universegeneratortest\bin\debug\netcoreapp2.0\publish\universegenerator.test.dll" id="d0ad7a07-7149-4ed6-95c2-b0d3d00ae321"><Execution id="fff6279b-2cef-4e7d-b588-8f000ef8a8f8" /><TestMethod codeBase="E:\code\_migrated\QuantPlatform\QTG\UniverseGeneratorTest\bin\Debug\netcoreapp2.0\publish\UniverseGenerator.Test.dll" adapterTypeName="executor://nunit3testexecutor/" className="UniverseGenerator.Test.Filter.TestEuropeUniverseFilter" name="TestFilterCompletely_ExcludedSegmentCode" /></UnitTest><UnitTest name="TestGenerateMembersHistoric_From0001-01-01_WithoutMembersIdeal_WithoutExistingMembersHistoric" storage="e:\code\_migrated\quantplatform\qtg\universegeneratortest\bin\debug\netcoreapp2.0\publish\universegenerator.test.dll" id="9d166f15-a1f3-43a8-be80-34d65da9199c"><Execution id="5f022518-beab-46d3-9ec0-3205a76dc4dd" /><TestMethod codeBase="E:\code\_migrated\QuantPlatform\QTG\UniverseGeneratorTest\bin\Debug\netcoreapp2.0\publish\UniverseGenerator.Test.dll" adapterTypeName="executor://nunit3testexecutor/" className="UniverseGenerator.Test.TestQtgMembersHistoricGenerator" name="TestGenerateMembersHistoric_From0001-01-01_WithoutMembersIdeal_WithoutExistingMembersHistoric" /></UnitTest><UnitTest name="TestEnumeration" storage="e:\code\_migrated\quantplatform\qtg\universegeneratortest\bin\debug\netcoreapp2.0\publish\universegenerator.test.dll" id="556a3a5f-1a34-4e86-8ccd-4b0f136fcaf1"><Execution id="415db911-9644-4f7b-ab94-cbc6465bfd5b" /><TestMethod codeBase="E:\code\_migrated\QuantPlatform\QTG\UniverseGeneratorTest\bin\Debug\netcoreapp2.0\publish\UniverseGenerator.Test.dll" adapterTypeName="executor://nunit3testexecutor/" className="UniverseGenerator.Test.TestCircularDateBuffer" name="TestEnumeration" /></UnitTest><UnitTest name="TestNullToUnknown" storage="e:\code\_migrated\quantplatform\qtg\universegeneratortest\bin\debug\netcoreapp2.0\publish\universegenerator.test.dll" id="262c8378-2899-4a9a-9b96-3a5928df10a0"><Execution id="86af9343-43cf-46b6-a916-0f3175ccd441" /><TestMethod codeBase="E:\code\_migrated\QuantPlatform\QTG\UniverseGeneratorTest\bin\Debug\netcoreapp2.0\publish\UniverseGenerator.Test.dll" adapterTypeName="executor://nunit3testexecutor/" className="UniverseGenerator.Test.InclusionDate.TestUniGenReasonConverter" name="TestNullToUnknown" /></UnitTest><UnitTest name="TestSyncUniverse_MembersSyncing_WithPendingActive" storage="e:\code\_migrated\quantplatform\qtg\universegeneratortest\bin\debug\netcoreapp2.0\publish\universegenerator.test.dll" id="fb0b0d2f-23bf-42af-82f2-d30832e264bb"><Execution id="443899e0-6198-4f8b-b3e2-3c44f4df7744" /><TestMethod codeBase="E:\code\_migrated\QuantPlatform\QTG\UniverseGeneratorTest\bin\Debug\netcoreapp2.0\publish\UniverseGenerator.Test.dll" adapterTypeName="executor://nunit3testexecutor/" className="UniverseGenerator.Test.Release.TestFutureContractsUniverseHandler" name="TestSyncUniverse_MembersSyncing_WithPendingActive" /></UnitTest><UnitTest name="TestOnlyExistingIncluded_ExistingMembersToDate" storage="e:\code\_migrated\quantplatform\qtg\universegeneratortest\bin\debug\netcoreapp2.0\publish\universegenerator.test.dll" id="2af47566-b2ab-4329-b097-c3dd5c58bb4d"><Execution id="bb35b449-9811-4508-afa1-c83d4df0bedd" /><TestMethod codeBase="E:\code\_migrated\QuantPlatform\QTG\UniverseGeneratorTest\bin\Debug\netcoreapp2.0\publish\UniverseGenerator.Test.dll" adapterTypeName="executor://nunit3testexecutor/" className="UniverseGenerator.Test.Members.TestQtgMembersGenerator" name="TestOnlyExistingIncluded_ExistingMembersToDate" /></UnitTest><UnitTest name="TestConjunctionOverlapBothExcluded" storage="e:\code\_migrated\quantplatform\qtg\universegeneratortest\bin\debug\netcoreapp2.0\publish\universegenerator.test.dll" id="fe7016d8-9822-41cf-bbaf-6737efda9851"><Execution id="8b8edaba-b55a-4291-82e1-df3d4134df03" /><TestMethod codeBase="E:\code\_migrated\QuantPlatform\QTG\UniverseGeneratorTest\bin\Debug\netcoreapp2.0\publish\UniverseGenerator.Test.dll" adapterTypeName="executor://nunit3testexecutor/" className="UniverseGenerator.Test.InclusionDate.TestUnionInclusionDates" name="TestConjunctionOverlapBothExcluded" /></UnitTest><UnitTest name="TestSyntheticFuturesNoDiff" storage="e:\code\_migrated\quantplatform\qtg\universegeneratortest\bin\debug\netcoreapp2.0\publish\universegenerator.test.dll" id="7a923d7c-e3d7-4a97-9512-5f3c556d0645"><Execution id="0ec0df02-b4c9-490b-9bac-5495d4b77dd0" /><TestMethod codeBase="E:\code\_migrated\QuantPlatform\QTG\UniverseGeneratorTest\bin\Debug\netcoreapp2.0\publish\UniverseGenerator.Test.dll" adapterTypeName="executor://nunit3testexecutor/" className="UniverseGenerator.Test.TestDiffUniverse" name="TestSyntheticFuturesNoDiff" /></UnitTest><UnitTest name="TestRegion" storage="e:\code\_migrated\quantplatform\qtg\universegeneratortest\bin\debug\netcoreapp2.0\publish\universegenerator.test.dll" id="fdd8e251-683f-47ab-a7af-f5a31db5d76e"><Execution id="702a6c80-30d7-40f8-88bd-94a1b850ebbb" /><TestMethod codeBase="E:\code\_migrated\QuantPlatform\QTG\UniverseGeneratorTest\bin\Debug\netcoreapp2.0\publish\UniverseGenerator.Test.dll" adapterTypeName="executor://nunit3testexecutor/" className="UniverseGenerator.Test.TestUniverseConfig" name="TestRegion" /></UnitTest><UnitTest name="TestNotApplyIf_uniGenSkipInvalidDateCheck_DebugFlugSet" storage="e:\code\_migrated\quantplatform\qtg\universegeneratortest\bin\debug\netcoreapp2.0\publish\universegenerator.test.dll" id="42e30fa5-3c78-4ad2-a052-dee31b2d9570"><Execution id="6151b2e5-49b8-49bd-8079-51a4a82b8f83" /><TestMethod codeBase="E:\code\_migrated\QuantPlatform\QTG\UniverseGeneratorTest\bin\Debug\netcoreapp2.0\publish\UniverseGenerator.Test.dll" adapterTypeName="executor://nunit3testexecutor/" className="UniverseGenerator.Test.Filter.TestBirthDateConfiguredFilter" name="TestNotApplyIf_uniGenSkipInvalidDateCheck_DebugFlugSet" /></UnitTest><UnitTest name="TestMergersWithBankruptStockPurchaser" storage="e:\code\_migrated\quantplatform\qtg\universegeneratortest\bin\debug\netcoreapp2.0\publish\universegenerator.test.dll" id="3fe40861-520b-4bd7-b4df-e461478015c1"><Execution id="e1e709f8-e12c-48f6-ace6-62e30101b2d5" /><TestMethod codeBase="E:\code\_migrated\QuantPlatform\QTG\UniverseGeneratorTest\bin\Debug\netcoreapp2.0\publish\UniverseGenerator.Test.dll" adapterTypeName="executor://nunit3testexecutor/" className="UniverseGenerator.Test.Filter.TestMergerFilter" name="TestMergersWithBankruptStockPurchaser" /></UnitTest><UnitTest name="TestReleaseState_SkipCompleted" storage="e:\code\_migrated\quantplatform\qtg\universegeneratortest\bin\debug\netcoreapp2.0\publish\universegenerator.test.dll" id="7545f688-dc24-472b-bd6c-a95c5e399f77"><Execution id="b208eeb1-209b-42c2-87c5-cd56dbec631b" /><TestMethod codeBase="E:\code\_migrated\QuantPlatform\QTG\UniverseGeneratorTest\bin\Debug\netcoreapp2.0\publish\UniverseGenerator.Test.dll" adapterTypeName="executor://nunit3testexecutor/" className="UniverseGenerator.Test.Release.TestReleaseApprove" name="TestReleaseState_SkipCompleted" /></UnitTest><UnitTest name="TestGenerateMembersHistoric_From2018-01-01_WithMembersIdealOnExistingMembersHistoricEndDate_WithExistingMembersHistoricEndingWithAnAdd" storage="e:\code\_migrated\quantplatform\qtg\universegeneratortest\bin\debug\netcoreapp2.0\publish\universegenerator.test.dll" id="adbd20ee-ab86-40c8-a376-ec23804ad1a3"><Execution id="c991b2fb-f57d-4419-a902-e6a6543854e4" /><TestMethod codeBase="E:\code\_migrated\QuantPlatform\QTG\UniverseGeneratorTest\bin\Debug\netcoreapp2.0\publish\UniverseGenerator.Test.dll" adapterTypeName="executor://nunit3testexecutor/" className="UniverseGenerator.Test.TestQtgMembersHistoricGenerator" name="TestGenerateMembersHistoric_From2018-01-01_WithMembersIdealOnExistingMembersHistoricEndDate_WithExistingMembersHistoricEndingWithAnAdd" /></UnitTest><UnitTest name="TestReleaseState_SkipApproved" storage="e:\code\_migrated\quantplatform\qtg\universegeneratortest\bin\debug\netcoreapp2.0\publish\universegenerator.test.dll" id="20016b9f-da35-41d4-a3f2-5795d1ee121b"><Execution id="564be44c-d463-4bf9-97bb-65e7aa1cc6ad" /><TestMethod codeBase="E:\code\_migrated\QuantPlatform\QTG\UniverseGeneratorTest\bin\Debug\netcoreapp2.0\publish\UniverseGenerator.Test.dll" adapterTypeName="executor://nunit3testexecutor/" className="UniverseGenerator.Test.Release.TestReleaseApprove" name="TestReleaseState_SkipApproved" /></UnitTest><UnitTest name="TestMultipleMixedDeletions" storage="e:\code\_migrated\quantplatform\qtg\universegeneratortest\bin\debug\netcoreapp2.0\publish\universegenerator.test.dll" id="874dfbee-e215-4a65-bcf6-5c97e7d78e6a"><Execution id="bbc23b6c-08f9-48cb-a75f-d66225d06737" /><TestMethod codeBase="E:\code\_migrated\QuantPlatform\QTG\UniverseGeneratorTest\bin\Debug\netcoreapp2.0\publish\UniverseGenerator.Test.dll" adapterTypeName="executor://nunit3testexecutor/" className="UniverseGenerator.Test.InclusionDate.TestDiffDatesForDataSync" name="TestMultipleMixedDeletions" /></UnitTest><UnitTest name="TestNotExcluded" storage="e:\code\_migrated\quantplatform\qtg\universegeneratortest\bin\debug\netcoreapp2.0\publish\universegenerator.test.dll" id="8f229222-6de3-4bb6-b027-b7e977c2d15d"><Execution id="ea4a41fb-646d-47eb-b607-174362b8a095" /><TestMethod codeBase="E:\code\_migrated\QuantPlatform\QTG\UniverseGeneratorTest\bin\Debug\netcoreapp2.0\publish\UniverseGenerator.Test.dll" adapterTypeName="executor://nunit3testexecutor/" className="UniverseGenerator.Test.Filter.TestRemovePerUniverseFilter" name="TestNotExcluded" /></UnitTest><UnitTest name="NewerApproved" storage="e:\code\_migrated\quantplatform\qtg\universegeneratortest\bin\debug\netcoreapp2.0\publish\universegenerator.test.dll" id="3c1e59b8-2d9e-4614-951c-78ec16ad6636"><Execution id="83d26035-e576-4444-b5e1-05214d93e08f" /><TestMethod codeBase="E:\code\_migrated\QuantPlatform\QTG\UniverseGeneratorTest\bin\Debug\netcoreapp2.0\publish\UniverseGenerator.Test.dll" adapterTypeName="executor://nunit3testexecutor/" className="UniverseGenerator.Test.Release.TestApprovalManager" name="NewerApproved" /></UnitTest><UnitTest name="TestOnlyExistingIncluded_TruncateStartToUniverseBeginTrading" storage="e:\code\_migrated\quantplatform\qtg\universegeneratortest\bin\debug\netcoreapp2.0\publish\universegenerator.test.dll" id="b81b6cae-fd64-49a6-a4d0-25558a08bb55"><Execution id="739e0d5c-0b7f-4a75-9562-8f1f0589428c" /><TestMethod codeBase="E:\code\_migrated\QuantPlatform\QTG\UniverseGeneratorTest\bin\Debug\netcoreapp2.0\publish\UniverseGenerator.Test.dll" adapterTypeName="executor://nunit3testexecutor/" className="UniverseGenerator.Test.Members.TestQtgMembersGenerator" name="TestOnlyExistingIncluded_TruncateStartToUniverseBeginTrading" /></UnitTest><UnitTest name="TestIsReleaseLocked_ReleaseNotPending_Approved" storage="e:\code\_migrated\quantplatform\qtg\universegeneratortest\bin\debug\netcoreapp2.0\publish\universegenerator.test.dll" id="8ce70c28-f719-40a9-9dad-a07cb4470416"><Execution id="4c6eea44-6594-4ee0-9d7c-fa1d5aad75f9" /><TestMethod codeBase="E:\code\_migrated\QuantPlatform\QTG\UniverseGeneratorTest\bin\Debug\netcoreapp2.0\publish\UniverseGenerator.Test.dll" adapterTypeName="executor://nunit3testexecutor/" className="UniverseGenerator.Test.Release.TestApprovalManager" name="TestIsReleaseLocked_ReleaseNotPending_Approved" /></UnitTest><UnitTest name="TestRemoveDead_OnStart" storage="e:\code\_migrated\quantplatform\qtg\universegeneratortest\bin\debug\netcoreapp2.0\publish\universegenerator.test.dll" id="e5629e17-ade6-411e-99b8-d5d10eb7d8a3"><Execution id="ddd4c24b-cab5-41cf-920e-e387d97ea571" /><TestMethod codeBase="E:\code\_migrated\QuantPlatform\QTG\UniverseGeneratorTest\bin\Debug\netcoreapp2.0\publish\UniverseGenerator.Test.dll" adapterTypeName="executor://nunit3testexecutor/" className="UniverseGenerator.Test.Filter.TestDeathDateFilter" name="TestRemoveDead_OnStart" /></UnitTest><UnitTest name="TestDoNotRelease_TradingAndNotApproved_Cancelled" storage="e:\code\_migrated\quantplatform\qtg\universegeneratortest\bin\debug\netcoreapp2.0\publish\universegenerator.test.dll" id="168af6b6-e3c9-45a7-87ed-70353bb8fba6"><Execution id="47198cfb-6952-4b9e-9d60-898bf6ff57a8" /><TestMethod codeBase="E:\code\_migrated\QuantPlatform\QTG\UniverseGeneratorTest\bin\Debug\netcoreapp2.0\publish\UniverseGenerator.Test.dll" adapterTypeName="executor://nunit3testexecutor/" className="UniverseGenerator.Test.Release.TestReleaseToLive" name="TestDoNotRelease_TradingAndNotApproved_Cancelled" /></UnitTest><UnitTest name="TestReportCompleteExclusion" storage="e:\code\_migrated\quantplatform\qtg\universegeneratortest\bin\debug\netcoreapp2.0\publish\universegenerator.test.dll" id="0eedc7cb-521e-406b-9ec8-aac14695636a"><Execution id="744d6050-a606-4396-b654-bf3c78cd48a1" /><TestMethod codeBase="E:\code\_migrated\QuantPlatform\QTG\UniverseGeneratorTest\bin\Debug\netcoreapp2.0\publish\UniverseGenerator.Test.dll" adapterTypeName="executor://nunit3testexecutor/" className="UniverseGenerator.Test.Filter.TestBadlyConfiguredSecurities" name="TestReportCompleteExclusion" /></UnitTest><UnitTest name="TestGetAndValidateLatestReleaseState_Valid" storage="e:\code\_migrated\quantplatform\qtg\universegeneratortest\bin\debug\netcoreapp2.0\publish\universegenerator.test.dll" id="9d4e5422-d947-4493-b851-2e598efa452e"><Execution id="6457445f-17ff-495b-9fb7-b8a2e410f836" /><TestMethod codeBase="E:\code\_migrated\QuantPlatform\QTG\UniverseGeneratorTest\bin\Debug\netcoreapp2.0\publish\UniverseGenerator.Test.dll" adapterTypeName="executor://nunit3testexecutor/" className="UniverseGenerator.Test.Release.TestApprovalManager" name="TestGetAndValidateLatestReleaseState_Valid" /></UnitTest><UnitTest name="TestMembersReasonsPendingReader" storage="e:\code\_migrated\quantplatform\qtg\universegeneratortest\bin\debug\netcoreapp2.0\publish\universegenerator.test.dll" id="3b0d58e4-c8c0-44b3-a588-32c4e02fb5c7"><Execution id="170dd579-b5fd-4742-8a47-3cf5a1877faa" /><TestMethod codeBase="E:\code\_migrated\QuantPlatform\QTG\UniverseGeneratorTest\bin\Debug\netcoreapp2.0\publish\UniverseGenerator.Test.dll" adapterTypeName="executor://nunit3testexecutor/" className="UniverseGenerator.Test.TestUniverseConfig" name="TestMembersReasonsPendingReader" /></UnitTest><UnitTest name="TestGenerateMembersHistoric_From0001-01-01_WithFullMembersIdeal_WithEmptyExistingMembersHistoric" storage="e:\code\_migrated\quantplatform\qtg\universegeneratortest\bin\debug\netcoreapp2.0\publish\universegenerator.test.dll" id="fc5737fa-d7ec-4414-b1b4-38cd5f59c6b5"><Execution id="18fc713c-c956-477d-81ac-5f1023a14fac" /><TestMethod codeBase="E:\code\_migrated\QuantPlatform\QTG\UniverseGeneratorTest\bin\Debug\netcoreapp2.0\publish\UniverseGenerator.Test.dll" adapterTypeName="executor://nunit3testexecutor/" className="UniverseGenerator.Test.TestQtgMembersHistoricGenerator" name="TestGenerateMembersHistoric_From0001-01-01_WithFullMembersIdeal_WithEmptyExistingMembersHistoric" /></UnitTest><UnitTest name="TestExistingStocks" storage="e:\code\_migrated\quantplatform\qtg\universegeneratortest\bin\debug\netcoreapp2.0\publish\universegenerator.test.dll" id="1c372f36-a85f-4a97-8abf-642d2079c551"><Execution id="7b2bd9e7-a3b5-4ac7-9811-69dbe8019085" /><TestMethod codeBase="E:\code\_migrated\QuantPlatform\QTG\UniverseGeneratorTest\bin\Debug\netcoreapp2.0\publish\UniverseGenerator.Test.dll" adapterTypeName="executor://nunit3testexecutor/" className="UniverseGenerator.Test.Members.TestExistingUniverseMembersProvider" name="TestExistingStocks" /></UnitTest><UnitTest name="TestFilterFor_BlankExchangeSegmentCode" storage="e:\code\_migrated\quantplatform\qtg\universegeneratortest\bin\debug\netcoreapp2.0\publish\universegenerator.test.dll" id="e02ade4d-8964-405e-b8a2-7f56be6dbed2"><Execution id="0bed06bd-d8f0-41ac-8c18-34ecdd2447ac" /><TestMethod codeBase="E:\code\_migrated\QuantPlatform\QTG\UniverseGeneratorTest\bin\Debug\netcoreapp2.0\publish\UniverseGenerator.Test.dll" adapterTypeName="executor://nunit3testexecutor/" className="UniverseGenerator.Test.Filter.TestEuropeUniverseFilter" name="TestFilterFor_BlankExchangeSegmentCode" /></UnitTest><UnitTest name="TestFilterWhereUnderlyingFutureIsPresent_MultipleSyntheticFutures" storage="e:\code\_migrated\quantplatform\qtg\universegeneratortest\bin\debug\netcoreapp2.0\publish\universegenerator.test.dll" id="8619d8c2-fde9-42aa-92c0-06f22d042800"><Execution id="82b5c304-c34d-426f-a666-774f2ad87012" /><TestMethod codeBase="E:\code\_migrated\QuantPlatform\QTG\UniverseGeneratorTest\bin\Debug\netcoreapp2.0\publish\UniverseGenerator.Test.dll" adapterTypeName="executor://nunit3testexecutor/" className="UniverseGenerator.Test.Members.SyntheticFutures.Creator.TestNewSyntheticFuturesMapper" name="TestFilterWhereUnderlyingFutureIsPresent_MultipleSyntheticFutures" /></UnitTest><UnitTest name="TestIncludeIfUnderlyingFuture_ApprovedForTrading_NotSet_ButAlreadyInUniverse" storage="e:\code\_migrated\quantplatform\qtg\universegeneratortest\bin\debug\netcoreapp2.0\publish\universegenerator.test.dll" id="d72cfcd9-02e0-4211-9b85-4ebfcfb65da7"><Execution id="0b80c609-ff2f-4f35-bc20-079a5fa140b6" /><TestMethod codeBase="E:\code\_migrated\QuantPlatform\QTG\UniverseGeneratorTest\bin\Debug\netcoreapp2.0\publish\UniverseGenerator.Test.dll" adapterTypeName="executor://nunit3testexecutor/" className="UniverseGenerator.Test.Filter.FutureContracts.TestFutureContractUnapprovedFilter" name="TestIncludeIfUnderlyingFuture_ApprovedForTrading_NotSet_ButAlreadyInUniverse" /></UnitTest><UnitTest name="TestExcludedFrom" storage="e:\code\_migrated\quantplatform\qtg\universegeneratortest\bin\debug\netcoreapp2.0\publish\universegenerator.test.dll" id="19e2abd1-b925-4cd2-9d83-aa42d7150649"><Execution id="28e611f2-c31d-4a81-8e44-229800ccefa3" /><TestMethod codeBase="E:\code\_migrated\QuantPlatform\QTG\UniverseGeneratorTest\bin\Debug\netcoreapp2.0\publish\UniverseGenerator.Test.dll" adapterTypeName="executor://nunit3testexecutor/" className="UniverseGenerator.Test.Filter.TestRemovePerUniverseFilter" name="TestExcludedFrom" /></UnitTest><UnitTest name="TestGenerateMembersHistoric_From2010-01-01_WithMembersIdealAfterExistingMembersHistoricEndDate_WithEmptyExistingMembersHistoric" storage="e:\code\_migrated\quantplatform\qtg\universegeneratortest\bin\debug\netcoreapp2.0\publish\universegenerator.test.dll" id="8345d12f-727a-417c-be12-94a5fe60d6a1"><Execution id="057c6315-1fde-4914-b5f3-11452f22d6d4" /><TestMethod codeBase="E:\code\_migrated\QuantPlatform\QTG\UniverseGeneratorTest\bin\Debug\netcoreapp2.0\publish\UniverseGenerator.Test.dll" adapterTypeName="executor://nunit3testexecutor/" className="UniverseGenerator.Test.TestQtgMembersHistoricGenerator" name="TestGenerateMembersHistoric_From2010-01-01_WithMembersIdealAfterExistingMembersHistoricEndDate_WithEmptyExistingMembersHistoric" /></UnitTest><UnitTest name="TestVerifyReleaseState_Pending" storage="e:\code\_migrated\quantplatform\qtg\universegeneratortest\bin\debug\netcoreapp2.0\publish\universegenerator.test.dll" id="b2e2882e-0e8a-4968-b065-339d5dcf5c45"><Execution id="c39e907a-746c-4761-b403-8e140cce0fe0" /><TestMethod codeBase="E:\code\_migrated\QuantPlatform\QTG\UniverseGeneratorTest\bin\Debug\netcoreapp2.0\publish\UniverseGenerator.Test.dll" adapterTypeName="executor://nunit3testexecutor/" className="UniverseGenerator.Test.Release.TestReleaseApprove" name="TestVerifyReleaseState_Pending" /></UnitTest><UnitTest name="TestEmailLockedUniverse_FinancialDataGroup" storage="e:\code\_migrated\quantplatform\qtg\universegeneratortest\bin\debug\netcoreapp2.0\publish\universegenerator.test.dll" id="6250718b-e558-4b50-834d-8b389158b9c9"><Execution id="848ea2d0-db5a-4504-9199-dad97fe1d513" /><TestMethod codeBase="E:\code\_migrated\QuantPlatform\QTG\UniverseGeneratorTest\bin\Debug\netcoreapp2.0\publish\UniverseGenerator.Test.dll" adapterTypeName="executor://nunit3testexecutor/" className="UniverseGenerator.Test.Release.TestReleaseApprove" name="TestEmailLockedUniverse_FinancialDataGroup" /></UnitTest><UnitTest name="TestHandleBlankFieldsInDiff" storage="e:\code\_migrated\quantplatform\qtg\universegeneratortest\bin\debug\netcoreapp2.0\publish\universegenerator.test.dll" id="6bf371db-c720-48a3-8afb-5faea1c8d899"><Execution id="0bfb2b43-f0c7-4393-9cb6-7dab2dcbdf9e" /><TestMethod codeBase="E:\code\_migrated\QuantPlatform\QTG\UniverseGeneratorTest\bin\Debug\netcoreapp2.0\publish\UniverseGenerator.Test.dll" adapterTypeName="executor://nunit3testexecutor/" className="UniverseGenerator.Test.Email.TestHtmlEmailFileBuilder" name="TestHandleBlankFieldsInDiff" /></UnitTest><UnitTest name="TestRequestApprovalsIfNeeded_DoNotSend_Completed" storage="e:\code\_migrated\quantplatform\qtg\universegeneratortest\bin\debug\netcoreapp2.0\publish\universegenerator.test.dll" id="3af97a81-ae98-4373-855c-164c403bd754"><Execution id="e272aba8-f173-4453-b85a-ac7885cdfa63" /><TestMethod codeBase="E:\code\_migrated\QuantPlatform\QTG\UniverseGeneratorTest\bin\Debug\netcoreapp2.0\publish\UniverseGenerator.Test.dll" adapterTypeName="executor://nunit3testexecutor/" className="UniverseGenerator.Test.Email.TestEmails" name="TestRequestApprovalsIfNeeded_DoNotSend_Completed" /></UnitTest><UnitTest name="TestNotFilterFor_NoExchangeSegmentCode" storage="e:\code\_migrated\quantplatform\qtg\universegeneratortest\bin\debug\netcoreapp2.0\publish\universegenerator.test.dll" id="bb9b11b7-e7d2-4600-9da4-47cecc71e3db"><Execution id="1114e88b-7350-42c5-8cb4-e67ae804d528" /><TestMethod codeBase="E:\code\_migrated\QuantPlatform\QTG\UniverseGeneratorTest\bin\Debug\netcoreapp2.0\publish\UniverseGenerator.Test.dll" adapterTypeName="executor://nunit3testexecutor/" className="UniverseGenerator.Test.Filter.TestEuropeUniverseFilter" name="TestNotFilterFor_NoExchangeSegmentCode" /></UnitTest><UnitTest name="TestOutThenInConsecutiveEvents" storage="e:\code\_migrated\quantplatform\qtg\universegeneratortest\bin\debug\netcoreapp2.0\publish\universegenerator.test.dll" id="89fe0ab3-99a7-408f-9afc-358acb78c0d1"><Execution id="89c0b2b4-7ff7-4f83-be9b-0d240187013d" /><TestMethod codeBase="E:\code\_migrated\QuantPlatform\QTG\UniverseGeneratorTest\bin\Debug\netcoreapp2.0\publish\UniverseGenerator.Test.dll" adapterTypeName="executor://nunit3testexecutor/" className="UniverseGenerator.Test.Filter.TestRemovePerUniverseFilter" name="TestOutThenInConsecutiveEvents" /></UnitTest><UnitTest name="TestRequestApprovalsIfNeeded_DoNotSend_Superseded" storage="e:\code\_migrated\quantplatform\qtg\universegeneratortest\bin\debug\netcoreapp2.0\publish\universegenerator.test.dll" id="245d4656-abf4-4978-88b7-6039346650a7"><Execution id="2ce8d9c7-077d-41da-bde9-ba58ac480803" /><TestMethod codeBase="E:\code\_migrated\QuantPlatform\QTG\UniverseGeneratorTest\bin\Debug\netcoreapp2.0\publish\UniverseGenerator.Test.dll" adapterTypeName="executor://nunit3testexecutor/" className="UniverseGenerator.Test.Email.TestEmails" name="TestRequestApprovalsIfNeeded_DoNotSend_Superseded" /></UnitTest><UnitTest name="TestDoNotSyncWhenEquityShortTerm(FuturesShortTerm)" storage="e:\code\_migrated\quantplatform\qtg\universegeneratortest\bin\debug\netcoreapp2.0\publish\universegenerator.test.dll" id="a4e8a6af-d4a8-46b0-90bb-49f965123ac9"><Execution id="956bc25f-6b76-4090-8ee6-5d2e864b7317" /><TestMethod codeBase="E:\code\_migrated\QuantPlatform\QTG\UniverseGeneratorTest\bin\Debug\netcoreapp2.0\publish\UniverseGenerator.Test.dll" adapterTypeName="executor://nunit3testexecutor/" className="UniverseGenerator.Test.Release.TestReleasePanGaea" name="TestDoNotSyncWhenEquityShortTerm(FuturesShortTerm)" /></UnitTest><UnitTest name="TestFilter_StartMaxOfExchangeJoinEventAndValidSegmentCodeChange_Exchange" storage="e:\code\_migrated\quantplatform\qtg\universegeneratortest\bin\debug\netcoreapp2.0\publish\universegenerator.test.dll" id="98fdd0cd-94bf-4a9e-af5f-339c84c7dca6"><Execution id="529e5655-87c7-4819-bca4-27d300ec7d2f" /><TestMethod codeBase="E:\code\_migrated\QuantPlatform\QTG\UniverseGeneratorTest\bin\Debug\netcoreapp2.0\publish\UniverseGenerator.Test.dll" adapterTypeName="executor://nunit3testexecutor/" className="UniverseGenerator.Test.Filter.TestEuropeUniverseFilter" name="TestFilter_StartMaxOfExchangeJoinEventAndValidSegmentCodeChange_Exchange" /></UnitTest><UnitTest name="TestLoadFutures" storage="e:\code\_migrated\quantplatform\qtg\universegeneratortest\bin\debug\netcoreapp2.0\publish\universegenerator.test.dll" id="a58857c2-17ad-47b1-a957-38f5872b7e58"><Execution id="9a985ab5-ac80-4f38-b4a9-f706baad35e7" /><TestMethod codeBase="E:\code\_migrated\QuantPlatform\QTG\UniverseGeneratorTest\bin\Debug\netcoreapp2.0\publish\UniverseGenerator.Test.dll" adapterTypeName="executor://nunit3testexecutor/" className="UniverseGenerator.Test.Futures.TestFuturesProvider" name="TestLoadFutures" /></UnitTest><UnitTest name="TestHitRatioOverThreshold" storage="e:\code\_migrated\quantplatform\qtg\universegeneratortest\bin\debug\netcoreapp2.0\publish\universegenerator.test.dll" id="140ae3dc-f908-4a0a-b4c5-83e3b9593b16"><Execution id="2c57fcd7-2637-4b1f-b835-36d0a0997e2b" /><TestMethod codeBase="E:\code\_migrated\QuantPlatform\QTG\UniverseGeneratorTest\bin\Debug\netcoreapp2.0\publish\UniverseGenerator.Test.dll" adapterTypeName="executor://nunit3testexecutor/" className="UniverseGenerator.Test.Filter.Liquidity.TestOverThresholdHitRatioLiquidityData" name="TestHitRatioOverThreshold" /></UnitTest><UnitTest name="TestGetValue_FallBackToValidExchange" storage="e:\code\_migrated\quantplatform\qtg\universegeneratortest\bin\debug\netcoreapp2.0\publish\universegenerator.test.dll" id="4f11b0d5-780a-4ab6-9c5a-56c904c1a652"><Execution id="6017db5c-533d-4422-b236-041a8d0c9a06" /><TestMethod codeBase="E:\code\_migrated\QuantPlatform\QTG\UniverseGeneratorTest\bin\Debug\netcoreapp2.0\publish\UniverseGenerator.Test.dll" adapterTypeName="executor://nunit3testexecutor/" className="UniverseGenerator.Test.Filter.Liquidity.TestOverThresholdHitRatioRollingLiquidity" name="TestGetValue_FallBackToValidExchange" /></UnitTest><UnitTest name="TestDumpMeans_Empty" storage="e:\code\_migrated\quantplatform\qtg\universegeneratortest\bin\debug\netcoreapp2.0\publish\universegenerator.test.dll" id="3d2c777c-e850-429e-bcfd-f6343d1810d0"><Execution id="92489940-ea99-4132-86bb-e520586e2b87" /><TestMethod codeBase="E:\code\_migrated\QuantPlatform\QTG\UniverseGeneratorTest\bin\Debug\netcoreapp2.0\publish\UniverseGenerator.Test.dll" adapterTypeName="executor://nunit3testexecutor/" className="UniverseGenerator.Test.TestFutureContractsUniverseGenerator" name="TestDumpMeans_Empty" /></UnitTest><UnitTest name="TestConsequtiveDeletion_MultipleReasons" storage="e:\code\_migrated\quantplatform\qtg\universegeneratortest\bin\debug\netcoreapp2.0\publish\universegenerator.test.dll" id="d68da305-c602-43f5-bddc-6db3390c3c74"><Execution id="1f28e67b-f98f-4298-8a5f-77220f0ab1f2" /><TestMethod codeBase="E:\code\_migrated\QuantPlatform\QTG\UniverseGeneratorTest\bin\Debug\netcoreapp2.0\publish\UniverseGenerator.Test.dll" adapterTypeName="executor://nunit3testexecutor/" className="UniverseGenerator.Test.InclusionDate.TestDiffDatesForDataSync" name="TestConsequtiveDeletion_MultipleReasons" /></UnitTest><UnitTest name="TestWriteLiveMembersAndMembersIdeal(False,False)" storage="e:\code\_migrated\quantplatform\qtg\universegeneratortest\bin\debug\netcoreapp2.0\publish\universegenerator.test.dll" id="f59bd971-f2b6-4b16-98a5-a2f288dad17f"><Execution id="f7497d2e-74c9-44c4-b4c8-18743fd25227" /><TestMethod codeBase="E:\code\_migrated\QuantPlatform\QTG\UniverseGeneratorTest\bin\Debug\netcoreapp2.0\publish\UniverseGenerator.Test.dll" adapterTypeName="executor://nunit3testexecutor/" className="UniverseGenerator.Test.Release.TestUniverseDatabaseWriter" name="TestWriteLiveMembersAndMembersIdeal(False,False)" /></UnitTest><UnitTest name="TestSectorSetBeforeStart" storage="e:\code\_migrated\quantplatform\qtg\universegeneratortest\bin\debug\netcoreapp2.0\publish\universegenerator.test.dll" id="997ecd5a-333f-42f9-adf9-8ace62703f6b"><Execution id="ac9faf6c-2a85-4171-b36d-b6240f1a6dd0" /><TestMethod codeBase="E:\code\_migrated\QuantPlatform\QTG\UniverseGeneratorTest\bin\Debug\netcoreapp2.0\publish\UniverseGenerator.Test.dll" adapterTypeName="executor://nunit3testexecutor/" className="UniverseGenerator.Test.Filter.TestSectorFilter" name="TestSectorSetBeforeStart" /></UnitTest><UnitTest name="TestSendReleasedEmailIfNeeded_NoDiffs_WithApproval" storage="e:\code\_migrated\quantplatform\qtg\universegeneratortest\bin\debug\netcoreapp2.0\publish\universegenerator.test.dll" id="57d10129-730d-4ecd-9d6b-f7c08853c79e"><Execution id="e6dd2428-76a0-4e70-a6c6-81f328fc71c0" /><TestMethod codeBase="E:\code\_migrated\QuantPlatform\QTG\UniverseGeneratorTest\bin\Debug\netcoreapp2.0\publish\UniverseGenerator.Test.dll" adapterTypeName="executor://nunit3testexecutor/" className="UniverseGenerator.Test.Email.TestEmails" name="TestSendReleasedEmailIfNeeded_NoDiffs_WithApproval" /></UnitTest><UnitTest name="TestConjunctionGap" storage="e:\code\_migrated\quantplatform\qtg\universegeneratortest\bin\debug\netcoreapp2.0\publish\universegenerator.test.dll" id="f93160c0-6b6e-4260-b366-4af39f791f0f"><Execution id="fc9793df-dd1c-4dc7-833f-97437b8740f2" /><TestMethod codeBase="E:\code\_migrated\QuantPlatform\QTG\UniverseGeneratorTest\bin\Debug\netcoreapp2.0\publish\UniverseGenerator.Test.dll" adapterTypeName="executor://nunit3testexecutor/" className="UniverseGenerator.Test.InclusionDate.TestUnionInclusionDates" name="TestConjunctionGap" /></UnitTest><UnitTest name="TestChangesAfterTwoYearsAgo" storage="e:\code\_migrated\quantplatform\qtg\universegeneratortest\bin\debug\netcoreapp2.0\publish\universegenerator.test.dll" id="2f215a98-d878-42a5-ae90-2c0ac15b859f"><Execution id="29e6375d-547e-4ed5-a39f-f0c5539cd9a3" /><TestMethod codeBase="E:\code\_migrated\QuantPlatform\QTG\UniverseGeneratorTest\bin\Debug\netcoreapp2.0\publish\UniverseGenerator.Test.dll" adapterTypeName="executor://nunit3testexecutor/" className="UniverseGenerator.Test.Filter.FutureContracts.TestRecentLiquidFutureContracts" name="TestChangesAfterTwoYearsAgo" /></UnitTest><UnitTest name="TestStockInMembersButCompletelyExcluded" storage="e:\code\_migrated\quantplatform\qtg\universegeneratortest\bin\debug\netcoreapp2.0\publish\universegenerator.test.dll" id="c273a168-39f9-49ea-9643-aff6bc2862b4"><Execution id="d12b8a9e-e894-429d-8ad0-72abbe258aab" /><TestMethod codeBase="E:\code\_migrated\QuantPlatform\QTG\UniverseGeneratorTest\bin\Debug\netcoreapp2.0\publish\UniverseGenerator.Test.dll" adapterTypeName="executor://nunit3testexecutor/" className="UniverseGenerator.Test.Filter.SyntheticFuture.TestUnderlyingMembershipDatesFilter" name="TestStockInMembersButCompletelyExcluded" /></UnitTest><UnitTest name="TestSetDepartmentApprovalState(Execution,Pending)" storage="e:\code\_migrated\quantplatform\qtg\universegeneratortest\bin\debug\netcoreapp2.0\publish\universegenerator.test.dll" id="e0909190-2bb7-4970-86e9-07cf61801bed"><Execution id="a8e75b75-2ac7-4ac9-81a1-b2869c4f428e" /><TestMethod codeBase="E:\code\_migrated\QuantPlatform\QTG\UniverseGeneratorTest\bin\Debug\netcoreapp2.0\publish\UniverseGenerator.Test.dll" adapterTypeName="executor://nunit3testexecutor/" className="UniverseGenerator.Test.Release.TestApprovalManager" name="TestSetDepartmentApprovalState(Execution,Pending)" /></UnitTest><UnitTest name="TestExcludeForSixMonthsFromBirth_OverStart" storage="e:\code\_migrated\quantplatform\qtg\universegeneratortest\bin\debug\netcoreapp2.0\publish\universegenerator.test.dll" id="90af246d-0598-4104-b1dc-f5404cfa79bf"><Execution id="21d53e6b-b100-43c7-8138-1b82a13fde8b" /><TestMethod codeBase="E:\code\_migrated\QuantPlatform\QTG\UniverseGeneratorTest\bin\Debug\netcoreapp2.0\publish\UniverseGenerator.Test.dll" adapterTypeName="executor://nunit3testexecutor/" className="UniverseGenerator.Test.Filter.TestBirthCoolOffFilter" name="TestExcludeForSixMonthsFromBirth_OverStart" /></UnitTest><UnitTest name="TestTqpsup1409" storage="e:\code\_migrated\quantplatform\qtg\universegeneratortest\bin\debug\netcoreapp2.0\publish\universegenerator.test.dll" id="c5282521-fe0e-4292-b8e7-f27fca90bec0"><Execution id="b427496b-3414-4405-999c-2d65b84f69b8" /><TestMethod codeBase="E:\code\_migrated\QuantPlatform\QTG\UniverseGeneratorTest\bin\Debug\netcoreapp2.0\publish\UniverseGenerator.Test.dll" adapterTypeName="executor://nunit3testexecutor/" className="UniverseGenerator.Test.Release.TestApprovalManager" name="TestTqpsup1409" /></UnitTest><UnitTest name="TestMembersIdeal" storage="e:\code\_migrated\quantplatform\qtg\universegeneratortest\bin\debug\netcoreapp2.0\publish\universegenerator.test.dll" id="10744c8f-fbe5-4db9-a4fd-b77338a03a47"><Execution id="16c13127-113f-46d8-a503-4d9955eeb604" /><TestMethod codeBase="E:\code\_migrated\QuantPlatform\QTG\UniverseGeneratorTest\bin\Debug\netcoreapp2.0\publish\UniverseGenerator.Test.dll" adapterTypeName="executor://nunit3testexecutor/" className="UniverseGenerator.Test.Release.TestMemberFields" name="TestMembersIdeal" /></UnitTest><UnitTest name="TestLiveMembersForExecution" storage="e:\code\_migrated\quantplatform\qtg\universegeneratortest\bin\debug\netcoreapp2.0\publish\universegenerator.test.dll" id="3c5bfff6-a4b9-40df-a083-5e00389ef349"><Execution id="b76f5966-2041-4e99-893a-9e5f1f5fb879" /><TestMethod codeBase="E:\code\_migrated\QuantPlatform\QTG\UniverseGeneratorTest\bin\Debug\netcoreapp2.0\publish\UniverseGenerator.Test.dll" adapterTypeName="executor://nunit3testexecutor/" className="UniverseGenerator.Test.Members.TestUniverseMembers" name="TestLiveMembersForExecution" /></UnitTest><UnitTest name="TestBothExcluded" storage="e:\code\_migrated\quantplatform\qtg\universegeneratortest\bin\debug\netcoreapp2.0\publish\universegenerator.test.dll" id="eb9b9cb4-272d-4ec1-96ba-523b4b7c9d70"><Execution id="ea7b0946-4265-4af9-bd47-9490adb6f064" /><TestMethod codeBase="E:\code\_migrated\QuantPlatform\QTG\UniverseGeneratorTest\bin\Debug\netcoreapp2.0\publish\UniverseGenerator.Test.dll" adapterTypeName="executor://nunit3testexecutor/" className="UniverseGenerator.Test.Members.TestQtgMembersGenerator" name="TestBothExcluded" /></UnitTest><UnitTest name="TestReason" storage="e:\code\_migrated\quantplatform\qtg\universegeneratortest\bin\debug\netcoreapp2.0\publish\universegenerator.test.dll" id="11c5e09d-e265-41d5-a5db-9b29e60e2014"><Execution id="01fd21df-271e-46aa-84e9-0982c001ccae" /><TestMethod codeBase="E:\code\_migrated\QuantPlatform\QTG\UniverseGeneratorTest\bin\Debug\netcoreapp2.0\publish\UniverseGenerator.Test.dll" adapterTypeName="executor://nunit3testexecutor/" className="UniverseGenerator.Test.Filter.FutureContracts.TestFutureContractLiquidityCriteria" name="TestReason" /></UnitTest><UnitTest name="TestInclusiveBucketStart_Coarse" storage="e:\code\_migrated\quantplatform\qtg\universegeneratortest\bin\debug\netcoreapp2.0\publish\universegenerator.test.dll" id="9b669586-772c-4f05-8c56-4a3ba0bb5511"><Execution id="2a530e7a-a6d4-4ae3-a3b5-a81164f3fee8" /><TestMethod codeBase="E:\code\_migrated\QuantPlatform\QTG\UniverseGeneratorTest\bin\Debug\netcoreapp2.0\publish\UniverseGenerator.Test.dll" adapterTypeName="executor://nunit3testexecutor/" className="UniverseGenerator.Test.Mean.TestBucketed" name="TestInclusiveBucketStart_Coarse" /></UnitTest><UnitTest name="TestChangesBeforeTwoYearsAgo" storage="e:\code\_migrated\quantplatform\qtg\universegeneratortest\bin\debug\netcoreapp2.0\publish\universegenerator.test.dll" id="330c0c80-9fe3-4c01-91d1-58b98959e58b"><Execution id="6b155c62-3b9a-43d8-8c22-21d87afbcdac" /><TestMethod codeBase="E:\code\_migrated\QuantPlatform\QTG\UniverseGeneratorTest\bin\Debug\netcoreapp2.0\publish\UniverseGenerator.Test.dll" adapterTypeName="executor://nunit3testexecutor/" className="UniverseGenerator.Test.Filter.FutureContracts.TestRecentLiquidFutureContracts" name="TestChangesBeforeTwoYearsAgo" /></UnitTest><UnitTest name="TestWithMembersIdealOnly_AfterToday" storage="e:\code\_migrated\quantplatform\qtg\universegeneratortest\bin\debug\netcoreapp2.0\publish\universegenerator.test.dll" id="83b495a7-fb0e-42fe-b4bf-f7a2b0b15bc6"><Execution id="e6f4a9f1-af60-4b64-9055-dacc1b2db07e" /><TestMethod codeBase="E:\code\_migrated\QuantPlatform\QTG\UniverseGeneratorTest\bin\Debug\netcoreapp2.0\publish\UniverseGenerator.Test.dll" adapterTypeName="executor://nunit3testexecutor/" className="UniverseGenerator.Test.Futures.TestMembersForExecutionProvider" name="TestWithMembersIdealOnly_AfterToday" /></UnitTest><UnitTest name="TestNotPresentInExisting" storage="e:\code\_migrated\quantplatform\qtg\universegeneratortest\bin\debug\netcoreapp2.0\publish\universegenerator.test.dll" id="e1b14f05-00ee-441b-88f8-54f573adf95c"><Execution id="640d6f08-0d4a-47b3-9d4a-423322de85f7" /><TestMethod codeBase="E:\code\_migrated\QuantPlatform\QTG\UniverseGeneratorTest\bin\Debug\netcoreapp2.0\publish\UniverseGenerator.Test.dll" adapterTypeName="executor://nunit3testexecutor/" className="UniverseGenerator.Test.TestDiffUniverse" name="TestNotPresentInExisting" /></UnitTest><UnitTest name="TestExtendTo_Included" storage="e:\code\_migrated\quantplatform\qtg\universegeneratortest\bin\debug\netcoreapp2.0\publish\universegenerator.test.dll" id="e92b4d71-f1a8-4771-8ffe-8056592e39c0"><Execution id="3871f24c-0a7b-478c-8c32-cf2c7b679bb8" /><TestMethod codeBase="E:\code\_migrated\QuantPlatform\QTG\UniverseGeneratorTest\bin\Debug\netcoreapp2.0\publish\UniverseGenerator.Test.dll" adapterTypeName="executor://nunit3testexecutor/" className="UniverseGenerator.Test.InclusionDate.TestInclusionDatesExt" name="TestExtendTo_Included" /></UnitTest><UnitTest name="TestSyntheticFuturesNoDiff_WhenNotRequireSyntheticFutures" storage="e:\code\_migrated\quantplatform\qtg\universegeneratortest\bin\debug\netcoreapp2.0\publish\universegenerator.test.dll" id="7992da34-bb8a-436b-b3cf-d839d8417b68"><Execution id="5ad4fc85-53cd-471a-8b1c-a4e9c2ddaf5e" /><TestMethod codeBase="E:\code\_migrated\QuantPlatform\QTG\UniverseGeneratorTest\bin\Debug\netcoreapp2.0\publish\UniverseGenerator.Test.dll" adapterTypeName="executor://nunit3testexecutor/" className="UniverseGenerator.Test.TestDiffUniverse" name="TestSyntheticFuturesNoDiff_WhenNotRequireSyntheticFutures" /></UnitTest><UnitTest name="TestReleaseState_SkipSuperseded" storage="e:\code\_migrated\quantplatform\qtg\universegeneratortest\bin\debug\netcoreapp2.0\publish\universegenerator.test.dll" id="5d3e55ac-76c7-48ea-937f-883e734c8b83"><Execution id="d2937cbe-b41d-4b54-a617-59e79691ddd0" /><TestMethod codeBase="E:\code\_migrated\QuantPlatform\QTG\UniverseGeneratorTest\bin\Debug\netcoreapp2.0\publish\UniverseGenerator.Test.dll" adapterTypeName="executor://nunit3testexecutor/" className="UniverseGenerator.Test.Release.TestReleaseApprove" name="TestReleaseState_SkipSuperseded" /></UnitTest><UnitTest name="TestDiff" storage="e:\code\_migrated\quantplatform\qtg\universegeneratortest\bin\debug\netcoreapp2.0\publish\universegenerator.test.dll" id="4c27e193-73b4-4ed6-bdaf-674be6d48c4e"><Execution id="7d366ab6-9029-4537-96ad-dc09cc1df5ab" /><TestMethod codeBase="E:\code\_migrated\QuantPlatform\QTG\UniverseGeneratorTest\bin\Debug\netcoreapp2.0\publish\UniverseGenerator.Test.dll" adapterTypeName="executor://nunit3testexecutor/" className="UniverseGenerator.Test.InclusionDate.TestDiffInclusionDates" name="TestDiff" /></UnitTest><UnitTest name="TestGetValue_NoValidExchange" storage="e:\code\_migrated\quantplatform\qtg\universegeneratortest\bin\debug\netcoreapp2.0\publish\universegenerator.test.dll" id="38aa3f34-0fcf-4739-b59a-c7529d80a0f1"><Execution id="76c394bf-d22d-4afa-89d0-3737ad2b8432" /><TestMethod codeBase="E:\code\_migrated\QuantPlatform\QTG\UniverseGeneratorTest\bin\Debug\netcoreapp2.0\publish\UniverseGenerator.Test.dll" adapterTypeName="executor://nunit3testexecutor/" className="UniverseGenerator.Test.Filter.Liquidity.TestOverThresholdHitRatioRollingLiquidity" name="TestGetValue_NoValidExchange" /></UnitTest><UnitTest name="TestEnumerableRange_ToOnStart" storage="e:\code\_migrated\quantplatform\qtg\universegeneratortest\bin\debug\netcoreapp2.0\publish\universegenerator.test.dll" id="a6e8255d-60e1-4a28-bf8c-6be4638e7975"><Execution id="7b49508f-4aa5-4430-ae4b-09503be2c574" /><TestMethod codeBase="E:\code\_migrated\QuantPlatform\QTG\UniverseGeneratorTest\bin\Debug\netcoreapp2.0\publish\UniverseGenerator.Test.dll" adapterTypeName="executor://nunit3testexecutor/" className="UniverseGenerator.Test.InclusionDate.TestDateRangeExt" name="TestEnumerableRange_ToOnStart" /></UnitTest><UnitTest name="TestNotIncludedInIdeal" storage="e:\code\_migrated\quantplatform\qtg\universegeneratortest\bin\debug\netcoreapp2.0\publish\universegenerator.test.dll" id="2950c7b0-9bb5-4c1f-909a-69fe0832d0a1"><Execution id="8a3e0e8c-702e-427d-be91-148b16c2c91a" /><TestMethod codeBase="E:\code\_migrated\QuantPlatform\QTG\UniverseGeneratorTest\bin\Debug\netcoreapp2.0\publish\UniverseGenerator.Test.dll" adapterTypeName="executor://nunit3testexecutor/" className="UniverseGenerator.Test.Release.TestSyncIdeal" name="TestNotIncludedInIdeal" /></UnitTest><UnitTest name="TestSyncEmptyMembers" storage="e:\code\_migrated\quantplatform\qtg\universegeneratortest\bin\debug\netcoreapp2.0\publish\universegenerator.test.dll" id="333dc50d-b277-4dab-9f51-cd71065abd18"><Execution id="6d427c2a-2a2c-4eae-b132-187ffd54bdab" /><TestMethod codeBase="E:\code\_migrated\QuantPlatform\QTG\UniverseGeneratorTest\bin\Debug\netcoreapp2.0\publish\UniverseGenerator.Test.dll" adapterTypeName="executor://nunit3testexecutor/" className="UniverseGenerator.Test.Release.TestReleasePanGaea" name="TestSyncEmptyMembers" /></UnitTest><UnitTest name="TestFilter_UpToValidSegmentCode" storage="e:\code\_migrated\quantplatform\qtg\universegeneratortest\bin\debug\netcoreapp2.0\publish\universegenerator.test.dll" id="6668115d-6fc8-4552-92c3-d3229dbce717"><Execution id="6c4160b9-3883-44f4-bb73-cac3b6033ebc" /><TestMethod codeBase="E:\code\_migrated\QuantPlatform\QTG\UniverseGeneratorTest\bin\Debug\netcoreapp2.0\publish\UniverseGenerator.Test.dll" adapterTypeName="executor://nunit3testexecutor/" className="UniverseGenerator.Test.Filter.TestEuropeUniverseFilter" name="TestFilter_UpToValidSegmentCode" /></UnitTest><UnitTest name="TestSendReleaseApprovedEmailIfNeeded_Completed" storage="e:\code\_migrated\quantplatform\qtg\universegeneratortest\bin\debug\netcoreapp2.0\publish\universegenerator.test.dll" id="e1686db8-61f7-4ff2-b717-c124c7105710"><Execution id="68e5cbf3-5320-42ed-b3d4-9fb346cf8bb0" /><TestMethod codeBase="E:\code\_migrated\QuantPlatform\QTG\UniverseGeneratorTest\bin\Debug\netcoreapp2.0\publish\UniverseGenerator.Test.dll" adapterTypeName="executor://nunit3testexecutor/" className="UniverseGenerator.Test.Email.TestEmails" name="TestSendReleaseApprovedEmailIfNeeded_Completed" /></UnitTest><UnitTest name="TestPresent" storage="e:\code\_migrated\quantplatform\qtg\universegeneratortest\bin\debug\netcoreapp2.0\publish\universegenerator.test.dll" id="6d7b5c6c-391f-4c4e-b2e1-0f349cd5a74c"><Execution id="4b824b4c-b54e-4083-8cb7-d7e3832ff8ed" /><TestMethod codeBase="E:\code\_migrated\QuantPlatform\QTG\UniverseGeneratorTest\bin\Debug\netcoreapp2.0\publish\UniverseGenerator.Test.dll" adapterTypeName="executor://nunit3testexecutor/" className="UniverseGenerator.Test.Members.TestMembersIdealProvider" name="TestPresent" /></UnitTest><UnitTest name="TestAddedInTheMiddle" storage="e:\code\_migrated\quantplatform\qtg\universegeneratortest\bin\debug\netcoreapp2.0\publish\universegenerator.test.dll" id="02ebf6b7-5919-4936-98ff-4f57715e476c"><Execution id="6187ab94-fa63-42e3-a25b-ae46e301bd55" /><TestMethod codeBase="E:\code\_migrated\QuantPlatform\QTG\UniverseGeneratorTest\bin\Debug\netcoreapp2.0\publish\UniverseGenerator.Test.dll" adapterTypeName="executor://nunit3testexecutor/" className="UniverseGenerator.Test.Filter.FutureContracts.TestFutureContractUniversePresenceFilter" name="TestAddedInTheMiddle" /></UnitTest><UnitTest name="TestChangesOnToday" storage="e:\code\_migrated\quantplatform\qtg\universegeneratortest\bin\debug\netcoreapp2.0\publish\universegenerator.test.dll" id="830c3df5-8f46-45fa-91c7-7ce8c9dc51b0"><Execution id="bdf9d165-f233-444d-95cb-4fb8ce4fdc4b" /><TestMethod codeBase="E:\code\_migrated\QuantPlatform\QTG\UniverseGeneratorTest\bin\Debug\netcoreapp2.0\publish\UniverseGenerator.Test.dll" adapterTypeName="executor://nunit3testexecutor/" className="UniverseGenerator.Test.Filter.FutureContracts.TestRecentLiquidFutureContracts" name="TestChangesOnToday" /></UnitTest><UnitTest name="TestOnlySupportPanGaea" storage="e:\code\_migrated\quantplatform\qtg\universegeneratortest\bin\debug\netcoreapp2.0\publish\universegenerator.test.dll" id="634b214a-28f4-4e23-87e0-6fad8a451f2a"><Execution id="2d6bd498-33f6-4c3d-bcdb-c955a7084e23" /><TestMethod codeBase="E:\code\_migrated\QuantPlatform\QTG\UniverseGeneratorTest\bin\Debug\netcoreapp2.0\publish\UniverseGenerator.Test.dll" adapterTypeName="executor://nunit3testexecutor/" className="UniverseGenerator.Test.Release.TestReleasePanGaea" name="TestOnlySupportPanGaea" /></UnitTest><UnitTest name="TestConjunctionOverlapBothExcluded" storage="e:\code\_migrated\quantplatform\qtg\universegeneratortest\bin\debug\netcoreapp2.0\publish\universegenerator.test.dll" id="d35eeb56-760c-4f77-a50b-866c5a5020d4"><Execution id="976e696b-4f97-4793-9cf5-9f98e7a7599d" /><TestMethod codeBase="E:\code\_migrated\QuantPlatform\QTG\UniverseGeneratorTest\bin\Debug\netcoreapp2.0\publish\UniverseGenerator.Test.dll" adapterTypeName="executor://nunit3testexecutor/" className="UniverseGenerator.Test.InclusionDate.TestIntersectionInclusionDates" name="TestConjunctionOverlapBothExcluded" /></UnitTest><UnitTest name="TestEnumerableRange_FromBeforeTo" storage="e:\code\_migrated\quantplatform\qtg\universegeneratortest\bin\debug\netcoreapp2.0\publish\universegenerator.test.dll" id="4e75eac5-712e-4b1d-a285-8744c13810a3"><Execution id="c44a51cf-3b24-469e-853f-49d6a5abc8c8" /><TestMethod codeBase="E:\code\_migrated\QuantPlatform\QTG\UniverseGeneratorTest\bin\Debug\netcoreapp2.0\publish\UniverseGenerator.Test.dll" adapterTypeName="executor://nunit3testexecutor/" className="UniverseGenerator.Test.InclusionDate.TestDateRangeExt" name="TestEnumerableRange_FromBeforeTo" /></UnitTest><UnitTest name="TestSingleEntry_End" storage="e:\code\_migrated\quantplatform\qtg\universegeneratortest\bin\debug\netcoreapp2.0\publish\universegenerator.test.dll" id="9307e14c-8fa1-48e8-abb6-4bfcb5804ced"><Execution id="e224ca4e-f5e8-4fa8-9798-426394e6807c" /><TestMethod codeBase="E:\code\_migrated\QuantPlatform\QTG\UniverseGeneratorTest\bin\Debug\netcoreapp2.0\publish\UniverseGenerator.Test.dll" adapterTypeName="executor://nunit3testexecutor/" className="UniverseGenerator.Test.Futures.Mean.TestSumValidDays" name="TestSingleEntry_End" /></UnitTest><UnitTest name="TestResolveByCallingToDelegate" storage="e:\code\_migrated\quantplatform\qtg\universegeneratortest\bin\debug\netcoreapp2.0\publish\universegenerator.test.dll" id="0b63bdf8-3a35-4f89-b5d8-d6b026373554"><Execution id="e01aee7f-de97-413f-b98b-ab93e11ffb78" /><TestMethod codeBase="E:\code\_migrated\QuantPlatform\QTG\UniverseGeneratorTest\bin\Debug\netcoreapp2.0\publish\UniverseGenerator.Test.dll" adapterTypeName="executor://nunit3testexecutor/" className="UniverseGenerator.Test.Members.TestExistingUniverseMembersProvider" name="TestResolveByCallingToDelegate" /></UnitTest><UnitTest name="TestExcludeForSixMonthsFromBirth_BeforeStart" storage="e:\code\_migrated\quantplatform\qtg\universegeneratortest\bin\debug\netcoreapp2.0\publish\universegenerator.test.dll" id="8a6cd8b8-f821-4cf4-9425-23f7fe2b4c7e"><Execution id="930e15bd-1d92-4f78-bfc3-6ea6574dcb70" /><TestMethod codeBase="E:\code\_migrated\QuantPlatform\QTG\UniverseGeneratorTest\bin\Debug\netcoreapp2.0\publish\UniverseGenerator.Test.dll" adapterTypeName="executor://nunit3testexecutor/" className="UniverseGenerator.Test.Filter.TestBirthCoolOffFilter" name="TestExcludeForSixMonthsFromBirth_BeforeStart" /></UnitTest><UnitTest name="TestFilter_LSE_Only_NotLSE_MidwayThrough_WaitTillExcludedSegment" storage="e:\code\_migrated\quantplatform\qtg\universegeneratortest\bin\debug\netcoreapp2.0\publish\universegenerator.test.dll" id="617ead2a-ce45-42cf-b9d4-cb13e8002000"><Execution id="07699ea8-6938-4aff-b45e-cc7e2c5d865d" /><TestMethod codeBase="E:\code\_migrated\QuantPlatform\QTG\UniverseGeneratorTest\bin\Debug\netcoreapp2.0\publish\UniverseGenerator.Test.dll" adapterTypeName="executor://nunit3testexecutor/" className="UniverseGenerator.Test.Filter.TestEuropeUniverseFilter" name="TestFilter_LSE_Only_NotLSE_MidwayThrough_WaitTillExcludedSegment" /></UnitTest><UnitTest name="TestDoNotRelease_TradingAndNotApproved_Completed" storage="e:\code\_migrated\quantplatform\qtg\universegeneratortest\bin\debug\netcoreapp2.0\publish\universegenerator.test.dll" id="74deaa6b-4ae1-434e-89dc-c79f861909db"><Execution id="88301baf-3802-4a1f-9c08-467e04bfbeb0" /><TestMethod codeBase="E:\code\_migrated\QuantPlatform\QTG\UniverseGeneratorTest\bin\Debug\netcoreapp2.0\publish\UniverseGenerator.Test.dll" adapterTypeName="executor://nunit3testexecutor/" className="UniverseGenerator.Test.Release.TestReleaseToLive" name="TestDoNotRelease_TradingAndNotApproved_Completed" /></UnitTest><UnitTest name="TestDoNotApproveReleaseIfNotAllDepartmentsApproved" storage="e:\code\_migrated\quantplatform\qtg\universegeneratortest\bin\debug\netcoreapp2.0\publish\universegenerator.test.dll" id="50aae2ff-d8ae-4c00-b349-c68fc179c3e1"><Execution id="702b3e9a-4759-4cc4-8153-b712ecad68b4" /><TestMethod codeBase="E:\code\_migrated\QuantPlatform\QTG\UniverseGeneratorTest\bin\Debug\netcoreapp2.0\publish\UniverseGenerator.Test.dll" adapterTypeName="executor://nunit3testexecutor/" className="UniverseGenerator.Test.Release.TestReleaseApprove" name="TestDoNotApproveReleaseIfNotAllDepartmentsApproved" /></UnitTest><UnitTest name="TestConsequtiveDeletion" storage="e:\code\_migrated\quantplatform\qtg\universegeneratortest\bin\debug\netcoreapp2.0\publish\universegenerator.test.dll" id="98d9d4af-c509-4b74-802c-f36f1748017b"><Execution id="1889b0d3-5ef4-4174-bc26-99ac3ebf6936" /><TestMethod codeBase="E:\code\_migrated\QuantPlatform\QTG\UniverseGeneratorTest\bin\Debug\netcoreapp2.0\publish\UniverseGenerator.Test.dll" adapterTypeName="executor://nunit3testexecutor/" className="UniverseGenerator.Test.InclusionDate.TestDiffDatesForDataSync" name="TestConsequtiveDeletion" /></UnitTest><UnitTest name="TestSyncUniverse_WhenLocked_ButWithForceGenerate" storage="e:\code\_migrated\quantplatform\qtg\universegeneratortest\bin\debug\netcoreapp2.0\publish\universegenerator.test.dll" id="5e8ec28a-07bb-4ddb-b653-5639ae27e015"><Execution id="e79a0d02-fcf7-4690-b46b-373288f8f1d9" /><TestMethod codeBase="E:\code\_migrated\QuantPlatform\QTG\UniverseGeneratorTest\bin\Debug\netcoreapp2.0\publish\UniverseGenerator.Test.dll" adapterTypeName="executor://nunit3testexecutor/" className="UniverseGenerator.Test.Release.TestCandidateUniverseReleaseCoordinator" name="TestSyncUniverse_WhenLocked_ButWithForceGenerate" /></UnitTest><UnitTest name="TestIsReleaseLocked_ReleaseNotPending_Superseded" storage="e:\code\_migrated\quantplatform\qtg\universegeneratortest\bin\debug\netcoreapp2.0\publish\universegenerator.test.dll" id="e0d8531a-0593-4e16-8f50-fac26fb12095"><Execution id="f49ae77b-c72c-4e49-bc33-91143121b550" /><TestMethod codeBase="E:\code\_migrated\QuantPlatform\QTG\UniverseGeneratorTest\bin\Debug\netcoreapp2.0\publish\UniverseGenerator.Test.dll" adapterTypeName="executor://nunit3testexecutor/" className="UniverseGenerator.Test.Release.TestApprovalManager" name="TestIsReleaseLocked_ReleaseNotPending_Superseded" /></UnitTest><UnitTest name="TestEnumerationSimple_SingleElement" storage="e:\code\_migrated\quantplatform\qtg\universegeneratortest\bin\debug\netcoreapp2.0\publish\universegenerator.test.dll" id="04c6ea70-bb1e-4e21-84b0-ebd8ec5ee432"><Execution id="4daab7a6-8afb-49fc-886c-00fd67bbf206" /><TestMethod codeBase="E:\code\_migrated\QuantPlatform\QTG\UniverseGeneratorTest\bin\Debug\netcoreapp2.0\publish\UniverseGenerator.Test.dll" adapterTypeName="executor://nunit3testexecutor/" className="UniverseGenerator.Test.TestCircularDateBuffer" name="TestEnumerationSimple_SingleElement" /></UnitTest><UnitTest name="TestMultipleSameContracts_NotOverlaping" storage="e:\code\_migrated\quantplatform\qtg\universegeneratortest\bin\debug\netcoreapp2.0\publish\universegenerator.test.dll" id="15a7c541-5a50-4228-afab-f9f249a06403"><Execution id="45ecc502-7893-44a7-9bf0-686bd55704eb" /><TestMethod codeBase="E:\code\_migrated\QuantPlatform\QTG\UniverseGeneratorTest\bin\Debug\netcoreapp2.0\publish\UniverseGenerator.Test.dll" adapterTypeName="executor://nunit3testexecutor/" className="UniverseGenerator.Test.Members.SyntheticFutures.TestCandidateSyntheticFuturesProvider" name="TestMultipleSameContracts_NotOverlaping" /></UnitTest><UnitTest name="TestFetchStocks_OnlyValidExchanges" storage="e:\code\_migrated\quantplatform\qtg\universegeneratortest\bin\debug\netcoreapp2.0\publish\universegenerator.test.dll" id="adc815ec-17a2-4be2-9a98-9c08f41b17b0"><Execution id="22d7f204-8c5b-44ed-8b5b-2c4cece805fb" /><TestMethod codeBase="E:\code\_migrated\QuantPlatform\QTG\UniverseGeneratorTest\bin\Debug\netcoreapp2.0\publish\UniverseGenerator.Test.dll" adapterTypeName="executor://nunit3testexecutor/" className="UniverseGenerator.Test.TestUniverseStocksProvider" name="TestFetchStocks_OnlyValidExchanges" /></UnitTest><UnitTest name="TestDefaultPriceThreshold" storage="e:\code\_migrated\quantplatform\qtg\universegeneratortest\bin\debug\netcoreapp2.0\publish\universegenerator.test.dll" id="bf11b396-0f83-4d41-b5da-f2842c3d3096"><Execution id="66b9f5d8-db93-4873-a441-acc75fc017d2" /><TestMethod codeBase="E:\code\_migrated\QuantPlatform\QTG\UniverseGeneratorTest\bin\Debug\netcoreapp2.0\publish\UniverseGenerator.Test.dll" adapterTypeName="executor://nunit3testexecutor/" className="UniverseGenerator.Test.TestUniverseConfig" name="TestDefaultPriceThreshold" /></UnitTest><UnitTest name="TestMultipleMixedAdditions" storage="e:\code\_migrated\quantplatform\qtg\universegeneratortest\bin\debug\netcoreapp2.0\publish\universegenerator.test.dll" id="a23735d4-75bc-448c-b120-b1a18f2e3140"><Execution id="00ec4199-9a2d-4d2a-82e3-f623b1adc5ad" /><TestMethod codeBase="E:\code\_migrated\QuantPlatform\QTG\UniverseGeneratorTest\bin\Debug\netcoreapp2.0\publish\UniverseGenerator.Test.dll" adapterTypeName="executor://nunit3testexecutor/" className="UniverseGenerator.Test.InclusionDate.TestDiffDatesForDataSync" name="TestMultipleMixedAdditions" /></UnitTest><UnitTest name="TestGetLatestExchangeLiquidityThreshold" storage="e:\code\_migrated\quantplatform\qtg\universegeneratortest\bin\debug\netcoreapp2.0\publish\universegenerator.test.dll" id="ec6586ea-ea75-4ec9-81ff-9a43a4c072b9"><Execution id="60ece38a-4c59-46e7-a53a-672c5681a1b2" /><TestMethod codeBase="E:\code\_migrated\QuantPlatform\QTG\UniverseGeneratorTest\bin\Debug\netcoreapp2.0\publish\UniverseGenerator.Test.dll" adapterTypeName="executor://nunit3testexecutor/" className="UniverseGenerator.Test.TestUniverseConfig" name="TestGetLatestExchangeLiquidityThreshold" /></UnitTest><UnitTest name="TestEmailLockedUniverse_BackOffice" storage="e:\code\_migrated\quantplatform\qtg\universegeneratortest\bin\debug\netcoreapp2.0\publish\universegenerator.test.dll" id="b79fa0cb-b26a-4b65-a595-31a9a6f1a6f7"><Execution id="7d0076ff-f42f-446a-bc8b-35645a2a7f6f" /><TestMethod codeBase="E:\code\_migrated\QuantPlatform\QTG\UniverseGeneratorTest\bin\Debug\netcoreapp2.0\publish\UniverseGenerator.Test.dll" adapterTypeName="executor://nunit3testexecutor/" className="UniverseGenerator.Test.Release.TestReleaseApprove" name="TestEmailLockedUniverse_BackOffice" /></UnitTest><UnitTest name="TestMustHaveSingleSeigneurCosmos" storage="e:\code\_migrated\quantplatform\qtg\universegeneratortest\bin\debug\netcoreapp2.0\publish\universegenerator.test.dll" id="8ff4393f-0aeb-47ae-8253-1e73ec42206c"><Execution id="6aab3503-1cfd-4174-be15-67c55d9c1865" /><TestMethod codeBase="E:\code\_migrated\QuantPlatform\QTG\UniverseGeneratorTest\bin\Debug\netcoreapp2.0\publish\UniverseGenerator.Test.dll" adapterTypeName="executor://nunit3testexecutor/" className="UniverseGenerator.Test.Release.TestReleasePanGaea" name="TestMustHaveSingleSeigneurCosmos" /></UnitTest><UnitTest name="TestDoNotRemoveStocksWithBirthDateNotAt_1990_01_01" storage="e:\code\_migrated\quantplatform\qtg\universegeneratortest\bin\debug\netcoreapp2.0\publish\universegenerator.test.dll" id="5fe332ad-22e2-4c08-9143-10680bff571b"><Execution id="d4c90a95-9800-430b-8040-1e104a58df4a" /><TestMethod codeBase="E:\code\_migrated\QuantPlatform\QTG\UniverseGeneratorTest\bin\Debug\netcoreapp2.0\publish\UniverseGenerator.Test.dll" adapterTypeName="executor://nunit3testexecutor/" className="UniverseGenerator.Test.Filter.TestBirthDateConfiguredFilter" name="TestDoNotRemoveStocksWithBirthDateNotAt_1990_01_01" /></UnitTest><UnitTest name="TestLastBucket" storage="e:\code\_migrated\quantplatform\qtg\universegeneratortest\bin\debug\netcoreapp2.0\publish\universegenerator.test.dll" id="cd45b653-2726-425d-8a6b-d177a87b9797"><Execution id="5b1f6371-4418-4561-8e21-9e120e162b12" /><TestMethod codeBase="E:\code\_migrated\QuantPlatform\QTG\UniverseGeneratorTest\bin\Debug\netcoreapp2.0\publish\UniverseGenerator.Test.dll" adapterTypeName="executor://nunit3testexecutor/" className="UniverseGenerator.Test.Mean.TestBucketed" name="TestLastBucket" /></UnitTest><UnitTest name="TestMultipleEntries" storage="e:\code\_migrated\quantplatform\qtg\universegeneratortest\bin\debug\netcoreapp2.0\publish\universegenerator.test.dll" id="6bad8813-a10d-4a90-aa7f-d8a5305ddd75"><Execution id="3b238e8d-572a-46f8-b710-92a6f0302167" /><TestMethod codeBase="E:\code\_migrated\QuantPlatform\QTG\UniverseGeneratorTest\bin\Debug\netcoreapp2.0\publish\UniverseGenerator.Test.dll" adapterTypeName="executor://nunit3testexecutor/" className="UniverseGenerator.Test.Futures.TestFutureContractTradingData" name="TestMultipleEntries" /></UnitTest><UnitTest name="TestDiffEarlierAddition_FirstExpiresEarlier" storage="e:\code\_migrated\quantplatform\qtg\universegeneratortest\bin\debug\netcoreapp2.0\publish\universegenerator.test.dll" id="2379630d-9e0b-446d-9029-f22ac51e6014"><Execution id="559e336c-df6e-4617-b154-cd014ddbaa5c" /><TestMethod codeBase="E:\code\_migrated\QuantPlatform\QTG\UniverseGeneratorTest\bin\Debug\netcoreapp2.0\publish\UniverseGenerator.Test.dll" adapterTypeName="executor://nunit3testexecutor/" className="UniverseGenerator.Test.InclusionDate.TestDiffDatesForDataSync" name="TestDiffEarlierAddition_FirstExpiresEarlier" /></UnitTest><UnitTest name="TestFetchStocks_OnlyValidExchanges_AndOnlyValidSecurityTypes" storage="e:\code\_migrated\quantplatform\qtg\universegeneratortest\bin\debug\netcoreapp2.0\publish\universegenerator.test.dll" id="1387197d-0445-4500-a711-47cb7fdf67c5"><Execution id="c86ca69b-9eb0-4022-811a-3dda1d218bdc" /><TestMethod codeBase="E:\code\_migrated\QuantPlatform\QTG\UniverseGeneratorTest\bin\Debug\netcoreapp2.0\publish\UniverseGenerator.Test.dll" adapterTypeName="executor://nunit3testexecutor/" className="UniverseGenerator.Test.TestUniverseStocksProvider" name="TestFetchStocks_OnlyValidExchanges_AndOnlyValidSecurityTypes" /></UnitTest><UnitTest name="TestWriteLiveMembersAndMembersIdeal(True,True)" storage="e:\code\_migrated\quantplatform\qtg\universegeneratortest\bin\debug\netcoreapp2.0\publish\universegenerator.test.dll" id="2e0cc6b4-c050-4529-83a0-e08a4e348ac5"><Execution id="eb3b6c8e-42de-4d8a-b042-ee227055024d" /><TestMethod codeBase="E:\code\_migrated\QuantPlatform\QTG\UniverseGeneratorTest\bin\Debug\netcoreapp2.0\publish\UniverseGenerator.Test.dll" adapterTypeName="executor://nunit3testexecutor/" className="UniverseGenerator.Test.Release.TestUniverseDatabaseWriter" name="TestWriteLiveMembersAndMembersIdeal(True,True)" /></UnitTest><UnitTest name="TestIsEligibleForRelease_SupersededNotEligible" storage="e:\code\_migrated\quantplatform\qtg\universegeneratortest\bin\debug\netcoreapp2.0\publish\universegenerator.test.dll" id="89545ccc-773c-4b2c-8ed1-c7d5a535187b"><Execution id="3fcaa613-9afa-4f64-bf71-5c4ab3711486" /><TestMethod codeBase="E:\code\_migrated\QuantPlatform\QTG\UniverseGeneratorTest\bin\Debug\netcoreapp2.0\publish\UniverseGenerator.Test.dll" adapterTypeName="executor://nunit3testexecutor/" className="UniverseGenerator.Test.Release.TestApprovalManager" name="TestIsEligibleForRelease_SupersededNotEligible" /></UnitTest><UnitTest name="TestBucketMonthExclusionFine_OutOfRange" storage="e:\code\_migrated\quantplatform\qtg\universegeneratortest\bin\debug\netcoreapp2.0\publish\universegenerator.test.dll" id="118f56ff-dc2c-4494-a85d-350d0c43736f"><Execution id="b16930c9-f399-4aa9-87fa-8f1a0f59a81f" /><TestMethod codeBase="E:\code\_migrated\QuantPlatform\QTG\UniverseGeneratorTest\bin\Debug\netcoreapp2.0\publish\UniverseGenerator.Test.dll" adapterTypeName="executor://nunit3testexecutor/" className="UniverseGenerator.Test.InclusionDate.TestInclusionDates" name="TestBucketMonthExclusionFine_OutOfRange" /></UnitTest><UnitTest name="TestCreateAuxiliaryMembers_SingleFutureContract_FilterOutEmptyRic" storage="e:\code\_migrated\quantplatform\qtg\universegeneratortest\bin\debug\netcoreapp2.0\publish\universegenerator.test.dll" id="dcc7cbbc-1517-463d-bba2-f04a43791b37"><Execution id="2ff1c6fe-b8e2-4ffd-8910-815904233e7a" /><TestMethod codeBase="E:\code\_migrated\QuantPlatform\QTG\UniverseGeneratorTest\bin\Debug\netcoreapp2.0\publish\UniverseGenerator.Test.dll" adapterTypeName="executor://nunit3testexecutor/" className="UniverseGenerator.Test.Members.TestAuxiliaryMembers" name="TestCreateAuxiliaryMembers_SingleFutureContract_FilterOutEmptyRic" /></UnitTest><UnitTest name="TestLiveMembersForExecution" storage="e:\code\_migrated\quantplatform\qtg\universegeneratortest\bin\debug\netcoreapp2.0\publish\universegenerator.test.dll" id="22ad71b9-36fb-4a17-acd1-3618cca96251"><Execution id="2cdc6113-6f65-4fdc-852d-fcb097a85021" /><TestMethod codeBase="E:\code\_migrated\QuantPlatform\QTG\UniverseGeneratorTest\bin\Debug\netcoreapp2.0\publish\UniverseGenerator.Test.dll" adapterTypeName="executor://nunit3testexecutor/" className="UniverseGenerator.Test.TestUniverseConfig" name="TestLiveMembersForExecution" /></UnitTest><UnitTest name="TestInclusiveBucketDates_Fine" storage="e:\code\_migrated\quantplatform\qtg\universegeneratortest\bin\debug\netcoreapp2.0\publish\universegenerator.test.dll" id="52c7ad9a-8998-4b37-aef3-721741778e85"><Execution id="9b1d29a5-f9b2-4a29-9b7d-f4360fb1930c" /><TestMethod codeBase="E:\code\_migrated\QuantPlatform\QTG\UniverseGeneratorTest\bin\Debug\netcoreapp2.0\publish\UniverseGenerator.Test.dll" adapterTypeName="executor://nunit3testexecutor/" className="UniverseGenerator.Test.Mean.TestBucketed" name="TestInclusiveBucketDates_Fine" /></UnitTest><UnitTest name="TestGenerateMembersHistoric_From2018-01-01_WithoutMembersIdeal_WithEmptyExistingMembersHistoric" storage="e:\code\_migrated\quantplatform\qtg\universegeneratortest\bin\debug\netcoreapp2.0\publish\universegenerator.test.dll" id="42342f27-b762-485b-a0e6-8ea58531ad3f"><Execution id="4fe2cbcd-5183-4648-bae2-8cfa9b77808e" /><TestMethod codeBase="E:\code\_migrated\QuantPlatform\QTG\UniverseGeneratorTest\bin\Debug\netcoreapp2.0\publish\UniverseGenerator.Test.dll" adapterTypeName="executor://nunit3testexecutor/" className="UniverseGenerator.Test.TestQtgMembersHistoricGenerator" name="TestGenerateMembersHistoric_From2018-01-01_WithoutMembersIdeal_WithEmptyExistingMembersHistoric" /></UnitTest><UnitTest name="TestDiffsWithReasonsWhenFirstIncluded" storage="e:\code\_migrated\quantplatform\qtg\universegeneratortest\bin\debug\netcoreapp2.0\publish\universegenerator.test.dll" id="71d80a8b-52d9-470b-87e7-cc09d180e811"><Execution id="ad5a0205-7647-4bbe-a521-36ae28753f04" /><TestMethod codeBase="E:\code\_migrated\QuantPlatform\QTG\UniverseGeneratorTest\bin\Debug\netcoreapp2.0\publish\UniverseGenerator.Test.dll" adapterTypeName="executor://nunit3testexecutor/" className="UniverseGenerator.Test.InclusionDate.TestDiffInclusionDates" name="TestDiffsWithReasonsWhenFirstIncluded" /></UnitTest><UnitTest name="TestKeepStockOnThreshold" storage="e:\code\_migrated\quantplatform\qtg\universegeneratortest\bin\debug\netcoreapp2.0\publish\universegenerator.test.dll" id="470b16cd-9836-4d66-a7e9-13244a1dbd4e"><Execution id="1916b1da-89f4-4153-beba-a98962d7c537" /><TestMethod codeBase="E:\code\_migrated\QuantPlatform\QTG\UniverseGeneratorTest\bin\Debug\netcoreapp2.0\publish\UniverseGenerator.Test.dll" adapterTypeName="executor://nunit3testexecutor/" className="UniverseGenerator.Test.Filter.TestSmallPriceFilter" name="TestKeepStockOnThreshold" /></UnitTest><UnitTest name="TestDoNotSyncWhenEquityShortTerm(EquityUsingFuturesShortTerm)" storage="e:\code\_migrated\quantplatform\qtg\universegeneratortest\bin\debug\netcoreapp2.0\publish\universegenerator.test.dll" id="a1780fc5-8b2b-4ddd-8d4b-1483d81c9f7d"><Execution id="a2d5501a-3fd8-48e2-882a-9ee28973bc1c" /><TestMethod codeBase="E:\code\_migrated\QuantPlatform\QTG\UniverseGeneratorTest\bin\Debug\netcoreapp2.0\publish\UniverseGenerator.Test.dll" adapterTypeName="executor://nunit3testexecutor/" className="UniverseGenerator.Test.Release.TestReleasePanGaea" name="TestDoNotSyncWhenEquityShortTerm(EquityUsingFuturesShortTerm)" /></UnitTest><UnitTest name="TestBufferSize" storage="e:\code\_migrated\quantplatform\qtg\universegeneratortest\bin\debug\netcoreapp2.0\publish\universegenerator.test.dll" id="0c84eb2a-4e7f-4d93-93af-d48b7a5f4686"><Execution id="559ce2bd-89ab-43f8-93dd-471d04733e77" /><TestMethod codeBase="E:\code\_migrated\QuantPlatform\QTG\UniverseGeneratorTest\bin\Debug\netcoreapp2.0\publish\UniverseGenerator.Test.dll" adapterTypeName="executor://nunit3testexecutor/" className="UniverseGenerator.Test.TestCircularDateBuffer" name="TestBufferSize" /></UnitTest><UnitTest name="TestDeletionMultipleReasons" storage="e:\code\_migrated\quantplatform\qtg\universegeneratortest\bin\debug\netcoreapp2.0\publish\universegenerator.test.dll" id="61749556-c5d9-4a2d-84f2-09f1c30abf39"><Execution id="f74b8b1a-2b38-4c6c-92ac-6654424d7507" /><TestMethod codeBase="E:\code\_migrated\QuantPlatform\QTG\UniverseGeneratorTest\bin\Debug\netcoreapp2.0\publish\UniverseGenerator.Test.dll" adapterTypeName="executor://nunit3testexecutor/" className="UniverseGenerator.Test.InclusionDate.TestDiffDatesForDataSync" name="TestDeletionMultipleReasons" /></UnitTest><UnitTest name="TestDatesForExcluded" storage="e:\code\_migrated\quantplatform\qtg\universegeneratortest\bin\debug\netcoreapp2.0\publish\universegenerator.test.dll" id="0043f99b-2904-4672-8de8-b122349d109a"><Execution id="5730cd51-f2a2-4a41-8ea0-63f9c862c689" /><TestMethod codeBase="E:\code\_migrated\QuantPlatform\QTG\UniverseGeneratorTest\bin\Debug\netcoreapp2.0\publish\UniverseGenerator.Test.dll" adapterTypeName="executor://nunit3testexecutor/" className="UniverseGenerator.Test.InclusionDate.TestInclusionDates" name="TestDatesForExcluded" /></UnitTest><UnitTest name="TestSingleEntry_Start" storage="e:\code\_migrated\quantplatform\qtg\universegeneratortest\bin\debug\netcoreapp2.0\publish\universegenerator.test.dll" id="1fd6ea39-3095-4fef-afa3-f4e83cc9a399"><Execution id="5abe6233-10e0-4433-854e-013f94e248be" /><TestMethod codeBase="E:\code\_migrated\QuantPlatform\QTG\UniverseGeneratorTest\bin\Debug\netcoreapp2.0\publish\UniverseGenerator.Test.dll" adapterTypeName="executor://nunit3testexecutor/" className="UniverseGenerator.Test.Futures.Mean.TestSumValidDays" name="TestSingleEntry_Start" /></UnitTest><UnitTest name="TestInUniverse" storage="e:\code\_migrated\quantplatform\qtg\universegeneratortest\bin\debug\netcoreapp2.0\publish\universegenerator.test.dll" id="27086b75-f399-4f16-b0aa-44dabf781d22"><Execution id="41f35776-670f-45df-b48b-42877f2ddc7f" /><TestMethod codeBase="E:\code\_migrated\QuantPlatform\QTG\UniverseGeneratorTest\bin\Debug\netcoreapp2.0\publish\UniverseGenerator.Test.dll" adapterTypeName="executor://nunit3testexecutor/" className="UniverseGenerator.Test.Filter.TestUniversePresenceFilter" name="TestInUniverse" /></UnitTest><UnitTest name="TestRelease_ForNoSync_Approved" storage="e:\code\_migrated\quantplatform\qtg\universegeneratortest\bin\debug\netcoreapp2.0\publish\universegenerator.test.dll" id="bcb6ebe7-e3b8-4132-8736-0cbbe8afc2a8"><Execution id="46835731-0885-4a0a-a1e8-0ee863f3d904" /><TestMethod codeBase="E:\code\_migrated\QuantPlatform\QTG\UniverseGeneratorTest\bin\Debug\netcoreapp2.0\publish\UniverseGenerator.Test.dll" adapterTypeName="executor://nunit3testexecutor/" className="UniverseGenerator.Test.Release.TestReleaseToLive" name="TestRelease_ForNoSync_Approved" /></UnitTest><UnitTest name="TestOutsideOfRangeAddOnFirst" storage="e:\code\_migrated\quantplatform\qtg\universegeneratortest\bin\debug\netcoreapp2.0\publish\universegenerator.test.dll" id="3bb9f9e5-383e-4a53-bb48-d24012c27cd9"><Execution id="21d62c0b-585f-4fb8-80a5-f74e44842af6" /><TestMethod codeBase="E:\code\_migrated\QuantPlatform\QTG\UniverseGeneratorTest\bin\Debug\netcoreapp2.0\publish\UniverseGenerator.Test.dll" adapterTypeName="executor://nunit3testexecutor/" className="UniverseGenerator.Test.InclusionDate.TestDiffDatesForDataSync" name="TestOutsideOfRangeAddOnFirst" /></UnitTest><UnitTest name="TestUnderlyingNotAStock" storage="e:\code\_migrated\quantplatform\qtg\universegeneratortest\bin\debug\netcoreapp2.0\publish\universegenerator.test.dll" id="eb2b8e87-a6b2-4317-b873-72d719f61392"><Execution id="4ee6cfe7-ce0e-4f5e-8db7-238d4babd943" /><TestMethod codeBase="E:\code\_migrated\QuantPlatform\QTG\UniverseGeneratorTest\bin\Debug\netcoreapp2.0\publish\UniverseGenerator.Test.dll" adapterTypeName="executor://nunit3testexecutor/" className="UniverseGenerator.Test.Filter.SyntheticFuture.TestUnderlyingMembershipDatesFilter" name="TestUnderlyingNotAStock" /></UnitTest><UnitTest name="TestHandleLockedUniverse_EmailExecutionIfDataOpsApproved" storage="e:\code\_migrated\quantplatform\qtg\universegeneratortest\bin\debug\netcoreapp2.0\publish\universegenerator.test.dll" id="2dcd85fd-5ae3-4c25-ba6e-2174bd88b6fe"><Execution id="59a1951c-fe86-4358-874e-76fe243a7ad0" /><TestMethod codeBase="E:\code\_migrated\QuantPlatform\QTG\UniverseGeneratorTest\bin\Debug\netcoreapp2.0\publish\UniverseGenerator.Test.dll" adapterTypeName="executor://nunit3testexecutor/" className="UniverseGenerator.Test.Release.TestStocksUniverseHandler" name="TestHandleLockedUniverse_EmailExecutionIfDataOpsApproved" /></UnitTest><UnitTest name="TestRemoveDead_Middle" storage="e:\code\_migrated\quantplatform\qtg\universegeneratortest\bin\debug\netcoreapp2.0\publish\universegenerator.test.dll" id="d9c80ad5-55e5-4d8a-aac1-2084b9d20f8b"><Execution id="2410edbf-374e-4900-8bab-d4f9dbf902cc" /><TestMethod codeBase="E:\code\_migrated\QuantPlatform\QTG\UniverseGeneratorTest\bin\Debug\netcoreapp2.0\publish\UniverseGenerator.Test.dll" adapterTypeName="executor://nunit3testexecutor/" className="UniverseGenerator.Test.Filter.FutureContracts.TestFutureContractDeathDateFilter" name="TestRemoveDead_Middle" /></UnitTest><UnitTest name="TestGenerateMembersHistoric_From0001-01-01_WithMembersIdealOnExistingMembersHistoricEndDate_WithExistingMembersHistoricEndingWithAnAdd" storage="e:\code\_migrated\quantplatform\qtg\universegeneratortest\bin\debug\netcoreapp2.0\publish\universegenerator.test.dll" id="c1ce691f-2e5d-45d5-933b-8c6721360b93"><Execution id="7cf07878-7b7c-4701-bd45-fdaeffa512dd" /><TestMethod codeBase="E:\code\_migrated\QuantPlatform\QTG\UniverseGeneratorTest\bin\Debug\netcoreapp2.0\publish\UniverseGenerator.Test.dll" adapterTypeName="executor://nunit3testexecutor/" className="UniverseGenerator.Test.TestQtgMembersHistoricGenerator" name="TestGenerateMembersHistoric_From0001-01-01_WithMembersIdealOnExistingMembersHistoricEndDate_WithExistingMembersHistoricEndingWithAnAdd" /></UnitTest><UnitTest name="TestGenerateMembersHistoric_From0001-01-01_WithEmptyMembersIdeal_WithExistingMembersHistoric" storage="e:\code\_migrated\quantplatform\qtg\universegeneratortest\bin\debug\netcoreapp2.0\publish\universegenerator.test.dll" id="07792f2f-6002-4ddc-8a02-289f7d452451"><Execution id="6b66b193-9cfc-4ea1-8abe-d2b7a38ef811" /><TestMethod codeBase="E:\code\_migrated\QuantPlatform\QTG\UniverseGeneratorTest\bin\Debug\netcoreapp2.0\publish\UniverseGenerator.Test.dll" adapterTypeName="executor://nunit3testexecutor/" className="UniverseGenerator.Test.TestQtgMembersHistoricGenerator" name="TestGenerateMembersHistoric_From0001-01-01_WithEmptyMembersIdeal_WithExistingMembersHistoric" /></UnitTest><UnitTest name="TestMembersPending" storage="e:\code\_migrated\quantplatform\qtg\universegeneratortest\bin\debug\netcoreapp2.0\publish\universegenerator.test.dll" id="d075ea1b-d8e7-4a16-97d5-fb3d5d77f168"><Execution id="2e6017f3-ff39-4c84-832b-fee13304cd1f" /><TestMethod codeBase="E:\code\_migrated\QuantPlatform\QTG\UniverseGeneratorTest\bin\Debug\netcoreapp2.0\publish\UniverseGenerator.Test.dll" adapterTypeName="executor://nunit3testexecutor/" className="UniverseGenerator.Test.Release.TestMemberFields" name="TestMembersPending" /></UnitTest><UnitTest name="TestEmailLockedUniverse_Execution" storage="e:\code\_migrated\quantplatform\qtg\universegeneratortest\bin\debug\netcoreapp2.0\publish\universegenerator.test.dll" id="8dfa890c-7fb1-4bbf-b3dd-73fce3198631"><Execution id="c8fba614-50ce-4f67-aa3d-6eeaf4de7b7e" /><TestMethod codeBase="E:\code\_migrated\QuantPlatform\QTG\UniverseGeneratorTest\bin\Debug\netcoreapp2.0\publish\UniverseGenerator.Test.dll" adapterTypeName="executor://nunit3testexecutor/" className="UniverseGenerator.Test.Release.TestReleaseApprove" name="TestEmailLockedUniverse_Execution" /></UnitTest><UnitTest name="TestDoNotApproveWhenNoEntryForExecution" storage="e:\code\_migrated\quantplatform\qtg\universegeneratortest\bin\debug\netcoreapp2.0\publish\universegenerator.test.dll" id="ee522eae-4309-4def-bcc1-ec11061c7921"><Execution id="e5c28a7c-57f2-472a-8405-370429ff3e07" /><TestMethod codeBase="E:\code\_migrated\QuantPlatform\QTG\UniverseGeneratorTest\bin\Debug\netcoreapp2.0\publish\UniverseGenerator.Test.dll" adapterTypeName="executor://nunit3testexecutor/" className="UniverseGenerator.Test.Release.TestReleaseApprove" name="TestDoNotApproveWhenNoEntryForExecution" /></UnitTest><UnitTest name="TestCorrectlyApplyEndDate_EndDefinedAfterMaxDate" storage="e:\code\_migrated\quantplatform\qtg\universegeneratortest\bin\debug\netcoreapp2.0\publish\universegenerator.test.dll" id="6fc80d21-02d7-42a3-82f6-85761e1d8559"><Execution id="d260a067-2183-4d33-b375-d06967c0b614" /><TestMethod codeBase="E:\code\_migrated\QuantPlatform\QTG\UniverseGeneratorTest\bin\Debug\netcoreapp2.0\publish\UniverseGenerator.Test.dll" adapterTypeName="executor://nunit3testexecutor/" className="UniverseGenerator.Test.InclusionDate.Converter.TestInclusionDatesConverter" name="TestCorrectlyApplyEndDate_EndDefinedAfterMaxDate" /></UnitTest><UnitTest name="TestGenerateMembersHistoric_From2010-01-01_WithMembersIdealAroundExistingMembersHistoricEndDate_WithoutExistingMembersHistoric" storage="e:\code\_migrated\quantplatform\qtg\universegeneratortest\bin\debug\netcoreapp2.0\publish\universegenerator.test.dll" id="54d6ed34-2d5f-4f1a-a6e3-d5ffe9b119a4"><Execution id="573af25e-4917-4a59-b71c-1d94ff065318" /><TestMethod codeBase="E:\code\_migrated\QuantPlatform\QTG\UniverseGeneratorTest\bin\Debug\netcoreapp2.0\publish\UniverseGenerator.Test.dll" adapterTypeName="executor://nunit3testexecutor/" className="UniverseGenerator.Test.TestQtgMembersHistoricGenerator" name="TestGenerateMembersHistoric_From2010-01-01_WithMembersIdealAroundExistingMembersHistoricEndDate_WithoutExistingMembersHistoric" /></UnitTest><UnitTest name="TestDoNotSyncWhenEquityShortTerm(EquityLongTerm)" storage="e:\code\_migrated\quantplatform\qtg\universegeneratortest\bin\debug\netcoreapp2.0\publish\universegenerator.test.dll" id="0cc7f81b-7140-4165-8b12-5af4e48b32c6"><Execution id="09715f29-8e25-4f61-b749-2b4b84055075" /><TestMethod codeBase="E:\code\_migrated\QuantPlatform\QTG\UniverseGeneratorTest\bin\Debug\netcoreapp2.0\publish\UniverseGenerator.Test.dll" adapterTypeName="executor://nunit3testexecutor/" className="UniverseGenerator.Test.Release.TestReleasePanGaea" name="TestDoNotSyncWhenEquityShortTerm(EquityLongTerm)" /></UnitTest><UnitTest name="TestDateRangeInclusivity" storage="e:\code\_migrated\quantplatform\qtg\universegeneratortest\bin\debug\netcoreapp2.0\publish\universegenerator.test.dll" id="ed4b02c4-9b7e-46bd-9184-faa37a3c2c6c"><Execution id="968201ca-bf94-4c6c-bbbc-0520e6fa7f47" /><TestMethod codeBase="E:\code\_migrated\QuantPlatform\QTG\UniverseGeneratorTest\bin\Debug\netcoreapp2.0\publish\UniverseGenerator.Test.dll" adapterTypeName="executor://nunit3testexecutor/" className="UniverseGenerator.Test.InclusionDate.TestDateRangeExt" name="TestDateRangeInclusivity" /></UnitTest><UnitTest name="TestInUniverse" storage="e:\code\_migrated\quantplatform\qtg\universegeneratortest\bin\debug\netcoreapp2.0\publish\universegenerator.test.dll" id="6f9498ba-4efb-46d9-bf65-f154019c6012"><Execution id="58dd1251-4506-4026-9fd8-fd43e5fcb2c7" /><TestMethod codeBase="E:\code\_migrated\QuantPlatform\QTG\UniverseGeneratorTest\bin\Debug\netcoreapp2.0\publish\UniverseGenerator.Test.dll" adapterTypeName="executor://nunit3testexecutor/" className="UniverseGenerator.Test.Filter.FutureContracts.TestFutureContractUniversePresenceFilter" name="TestInUniverse" /></UnitTest><UnitTest name="TestWithExistingMembersOnly_BeforeToday_Included" storage="e:\code\_migrated\quantplatform\qtg\universegeneratortest\bin\debug\netcoreapp2.0\publish\universegenerator.test.dll" id="0b46f97e-20ba-4859-8c8b-8467ef65566f"><Execution id="1c0b80ed-c0e2-4510-9318-31adfc02f418" /><TestMethod codeBase="E:\code\_migrated\QuantPlatform\QTG\UniverseGeneratorTest\bin\Debug\netcoreapp2.0\publish\UniverseGenerator.Test.dll" adapterTypeName="executor://nunit3testexecutor/" className="UniverseGenerator.Test.Futures.TestMembersForExecutionProvider" name="TestWithExistingMembersOnly_BeforeToday_Included" /></UnitTest><UnitTest name="TestNoIdeal" storage="e:\code\_migrated\quantplatform\qtg\universegeneratortest\bin\debug\netcoreapp2.0\publish\universegenerator.test.dll" id="a65b8310-a505-4624-928e-1ec120875628"><Execution id="cb7561aa-214d-4aed-a322-aa429243bf98" /><TestMethod codeBase="E:\code\_migrated\QuantPlatform\QTG\UniverseGeneratorTest\bin\Debug\netcoreapp2.0\publish\UniverseGenerator.Test.dll" adapterTypeName="executor://nunit3testexecutor/" className="UniverseGenerator.Test.Members.TestMembersProvider" name="TestNoIdeal" /></UnitTest><UnitTest name="TestEmptyFutures" storage="e:\code\_migrated\quantplatform\qtg\universegeneratortest\bin\debug\netcoreapp2.0\publish\universegenerator.test.dll" id="3278961e-95f8-4149-a899-26a3e307f289"><Execution id="ac609417-5bf4-43d7-8658-8ac910003b0b" /><TestMethod codeBase="E:\code\_migrated\QuantPlatform\QTG\UniverseGeneratorTest\bin\Debug\netcoreapp2.0\publish\UniverseGenerator.Test.dll" adapterTypeName="executor://nunit3testexecutor/" className="UniverseGenerator.Test.Members.SyntheticFutures.Creator.TestNewSyntheticFuturesMapper" name="TestEmptyFutures" /></UnitTest><UnitTest name="TestNoExchanges" storage="e:\code\_migrated\quantplatform\qtg\universegeneratortest\bin\debug\netcoreapp2.0\publish\universegenerator.test.dll" id="a0d0449c-ad58-48ca-91fc-9aa20e21055c"><Execution id="50018f18-3322-4d95-afef-684c6e78f118" /><TestMethod codeBase="E:\code\_migrated\QuantPlatform\QTG\UniverseGeneratorTest\bin\Debug\netcoreapp2.0\publish\UniverseGenerator.Test.dll" adapterTypeName="executor://nunit3testexecutor/" className="UniverseGenerator.Test.TestUniverseStocksProvider" name="TestNoExchanges" /></UnitTest><UnitTest name="TestSetDepartmentApprovalState(BackOffice,Requested)" storage="e:\code\_migrated\quantplatform\qtg\universegeneratortest\bin\debug\netcoreapp2.0\publish\universegenerator.test.dll" id="df7bd019-95c7-4df4-b399-9c4b2a21a1a6"><Execution id="5384e35b-a1df-4419-9046-b36cca16a2c7" /><TestMethod codeBase="E:\code\_migrated\QuantPlatform\QTG\UniverseGeneratorTest\bin\Debug\netcoreapp2.0\publish\UniverseGenerator.Test.dll" adapterTypeName="executor://nunit3testexecutor/" className="UniverseGenerator.Test.Release.TestApprovalManager" name="TestSetDepartmentApprovalState(BackOffice,Requested)" /></UnitTest><UnitTest name="TestFetchStocks_OnlyValidExchanges_MultipleExchangesAndStocks" storage="e:\code\_migrated\quantplatform\qtg\universegeneratortest\bin\debug\netcoreapp2.0\publish\universegenerator.test.dll" id="72b27611-58e7-4b86-a1f0-ec2ec2eafd2d"><Execution id="5aeaaa6f-37de-43f2-a8db-7bfe044c9e24" /><TestMethod codeBase="E:\code\_migrated\QuantPlatform\QTG\UniverseGeneratorTest\bin\Debug\netcoreapp2.0\publish\UniverseGenerator.Test.dll" adapterTypeName="executor://nunit3testexecutor/" className="UniverseGenerator.Test.TestUniverseStocksProvider" name="TestFetchStocks_OnlyValidExchanges_MultipleExchangesAndStocks" /></UnitTest><UnitTest name="TestFetchAll_NoneFound" storage="e:\code\_migrated\quantplatform\qtg\universegeneratortest\bin\debug\netcoreapp2.0\publish\universegenerator.test.dll" id="dcd4c4ea-46e4-43ba-9d8c-d2e355b34706"><Execution id="17eba1ca-7d50-4583-a297-9a37748d0fd1" /><TestMethod codeBase="E:\code\_migrated\QuantPlatform\QTG\UniverseGeneratorTest\bin\Debug\netcoreapp2.0\publish\UniverseGenerator.Test.dll" adapterTypeName="executor://nunit3testexecutor/" className="UniverseGenerator.Test.TestDataStoreObjectsProvider" name="TestFetchAll_NoneFound" /></UnitTest><UnitTest name="TestBackfillTo_Excluded" storage="e:\code\_migrated\quantplatform\qtg\universegeneratortest\bin\debug\netcoreapp2.0\publish\universegenerator.test.dll" id="941c6c11-e93d-45bb-b82b-b172b131f979"><Execution id="a507eb42-9903-47db-8541-d155c87987ff" /><TestMethod codeBase="E:\code\_migrated\QuantPlatform\QTG\UniverseGeneratorTest\bin\Debug\netcoreapp2.0\publish\UniverseGenerator.Test.dll" adapterTypeName="executor://nunit3testexecutor/" className="UniverseGenerator.Test.InclusionDate.TestInclusionDatesExt" name="TestBackfillTo_Excluded" /></UnitTest><UnitTest name="TestRemoveNotMatchingEntriesWritingCollection" storage="e:\code\_migrated\quantplatform\qtg\universegeneratortest\bin\debug\netcoreapp2.0\publish\universegenerator.test.dll" id="955d645c-b09b-4e96-8175-07c203d707b1"><Execution id="83bd9972-d38d-44d1-94e9-a2c8878957a2" /><TestMethod codeBase="E:\code\_migrated\QuantPlatform\QTG\UniverseGeneratorTest\bin\Debug\netcoreapp2.0\publish\UniverseGenerator.Test.dll" adapterTypeName="executor://nunit3testexecutor/" className="UniverseGenerator.Test.Release.TestDbCloner" name="TestRemoveNotMatchingEntriesWritingCollection" /></UnitTest><UnitTest name="TestMonthsInBucket_Fine" storage="e:\code\_migrated\quantplatform\qtg\universegeneratortest\bin\debug\netcoreapp2.0\publish\universegenerator.test.dll" id="378df262-993c-41cb-9f14-05f95bd882ca"><Execution id="299bba37-d3d7-4e54-9e72-fdad6b427ade" /><TestMethod codeBase="E:\code\_migrated\QuantPlatform\QTG\UniverseGeneratorTest\bin\Debug\netcoreapp2.0\publish\UniverseGenerator.Test.dll" adapterTypeName="executor://nunit3testexecutor/" className="UniverseGenerator.Test.Mean.TestBucketed" name="TestMonthsInBucket_Fine" /></UnitTest><UnitTest name="TestGenerateMembersHistoric_From0001-01-01_WithEmptyMembersIdeal_WithExistingMembersHistoricEndingWithAnAdd" storage="e:\code\_migrated\quantplatform\qtg\universegeneratortest\bin\debug\netcoreapp2.0\publish\universegenerator.test.dll" id="4c8c36eb-8e3e-48f5-a190-69339cb66f5f"><Execution id="21071154-7185-4cfb-995d-010a2f570d49" /><TestMethod codeBase="E:\code\_migrated\QuantPlatform\QTG\UniverseGeneratorTest\bin\Debug\netcoreapp2.0\publish\UniverseGenerator.Test.dll" adapterTypeName="executor://nunit3testexecutor/" className="UniverseGenerator.Test.TestQtgMembersHistoricGenerator" name="TestGenerateMembersHistoric_From0001-01-01_WithEmptyMembersIdeal_WithExistingMembersHistoricEndingWithAnAdd" /></UnitTest><UnitTest name="TestPendingAuxiliaryMembers" storage="e:\code\_migrated\quantplatform\qtg\universegeneratortest\bin\debug\netcoreapp2.0\publish\universegenerator.test.dll" id="c9f26c2b-910d-439a-9baf-d09353ec1855"><Execution id="fbadc08b-3779-49ea-876b-f0dc3dc728d4" /><TestMethod codeBase="E:\code\_migrated\QuantPlatform\QTG\UniverseGeneratorTest\bin\Debug\netcoreapp2.0\publish\UniverseGenerator.Test.dll" adapterTypeName="executor://nunit3testexecutor/" className="UniverseGenerator.Test.Members.TestUniverseMembers" name="TestPendingAuxiliaryMembers" /></UnitTest><UnitTest name="TestMissingData" storage="e:\code\_migrated\quantplatform\qtg\universegeneratortest\bin\debug\netcoreapp2.0\publish\universegenerator.test.dll" id="6ee61802-7921-470c-95be-c418df9a0743"><Execution id="33594091-93af-4b2d-b901-9e58d632963a" /><TestMethod codeBase="E:\code\_migrated\QuantPlatform\QTG\UniverseGeneratorTest\bin\Debug\netcoreapp2.0\publish\UniverseGenerator.Test.dll" adapterTypeName="executor://nunit3testexecutor/" className="UniverseGenerator.Test.Filter.FutureContracts.TestFutureContractLiquidityCriteria" name="TestMissingData" /></UnitTest><UnitTest name="TestSetDepartmentApprovalState(BackOffice,Approved)" storage="e:\code\_migrated\quantplatform\qtg\universegeneratortest\bin\debug\netcoreapp2.0\publish\universegenerator.test.dll" id="52ea0888-f3c3-4252-95e0-f0a5ef46f7b8"><Execution id="96ff5d8e-f3b1-4530-9396-903dc49712f8" /><TestMethod codeBase="E:\code\_migrated\QuantPlatform\QTG\UniverseGeneratorTest\bin\Debug\netcoreapp2.0\publish\UniverseGenerator.Test.dll" adapterTypeName="executor://nunit3testexecutor/" className="UniverseGenerator.Test.Release.TestApprovalManager" name="TestSetDepartmentApprovalState(BackOffice,Approved)" /></UnitTest><UnitTest name="TestBackfillTo_Included" storage="e:\code\_migrated\quantplatform\qtg\universegeneratortest\bin\debug\netcoreapp2.0\publish\universegenerator.test.dll" id="35b1c231-dae5-4746-b6d8-c3f53698ff0a"><Execution id="6e2896e0-2d78-4652-bb28-95354cf15c99" /><TestMethod codeBase="E:\code\_migrated\QuantPlatform\QTG\UniverseGeneratorTest\bin\Debug\netcoreapp2.0\publish\UniverseGenerator.Test.dll" adapterTypeName="executor://nunit3testexecutor/" className="UniverseGenerator.Test.InclusionDate.TestInclusionDatesExt" name="TestBackfillTo_Included" /></UnitTest><UnitTest name="TestApprovalState_Missing" storage="e:\code\_migrated\quantplatform\qtg\universegeneratortest\bin\debug\netcoreapp2.0\publish\universegenerator.test.dll" id="f9fe6368-dbd8-426a-861e-7e654d105f51"><Execution id="c877cdd8-2825-47e5-b597-c54ca0b148aa" /><TestMethod codeBase="E:\code\_migrated\QuantPlatform\QTG\UniverseGeneratorTest\bin\Debug\netcoreapp2.0\publish\UniverseGenerator.Test.dll" adapterTypeName="executor://nunit3testexecutor/" className="UniverseGenerator.Test.TestUniverseConfig" name="TestApprovalState_Missing" /></UnitTest><UnitTest name="TestGenerateMembersHistoric_From2018-01-01_WithEmptyMembersIdeal_WithExistingMembersHistoric" storage="e:\code\_migrated\quantplatform\qtg\universegeneratortest\bin\debug\netcoreapp2.0\publish\universegenerator.test.dll" id="6ac21f22-4ccd-4b96-87fa-0f2f6fa16726"><Execution id="b3a7336b-6928-4f6a-85a4-654130cd6f58" /><TestMethod codeBase="E:\code\_migrated\QuantPlatform\QTG\UniverseGeneratorTest\bin\Debug\netcoreapp2.0\publish\UniverseGenerator.Test.dll" adapterTypeName="executor://nunit3testexecutor/" className="UniverseGenerator.Test.TestQtgMembersHistoricGenerator" name="TestGenerateMembersHistoric_From2018-01-01_WithEmptyMembersIdeal_WithExistingMembersHistoric" /></UnitTest><UnitTest name="TestGenerateMembersHistoric_From0001-01-01_WithoutMembersIdeal_WithEmptyExistingMembersHistoric" storage="e:\code\_migrated\quantplatform\qtg\universegeneratortest\bin\debug\netcoreapp2.0\publish\universegenerator.test.dll" id="5ee51f21-54d9-41de-a759-03c2cf17a3fa"><Execution id="944d4c9f-2648-4f6e-9fd4-1e062d53234e" /><TestMethod codeBase="E:\code\_migrated\QuantPlatform\QTG\UniverseGeneratorTest\bin\Debug\netcoreapp2.0\publish\UniverseGenerator.Test.dll" adapterTypeName="executor://nunit3testexecutor/" className="UniverseGenerator.Test.TestQtgMembersHistoricGenerator" name="TestGenerateMembersHistoric_From0001-01-01_WithoutMembersIdeal_WithEmptyExistingMembersHistoric" /></UnitTest><UnitTest name="TestGenerateMembersHistoric_WithRandomlyGeneratedInputs_RunManually" storage="e:\code\_migrated\quantplatform\qtg\universegeneratortest\bin\debug\netcoreapp2.0\publish\universegenerator.test.dll" id="45be6188-7054-48fc-9c88-f58f490d06cf"><Execution id="3d651ba4-eeaa-4d4c-9749-0b9ce8212ea3" /><TestMethod codeBase="E:\code\_migrated\QuantPlatform\QTG\UniverseGeneratorTest\bin\Debug\netcoreapp2.0\publish\UniverseGenerator.Test.dll" adapterTypeName="executor://nunit3testexecutor/" className="UniverseGenerator.Test.TestQtgMembersHistoricGenerator" name="TestGenerateMembersHistoric_WithRandomlyGeneratedInputs_RunManually" /></UnitTest><UnitTest name="TestOutThenInThenOutAgain" storage="e:\code\_migrated\quantplatform\qtg\universegeneratortest\bin\debug\netcoreapp2.0\publish\universegenerator.test.dll" id="615e6f1b-9b27-4202-8033-21028f6ef6ff"><Execution id="375ef6b4-e271-486a-822b-298f1bfe2eab" /><TestMethod codeBase="E:\code\_migrated\QuantPlatform\QTG\UniverseGeneratorTest\bin\Debug\netcoreapp2.0\publish\UniverseGenerator.Test.dll" adapterTypeName="executor://nunit3testexecutor/" className="UniverseGenerator.Test.Filter.TestRemovePerUniverseFilter" name="TestOutThenInThenOutAgain" /></UnitTest><UnitTest name="TestWithCopiedExclusionReasons" storage="e:\code\_migrated\quantplatform\qtg\universegeneratortest\bin\debug\netcoreapp2.0\publish\universegenerator.test.dll" id="c7e6d031-829b-4eb7-8e37-446232b1def5"><Execution id="638fb00f-3c64-4569-967b-c63feab58a79" /><TestMethod codeBase="E:\code\_migrated\QuantPlatform\QTG\UniverseGeneratorTest\bin\Debug\netcoreapp2.0\publish\UniverseGenerator.Test.dll" adapterTypeName="executor://nunit3testexecutor/" className="UniverseGenerator.Test.InclusionDate.Converter.TestInclusionDatesConverter" name="TestWithCopiedExclusionReasons" /></UnitTest><UnitTest name="TestRemoveDead_Middle" storage="e:\code\_migrated\quantplatform\qtg\universegeneratortest\bin\debug\netcoreapp2.0\publish\universegenerator.test.dll" id="c21bc58c-efae-4d77-beca-7dd8c3beb642"><Execution id="c7d0feec-1348-4b98-8e45-5a4fddce5312" /><TestMethod codeBase="E:\code\_migrated\QuantPlatform\QTG\UniverseGeneratorTest\bin\Debug\netcoreapp2.0\publish\UniverseGenerator.Test.dll" adapterTypeName="executor://nunit3testexecutor/" className="UniverseGenerator.Test.Filter.TestDeathDateFilter" name="TestRemoveDead_Middle" /></UnitTest><UnitTest name="TestNoChanges_IncludedPartially" storage="e:\code\_migrated\quantplatform\qtg\universegeneratortest\bin\debug\netcoreapp2.0\publish\universegenerator.test.dll" id="649b6575-2a56-40c0-9f3b-21a9d193765f"><Execution id="ef48ca8e-1da4-40c2-bfc1-9fa822b7f07d" /><TestMethod codeBase="E:\code\_migrated\QuantPlatform\QTG\UniverseGeneratorTest\bin\Debug\netcoreapp2.0\publish\UniverseGenerator.Test.dll" adapterTypeName="executor://nunit3testexecutor/" className="UniverseGenerator.Test.Release.TestSyncIdeal" name="TestNoChanges_IncludedPartially" /></UnitTest><UnitTest name="TestInvalidExchange" storage="e:\code\_migrated\quantplatform\qtg\universegeneratortest\bin\debug\netcoreapp2.0\publish\universegenerator.test.dll" id="4a249c3e-bf34-47e0-b000-6f808423d191"><Execution id="4279a09f-0b7e-4827-8520-9c814ad578ac" /><TestMethod codeBase="E:\code\_migrated\QuantPlatform\QTG\UniverseGeneratorTest\bin\Debug\netcoreapp2.0\publish\UniverseGenerator.Test.dll" adapterTypeName="executor://nunit3testexecutor/" className="UniverseGenerator.Test.TestUniverseConfig" name="TestInvalidExchange" /></UnitTest><UnitTest name="TestPartiallyPresentStock" storage="e:\code\_migrated\quantplatform\qtg\universegeneratortest\bin\debug\netcoreapp2.0\publish\universegenerator.test.dll" id="1c372906-475c-4abb-aa91-f641e8f360fd"><Execution id="52cf0127-789d-4ad2-a38c-32ea789e311f" /><TestMethod codeBase="E:\code\_migrated\QuantPlatform\QTG\UniverseGeneratorTest\bin\Debug\netcoreapp2.0\publish\UniverseGenerator.Test.dll" adapterTypeName="executor://nunit3testexecutor/" className="UniverseGenerator.Test.InclusionDate.Converter.TestInclusionDatesConverter" name="TestPartiallyPresentStock" /></UnitTest><UnitTest name="TestDoNotAddOptionalErrorToApprovalRequests_BackOffice" storage="e:\code\_migrated\quantplatform\qtg\universegeneratortest\bin\debug\netcoreapp2.0\publish\universegenerator.test.dll" id="44a06486-98a5-43af-85c1-f5bd0ae2835f"><Execution id="73acaddd-ae58-4d4a-8f68-e098625bdd21" /><TestMethod codeBase="E:\code\_migrated\QuantPlatform\QTG\UniverseGeneratorTest\bin\Debug\netcoreapp2.0\publish\UniverseGenerator.Test.dll" adapterTypeName="executor://nunit3testexecutor/" className="UniverseGenerator.Test.Email.TestEmails" name="TestDoNotAddOptionalErrorToApprovalRequests_BackOffice" /></UnitTest><UnitTest name="TestDoNotSendIfNotFinancialDataGroup(BackOffice)" storage="e:\code\_migrated\quantplatform\qtg\universegeneratortest\bin\debug\netcoreapp2.0\publish\universegenerator.test.dll" id="80cad447-2c80-498d-95e1-3ef8f8f6e19f"><Execution id="c98972e4-bdfe-4428-aa09-a10347f0efbc" /><TestMethod codeBase="E:\code\_migrated\QuantPlatform\QTG\UniverseGeneratorTest\bin\Debug\netcoreapp2.0\publish\UniverseGenerator.Test.dll" adapterTypeName="executor://nunit3testexecutor/" className="UniverseGenerator.Test.Email.TestBadlyConfiguredSecuritiesReporter" name="TestDoNotSendIfNotFinancialDataGroup(BackOffice)" /></UnitTest><UnitTest name="TestExtensionOfExistingInThePastAndFuture" storage="e:\code\_migrated\quantplatform\qtg\universegeneratortest\bin\debug\netcoreapp2.0\publish\universegenerator.test.dll" id="98b1cb6e-58b4-4982-b947-de8aef179bf6"><Execution id="d968a4ca-8158-4b63-96e9-95e07248777c" /><TestMethod codeBase="E:\code\_migrated\QuantPlatform\QTG\UniverseGeneratorTest\bin\Debug\netcoreapp2.0\publish\UniverseGenerator.Test.dll" adapterTypeName="executor://nunit3testexecutor/" className="UniverseGenerator.Test.Members.TestQtgMembersGenerator" name="TestExtensionOfExistingInThePastAndFuture" /></UnitTest><UnitTest name="TestSendingRequestApprovalsIfNeeded_DoNotSend_Cancelled" storage="e:\code\_migrated\quantplatform\qtg\universegeneratortest\bin\debug\netcoreapp2.0\publish\universegenerator.test.dll" id="edd38d7d-be45-4613-b4b3-2c8e84d6bf78"><Execution id="d1d761b9-e8bd-4592-8465-2399fb77861f" /><TestMethod codeBase="E:\code\_migrated\QuantPlatform\QTG\UniverseGeneratorTest\bin\Debug\netcoreapp2.0\publish\UniverseGenerator.Test.dll" adapterTypeName="executor://nunit3testexecutor/" className="UniverseGenerator.Test.Email.TestEmails" name="TestSendingRequestApprovalsIfNeeded_DoNotSend_Cancelled" /></UnitTest><UnitTest name="TestSendReleaseApprovedEmailIfNeeded_Approved" storage="e:\code\_migrated\quantplatform\qtg\universegeneratortest\bin\debug\netcoreapp2.0\publish\universegenerator.test.dll" id="4e47531a-6e9c-45af-a067-4889c65849bf"><Execution id="398f9751-18f2-49ff-b2bd-597aabf61e52" /><TestMethod codeBase="E:\code\_migrated\QuantPlatform\QTG\UniverseGeneratorTest\bin\Debug\netcoreapp2.0\publish\UniverseGenerator.Test.dll" adapterTypeName="executor://nunit3testexecutor/" className="UniverseGenerator.Test.Email.TestEmails" name="TestSendReleaseApprovedEmailIfNeeded_Approved" /></UnitTest><UnitTest name="TestIntersection_PartiallyExcluded" storage="e:\code\_migrated\quantplatform\qtg\universegeneratortest\bin\debug\netcoreapp2.0\publish\universegenerator.test.dll" id="f5fc20d7-2cb3-472d-ad48-cb9788e19a0c"><Execution id="67101a8b-c093-417e-9e92-332c1a1f05cc" /><TestMethod codeBase="E:\code\_migrated\QuantPlatform\QTG\UniverseGeneratorTest\bin\Debug\netcoreapp2.0\publish\UniverseGenerator.Test.dll" adapterTypeName="executor://nunit3testexecutor/" className="UniverseGenerator.Test.InclusionDate.TestIntersectionInclusionDates" name="TestIntersection_PartiallyExcluded" /></UnitTest><UnitTest name="TestReportPartialExclusion" storage="e:\code\_migrated\quantplatform\qtg\universegeneratortest\bin\debug\netcoreapp2.0\publish\universegenerator.test.dll" id="03989ee5-0b80-405f-8317-c7590f182079"><Execution id="6f0e791d-7e3c-411c-b0af-af56efa625e5" /><TestMethod codeBase="E:\code\_migrated\QuantPlatform\QTG\UniverseGeneratorTest\bin\Debug\netcoreapp2.0\publish\UniverseGenerator.Test.dll" adapterTypeName="executor://nunit3testexecutor/" className="UniverseGenerator.Test.Filter.TestBadlyConfiguredSecurities" name="TestReportPartialExclusion" /></UnitTest><UnitTest name="TestViewBoundaries" storage="e:\code\_migrated\quantplatform\qtg\universegeneratortest\bin\debug\netcoreapp2.0\publish\universegenerator.test.dll" id="c027d618-1a35-4d1b-b4ab-bd811dfe5e4b"><Execution id="252efb10-42f5-4fb5-a403-7eb2f2b6ed08" /><TestMethod codeBase="E:\code\_migrated\QuantPlatform\QTG\UniverseGeneratorTest\bin\Debug\netcoreapp2.0\publish\UniverseGenerator.Test.dll" adapterTypeName="executor://nunit3testexecutor/" className="UniverseGenerator.Test.InclusionDate.TestInclusionDatesView" name="TestViewBoundaries" /></UnitTest><UnitTest name="TestStockWithNoCurrencyOrExchange" storage="e:\code\_migrated\quantplatform\qtg\universegeneratortest\bin\debug\netcoreapp2.0\publish\universegenerator.test.dll" id="046ef9a8-6173-469d-8377-ef18cbac089d"><Execution id="32664e6c-cc07-4b22-b7d4-c6f087b15491" /><TestMethod codeBase="E:\code\_migrated\QuantPlatform\QTG\UniverseGeneratorTest\bin\Debug\netcoreapp2.0\publish\UniverseGenerator.Test.dll" adapterTypeName="executor://nunit3testexecutor/" className="UniverseGenerator.Test.Filter.TestStockDataRequirements" name="TestStockWithNoCurrencyOrExchange" /></UnitTest><UnitTest name="TestConjunctionOverlapOneIncluded" storage="e:\code\_migrated\quantplatform\qtg\universegeneratortest\bin\debug\netcoreapp2.0\publish\universegenerator.test.dll" id="cf129ded-f4c6-4f87-9544-218f5e820a5a"><Execution id="56d7ee00-934d-435a-b587-f6b1977bd13a" /><TestMethod codeBase="E:\code\_migrated\QuantPlatform\QTG\UniverseGeneratorTest\bin\Debug\netcoreapp2.0\publish\UniverseGenerator.Test.dll" adapterTypeName="executor://nunit3testexecutor/" className="UniverseGenerator.Test.InclusionDate.TestIntersectionInclusionDates" name="TestConjunctionOverlapOneIncluded" /></UnitTest><UnitTest name="TestKeepIfEverBeenOnUniverseValidExchange" storage="e:\code\_migrated\quantplatform\qtg\universegeneratortest\bin\debug\netcoreapp2.0\publish\universegenerator.test.dll" id="11e4b4ee-6acd-489b-911a-5bf99615fc3a"><Execution id="2dd01362-748a-48aa-929d-e0c565ef7b55" /><TestMethod codeBase="E:\code\_migrated\QuantPlatform\QTG\UniverseGeneratorTest\bin\Debug\netcoreapp2.0\publish\UniverseGenerator.Test.dll" adapterTypeName="executor://nunit3testexecutor/" className="UniverseGenerator.Test.Members.SyntheticFutures.TestSyntheticFuturesProvider" name="TestKeepIfEverBeenOnUniverseValidExchange" /></UnitTest><UnitTest name="TestAddedInTheMiddleFromInvalidExchange" storage="e:\code\_migrated\quantplatform\qtg\universegeneratortest\bin\debug\netcoreapp2.0\publish\universegenerator.test.dll" id="e8ef5b4c-55cf-48e3-9d9b-871730cbee68"><Execution id="98fb32b8-fd5c-4cb5-819b-2dee8d168b1b" /><TestMethod codeBase="E:\code\_migrated\QuantPlatform\QTG\UniverseGeneratorTest\bin\Debug\netcoreapp2.0\publish\UniverseGenerator.Test.dll" adapterTypeName="executor://nunit3testexecutor/" className="UniverseGenerator.Test.Filter.TestUniversePresenceFilter" name="TestAddedInTheMiddleFromInvalidExchange" /></UnitTest><UnitTest name="TestRelease_TradingAndApproved_SyncFutures_Requested" storage="e:\code\_migrated\quantplatform\qtg\universegeneratortest\bin\debug\netcoreapp2.0\publish\universegenerator.test.dll" id="a55ce19f-0945-427c-af01-3794e555f45a"><Execution id="803f325d-bf6e-4f2e-b0f7-34cb527d9f12" /><TestMethod codeBase="E:\code\_migrated\QuantPlatform\QTG\UniverseGeneratorTest\bin\Debug\netcoreapp2.0\publish\UniverseGenerator.Test.dll" adapterTypeName="executor://nunit3testexecutor/" className="UniverseGenerator.Test.Release.TestReleaseToLive" name="TestRelease_TradingAndApproved_SyncFutures_Requested" /></UnitTest><UnitTest name="TestWithTargetAnnouncement_OverlapEndPeriod_Pending" storage="e:\code\_migrated\quantplatform\qtg\universegeneratortest\bin\debug\netcoreapp2.0\publish\universegenerator.test.dll" id="224caf94-b764-4624-8915-fc306e575f31"><Execution id="1d6378f8-041c-4e51-9a0b-2129ceb36dd4" /><TestMethod codeBase="E:\code\_migrated\QuantPlatform\QTG\UniverseGeneratorTest\bin\Debug\netcoreapp2.0\publish\UniverseGenerator.Test.dll" adapterTypeName="executor://nunit3testexecutor/" className="UniverseGenerator.Test.Filter.TestTargetAnnouncementFilter" name="TestWithTargetAnnouncement_OverlapEndPeriod_Pending" /></UnitTest><UnitTest name="TestGenerateMembersHistoric_From2018-01-01_WithoutMembersIdeal_WithoutExistingMembersHistoric" storage="e:\code\_migrated\quantplatform\qtg\universegeneratortest\bin\debug\netcoreapp2.0\publish\universegenerator.test.dll" id="30496344-2afa-405b-8f3a-75a0b30bc3ed"><Execution id="a4710124-48ba-464c-8f80-9e365465e90f" /><TestMethod codeBase="E:\code\_migrated\QuantPlatform\QTG\UniverseGeneratorTest\bin\Debug\netcoreapp2.0\publish\UniverseGenerator.Test.dll" adapterTypeName="executor://nunit3testexecutor/" className="UniverseGenerator.Test.TestQtgMembersHistoricGenerator" name="TestGenerateMembersHistoric_From2018-01-01_WithoutMembersIdeal_WithoutExistingMembersHistoric" /></UnitTest><UnitTest name="TestExcludeSaturday" storage="e:\code\_migrated\quantplatform\qtg\universegeneratortest\bin\debug\netcoreapp2.0\publish\universegenerator.test.dll" id="9d8a3d9d-db45-484f-ade8-5ca4485d5fed"><Execution id="8cd600c1-9ff2-46af-a5c5-0d5ab78c689c" /><TestMethod codeBase="E:\code\_migrated\QuantPlatform\QTG\UniverseGeneratorTest\bin\Debug\netcoreapp2.0\publish\UniverseGenerator.Test.dll" adapterTypeName="executor://nunit3testexecutor/" className="UniverseGenerator.Test.Futures.Mean.TestSumValidDays" name="TestExcludeSaturday" /></UnitTest><UnitTest name="TestLiveAuxiliaryMembers" storage="e:\code\_migrated\quantplatform\qtg\universegeneratortest\bin\debug\netcoreapp2.0\publish\universegenerator.test.dll" id="a6e84f21-7a1f-4c3c-a896-f8a00012faa5"><Execution id="2d9d67cd-14f3-4c6d-8d8f-fd5b0eb828a4" /><TestMethod codeBase="E:\code\_migrated\QuantPlatform\QTG\UniverseGeneratorTest\bin\Debug\netcoreapp2.0\publish\UniverseGenerator.Test.dll" adapterTypeName="executor://nunit3testexecutor/" className="UniverseGenerator.Test.Members.TestUniverseMembers" name="TestLiveAuxiliaryMembers" /></UnitTest><UnitTest name="TestSyncUniverse_RequestApproval_IfNoSyncSet" storage="e:\code\_migrated\quantplatform\qtg\universegeneratortest\bin\debug\netcoreapp2.0\publish\universegenerator.test.dll" id="f1011fd3-287b-4735-ae88-4414734bb622"><Execution id="583ad448-9852-4a00-8671-8927890a19df" /><TestMethod codeBase="E:\code\_migrated\QuantPlatform\QTG\UniverseGeneratorTest\bin\Debug\netcoreapp2.0\publish\UniverseGenerator.Test.dll" adapterTypeName="executor://nunit3testexecutor/" className="UniverseGenerator.Test.Release.TestStocksUniverseHandler" name="TestSyncUniverse_RequestApproval_IfNoSyncSet" /></UnitTest><UnitTest name="TestGenerateMembersHistoric_From0001-01-01_WithMembersIdealAfterExistingMembersHistoricEndDate_WithoutExistingMembersHistoric" storage="e:\code\_migrated\quantplatform\qtg\universegeneratortest\bin\debug\netcoreapp2.0\publish\universegenerator.test.dll" id="5b1a1f6d-b85b-467c-80ac-08d73c6a9d81"><Execution id="ac248950-e662-4c9a-98a7-b913c8be0910" /><TestMethod codeBase="E:\code\_migrated\QuantPlatform\QTG\UniverseGeneratorTest\bin\Debug\netcoreapp2.0\publish\UniverseGenerator.Test.dll" adapterTypeName="executor://nunit3testexecutor/" className="UniverseGenerator.Test.TestQtgMembersHistoricGenerator" name="TestGenerateMembersHistoric_From0001-01-01_WithMembersIdealAfterExistingMembersHistoricEndDate_WithoutExistingMembersHistoric" /></UnitTest><UnitTest name="TestApprovalState_SkipPending" storage="e:\code\_migrated\quantplatform\qtg\universegeneratortest\bin\debug\netcoreapp2.0\publish\universegenerator.test.dll" id="e7dcd4a9-b2d8-415e-8463-1f1f60e37a98"><Execution id="2027bcfa-1b72-46e1-860b-e1d5145fa648" /><TestMethod codeBase="E:\code\_migrated\QuantPlatform\QTG\UniverseGeneratorTest\bin\Debug\netcoreapp2.0\publish\UniverseGenerator.Test.dll" adapterTypeName="executor://nunit3testexecutor/" className="UniverseGenerator.Test.Release.TestReleaseApprove" name="TestApprovalState_SkipPending" /></UnitTest><UnitTest name="TestEnumerationSimple" storage="e:\code\_migrated\quantplatform\qtg\universegeneratortest\bin\debug\netcoreapp2.0\publish\universegenerator.test.dll" id="8c37a851-8fd3-4fc7-bd40-3020881fc5a7"><Execution id="108c3ecb-1188-43cb-96b2-b55f37809cfa" /><TestMethod codeBase="E:\code\_migrated\QuantPlatform\QTG\UniverseGeneratorTest\bin\Debug\netcoreapp2.0\publish\UniverseGenerator.Test.dll" adapterTypeName="executor://nunit3testexecutor/" className="UniverseGenerator.Test.TestCircularDateBuffer" name="TestEnumerationSimple" /></UnitTest><UnitTest name="TestGenerateMembersHistoric_ThrowsForLastValidDateInFuture" storage="e:\code\_migrated\quantplatform\qtg\universegeneratortest\bin\debug\netcoreapp2.0\publish\universegenerator.test.dll" id="d5b42e14-508f-4d2e-a0b9-00628ef63a18"><Execution id="ac620b0d-4443-45a4-88f1-09d40f7c42b2" /><TestMethod codeBase="E:\code\_migrated\QuantPlatform\QTG\UniverseGeneratorTest\bin\Debug\netcoreapp2.0\publish\UniverseGenerator.Test.dll" adapterTypeName="executor://nunit3testexecutor/" className="UniverseGenerator.Test.TestQtgMembersHistoricGenerator" name="TestGenerateMembersHistoric_ThrowsForLastValidDateInFuture" /></UnitTest><UnitTest name="TestGenerateMembersHistoric_From2018-01-01_WithMembersIdealAfterExistingMembersHistoricEndDate_WithExistingMembersHistoric" storage="e:\code\_migrated\quantplatform\qtg\universegeneratortest\bin\debug\netcoreapp2.0\publish\universegenerator.test.dll" id="e34773da-cb14-49f8-9b40-d334e51c2ebe"><Execution id="a57bd7fb-c8b5-477c-8969-17c08db850d7" /><TestMethod codeBase="E:\code\_migrated\QuantPlatform\QTG\UniverseGeneratorTest\bin\Debug\netcoreapp2.0\publish\UniverseGenerator.Test.dll" adapterTypeName="executor://nunit3testexecutor/" className="UniverseGenerator.Test.TestQtgMembersHistoricGenerator" name="TestGenerateMembersHistoric_From2018-01-01_WithMembersIdealAfterExistingMembersHistoricEndDate_WithExistingMembersHistoric" /></UnitTest><UnitTest name="TestSyncUniverse_NotRequestApproval_IfNotEligibleForRelease" storage="e:\code\_migrated\quantplatform\qtg\universegeneratortest\bin\debug\netcoreapp2.0\publish\universegenerator.test.dll" id="e5c8b73a-d514-43aa-bb55-4c7ebe0c3a97"><Execution id="5c1194fd-d6d4-4ec9-9687-e7effc14358b" /><TestMethod codeBase="E:\code\_migrated\QuantPlatform\QTG\UniverseGeneratorTest\bin\Debug\netcoreapp2.0\publish\UniverseGenerator.Test.dll" adapterTypeName="executor://nunit3testexecutor/" className="UniverseGenerator.Test.Release.TestStocksUniverseHandler" name="TestSyncUniverse_NotRequestApproval_IfNotEligibleForRelease" /></UnitTest><UnitTest name="TestGetValue_WithValidExchange_UnderThreshold_InvalidDay" storage="e:\code\_migrated\quantplatform\qtg\universegeneratortest\bin\debug\netcoreapp2.0\publish\universegenerator.test.dll" id="80c1055a-9d4e-453f-8f23-f75ce9ec8e2b"><Execution id="a1486af8-838d-438c-9c16-5387b8d5952f" /><TestMethod codeBase="E:\code\_migrated\QuantPlatform\QTG\UniverseGeneratorTest\bin\Debug\netcoreapp2.0\publish\UniverseGenerator.Test.dll" adapterTypeName="executor://nunit3testexecutor/" className="UniverseGenerator.Test.Filter.Liquidity.TestOverThresholdHitRatioRollingLiquidity" name="TestGetValue_WithValidExchange_UnderThreshold_InvalidDay" /></UnitTest><UnitTest name="TestPendingMembers" storage="e:\code\_migrated\quantplatform\qtg\universegeneratortest\bin\debug\netcoreapp2.0\publish\universegenerator.test.dll" id="da5e54bf-c4b8-4825-a9ed-2bd37c2a2a92"><Execution id="396d37fd-8278-450a-8d8f-9630e06f7421" /><TestMethod codeBase="E:\code\_migrated\QuantPlatform\QTG\UniverseGeneratorTest\bin\Debug\netcoreapp2.0\publish\UniverseGenerator.Test.dll" adapterTypeName="executor://nunit3testexecutor/" className="UniverseGenerator.Test.TestUniverseConfig" name="TestPendingMembers" /></UnitTest><UnitTest name="TestAddOptionalErrorToApprovalRequests_BackOffice" storage="e:\code\_migrated\quantplatform\qtg\universegeneratortest\bin\debug\netcoreapp2.0\publish\universegenerator.test.dll" id="16597208-ac2d-49fe-9eda-7e6d2fb82228"><Execution id="cbc0cc75-6498-49e9-b380-667ca059ad59" /><TestMethod codeBase="E:\code\_migrated\QuantPlatform\QTG\UniverseGeneratorTest\bin\Debug\netcoreapp2.0\publish\UniverseGenerator.Test.dll" adapterTypeName="executor://nunit3testexecutor/" className="UniverseGenerator.Test.Email.TestEmails" name="TestAddOptionalErrorToApprovalRequests_BackOffice" /></UnitTest><UnitTest name="TestSupportedCurrencies_ReadFromPending" storage="e:\code\_migrated\quantplatform\qtg\universegeneratortest\bin\debug\netcoreapp2.0\publish\universegenerator.test.dll" id="27f849a7-2a49-4a67-9adc-e06bbe3fcd63"><Execution id="7a6ce4f5-58ac-4ef6-b3d1-7ba5d0cecdfd" /><TestMethod codeBase="E:\code\_migrated\QuantPlatform\QTG\UniverseGeneratorTest\bin\Debug\netcoreapp2.0\publish\UniverseGenerator.Test.dll" adapterTypeName="executor://nunit3testexecutor/" className="UniverseGenerator.Test.TestUniverseConfig" name="TestSupportedCurrencies_ReadFromPending" /></UnitTest><UnitTest name="TestSingleEntry_Start" storage="e:\code\_migrated\quantplatform\qtg\universegeneratortest\bin\debug\netcoreapp2.0\publish\universegenerator.test.dll" id="171ae1b8-b8cb-4125-ab26-18eb89d349f1"><Execution id="cab85812-61ad-4d75-86ac-d476e3e0e384" /><TestMethod codeBase="E:\code\_migrated\QuantPlatform\QTG\UniverseGeneratorTest\bin\Debug\netcoreapp2.0\publish\UniverseGenerator.Test.dll" adapterTypeName="executor://nunit3testexecutor/" className="UniverseGenerator.Test.Futures.Mean.TestFutureContractSumTrades" name="TestSingleEntry_Start" /></UnitTest><UnitTest name="TestRelease_ForNoSync_Pending" storage="e:\code\_migrated\quantplatform\qtg\universegeneratortest\bin\debug\netcoreapp2.0\publish\universegenerator.test.dll" id="625acaa2-94b4-433a-827e-a9b73d939bb7"><Execution id="2c11358d-3bce-4195-94ec-037848e68b7d" /><TestMethod codeBase="E:\code\_migrated\QuantPlatform\QTG\UniverseGeneratorTest\bin\Debug\netcoreapp2.0\publish\UniverseGenerator.Test.dll" adapterTypeName="executor://nunit3testexecutor/" className="UniverseGenerator.Test.Release.TestReleaseToLive" name="TestRelease_ForNoSync_Pending" /></UnitTest><UnitTest name="TestEmailDepartmentsPendingApproval_NotRequireSyntheticFutures" storage="e:\code\_migrated\quantplatform\qtg\universegeneratortest\bin\debug\netcoreapp2.0\publish\universegenerator.test.dll" id="011521d3-dbe3-457f-8afa-0872f2ffdfaa"><Execution id="58852f90-2ffa-47d5-b22e-35bf032ea268" /><TestMethod codeBase="E:\code\_migrated\QuantPlatform\QTG\UniverseGeneratorTest\bin\Debug\netcoreapp2.0\publish\UniverseGenerator.Test.dll" adapterTypeName="executor://nunit3testexecutor/" className="UniverseGenerator.Test.Release.TestReleaseApprove" name="TestEmailDepartmentsPendingApproval_NotRequireSyntheticFutures" /></UnitTest><UnitTest name="TestGenerateMembersHistoric_From2010-01-01_WithMembersIdealOnExistingMembersHistoricEndDate_WithExistingMembersHistoricEndingWithAnAdd" storage="e:\code\_migrated\quantplatform\qtg\universegeneratortest\bin\debug\netcoreapp2.0\publish\universegenerator.test.dll" id="354299d1-8c02-4e9c-b5de-21cfcba587ef"><Execution id="4fea5c19-0c54-468c-92ec-f677dba8221a" /><TestMethod codeBase="E:\code\_migrated\QuantPlatform\QTG\UniverseGeneratorTest\bin\Debug\netcoreapp2.0\publish\UniverseGenerator.Test.dll" adapterTypeName="executor://nunit3testexecutor/" className="UniverseGenerator.Test.TestQtgMembersHistoricGenerator" name="TestGenerateMembersHistoric_From2010-01-01_WithMembersIdealOnExistingMembersHistoricEndDate_WithExistingMembersHistoricEndingWithAnAdd" /></UnitTest><UnitTest name="TestGetValue_WithValidExchange_OverThreshold" storage="e:\code\_migrated\quantplatform\qtg\universegeneratortest\bin\debug\netcoreapp2.0\publish\universegenerator.test.dll" id="dd6325cf-afad-4f9a-9c3a-e539fc0b5205"><Execution id="fd914850-fecb-4cac-9744-8a5a2cebf95c" /><TestMethod codeBase="E:\code\_migrated\QuantPlatform\QTG\UniverseGeneratorTest\bin\Debug\netcoreapp2.0\publish\UniverseGenerator.Test.dll" adapterTypeName="executor://nunit3testexecutor/" className="UniverseGenerator.Test.Filter.Liquidity.TestOverThresholdHitRatioRollingLiquidity" name="TestGetValue_WithValidExchange_OverThreshold" /></UnitTest><UnitTest name="TestSyncUniverse" storage="e:\code\_migrated\quantplatform\qtg\universegeneratortest\bin\debug\netcoreapp2.0\publish\universegenerator.test.dll" id="56249125-82ae-48ca-9a0f-ddb61e23e63d"><Execution id="1cfac03c-a37d-4a83-862e-87f45dbdee7b" /><TestMethod codeBase="E:\code\_migrated\QuantPlatform\QTG\UniverseGeneratorTest\bin\Debug\netcoreapp2.0\publish\UniverseGenerator.Test.dll" adapterTypeName="executor://nunit3testexecutor/" className="UniverseGenerator.Test.Release.TestStocksUniverseHandler" name="TestSyncUniverse" /></UnitTest><UnitTest name="TestMembersReasonsIdealReader" storage="e:\code\_migrated\quantplatform\qtg\universegeneratortest\bin\debug\netcoreapp2.0\publish\universegenerator.test.dll" id="89e2b1d9-06c3-480e-b138-bde2ef796828"><Execution id="04de63f0-6a37-4bd0-9d19-4251a384e16e" /><TestMethod codeBase="E:\code\_migrated\QuantPlatform\QTG\UniverseGeneratorTest\bin\Debug\netcoreapp2.0\publish\UniverseGenerator.Test.dll" adapterTypeName="executor://nunit3testexecutor/" className="UniverseGenerator.Test.TestUniverseConfig" name="TestMembersReasonsIdealReader" /></UnitTest><UnitTest name="TestMultipleEntries" storage="e:\code\_migrated\quantplatform\qtg\universegeneratortest\bin\debug\netcoreapp2.0\publish\universegenerator.test.dll" id="8bee8f35-e514-4ae6-8df4-909312f767ed"><Execution id="32ed0385-5f4c-4f96-b861-ddfa4e3b202f" /><TestMethod codeBase="E:\code\_migrated\QuantPlatform\QTG\UniverseGeneratorTest\bin\Debug\netcoreapp2.0\publish\UniverseGenerator.Test.dll" adapterTypeName="executor://nunit3testexecutor/" className="UniverseGenerator.Test.Futures.Mean.TestFutureContractSumTrades" name="TestMultipleEntries" /></UnitTest><UnitTest name="TestRemoveDead_BeforeStart" storage="e:\code\_migrated\quantplatform\qtg\universegeneratortest\bin\debug\netcoreapp2.0\publish\universegenerator.test.dll" id="666dbed4-d24c-4db0-a9e0-cad21e5d135a"><Execution id="bcb7ad69-3491-4b48-b4ca-433274838b1c" /><TestMethod codeBase="E:\code\_migrated\QuantPlatform\QTG\UniverseGeneratorTest\bin\Debug\netcoreapp2.0\publish\UniverseGenerator.Test.dll" adapterTypeName="executor://nunit3testexecutor/" className="UniverseGenerator.Test.Filter.FutureContracts.TestFutureContractDeathDateFilter" name="TestRemoveDead_BeforeStart" /></UnitTest><UnitTest name="TestRemoveDead_BeforeStart" storage="e:\code\_migrated\quantplatform\qtg\universegeneratortest\bin\debug\netcoreapp2.0\publish\universegenerator.test.dll" id="d14327c5-3e1f-4e04-bc2a-673475d86fae"><Execution id="34b0a76e-5e34-446c-a9ef-f304acaaf42d" /><TestMethod codeBase="E:\code\_migrated\QuantPlatform\QTG\UniverseGeneratorTest\bin\Debug\netcoreapp2.0\publish\UniverseGenerator.Test.dll" adapterTypeName="executor://nunit3testexecutor/" className="UniverseGenerator.Test.Filter.TestDeathDateFilter" name="TestRemoveDead_BeforeStart" /></UnitTest><UnitTest name="TestRaceConditionForNewReleaseBeingCreatedWhileWeModifyState" storage="e:\code\_migrated\quantplatform\qtg\universegeneratortest\bin\debug\netcoreapp2.0\publish\universegenerator.test.dll" id="a6a59d7a-9c72-4a5f-a794-5d3e472cf3a8"><Execution id="9970d1aa-ecbc-4900-810b-3d6a1a6e43c0" /><TestMethod codeBase="E:\code\_migrated\QuantPlatform\QTG\UniverseGeneratorTest\bin\Debug\netcoreapp2.0\publish\UniverseGenerator.Test.dll" adapterTypeName="executor://nunit3testexecutor/" className="UniverseGenerator.Test.Release.TestReleaseApprove" name="TestRaceConditionForNewReleaseBeingCreatedWhileWeModifyState" /></UnitTest><UnitTest name="TestEnumerableRange_FromIsTo_OnStart" storage="e:\code\_migrated\quantplatform\qtg\universegeneratortest\bin\debug\netcoreapp2.0\publish\universegenerator.test.dll" id="4d0e06f9-f9a7-45b5-afa8-5f1c954a505b"><Execution id="33afe098-be8b-4949-895c-b92e229d8eb4" /><TestMethod codeBase="E:\code\_migrated\QuantPlatform\QTG\UniverseGeneratorTest\bin\Debug\netcoreapp2.0\publish\UniverseGenerator.Test.dll" adapterTypeName="executor://nunit3testexecutor/" className="UniverseGenerator.Test.InclusionDate.TestDateRangeExt" name="TestEnumerableRange_FromIsTo_OnStart" /></UnitTest><UnitTest name="TestFetchAll_Future" storage="e:\code\_migrated\quantplatform\qtg\universegeneratortest\bin\debug\netcoreapp2.0\publish\universegenerator.test.dll" id="8c213d36-4693-49ab-9a32-8460fe747ae0"><Execution id="60294df4-b8ed-417b-8d84-3918c09ed77a" /><TestMethod codeBase="E:\code\_migrated\QuantPlatform\QTG\UniverseGeneratorTest\bin\Debug\netcoreapp2.0\publish\UniverseGenerator.Test.dll" adapterTypeName="executor://nunit3testexecutor/" className="UniverseGenerator.Test.TestDataStoreObjectsProvider" name="TestFetchAll_Future" /></UnitTest><UnitTest name="TestPropagatedIsIncluded_Excluded" storage="e:\code\_migrated\quantplatform\qtg\universegeneratortest\bin\debug\netcoreapp2.0\publish\universegenerator.test.dll" id="727abca3-a793-4d9b-ab9f-4ceeefdeae0a"><Execution id="d92594cc-3e05-4f4b-acbb-a08dd9e99b70" /><TestMethod codeBase="E:\code\_migrated\QuantPlatform\QTG\UniverseGeneratorTest\bin\Debug\netcoreapp2.0\publish\UniverseGenerator.Test.dll" adapterTypeName="executor://nunit3testexecutor/" className="UniverseGenerator.Test.InclusionDate.TestInclusionDatesExt" name="TestPropagatedIsIncluded_Excluded" /></UnitTest><UnitTest name="TestReleaseStates_Present" storage="e:\code\_migrated\quantplatform\qtg\universegeneratortest\bin\debug\netcoreapp2.0\publish\universegenerator.test.dll" id="f7352df4-3acc-4a22-905d-b073d20909fa"><Execution id="bf5b7835-aa4e-4fda-bcc4-5988bdeeb404" /><TestMethod codeBase="E:\code\_migrated\QuantPlatform\QTG\UniverseGeneratorTest\bin\Debug\netcoreapp2.0\publish\UniverseGenerator.Test.dll" adapterTypeName="executor://nunit3testexecutor/" className="UniverseGenerator.Test.TestUniverseConfig" name="TestReleaseStates_Present" /></UnitTest><UnitTest name="TestRelease_TradingAndApproved" storage="e:\code\_migrated\quantplatform\qtg\universegeneratortest\bin\debug\netcoreapp2.0\publish\universegenerator.test.dll" id="a4939dbd-e3bb-4d87-9fd7-4305dd388f4b"><Execution id="cafc781d-3756-49ef-9ee4-0406f370b0db" /><TestMethod codeBase="E:\code\_migrated\QuantPlatform\QTG\UniverseGeneratorTest\bin\Debug\netcoreapp2.0\publish\UniverseGenerator.Test.dll" adapterTypeName="executor://nunit3testexecutor/" className="UniverseGenerator.Test.Release.TestReleaseToLive" name="TestRelease_TradingAndApproved" /></UnitTest><UnitTest name="TestWithIdealPresentFromBeforeTodayAndMissingInExisting_ExcludedBefore" storage="e:\code\_migrated\quantplatform\qtg\universegeneratortest\bin\debug\netcoreapp2.0\publish\universegenerator.test.dll" id="37777d3e-a586-4684-8e14-8326865f3164"><Execution id="0408500e-27a6-4b6a-a80f-f803a3ab8b1e" /><TestMethod codeBase="E:\code\_migrated\QuantPlatform\QTG\UniverseGeneratorTest\bin\Debug\netcoreapp2.0\publish\UniverseGenerator.Test.dll" adapterTypeName="executor://nunit3testexecutor/" className="UniverseGenerator.Test.Futures.TestMembersForExecutionProvider" name="TestWithIdealPresentFromBeforeTodayAndMissingInExisting_ExcludedBefore" /></UnitTest><UnitTest name="TestChangesMultipleDays" storage="e:\code\_migrated\quantplatform\qtg\universegeneratortest\bin\debug\netcoreapp2.0\publish\universegenerator.test.dll" id="9455db46-8527-470c-be43-97e3ee4277a0"><Execution id="4e6de24e-b268-4dbe-914b-b82d0b02609f" /><TestMethod codeBase="E:\code\_migrated\QuantPlatform\QTG\UniverseGeneratorTest\bin\Debug\netcoreapp2.0\publish\UniverseGenerator.Test.dll" adapterTypeName="executor://nunit3testexecutor/" className="UniverseGenerator.Test.Filter.FutureContracts.TestRecentLiquidFutureContracts" name="TestChangesMultipleDays" /></UnitTest><UnitTest name="TestExcludeIfDeadBeforeExchangesCalendarStart" storage="e:\code\_migrated\quantplatform\qtg\universegeneratortest\bin\debug\netcoreapp2.0\publish\universegenerator.test.dll" id="41d07e4f-1afe-4bdd-8f47-6bcedbdfe44a"><Execution id="c80d57b8-c1f7-44c0-8ee1-f18fc3a5371e" /><TestMethod codeBase="E:\code\_migrated\QuantPlatform\QTG\UniverseGeneratorTest\bin\Debug\netcoreapp2.0\publish\UniverseGenerator.Test.dll" adapterTypeName="executor://nunit3testexecutor/" className="UniverseGenerator.Test.Futures.TestFutureContractsProvider" name="TestExcludeIfDeadBeforeExchangesCalendarStart" /></UnitTest><UnitTest name="Test_MultipleReasons" storage="e:\code\_migrated\quantplatform\qtg\universegeneratortest\bin\debug\netcoreapp2.0\publish\universegenerator.test.dll" id="36331f54-7571-46a7-823c-99279de381c3"><Execution id="d9c154ac-ccd4-4484-ad2f-3ecd92e831e5" /><TestMethod codeBase="E:\code\_migrated\QuantPlatform\QTG\UniverseGeneratorTest\bin\Debug\netcoreapp2.0\publish\UniverseGenerator.Test.dll" adapterTypeName="executor://nunit3testexecutor/" className="UniverseGenerator.Test.Members.TestUniverseMembers" name="Test_MultipleReasons" /></UnitTest><UnitTest name="TestGenerateMembersHistoric_From2010-01-01_WithMembersIdealOnExistingMembersHistoricEndDate_WithEmptyExistingMembersHistoric" storage="e:\code\_migrated\quantplatform\qtg\universegeneratortest\bin\debug\netcoreapp2.0\publish\universegenerator.test.dll" id="4d7f1851-d802-4617-9bd6-63779201662d"><Execution id="85912d80-65a8-4333-b317-3ca30121a11d" /><TestMethod codeBase="E:\code\_migrated\QuantPlatform\QTG\UniverseGeneratorTest\bin\Debug\netcoreapp2.0\publish\UniverseGenerator.Test.dll" adapterTypeName="executor://nunit3testexecutor/" className="UniverseGenerator.Test.TestQtgMembersHistoricGenerator" name="TestGenerateMembersHistoric_From2010-01-01_WithMembersIdealOnExistingMembersHistoricEndDate_WithEmptyExistingMembersHistoric" /></UnitTest><UnitTest name="TestGenerateMembersHistoric_From2018-01-01_WithoutMembersIdeal_WithExistingMembersHistoricEndingWithAnAdd" storage="e:\code\_migrated\quantplatform\qtg\universegeneratortest\bin\debug\netcoreapp2.0\publish\universegenerator.test.dll" id="2c130b44-ab4a-410f-baa1-5213e00fcb44"><Execution id="413d8ba1-2ceb-452a-a18f-5379ff31a2f6" /><TestMethod codeBase="E:\code\_migrated\QuantPlatform\QTG\UniverseGeneratorTest\bin\Debug\netcoreapp2.0\publish\UniverseGenerator.Test.dll" adapterTypeName="executor://nunit3testexecutor/" className="UniverseGenerator.Test.TestQtgMembersHistoricGenerator" name="TestGenerateMembersHistoric_From2018-01-01_WithoutMembersIdeal_WithExistingMembersHistoricEndingWithAnAdd" /></UnitTest><UnitTest name="TestOldKnown" storage="e:\code\_migrated\quantplatform\qtg\universegeneratortest\bin\debug\netcoreapp2.0\publish\universegenerator.test.dll" id="f638ada4-3350-4096-adc6-5e8b616bea83"><Execution id="8db332ec-c582-4ba7-9528-2e43c30d72ce" /><TestMethod codeBase="E:\code\_migrated\QuantPlatform\QTG\UniverseGeneratorTest\bin\Debug\netcoreapp2.0\publish\UniverseGenerator.Test.dll" adapterTypeName="executor://nunit3testexecutor/" className="UniverseGenerator.Test.InclusionDate.TestUniGenReasonConverter" name="TestOldKnown" /></UnitTest><UnitTest name="TestInvalidDay" storage="e:\code\_migrated\quantplatform\qtg\universegeneratortest\bin\debug\netcoreapp2.0\publish\universegenerator.test.dll" id="7dfcb7c2-e8e1-45d4-a474-25526898da11"><Execution id="42dd94a6-0b6a-4d1d-acaa-467084e3ac0c" /><TestMethod codeBase="E:\code\_migrated\QuantPlatform\QTG\UniverseGeneratorTest\bin\Debug\netcoreapp2.0\publish\UniverseGenerator.Test.dll" adapterTypeName="executor://nunit3testexecutor/" className="UniverseGenerator.Test.Filter.Liquidity.TestLiquidityDataProvider" name="TestInvalidDay" /></UnitTest><UnitTest name="TestCompletelyExcluded" storage="e:\code\_migrated\quantplatform\qtg\universegeneratortest\bin\debug\netcoreapp2.0\publish\universegenerator.test.dll" id="1a25a690-d5e6-408e-9fca-44bf5dfddadb"><Execution id="de7a2072-114c-4bb3-9cf7-69126a92bbd3" /><TestMethod codeBase="E:\code\_migrated\QuantPlatform\QTG\UniverseGeneratorTest\bin\Debug\netcoreapp2.0\publish\UniverseGenerator.Test.dll" adapterTypeName="executor://nunit3testexecutor/" className="UniverseGenerator.Test.Release.TestSyncIdeal" name="TestCompletelyExcluded" /></UnitTest><UnitTest name="TestAnnouncementCompletionOverTwoMonthsBeforeAnnouncement" storage="e:\code\_migrated\quantplatform\qtg\universegeneratortest\bin\debug\netcoreapp2.0\publish\universegenerator.test.dll" id="bf3dc963-a73a-4396-8cd5-f1a622527bec"><Execution id="59af2ecb-325b-4273-8446-05f8efef443e" /><TestMethod codeBase="E:\code\_migrated\QuantPlatform\QTG\UniverseGeneratorTest\bin\Debug\netcoreapp2.0\publish\UniverseGenerator.Test.dll" adapterTypeName="executor://nunit3testexecutor/" className="UniverseGenerator.Test.Filter.TestTargetAnnouncementFilter" name="TestAnnouncementCompletionOverTwoMonthsBeforeAnnouncement" /></UnitTest><UnitTest name="TestOnlyExistingIncluded" storage="e:\code\_migrated\quantplatform\qtg\universegeneratortest\bin\debug\netcoreapp2.0\publish\universegenerator.test.dll" id="7f9675c0-9b6f-495b-aee9-ebf4c0e1c5f5"><Execution id="7d6ae630-9a05-4014-9b32-96a77ff137b2" /><TestMethod codeBase="E:\code\_migrated\QuantPlatform\QTG\UniverseGeneratorTest\bin\Debug\netcoreapp2.0\publish\UniverseGenerator.Test.dll" adapterTypeName="executor://nunit3testexecutor/" className="UniverseGenerator.Test.Members.TestQtgMembersGenerator" name="TestOnlyExistingIncluded" /></UnitTest><UnitTest name="TestScheduleRelease_ScheduleRelease_AlreadyScheduled_ActiveAndTrading" storage="e:\code\_migrated\quantplatform\qtg\universegeneratortest\bin\debug\netcoreapp2.0\publish\universegenerator.test.dll" id="0a888bf4-ade6-4869-8fec-28c8c4907446"><Execution id="1e151cdf-ca8c-4ece-88b9-c5b4dfae7aa1" /><TestMethod codeBase="E:\code\_migrated\QuantPlatform\QTG\UniverseGeneratorTest\bin\Debug\netcoreapp2.0\publish\UniverseGenerator.Test.dll" adapterTypeName="executor://nunit3testexecutor/" className="UniverseGenerator.Test.Release.TestApprovalManager" name="TestScheduleRelease_ScheduleRelease_AlreadyScheduled_ActiveAndTrading" /></UnitTest><UnitTest name="TestSyncUniverse_RequestExecutionApprovalIfDataOpsApproved_AndIsEligibleForRelease" storage="e:\code\_migrated\quantplatform\qtg\universegeneratortest\bin\debug\netcoreapp2.0\publish\universegenerator.test.dll" id="e34cb4a5-2552-40b6-aa94-870f86983871"><Execution id="ecf464be-c3f8-4c91-9b84-e4b38a43ac54" /><TestMethod codeBase="E:\code\_migrated\QuantPlatform\QTG\UniverseGeneratorTest\bin\Debug\netcoreapp2.0\publish\UniverseGenerator.Test.dll" adapterTypeName="executor://nunit3testexecutor/" className="UniverseGenerator.Test.Release.TestStocksUniverseHandler" name="TestSyncUniverse_RequestExecutionApprovalIfDataOpsApproved_AndIsEligibleForRelease" /></UnitTest><UnitTest name="TestRemoveDead_OnEnd" storage="e:\code\_migrated\quantplatform\qtg\universegeneratortest\bin\debug\netcoreapp2.0\publish\universegenerator.test.dll" id="8d0159cc-9709-4171-a10a-20209ab7c178"><Execution id="40b5c40a-5468-4974-86c5-4a17ebdc550d" /><TestMethod codeBase="E:\code\_migrated\QuantPlatform\QTG\UniverseGeneratorTest\bin\Debug\netcoreapp2.0\publish\UniverseGenerator.Test.dll" adapterTypeName="executor://nunit3testexecutor/" className="UniverseGenerator.Test.Filter.FutureContracts.TestFutureContractDeathDateFilter" name="TestRemoveDead_OnEnd" /></UnitTest><UnitTest name="TestIntersection_Included" storage="e:\code\_migrated\quantplatform\qtg\universegeneratortest\bin\debug\netcoreapp2.0\publish\universegenerator.test.dll" id="09b29c96-721f-4d73-8645-5e7074f7689c"><Execution id="e9da4365-60ce-490d-b403-3e1fa96095c6" /><TestMethod codeBase="E:\code\_migrated\QuantPlatform\QTG\UniverseGeneratorTest\bin\Debug\netcoreapp2.0\publish\UniverseGenerator.Test.dll" adapterTypeName="executor://nunit3testexecutor/" className="UniverseGenerator.Test.InclusionDate.TestIntersectionInclusionDates" name="TestIntersection_Included" /></UnitTest><UnitTest name="TestGenerateMembersHistoric_From0001-01-01_WithFullMembersIdeal_WithExistingMembersHistoricEndingWithAnAdd" storage="e:\code\_migrated\quantplatform\qtg\universegeneratortest\bin\debug\netcoreapp2.0\publish\universegenerator.test.dll" id="53b31b79-6fc5-498f-a300-b4c710eadfcc"><Execution id="5161e160-8636-42b0-8635-a27b2429c6c8" /><TestMethod codeBase="E:\code\_migrated\QuantPlatform\QTG\UniverseGeneratorTest\bin\Debug\netcoreapp2.0\publish\UniverseGenerator.Test.dll" adapterTypeName="executor://nunit3testexecutor/" className="UniverseGenerator.Test.TestQtgMembersHistoricGenerator" name="TestGenerateMembersHistoric_From0001-01-01_WithFullMembersIdeal_WithExistingMembersHistoricEndingWithAnAdd" /></UnitTest><UnitTest name="TestSetDepartmentApprovalState(BackOffice,Cancelled)" storage="e:\code\_migrated\quantplatform\qtg\universegeneratortest\bin\debug\netcoreapp2.0\publish\universegenerator.test.dll" id="28fdf923-8442-4477-818e-3d863615a1db"><Execution id="299a29b4-098a-46ed-946e-fa644b69dcad" /><TestMethod codeBase="E:\code\_migrated\QuantPlatform\QTG\UniverseGeneratorTest\bin\Debug\netcoreapp2.0\publish\UniverseGenerator.Test.dll" adapterTypeName="executor://nunit3testexecutor/" className="UniverseGenerator.Test.Release.TestApprovalManager" name="TestSetDepartmentApprovalState(BackOffice,Cancelled)" /></UnitTest><UnitTest name="TestExcludeZero" storage="e:\code\_migrated\quantplatform\qtg\universegeneratortest\bin\debug\netcoreapp2.0\publish\universegenerator.test.dll" id="2cecfdda-75a2-4017-a292-2492e3e51cec"><Execution id="5cebfa9c-fb9b-441c-b10f-08ec25dfd258" /><TestMethod codeBase="E:\code\_migrated\QuantPlatform\QTG\UniverseGeneratorTest\bin\Debug\netcoreapp2.0\publish\UniverseGenerator.Test.dll" adapterTypeName="executor://nunit3testexecutor/" className="UniverseGenerator.Test.Futures.Mean.TestFutureContractSumDaysWithVolume" name="TestExcludeZero" /></UnitTest><UnitTest name="TestBucketMonthExclusionCoarse" storage="e:\code\_migrated\quantplatform\qtg\universegeneratortest\bin\debug\netcoreapp2.0\publish\universegenerator.test.dll" id="fa27fe3e-8747-42c3-80e0-228e2f09f1a7"><Execution id="0858a747-1ac5-4f81-b610-f416b0e2e1f8" /><TestMethod codeBase="E:\code\_migrated\QuantPlatform\QTG\UniverseGeneratorTest\bin\Debug\netcoreapp2.0\publish\UniverseGenerator.Test.dll" adapterTypeName="executor://nunit3testexecutor/" className="UniverseGenerator.Test.InclusionDate.TestInclusionDates" name="TestBucketMonthExclusionCoarse" /></UnitTest><UnitTest name="TestAddOptionalErrorToApprovalRequests_FinancialDataGroup" storage="e:\code\_migrated\quantplatform\qtg\universegeneratortest\bin\debug\netcoreapp2.0\publish\universegenerator.test.dll" id="07e7dc17-7a07-4291-b314-3128f538003d"><Execution id="54aed29b-1379-4990-b478-200bd7c2bbe3" /><TestMethod codeBase="E:\code\_migrated\QuantPlatform\QTG\UniverseGeneratorTest\bin\Debug\netcoreapp2.0\publish\UniverseGenerator.Test.dll" adapterTypeName="executor://nunit3testexecutor/" className="UniverseGenerator.Test.Email.TestEmails" name="TestAddOptionalErrorToApprovalRequests_FinancialDataGroup" /></UnitTest><UnitTest name="TestExcludeNegative" storage="e:\code\_migrated\quantplatform\qtg\universegeneratortest\bin\debug\netcoreapp2.0\publish\universegenerator.test.dll" id="d4e66854-6d7c-43f1-b3e5-228b95a76cc9"><Execution id="eb07a1ab-040e-4475-8461-ba88e1a99c34" /><TestMethod codeBase="E:\code\_migrated\QuantPlatform\QTG\UniverseGeneratorTest\bin\Debug\netcoreapp2.0\publish\UniverseGenerator.Test.dll" adapterTypeName="executor://nunit3testexecutor/" className="UniverseGenerator.Test.Futures.Mean.TestFutureContractSumDaysWithVolume" name="TestExcludeNegative" /></UnitTest><UnitTest name="TestDatesForMixed" storage="e:\code\_migrated\quantplatform\qtg\universegeneratortest\bin\debug\netcoreapp2.0\publish\universegenerator.test.dll" id="fb7e8ec8-0380-48cc-8b78-a72c1332ab34"><Execution id="98a635b0-8435-4369-9fad-0302ab7af7c3" /><TestMethod codeBase="E:\code\_migrated\QuantPlatform\QTG\UniverseGeneratorTest\bin\Debug\netcoreapp2.0\publish\UniverseGenerator.Test.dll" adapterTypeName="executor://nunit3testexecutor/" className="UniverseGenerator.Test.InclusionDate.TestInclusionDates" name="TestDatesForMixed" /></UnitTest><UnitTest name="TestWithTargetAnnouncement_WayBeforeStart_Pending" storage="e:\code\_migrated\quantplatform\qtg\universegeneratortest\bin\debug\netcoreapp2.0\publish\universegenerator.test.dll" id="c4c9d130-7e05-4a47-8fae-d8231a3d37c3"><Execution id="3c8f73b3-7696-4b49-ab81-3d3b19493c06" /><TestMethod codeBase="E:\code\_migrated\QuantPlatform\QTG\UniverseGeneratorTest\bin\Debug\netcoreapp2.0\publish\UniverseGenerator.Test.dll" adapterTypeName="executor://nunit3testexecutor/" className="UniverseGenerator.Test.Filter.TestTargetAnnouncementFilter" name="TestWithTargetAnnouncement_WayBeforeStart_Pending" /></UnitTest><UnitTest name="TestGetValue_WithValidExchange_UnderThreshold" storage="e:\code\_migrated\quantplatform\qtg\universegeneratortest\bin\debug\netcoreapp2.0\publish\universegenerator.test.dll" id="5bf5134a-4e53-43d3-a4d6-d59bb1707150"><Execution id="529bc7d8-cb4a-4806-815e-2891dd43e9d9" /><TestMethod codeBase="E:\code\_migrated\QuantPlatform\QTG\UniverseGeneratorTest\bin\Debug\netcoreapp2.0\publish\UniverseGenerator.Test.dll" adapterTypeName="executor://nunit3testexecutor/" className="UniverseGenerator.Test.Filter.Liquidity.TestOverThresholdHitRatioRollingLiquidity" name="TestGetValue_WithValidExchange_UnderThreshold" /></UnitTest><UnitTest name="TestExcludedSecurityLiquidityCriteria" storage="e:\code\_migrated\quantplatform\qtg\universegeneratortest\bin\debug\netcoreapp2.0\publish\universegenerator.test.dll" id="d61bea7a-8ea9-424e-a657-9a9dc145e0dc"><Execution id="e1f2db70-67a2-47fe-8eef-3818f1c37651" /><TestMethod codeBase="E:\code\_migrated\QuantPlatform\QTG\UniverseGeneratorTest\bin\Debug\netcoreapp2.0\publish\UniverseGenerator.Test.dll" adapterTypeName="executor://nunit3testexecutor/" className="UniverseGenerator.Test.Email.TestBadlyConfiguredSecuritiesReporter" name="TestExcludedSecurityLiquidityCriteria" /></UnitTest><UnitTest name="TestWithTargetAnnouncement_BeforeStart_Pending" storage="e:\code\_migrated\quantplatform\qtg\universegeneratortest\bin\debug\netcoreapp2.0\publish\universegenerator.test.dll" id="34134e5b-a0de-4129-98b6-40811de2ae3e"><Execution id="9115eea6-513b-476b-b1d4-a95268bef1d0" /><TestMethod codeBase="E:\code\_migrated\QuantPlatform\QTG\UniverseGeneratorTest\bin\Debug\netcoreapp2.0\publish\UniverseGenerator.Test.dll" adapterTypeName="executor://nunit3testexecutor/" className="UniverseGenerator.Test.Filter.TestTargetAnnouncementFilter" name="TestWithTargetAnnouncement_BeforeStart_Pending" /></UnitTest><UnitTest name="TestLiveAuxiliaryMembers" storage="e:\code\_migrated\quantplatform\qtg\universegeneratortest\bin\debug\netcoreapp2.0\publish\universegenerator.test.dll" id="9c59c4aa-551d-42b2-b467-5513bc23e49f"><Execution id="9e40fd81-4fdb-4743-b006-b713cee9a752" /><TestMethod codeBase="E:\code\_migrated\QuantPlatform\QTG\UniverseGeneratorTest\bin\Debug\netcoreapp2.0\publish\UniverseGenerator.Test.dll" adapterTypeName="executor://nunit3testexecutor/" className="UniverseGenerator.Test.TestUniverseConfig" name="TestLiveAuxiliaryMembers" /></UnitTest><UnitTest name="TestMembersRealFrom_Provider" storage="e:\code\_migrated\quantplatform\qtg\universegeneratortest\bin\debug\netcoreapp2.0\publish\universegenerator.test.dll" id="dcdf77c5-d91b-4550-a220-46c7dbe1da43"><Execution id="139f760c-befa-4bad-a0ac-5205a8dbfc70" /><TestMethod codeBase="E:\code\_migrated\QuantPlatform\QTG\UniverseGeneratorTest\bin\Debug\netcoreapp2.0\publish\UniverseGenerator.Test.dll" adapterTypeName="executor://nunit3testexecutor/" className="UniverseGenerator.Test.Members.TestMembersProvider" name="TestMembersRealFrom_Provider" /></UnitTest><UnitTest name="TestSetObjValue_WithNoOpWriter" storage="e:\code\_migrated\quantplatform\qtg\universegeneratortest\bin\debug\netcoreapp2.0\publish\universegenerator.test.dll" id="ec4da8fd-c0f3-4fba-a6a3-1a1dc934c4f2"><Execution id="ecb3e1dd-cce4-4018-9e88-7d2163182dda" /><TestMethod codeBase="E:\code\_migrated\QuantPlatform\QTG\UniverseGeneratorTest\bin\Debug\netcoreapp2.0\publish\UniverseGenerator.Test.dll" adapterTypeName="executor://nunit3testexecutor/" className="UniverseGenerator.Test.Release.TestUniverseDataStoreWriter" name="TestSetObjValue_WithNoOpWriter" /></UnitTest><UnitTest name="TestRelease_ForNoSync_Completed" storage="e:\code\_migrated\quantplatform\qtg\universegeneratortest\bin\debug\netcoreapp2.0\publish\universegenerator.test.dll" id="0c908eb9-65f8-4f31-bc78-5fc3dda1dd42"><Execution id="177d9f63-1414-4aa4-bf8b-465bca23895b" /><TestMethod codeBase="E:\code\_migrated\QuantPlatform\QTG\UniverseGeneratorTest\bin\Debug\netcoreapp2.0\publish\UniverseGenerator.Test.dll" adapterTypeName="executor://nunit3testexecutor/" className="UniverseGenerator.Test.Release.TestReleaseToLive" name="TestRelease_ForNoSync_Completed" /></UnitTest><UnitTest name="TestGenerateMembersHistoric_From2010-01-01_WithEmptyMembersIdeal_WithExistingMembersHistoric" storage="e:\code\_migrated\quantplatform\qtg\universegeneratortest\bin\debug\netcoreapp2.0\publish\universegenerator.test.dll" id="693b9818-2135-4e0f-bbd6-7331e6d0889a"><Execution id="6632b367-bd84-4c7b-9467-1b62a6f06ce4" /><TestMethod codeBase="E:\code\_migrated\QuantPlatform\QTG\UniverseGeneratorTest\bin\Debug\netcoreapp2.0\publish\UniverseGenerator.Test.dll" adapterTypeName="executor://nunit3testexecutor/" className="UniverseGenerator.Test.TestQtgMembersHistoricGenerator" name="TestGenerateMembersHistoric_From2010-01-01_WithEmptyMembersIdeal_WithExistingMembersHistoric" /></UnitTest><UnitTest name="TestWithTargetAnnouncement_MultipleAnnouncements" storage="e:\code\_migrated\quantplatform\qtg\universegeneratortest\bin\debug\netcoreapp2.0\publish\universegenerator.test.dll" id="f4eb2de3-62eb-4b2b-a83c-d759eff3fa47"><Execution id="b0661834-8e4b-4b26-8f77-b401dc042b36" /><TestMethod codeBase="E:\code\_migrated\QuantPlatform\QTG\UniverseGeneratorTest\bin\Debug\netcoreapp2.0\publish\UniverseGenerator.Test.dll" adapterTypeName="executor://nunit3testexecutor/" className="UniverseGenerator.Test.Filter.TestTargetAnnouncementFilter" name="TestWithTargetAnnouncement_MultipleAnnouncements" /></UnitTest><UnitTest name="TestSecondNotInUniverse" storage="e:\code\_migrated\quantplatform\qtg\universegeneratortest\bin\debug\netcoreapp2.0\publish\universegenerator.test.dll" id="7a81181a-e74f-4eab-ae51-b138cd7aa26e"><Execution id="dd118e69-bad6-4b5b-822f-8c084425d796" /><TestMethod codeBase="E:\code\_migrated\QuantPlatform\QTG\UniverseGeneratorTest\bin\Debug\netcoreapp2.0\publish\UniverseGenerator.Test.dll" adapterTypeName="executor://nunit3testexecutor/" className="UniverseGenerator.Test.InclusionDate.TestDiffInclusionDates" name="TestSecondNotInUniverse" /></UnitTest><UnitTest name="TestBackOfficeDepartmentApproval" storage="e:\code\_migrated\quantplatform\qtg\universegeneratortest\bin\debug\netcoreapp2.0\publish\universegenerator.test.dll" id="aba2a035-3eeb-4982-8783-7fe46075f4fb"><Execution id="71bbd2d7-caa4-4171-9325-0c470251e44a" /><TestMethod codeBase="E:\code\_migrated\QuantPlatform\QTG\UniverseGeneratorTest\bin\Debug\netcoreapp2.0\publish\UniverseGenerator.Test.dll" adapterTypeName="executor://nunit3testexecutor/" className="UniverseGenerator.Test.Release.TestReleaseApprove" name="TestBackOfficeDepartmentApproval" /></UnitTest><UnitTest name="TestMultipleDays" storage="e:\code\_migrated\quantplatform\qtg\universegeneratortest\bin\debug\netcoreapp2.0\publish\universegenerator.test.dll" id="31a762b8-2e4d-488b-9656-d8576806c44a"><Execution id="c5c55149-4ef0-46ee-86dd-5ab99830d0b0" /><TestMethod codeBase="E:\code\_migrated\QuantPlatform\QTG\UniverseGeneratorTest\bin\Debug\netcoreapp2.0\publish\UniverseGenerator.Test.dll" adapterTypeName="executor://nunit3testexecutor/" className="UniverseGenerator.Test.Futures.TestFutureContractTradingData" name="TestMultipleDays" /></UnitTest><UnitTest name="TestRealIncludedBefore" storage="e:\code\_migrated\quantplatform\qtg\universegeneratortest\bin\debug\netcoreapp2.0\publish\universegenerator.test.dll" id="73887bda-569b-4589-ad04-7c761cb22055"><Execution id="2d6d97dc-1e8e-45d2-9521-1c6a58179709" /><TestMethod codeBase="E:\code\_migrated\QuantPlatform\QTG\UniverseGeneratorTest\bin\Debug\netcoreapp2.0\publish\UniverseGenerator.Test.dll" adapterTypeName="executor://nunit3testexecutor/" className="UniverseGenerator.Test.Release.TestSyncIdeal" name="TestRealIncludedBefore" /></UnitTest><UnitTest name="TestDateExclusion" storage="e:\code\_migrated\quantplatform\qtg\universegeneratortest\bin\debug\netcoreapp2.0\publish\universegenerator.test.dll" id="3fde99c0-71a8-4477-80c4-852341c88646"><Execution id="84c3539c-f38c-4500-9f81-b2c51ccce3df" /><TestMethod codeBase="E:\code\_migrated\QuantPlatform\QTG\UniverseGeneratorTest\bin\Debug\netcoreapp2.0\publish\UniverseGenerator.Test.dll" adapterTypeName="executor://nunit3testexecutor/" className="UniverseGenerator.Test.InclusionDate.TestInclusionDates" name="TestDateExclusion" /></UnitTest><UnitTest name="TestOutThenIn" storage="e:\code\_migrated\quantplatform\qtg\universegeneratortest\bin\debug\netcoreapp2.0\publish\universegenerator.test.dll" id="3a2d33b1-c4eb-43d9-ae33-58e5ecf0cd33"><Execution id="ffa20c7d-3afa-4593-94b5-62cd15ced88d" /><TestMethod codeBase="E:\code\_migrated\QuantPlatform\QTG\UniverseGeneratorTest\bin\Debug\netcoreapp2.0\publish\UniverseGenerator.Test.dll" adapterTypeName="executor://nunit3testexecutor/" className="UniverseGenerator.Test.Filter.TestRemoveFromAllUniversesFilter" name="TestOutThenIn" /></UnitTest><UnitTest name="TestBelowToBetweenToAbove" storage="e:\code\_migrated\quantplatform\qtg\universegeneratortest\bin\debug\netcoreapp2.0\publish\universegenerator.test.dll" id="d9e6bd6d-195f-4998-be11-80cc177d3cb0"><Execution id="e208b8e3-a733-46b4-8b51-0dec2d0b8e25" /><TestMethod codeBase="E:\code\_migrated\QuantPlatform\QTG\UniverseGeneratorTest\bin\Debug\netcoreapp2.0\publish\UniverseGenerator.Test.dll" adapterTypeName="executor://nunit3testexecutor/" className="UniverseGenerator.Test.Filter.FutureContracts.TestThresholdFilter" name="TestBelowToBetweenToAbove" /></UnitTest><UnitTest name="TestBelowToAboveToBetween" storage="e:\code\_migrated\quantplatform\qtg\universegeneratortest\bin\debug\netcoreapp2.0\publish\universegenerator.test.dll" id="63894df9-5a0c-4ac3-8c0e-f1f8b4876da4"><Execution id="153d1df7-d58b-452f-af28-61eea8e0f743" /><TestMethod codeBase="E:\code\_migrated\QuantPlatform\QTG\UniverseGeneratorTest\bin\Debug\netcoreapp2.0\publish\UniverseGenerator.Test.dll" adapterTypeName="executor://nunit3testexecutor/" className="UniverseGenerator.Test.Filter.FutureContracts.TestThresholdFilter" name="TestBelowToAboveToBetween" /></UnitTest><UnitTest name="TestExcluded" storage="e:\code\_migrated\quantplatform\qtg\universegeneratortest\bin\debug\netcoreapp2.0\publish\universegenerator.test.dll" id="4b15b188-4b34-4b13-98d9-a76922ff8845"><Execution id="55d82926-51f9-4540-999a-2e66719a838d" /><TestMethod codeBase="E:\code\_migrated\QuantPlatform\QTG\UniverseGeneratorTest\bin\Debug\netcoreapp2.0\publish\UniverseGenerator.Test.dll" adapterTypeName="executor://nunit3testexecutor/" className="UniverseGenerator.Test.Filter.TestRemoveFromAllUniversesFilter" name="TestExcluded" /></UnitTest><UnitTest name="TestFromAndTo" storage="e:\code\_migrated\quantplatform\qtg\universegeneratortest\bin\debug\netcoreapp2.0\publish\universegenerator.test.dll" id="dfe5c508-dbc8-4156-887e-8b3d1d0bb7b4"><Execution id="4b102530-9881-42ba-9bba-2cbe5e8fa6d9" /><TestMethod codeBase="E:\code\_migrated\QuantPlatform\QTG\UniverseGeneratorTest\bin\Debug\netcoreapp2.0\publish\UniverseGenerator.Test.dll" adapterTypeName="executor://nunit3testexecutor/" className="UniverseGenerator.Test.TestCircularDateBuffer" name="TestFromAndTo" /></UnitTest><UnitTest name="TestSync" storage="e:\code\_migrated\quantplatform\qtg\universegeneratortest\bin\debug\netcoreapp2.0\publish\universegenerator.test.dll" id="fc3234b6-8907-4d17-87d6-e140599c354e"><Execution id="f5ea778b-9707-4d22-b3f1-0a3647263912" /><TestMethod codeBase="E:\code\_migrated\QuantPlatform\QTG\UniverseGeneratorTest\bin\Debug\netcoreapp2.0\publish\UniverseGenerator.Test.dll" adapterTypeName="executor://nunit3testexecutor/" className="UniverseGenerator.Test.Release.TestUniverseDataStoreWriter" name="TestSync" /></UnitTest><UnitTest name="TestExtendTo_Excluded" storage="e:\code\_migrated\quantplatform\qtg\universegeneratortest\bin\debug\netcoreapp2.0\publish\universegenerator.test.dll" id="37728ef5-5496-4d9c-ac20-c4431cb6cb8c"><Execution id="a7d2ea52-2a90-4992-b0fe-9b853e61d21f" /><TestMethod codeBase="E:\code\_migrated\QuantPlatform\QTG\UniverseGeneratorTest\bin\Debug\netcoreapp2.0\publish\UniverseGenerator.Test.dll" adapterTypeName="executor://nunit3testexecutor/" className="UniverseGenerator.Test.InclusionDate.TestInclusionDatesExt" name="TestExtendTo_Excluded" /></UnitTest><UnitTest name="TestEnumerableRange_ToBeforeStart" storage="e:\code\_migrated\quantplatform\qtg\universegeneratortest\bin\debug\netcoreapp2.0\publish\universegenerator.test.dll" id="a08392bd-8c29-4b6d-b990-c904fbe5813a"><Execution id="24c65e57-5aac-4566-a912-23bd2d3c7348" /><TestMethod codeBase="E:\code\_migrated\QuantPlatform\QTG\UniverseGeneratorTest\bin\Debug\netcoreapp2.0\publish\UniverseGenerator.Test.dll" adapterTypeName="executor://nunit3testexecutor/" className="UniverseGenerator.Test.InclusionDate.TestDateRangeExt" name="TestEnumerableRange_ToBeforeStart" /></UnitTest><UnitTest name="TestLiveMembers" storage="e:\code\_migrated\quantplatform\qtg\universegeneratortest\bin\debug\netcoreapp2.0\publish\universegenerator.test.dll" id="daa6473d-be0e-4c0b-b77c-0a5c8fc6f8e2"><Execution id="4e3e691d-8ec3-4221-9147-2a17186ba49f" /><TestMethod codeBase="E:\code\_migrated\QuantPlatform\QTG\UniverseGeneratorTest\bin\Debug\netcoreapp2.0\publish\UniverseGenerator.Test.dll" adapterTypeName="executor://nunit3testexecutor/" className="UniverseGenerator.Test.TestUniverseConfig" name="TestLiveMembers" /></UnitTest><UnitTest name="TestGenerateMembersHistoric_From2010-01-01_WithEmptyMembersIdeal_WithEmptyExistingMembersHistoric" storage="e:\code\_migrated\quantplatform\qtg\universegeneratortest\bin\debug\netcoreapp2.0\publish\universegenerator.test.dll" id="6fd6c70b-ca93-44f8-9a70-f2222d7e6a15"><Execution id="609cd329-54dd-4659-b12e-316e43cae1cd" /><TestMethod codeBase="E:\code\_migrated\QuantPlatform\QTG\UniverseGeneratorTest\bin\Debug\netcoreapp2.0\publish\UniverseGenerator.Test.dll" adapterTypeName="executor://nunit3testexecutor/" className="UniverseGenerator.Test.TestQtgMembersHistoricGenerator" name="TestGenerateMembersHistoric_From2010-01-01_WithEmptyMembersIdeal_WithEmptyExistingMembersHistoric" /></UnitTest><UnitTest name="TestMultipleFutureContracts" storage="e:\code\_migrated\quantplatform\qtg\universegeneratortest\bin\debug\netcoreapp2.0\publish\universegenerator.test.dll" id="cd079052-55ff-49c6-9a3b-68172e1c2a75"><Execution id="d4a784d3-42d4-47d0-a3e0-0fde483c92e9" /><TestMethod codeBase="E:\code\_migrated\QuantPlatform\QTG\UniverseGeneratorTest\bin\Debug\netcoreapp2.0\publish\UniverseGenerator.Test.dll" adapterTypeName="executor://nunit3testexecutor/" className="UniverseGenerator.Test.Filter.FutureContracts.TestRecentLiquidFutureContracts" name="TestMultipleFutureContracts" /></UnitTest><UnitTest name="TestConjunctionOverlap" storage="e:\code\_migrated\quantplatform\qtg\universegeneratortest\bin\debug\netcoreapp2.0\publish\universegenerator.test.dll" id="ab39afb9-0650-4830-aabe-4532d63eb79b"><Execution id="9ef603f5-ca9d-4582-9b7c-2e05b41fa834" /><TestMethod codeBase="E:\code\_migrated\QuantPlatform\QTG\UniverseGeneratorTest\bin\Debug\netcoreapp2.0\publish\UniverseGenerator.Test.dll" adapterTypeName="executor://nunit3testexecutor/" className="UniverseGenerator.Test.InclusionDate.TestUnionInclusionDates" name="TestConjunctionOverlap" /></UnitTest><UnitTest name="TestGenerateMembersHistoric_From2018-01-01_WithMembersIdealAfterExistingMembersHistoricEndDate_WithoutExistingMembersHistoric" storage="e:\code\_migrated\quantplatform\qtg\universegeneratortest\bin\debug\netcoreapp2.0\publish\universegenerator.test.dll" id="0d27e8b2-7022-4141-8426-d72aded66a2e"><Execution id="a30144ea-1fea-40a1-94ac-1d94fe717935" /><TestMethod codeBase="E:\code\_migrated\QuantPlatform\QTG\UniverseGeneratorTest\bin\Debug\netcoreapp2.0\publish\UniverseGenerator.Test.dll" adapterTypeName="executor://nunit3testexecutor/" className="UniverseGenerator.Test.TestQtgMembersHistoricGenerator" name="TestGenerateMembersHistoric_From2018-01-01_WithMembersIdealAfterExistingMembersHistoricEndDate_WithoutExistingMembersHistoric" /></UnitTest><UnitTest name="TestOneEntry" storage="e:\code\_migrated\quantplatform\qtg\universegeneratortest\bin\debug\netcoreapp2.0\publish\universegenerator.test.dll" id="b303cfc9-7b58-4206-a205-47a3f4b18d0e"><Execution id="3b367003-98bc-40f0-a16a-c889bc01c775" /><TestMethod codeBase="E:\code\_migrated\QuantPlatform\QTG\UniverseGeneratorTest\bin\Debug\netcoreapp2.0\publish\UniverseGenerator.Test.dll" adapterTypeName="executor://nunit3testexecutor/" className="UniverseGenerator.Test.Futures.TestFutureContractTradingData" name="TestOneEntry" /></UnitTest><UnitTest name="TestBeginTradingDate_ReadFromLive" storage="e:\code\_migrated\quantplatform\qtg\universegeneratortest\bin\debug\netcoreapp2.0\publish\universegenerator.test.dll" id="e2668655-6b81-4b40-bf17-768509da2363"><Execution id="44c93054-9da9-4f1d-ba05-3d94cd8ff8b9" /><TestMethod codeBase="E:\code\_migrated\QuantPlatform\QTG\UniverseGeneratorTest\bin\Debug\netcoreapp2.0\publish\UniverseGenerator.Test.dll" adapterTypeName="executor://nunit3testexecutor/" className="UniverseGenerator.Test.TestUniverseConfig" name="TestBeginTradingDate_ReadFromLive" /></UnitTest><UnitTest name="TestDateForPropagation_After" storage="e:\code\_migrated\quantplatform\qtg\universegeneratortest\bin\debug\netcoreapp2.0\publish\universegenerator.test.dll" id="71435104-803a-49bc-b24c-9e47a027758d"><Execution id="e40786c5-df61-4a49-8788-eeaebcb1c2c9" /><TestMethod codeBase="E:\code\_migrated\QuantPlatform\QTG\UniverseGeneratorTest\bin\Debug\netcoreapp2.0\publish\UniverseGenerator.Test.dll" adapterTypeName="executor://nunit3testexecutor/" className="UniverseGenerator.Test.InclusionDate.TestInclusionDatesExt" name="TestDateForPropagation_After" /></UnitTest><UnitTest name="TestSendReleaseApprovedEmailIfNeeded_Cancelled" storage="e:\code\_migrated\quantplatform\qtg\universegeneratortest\bin\debug\netcoreapp2.0\publish\universegenerator.test.dll" id="d8d3231c-be61-4e6f-90fa-d933d141eadb"><Execution id="c995d316-9a3c-4880-852c-b2a4809434d0" /><TestMethod codeBase="E:\code\_migrated\QuantPlatform\QTG\UniverseGeneratorTest\bin\Debug\netcoreapp2.0\publish\UniverseGenerator.Test.dll" adapterTypeName="executor://nunit3testexecutor/" className="UniverseGenerator.Test.Email.TestEmails" name="TestSendReleaseApprovedEmailIfNeeded_Cancelled" /></UnitTest><UnitTest name="TestIsReleaseLocked_ReleaseNotPending_Cancelled" storage="e:\code\_migrated\quantplatform\qtg\universegeneratortest\bin\debug\netcoreapp2.0\publish\universegenerator.test.dll" id="4ca3d42d-0ecb-4570-bbc0-e5b012c594e4"><Execution id="60ab1910-5ed1-4611-bcb9-a20c767242c6" /><TestMethod codeBase="E:\code\_migrated\QuantPlatform\QTG\UniverseGeneratorTest\bin\Debug\netcoreapp2.0\publish\UniverseGenerator.Test.dll" adapterTypeName="executor://nunit3testexecutor/" className="UniverseGenerator.Test.Release.TestApprovalManager" name="TestIsReleaseLocked_ReleaseNotPending_Cancelled" /></UnitTest><UnitTest name="TestCreateInclusionDates" storage="e:\code\_migrated\quantplatform\qtg\universegeneratortest\bin\debug\netcoreapp2.0\publish\universegenerator.test.dll" id="69a5b218-12a2-4893-ad22-fc41a978e063"><Execution id="995709db-0ac0-454c-ad49-80e1592d2ea6" /><TestMethod codeBase="E:\code\_migrated\QuantPlatform\QTG\UniverseGeneratorTest\bin\Debug\netcoreapp2.0\publish\UniverseGenerator.Test.dll" adapterTypeName="executor://nunit3testexecutor/" className="UniverseGenerator.Test.InclusionDate.Converter.TestInclusionDatesConverter" name="TestCreateInclusionDates" /></UnitTest><UnitTest name="TestReasons_AllExcluded" storage="e:\code\_migrated\quantplatform\qtg\universegeneratortest\bin\debug\netcoreapp2.0\publish\universegenerator.test.dll" id="e695f520-75f9-4e8f-a662-7a4f479bd104"><Execution id="d6bfc373-1533-4052-9eb4-7831dd8e59d9" /><TestMethod codeBase="E:\code\_migrated\QuantPlatform\QTG\UniverseGeneratorTest\bin\Debug\netcoreapp2.0\publish\UniverseGenerator.Test.dll" adapterTypeName="executor://nunit3testexecutor/" className="UniverseGenerator.Test.InclusionDate.TestInclusionDates" name="TestReasons_AllExcluded" /></UnitTest><UnitTest name="TestExcludeOnPrice" storage="e:\code\_migrated\quantplatform\qtg\universegeneratortest\bin\debug\netcoreapp2.0\publish\universegenerator.test.dll" id="058fe259-d052-4858-8db2-b8fd9e0201c4"><Execution id="152ce7ba-d867-40d6-999f-2afc1f4889b1" /><TestMethod codeBase="E:\code\_migrated\QuantPlatform\QTG\UniverseGeneratorTest\bin\Debug\netcoreapp2.0\publish\UniverseGenerator.Test.dll" adapterTypeName="executor://nunit3testexecutor/" className="UniverseGenerator.Test.Filter.Liquidity.TestHitRatioRollingLiquidityCriteria" name="TestExcludeOnPrice" /></UnitTest><UnitTest name="TestRatio" storage="e:\code\_migrated\quantplatform\qtg\universegeneratortest\bin\debug\netcoreapp2.0\publish\universegenerator.test.dll" id="01b09d79-887d-475c-a7b2-5b0bcc725a42"><Execution id="9716b503-2aae-4e5c-a587-9c46cb25d625" /><TestMethod codeBase="E:\code\_migrated\QuantPlatform\QTG\UniverseGeneratorTest\bin\Debug\netcoreapp2.0\publish\UniverseGenerator.Test.dll" adapterTypeName="executor://nunit3testexecutor/" className="UniverseGenerator.Test.Filter.Liquidity.TestHitRatioRollingLiquidityCriteria" name="TestRatio" /></UnitTest><UnitTest name="TestBelowExcludedThreshold" storage="e:\code\_migrated\quantplatform\qtg\universegeneratortest\bin\debug\netcoreapp2.0\publish\universegenerator.test.dll" id="fb6b60d7-89c8-4f0c-8553-63ab5c82bf4f"><Execution id="1271e87a-28ab-42c5-a5fc-dd65855264f3" /><TestMethod codeBase="E:\code\_migrated\QuantPlatform\QTG\UniverseGeneratorTest\bin\Debug\netcoreapp2.0\publish\UniverseGenerator.Test.dll" adapterTypeName="executor://nunit3testexecutor/" className="UniverseGenerator.Test.Filter.FutureContracts.TestFutureContractLiquidityCriteria" name="TestBelowExcludedThreshold" /></UnitTest><UnitTest name="TestSingleEntry_Start_ApplyPriceMultiplier" storage="e:\code\_migrated\quantplatform\qtg\universegeneratortest\bin\debug\netcoreapp2.0\publish\universegenerator.test.dll" id="fae6a5e5-41e6-492f-9642-4edd51d6556d"><Execution id="f2e2cd18-ae1c-43a1-875d-bfb46393acb8" /><TestMethod codeBase="E:\code\_migrated\QuantPlatform\QTG\UniverseGeneratorTest\bin\Debug\netcoreapp2.0\publish\UniverseGenerator.Test.dll" adapterTypeName="executor://nunit3testexecutor/" className="UniverseGenerator.Test.Futures.Mean.TestFutureContractVolumeAdjustedLiquidity" name="TestSingleEntry_Start_ApplyPriceMultiplier" /></UnitTest><UnitTest name="TestCreateFromLiveUniverse" storage="e:\code\_migrated\quantplatform\qtg\universegeneratortest\bin\debug\netcoreapp2.0\publish\universegenerator.test.dll" id="b9fc3c8d-0fe7-47b6-9765-e38740382d36"><Execution id="e347a459-456c-4788-8439-313a35ef7b3b" /><TestMethod codeBase="E:\code\_migrated\QuantPlatform\QTG\UniverseGeneratorTest\bin\Debug\netcoreapp2.0\publish\UniverseGenerator.Test.dll" adapterTypeName="executor://nunit3testexecutor/" className="UniverseGenerator.Test.TestUniverseConfig" name="TestCreateFromLiveUniverse" /></UnitTest><UnitTest name="TestNoCorpActions" storage="e:\code\_migrated\quantplatform\qtg\universegeneratortest\bin\debug\netcoreapp2.0\publish\universegenerator.test.dll" id="054bf032-b3c1-4fce-87b5-e535fb95bd3f"><Execution id="e4d77f51-f2f1-4a47-a3ce-2cd8bf83a30b" /><TestMethod codeBase="E:\code\_migrated\QuantPlatform\QTG\UniverseGeneratorTest\bin\Debug\netcoreapp2.0\publish\UniverseGenerator.Test.dll" adapterTypeName="executor://nunit3testexecutor/" className="UniverseGenerator.Test.Filter.TestMergerFilter" name="TestNoCorpActions" /></UnitTest><UnitTest name="TestNoChanges_Excluded" storage="e:\code\_migrated\quantplatform\qtg\universegeneratortest\bin\debug\netcoreapp2.0\publish\universegenerator.test.dll" id="25541f6a-c228-496b-b153-6b3322950718"><Execution id="4088ed6e-91af-4c26-baa2-87eee8e6269a" /><TestMethod codeBase="E:\code\_migrated\QuantPlatform\QTG\UniverseGeneratorTest\bin\Debug\netcoreapp2.0\publish\UniverseGenerator.Test.dll" adapterTypeName="executor://nunit3testexecutor/" className="UniverseGenerator.Test.Release.TestSyncIdeal" name="TestNoChanges_Excluded" /></UnitTest><UnitTest name="TestGenerateMembersHistoric_From2018-01-01_WithMembersIdealAroundExistingMembersHistoricEndDate_WithEmptyExistingMembersHistoric" storage="e:\code\_migrated\quantplatform\qtg\universegeneratortest\bin\debug\netcoreapp2.0\publish\universegenerator.test.dll" id="fe0fe1c4-f735-437d-9df9-27307458f539"><Execution id="73016094-65cb-4f7d-a1aa-4dab90329fef" /><TestMethod codeBase="E:\code\_migrated\QuantPlatform\QTG\UniverseGeneratorTest\bin\Debug\netcoreapp2.0\publish\UniverseGenerator.Test.dll" adapterTypeName="executor://nunit3testexecutor/" className="UniverseGenerator.Test.TestQtgMembersHistoricGenerator" name="TestGenerateMembersHistoric_From2018-01-01_WithMembersIdealAroundExistingMembersHistoricEndDate_WithEmptyExistingMembersHistoric" /></UnitTest><UnitTest name="TestOutThenInThenBackOut_ConsecutiveValidsAndInvalids" storage="e:\code\_migrated\quantplatform\qtg\universegeneratortest\bin\debug\netcoreapp2.0\publish\universegenerator.test.dll" id="7cae4d91-f81f-40ce-9d40-60deceac565d"><Execution id="9401b10d-4e09-4f23-8c01-a4be32183260" /><TestMethod codeBase="E:\code\_migrated\QuantPlatform\QTG\UniverseGeneratorTest\bin\Debug\netcoreapp2.0\publish\UniverseGenerator.Test.dll" adapterTypeName="executor://nunit3testexecutor/" className="UniverseGenerator.Test.Filter.FutureContracts.TestFutureContractUniversePresenceFilter" name="TestOutThenInThenBackOut_ConsecutiveValidsAndInvalids" /></UnitTest><UnitTest name="TestWithFutures_AllNoApprovalSet" storage="e:\code\_migrated\quantplatform\qtg\universegeneratortest\bin\debug\netcoreapp2.0\publish\universegenerator.test.dll" id="200cfc19-3df0-4b90-9593-2cf094b76421"><Execution id="e9c17afa-098e-4a57-9155-ba6ec64bd600" /><TestMethod codeBase="E:\code\_migrated\QuantPlatform\QTG\UniverseGeneratorTest\bin\Debug\netcoreapp2.0\publish\UniverseGenerator.Test.dll" adapterTypeName="executor://nunit3testexecutor/" className="UniverseGenerator.Test.Email.FutureContracts.TestUnapprovedFuturesSectionGenerator" name="TestWithFutures_AllNoApprovalSet" /></UnitTest><UnitTest name="TestNextReleaseDate_AlwaysReturnsFirstOfCurrentMonth" storage="e:\code\_migrated\quantplatform\qtg\universegeneratortest\bin\debug\netcoreapp2.0\publish\universegenerator.test.dll" id="601a9073-8d23-4e46-a64a-eb99baf095d5"><Execution id="3d67177a-bb59-4897-bda6-658a5aba37db" /><TestMethod codeBase="E:\code\_migrated\QuantPlatform\QTG\UniverseGeneratorTest\bin\Debug\netcoreapp2.0\publish\UniverseGenerator.Test.dll" adapterTypeName="executor://nunit3testexecutor/" className="UniverseGenerator.Test.Release.TestStocksUniverseHandler" name="TestNextReleaseDate_AlwaysReturnsFirstOfCurrentMonth" /></UnitTest><UnitTest name="TestConsequtiveAddition_MultipleReasons" storage="e:\code\_migrated\quantplatform\qtg\universegeneratortest\bin\debug\netcoreapp2.0\publish\universegenerator.test.dll" id="54b810bd-feda-4686-9ce5-4c55d1f7a9f0"><Execution id="e6afad96-b36e-4f05-8d71-26e3ca11f584" /><TestMethod codeBase="E:\code\_migrated\QuantPlatform\QTG\UniverseGeneratorTest\bin\Debug\netcoreapp2.0\publish\UniverseGenerator.Test.dll" adapterTypeName="executor://nunit3testexecutor/" className="UniverseGenerator.Test.InclusionDate.TestDiffDatesForDataSync" name="TestConsequtiveAddition_MultipleReasons" /></UnitTest><UnitTest name="TestFirstDate" storage="e:\code\_migrated\quantplatform\qtg\universegeneratortest\bin\debug\netcoreapp2.0\publish\universegenerator.test.dll" id="2d334568-f292-4d13-9bf3-43662d41dea8"><Execution id="5936b9e7-ee77-4151-bd86-708f5ee46fa1" /><TestMethod codeBase="E:\code\_migrated\QuantPlatform\QTG\UniverseGeneratorTest\bin\Debug\netcoreapp2.0\publish\UniverseGenerator.Test.dll" adapterTypeName="executor://nunit3testexecutor/" className="UniverseGenerator.Test.Filter.Liquidity.TestHitRatioRollingLiquidityCriteria" name="TestFirstDate" /></UnitTest><UnitTest name="TestReleaseState_ApprovePending" storage="e:\code\_migrated\quantplatform\qtg\universegeneratortest\bin\debug\netcoreapp2.0\publish\universegenerator.test.dll" id="d4456ad6-4655-4268-a4f9-3e9495542522"><Execution id="92ccc8c7-8eb5-4075-9d84-398c46f1413c" /><TestMethod codeBase="E:\code\_migrated\QuantPlatform\QTG\UniverseGeneratorTest\bin\Debug\netcoreapp2.0\publish\UniverseGenerator.Test.dll" adapterTypeName="executor://nunit3testexecutor/" className="UniverseGenerator.Test.Release.TestReleaseApprove" name="TestReleaseState_ApprovePending" /></UnitTest><UnitTest name="TestRemoveDead_WithExpiryDateTimeAfterSpecifiedThreshold" storage="e:\code\_migrated\quantplatform\qtg\universegeneratortest\bin\debug\netcoreapp2.0\publish\universegenerator.test.dll" id="976040d4-a3da-4d0b-8364-0a06946a5519"><Execution id="7e52b58d-e3bd-46b3-bd58-54c67a9c27f9" /><TestMethod codeBase="E:\code\_migrated\QuantPlatform\QTG\UniverseGeneratorTest\bin\Debug\netcoreapp2.0\publish\UniverseGenerator.Test.dll" adapterTypeName="executor://nunit3testexecutor/" className="UniverseGenerator.Test.Filter.FutureContracts.TestFutureContractDeathDateFilter" name="TestRemoveDead_WithExpiryDateTimeAfterSpecifiedThreshold" /></UnitTest><UnitTest name="TestRoundTripConversion" storage="e:\code\_migrated\quantplatform\qtg\universegeneratortest\bin\debug\netcoreapp2.0\publish\universegenerator.test.dll" id="b8ef9817-ba52-4f84-b9bf-891d9d2b7167"><Execution id="001a2056-875a-4bd8-b351-fb83eeebac52" /><TestMethod codeBase="E:\code\_migrated\QuantPlatform\QTG\UniverseGeneratorTest\bin\Debug\netcoreapp2.0\publish\UniverseGenerator.Test.dll" adapterTypeName="executor://nunit3testexecutor/" className="UniverseGenerator.Test.InclusionDate.TestUniGenReasonConverter" name="TestRoundTripConversion" /></UnitTest><UnitTest name="TestFilterFor_FilteredUniverseIds" storage="e:\code\_migrated\quantplatform\qtg\universegeneratortest\bin\debug\netcoreapp2.0\publish\universegenerator.test.dll" id="5683d366-aeb6-40d5-85a2-2c17c4bbd624"><Execution id="bf428713-d400-4112-8cf0-df5475c6429e" /><TestMethod codeBase="E:\code\_migrated\QuantPlatform\QTG\UniverseGeneratorTest\bin\Debug\netcoreapp2.0\publish\UniverseGenerator.Test.dll" adapterTypeName="executor://nunit3testexecutor/" className="UniverseGenerator.Test.Filter.TestEuropeUniverseFilter" name="TestFilterFor_FilteredUniverseIds" /></UnitTest><UnitTest name="TestGenerateMembersHistoric_From2010-01-01_WithoutMembersIdeal_WithExistingMembersHistoricEndingWithAnAdd" storage="e:\code\_migrated\quantplatform\qtg\universegeneratortest\bin\debug\netcoreapp2.0\publish\universegenerator.test.dll" id="878db99b-8270-44ca-bfb5-bc9da2c2bc81"><Execution id="b4e637fe-1017-452a-9546-37af3c0a858e" /><TestMethod codeBase="E:\code\_migrated\QuantPlatform\QTG\UniverseGeneratorTest\bin\Debug\netcoreapp2.0\publish\UniverseGenerator.Test.dll" adapterTypeName="executor://nunit3testexecutor/" className="UniverseGenerator.Test.TestQtgMembersHistoricGenerator" name="TestGenerateMembersHistoric_From2010-01-01_WithoutMembersIdeal_WithExistingMembersHistoricEndingWithAnAdd" /></UnitTest><UnitTest name="TestRemoveDead_Middle" storage="e:\code\_migrated\quantplatform\qtg\universegeneratortest\bin\debug\netcoreapp2.0\publish\universegenerator.test.dll" id="1b6b96ce-60ca-42a7-9fe7-1418a7be86be"><Execution id="400942c4-36c1-4045-baa1-ac70ec5da5fa" /><TestMethod codeBase="E:\code\_migrated\QuantPlatform\QTG\UniverseGeneratorTest\bin\Debug\netcoreapp2.0\publish\UniverseGenerator.Test.dll" adapterTypeName="executor://nunit3testexecutor/" className="UniverseGenerator.Test.Filter.FutureContracts.TestFutureContractCalendarFilter" name="TestRemoveDead_Middle" /></UnitTest><UnitTest name="TestFilterWhereUnderlyingFutureIsMissing" storage="e:\code\_migrated\quantplatform\qtg\universegeneratortest\bin\debug\netcoreapp2.0\publish\universegenerator.test.dll" id="07f0255e-38fa-4ea4-9555-9b60653eb78b"><Execution id="db17913b-1a06-4c40-8b88-ff51c2c897f2" /><TestMethod codeBase="E:\code\_migrated\QuantPlatform\QTG\UniverseGeneratorTest\bin\Debug\netcoreapp2.0\publish\UniverseGenerator.Test.dll" adapterTypeName="executor://nunit3testexecutor/" className="UniverseGenerator.Test.Members.SyntheticFutures.TestSyntheticFuturesProvider" name="TestFilterWhereUnderlyingFutureIsMissing" /></UnitTest><UnitTest name="TestAboveThreshold" storage="e:\code\_migrated\quantplatform\qtg\universegeneratortest\bin\debug\netcoreapp2.0\publish\universegenerator.test.dll" id="a7dd78a9-bf21-414b-b95f-c2f86769b13b"><Execution id="69ca48a5-866e-49ee-abfc-42fee8540bdd" /><TestMethod codeBase="E:\code\_migrated\QuantPlatform\QTG\UniverseGeneratorTest\bin\Debug\netcoreapp2.0\publish\UniverseGenerator.Test.dll" adapterTypeName="executor://nunit3testexecutor/" className="UniverseGenerator.Test.Filter.FutureContracts.TestThresholdFilter" name="TestAboveThreshold" /></UnitTest><UnitTest name="TestOnlyExistingIncluded_WithLastDayBeingAWorkingDay" storage="e:\code\_migrated\quantplatform\qtg\universegeneratortest\bin\debug\netcoreapp2.0\publish\universegenerator.test.dll" id="4fc23b1b-8b83-4ad0-b208-2d1dbcd844b5"><Execution id="f2fc7472-74e3-4d5e-87fd-682b8e6600f4" /><TestMethod codeBase="E:\code\_migrated\QuantPlatform\QTG\UniverseGeneratorTest\bin\Debug\netcoreapp2.0\publish\UniverseGenerator.Test.dll" adapterTypeName="executor://nunit3testexecutor/" className="UniverseGenerator.Test.Members.TestQtgMembersGenerator" name="TestOnlyExistingIncluded_WithLastDayBeingAWorkingDay" /></UnitTest><UnitTest name="TestPresentToLastDaySingleStock" storage="e:\code\_migrated\quantplatform\qtg\universegeneratortest\bin\debug\netcoreapp2.0\publish\universegenerator.test.dll" id="ec79117b-28c7-415d-b7ec-616b99355aa9"><Execution id="66e5e010-2e12-430d-9f93-d847b98ad24f" /><TestMethod codeBase="E:\code\_migrated\QuantPlatform\QTG\UniverseGeneratorTest\bin\Debug\netcoreapp2.0\publish\UniverseGenerator.Test.dll" adapterTypeName="executor://nunit3testexecutor/" className="UniverseGenerator.Test.InclusionDate.Converter.TestInclusionDatesConverter" name="TestPresentToLastDaySingleStock" /></UnitTest><UnitTest name="TestEnumerableRange_FromIsTo_BeforeStart" storage="e:\code\_migrated\quantplatform\qtg\universegeneratortest\bin\debug\netcoreapp2.0\publish\universegenerator.test.dll" id="ac89cc21-c800-4569-a219-7f6af85dfe29"><Execution id="82853a9b-a31c-45dc-94c6-16a938c277ea" /><TestMethod codeBase="E:\code\_migrated\QuantPlatform\QTG\UniverseGeneratorTest\bin\Debug\netcoreapp2.0\publish\UniverseGenerator.Test.dll" adapterTypeName="executor://nunit3testexecutor/" className="UniverseGenerator.Test.InclusionDate.TestDateRangeExt" name="TestEnumerableRange_FromIsTo_BeforeStart" /></UnitTest><UnitTest name="TestNextReleaseDate_AlwaysReturnsTodayMidnight" storage="e:\code\_migrated\quantplatform\qtg\universegeneratortest\bin\debug\netcoreapp2.0\publish\universegenerator.test.dll" id="b68a9abe-7387-432c-90ae-d5ade172189f"><Execution id="0c71d1d7-6fd6-4558-be18-93c04d3b786e" /><TestMethod codeBase="E:\code\_migrated\QuantPlatform\QTG\UniverseGeneratorTest\bin\Debug\netcoreapp2.0\publish\UniverseGenerator.Test.dll" adapterTypeName="executor://nunit3testexecutor/" className="UniverseGenerator.Test.Release.TestFutureContractsUniverseHandler" name="TestNextReleaseDate_AlwaysReturnsTodayMidnight" /></UnitTest><UnitTest name="TestSectorSetViaRdgFieldMidWay" storage="e:\code\_migrated\quantplatform\qtg\universegeneratortest\bin\debug\netcoreapp2.0\publish\universegenerator.test.dll" id="ed9ed7aa-8069-4196-bee2-da34339b38ae"><Execution id="530afbaf-69d1-4d8b-9f76-8d55769ee6f2" /><TestMethod codeBase="E:\code\_migrated\QuantPlatform\QTG\UniverseGeneratorTest\bin\Debug\netcoreapp2.0\publish\UniverseGenerator.Test.dll" adapterTypeName="executor://nunit3testexecutor/" className="UniverseGenerator.Test.Filter.TestSectorFilter" name="TestSectorSetViaRdgFieldMidWay" /></UnitTest><UnitTest name="TestEmptyFutures" storage="e:\code\_migrated\quantplatform\qtg\universegeneratortest\bin\debug\netcoreapp2.0\publish\universegenerator.test.dll" id="b4fd286b-53ce-45a2-92e1-e376489eef25"><Execution id="c1e0b9d6-4e1f-49e3-a53f-65143195f18b" /><TestMethod codeBase="E:\code\_migrated\QuantPlatform\QTG\UniverseGeneratorTest\bin\Debug\netcoreapp2.0\publish\UniverseGenerator.Test.dll" adapterTypeName="executor://nunit3testexecutor/" className="UniverseGenerator.Test.Members.SyntheticFutures.TestSyntheticFuturesProvider" name="TestEmptyFutures" /></UnitTest><UnitTest name="TestSyncUniverse_SyncAllMembers" storage="e:\code\_migrated\quantplatform\qtg\universegeneratortest\bin\debug\netcoreapp2.0\publish\universegenerator.test.dll" id="7af3a4cb-eabc-4430-996c-c791d444e503"><Execution id="bb687bb8-3e7e-4592-a04d-645ff513b2da" /><TestMethod codeBase="E:\code\_migrated\QuantPlatform\QTG\UniverseGeneratorTest\bin\Debug\netcoreapp2.0\publish\UniverseGenerator.Test.dll" adapterTypeName="executor://nunit3testexecutor/" className="UniverseGenerator.Test.Release.TestStocksUniverseHandler" name="TestSyncUniverse_SyncAllMembers" /></UnitTest><UnitTest name="TestWritePendingMembersAndMembersIdeal(True,True)" storage="e:\code\_migrated\quantplatform\qtg\universegeneratortest\bin\debug\netcoreapp2.0\publish\universegenerator.test.dll" id="baedd598-ddbd-4735-858e-b630dd58982e"><Execution id="79ca469c-3902-4f44-9017-853a52581597" /><TestMethod codeBase="E:\code\_migrated\QuantPlatform\QTG\UniverseGeneratorTest\bin\Debug\netcoreapp2.0\publish\UniverseGenerator.Test.dll" adapterTypeName="executor://nunit3testexecutor/" className="UniverseGenerator.Test.Release.TestUniverseDatabaseWriter" name="TestWritePendingMembersAndMembersIdeal(True,True)" /></UnitTest><UnitTest name="TestAddedInTheMiddleFromInvalidExchange" storage="e:\code\_migrated\quantplatform\qtg\universegeneratortest\bin\debug\netcoreapp2.0\publish\universegenerator.test.dll" id="75afa01f-3422-4e0c-93c7-9f191658ba20"><Execution id="693c0267-0447-4109-98de-5668ec3a3874" /><TestMethod codeBase="E:\code\_migrated\QuantPlatform\QTG\UniverseGeneratorTest\bin\Debug\netcoreapp2.0\publish\UniverseGenerator.Test.dll" adapterTypeName="executor://nunit3testexecutor/" className="UniverseGenerator.Test.Filter.FutureContracts.TestFutureContractUniversePresenceFilter" name="TestAddedInTheMiddleFromInvalidExchange" /></UnitTest><UnitTest name="TestExcludedHalfWayThrough_AndIdealIncludedBeyond" storage="e:\code\_migrated\quantplatform\qtg\universegeneratortest\bin\debug\netcoreapp2.0\publish\universegenerator.test.dll" id="8bf438b6-b023-455c-81ff-ca476a6f40ee"><Execution id="d4cdb689-cfc0-4312-8059-11a25a858216" /><TestMethod codeBase="E:\code\_migrated\QuantPlatform\QTG\UniverseGeneratorTest\bin\Debug\netcoreapp2.0\publish\UniverseGenerator.Test.dll" adapterTypeName="executor://nunit3testexecutor/" className="UniverseGenerator.Test.Release.TestSyncIdeal" name="TestExcludedHalfWayThrough_AndIdealIncludedBeyond" /></UnitTest><UnitTest name="TestEmptyFutureContracts" storage="e:\code\_migrated\quantplatform\qtg\universegeneratortest\bin\debug\netcoreapp2.0\publish\universegenerator.test.dll" id="d0bb4d8b-f907-4fda-aacf-22e36d1bf33e"><Execution id="038af1aa-d5d4-432c-b6df-22c9b6c4fc1d" /><TestMethod codeBase="E:\code\_migrated\QuantPlatform\QTG\UniverseGeneratorTest\bin\Debug\netcoreapp2.0\publish\UniverseGenerator.Test.dll" adapterTypeName="executor://nunit3testexecutor/" className="UniverseGenerator.Test.Futures.TestFutureContractsProvider" name="TestEmptyFutureContracts" /></UnitTest><UnitTest name="TestMultipleDays_WithGap" storage="e:\code\_migrated\quantplatform\qtg\universegeneratortest\bin\debug\netcoreapp2.0\publish\universegenerator.test.dll" id="99d55632-8341-4503-8d23-f64d41f4cb00"><Execution id="5e0306d3-59d3-46ae-a1b1-31175e0abf95" /><TestMethod codeBase="E:\code\_migrated\QuantPlatform\QTG\UniverseGeneratorTest\bin\Debug\netcoreapp2.0\publish\UniverseGenerator.Test.dll" adapterTypeName="executor://nunit3testexecutor/" className="UniverseGenerator.Test.Futures.TestFutureContractTradingData" name="TestMultipleDays_WithGap" /></UnitTest><UnitTest name="TestGenerateMembersHistoric_From0001-01-01_WithMembersIdealAroundExistingMembersHistoricEndDate_WithExistingMembersHistoricEndingWithAnAdd" storage="e:\code\_migrated\quantplatform\qtg\universegeneratortest\bin\debug\netcoreapp2.0\publish\universegenerator.test.dll" id="345fa2be-429b-4e40-81e8-ac912b5223d2"><Execution id="677cdfcb-42f2-4462-9c7c-1c703bf79be0" /><TestMethod codeBase="E:\code\_migrated\QuantPlatform\QTG\UniverseGeneratorTest\bin\Debug\netcoreapp2.0\publish\UniverseGenerator.Test.dll" adapterTypeName="executor://nunit3testexecutor/" className="UniverseGenerator.Test.TestQtgMembersHistoricGenerator" name="TestGenerateMembersHistoric_From0001-01-01_WithMembersIdealAroundExistingMembersHistoricEndDate_WithExistingMembersHistoricEndingWithAnAdd" /></UnitTest><UnitTest name="TestWriteLiveMembersHistoric" storage="e:\code\_migrated\quantplatform\qtg\universegeneratortest\bin\debug\netcoreapp2.0\publish\universegenerator.test.dll" id="3d606d4f-4127-4249-9d08-c49933b29826"><Execution id="416a8a85-dbf4-4d1a-9e2b-20ea9cf04dc4" /><TestMethod codeBase="E:\code\_migrated\QuantPlatform\QTG\UniverseGeneratorTest\bin\Debug\netcoreapp2.0\publish\UniverseGenerator.Test.dll" adapterTypeName="executor://nunit3testexecutor/" className="UniverseGenerator.Test.Release.TestUniverseDatabaseWriter" name="TestWriteLiveMembersHistoric" /></UnitTest><UnitTest name="TestGenerateMembersHistoric_From2018-01-01_WithEmptyMembersIdeal_WithoutExistingMembersHistoric" storage="e:\code\_migrated\quantplatform\qtg\universegeneratortest\bin\debug\netcoreapp2.0\publish\universegenerator.test.dll" id="0c13ae64-9aea-4614-b040-a50a8a6f2468"><Execution id="dc94c04d-bc1a-489c-8ac4-ce09c67eb07f" /><TestMethod codeBase="E:\code\_migrated\QuantPlatform\QTG\UniverseGeneratorTest\bin\Debug\netcoreapp2.0\publish\UniverseGenerator.Test.dll" adapterTypeName="executor://nunit3testexecutor/" className="UniverseGenerator.Test.TestQtgMembersHistoricGenerator" name="TestGenerateMembersHistoric_From2018-01-01_WithEmptyMembersIdeal_WithoutExistingMembersHistoric" /></UnitTest><UnitTest name="TestMultipleEntries_VolumeSum" storage="e:\code\_migrated\quantplatform\qtg\universegeneratortest\bin\debug\netcoreapp2.0\publish\universegenerator.test.dll" id="0ed92364-f54a-47c5-b110-0b0c81ba510d"><Execution id="1ed05c2b-ffc6-429f-9fda-f78d4a13c05e" /><TestMethod codeBase="E:\code\_migrated\QuantPlatform\QTG\UniverseGeneratorTest\bin\Debug\netcoreapp2.0\publish\UniverseGenerator.Test.dll" adapterTypeName="executor://nunit3testexecutor/" className="UniverseGenerator.Test.Futures.Mean.TestFutureContractVolumeAdjustedLiquidity" name="TestMultipleEntries_VolumeSum" /></UnitTest><UnitTest name="TestApprovedSection" storage="e:\code\_migrated\quantplatform\qtg\universegeneratortest\bin\debug\netcoreapp2.0\publish\universegenerator.test.dll" id="395cd9ac-9d56-4b52-a0c2-c790570407a2"><Execution id="fd3e5b0c-f0e4-47cd-91a7-8f5ae0fba74c" /><TestMethod codeBase="E:\code\_migrated\QuantPlatform\QTG\UniverseGeneratorTest\bin\Debug\netcoreapp2.0\publish\UniverseGenerator.Test.dll" adapterTypeName="executor://nunit3testexecutor/" className="UniverseGenerator.Test.Email.TestHtmlEmailFileBuilder" name="TestApprovedSection" /></UnitTest><UnitTest name="TestMembers" storage="e:\code\_migrated\quantplatform\qtg\universegeneratortest\bin\debug\netcoreapp2.0\publish\universegenerator.test.dll" id="6a3e69c5-d5cb-4695-b720-9d236432e7c7"><Execution id="7f444482-1d04-4ac7-bdf8-235ff457c39f" /><TestMethod codeBase="E:\code\_migrated\QuantPlatform\QTG\UniverseGeneratorTest\bin\Debug\netcoreapp2.0\publish\UniverseGenerator.Test.dll" adapterTypeName="executor://nunit3testexecutor/" className="UniverseGenerator.Test.Release.TestMemberFields" name="TestMembers" /></UnitTest><UnitTest name="TestGetAndValidateLatestReleaseState_LatestApproval_NoCorrespondingRelease" storage="e:\code\_migrated\quantplatform\qtg\universegeneratortest\bin\debug\netcoreapp2.0\publish\universegenerator.test.dll" id="6e5cc9e1-3a03-4bc5-a58f-9207c45d96f9"><Execution id="75c9ed6d-34e6-4029-b023-e16cc203cf30" /><TestMethod codeBase="E:\code\_migrated\QuantPlatform\QTG\UniverseGeneratorTest\bin\Debug\netcoreapp2.0\publish\UniverseGenerator.Test.dll" adapterTypeName="executor://nunit3testexecutor/" className="UniverseGenerator.Test.Release.TestApprovalManager" name="TestGetAndValidateLatestReleaseState_LatestApproval_NoCorrespondingRelease" /></UnitTest><UnitTest name="TestPriceThresholdAndPerExchangeLiquidityThreshold_ReadFromPending" storage="e:\code\_migrated\quantplatform\qtg\universegeneratortest\bin\debug\netcoreapp2.0\publish\universegenerator.test.dll" id="48be2330-76e5-4987-a752-2fe40cb93445"><Execution id="752667bb-f74b-4f8a-a273-1ed1ec74e3e3" /><TestMethod codeBase="E:\code\_migrated\QuantPlatform\QTG\UniverseGeneratorTest\bin\Debug\netcoreapp2.0\publish\UniverseGenerator.Test.dll" adapterTypeName="executor://nunit3testexecutor/" className="UniverseGenerator.Test.TestUniverseConfig" name="TestPriceThresholdAndPerExchangeLiquidityThreshold_ReadFromPending" /></UnitTest><UnitTest name="TestValidFuture_WithDeleteInTheFuture" storage="e:\code\_migrated\quantplatform\qtg\universegeneratortest\bin\debug\netcoreapp2.0\publish\universegenerator.test.dll" id="095d818c-6466-4f00-ab96-16e8c95eeef7"><Execution id="d2055ed6-ca4a-41c0-a3c4-c200cb79bc55" /><TestMethod codeBase="E:\code\_migrated\QuantPlatform\QTG\UniverseGeneratorTest\bin\Debug\netcoreapp2.0\publish\UniverseGenerator.Test.dll" adapterTypeName="executor://nunit3testexecutor/" className="UniverseGenerator.Test.Members.SyntheticFutures.TestCandidateSyntheticFuturesProvider" name="TestValidFuture_WithDeleteInTheFuture" /></UnitTest><UnitTest name="TestRemoveDead_OnEnd" storage="e:\code\_migrated\quantplatform\qtg\universegeneratortest\bin\debug\netcoreapp2.0\publish\universegenerator.test.dll" id="7b2e8604-2a62-4449-9e4b-f25bbdba6d1d"><Execution id="760c7c4b-bc4c-4e57-a2bc-65815a59c3d3" /><TestMethod codeBase="E:\code\_migrated\QuantPlatform\QTG\UniverseGeneratorTest\bin\Debug\netcoreapp2.0\publish\UniverseGenerator.Test.dll" adapterTypeName="executor://nunit3testexecutor/" className="UniverseGenerator.Test.Filter.TestDeathDateFilter" name="TestRemoveDead_OnEnd" /></UnitTest><UnitTest name="TestGenerateMembersHistoric_From2018-01-01_WithMembersIdealOnExistingMembersHistoricEndDate_WithEmptyExistingMembersHistoric" storage="e:\code\_migrated\quantplatform\qtg\universegeneratortest\bin\debug\netcoreapp2.0\publish\universegenerator.test.dll" id="1a6b7ea2-0629-44c1-972e-a986a7f5df18"><Execution id="3045b118-7be3-41a2-97f9-5804951b8ac5" /><TestMethod codeBase="E:\code\_migrated\QuantPlatform\QTG\UniverseGeneratorTest\bin\Debug\netcoreapp2.0\publish\UniverseGenerator.Test.dll" adapterTypeName="executor://nunit3testexecutor/" className="UniverseGenerator.Test.TestQtgMembersHistoricGenerator" name="TestGenerateMembersHistoric_From2018-01-01_WithMembersIdealOnExistingMembersHistoricEndDate_WithEmptyExistingMembersHistoric" /></UnitTest><UnitTest name="TestSendLockedUniverseNotificationIfNeeded_BackOffice" storage="e:\code\_migrated\quantplatform\qtg\universegeneratortest\bin\debug\netcoreapp2.0\publish\universegenerator.test.dll" id="b8a25c26-ff7c-4b6f-bc41-17b65be34962"><Execution id="54dabb75-fcfc-487a-8619-8d870a8b4632" /><TestMethod codeBase="E:\code\_migrated\QuantPlatform\QTG\UniverseGeneratorTest\bin\Debug\netcoreapp2.0\publish\UniverseGenerator.Test.dll" adapterTypeName="executor://nunit3testexecutor/" className="UniverseGenerator.Test.Email.TestEmails" name="TestSendLockedUniverseNotificationIfNeeded_BackOffice" /></UnitTest><UnitTest name="TestNoData" storage="e:\code\_migrated\quantplatform\qtg\universegeneratortest\bin\debug\netcoreapp2.0\publish\universegenerator.test.dll" id="344814de-3b34-498b-a019-e764c17036b5"><Execution id="26c1e5a8-cc64-4d09-a8af-32a5604f6b95" /><TestMethod codeBase="E:\code\_migrated\QuantPlatform\QTG\UniverseGeneratorTest\bin\Debug\netcoreapp2.0\publish\UniverseGenerator.Test.dll" adapterTypeName="executor://nunit3testexecutor/" className="UniverseGenerator.Test.Filter.Liquidity.TestLiquidityDataProvider" name="TestNoData" /></UnitTest><UnitTest name="TestCapStartDate" storage="e:\code\_migrated\quantplatform\qtg\universegeneratortest\bin\debug\netcoreapp2.0\publish\universegenerator.test.dll" id="2c85e509-c47e-492a-8d88-196ea5e878a6"><Execution id="64b3eba1-2b5e-4cfc-8143-856a8444a0f9" /><TestMethod codeBase="E:\code\_migrated\QuantPlatform\QTG\UniverseGeneratorTest\bin\Debug\netcoreapp2.0\publish\UniverseGenerator.Test.dll" adapterTypeName="executor://nunit3testexecutor/" className="UniverseGenerator.Test.Mean.TestBucketed" name="TestCapStartDate" /></UnitTest><UnitTest name="TestMergerOverStart" storage="e:\code\_migrated\quantplatform\qtg\universegeneratortest\bin\debug\netcoreapp2.0\publish\universegenerator.test.dll" id="5bd133a3-0eab-4de5-8c2f-a24ec044d739"><Execution id="6c2d4622-7ccd-4222-80ba-279ab3e8b2ac" /><TestMethod codeBase="E:\code\_migrated\QuantPlatform\QTG\UniverseGeneratorTest\bin\Debug\netcoreapp2.0\publish\UniverseGenerator.Test.dll" adapterTypeName="executor://nunit3testexecutor/" className="UniverseGenerator.Test.Filter.TestMergerFilter" name="TestMergerOverStart" /></UnitTest><UnitTest name="TestDiffsWithReasonsWhenFirstExcluded" storage="e:\code\_migrated\quantplatform\qtg\universegeneratortest\bin\debug\netcoreapp2.0\publish\universegenerator.test.dll" id="4f234c85-9e9b-4404-8f20-467dad804c5a"><Execution id="f709edcb-e4c0-47aa-95da-b73701638c10" /><TestMethod codeBase="E:\code\_migrated\QuantPlatform\QTG\UniverseGeneratorTest\bin\Debug\netcoreapp2.0\publish\UniverseGenerator.Test.dll" adapterTypeName="executor://nunit3testexecutor/" className="UniverseGenerator.Test.InclusionDate.TestDiffInclusionDates" name="TestDiffsWithReasonsWhenFirstExcluded" /></UnitTest><UnitTest name="TestGenerateMembersHistoric_From0001-01-01_WithFullMembersIdeal_WithExistingMembersHistoric" storage="e:\code\_migrated\quantplatform\qtg\universegeneratortest\bin\debug\netcoreapp2.0\publish\universegenerator.test.dll" id="5c9435d9-2684-4ea6-b280-14141a6b658a"><Execution id="9df54f24-7fb6-40e3-9fc9-85fe641965f4" /><TestMethod codeBase="E:\code\_migrated\QuantPlatform\QTG\UniverseGeneratorTest\bin\Debug\netcoreapp2.0\publish\UniverseGenerator.Test.dll" adapterTypeName="executor://nunit3testexecutor/" className="UniverseGenerator.Test.TestQtgMembersHistoricGenerator" name="TestGenerateMembersHistoric_From0001-01-01_WithFullMembersIdeal_WithExistingMembersHistoric" /></UnitTest><UnitTest name="TestGenerateMembersHistoric_From0001-01-01_WithEmptyMembersIdeal_WithoutExistingMembersHistoric" storage="e:\code\_migrated\quantplatform\qtg\universegeneratortest\bin\debug\netcoreapp2.0\publish\universegenerator.test.dll" id="0500e4e5-7a1c-407e-8995-bcd52de74f57"><Execution id="82798c85-bd42-469c-a014-b9f492f3fa9c" /><TestMethod codeBase="E:\code\_migrated\QuantPlatform\QTG\UniverseGeneratorTest\bin\Debug\netcoreapp2.0\publish\UniverseGenerator.Test.dll" adapterTypeName="executor://nunit3testexecutor/" className="UniverseGenerator.Test.TestQtgMembersHistoricGenerator" name="TestGenerateMembersHistoric_From0001-01-01_WithEmptyMembersIdeal_WithoutExistingMembersHistoric" /></UnitTest><UnitTest name="TestExcludeSaturday" storage="e:\code\_migrated\quantplatform\qtg\universegeneratortest\bin\debug\netcoreapp2.0\publish\universegenerator.test.dll" id="bd53bf74-7fcf-4330-8317-4e8fd75600b3"><Execution id="a5d438f7-6c2d-432e-b20e-615dac9829da" /><TestMethod codeBase="E:\code\_migrated\QuantPlatform\QTG\UniverseGeneratorTest\bin\Debug\netcoreapp2.0\publish\UniverseGenerator.Test.dll" adapterTypeName="executor://nunit3testexecutor/" className="UniverseGenerator.Test.Futures.Mean.TestFutureContractSumDaysWithVolume" name="TestExcludeSaturday" /></UnitTest><UnitTest name="TestAllIncluded_TruncateStartToUniverseBeginTrading" storage="e:\code\_migrated\quantplatform\qtg\universegeneratortest\bin\debug\netcoreapp2.0\publish\universegenerator.test.dll" id="10d7233c-f718-440d-b702-39b0ba2928b7"><Execution id="b20f2119-8391-43ef-97ba-60abdeb7f6ac" /><TestMethod codeBase="E:\code\_migrated\QuantPlatform\QTG\UniverseGeneratorTest\bin\Debug\netcoreapp2.0\publish\UniverseGenerator.Test.dll" adapterTypeName="executor://nunit3testexecutor/" className="UniverseGenerator.Test.Members.TestQtgMembersGenerator" name="TestAllIncluded_TruncateStartToUniverseBeginTrading" /></UnitTest><UnitTest name="TestGenerateMembersHistoric_From2010-01-01_WithMembersIdealAroundExistingMembersHistoricEndDate_WithExistingMembersHistoricEndingWithAnAdd" storage="e:\code\_migrated\quantplatform\qtg\universegeneratortest\bin\debug\netcoreapp2.0\publish\universegenerator.test.dll" id="6c099b8d-de42-493d-8e2f-a72dfdc6545e"><Execution id="7630bb9a-d0e0-4ebc-b53d-e03a9cf84cc6" /><TestMethod codeBase="E:\code\_migrated\QuantPlatform\QTG\UniverseGeneratorTest\bin\Debug\netcoreapp2.0\publish\UniverseGenerator.Test.dll" adapterTypeName="executor://nunit3testexecutor/" className="UniverseGenerator.Test.TestQtgMembersHistoricGenerator" name="TestGenerateMembersHistoric_From2010-01-01_WithMembersIdealAroundExistingMembersHistoricEndDate_WithExistingMembersHistoricEndingWithAnAdd" /></UnitTest><UnitTest name="TestRequiredFields" storage="e:\code\_migrated\quantplatform\qtg\universegeneratortest\bin\debug\netcoreapp2.0\publish\universegenerator.test.dll" id="bc01ff1e-ad90-42d1-9f77-300cfd1c2da9"><Execution id="5651e3cc-aee3-41a5-b303-26e09ec904e4" /><TestMethod codeBase="E:\code\_migrated\QuantPlatform\QTG\UniverseGeneratorTest\bin\Debug\netcoreapp2.0\publish\UniverseGenerator.Test.dll" adapterTypeName="executor://nunit3testexecutor/" className="UniverseGenerator.Test.Futures.TestFutureContractsProvider" name="TestRequiredFields" /></UnitTest><UnitTest name="TestDiffs" storage="e:\code\_migrated\quantplatform\qtg\universegeneratortest\bin\debug\netcoreapp2.0\publish\universegenerator.test.dll" id="cb0131a0-fcd8-4a3c-8701-40a7eaa109e9"><Execution id="29af1d7b-6c85-4921-8486-ad0b59c5afc3" /><TestMethod codeBase="E:\code\_migrated\QuantPlatform\QTG\UniverseGeneratorTest\bin\Debug\netcoreapp2.0\publish\UniverseGenerator.Test.dll" adapterTypeName="executor://nunit3testexecutor/" className="UniverseGenerator.Test.Email.FutureContracts.TestRecentlyApprovedFuturesSectionGenerator" name="TestDiffs" /></UnitTest><UnitTest name="TestNoEmailSetWithNoSync" storage="e:\code\_migrated\quantplatform\qtg\universegeneratortest\bin\debug\netcoreapp2.0\publish\universegenerator.test.dll" id="df4d045e-310c-4eaf-a170-b72be26181fa"><Execution id="dc57fda9-13b2-4818-be00-a2f0d3fc400a" /><TestMethod codeBase="E:\code\_migrated\QuantPlatform\QTG\UniverseGeneratorTest\bin\Debug\netcoreapp2.0\publish\UniverseGenerator.Test.dll" adapterTypeName="executor://nunit3testexecutor/" className="UniverseGenerator.Test.TestUniverseGeneratorOptions" name="TestNoEmailSetWithNoSync" /></UnitTest><UnitTest name="TestMultipleDaysAndEntries" storage="e:\code\_migrated\quantplatform\qtg\universegeneratortest\bin\debug\netcoreapp2.0\publish\universegenerator.test.dll" id="a7e70eb6-4063-47de-84c0-3949bc7deb9c"><Execution id="70b89d33-4ba7-4f5c-bb6a-be48a2a614a6" /><TestMethod codeBase="E:\code\_migrated\QuantPlatform\QTG\UniverseGeneratorTest\bin\Debug\netcoreapp2.0\publish\UniverseGenerator.Test.dll" adapterTypeName="executor://nunit3testexecutor/" className="UniverseGenerator.Test.Futures.TestFutureContractTradingData" name="TestMultipleDaysAndEntries" /></UnitTest><UnitTest name="TestStockAsUnderlyingType" storage="e:\code\_migrated\quantplatform\qtg\universegeneratortest\bin\debug\netcoreapp2.0\publish\universegenerator.test.dll" id="4a8b16b9-3d0c-4b88-9ff3-a3284901d090"><Execution id="83f46b69-8e31-4bb7-a64f-72fa3e0042d5" /><TestMethod codeBase="E:\code\_migrated\QuantPlatform\QTG\UniverseGeneratorTest\bin\Debug\netcoreapp2.0\publish\UniverseGenerator.Test.dll" adapterTypeName="executor://nunit3testexecutor/" className="UniverseGenerator.Test.Filter.SyntheticFuture.TestUnderlyingTypeFilter" name="TestStockAsUnderlyingType" /></UnitTest><UnitTest name="TestRealIncludedBefore_AndRealIncludedBeyond" storage="e:\code\_migrated\quantplatform\qtg\universegeneratortest\bin\debug\netcoreapp2.0\publish\universegenerator.test.dll" id="822f2981-5db2-4a58-92b0-8b56010bc247"><Execution id="2fd1d8ba-e0fb-4237-b297-2edb6253a2db" /><TestMethod codeBase="E:\code\_migrated\QuantPlatform\QTG\UniverseGeneratorTest\bin\Debug\netcoreapp2.0\publish\UniverseGenerator.Test.dll" adapterTypeName="executor://nunit3testexecutor/" className="UniverseGenerator.Test.Release.TestSyncIdeal" name="TestRealIncludedBefore_AndRealIncludedBeyond" /></UnitTest><UnitTest name="TestIsReleaseLocked_OnlyIfAllInPendingOrRequested_Cancelled" storage="e:\code\_migrated\quantplatform\qtg\universegeneratortest\bin\debug\netcoreapp2.0\publish\universegenerator.test.dll" id="fc3779b6-8e77-43e2-bb2e-2d2bbfd981ac"><Execution id="9290d490-f5f6-418a-8165-0c7d4e9b29f4" /><TestMethod codeBase="E:\code\_migrated\QuantPlatform\QTG\UniverseGeneratorTest\bin\Debug\netcoreapp2.0\publish\UniverseGenerator.Test.dll" adapterTypeName="executor://nunit3testexecutor/" className="UniverseGenerator.Test.Release.TestApprovalManager" name="TestIsReleaseLocked_OnlyIfAllInPendingOrRequested_Cancelled" /></UnitTest><UnitTest name="TestDefaultApprovalWhenNoApprovalEverScheduled" storage="e:\code\_migrated\quantplatform\qtg\universegeneratortest\bin\debug\netcoreapp2.0\publish\universegenerator.test.dll" id="c4e28a41-39c5-4e58-abf0-9bf7559b5275"><Execution id="27514f81-90b2-44b2-9e44-8d5eec9bf910" /><TestMethod codeBase="E:\code\_migrated\QuantPlatform\QTG\UniverseGeneratorTest\bin\Debug\netcoreapp2.0\publish\UniverseGenerator.Test.dll" adapterTypeName="executor://nunit3testexecutor/" className="UniverseGenerator.Test.Release.TestApprovalManager" name="TestDefaultApprovalWhenNoApprovalEverScheduled" /></UnitTest><UnitTest name="TestSyncUniverse_RequestDataOpsApprovalIfNotYetApproved_AndIsEligibleForRelease" storage="e:\code\_migrated\quantplatform\qtg\universegeneratortest\bin\debug\netcoreapp2.0\publish\universegenerator.test.dll" id="db93f31a-42da-4322-9404-2e982a270942"><Execution id="8a9802d6-9908-487e-940a-14ea803cdcd2" /><TestMethod codeBase="E:\code\_migrated\QuantPlatform\QTG\UniverseGeneratorTest\bin\Debug\netcoreapp2.0\publish\UniverseGenerator.Test.dll" adapterTypeName="executor://nunit3testexecutor/" className="UniverseGenerator.Test.Release.TestStocksUniverseHandler" name="TestSyncUniverse_RequestDataOpsApprovalIfNotYetApproved_AndIsEligibleForRelease" /></UnitTest><UnitTest name="TestRequestApprovalsIfNeeded_DoNotSend_Cancelled" storage="e:\code\_migrated\quantplatform\qtg\universegeneratortest\bin\debug\netcoreapp2.0\publish\universegenerator.test.dll" id="542aa47d-286e-4d4c-a786-02041171960d"><Execution id="d0d74891-86f3-4b5d-9408-2c21f18b4b85" /><TestMethod codeBase="E:\code\_migrated\QuantPlatform\QTG\UniverseGeneratorTest\bin\Debug\netcoreapp2.0\publish\UniverseGenerator.Test.dll" adapterTypeName="executor://nunit3testexecutor/" className="UniverseGenerator.Test.Email.TestEmails" name="TestRequestApprovalsIfNeeded_DoNotSend_Cancelled" /></UnitTest><UnitTest name="TestMultipleEntries_MaxHigh" storage="e:\code\_migrated\quantplatform\qtg\universegeneratortest\bin\debug\netcoreapp2.0\publish\universegenerator.test.dll" id="be687db0-db57-4104-8e1d-4fdfc3111b32"><Execution id="dc642c73-32b8-4e77-997d-87ca6c05b66e" /><TestMethod codeBase="E:\code\_migrated\QuantPlatform\QTG\UniverseGeneratorTest\bin\Debug\netcoreapp2.0\publish\UniverseGenerator.Test.dll" adapterTypeName="executor://nunit3testexecutor/" className="UniverseGenerator.Test.Futures.Mean.TestFutureContractVolumeAdjustedLiquidity" name="TestMultipleEntries_MaxHigh" /></UnitTest><UnitTest name="TestExcludeIfUnderlyingFuture_ApprovedForTrading_NotSet" storage="e:\code\_migrated\quantplatform\qtg\universegeneratortest\bin\debug\netcoreapp2.0\publish\universegenerator.test.dll" id="398a212f-c54a-44cb-a997-e70bfa58b2b9"><Execution id="3b73cea4-1467-4ac4-b2c3-043464f7be68" /><TestMethod codeBase="E:\code\_migrated\QuantPlatform\QTG\UniverseGeneratorTest\bin\Debug\netcoreapp2.0\publish\UniverseGenerator.Test.dll" adapterTypeName="executor://nunit3testexecutor/" className="UniverseGenerator.Test.Filter.FutureContracts.TestFutureContractUnapprovedFilter" name="TestExcludeIfUnderlyingFuture_ApprovedForTrading_NotSet" /></UnitTest><UnitTest name="TestIsLiveUniverseTradingDefaults" storage="e:\code\_migrated\quantplatform\qtg\universegeneratortest\bin\debug\netcoreapp2.0\publish\universegenerator.test.dll" id="9fb07d90-6576-45d0-9a07-9176aa9002a9"><Execution id="3064de1d-b19e-4348-a120-a8b99a36b0c4" /><TestMethod codeBase="E:\code\_migrated\QuantPlatform\QTG\UniverseGeneratorTest\bin\Debug\netcoreapp2.0\publish\UniverseGenerator.Test.dll" adapterTypeName="executor://nunit3testexecutor/" className="UniverseGenerator.Test.TestUniverseConfig" name="TestIsLiveUniverseTradingDefaults" /></UnitTest><UnitTest name="TestCreateAuxiliaryMembers_MultipleFutureContracts" storage="e:\code\_migrated\quantplatform\qtg\universegeneratortest\bin\debug\netcoreapp2.0\publish\universegenerator.test.dll" id="dfadc5eb-05b3-4dad-9675-ce29aa3b6033"><Execution id="6fce0c0e-472e-4354-8e5c-011b1e705d3d" /><TestMethod codeBase="E:\code\_migrated\QuantPlatform\QTG\UniverseGeneratorTest\bin\Debug\netcoreapp2.0\publish\UniverseGenerator.Test.dll" adapterTypeName="executor://nunit3testexecutor/" className="UniverseGenerator.Test.Members.TestAuxiliaryMembers" name="TestCreateAuxiliaryMembers_MultipleFutureContracts" /></UnitTest><UnitTest name="TestKeepAlive" storage="e:\code\_migrated\quantplatform\qtg\universegeneratortest\bin\debug\netcoreapp2.0\publish\universegenerator.test.dll" id="b88414fb-2c18-428e-9b3a-2855a2b2c433"><Execution id="33d54d64-8c74-4e3f-97e5-02e3d0a7b364" /><TestMethod codeBase="E:\code\_migrated\QuantPlatform\QTG\UniverseGeneratorTest\bin\Debug\netcoreapp2.0\publish\UniverseGenerator.Test.dll" adapterTypeName="executor://nunit3testexecutor/" className="UniverseGenerator.Test.Filter.TestDeathDateFilter" name="TestKeepAlive" /></UnitTest><UnitTest name="TestScheduleReleaseOnTheFirstOfTheMonth_AlreadyExists" storage="e:\code\_migrated\quantplatform\qtg\universegeneratortest\bin\debug\netcoreapp2.0\publish\universegenerator.test.dll" id="02f4c978-b642-4e34-8226-9c24fc47487c"><Execution id="71611b20-779e-4b86-82df-3f86ff062469" /><TestMethod codeBase="E:\code\_migrated\QuantPlatform\QTG\UniverseGeneratorTest\bin\Debug\netcoreapp2.0\publish\UniverseGenerator.Test.dll" adapterTypeName="executor://nunit3testexecutor/" className="UniverseGenerator.Test.Release.TestApprovalManager" name="TestScheduleReleaseOnTheFirstOfTheMonth_AlreadyExists" /></UnitTest><UnitTest name="TestMonthlyRolling" storage="e:\code\_migrated\quantplatform\qtg\universegeneratortest\bin\debug\netcoreapp2.0\publish\universegenerator.test.dll" id="531c17c4-5108-47f2-a5c7-cf6f0313686f"><Execution id="ee5301cf-cd15-482c-ba60-7dc20823d0cf" /><TestMethod codeBase="E:\code\_migrated\QuantPlatform\QTG\UniverseGeneratorTest\bin\Debug\netcoreapp2.0\publish\UniverseGenerator.Test.dll" adapterTypeName="executor://nunit3testexecutor/" className="UniverseGenerator.Test.Filter.Liquidity.TestHitRatioRollingLiquidityCriteria" name="TestMonthlyRolling" /></UnitTest><UnitTest name="TestNotExcludeIfUnderlyingFuture_ApprovedForTrading_SetToTrue" storage="e:\code\_migrated\quantplatform\qtg\universegeneratortest\bin\debug\netcoreapp2.0\publish\universegenerator.test.dll" id="6ae1e88b-37a4-4028-8d00-830b93abda5e"><Execution id="b0b73439-f4ab-4733-985b-2b971f73e7a8" /><TestMethod codeBase="E:\code\_migrated\QuantPlatform\QTG\UniverseGeneratorTest\bin\Debug\netcoreapp2.0\publish\UniverseGenerator.Test.dll" adapterTypeName="executor://nunit3testexecutor/" className="UniverseGenerator.Test.Filter.FutureContracts.TestFutureContractUnapprovedFilter" name="TestNotExcludeIfUnderlyingFuture_ApprovedForTrading_SetToTrue" /></UnitTest><UnitTest name="TestReleaseState_SkipCancelled" storage="e:\code\_migrated\quantplatform\qtg\universegeneratortest\bin\debug\netcoreapp2.0\publish\universegenerator.test.dll" id="90f58548-a312-426f-bddf-de026dafa8ae"><Execution id="3d5ba533-6f10-4f58-9838-519d6dc23d2d" /><TestMethod codeBase="E:\code\_migrated\QuantPlatform\QTG\UniverseGeneratorTest\bin\Debug\netcoreapp2.0\publish\UniverseGenerator.Test.dll" adapterTypeName="executor://nunit3testexecutor/" className="UniverseGenerator.Test.Release.TestReleaseApprove" name="TestReleaseState_SkipCancelled" /></UnitTest><UnitTest name="TestNoExisting" storage="e:\code\_migrated\quantplatform\qtg\universegeneratortest\bin\debug\netcoreapp2.0\publish\universegenerator.test.dll" id="3937820a-fb41-4bb4-b6a1-d065b42cac4b"><Execution id="49e16ba6-164c-4e50-afcf-4825560ec854" /><TestMethod codeBase="E:\code\_migrated\QuantPlatform\QTG\UniverseGeneratorTest\bin\Debug\netcoreapp2.0\publish\UniverseGenerator.Test.dll" adapterTypeName="executor://nunit3testexecutor/" className="UniverseGenerator.Test.Members.TestMembersProvider" name="TestNoExisting" /></UnitTest><UnitTest name="TestSendLockedUniverseEmailIfNeeded_DoNotSend_NotLockedApproval" storage="e:\code\_migrated\quantplatform\qtg\universegeneratortest\bin\debug\netcoreapp2.0\publish\universegenerator.test.dll" id="344d90a0-f65d-458b-943b-4c9e3b51ce03"><Execution id="23dc889a-c10b-4a76-a653-9c7172f6f353" /><TestMethod codeBase="E:\code\_migrated\QuantPlatform\QTG\UniverseGeneratorTest\bin\Debug\netcoreapp2.0\publish\UniverseGenerator.Test.dll" adapterTypeName="executor://nunit3testexecutor/" className="UniverseGenerator.Test.Email.TestEmails" name="TestSendLockedUniverseEmailIfNeeded_DoNotSend_NotLockedApproval" /></UnitTest><UnitTest name="TestGenerateMembersHistoric_From2018-01-01_WithFullMembersIdeal_WithoutExistingMembersHistoric" storage="e:\code\_migrated\quantplatform\qtg\universegeneratortest\bin\debug\netcoreapp2.0\publish\universegenerator.test.dll" id="7f3d523f-1294-460e-9b47-7eb975ccecc0"><Execution id="1d390ad9-368a-43ea-a337-a42d98a6b3f9" /><TestMethod codeBase="E:\code\_migrated\QuantPlatform\QTG\UniverseGeneratorTest\bin\Debug\netcoreapp2.0\publish\UniverseGenerator.Test.dll" adapterTypeName="executor://nunit3testexecutor/" className="UniverseGenerator.Test.TestQtgMembersHistoricGenerator" name="TestGenerateMembersHistoric_From2018-01-01_WithFullMembersIdeal_WithoutExistingMembersHistoric" /></UnitTest><UnitTest name="TestCreateUniverseEntries_MultipleStocks" storage="e:\code\_migrated\quantplatform\qtg\universegeneratortest\bin\debug\netcoreapp2.0\publish\universegenerator.test.dll" id="7328bd8b-4d47-4c29-8dae-7d5946644ab3"><Execution id="8a8b17a8-89aa-41db-a38a-9777420b3429" /><TestMethod codeBase="E:\code\_migrated\QuantPlatform\QTG\UniverseGeneratorTest\bin\Debug\netcoreapp2.0\publish\UniverseGenerator.Test.dll" adapterTypeName="executor://nunit3testexecutor/" className="UniverseGenerator.Test.InclusionDate.Converter.TestToUniverseEntriesConverter" name="TestCreateUniverseEntries_MultipleStocks" /></UnitTest><UnitTest name="TestExtendIfNeeded_Excluded" storage="e:\code\_migrated\quantplatform\qtg\universegeneratortest\bin\debug\netcoreapp2.0\publish\universegenerator.test.dll" id="91be565f-78bc-4d55-b55b-3025baa92cbd"><Execution id="283601cf-b6b6-4ed3-833b-30d322375118" /><TestMethod codeBase="E:\code\_migrated\QuantPlatform\QTG\UniverseGeneratorTest\bin\Debug\netcoreapp2.0\publish\UniverseGenerator.Test.dll" adapterTypeName="executor://nunit3testexecutor/" className="UniverseGenerator.Test.InclusionDate.TestInclusionDatesExt" name="TestExtendIfNeeded_Excluded" /></UnitTest><UnitTest name="TestStockInMembersExclusionsBeyondRange_End" storage="e:\code\_migrated\quantplatform\qtg\universegeneratortest\bin\debug\netcoreapp2.0\publish\universegenerator.test.dll" id="d965225b-7342-4c0c-ac8d-aadf4ccf0a4a"><Execution id="0c634583-ab9c-4a2a-88d4-76bd51d7eeaf" /><TestMethod codeBase="E:\code\_migrated\QuantPlatform\QTG\UniverseGeneratorTest\bin\Debug\netcoreapp2.0\publish\UniverseGenerator.Test.dll" adapterTypeName="executor://nunit3testexecutor/" className="UniverseGenerator.Test.Filter.SyntheticFuture.TestUnderlyingMembershipDatesFilter" name="TestStockInMembersExclusionsBeyondRange_End" /></UnitTest><UnitTest name="TestPartiallyPresentStock_AfterLatestInclusionDate" storage="e:\code\_migrated\quantplatform\qtg\universegeneratortest\bin\debug\netcoreapp2.0\publish\universegenerator.test.dll" id="0b9bdbb9-51d0-4ee7-a2a0-48d367eeb26f"><Execution id="5c978bd7-da3f-4b84-9f3a-00ed9ccf8fd5" /><TestMethod codeBase="E:\code\_migrated\QuantPlatform\QTG\UniverseGeneratorTest\bin\Debug\netcoreapp2.0\publish\UniverseGenerator.Test.dll" adapterTypeName="executor://nunit3testexecutor/" className="UniverseGenerator.Test.InclusionDate.Converter.TestInclusionDatesConverter" name="TestPartiallyPresentStock_AfterLatestInclusionDate" /></UnitTest><UnitTest name="TestGenerateMembersHistoric_From2018-01-01_WithMembersIdealAfterExistingMembersHistoricEndDate_WithEmptyExistingMembersHistoric" storage="e:\code\_migrated\quantplatform\qtg\universegeneratortest\bin\debug\netcoreapp2.0\publish\universegenerator.test.dll" id="65ea12e1-1e1b-44ce-bc15-3bd937a3e824"><Execution id="66e09956-466e-4847-a37d-a4c1a42f1c1d" /><TestMethod codeBase="E:\code\_migrated\QuantPlatform\QTG\UniverseGeneratorTest\bin\Debug\netcoreapp2.0\publish\UniverseGenerator.Test.dll" adapterTypeName="executor://nunit3testexecutor/" className="UniverseGenerator.Test.TestQtgMembersHistoricGenerator" name="TestGenerateMembersHistoric_From2018-01-01_WithMembersIdealAfterExistingMembersHistoricEndDate_WithEmptyExistingMembersHistoric" /></UnitTest><UnitTest name="TestExcludeForSixMonthsFromBirth_AfterStart" storage="e:\code\_migrated\quantplatform\qtg\universegeneratortest\bin\debug\netcoreapp2.0\publish\universegenerator.test.dll" id="0b5f55b0-a380-4b8f-a741-d1dc78dc8873"><Execution id="687ddb8b-8e58-459d-9f44-ce888554b33d" /><TestMethod codeBase="E:\code\_migrated\QuantPlatform\QTG\UniverseGeneratorTest\bin\Debug\netcoreapp2.0\publish\UniverseGenerator.Test.dll" adapterTypeName="executor://nunit3testexecutor/" className="UniverseGenerator.Test.Filter.TestBirthCoolOffFilter" name="TestExcludeForSixMonthsFromBirth_AfterStart" /></UnitTest><UnitTest name="Same" storage="e:\code\_migrated\quantplatform\qtg\universegeneratortest\bin\debug\netcoreapp2.0\publish\universegenerator.test.dll" id="3a808a7d-c3ec-4286-97a3-fe177788bcf3"><Execution id="c688489e-c4de-4240-a6ac-a07a4b1d6774" /><TestMethod codeBase="E:\code\_migrated\QuantPlatform\QTG\UniverseGeneratorTest\bin\Debug\netcoreapp2.0\publish\UniverseGenerator.Test.dll" adapterTypeName="executor://nunit3testexecutor/" className="UniverseGenerator.Test.Release.TestApprovalManager" name="Same" /></UnitTest><UnitTest name="TestFilterOnNoActiveContracts" storage="e:\code\_migrated\quantplatform\qtg\universegeneratortest\bin\debug\netcoreapp2.0\publish\universegenerator.test.dll" id="48f1226d-c044-4614-94b7-3ac178933f45"><Execution id="1f04e21d-eae6-4be3-bc27-0d0958117e1b" /><TestMethod codeBase="E:\code\_migrated\QuantPlatform\QTG\UniverseGeneratorTest\bin\Debug\netcoreapp2.0\publish\UniverseGenerator.Test.dll" adapterTypeName="executor://nunit3testexecutor/" className="UniverseGenerator.Test.Members.SyntheticFutures.TestCandidateSyntheticFuturesProvider" name="TestFilterOnNoActiveContracts" /></UnitTest><UnitTest name="TestInclusiveBucketStart_Fine" storage="e:\code\_migrated\quantplatform\qtg\universegeneratortest\bin\debug\netcoreapp2.0\publish\universegenerator.test.dll" id="83dc9c91-3bb7-4a33-aea4-518b114e4aab"><Execution id="49468753-a3b5-4ef4-b1c3-a6e9e023dbe2" /><TestMethod codeBase="E:\code\_migrated\QuantPlatform\QTG\UniverseGeneratorTest\bin\Debug\netcoreapp2.0\publish\UniverseGenerator.Test.dll" adapterTypeName="executor://nunit3testexecutor/" className="UniverseGenerator.Test.Mean.TestBucketed" name="TestInclusiveBucketStart_Fine" /></UnitTest><UnitTest name="TestMergerBeforeStart" storage="e:\code\_migrated\quantplatform\qtg\universegeneratortest\bin\debug\netcoreapp2.0\publish\universegenerator.test.dll" id="11401972-73ed-43bf-83fc-eed73ed60929"><Execution id="eefe7053-255f-4d70-8cd0-2a6de2fc2098" /><TestMethod codeBase="E:\code\_migrated\QuantPlatform\QTG\UniverseGeneratorTest\bin\Debug\netcoreapp2.0\publish\UniverseGenerator.Test.dll" adapterTypeName="executor://nunit3testexecutor/" className="UniverseGenerator.Test.Filter.TestMergerFilter" name="TestMergerBeforeStart" /></UnitTest><UnitTest name="TestEnumerableRange_FromAfterEnd" storage="e:\code\_migrated\quantplatform\qtg\universegeneratortest\bin\debug\netcoreapp2.0\publish\universegenerator.test.dll" id="27068854-c6c4-43c6-8731-34c95cd72c7f"><Execution id="05820e89-ffd8-4853-9e9f-dcd08a25f81e" /><TestMethod codeBase="E:\code\_migrated\QuantPlatform\QTG\UniverseGeneratorTest\bin\Debug\netcoreapp2.0\publish\UniverseGenerator.Test.dll" adapterTypeName="executor://nunit3testexecutor/" className="UniverseGenerator.Test.InclusionDate.TestDateRangeExt" name="TestEnumerableRange_FromAfterEnd" /></UnitTest><UnitTest name="TestIntersection_FirstIncluded" storage="e:\code\_migrated\quantplatform\qtg\universegeneratortest\bin\debug\netcoreapp2.0\publish\universegenerator.test.dll" id="cc8410ec-bbdf-46c6-ac28-cf32cb25edc3"><Execution id="01a57b3e-cd6a-4fa9-9de5-c7e46a801d11" /><TestMethod codeBase="E:\code\_migrated\QuantPlatform\QTG\UniverseGeneratorTest\bin\Debug\netcoreapp2.0\publish\UniverseGenerator.Test.dll" adapterTypeName="executor://nunit3testexecutor/" className="UniverseGenerator.Test.InclusionDate.TestIntersectionInclusionDates" name="TestIntersection_FirstIncluded" /></UnitTest><UnitTest name="TestIsEligibleForRelease_PendingUniverseNotActive" storage="e:\code\_migrated\quantplatform\qtg\universegeneratortest\bin\debug\netcoreapp2.0\publish\universegenerator.test.dll" id="572041f6-bc48-430d-b789-4806306c13ac"><Execution id="fe8b7d30-f8fd-4e5a-9b3a-aa6ec4eae209" /><TestMethod codeBase="E:\code\_migrated\QuantPlatform\QTG\UniverseGeneratorTest\bin\Debug\netcoreapp2.0\publish\UniverseGenerator.Test.dll" adapterTypeName="executor://nunit3testexecutor/" className="UniverseGenerator.Test.Release.TestApprovalManager" name="TestIsEligibleForRelease_PendingUniverseNotActive" /></UnitTest><UnitTest name="TestNonStockAsUnderlyingType" storage="e:\code\_migrated\quantplatform\qtg\universegeneratortest\bin\debug\netcoreapp2.0\publish\universegenerator.test.dll" id="8f928e43-5166-4508-bd8b-13d59defeb7c"><Execution id="d70522f9-72c8-4913-b643-2b7185eaed8f" /><TestMethod codeBase="E:\code\_migrated\QuantPlatform\QTG\UniverseGeneratorTest\bin\Debug\netcoreapp2.0\publish\UniverseGenerator.Test.dll" adapterTypeName="executor://nunit3testexecutor/" className="UniverseGenerator.Test.Filter.SyntheticFuture.TestUnderlyingTypeFilter" name="TestNonStockAsUnderlyingType" /></UnitTest><UnitTest name="TestEnumerableRange_Default" storage="e:\code\_migrated\quantplatform\qtg\universegeneratortest\bin\debug\netcoreapp2.0\publish\universegenerator.test.dll" id="f9f67305-8ad5-4920-9d48-d1ea669ff82c"><Execution id="81a733f4-39cc-48f5-a6bd-7d5a6e39224f" /><TestMethod codeBase="E:\code\_migrated\QuantPlatform\QTG\UniverseGeneratorTest\bin\Debug\netcoreapp2.0\publish\UniverseGenerator.Test.dll" adapterTypeName="executor://nunit3testexecutor/" className="UniverseGenerator.Test.InclusionDate.TestDateRangeExt" name="TestEnumerableRange_Default" /></UnitTest><UnitTest name="TestLiveMembersIdeal" storage="e:\code\_migrated\quantplatform\qtg\universegeneratortest\bin\debug\netcoreapp2.0\publish\universegenerator.test.dll" id="a5280c6a-3f63-4ff0-8c50-176c1c474a72"><Execution id="1bb20e1c-f3e9-47aa-b05b-e83baee2b342" /><TestMethod codeBase="E:\code\_migrated\QuantPlatform\QTG\UniverseGeneratorTest\bin\Debug\netcoreapp2.0\publish\UniverseGenerator.Test.dll" adapterTypeName="executor://nunit3testexecutor/" className="UniverseGenerator.Test.TestUniverseConfig" name="TestLiveMembersIdeal" /></UnitTest><UnitTest name="TestRequestApprovalsIfNeeded_DoNotSend_NotEligibleForRelease_Approved" storage="e:\code\_migrated\quantplatform\qtg\universegeneratortest\bin\debug\netcoreapp2.0\publish\universegenerator.test.dll" id="a91c8610-ac0f-426f-8bb3-e2732517fe2a"><Execution id="b04849f1-2f54-4e4d-9637-888318adbd24" /><TestMethod codeBase="E:\code\_migrated\QuantPlatform\QTG\UniverseGeneratorTest\bin\Debug\netcoreapp2.0\publish\UniverseGenerator.Test.dll" adapterTypeName="executor://nunit3testexecutor/" className="UniverseGenerator.Test.Email.TestEmails" name="TestRequestApprovalsIfNeeded_DoNotSend_NotEligibleForRelease_Approved" /></UnitTest><UnitTest name="TestSendLockedUniverseNotificationIfNeeded_Execution" storage="e:\code\_migrated\quantplatform\qtg\universegeneratortest\bin\debug\netcoreapp2.0\publish\universegenerator.test.dll" id="4a91eb50-b963-4450-97de-9c2e613c7841"><Execution id="820e577c-af02-4063-8bc4-b05544d9e4f8" /><TestMethod codeBase="E:\code\_migrated\QuantPlatform\QTG\UniverseGeneratorTest\bin\Debug\netcoreapp2.0\publish\UniverseGenerator.Test.dll" adapterTypeName="executor://nunit3testexecutor/" className="UniverseGenerator.Test.Email.TestEmails" name="TestSendLockedUniverseNotificationIfNeeded_Execution" /></UnitTest><UnitTest name="TestKeepStockWithOnePriceAboveThreshold" storage="e:\code\_migrated\quantplatform\qtg\universegeneratortest\bin\debug\netcoreapp2.0\publish\universegenerator.test.dll" id="05ea0591-dba1-44d2-934a-63ddd3a2b5da"><Execution id="a645acd5-5188-4046-97f5-3f17a7722209" /><TestMethod codeBase="E:\code\_migrated\QuantPlatform\QTG\UniverseGeneratorTest\bin\Debug\netcoreapp2.0\publish\UniverseGenerator.Test.dll" adapterTypeName="executor://nunit3testexecutor/" className="UniverseGenerator.Test.Filter.TestSmallPriceFilter" name="TestKeepStockWithOnePriceAboveThreshold" /></UnitTest><UnitTest name="TestGenerateMembersHistoric_From0001-01-01_WithMembersIdealOnExistingMembersHistoricEndDate_WithoutExistingMembersHistoric" storage="e:\code\_migrated\quantplatform\qtg\universegeneratortest\bin\debug\netcoreapp2.0\publish\universegenerator.test.dll" id="8d51e9c5-e067-4604-93ab-eb3dd05dfaad"><Execution id="3d5cdcce-9c1d-4fd9-b686-0b25e0b488f0" /><TestMethod codeBase="E:\code\_migrated\QuantPlatform\QTG\UniverseGeneratorTest\bin\Debug\netcoreapp2.0\publish\UniverseGenerator.Test.dll" adapterTypeName="executor://nunit3testexecutor/" className="UniverseGenerator.Test.TestQtgMembersHistoricGenerator" name="TestGenerateMembersHistoric_From0001-01-01_WithMembersIdealOnExistingMembersHistoricEndDate_WithoutExistingMembersHistoric" /></UnitTest><UnitTest name="TestWithTargetAnnouncement_DuringPeriod_Pending" storage="e:\code\_migrated\quantplatform\qtg\universegeneratortest\bin\debug\netcoreapp2.0\publish\universegenerator.test.dll" id="bc1a7b15-3fe0-47c7-a8e7-31201b06beb2"><Execution id="d4d59942-0fea-4a96-83cc-58ad746b1cf9" /><TestMethod codeBase="E:\code\_migrated\QuantPlatform\QTG\UniverseGeneratorTest\bin\Debug\netcoreapp2.0\publish\UniverseGenerator.Test.dll" adapterTypeName="executor://nunit3testexecutor/" className="UniverseGenerator.Test.Filter.TestTargetAnnouncementFilter" name="TestWithTargetAnnouncement_DuringPeriod_Pending" /></UnitTest><UnitTest name="TestAddedInTheMiddle" storage="e:\code\_migrated\quantplatform\qtg\universegeneratortest\bin\debug\netcoreapp2.0\publish\universegenerator.test.dll" id="7cb2b203-3bc0-44e0-b9f2-be5820afbc20"><Execution id="07c2f4bc-2538-449c-ad20-21fc73519735" /><TestMethod codeBase="E:\code\_migrated\QuantPlatform\QTG\UniverseGeneratorTest\bin\Debug\netcoreapp2.0\publish\UniverseGenerator.Test.dll" adapterTypeName="executor://nunit3testexecutor/" className="UniverseGenerator.Test.Filter.TestUniversePresenceFilter" name="TestAddedInTheMiddle" /></UnitTest><UnitTest name="TestIntersection_CompletelyExcluded" storage="e:\code\_migrated\quantplatform\qtg\universegeneratortest\bin\debug\netcoreapp2.0\publish\universegenerator.test.dll" id="b0d5c8f1-042f-438a-9633-cf31e3bfbfe1"><Execution id="702a15e0-7f81-4d06-b3ad-85a18ca6a085" /><TestMethod codeBase="E:\code\_migrated\QuantPlatform\QTG\UniverseGeneratorTest\bin\Debug\netcoreapp2.0\publish\UniverseGenerator.Test.dll" adapterTypeName="executor://nunit3testexecutor/" className="UniverseGenerator.Test.InclusionDate.TestIntersectionInclusionDates" name="TestIntersection_CompletelyExcluded" /></UnitTest><UnitTest name="TestGetEmailApprovalList_UsesDepartmentLongName" storage="e:\code\_migrated\quantplatform\qtg\universegeneratortest\bin\debug\netcoreapp2.0\publish\universegenerator.test.dll" id="abba7663-e878-4849-bb22-5c576594708a"><Execution id="85f3dded-7dc6-4a35-85ca-a9a6387277c8" /><TestMethod codeBase="E:\code\_migrated\QuantPlatform\QTG\UniverseGeneratorTest\bin\Debug\netcoreapp2.0\publish\UniverseGenerator.Test.dll" adapterTypeName="executor://nunit3testexecutor/" className="UniverseGenerator.Test.Email.TestEmailListResolver" name="TestGetEmailApprovalList_UsesDepartmentLongName" /></UnitTest><UnitTest name="TestVerifyReleaseState_Superseded" storage="e:\code\_migrated\quantplatform\qtg\universegeneratortest\bin\debug\netcoreapp2.0\publish\universegenerator.test.dll" id="0a078e9d-08d0-4157-bf19-52f06d3f548c"><Execution id="2a4ebbbe-ee64-461e-9873-434a0b4781d9" /><TestMethod codeBase="E:\code\_migrated\QuantPlatform\QTG\UniverseGeneratorTest\bin\Debug\netcoreapp2.0\publish\UniverseGenerator.Test.dll" adapterTypeName="executor://nunit3testexecutor/" className="UniverseGenerator.Test.Release.TestReleaseApprove" name="TestVerifyReleaseState_Superseded" /></UnitTest><UnitTest name="TestSendWithFilteredDifferences" storage="e:\code\_migrated\quantplatform\qtg\universegeneratortest\bin\debug\netcoreapp2.0\publish\universegenerator.test.dll" id="7b91121f-b710-4f56-ae72-0d9ec8ce8e33"><Execution id="4445c837-792e-4d4c-9ecd-325c0a8f4efe" /><TestMethod codeBase="E:\code\_migrated\QuantPlatform\QTG\UniverseGeneratorTest\bin\Debug\netcoreapp2.0\publish\UniverseGenerator.Test.dll" adapterTypeName="executor://nunit3testexecutor/" className="UniverseGenerator.Test.Email.TestBadlyConfiguredSecuritiesReporter" name="TestSendWithFilteredDifferences" /></UnitTest><UnitTest name="TestApplyCurrencyConversion" storage="e:\code\_migrated\quantplatform\qtg\universegeneratortest\bin\debug\netcoreapp2.0\publish\universegenerator.test.dll" id="eea3f92e-b7a8-4c2e-bd22-48edf024f421"><Execution id="f5143b57-763c-4544-8145-2afd50cbb8b1" /><TestMethod codeBase="E:\code\_migrated\QuantPlatform\QTG\UniverseGeneratorTest\bin\Debug\netcoreapp2.0\publish\UniverseGenerator.Test.dll" adapterTypeName="executor://nunit3testexecutor/" className="UniverseGenerator.Test.Filter.TestSmallPriceFilter" name="TestApplyCurrencyConversion" /></UnitTest><UnitTest name="TestUnionMembers" storage="e:\code\_migrated\quantplatform\qtg\universegeneratortest\bin\debug\netcoreapp2.0\publish\universegenerator.test.dll" id="4fb7cc37-db24-426b-9e60-77eebaa5a377"><Execution id="52dbb0d9-9c8e-41dc-a5dd-1e17bf458e96" /><TestMethod codeBase="E:\code\_migrated\QuantPlatform\QTG\UniverseGeneratorTest\bin\Debug\netcoreapp2.0\publish\UniverseGenerator.Test.dll" adapterTypeName="executor://nunit3testexecutor/" className="UniverseGenerator.Test.Futures.TestMembersForExecutionProvider" name="TestUnionMembers" /></UnitTest><UnitTest name="TestOldKick" storage="e:\code\_migrated\quantplatform\qtg\universegeneratortest\bin\debug\netcoreapp2.0\publish\universegenerator.test.dll" id="dc31a652-7510-4af6-b923-888b7dff21e7"><Execution id="df3d8358-05ce-4fc7-9e98-a311d77ffee2" /><TestMethod codeBase="E:\code\_migrated\QuantPlatform\QTG\UniverseGeneratorTest\bin\Debug\netcoreapp2.0\publish\UniverseGenerator.Test.dll" adapterTypeName="executor://nunit3testexecutor/" className="UniverseGenerator.Test.InclusionDate.TestUniGenReasonConverter" name="TestOldKick" /></UnitTest><UnitTest name="TestEmailDepartmentsPendingApproval" storage="e:\code\_migrated\quantplatform\qtg\universegeneratortest\bin\debug\netcoreapp2.0\publish\universegenerator.test.dll" id="66eb4dce-47d9-4150-88d2-243ef9ad88e0"><Execution id="78eedc89-cf39-4775-bb75-6fc2638f52a7" /><TestMethod codeBase="E:\code\_migrated\QuantPlatform\QTG\UniverseGeneratorTest\bin\Debug\netcoreapp2.0\publish\UniverseGenerator.Test.dll" adapterTypeName="executor://nunit3testexecutor/" className="UniverseGenerator.Test.Release.TestReleaseApprove" name="TestEmailDepartmentsPendingApproval" /></UnitTest><UnitTest name="TestPendingSyntheticFutures" storage="e:\code\_migrated\quantplatform\qtg\universegeneratortest\bin\debug\netcoreapp2.0\publish\universegenerator.test.dll" id="ce5bfb25-d3b8-4aea-9bca-55372603de6c"><Execution id="c5d59011-3aff-48e0-8c5c-0975fec11b88" /><TestMethod codeBase="E:\code\_migrated\QuantPlatform\QTG\UniverseGeneratorTest\bin\Debug\netcoreapp2.0\publish\UniverseGenerator.Test.dll" adapterTypeName="executor://nunit3testexecutor/" className="UniverseGenerator.Test.TestUniverseConfig" name="TestPendingSyntheticFutures" /></UnitTest><UnitTest name="TestPendingMembersIdeal" storage="e:\code\_migrated\quantplatform\qtg\universegeneratortest\bin\debug\netcoreapp2.0\publish\universegenerator.test.dll" id="9c601b06-1889-4c1a-9902-a9d9e8a53559"><Execution id="6f913352-d7e5-4fe3-9b15-7385c5531345" /><TestMethod codeBase="E:\code\_migrated\QuantPlatform\QTG\UniverseGeneratorTest\bin\Debug\netcoreapp2.0\publish\UniverseGenerator.Test.dll" adapterTypeName="executor://nunit3testexecutor/" className="UniverseGenerator.Test.Members.TestUniverseMembers" name="TestPendingMembersIdeal" /></UnitTest><UnitTest name="TestSendingRequestApprovalsIfNeeded_Send_Requested" storage="e:\code\_migrated\quantplatform\qtg\universegeneratortest\bin\debug\netcoreapp2.0\publish\universegenerator.test.dll" id="3e68be54-98a4-4b01-a40a-898a81f56767"><Execution id="318ba791-bd31-4129-99db-dd3b7b7bbf56" /><TestMethod codeBase="E:\code\_migrated\QuantPlatform\QTG\UniverseGeneratorTest\bin\Debug\netcoreapp2.0\publish\UniverseGenerator.Test.dll" adapterTypeName="executor://nunit3testexecutor/" className="UniverseGenerator.Test.Email.TestEmails" name="TestSendingRequestApprovalsIfNeeded_Send_Requested" /></UnitTest><UnitTest name="TestSingleDay" storage="e:\code\_migrated\quantplatform\qtg\universegeneratortest\bin\debug\netcoreapp2.0\publish\universegenerator.test.dll" id="a68937a8-d01c-4ec1-890c-9cab202680f0"><Execution id="9312b866-0d87-4ca7-8c18-9d570b47b9ed" /><TestMethod codeBase="E:\code\_migrated\QuantPlatform\QTG\UniverseGeneratorTest\bin\Debug\netcoreapp2.0\publish\UniverseGenerator.Test.dll" adapterTypeName="executor://nunit3testexecutor/" className="UniverseGenerator.Test.InclusionDate.TestDateRangeExt" name="TestSingleDay" /></UnitTest><UnitTest name="TestDoNotAddOptionalErrorToApprovalRequests_Execution" storage="e:\code\_migrated\quantplatform\qtg\universegeneratortest\bin\debug\netcoreapp2.0\publish\universegenerator.test.dll" id="924728e6-a276-4efe-a7a6-6733b6d4abde"><Execution id="d766fda5-af69-4f81-8f71-5993f31ae48c" /><TestMethod codeBase="E:\code\_migrated\QuantPlatform\QTG\UniverseGeneratorTest\bin\Debug\netcoreapp2.0\publish\UniverseGenerator.Test.dll" adapterTypeName="executor://nunit3testexecutor/" className="UniverseGenerator.Test.Email.TestEmails" name="TestDoNotAddOptionalErrorToApprovalRequests_Execution" /></UnitTest><UnitTest name="TestInvalidateReleaseAndApprovalStates" storage="e:\code\_migrated\quantplatform\qtg\universegeneratortest\bin\debug\netcoreapp2.0\publish\universegenerator.test.dll" id="11908c33-bd01-4102-80bf-7ccf65b4e255"><Execution id="5b6a3617-c63a-4272-8e77-274ad2a0006d" /><TestMethod codeBase="E:\code\_migrated\QuantPlatform\QTG\UniverseGeneratorTest\bin\Debug\netcoreapp2.0\publish\UniverseGenerator.Test.dll" adapterTypeName="executor://nunit3testexecutor/" className="UniverseGenerator.Test.TestUniverseConfig" name="TestInvalidateReleaseAndApprovalStates" /></UnitTest><UnitTest name="TestWritePendingMembersAndMembersIdeal(False,False)" storage="e:\code\_migrated\quantplatform\qtg\universegeneratortest\bin\debug\netcoreapp2.0\publish\universegenerator.test.dll" id="85d3ae1e-618a-45d8-bd64-f05a3485b754"><Execution id="f0127bae-ffb0-4f39-9e25-c03e4d479984" /><TestMethod codeBase="E:\code\_migrated\QuantPlatform\QTG\UniverseGeneratorTest\bin\Debug\netcoreapp2.0\publish\UniverseGenerator.Test.dll" adapterTypeName="executor://nunit3testexecutor/" className="UniverseGenerator.Test.Release.TestUniverseDatabaseWriter" name="TestWritePendingMembersAndMembersIdeal(False,False)" /></UnitTest><UnitTest name="TestIntersection_SecondIncluded" storage="e:\code\_migrated\quantplatform\qtg\universegeneratortest\bin\debug\netcoreapp2.0\publish\universegenerator.test.dll" id="6f74efcb-7cce-41ec-ad18-8ef2e85ec885"><Execution id="42f235f5-b055-4a1d-a04d-8b5249d01e39" /><TestMethod codeBase="E:\code\_migrated\QuantPlatform\QTG\UniverseGeneratorTest\bin\Debug\netcoreapp2.0\publish\UniverseGenerator.Test.dll" adapterTypeName="executor://nunit3testexecutor/" className="UniverseGenerator.Test.InclusionDate.TestIntersectionInclusionDates" name="TestIntersection_SecondIncluded" /></UnitTest><UnitTest name="TestDefaultReleaseStateWhenNoReleaseEverScheduled" storage="e:\code\_migrated\quantplatform\qtg\universegeneratortest\bin\debug\netcoreapp2.0\publish\universegenerator.test.dll" id="4c6de2aa-d79b-4c3c-9ae7-5753913f0d90"><Execution id="9dbbd318-f71b-44c3-82d2-f306847132bf" /><TestMethod codeBase="E:\code\_migrated\QuantPlatform\QTG\UniverseGeneratorTest\bin\Debug\netcoreapp2.0\publish\UniverseGenerator.Test.dll" adapterTypeName="executor://nunit3testexecutor/" className="UniverseGenerator.Test.Release.TestApprovalManager" name="TestDefaultReleaseStateWhenNoReleaseEverScheduled" /></UnitTest><UnitTest name="TestOutsideOfRangeAddOnSecond" storage="e:\code\_migrated\quantplatform\qtg\universegeneratortest\bin\debug\netcoreapp2.0\publish\universegenerator.test.dll" id="62f2b735-4c51-4964-94c2-b4a29e195521"><Execution id="b8a2277a-f10f-4f77-b0db-c77cb108acc3" /><TestMethod codeBase="E:\code\_migrated\QuantPlatform\QTG\UniverseGeneratorTest\bin\Debug\netcoreapp2.0\publish\UniverseGenerator.Test.dll" adapterTypeName="executor://nunit3testexecutor/" className="UniverseGenerator.Test.InclusionDate.TestDiffDatesForDataSync" name="TestOutsideOfRangeAddOnSecond" /></UnitTest><UnitTest name="TestConjunctionOverlapOneIncluded" storage="e:\code\_migrated\quantplatform\qtg\universegeneratortest\bin\debug\netcoreapp2.0\publish\universegenerator.test.dll" id="9e4ae938-1647-4eb2-929c-a541122cdbbe"><Execution id="c32ca484-956f-4388-bd8a-5ab3082f1bae" /><TestMethod codeBase="E:\code\_migrated\QuantPlatform\QTG\UniverseGeneratorTest\bin\Debug\netcoreapp2.0\publish\UniverseGenerator.Test.dll" adapterTypeName="executor://nunit3testexecutor/" className="UniverseGenerator.Test.InclusionDate.TestUnionInclusionDates" name="TestConjunctionOverlapOneIncluded" /></UnitTest><UnitTest name="TestBelowThreshold" storage="e:\code\_migrated\quantplatform\qtg\universegeneratortest\bin\debug\netcoreapp2.0\publish\universegenerator.test.dll" id="f827b014-b9df-42c2-85f1-c98b145007c6"><Execution id="67720359-3975-4c73-b596-3fb6b5e605ca" /><TestMethod codeBase="E:\code\_migrated\QuantPlatform\QTG\UniverseGeneratorTest\bin\Debug\netcoreapp2.0\publish\UniverseGenerator.Test.dll" adapterTypeName="executor://nunit3testexecutor/" className="UniverseGenerator.Test.Filter.FutureContracts.TestThresholdFilter" name="TestBelowThreshold" /></UnitTest><UnitTest name="TestHasEverBeenOnUniverseValidExchange" storage="e:\code\_migrated\quantplatform\qtg\universegeneratortest\bin\debug\netcoreapp2.0\publish\universegenerator.test.dll" id="d28f465c-38fb-48ac-a278-5bb91d546097"><Execution id="56751041-444b-4338-a0c6-c3aa623b59b7" /><TestMethod codeBase="E:\code\_migrated\QuantPlatform\QTG\UniverseGeneratorTest\bin\Debug\netcoreapp2.0\publish\UniverseGenerator.Test.dll" adapterTypeName="executor://nunit3testexecutor/" className="UniverseGenerator.Test.TestUniverseConfig" name="TestHasEverBeenOnUniverseValidExchange" /></UnitTest><UnitTest name="TestGenerateMembersHistoric_From0001-01-01_WithMembersIdealAfterExistingMembersHistoricEndDate_WithExistingMembersHistoric" storage="e:\code\_migrated\quantplatform\qtg\universegeneratortest\bin\debug\netcoreapp2.0\publish\universegenerator.test.dll" id="c6ca44b0-3158-42fb-ac4a-2e6191572fc7"><Execution id="625dbff6-0f9d-4c68-98e1-5c8b8842dc34" /><TestMethod codeBase="E:\code\_migrated\QuantPlatform\QTG\UniverseGeneratorTest\bin\Debug\netcoreapp2.0\publish\UniverseGenerator.Test.dll" adapterTypeName="executor://nunit3testexecutor/" className="UniverseGenerator.Test.TestQtgMembersHistoricGenerator" name="TestGenerateMembersHistoric_From0001-01-01_WithMembersIdealAfterExistingMembersHistoricEndDate_WithExistingMembersHistoric" /></UnitTest><UnitTest name="TestDateForPropagation_Within" storage="e:\code\_migrated\quantplatform\qtg\universegeneratortest\bin\debug\netcoreapp2.0\publish\universegenerator.test.dll" id="034392c7-fc43-427c-9fc6-e4671a2d3a19"><Execution id="16fcf722-0b07-4b15-abd6-1ec3a7fa2d25" /><TestMethod codeBase="E:\code\_migrated\QuantPlatform\QTG\UniverseGeneratorTest\bin\Debug\netcoreapp2.0\publish\UniverseGenerator.Test.dll" adapterTypeName="executor://nunit3testexecutor/" className="UniverseGenerator.Test.InclusionDate.TestInclusionDatesExt" name="TestDateForPropagation_Within" /></UnitTest><UnitTest name="TestMembersRealNoDiff" storage="e:\code\_migrated\quantplatform\qtg\universegeneratortest\bin\debug\netcoreapp2.0\publish\universegenerator.test.dll" id="9c15df23-cbc6-4ba3-959a-2a576aed1ba3"><Execution id="619edd78-ac6e-47aa-afbd-faa1ee56ef97" /><TestMethod codeBase="E:\code\_migrated\QuantPlatform\QTG\UniverseGeneratorTest\bin\Debug\netcoreapp2.0\publish\UniverseGenerator.Test.dll" adapterTypeName="executor://nunit3testexecutor/" className="UniverseGenerator.Test.TestDiffUniverse" name="TestMembersRealNoDiff" /></UnitTest><UnitTest name="TestAddApprovedDepartmentsMessageToApprovalRequests" storage="e:\code\_migrated\quantplatform\qtg\universegeneratortest\bin\debug\netcoreapp2.0\publish\universegenerator.test.dll" id="c914b4bf-167f-4e30-b0ce-76cf442f60bb"><Execution id="8401fc0b-b743-497a-81af-010c7a14f6c9" /><TestMethod codeBase="E:\code\_migrated\QuantPlatform\QTG\UniverseGeneratorTest\bin\Debug\netcoreapp2.0\publish\UniverseGenerator.Test.dll" adapterTypeName="executor://nunit3testexecutor/" className="UniverseGenerator.Test.Email.TestEmails" name="TestAddApprovedDepartmentsMessageToApprovalRequests" /></UnitTest><UnitTest name="TestGenerateMembersHistoric_From2018-01-01_WithMembersIdealAfterExistingMembersHistoricEndDate_WithExistingMembersHistoricEndingWithAnAdd" storage="e:\code\_migrated\quantplatform\qtg\universegeneratortest\bin\debug\netcoreapp2.0\publish\universegenerator.test.dll" id="0cf42bcd-f003-437f-8bc1-dcc630c5c2ec"><Execution id="b44b5966-9f9a-4e06-938b-0f3508532cde" /><TestMethod codeBase="E:\code\_migrated\QuantPlatform\QTG\UniverseGeneratorTest\bin\Debug\netcoreapp2.0\publish\UniverseGenerator.Test.dll" adapterTypeName="executor://nunit3testexecutor/" className="UniverseGenerator.Test.TestQtgMembersHistoricGenerator" name="TestGenerateMembersHistoric_From2018-01-01_WithMembersIdealAfterExistingMembersHistoricEndDate_WithExistingMembersHistoricEndingWithAnAdd" /></UnitTest><UnitTest name="TestGenerateMembersHistoric_From2018-01-01_WithMembersIdealOnExistingMembersHistoricEndDate_WithExistingMembersHistoric" storage="e:\code\_migrated\quantplatform\qtg\universegeneratortest\bin\debug\netcoreapp2.0\publish\universegenerator.test.dll" id="dbe7259e-925d-4c13-aa39-1cb94d6489ea"><Execution id="53aed810-4f10-4f68-bad3-7536e628bd51" /><TestMethod codeBase="E:\code\_migrated\QuantPlatform\QTG\UniverseGeneratorTest\bin\Debug\netcoreapp2.0\publish\UniverseGenerator.Test.dll" adapterTypeName="executor://nunit3testexecutor/" className="UniverseGenerator.Test.TestQtgMembersHistoricGenerator" name="TestGenerateMembersHistoric_From2018-01-01_WithMembersIdealOnExistingMembersHistoricEndDate_WithExistingMembersHistoric" /></UnitTest><UnitTest name="TestMultipleDifferentContracts_Overlaping" storage="e:\code\_migrated\quantplatform\qtg\universegeneratortest\bin\debug\netcoreapp2.0\publish\universegenerator.test.dll" id="16c319bf-ab27-4758-943f-d2eea6c9e40e"><Execution id="a80a3aae-e256-41cf-9598-297e333c2c96" /><TestMethod codeBase="E:\code\_migrated\QuantPlatform\QTG\UniverseGeneratorTest\bin\Debug\netcoreapp2.0\publish\UniverseGenerator.Test.dll" adapterTypeName="executor://nunit3testexecutor/" className="UniverseGenerator.Test.Members.SyntheticFutures.TestCandidateSyntheticFuturesProvider" name="TestMultipleDifferentContracts_Overlaping" /></UnitTest><UnitTest name="TestNullHandling" storage="e:\code\_migrated\quantplatform\qtg\universegeneratortest\bin\debug\netcoreapp2.0\publish\universegenerator.test.dll" id="3fd030e0-c690-4e37-a85c-d9414a425d67"><Execution id="ac7308bf-f6b4-4294-a2ae-663f422160dd" /><TestMethod codeBase="E:\code\_migrated\QuantPlatform\QTG\UniverseGeneratorTest\bin\Debug\netcoreapp2.0\publish\UniverseGenerator.Test.dll" adapterTypeName="executor://nunit3testexecutor/" className="UniverseGenerator.Test.Release.TestUniverseDataStoreWriter" name="TestNullHandling" /></UnitTest><UnitTest name="TestKeepAlive" storage="e:\code\_migrated\quantplatform\qtg\universegeneratortest\bin\debug\netcoreapp2.0\publish\universegenerator.test.dll" id="15fd1b00-2203-4684-b1f7-2e944049bd78"><Execution id="32e44485-fac9-4f63-a5e9-5b51074d58a6" /><TestMethod codeBase="E:\code\_migrated\QuantPlatform\QTG\UniverseGeneratorTest\bin\Debug\netcoreapp2.0\publish\UniverseGenerator.Test.dll" adapterTypeName="executor://nunit3testexecutor/" className="UniverseGenerator.Test.Filter.FutureContracts.TestFutureContractDeathDateFilter" name="TestKeepAlive" /></UnitTest><UnitTest name="TestIncludedInExistingWithSomeExclusionsInIdeal" storage="e:\code\_migrated\quantplatform\qtg\universegeneratortest\bin\debug\netcoreapp2.0\publish\universegenerator.test.dll" id="692bac56-8079-4ea2-8652-662059997884"><Execution id="90513c54-0fc5-4028-a962-a52a31b3cfe2" /><TestMethod codeBase="E:\code\_migrated\QuantPlatform\QTG\UniverseGeneratorTest\bin\Debug\netcoreapp2.0\publish\UniverseGenerator.Test.dll" adapterTypeName="executor://nunit3testexecutor/" className="UniverseGenerator.Test.Members.TestQtgMembersGenerator" name="TestIncludedInExistingWithSomeExclusionsInIdeal" /></UnitTest><UnitTest name="TestIsEligibleForRelease_CompletedNotEligible" storage="e:\code\_migrated\quantplatform\qtg\universegeneratortest\bin\debug\netcoreapp2.0\publish\universegenerator.test.dll" id="c084836c-d7cf-4cb6-be8a-f017869da630"><Execution id="3f40be20-bda6-42ba-9c8b-7b9d04a65e20" /><TestMethod codeBase="E:\code\_migrated\QuantPlatform\QTG\UniverseGeneratorTest\bin\Debug\netcoreapp2.0\publish\UniverseGenerator.Test.dll" adapterTypeName="executor://nunit3testexecutor/" className="UniverseGenerator.Test.Release.TestApprovalManager" name="TestIsEligibleForRelease_CompletedNotEligible" /></UnitTest><UnitTest name="TestCreateAuxiliaryMembers_Empty" storage="e:\code\_migrated\quantplatform\qtg\universegeneratortest\bin\debug\netcoreapp2.0\publish\universegenerator.test.dll" id="bf135fe6-1328-451e-9feb-44117f10a700"><Execution id="8ee427c6-5474-4470-8132-400f847772bc" /><TestMethod codeBase="E:\code\_migrated\QuantPlatform\QTG\UniverseGeneratorTest\bin\Debug\netcoreapp2.0\publish\UniverseGenerator.Test.dll" adapterTypeName="executor://nunit3testexecutor/" className="UniverseGenerator.Test.Members.TestAuxiliaryMembers" name="TestCreateAuxiliaryMembers_Empty" /></UnitTest><UnitTest name="TestConjunctionGap_OneIncluded" storage="e:\code\_migrated\quantplatform\qtg\universegeneratortest\bin\debug\netcoreapp2.0\publish\universegenerator.test.dll" id="82ea1ffc-07b2-456d-8f01-e268d522d055"><Execution id="e6026711-3773-4235-ab86-e65789940ba6" /><TestMethod codeBase="E:\code\_migrated\QuantPlatform\QTG\UniverseGeneratorTest\bin\Debug\netcoreapp2.0\publish\UniverseGenerator.Test.dll" adapterTypeName="executor://nunit3testexecutor/" className="UniverseGenerator.Test.InclusionDate.TestIntersectionInclusionDates" name="TestConjunctionGap_OneIncluded" /></UnitTest><UnitTest name="TestSendReleaseApprovedEmailIfNeeded_Superseded" storage="e:\code\_migrated\quantplatform\qtg\universegeneratortest\bin\debug\netcoreapp2.0\publish\universegenerator.test.dll" id="c7cfe934-61af-4593-b681-140cbb268f0a"><Execution id="a93ec1ec-92d5-4292-9053-f7e835c28561" /><TestMethod codeBase="E:\code\_migrated\QuantPlatform\QTG\UniverseGeneratorTest\bin\Debug\netcoreapp2.0\publish\UniverseGenerator.Test.dll" adapterTypeName="executor://nunit3testexecutor/" className="UniverseGenerator.Test.Email.TestEmails" name="TestSendReleaseApprovedEmailIfNeeded_Superseded" /></UnitTest><UnitTest name="TestMissingStock" storage="e:\code\_migrated\quantplatform\qtg\universegeneratortest\bin\debug\netcoreapp2.0\publish\universegenerator.test.dll" id="f738e875-358b-48a0-bec1-b660f8503eeb"><Execution id="c22a5ea1-92a7-4d92-9bef-451ff9af0f82" /><TestMethod codeBase="E:\code\_migrated\QuantPlatform\QTG\UniverseGeneratorTest\bin\Debug\netcoreapp2.0\publish\UniverseGenerator.Test.dll" adapterTypeName="executor://nunit3testexecutor/" className="UniverseGenerator.Test.InclusionDate.Converter.TestInclusionDatesConverter" name="TestMissingStock" /></UnitTest><UnitTest name="TestMergerNotValid" storage="e:\code\_migrated\quantplatform\qtg\universegeneratortest\bin\debug\netcoreapp2.0\publish\universegenerator.test.dll" id="99f9ab5f-071d-4dfd-acb6-a3be234546df"><Execution id="bf1d3883-8237-471b-9e21-04ce3e0457c7" /><TestMethod codeBase="E:\code\_migrated\QuantPlatform\QTG\UniverseGeneratorTest\bin\Debug\netcoreapp2.0\publish\UniverseGenerator.Test.dll" adapterTypeName="executor://nunit3testexecutor/" className="UniverseGenerator.Test.Filter.TestMergerFilter" name="TestMergerNotValid" /></UnitTest><UnitTest name="TestGenerateMembersHistoric_From0001-01-01_WithMembersIdealAroundExistingMembersHistoricEndDate_WithExistingMembersHistoric" storage="e:\code\_migrated\quantplatform\qtg\universegeneratortest\bin\debug\netcoreapp2.0\publish\universegenerator.test.dll" id="2ffd3d52-4def-4271-898a-99049b29601f"><Execution id="f9c86058-ca12-4f56-b4d8-b01d789e333d" /><TestMethod codeBase="E:\code\_migrated\QuantPlatform\QTG\UniverseGeneratorTest\bin\Debug\netcoreapp2.0\publish\UniverseGenerator.Test.dll" adapterTypeName="executor://nunit3testexecutor/" className="UniverseGenerator.Test.TestQtgMembersHistoricGenerator" name="TestGenerateMembersHistoric_From0001-01-01_WithMembersIdealAroundExistingMembersHistoricEndDate_WithExistingMembersHistoric" /></UnitTest><UnitTest name="TestGenerateMembersHistoric_From2018-01-01_WithMembersIdealAroundExistingMembersHistoricEndDate_WithExistingMembersHistoricEndingWithAnAdd" storage="e:\code\_migrated\quantplatform\qtg\universegeneratortest\bin\debug\netcoreapp2.0\publish\universegenerator.test.dll" id="0f513fa1-66a2-40b2-ae29-71dde6cb1697"><Execution id="7b739999-f3c8-4d23-8fe7-74242a06af1f" /><TestMethod codeBase="E:\code\_migrated\QuantPlatform\QTG\UniverseGeneratorTest\bin\Debug\netcoreapp2.0\publish\UniverseGenerator.Test.dll" adapterTypeName="executor://nunit3testexecutor/" className="UniverseGenerator.Test.TestQtgMembersHistoricGenerator" name="TestGenerateMembersHistoric_From2018-01-01_WithMembersIdealAroundExistingMembersHistoricEndDate_WithExistingMembersHistoricEndingWithAnAdd" /></UnitTest><UnitTest name="TestMergerOverEnd" storage="e:\code\_migrated\quantplatform\qtg\universegeneratortest\bin\debug\netcoreapp2.0\publish\universegenerator.test.dll" id="1340e12d-4be8-492b-a937-8abf71270045"><Execution id="a283d772-ea9e-4faf-ad19-2286bb8120c5" /><TestMethod codeBase="E:\code\_migrated\QuantPlatform\QTG\UniverseGeneratorTest\bin\Debug\netcoreapp2.0\publish\UniverseGenerator.Test.dll" adapterTypeName="executor://nunit3testexecutor/" className="UniverseGenerator.Test.Filter.TestMergerFilter" name="TestMergerOverEnd" /></UnitTest><UnitTest name="TestSendWithDifferences" storage="e:\code\_migrated\quantplatform\qtg\universegeneratortest\bin\debug\netcoreapp2.0\publish\universegenerator.test.dll" id="7b7c702d-8972-4e36-9091-a8bf5a388a75"><Execution id="dd3deeca-c1fa-4eeb-8d9a-b708d449fb98" /><TestMethod codeBase="E:\code\_migrated\QuantPlatform\QTG\UniverseGeneratorTest\bin\Debug\netcoreapp2.0\publish\UniverseGenerator.Test.dll" adapterTypeName="executor://nunit3testexecutor/" className="UniverseGenerator.Test.Email.TestBadlyConfiguredSecuritiesReporter" name="TestSendWithDifferences" /></UnitTest><UnitTest name="TestLiveUniverse" storage="e:\code\_migrated\quantplatform\qtg\universegeneratortest\bin\debug\netcoreapp2.0\publish\universegenerator.test.dll" id="b2a1cec7-989b-49ea-a4ce-a66cd9bae183"><Execution id="d2517adc-5b63-4b1a-9d8f-7130e16145e6" /><TestMethod codeBase="E:\code\_migrated\QuantPlatform\QTG\UniverseGeneratorTest\bin\Debug\netcoreapp2.0\publish\UniverseGenerator.Test.dll" adapterTypeName="executor://nunit3testexecutor/" className="UniverseGenerator.Test.TestUniverseConfig" name="TestLiveUniverse" /></UnitTest><UnitTest name="TestApprovalState_SkipApproved" storage="e:\code\_migrated\quantplatform\qtg\universegeneratortest\bin\debug\netcoreapp2.0\publish\universegenerator.test.dll" id="66ee4f75-b217-47bb-9859-a1ca7e862a8e"><Execution id="12cd5b52-9514-4c51-a8a7-7a6762546ad1" /><TestMethod codeBase="E:\code\_migrated\QuantPlatform\QTG\UniverseGeneratorTest\bin\Debug\netcoreapp2.0\publish\UniverseGenerator.Test.dll" adapterTypeName="executor://nunit3testexecutor/" className="UniverseGenerator.Test.Release.TestReleaseApprove" name="TestApprovalState_SkipApproved" /></UnitTest><UnitTest name="TestWithTargetAnnouncement_AfterEnd_Pending" storage="e:\code\_migrated\quantplatform\qtg\universegeneratortest\bin\debug\netcoreapp2.0\publish\universegenerator.test.dll" id="413f1d11-9e4e-45d2-99d8-7f269274e524"><Execution id="3bf4cfd6-8a25-4d11-b041-8d28cc09b618" /><TestMethod codeBase="E:\code\_migrated\QuantPlatform\QTG\UniverseGeneratorTest\bin\Debug\netcoreapp2.0\publish\UniverseGenerator.Test.dll" adapterTypeName="executor://nunit3testexecutor/" className="UniverseGenerator.Test.Filter.TestTargetAnnouncementFilter" name="TestWithTargetAnnouncement_AfterEnd_Pending" /></UnitTest><UnitTest name="TestFirstNotInUniverse" storage="e:\code\_migrated\quantplatform\qtg\universegeneratortest\bin\debug\netcoreapp2.0\publish\universegenerator.test.dll" id="5af11741-e778-47e2-88f2-38129c0c5ca0"><Execution id="768b2ed0-39f2-4916-a54c-5a80e1bfe936" /><TestMethod codeBase="E:\code\_migrated\QuantPlatform\QTG\UniverseGeneratorTest\bin\Debug\netcoreapp2.0\publish\UniverseGenerator.Test.dll" adapterTypeName="executor://nunit3testexecutor/" className="UniverseGenerator.Test.InclusionDate.TestDiffInclusionDates" name="TestFirstNotInUniverse" /></UnitTest><UnitTest name="TestCreateUniverseEntries_MemberPreset" storage="e:\code\_migrated\quantplatform\qtg\universegeneratortest\bin\debug\netcoreapp2.0\publish\universegenerator.test.dll" id="8a8c2449-a9e2-4a03-8dd5-2c6b0c5cf696"><Execution id="9b7e19f4-a6e2-41cd-8430-8666122fa4bd" /><TestMethod codeBase="E:\code\_migrated\QuantPlatform\QTG\UniverseGeneratorTest\bin\Debug\netcoreapp2.0\publish\UniverseGenerator.Test.dll" adapterTypeName="executor://nunit3testexecutor/" className="UniverseGenerator.Test.InclusionDate.Converter.TestToUniverseEntriesConverter" name="TestCreateUniverseEntries_MemberPreset" /></UnitTest><UnitTest name="TestStockWithCurrencyExchangeCalendarAndDeathDate" storage="e:\code\_migrated\quantplatform\qtg\universegeneratortest\bin\debug\netcoreapp2.0\publish\universegenerator.test.dll" id="d95ad4f0-7dd8-4db9-9d3e-88f78566c13c"><Execution id="428d0639-8f91-4f55-8ba8-3ae759ace608" /><TestMethod codeBase="E:\code\_migrated\QuantPlatform\QTG\UniverseGeneratorTest\bin\Debug\netcoreapp2.0\publish\UniverseGenerator.Test.dll" adapterTypeName="executor://nunit3testexecutor/" className="UniverseGenerator.Test.Filter.TestStockDataRequirements" name="TestStockWithCurrencyExchangeCalendarAndDeathDate" /></UnitTest><UnitTest name="TestNoSync" storage="e:\code\_migrated\quantplatform\qtg\universegeneratortest\bin\debug\netcoreapp2.0\publish\universegenerator.test.dll" id="c7fffeba-7ec8-41d4-9c98-7713127e1dea"><Execution id="57b88ea8-9398-499d-889b-6f0033521025" /><TestMethod codeBase="E:\code\_migrated\QuantPlatform\QTG\UniverseGeneratorTest\bin\Debug\netcoreapp2.0\publish\UniverseGenerator.Test.dll" adapterTypeName="executor://nunit3testexecutor/" className="UniverseGenerator.Test.Release.TestUniverseDataStoreWriter" name="TestNoSync" /></UnitTest><UnitTest name="TestEnumerableRange_FromAfterTo" storage="e:\code\_migrated\quantplatform\qtg\universegeneratortest\bin\debug\netcoreapp2.0\publish\universegenerator.test.dll" id="7e4aa86d-0990-437b-8a85-294860123506"><Execution id="2b9b3cbe-ee5d-4427-9f0b-2223c26f48bd" /><TestMethod codeBase="E:\code\_migrated\QuantPlatform\QTG\UniverseGeneratorTest\bin\Debug\netcoreapp2.0\publish\UniverseGenerator.Test.dll" adapterTypeName="executor://nunit3testexecutor/" className="UniverseGenerator.Test.InclusionDate.TestDateRangeExt" name="TestEnumerableRange_FromAfterTo" /></UnitTest><UnitTest name="TestStockInMembers_PropagateInclusionAfterMembersRangeEnd" storage="e:\code\_migrated\quantplatform\qtg\universegeneratortest\bin\debug\netcoreapp2.0\publish\universegenerator.test.dll" id="bcf1fed7-9ac4-4baf-83e5-72f45752831a"><Execution id="11668369-5f00-45ce-a28e-e734e5f1ebb2" /><TestMethod codeBase="E:\code\_migrated\QuantPlatform\QTG\UniverseGeneratorTest\bin\Debug\netcoreapp2.0\publish\UniverseGenerator.Test.dll" adapterTypeName="executor://nunit3testexecutor/" className="UniverseGenerator.Test.Filter.SyntheticFuture.TestUnderlyingMembershipDatesFilter" name="TestStockInMembers_PropagateInclusionAfterMembersRangeEnd" /></UnitTest><UnitTest name="TestPriceThreshold" storage="e:\code\_migrated\quantplatform\qtg\universegeneratortest\bin\debug\netcoreapp2.0\publish\universegenerator.test.dll" id="dd518028-511c-4cc5-9c69-63ffd935f044"><Execution id="d9f8b374-7b45-4949-bc5a-dad2a745db5b" /><TestMethod codeBase="E:\code\_migrated\QuantPlatform\QTG\UniverseGeneratorTest\bin\Debug\netcoreapp2.0\publish\UniverseGenerator.Test.dll" adapterTypeName="executor://nunit3testexecutor/" className="UniverseGenerator.Test.TestUniverseConfig" name="TestPriceThreshold" /></UnitTest><UnitTest name="TestPendingMembersForExecution" storage="e:\code\_migrated\quantplatform\qtg\universegeneratortest\bin\debug\netcoreapp2.0\publish\universegenerator.test.dll" id="b0b5887d-76a9-4aac-968a-7aafe9378a28"><Execution id="dba0042f-6a52-454c-a551-67a33b761122" /><TestMethod codeBase="E:\code\_migrated\QuantPlatform\QTG\UniverseGeneratorTest\bin\Debug\netcoreapp2.0\publish\UniverseGenerator.Test.dll" adapterTypeName="executor://nunit3testexecutor/" className="UniverseGenerator.Test.TestUniverseConfig" name="TestPendingMembersForExecution" /></UnitTest><UnitTest name="TestFilterOutStockBasedOnClosePrice" storage="e:\code\_migrated\quantplatform\qtg\universegeneratortest\bin\debug\netcoreapp2.0\publish\universegenerator.test.dll" id="e3634566-780e-40b9-80a7-bbdd27e31116"><Execution id="4e66c2dc-06a0-45c2-9ee0-1bffc4446b83" /><TestMethod codeBase="E:\code\_migrated\QuantPlatform\QTG\UniverseGeneratorTest\bin\Debug\netcoreapp2.0\publish\UniverseGenerator.Test.dll" adapterTypeName="executor://nunit3testexecutor/" className="UniverseGenerator.Test.Filter.TestSmallPriceFilter" name="TestFilterOutStockBasedOnClosePrice" /></UnitTest><UnitTest name="TestGetAndValidateLatestReleaseState_NoValidateWhen_NoSync" storage="e:\code\_migrated\quantplatform\qtg\universegeneratortest\bin\debug\netcoreapp2.0\publish\universegenerator.test.dll" id="6851e36b-52bc-47ff-bfec-d0aee77acb38"><Execution id="fcf72a0f-3011-4932-8f1d-7d9185b06e50" /><TestMethod codeBase="E:\code\_migrated\QuantPlatform\QTG\UniverseGeneratorTest\bin\Debug\netcoreapp2.0\publish\UniverseGenerator.Test.dll" adapterTypeName="executor://nunit3testexecutor/" className="UniverseGenerator.Test.Release.TestApprovalManager" name="TestGetAndValidateLatestReleaseState_NoValidateWhen_NoSync" /></UnitTest><UnitTest name="TestSyntheticFutures" storage="e:\code\_migrated\quantplatform\qtg\universegeneratortest\bin\debug\netcoreapp2.0\publish\universegenerator.test.dll" id="109d4774-47fa-43d8-966d-9588365d1535"><Execution id="f9ab800a-3b15-4077-814d-9a53387efe4a" /><TestMethod codeBase="E:\code\_migrated\QuantPlatform\QTG\UniverseGeneratorTest\bin\Debug\netcoreapp2.0\publish\UniverseGenerator.Test.dll" adapterTypeName="executor://nunit3testexecutor/" className="UniverseGenerator.Test.Email.TestHtmlEmailFileBuilder" name="TestSyntheticFutures" /></UnitTest><UnitTest name="TestFilter_LSE_Only_LSE_AtStart" storage="e:\code\_migrated\quantplatform\qtg\universegeneratortest\bin\debug\netcoreapp2.0\publish\universegenerator.test.dll" id="96dc408d-bd2f-498d-ac59-7bd142c14cc8"><Execution id="8542440f-b540-4cb0-aaa2-3bd7e63fd1fd" /><TestMethod codeBase="E:\code\_migrated\QuantPlatform\QTG\UniverseGeneratorTest\bin\Debug\netcoreapp2.0\publish\UniverseGenerator.Test.dll" adapterTypeName="executor://nunit3testexecutor/" className="UniverseGenerator.Test.Filter.TestEuropeUniverseFilter" name="TestFilter_LSE_Only_LSE_AtStart" /></UnitTest><UnitTest name="TestIdealAndExistingUnion" storage="e:\code\_migrated\quantplatform\qtg\universegeneratortest\bin\debug\netcoreapp2.0\publish\universegenerator.test.dll" id="08b56c3f-d11b-4773-8249-0ac69a1895ba"><Execution id="16114bc4-8408-4ff7-8854-03f7a995ddb9" /><TestMethod codeBase="E:\code\_migrated\QuantPlatform\QTG\UniverseGeneratorTest\bin\Debug\netcoreapp2.0\publish\UniverseGenerator.Test.dll" adapterTypeName="executor://nunit3testexecutor/" className="UniverseGenerator.Test.Members.TestMembersProvider" name="TestIdealAndExistingUnion" /></UnitTest><UnitTest name="TestSingleMonth" storage="e:\code\_migrated\quantplatform\qtg\universegeneratortest\bin\debug\netcoreapp2.0\publish\universegenerator.test.dll" id="d6837cd4-ddb1-4d48-b32f-acb86bfd9533"><Execution id="c9ff7229-2b09-4591-b767-5fd75f3f01aa" /><TestMethod codeBase="E:\code\_migrated\QuantPlatform\QTG\UniverseGeneratorTest\bin\Debug\netcoreapp2.0\publish\UniverseGenerator.Test.dll" adapterTypeName="executor://nunit3testexecutor/" className="UniverseGenerator.Test.Mean.TestBucketed" name="TestSingleMonth" /></UnitTest><UnitTest name="TestDoNotSyncWhenEquityShortTerm(CurrencyShortTerm)" storage="e:\code\_migrated\quantplatform\qtg\universegeneratortest\bin\debug\netcoreapp2.0\publish\universegenerator.test.dll" id="12103c17-afec-4d60-ac10-fbe97539a548"><Execution id="a4449fad-b7b7-4a96-a68e-1ede8d533a9f" /><TestMethod codeBase="E:\code\_migrated\QuantPlatform\QTG\UniverseGeneratorTest\bin\Debug\netcoreapp2.0\publish\UniverseGenerator.Test.dll" adapterTypeName="executor://nunit3testexecutor/" className="UniverseGenerator.Test.Release.TestReleasePanGaea" name="TestDoNotSyncWhenEquityShortTerm(CurrencyShortTerm)" /></UnitTest><UnitTest name="TestEnumerableRange_FromAfterStart" storage="e:\code\_migrated\quantplatform\qtg\universegeneratortest\bin\debug\netcoreapp2.0\publish\universegenerator.test.dll" id="780e2eab-927e-40fd-a2eb-8fb86b92e37c"><Execution id="629fb373-471a-48dd-adc9-ffa29f60b951" /><TestMethod codeBase="E:\code\_migrated\QuantPlatform\QTG\UniverseGeneratorTest\bin\Debug\netcoreapp2.0\publish\UniverseGenerator.Test.dll" adapterTypeName="executor://nunit3testexecutor/" className="UniverseGenerator.Test.InclusionDate.TestDateRangeExt" name="TestEnumerableRange_FromAfterStart" /></UnitTest><UnitTest name="TestWithTargetAnnouncement" storage="e:\code\_migrated\quantplatform\qtg\universegeneratortest\bin\debug\netcoreapp2.0\publish\universegenerator.test.dll" id="5b81c8ae-ade8-4363-a5b4-f2f4d1e039c2"><Execution id="fd1c00e2-dd7d-4247-ad7b-b36c4f5f2ef0" /><TestMethod codeBase="E:\code\_migrated\QuantPlatform\QTG\UniverseGeneratorTest\bin\Debug\netcoreapp2.0\publish\UniverseGenerator.Test.dll" adapterTypeName="executor://nunit3testexecutor/" className="UniverseGenerator.Test.Filter.TestTargetAnnouncementFilter" name="TestWithTargetAnnouncement" /></UnitTest><UnitTest name="TestApprovalStatesVariable" storage="e:\code\_migrated\quantplatform\qtg\universegeneratortest\bin\debug\netcoreapp2.0\publish\universegenerator.test.dll" id="f4b1c4e3-8ec6-449d-a28f-60137e34e9ae"><Execution id="ac381fe9-576c-452a-8f58-87516e8b190f" /><TestMethod codeBase="E:\code\_migrated\QuantPlatform\QTG\UniverseGeneratorTest\bin\Debug\netcoreapp2.0\publish\UniverseGenerator.Test.dll" adapterTypeName="executor://nunit3testexecutor/" className="UniverseGenerator.Test.TestUniverseConfig" name="TestApprovalStatesVariable" /></UnitTest><UnitTest name="TestGenerateMembersHistoric_From0001-01-01_WithMembersIdealAfterExistingMembersHistoricEndDate_WithExistingMembersHistoricEndingWithAnAdd" storage="e:\code\_migrated\quantplatform\qtg\universegeneratortest\bin\debug\netcoreapp2.0\publish\universegenerator.test.dll" id="211760d2-aaef-4c4e-b108-39077e432290"><Execution id="b481856b-cb14-4415-8513-0311eb761a0a" /><TestMethod codeBase="E:\code\_migrated\QuantPlatform\QTG\UniverseGeneratorTest\bin\Debug\netcoreapp2.0\publish\UniverseGenerator.Test.dll" adapterTypeName="executor://nunit3testexecutor/" className="UniverseGenerator.Test.TestQtgMembersHistoricGenerator" name="TestGenerateMembersHistoric_From0001-01-01_WithMembersIdealAfterExistingMembersHistoricEndDate_WithExistingMembersHistoricEndingWithAnAdd" /></UnitTest><UnitTest name="TestSingleEntry_End" storage="e:\code\_migrated\quantplatform\qtg\universegeneratortest\bin\debug\netcoreapp2.0\publish\universegenerator.test.dll" id="06535fc3-b679-4bcb-aa8e-7b6a4df66b98"><Execution id="2619e051-be92-4023-996d-48238b9fdbd8" /><TestMethod codeBase="E:\code\_migrated\QuantPlatform\QTG\UniverseGeneratorTest\bin\Debug\netcoreapp2.0\publish\UniverseGenerator.Test.dll" adapterTypeName="executor://nunit3testexecutor/" className="UniverseGenerator.Test.Futures.Mean.TestFutureContractSumDaysWithVolume" name="TestSingleEntry_End" /></UnitTest><UnitTest name="TestConjunction" storage="e:\code\_migrated\quantplatform\qtg\universegeneratortest\bin\debug\netcoreapp2.0\publish\universegenerator.test.dll" id="de28a965-ccdc-434d-a73f-916dbc19e630"><Execution id="89fd3529-aeab-426d-aae1-20fcf530c08f" /><TestMethod codeBase="E:\code\_migrated\QuantPlatform\QTG\UniverseGeneratorTest\bin\Debug\netcoreapp2.0\publish\UniverseGenerator.Test.dll" adapterTypeName="executor://nunit3testexecutor/" className="UniverseGenerator.Test.InclusionDate.TestInclusionDatesView" name="TestConjunction" /></UnitTest><UnitTest name="TestRelease_FutureContracs" storage="e:\code\_migrated\quantplatform\qtg\universegeneratortest\bin\debug\netcoreapp2.0\publish\universegenerator.test.dll" id="8b738cff-e73b-4dbe-99f6-e63d4a9ebb53"><Execution id="09da019e-7308-4566-b695-243b5de832c7" /><TestMethod codeBase="E:\code\_migrated\QuantPlatform\QTG\UniverseGeneratorTest\bin\Debug\netcoreapp2.0\publish\UniverseGenerator.Test.dll" adapterTypeName="executor://nunit3testexecutor/" className="UniverseGenerator.Test.Release.TestReleaseToLive" name="TestRelease_FutureContracs" /></UnitTest><UnitTest name="TestMembersRealDiff" storage="e:\code\_migrated\quantplatform\qtg\universegeneratortest\bin\debug\netcoreapp2.0\publish\universegenerator.test.dll" id="9a9e17d8-3f10-48e8-93d4-290a057f13ec"><Execution id="148a4a17-b014-4c8b-b2aa-94b74b35196f" /><TestMethod codeBase="E:\code\_migrated\QuantPlatform\QTG\UniverseGeneratorTest\bin\Debug\netcoreapp2.0\publish\UniverseGenerator.Test.dll" adapterTypeName="executor://nunit3testexecutor/" className="UniverseGenerator.Test.TestDiffUniverse" name="TestMembersRealDiff" /></UnitTest><UnitTest name="TestBucketMonthExclusionFine" storage="e:\code\_migrated\quantplatform\qtg\universegeneratortest\bin\debug\netcoreapp2.0\publish\universegenerator.test.dll" id="e976a3b3-837a-4ef8-bbd5-3abdc7ff3b17"><Execution id="977b05ca-a50e-4afd-9981-a4b2968f0e78" /><TestMethod codeBase="E:\code\_migrated\QuantPlatform\QTG\UniverseGeneratorTest\bin\Debug\netcoreapp2.0\publish\UniverseGenerator.Test.dll" adapterTypeName="executor://nunit3testexecutor/" className="UniverseGenerator.Test.InclusionDate.TestInclusionDates" name="TestBucketMonthExclusionFine" /></UnitTest><UnitTest name="TestFilter_IncorrectExclusion" storage="e:\code\_migrated\quantplatform\qtg\universegeneratortest\bin\debug\netcoreapp2.0\publish\universegenerator.test.dll" id="248f8b3e-237e-4348-a0db-e308855ccbb6"><Execution id="5727fa70-d778-4d05-9c2f-32ede71ffd73" /><TestMethod codeBase="E:\code\_migrated\QuantPlatform\QTG\UniverseGeneratorTest\bin\Debug\netcoreapp2.0\publish\UniverseGenerator.Test.dll" adapterTypeName="executor://nunit3testexecutor/" className="UniverseGenerator.Test.Filter.TestEuropeUniverseFilter" name="TestFilter_IncorrectExclusion" /></UnitTest><UnitTest name="TestExcludeIfUnderlyingFuture_ApprovedForTrading_SetToFalse" storage="e:\code\_migrated\quantplatform\qtg\universegeneratortest\bin\debug\netcoreapp2.0\publish\universegenerator.test.dll" id="24e65ac6-b2b6-4c57-a118-f98f6a7a3b67"><Execution id="6a4364d7-96a1-48b1-965c-5ce6f0d9dc9d" /><TestMethod codeBase="E:\code\_migrated\QuantPlatform\QTG\UniverseGeneratorTest\bin\Debug\netcoreapp2.0\publish\UniverseGenerator.Test.dll" adapterTypeName="executor://nunit3testexecutor/" className="UniverseGenerator.Test.Filter.FutureContracts.TestFutureContractUnapprovedFilter" name="TestExcludeIfUnderlyingFuture_ApprovedForTrading_SetToFalse" /></UnitTest><UnitTest name="TestSendReleasedEmailIfNeeded_WithDiffsAndApproval" storage="e:\code\_migrated\quantplatform\qtg\universegeneratortest\bin\debug\netcoreapp2.0\publish\universegenerator.test.dll" id="a593d1e7-0c72-43fb-a0c4-b540d55bdf34"><Execution id="c2781b5e-d474-4fae-92d8-a3c2705dbbd7" /><TestMethod codeBase="E:\code\_migrated\QuantPlatform\QTG\UniverseGeneratorTest\bin\Debug\netcoreapp2.0\publish\UniverseGenerator.Test.dll" adapterTypeName="executor://nunit3testexecutor/" className="UniverseGenerator.Test.Email.TestEmails" name="TestSendReleasedEmailIfNeeded_WithDiffsAndApproval" /></UnitTest><UnitTest name="TestStockWithCurrencyExchangeAndCalendar" storage="e:\code\_migrated\quantplatform\qtg\universegeneratortest\bin\debug\netcoreapp2.0\publish\universegenerator.test.dll" id="07b4db57-5c9a-4cac-99a5-4e8dde7688c2"><Execution id="a601f494-8d38-4392-b72a-4b59bbe98685" /><TestMethod codeBase="E:\code\_migrated\QuantPlatform\QTG\UniverseGeneratorTest\bin\Debug\netcoreapp2.0\publish\UniverseGenerator.Test.dll" adapterTypeName="executor://nunit3testexecutor/" className="UniverseGenerator.Test.Filter.TestStockDataRequirements" name="TestStockWithCurrencyExchangeAndCalendar" /></UnitTest><UnitTest name="TestDateForPropagation_Before_NotFallBackToMin" storage="e:\code\_migrated\quantplatform\qtg\universegeneratortest\bin\debug\netcoreapp2.0\publish\universegenerator.test.dll" id="2300d168-5636-4a9f-baac-c5b486f63594"><Execution id="16c51b21-27f2-4ba2-a370-090b404d246a" /><TestMethod codeBase="E:\code\_migrated\QuantPlatform\QTG\UniverseGeneratorTest\bin\Debug\netcoreapp2.0\publish\UniverseGenerator.Test.dll" adapterTypeName="executor://nunit3testexecutor/" className="UniverseGenerator.Test.InclusionDate.TestInclusionDatesExt" name="TestDateForPropagation_Before_NotFallBackToMin" /></UnitTest><UnitTest name="TestStockInMembersAndHasSomeInclusions" storage="e:\code\_migrated\quantplatform\qtg\universegeneratortest\bin\debug\netcoreapp2.0\publish\universegenerator.test.dll" id="cd8ebe74-86dd-45d2-ac53-6343cd0cdcea"><Execution id="97e248ab-24d7-456e-bfd6-b30ec27f3d35" /><TestMethod codeBase="E:\code\_migrated\QuantPlatform\QTG\UniverseGeneratorTest\bin\Debug\netcoreapp2.0\publish\UniverseGenerator.Test.dll" adapterTypeName="executor://nunit3testexecutor/" className="UniverseGenerator.Test.Filter.SyntheticFuture.TestUnderlyingMembershipDatesFilter" name="TestStockInMembersAndHasSomeInclusions" /></UnitTest><UnitTest name="TestDoNotAddOptionalErrorToApprovalRequests_MissingEntryFromLifetimeHelper_FinancialDataGroup" storage="e:\code\_migrated\quantplatform\qtg\universegeneratortest\bin\debug\netcoreapp2.0\publish\universegenerator.test.dll" id="f9f4f90f-4090-4b15-905c-e2d781c6d9c8"><Execution id="9d88ce92-fcec-4ef1-b3e8-cad47dda4b9c" /><TestMethod codeBase="E:\code\_migrated\QuantPlatform\QTG\UniverseGeneratorTest\bin\Debug\netcoreapp2.0\publish\UniverseGenerator.Test.dll" adapterTypeName="executor://nunit3testexecutor/" className="UniverseGenerator.Test.Email.TestEmails" name="TestDoNotAddOptionalErrorToApprovalRequests_MissingEntryFromLifetimeHelper_FinancialDataGroup" /></UnitTest><UnitTest name="TestOutsideOfRangeDeleteOnFirst" storage="e:\code\_migrated\quantplatform\qtg\universegeneratortest\bin\debug\netcoreapp2.0\publish\universegenerator.test.dll" id="7e4e2473-25d2-4c7e-b65c-402f24e30b9f"><Execution id="22077663-faed-4666-8eea-778512ee533c" /><TestMethod codeBase="E:\code\_migrated\QuantPlatform\QTG\UniverseGeneratorTest\bin\Debug\netcoreapp2.0\publish\UniverseGenerator.Test.dll" adapterTypeName="executor://nunit3testexecutor/" className="UniverseGenerator.Test.InclusionDate.TestDiffDatesForDataSync" name="TestOutsideOfRangeDeleteOnFirst" /></UnitTest><UnitTest name="TestGenerateMembersHistoric_From2018-01-01_WithFullMembersIdeal_WithExistingMembersHistoricEndingWithAnAdd" storage="e:\code\_migrated\quantplatform\qtg\universegeneratortest\bin\debug\netcoreapp2.0\publish\universegenerator.test.dll" id="034ee3fe-92a6-4227-a312-300c5155fb57"><Execution id="2c7fa1e0-f8a7-4a1a-a22b-196e1634d3eb" /><TestMethod codeBase="E:\code\_migrated\QuantPlatform\QTG\UniverseGeneratorTest\bin\Debug\netcoreapp2.0\publish\UniverseGenerator.Test.dll" adapterTypeName="executor://nunit3testexecutor/" className="UniverseGenerator.Test.TestQtgMembersHistoricGenerator" name="TestGenerateMembersHistoric_From2018-01-01_WithFullMembersIdeal_WithExistingMembersHistoricEndingWithAnAdd" /></UnitTest><UnitTest name="TestNotEligibleForRelease_DoesNothing" storage="e:\code\_migrated\quantplatform\qtg\universegeneratortest\bin\debug\netcoreapp2.0\publish\universegenerator.test.dll" id="11a3ec77-6085-4637-b3fe-3a4c1996243b"><Execution id="b5e6967a-f0c1-40d0-b074-ce9742d980c5" /><TestMethod codeBase="E:\code\_migrated\QuantPlatform\QTG\UniverseGeneratorTest\bin\Debug\netcoreapp2.0\publish\UniverseGenerator.Test.dll" adapterTypeName="executor://nunit3testexecutor/" className="UniverseGenerator.Test.Release.TestReleaseApprove" name="TestNotEligibleForRelease_DoesNothing" /></UnitTest><UnitTest name="TestStockNotInMembers" storage="e:\code\_migrated\quantplatform\qtg\universegeneratortest\bin\debug\netcoreapp2.0\publish\universegenerator.test.dll" id="be6724f4-f5f8-4ce1-9316-6ba5426159e4"><Execution id="ffc6979e-6d5e-4c8f-8880-f9643fe55608" /><TestMethod codeBase="E:\code\_migrated\QuantPlatform\QTG\UniverseGeneratorTest\bin\Debug\netcoreapp2.0\publish\UniverseGenerator.Test.dll" adapterTypeName="executor://nunit3testexecutor/" className="UniverseGenerator.Test.Filter.SyntheticFuture.TestUnderlyingMembershipDatesFilter" name="TestStockNotInMembers" /></UnitTest><UnitTest name="TestCorrectlyApplyEndDate_MissingStock" storage="e:\code\_migrated\quantplatform\qtg\universegeneratortest\bin\debug\netcoreapp2.0\publish\universegenerator.test.dll" id="a2a60769-1b75-4a2c-b033-f4f7209d8671"><Execution id="d305fd1d-895f-4e9f-bfe8-62a96f32c824" /><TestMethod codeBase="E:\code\_migrated\QuantPlatform\QTG\UniverseGeneratorTest\bin\Debug\netcoreapp2.0\publish\UniverseGenerator.Test.dll" adapterTypeName="executor://nunit3testexecutor/" className="UniverseGenerator.Test.InclusionDate.Converter.TestInclusionDatesConverter" name="TestCorrectlyApplyEndDate_MissingStock" /></UnitTest><UnitTest name="TestPendingAuxiliaryMembers" storage="e:\code\_migrated\quantplatform\qtg\universegeneratortest\bin\debug\netcoreapp2.0\publish\universegenerator.test.dll" id="1edbf841-88fe-4760-9162-65ffe97e0868"><Execution id="da46742d-d57f-4cc3-b217-485ae26977e8" /><TestMethod codeBase="E:\code\_migrated\QuantPlatform\QTG\UniverseGeneratorTest\bin\Debug\netcoreapp2.0\publish\UniverseGenerator.Test.dll" adapterTypeName="executor://nunit3testexecutor/" className="UniverseGenerator.Test.TestUniverseConfig" name="TestPendingAuxiliaryMembers" /></UnitTest><UnitTest name="TestApprovalState_SkipCancelled" storage="e:\code\_migrated\quantplatform\qtg\universegeneratortest\bin\debug\netcoreapp2.0\publish\universegenerator.test.dll" id="f57ec2ab-e4af-43e9-a9da-7a4e603b72f0"><Execution id="f87bed2e-40ec-4306-af5c-13695103306b" /><TestMethod codeBase="E:\code\_migrated\QuantPlatform\QTG\UniverseGeneratorTest\bin\Debug\netcoreapp2.0\publish\UniverseGenerator.Test.dll" adapterTypeName="executor://nunit3testexecutor/" className="UniverseGenerator.Test.Release.TestReleaseApprove" name="TestApprovalState_SkipCancelled" /></UnitTest><UnitTest name="TestMembersForExecution" storage="e:\code\_migrated\quantplatform\qtg\universegeneratortest\bin\debug\netcoreapp2.0\publish\universegenerator.test.dll" id="0a41a70c-3cc8-4f58-a046-bd4719c59f63"><Execution id="37c23bc6-04b8-47d9-94cf-ff6d118d263c" /><TestMethod codeBase="E:\code\_migrated\QuantPlatform\QTG\UniverseGeneratorTest\bin\Debug\netcoreapp2.0\publish\UniverseGenerator.Test.dll" adapterTypeName="executor://nunit3testexecutor/" className="UniverseGenerator.Test.Release.TestMemberFields" name="TestMembersForExecution" /></UnitTest><UnitTest name="TestAddition" storage="e:\code\_migrated\quantplatform\qtg\universegeneratortest\bin\debug\netcoreapp2.0\publish\universegenerator.test.dll" id="3d3b295f-5340-47e2-a5af-d00df2131530"><Execution id="dc3741c3-afb1-4bf5-91c7-56524cb47a23" /><TestMethod codeBase="E:\code\_migrated\QuantPlatform\QTG\UniverseGeneratorTest\bin\Debug\netcoreapp2.0\publish\UniverseGenerator.Test.dll" adapterTypeName="executor://nunit3testexecutor/" className="UniverseGenerator.Test.InclusionDate.TestDiffDatesForDataSync" name="TestAddition" /></UnitTest><UnitTest name="TestDiffEarlierAddition_SecondExpiresEarlier" storage="e:\code\_migrated\quantplatform\qtg\universegeneratortest\bin\debug\netcoreapp2.0\publish\universegenerator.test.dll" id="a593d313-1dc0-468e-a3d5-314fdecafa0f"><Execution id="3d5b842b-3b39-446a-a4a2-8333637feea7" /><TestMethod codeBase="E:\code\_migrated\QuantPlatform\QTG\UniverseGeneratorTest\bin\Debug\netcoreapp2.0\publish\UniverseGenerator.Test.dll" adapterTypeName="executor://nunit3testexecutor/" className="UniverseGenerator.Test.InclusionDate.TestDiffDatesForDataSync" name="TestDiffEarlierAddition_SecondExpiresEarlier" /></UnitTest><UnitTest name="TestBetweenToAboveThreshold" storage="e:\code\_migrated\quantplatform\qtg\universegeneratortest\bin\debug\netcoreapp2.0\publish\universegenerator.test.dll" id="4a3766d2-990c-4dba-869d-f531b4d03930"><Execution id="71d72459-0d5b-4b54-b56e-6594ab53e882" /><TestMethod codeBase="E:\code\_migrated\QuantPlatform\QTG\UniverseGeneratorTest\bin\Debug\netcoreapp2.0\publish\UniverseGenerator.Test.dll" adapterTypeName="executor://nunit3testexecutor/" className="UniverseGenerator.Test.Filter.FutureContracts.TestThresholdFilter" name="TestBetweenToAboveThreshold" /></UnitTest><UnitTest name="TestNoExecutionDate" storage="e:\code\_migrated\quantplatform\qtg\universegeneratortest\bin\debug\netcoreapp2.0\publish\universegenerator.test.dll" id="b060080d-2340-4326-a7d9-3c3fd4419ebb"><Execution id="f7264493-ba80-4902-a88b-c2ef78a0bb33" /><TestMethod codeBase="E:\code\_migrated\QuantPlatform\QTG\UniverseGeneratorTest\bin\Debug\netcoreapp2.0\publish\UniverseGenerator.Test.dll" adapterTypeName="executor://nunit3testexecutor/" className="UniverseGenerator.Test.Filter.TestMergerFilter" name="TestNoExecutionDate" /></UnitTest><UnitTest name="TestReleaseWhenNotTrading" storage="e:\code\_migrated\quantplatform\qtg\universegeneratortest\bin\debug\netcoreapp2.0\publish\universegenerator.test.dll" id="7d9da29d-bf62-4c0d-ba20-6ee6a86bbdf1"><Execution id="6233028b-818a-48d3-a0f2-8faefcf107d4" /><TestMethod codeBase="E:\code\_migrated\QuantPlatform\QTG\UniverseGeneratorTest\bin\Debug\netcoreapp2.0\publish\UniverseGenerator.Test.dll" adapterTypeName="executor://nunit3testexecutor/" className="UniverseGenerator.Test.Release.TestReleaseToLive" name="TestReleaseWhenNotTrading" /></UnitTest><UnitTest name="TestLiveSyntheticFutures" storage="e:\code\_migrated\quantplatform\qtg\universegeneratortest\bin\debug\netcoreapp2.0\publish\universegenerator.test.dll" id="cfb5bfbb-3521-4380-a13f-0e6fabbd32f6"><Execution id="dc8edd93-e1c7-4b50-9f11-9ca004fc98a2" /><TestMethod codeBase="E:\code\_migrated\QuantPlatform\QTG\UniverseGeneratorTest\bin\Debug\netcoreapp2.0\publish\UniverseGenerator.Test.dll" adapterTypeName="executor://nunit3testexecutor/" className="UniverseGenerator.Test.TestUniverseConfig" name="TestLiveSyntheticFutures" /></UnitTest><UnitTest name="TestIntersection_Included_Gap" storage="e:\code\_migrated\quantplatform\qtg\universegeneratortest\bin\debug\netcoreapp2.0\publish\universegenerator.test.dll" id="0836f7d3-dc34-4f28-9c25-8dbc729aec88"><Execution id="183a7f5b-2626-47fd-a669-c95048110c54" /><TestMethod codeBase="E:\code\_migrated\QuantPlatform\QTG\UniverseGeneratorTest\bin\Debug\netcoreapp2.0\publish\UniverseGenerator.Test.dll" adapterTypeName="executor://nunit3testexecutor/" className="UniverseGenerator.Test.InclusionDate.TestIntersectionInclusionDates" name="TestIntersection_Included_Gap" /></UnitTest><UnitTest name="TestSyncUniverse_SyncSyntheticFuturesIfRequired" storage="e:\code\_migrated\quantplatform\qtg\universegeneratortest\bin\debug\netcoreapp2.0\publish\universegenerator.test.dll" id="bd8095ce-ffc9-4c10-bca4-e0f9f8092a33"><Execution id="2533599f-0c3c-4bb6-a9bb-196f65ba9425" /><TestMethod codeBase="E:\code\_migrated\QuantPlatform\QTG\UniverseGeneratorTest\bin\Debug\netcoreapp2.0\publish\UniverseGenerator.Test.dll" adapterTypeName="executor://nunit3testexecutor/" className="UniverseGenerator.Test.Release.TestStocksUniverseHandler" name="TestSyncUniverse_SyncSyntheticFuturesIfRequired" /></UnitTest><UnitTest name="TestInitialValue" storage="e:\code\_migrated\quantplatform\qtg\universegeneratortest\bin\debug\netcoreapp2.0\publish\universegenerator.test.dll" id="336bb6e5-3641-4033-8786-eab87645a260"><Execution id="c5a9fe8b-6763-48c3-8164-179ae7ed2eff" /><TestMethod codeBase="E:\code\_migrated\QuantPlatform\QTG\UniverseGeneratorTest\bin\Debug\netcoreapp2.0\publish\UniverseGenerator.Test.dll" adapterTypeName="executor://nunit3testexecutor/" className="UniverseGenerator.Test.Filter.Liquidity.TestOverThresholdHitRatioRollingLiquidity" name="TestInitialValue" /></UnitTest><UnitTest name="TestSectorSetViaDsgFieldMidWay" storage="e:\code\_migrated\quantplatform\qtg\universegeneratortest\bin\debug\netcoreapp2.0\publish\universegenerator.test.dll" id="39ade1ed-abc2-4f79-b278-57f8e8dce676"><Execution id="92f20d96-8f8e-487a-accb-e4dbc3d62ee5" /><TestMethod codeBase="E:\code\_migrated\QuantPlatform\QTG\UniverseGeneratorTest\bin\Debug\netcoreapp2.0\publish\UniverseGenerator.Test.dll" adapterTypeName="executor://nunit3testexecutor/" className="UniverseGenerator.Test.Filter.TestSectorFilter" name="TestSectorSetViaDsgFieldMidWay" /></UnitTest><UnitTest name="TestGetAndValidateLatestReleaseState_InvalidApproval" storage="e:\code\_migrated\quantplatform\qtg\universegeneratortest\bin\debug\netcoreapp2.0\publish\universegenerator.test.dll" id="efbe0af4-c308-499f-9c4d-95c8d342a264"><Execution id="56b404b6-cdcb-43be-9e0d-2c7c83ccd316" /><TestMethod codeBase="E:\code\_migrated\QuantPlatform\QTG\UniverseGeneratorTest\bin\Debug\netcoreapp2.0\publish\UniverseGenerator.Test.dll" adapterTypeName="executor://nunit3testexecutor/" className="UniverseGenerator.Test.Release.TestApprovalManager" name="TestGetAndValidateLatestReleaseState_InvalidApproval" /></UnitTest><UnitTest name="TestExpire" storage="e:\code\_migrated\quantplatform\qtg\universegeneratortest\bin\debug\netcoreapp2.0\publish\universegenerator.test.dll" id="8f6eb09c-9548-4fe6-a0bd-5a4df19c3e7f"><Execution id="4c6a0b64-99e9-43d3-8e94-6d3146a35bdb" /><TestMethod codeBase="E:\code\_migrated\QuantPlatform\QTG\UniverseGeneratorTest\bin\Debug\netcoreapp2.0\publish\UniverseGenerator.Test.dll" adapterTypeName="executor://nunit3testexecutor/" className="UniverseGenerator.Test.Filter.Liquidity.TestOverThresholdHitRatioRollingLiquidity" name="TestExpire" /></UnitTest><UnitTest name="TestNotFilterFor_NotFilteredSegmentCode" storage="e:\code\_migrated\quantplatform\qtg\universegeneratortest\bin\debug\netcoreapp2.0\publish\universegenerator.test.dll" id="59877455-f2cc-4072-9285-5942b70f763c"><Execution id="5977721c-ecaa-4a0f-8710-23019205b672" /><TestMethod codeBase="E:\code\_migrated\QuantPlatform\QTG\UniverseGeneratorTest\bin\Debug\netcoreapp2.0\publish\UniverseGenerator.Test.dll" adapterTypeName="executor://nunit3testexecutor/" className="UniverseGenerator.Test.Filter.TestEuropeUniverseFilter" name="TestNotFilterFor_NotFilteredSegmentCode" /></UnitTest><UnitTest name="TestEnumeration_DateFilter_NoValidDays" storage="e:\code\_migrated\quantplatform\qtg\universegeneratortest\bin\debug\netcoreapp2.0\publish\universegenerator.test.dll" id="7a197813-2ff6-4b94-9a11-4e7f80279a3d"><Execution id="326ffdef-066f-41ee-91f1-193381d9328f" /><TestMethod codeBase="E:\code\_migrated\QuantPlatform\QTG\UniverseGeneratorTest\bin\Debug\netcoreapp2.0\publish\UniverseGenerator.Test.dll" adapterTypeName="executor://nunit3testexecutor/" className="UniverseGenerator.Test.TestCircularDateBuffer" name="TestEnumeration_DateFilter_NoValidDays" /></UnitTest><UnitTest name="TestScheduleRelease_CancelQueuedRealeasesWhenLiveIsNotTrading" storage="e:\code\_migrated\quantplatform\qtg\universegeneratortest\bin\debug\netcoreapp2.0\publish\universegenerator.test.dll" id="c0dfacea-b24b-4ec9-a597-885b04aa9789"><Execution id="0ebb32d3-2d92-4319-8411-9d10a479675e" /><TestMethod codeBase="E:\code\_migrated\QuantPlatform\QTG\UniverseGeneratorTest\bin\Debug\netcoreapp2.0\publish\UniverseGenerator.Test.dll" adapterTypeName="executor://nunit3testexecutor/" className="UniverseGenerator.Test.Release.TestApprovalManager" name="TestScheduleRelease_CancelQueuedRealeasesWhenLiveIsNotTrading" /></UnitTest><UnitTest name="TestDoNotRelease_TradingAndNotApproved_Pending" storage="e:\code\_migrated\quantplatform\qtg\universegeneratortest\bin\debug\netcoreapp2.0\publish\universegenerator.test.dll" id="60e9a1d5-e89b-40b3-ad63-ecc84fc9ba54"><Execution id="00e191ed-e02d-48eb-91f3-b4f60db7c315" /><TestMethod codeBase="E:\code\_migrated\QuantPlatform\QTG\UniverseGeneratorTest\bin\Debug\netcoreapp2.0\publish\UniverseGenerator.Test.dll" adapterTypeName="executor://nunit3testexecutor/" className="UniverseGenerator.Test.Release.TestReleaseToLive" name="TestDoNotRelease_TradingAndNotApproved_Pending" /></UnitTest><UnitTest name="TestUnion_SecondIncluded" storage="e:\code\_migrated\quantplatform\qtg\universegeneratortest\bin\debug\netcoreapp2.0\publish\universegenerator.test.dll" id="8cab46ce-7de8-482e-b3a8-cd23efea6a50"><Execution id="940d961f-453e-4f65-a1ae-be6c84d35f66" /><TestMethod codeBase="E:\code\_migrated\QuantPlatform\QTG\UniverseGeneratorTest\bin\Debug\netcoreapp2.0\publish\UniverseGenerator.Test.dll" adapterTypeName="executor://nunit3testexecutor/" className="UniverseGenerator.Test.InclusionDate.TestUnionInclusionDates" name="TestUnion_SecondIncluded" /></UnitTest><UnitTest name="TestSetObjValue_WithoutNoOpWriter" storage="e:\code\_migrated\quantplatform\qtg\universegeneratortest\bin\debug\netcoreapp2.0\publish\universegenerator.test.dll" id="9a274a17-9526-4f2a-9267-f39e08e10714"><Execution id="149dd40b-8b31-4e9f-bdfd-4ad1f56b748f" /><TestMethod codeBase="E:\code\_migrated\QuantPlatform\QTG\UniverseGeneratorTest\bin\Debug\netcoreapp2.0\publish\UniverseGenerator.Test.dll" adapterTypeName="executor://nunit3testexecutor/" className="UniverseGenerator.Test.Release.TestUniverseDataStoreWriter" name="TestSetObjValue_WithoutNoOpWriter" /></UnitTest><UnitTest name="TestNewKnownReasons" storage="e:\code\_migrated\quantplatform\qtg\universegeneratortest\bin\debug\netcoreapp2.0\publish\universegenerator.test.dll" id="ad4b9d18-ec8b-4203-a855-0b2a2dc84e7b"><Execution id="91f768f3-1936-4b80-9c1a-ff54c71bdcca" /><TestMethod codeBase="E:\code\_migrated\QuantPlatform\QTG\UniverseGeneratorTest\bin\Debug\netcoreapp2.0\publish\UniverseGenerator.Test.dll" adapterTypeName="executor://nunit3testexecutor/" className="UniverseGenerator.Test.InclusionDate.TestUniGenReasonConverter" name="TestNewKnownReasons" /></UnitTest></TestDefinitions><TestEntries><TestEntry testId="da5e54bf-c4b8-4825-a9ed-2bd37c2a2a92" executionId="396d37fd-8278-450a-8d8f-9630e06f7421" testListId="8c84fa94-04c1-424b-9868-57a2d4851a1d" /><TestEntry testId="6ee61802-7921-470c-95be-c418df9a0743" executionId="33594091-93af-4b2d-b901-9e58d632963a" testListId="8c84fa94-04c1-424b-9868-57a2d4851a1d" /><TestEntry testId="b6445673-d742-43ff-925a-470afdcfcbae" executionId="08a2c0d3-f8e6-400d-bf22-3f7d44ca58cb" testListId="8c84fa94-04c1-424b-9868-57a2d4851a1d" /><TestEntry testId="a3eb5a41-a34e-444c-8fd7-f577519f4053" executionId="3d4fb03b-a2f2-4ddc-b1af-6c213b16b09a" testListId="8c84fa94-04c1-424b-9868-57a2d4851a1d" /><TestEntry testId="617ead2a-ce45-42cf-b9d4-cb13e8002000" executionId="07699ea8-6938-4aff-b45e-cc7e2c5d865d" testListId="8c84fa94-04c1-424b-9868-57a2d4851a1d" /><TestEntry testId="f82e0bdb-66b5-472d-899c-8661e8263a47" executionId="f1684f24-2e09-4c5f-bc97-e048e3fed446" testListId="8c84fa94-04c1-424b-9868-57a2d4851a1d" /><TestEntry testId="b47d26d5-9fb1-4a47-abf3-a22e80a9bcb2" executionId="f8707d3a-5cd4-48fe-8be7-cf23109e1125" testListId="8c84fa94-04c1-424b-9868-57a2d4851a1d" /><TestEntry testId="6def42cc-3712-4ca3-a26f-f2ce1fe63bb8" executionId="c0bd735d-8f20-4a86-85f2-faec33ebc406" testListId="8c84fa94-04c1-424b-9868-57a2d4851a1d" /><TestEntry testId="e1b14f05-00ee-441b-88f8-54f573adf95c" executionId="640d6f08-0d4a-47b3-9d4a-423322de85f7" testListId="8c84fa94-04c1-424b-9868-57a2d4851a1d" /><TestEntry testId="046ef9a8-6173-469d-8377-ef18cbac089d" executionId="32664e6c-cc07-4b22-b7d4-c6f087b15491" testListId="8c84fa94-04c1-424b-9868-57a2d4851a1d" /><TestEntry testId="f57ec2ab-e4af-43e9-a9da-7a4e603b72f0" executionId="f87bed2e-40ec-4306-af5c-13695103306b" testListId="8c84fa94-04c1-424b-9868-57a2d4851a1d" /><TestEntry testId="a1780fc5-8b2b-4ddd-8d4b-1483d81c9f7d" executionId="a2d5501a-3fd8-48e2-882a-9ee28973bc1c" testListId="8c84fa94-04c1-424b-9868-57a2d4851a1d" /><TestEntry testId="5f5ddb3b-39aa-4290-a58b-3190a4601faf" executionId="b870e1ed-9cf2-4654-b9fe-5fc94e3583f2" testListId="8c84fa94-04c1-424b-9868-57a2d4851a1d" /><TestEntry testId="d0638733-03cb-4e65-975e-1ec3d2306c3d" executionId="74551220-d3ae-4ea4-bab8-3654671116fc" testListId="8c84fa94-04c1-424b-9868-57a2d4851a1d" /><TestEntry testId="7b7c702d-8972-4e36-9091-a8bf5a388a75" executionId="dd3deeca-c1fa-4eeb-8d9a-b708d449fb98" testListId="8c84fa94-04c1-424b-9868-57a2d4851a1d" /><TestEntry testId="bfab9c3f-ebf4-4f14-8b20-b579edf1f77d" executionId="c613829d-f5ca-4893-8a79-6ecc76f4cdf2" testListId="8c84fa94-04c1-424b-9868-57a2d4851a1d" /><TestEntry testId="71435104-803a-49bc-b24c-9e47a027758d" executionId="e40786c5-df61-4a49-8788-eeaebcb1c2c9" testListId="8c84fa94-04c1-424b-9868-57a2d4851a1d" /><TestEntry testId="693b9818-2135-4e0f-bbd6-7331e6d0889a" executionId="6632b367-bd84-4c7b-9467-1b62a6f06ce4" testListId="8c84fa94-04c1-424b-9868-57a2d4851a1d" /><TestEntry testId="88542d7d-6f80-4910-9d7b-2b26594f213c" executionId="a7a8e887-44da-4c4e-8326-85d125655488" testListId="8c84fa94-04c1-424b-9868-57a2d4851a1d" /><TestEntry testId="80644fc3-d945-4cc4-826a-c823fde367ff" executionId="4896a746-c4ef-4cf3-96c3-e67173373ca3" testListId="8c84fa94-04c1-424b-9868-57a2d4851a1d" /><TestEntry testId="faf24228-f684-48d2-81b9-f9fa8d9a8620" executionId="46ad67ec-abda-48bc-beab-483b5ec5987d" testListId="8c84fa94-04c1-424b-9868-57a2d4851a1d" /><TestEntry testId="0043f99b-2904-4672-8de8-b122349d109a" executionId="5730cd51-f2a2-4a41-8ea0-63f9c862c689" testListId="8c84fa94-04c1-424b-9868-57a2d4851a1d" /><TestEntry testId="0a41a70c-3cc8-4f58-a046-bd4719c59f63" executionId="37c23bc6-04b8-47d9-94cf-ff6d118d263c" testListId="8c84fa94-04c1-424b-9868-57a2d4851a1d" /><TestEntry testId="8345d12f-727a-417c-be12-94a5fe60d6a1" executionId="057c6315-1fde-4914-b5f3-11452f22d6d4" testListId="8c84fa94-04c1-424b-9868-57a2d4851a1d" /><TestEntry testId="cd8ebe74-86dd-45d2-ac53-6343cd0cdcea" executionId="97e248ab-24d7-456e-bfd6-b30ec27f3d35" testListId="8c84fa94-04c1-424b-9868-57a2d4851a1d" /><TestEntry testId="61749556-c5d9-4a2d-84f2-09f1c30abf39" executionId="f74b8b1a-2b38-4c6c-92ac-6654424d7507" testListId="8c84fa94-04c1-424b-9868-57a2d4851a1d" /><TestEntry testId="679f334a-f38d-4020-856a-1c6d0c9574d5" executionId="58c61818-74ca-4711-9f95-76f37f07f93d" testListId="8c84fa94-04c1-424b-9868-57a2d4851a1d" /><TestEntry testId="0834b262-7a45-4dc8-96a5-69d83f868d9d" executionId="5639abf7-ed49-40c5-b9e3-3be154592e6b" testListId="8c84fa94-04c1-424b-9868-57a2d4851a1d" /><TestEntry testId="3937820a-fb41-4bb4-b6a1-d065b42cac4b" executionId="49e16ba6-164c-4e50-afcf-4825560ec854" testListId="8c84fa94-04c1-424b-9868-57a2d4851a1d" /><TestEntry testId="62811b1f-9475-4f9e-bb0a-551fbb029155" executionId="cc2a41f4-639d-4774-aebd-f45f56db52fe" testListId="8c84fa94-04c1-424b-9868-57a2d4851a1d" /><TestEntry testId="0ed92364-f54a-47c5-b110-0b0c81ba510d" executionId="1ed05c2b-ffc6-429f-9fda-f78d4a13c05e" testListId="8c84fa94-04c1-424b-9868-57a2d4851a1d" /><TestEntry testId="d28128de-f168-47f4-a836-6c99cc3a7515" executionId="b1782c6d-ccd0-4f3a-b6d4-385c662ff046" testListId="8c84fa94-04c1-424b-9868-57a2d4851a1d" /><TestEntry testId="bf3dc963-a73a-4396-8cd5-f1a622527bec" executionId="59af2ecb-325b-4273-8446-05f8efef443e" testListId="8c84fa94-04c1-424b-9868-57a2d4851a1d" /><TestEntry testId="15fd1b00-2203-4684-b1f7-2e944049bd78" executionId="32e44485-fac9-4f63-a5e9-5b51074d58a6" testListId="8c84fa94-04c1-424b-9868-57a2d4851a1d" /><TestEntry testId="9cde9ea5-5424-43e7-8f01-6bda186b96dd" executionId="d6a1acf6-d43d-4923-b1fb-5f09eab33212" testListId="8c84fa94-04c1-424b-9868-57a2d4851a1d" /><TestEntry testId="52702f31-f1ec-4e58-9196-9d6c35e02fc6" executionId="a7ed3e2b-3733-426d-884f-b7a83480f7c8" testListId="8c84fa94-04c1-424b-9868-57a2d4851a1d" /><TestEntry testId="34134e5b-a0de-4129-98b6-40811de2ae3e" executionId="9115eea6-513b-476b-b1d4-a95268bef1d0" testListId="8c84fa94-04c1-424b-9868-57a2d4851a1d" /><TestEntry testId="6538c961-7868-48ff-acb4-ebf39860c201" executionId="9767ba2d-6ca3-40c5-a11e-e06549811e37" testListId="8c84fa94-04c1-424b-9868-57a2d4851a1d" /><TestEntry testId="02fe6a09-79a5-4027-ab5c-7bb4c9db7de9" executionId="ca45ff0f-2845-49a7-9aa9-5262803190ed" testListId="8c84fa94-04c1-424b-9868-57a2d4851a1d" /><TestEntry testId="344d90a0-f65d-458b-943b-4c9e3b51ce03" executionId="23dc889a-c10b-4a76-a653-9c7172f6f353" testListId="8c84fa94-04c1-424b-9868-57a2d4851a1d" /><TestEntry testId="9b669586-772c-4f05-8c56-4a3ba0bb5511" executionId="2a530e7a-a6d4-4ae3-a3b5-a81164f3fee8" testListId="8c84fa94-04c1-424b-9868-57a2d4851a1d" /><TestEntry testId="80c1055a-9d4e-453f-8f23-f75ce9ec8e2b" executionId="a1486af8-838d-438c-9c16-5387b8d5952f" testListId="8c84fa94-04c1-424b-9868-57a2d4851a1d" /><TestEntry testId="cb731d07-15c0-42ca-a418-2783b86366be" executionId="e1703e29-1fad-4bf0-8b4f-8f2ad840b4f6" testListId="8c84fa94-04c1-424b-9868-57a2d4851a1d" /><TestEntry testId="b728b9b5-9431-490c-bf91-4fbad587f2b8" executionId="46c90597-5b0a-41f8-aba0-d3966d1eea51" testListId="8c84fa94-04c1-424b-9868-57a2d4851a1d" /><TestEntry testId="589ee781-6cb3-481d-8991-483ebf24ddc6" executionId="2b453595-5d12-4955-a64c-de78147554fb" testListId="8c84fa94-04c1-424b-9868-57a2d4851a1d" /><TestEntry testId="a6b7bc77-5398-4ba4-b44f-6f8cb0a2426d" executionId="682346ca-6be1-4521-bff9-4649382797e5" testListId="8c84fa94-04c1-424b-9868-57a2d4851a1d" /><TestEntry testId="7bf0a073-ece1-466c-83f2-1b4131b9ba80" executionId="4aa2ea35-9911-4508-925d-0358a3ece6b5" testListId="8c84fa94-04c1-424b-9868-57a2d4851a1d" /><TestEntry testId="06535fc3-b679-4bcb-aa8e-7b6a4df66b98" executionId="2619e051-be92-4023-996d-48238b9fdbd8" testListId="8c84fa94-04c1-424b-9868-57a2d4851a1d" /><TestEntry testId="56c0afbc-fec2-4062-adf0-f42d66552b47" executionId="98d1b581-c7fa-46a8-bc5e-4a6e80f9d32c" testListId="8c84fa94-04c1-424b-9868-57a2d4851a1d" /><TestEntry testId="45632e7c-d20e-4788-87ef-e48381cfeec5" executionId="44247df1-4033-4877-9595-0ad0de804aef" testListId="8c84fa94-04c1-424b-9868-57a2d4851a1d" /><TestEntry testId="d9499c56-7886-4c7c-afa7-4bec59d92fa0" executionId="773f5579-6d01-41dd-a816-5b2a9d05bce2" testListId="8c84fa94-04c1-424b-9868-57a2d4851a1d" /><TestEntry testId="c45073aa-d65e-4150-a16d-b80ba9144b37" executionId="b85c6895-feaf-443e-b24d-5c83f5cb7646" testListId="8c84fa94-04c1-424b-9868-57a2d4851a1d" /><TestEntry testId="98fdd0cd-94bf-4a9e-af5f-339c84c7dca6" executionId="529e5655-87c7-4819-bca4-27d300ec7d2f" testListId="8c84fa94-04c1-424b-9868-57a2d4851a1d" /><TestEntry testId="cfb5bfbb-3521-4380-a13f-0e6fabbd32f6" executionId="dc8edd93-e1c7-4b50-9f11-9ca004fc98a2" testListId="8c84fa94-04c1-424b-9868-57a2d4851a1d" /><TestEntry testId="faf1b363-e087-48d8-bf9b-473663fd702a" executionId="429ddc61-59d5-49b3-9d6f-01ec1df2ac74" testListId="8c84fa94-04c1-424b-9868-57a2d4851a1d" /><TestEntry testId="ede8ac1c-7a85-44ef-a1a7-1ef2d09da269" executionId="55e993e9-257c-46d6-85d5-4759850e7e88" testListId="8c84fa94-04c1-424b-9868-57a2d4851a1d" /><TestEntry testId="653eecdd-0d51-4914-80eb-0844a29023cc" executionId="fc715a38-5926-4a7e-939a-214bd3ba5ebc" testListId="8c84fa94-04c1-424b-9868-57a2d4851a1d" /><TestEntry testId="ede12cd8-207d-4230-8f07-f3066d1511eb" executionId="70a3e3af-363c-409f-bb05-c701bf887d84" testListId="8c84fa94-04c1-424b-9868-57a2d4851a1d" /><TestEntry testId="eb9b9cb4-272d-4ec1-96ba-523b4b7c9d70" executionId="ea7b0946-4265-4af9-bd47-9490adb6f064" testListId="8c84fa94-04c1-424b-9868-57a2d4851a1d" /><TestEntry testId="75afa01f-3422-4e0c-93c7-9f191658ba20" executionId="693c0267-0447-4109-98de-5668ec3a3874" testListId="8c84fa94-04c1-424b-9868-57a2d4851a1d" /><TestEntry testId="034392c7-fc43-427c-9fc6-e4671a2d3a19" executionId="16fcf722-0b07-4b15-abd6-1ec3a7fa2d25" testListId="8c84fa94-04c1-424b-9868-57a2d4851a1d" /><TestEntry testId="60e9a1d5-e89b-40b3-ad63-ecc84fc9ba54" executionId="00e191ed-e02d-48eb-91f3-b4f60db7c315" testListId="8c84fa94-04c1-424b-9868-57a2d4851a1d" /><TestEntry testId="898ee75b-03a1-4e70-b9bd-c832ca6cecc0" executionId="ca349e45-95e0-4caf-8714-d4f864fda600" testListId="8c84fa94-04c1-424b-9868-57a2d4851a1d" /><TestEntry testId="3c1e59b8-2d9e-4614-951c-78ec16ad6636" executionId="83d26035-e576-4444-b5e1-05214d93e08f" testListId="8c84fa94-04c1-424b-9868-57a2d4851a1d" /><TestEntry testId="d78e46d1-d48f-4c9f-bcb2-02f386ae988a" executionId="6ea66b4e-db42-4253-bf99-ca3f843e6b96" testListId="8c84fa94-04c1-424b-9868-57a2d4851a1d" /><TestEntry testId="49d5a323-2148-478b-8f1c-f6c6dc5751c5" executionId="580275fe-7ba3-45ba-9bee-300bb769763b" testListId="8c84fa94-04c1-424b-9868-57a2d4851a1d" /><TestEntry testId="91be565f-78bc-4d55-b55b-3025baa92cbd" executionId="283601cf-b6b6-4ed3-833b-30d322375118" testListId="8c84fa94-04c1-424b-9868-57a2d4851a1d" /><TestEntry testId="8f350af1-fc5f-4d73-be8a-8073206820f8" executionId="1a46d272-17ad-429b-8d32-1dbaa0d04480" testListId="8c84fa94-04c1-424b-9868-57a2d4851a1d" /><TestEntry testId="60d9a9cc-e78d-44ce-ab13-79b64dce1a90" executionId="33f6a365-58f7-49f8-b66e-8d15cc9f8907" testListId="8c84fa94-04c1-424b-9868-57a2d4851a1d" /><TestEntry testId="22ad71b9-36fb-4a17-acd1-3618cca96251" executionId="2cdc6113-6f65-4fdc-852d-fcb097a85021" testListId="8c84fa94-04c1-424b-9868-57a2d4851a1d" /><TestEntry testId="3f8ce2c0-88a7-46a8-873f-90ddf7cfdcb5" executionId="c2657221-5ac5-46b2-ae58-b09edc5c2056" testListId="8c84fa94-04c1-424b-9868-57a2d4851a1d" /><TestEntry testId="fd40527d-074d-4f7a-955d-8cf98f65e804" executionId="da63beab-d5e2-43d6-98fe-f3baf1f288c3" testListId="8c84fa94-04c1-424b-9868-57a2d4851a1d" /><TestEntry testId="1b6b96ce-60ca-42a7-9fe7-1418a7be86be" executionId="400942c4-36c1-4045-baa1-ac70ec5da5fa" testListId="8c84fa94-04c1-424b-9868-57a2d4851a1d" /><TestEntry testId="7241762f-e270-46fb-8d9d-6a1b47310df9" executionId="89b9f765-3f14-454f-b157-45171e31c45e" testListId="8c84fa94-04c1-424b-9868-57a2d4851a1d" /><TestEntry testId="e02ade4d-8964-405e-b8a2-7f56be6dbed2" executionId="0bed06bd-d8f0-41ac-8c18-34ecdd2447ac" testListId="8c84fa94-04c1-424b-9868-57a2d4851a1d" /><TestEntry testId="9fb07d90-6576-45d0-9a07-9176aa9002a9" executionId="3064de1d-b19e-4348-a120-a8b99a36b0c4" testListId="8c84fa94-04c1-424b-9868-57a2d4851a1d" /><TestEntry testId="8c213d36-4693-49ab-9a32-8460fe747ae0" executionId="60294df4-b8ed-417b-8d84-3918c09ed77a" testListId="8c84fa94-04c1-424b-9868-57a2d4851a1d" /><TestEntry testId="281200d3-1a75-4f6b-ae5a-ed8d5ffaa0d0" executionId="946648aa-cb51-4905-b9fe-efe553f30a84" testListId="8c84fa94-04c1-424b-9868-57a2d4851a1d" /><TestEntry testId="4f11b0d5-780a-4ab6-9c5a-56c904c1a652" executionId="6017db5c-533d-4422-b236-041a8d0c9a06" testListId="8c84fa94-04c1-424b-9868-57a2d4851a1d" /><TestEntry testId="28fdf923-8442-4477-818e-3d863615a1db" executionId="299a29b4-098a-46ed-946e-fa644b69dcad" testListId="8c84fa94-04c1-424b-9868-57a2d4851a1d" /><TestEntry testId="584c05b6-46d7-460f-b933-89d91bd5080f" executionId="19277647-057d-440c-8494-c881b79e14f2" testListId="8c84fa94-04c1-424b-9868-57a2d4851a1d" /><TestEntry testId="85d3ae1e-618a-45d8-bd64-f05a3485b754" executionId="f0127bae-ffb0-4f39-9e25-c03e4d479984" testListId="8c84fa94-04c1-424b-9868-57a2d4851a1d" /><TestEntry testId="fd10f15b-5878-4917-b156-0c3caa6d7a77" executionId="db7cc6c6-5d49-481e-9fd0-8c0c6b503921" testListId="8c84fa94-04c1-424b-9868-57a2d4851a1d" /><TestEntry testId="9efb55af-0db9-4318-8132-dc50f99c3a7f" executionId="531fff8b-e8a2-4b7a-8117-ccb8ab4eb8b0" testListId="8c84fa94-04c1-424b-9868-57a2d4851a1d" /><TestEntry testId="d68da305-c602-43f5-bddc-6db3390c3c74" executionId="1f28e67b-f98f-4298-8a5f-77220f0ab1f2" testListId="8c84fa94-04c1-424b-9868-57a2d4851a1d" /><TestEntry testId="dcc7cbbc-1517-463d-bba2-f04a43791b37" executionId="2ff1c6fe-b8e2-4ffd-8910-815904233e7a" testListId="8c84fa94-04c1-424b-9868-57a2d4851a1d" /><TestEntry testId="7a197813-2ff6-4b94-9a11-4e7f80279a3d" executionId="326ffdef-066f-41ee-91f1-193381d9328f" testListId="8c84fa94-04c1-424b-9868-57a2d4851a1d" /><TestEntry testId="38aa3f34-0fcf-4739-b59a-c7529d80a0f1" executionId="76c394bf-d22d-4afa-89d0-3737ad2b8432" testListId="8c84fa94-04c1-424b-9868-57a2d4851a1d" /><TestEntry testId="05f2c26b-4195-452d-8a42-7d5b213e21e0" executionId="b140619c-07f0-45d7-9778-e169f29af331" testListId="8c84fa94-04c1-424b-9868-57a2d4851a1d" /><TestEntry testId="ec762f1b-0adf-4068-aafe-7029c3cde12b" executionId="ad8c170c-43eb-4823-a51d-931c17be0163" testListId="8c84fa94-04c1-424b-9868-57a2d4851a1d" /><TestEntry testId="2c85e509-c47e-492a-8d88-196ea5e878a6" executionId="64b3eba1-2b5e-4cfc-8143-856a8444a0f9" testListId="8c84fa94-04c1-424b-9868-57a2d4851a1d" /><TestEntry testId="bb9a0e66-34f4-47a4-ae3c-5738e44cf0c2" executionId="e640526e-752f-4136-a838-071c19c52f01" testListId="8c84fa94-04c1-424b-9868-57a2d4851a1d" /><TestEntry testId="6bad8813-a10d-4a90-aa7f-d8a5305ddd75" executionId="3b238e8d-572a-46f8-b710-92a6f0302167" testListId="8c84fa94-04c1-424b-9868-57a2d4851a1d" /><TestEntry testId="c802a385-7396-43f4-8d74-eb7db50a43ba" executionId="b12ee8ee-3217-4412-9575-6a1da9aa4f2c" testListId="8c84fa94-04c1-424b-9868-57a2d4851a1d" /><TestEntry testId="16c319bf-ab27-4758-943f-d2eea6c9e40e" executionId="a80a3aae-e256-41cf-9598-297e333c2c96" testListId="8c84fa94-04c1-424b-9868-57a2d4851a1d" /><TestEntry testId="df4d045e-310c-4eaf-a170-b72be26181fa" executionId="dc57fda9-13b2-4818-be00-a2f0d3fc400a" testListId="8c84fa94-04c1-424b-9868-57a2d4851a1d" /><TestEntry testId="744b0934-b868-422f-a7b3-8962927dcde0" executionId="dc8c6f1c-e8c6-4c2e-9d6c-2cf6c4dc82d8" testListId="8c84fa94-04c1-424b-9868-57a2d4851a1d" /><TestEntry testId="decb695b-cdde-440a-88de-836241b528d6" executionId="7bacafad-fa43-4f9d-ad90-65f71900f1aa" testListId="8c84fa94-04c1-424b-9868-57a2d4851a1d" /><TestEntry testId="01b09d79-887d-475c-a7b2-5b0bcc725a42" executionId="9716b503-2aae-4e5c-a587-9c46cb25d625" testListId="8c84fa94-04c1-424b-9868-57a2d4851a1d" /><TestEntry testId="7a25f576-e8bb-4c38-87dc-79cffb9dcdbb" executionId="a46436db-e605-4283-b3a5-cbb8cc89fcaf" testListId="8c84fa94-04c1-424b-9868-57a2d4851a1d" /><TestEntry testId="0cf84415-1d2a-4ddb-936d-4754ce54ce15" executionId="b585b7bf-61a2-4aee-a624-de5383838fc2" testListId="8c84fa94-04c1-424b-9868-57a2d4851a1d" /><TestEntry testId="62f2b735-4c51-4964-94c2-b4a29e195521" executionId="b8a2277a-f10f-4f77-b0db-c77cb108acc3" testListId="8c84fa94-04c1-424b-9868-57a2d4851a1d" /><TestEntry testId="0a888bf4-ade6-4869-8fec-28c8c4907446" executionId="1e151cdf-ca8c-4ece-88b9-c5b4dfae7aa1" testListId="8c84fa94-04c1-424b-9868-57a2d4851a1d" /><TestEntry testId="e695f520-75f9-4e8f-a662-7a4f479bd104" executionId="d6bfc373-1533-4052-9eb4-7831dd8e59d9" testListId="8c84fa94-04c1-424b-9868-57a2d4851a1d" /><TestEntry testId="c084836c-d7cf-4cb6-be8a-f017869da630" executionId="3f40be20-bda6-42ba-9c8b-7b9d04a65e20" testListId="8c84fa94-04c1-424b-9868-57a2d4851a1d" /><TestEntry testId="a08392bd-8c29-4b6d-b990-c904fbe5813a" executionId="24c65e57-5aac-4566-a912-23bd2d3c7348" testListId="8c84fa94-04c1-424b-9868-57a2d4851a1d" /><TestEntry testId="556a3a5f-1a34-4e86-8ccd-4b0f136fcaf1" executionId="415db911-9644-4f7b-ab94-cbc6465bfd5b" testListId="8c84fa94-04c1-424b-9868-57a2d4851a1d" /><TestEntry testId="0dfc2983-e54b-4244-919f-da241f94942a" executionId="52731510-c3a8-4f20-9d0f-4d421c725ab5" testListId="8c84fa94-04c1-424b-9868-57a2d4851a1d" /><TestEntry testId="57e469b4-fe35-4029-9589-4c7ad9f1664e" executionId="8043c50a-71f4-4b4d-b469-785e3d6e11f4" testListId="8c84fa94-04c1-424b-9868-57a2d4851a1d" /><TestEntry testId="e9ac65a1-8579-44e6-a7be-fa3e90ea788f" executionId="6d4fa1fb-8311-45c5-9a3d-bb1a0b2a6943" testListId="8c84fa94-04c1-424b-9868-57a2d4851a1d" /><TestEntry testId="b060080d-2340-4326-a7d9-3c3fd4419ebb" executionId="f7264493-ba80-4902-a88b-c2ef78a0bb33" testListId="8c84fa94-04c1-424b-9868-57a2d4851a1d" /><TestEntry testId="d070913d-045d-4a10-92c5-e6767980cea9" executionId="eb96a44e-6d19-4cc0-9c94-a4076834c616" testListId="8c84fa94-04c1-424b-9868-57a2d4851a1d" /><TestEntry testId="d72cfcd9-02e0-4211-9b85-4ebfcfb65da7" executionId="0b80c609-ff2f-4f35-bc20-079a5fa140b6" testListId="8c84fa94-04c1-424b-9868-57a2d4851a1d" /><TestEntry testId="da9aa5df-9218-43ef-ade2-5ed38ee7ad81" executionId="556c4cca-4fe2-41ae-9039-f6c6f49ee565" testListId="8c84fa94-04c1-424b-9868-57a2d4851a1d" /><TestEntry testId="1c83c586-a940-4913-a71e-390b9e068b5f" executionId="c79cd26d-3892-4d90-af45-39e95ffa74d2" testListId="8c84fa94-04c1-424b-9868-57a2d4851a1d" /><TestEntry testId="cf24c883-1f29-49a1-ad36-a7bcc2c751a1" executionId="2a7aa4b2-340a-4c04-b561-a7b3c53324c1" testListId="8c84fa94-04c1-424b-9868-57a2d4851a1d" /><TestEntry testId="871df80c-9f52-4b00-9a8b-663b05abf05e" executionId="c7d01636-04ed-40a3-b07b-2fec9e202eee" testListId="8c84fa94-04c1-424b-9868-57a2d4851a1d" /><TestEntry testId="815de893-e8f6-4fbc-b4c5-640073110487" executionId="d91cece8-0675-4054-841d-b4b4bb201e8a" testListId="8c84fa94-04c1-424b-9868-57a2d4851a1d" /><TestEntry testId="649b6575-2a56-40c0-9f3b-21a9d193765f" executionId="ef48ca8e-1da4-40c2-bfc1-9fa822b7f07d" testListId="8c84fa94-04c1-424b-9868-57a2d4851a1d" /><TestEntry testId="09b29c96-721f-4d73-8645-5e7074f7689c" executionId="e9da4365-60ce-490d-b403-3e1fa96095c6" testListId="8c84fa94-04c1-424b-9868-57a2d4851a1d" /><TestEntry testId="d8b44497-74af-4663-bda0-8e456864d705" executionId="36d64f48-8076-4c04-a24f-b903ee735194" testListId="8c84fa94-04c1-424b-9868-57a2d4851a1d" /><TestEntry testId="ebf17b3c-506b-44b8-81ca-a658f2c11696" executionId="09043688-ba48-4ce1-a31a-9dee4e014816" testListId="8c84fa94-04c1-424b-9868-57a2d4851a1d" /><TestEntry testId="d7fb6d1d-d3e5-4771-968c-73e81bf7a64c" executionId="d88303ac-46c7-4c43-be4f-f6673d4105f9" testListId="8c84fa94-04c1-424b-9868-57a2d4851a1d" /><TestEntry testId="54d6ed34-2d5f-4f1a-a6e3-d5ffe9b119a4" executionId="573af25e-4917-4a59-b71c-1d94ff065318" testListId="8c84fa94-04c1-424b-9868-57a2d4851a1d" /><TestEntry testId="45be6188-7054-48fc-9c88-f58f490d06cf" executionId="3d651ba4-eeaa-4d4c-9749-0b9ce8212ea3" testListId="8c84fa94-04c1-424b-9868-57a2d4851a1d" /><TestEntry testId="ab39afb9-0650-4830-aabe-4532d63eb79b" executionId="9ef603f5-ca9d-4582-9b7c-2e05b41fa834" testListId="8c84fa94-04c1-424b-9868-57a2d4851a1d" /><TestEntry testId="002e5800-8b9f-4913-a09a-621bd4b22770" executionId="de9461d4-4e5b-4648-ba2a-58fddbf49170" testListId="8c84fa94-04c1-424b-9868-57a2d4851a1d" /><TestEntry testId="f738e875-358b-48a0-bec1-b660f8503eeb" executionId="c22a5ea1-92a7-4d92-9bef-451ff9af0f82" testListId="8c84fa94-04c1-424b-9868-57a2d4851a1d" /><TestEntry testId="fc3779b6-8e77-43e2-bb2e-2d2bbfd981ac" executionId="9290d490-f5f6-418a-8165-0c7d4e9b29f4" testListId="8c84fa94-04c1-424b-9868-57a2d4851a1d" /><TestEntry testId="b4ef9b46-0a03-40a5-914f-c697ca90a339" executionId="ad333a7f-5bf0-4b31-9a89-f3b7aacd4fab" testListId="8c84fa94-04c1-424b-9868-57a2d4851a1d" /><TestEntry testId="0cc7f81b-7140-4165-8b12-5af4e48b32c6" executionId="09715f29-8e25-4f61-b749-2b4b84055075" testListId="8c84fa94-04c1-424b-9868-57a2d4851a1d" /><TestEntry testId="36331f54-7571-46a7-823c-99279de381c3" executionId="d9c154ac-ccd4-4484-ad2f-3ecd92e831e5" testListId="8c84fa94-04c1-424b-9868-57a2d4851a1d" /><TestEntry testId="b769d9ea-7ddc-4879-b67c-f94e998d60c9" executionId="5b2c4ca0-58c6-4e11-af1d-12b079c99812" testListId="8c84fa94-04c1-424b-9868-57a2d4851a1d" /><TestEntry testId="aac4f854-8590-416e-b726-c84774cfe75b" executionId="f4b09899-5e07-4425-b139-14af4911e5ba" testListId="8c84fa94-04c1-424b-9868-57a2d4851a1d" /><TestEntry testId="354299d1-8c02-4e9c-b5de-21cfcba587ef" executionId="4fea5c19-0c54-468c-92ec-f677dba8221a" testListId="8c84fa94-04c1-424b-9868-57a2d4851a1d" /><TestEntry testId="fa27fe3e-8747-42c3-80e0-228e2f09f1a7" executionId="0858a747-1ac5-4f81-b610-f416b0e2e1f8" testListId="8c84fa94-04c1-424b-9868-57a2d4851a1d" /><TestEntry testId="c4c9d130-7e05-4a47-8fae-d8231a3d37c3" executionId="3c8f73b3-7696-4b49-ab81-3d3b19493c06" testListId="8c84fa94-04c1-424b-9868-57a2d4851a1d" /><TestEntry testId="95a24366-2bfb-43d5-86fc-ae7129bf1fec" executionId="264ab6bc-d5b1-4220-ad60-bc08d11ad917" testListId="8c84fa94-04c1-424b-9868-57a2d4851a1d" /><TestEntry testId="03989ee5-0b80-405f-8317-c7590f182079" executionId="6f0e791d-7e3c-411c-b0af-af56efa625e5" testListId="8c84fa94-04c1-424b-9868-57a2d4851a1d" /><TestEntry testId="2950c7b0-9bb5-4c1f-909a-69fe0832d0a1" executionId="8a3e0e8c-702e-427d-be91-148b16c2c91a" testListId="8c84fa94-04c1-424b-9868-57a2d4851a1d" /><TestEntry testId="b44a75bf-fd95-491e-956a-f009463460b8" executionId="3aae7639-26be-41b3-b2f0-dd76609c9596" testListId="8c84fa94-04c1-424b-9868-57a2d4851a1d" /><TestEntry testId="c5282521-fe0e-4292-b8e7-f27fca90bec0" executionId="b427496b-3414-4405-999c-2d65b84f69b8" testListId="8c84fa94-04c1-424b-9868-57a2d4851a1d" /><TestEntry testId="dc31a652-7510-4af6-b923-888b7dff21e7" executionId="df3d8358-05ce-4fc7-9e98-a311d77ffee2" testListId="8c84fa94-04c1-424b-9868-57a2d4851a1d" /><TestEntry testId="413f1d11-9e4e-45d2-99d8-7f269274e524" executionId="3bf4cfd6-8a25-4d11-b041-8d28cc09b618" testListId="8c84fa94-04c1-424b-9868-57a2d4851a1d" /><TestEntry testId="e92b4d71-f1a8-4771-8ffe-8056592e39c0" executionId="3871f24c-0a7b-478c-8c32-cf2c7b679bb8" testListId="8c84fa94-04c1-424b-9868-57a2d4851a1d" /><TestEntry testId="30ee5750-2f16-49d2-9914-0f2f96bb2d17" executionId="76930d80-82c1-4866-9341-e59c0aac9047" testListId="8c84fa94-04c1-424b-9868-57a2d4851a1d" /><TestEntry testId="0cf42bcd-f003-437f-8bc1-dcc630c5c2ec" executionId="b44b5966-9f9a-4e06-938b-0f3508532cde" testListId="8c84fa94-04c1-424b-9868-57a2d4851a1d" /><TestEntry testId="634b214a-28f4-4e23-87e0-6fad8a451f2a" executionId="2d6bd498-33f6-4c3d-bcdb-c955a7084e23" testListId="8c84fa94-04c1-424b-9868-57a2d4851a1d" /><TestEntry testId="8a8c2449-a9e2-4a03-8dd5-2c6b0c5cf696" executionId="9b7e19f4-a6e2-41cd-8430-8666122fa4bd" testListId="8c84fa94-04c1-424b-9868-57a2d4851a1d" /><TestEntry testId="7257f937-0f93-4b1b-a5d1-4985058d51f3" executionId="a97b12cb-8f60-4da6-9948-a222dedb3070" testListId="8c84fa94-04c1-424b-9868-57a2d4851a1d" /><TestEntry testId="17acc1dc-16dd-4026-beff-89f2cdc5d39f" executionId="9029e6a6-999a-4ba3-87b4-2675b0179d19" testListId="8c84fa94-04c1-424b-9868-57a2d4851a1d" /><TestEntry testId="d95ad4f0-7dd8-4db9-9d3e-88f78566c13c" executionId="428d0639-8f91-4f55-8ba8-3ae759ace608" testListId="8c84fa94-04c1-424b-9868-57a2d4851a1d" /><TestEntry testId="3d3b295f-5340-47e2-a5af-d00df2131530" executionId="dc3741c3-afb1-4bf5-91c7-56524cb47a23" testListId="8c84fa94-04c1-424b-9868-57a2d4851a1d" /><TestEntry testId="bb873e50-83b1-4f41-8387-714bc9a13a8d" executionId="fc0df653-0247-41db-bade-f273fc53d6d9" testListId="8c84fa94-04c1-424b-9868-57a2d4851a1d" /><TestEntry testId="65ea12e1-1e1b-44ce-bc15-3bd937a3e824" executionId="66e09956-466e-4847-a37d-a4c1a42f1c1d" testListId="8c84fa94-04c1-424b-9868-57a2d4851a1d" /><TestEntry testId="c14480f5-8dfd-46eb-ac1d-9c81a2e0b316" executionId="6db7c8b6-97e1-465b-8764-a38b0ddeb445" testListId="8c84fa94-04c1-424b-9868-57a2d4851a1d" /><TestEntry testId="615e6f1b-9b27-4202-8033-21028f6ef6ff" executionId="375ef6b4-e271-486a-822b-298f1bfe2eab" testListId="8c84fa94-04c1-424b-9868-57a2d4851a1d" /><TestEntry testId="b1923fb8-f5c2-4f08-9b7c-6ef6474df0af" executionId="a1d00b8d-a032-4f2d-8138-e7bafc142477" testListId="8c84fa94-04c1-424b-9868-57a2d4851a1d" /><TestEntry testId="cd079052-55ff-49c6-9a3b-68172e1c2a75" executionId="d4a784d3-42d4-47d0-a3e0-0fde483c92e9" testListId="8c84fa94-04c1-424b-9868-57a2d4851a1d" /><TestEntry testId="224caf94-b764-4624-8915-fc306e575f31" executionId="1d6378f8-041c-4e51-9a0b-2129ceb36dd4" testListId="8c84fa94-04c1-424b-9868-57a2d4851a1d" /><TestEntry testId="11c5e09d-e265-41d5-a5db-9b29e60e2014" executionId="01fd21df-271e-46aa-84e9-0982c001ccae" testListId="8c84fa94-04c1-424b-9868-57a2d4851a1d" /><TestEntry testId="963e9117-4214-4422-b350-53b0a33d5803" executionId="582fd2af-1d55-48c0-9729-08bbafe49bb7" testListId="8c84fa94-04c1-424b-9868-57a2d4851a1d" /><TestEntry testId="0c13ae64-9aea-4614-b040-a50a8a6f2468" executionId="dc94c04d-bc1a-489c-8ac4-ce09c67eb07f" testListId="8c84fa94-04c1-424b-9868-57a2d4851a1d" /><TestEntry testId="bf11b396-0f83-4d41-b5da-f2842c3d3096" executionId="66b9f5d8-db93-4873-a441-acc75fc017d2" testListId="8c84fa94-04c1-424b-9868-57a2d4851a1d" /><TestEntry testId="21993806-110e-4772-aa4a-17dc67881c7b" executionId="d64e92e6-e821-438a-8334-aa0bf1be3fc7" testListId="8c84fa94-04c1-424b-9868-57a2d4851a1d" /><TestEntry testId="9f070abd-fea9-4d05-b3ac-6611f78bb53d" executionId="5b7ab0d0-ed3a-4149-9f1a-7cebb53797f3" testListId="8c84fa94-04c1-424b-9868-57a2d4851a1d" /><TestEntry testId="27f849a7-2a49-4a67-9adc-e06bbe3fcd63" executionId="7a6ce4f5-58ac-4ef6-b3d1-7ba5d0cecdfd" testListId="8c84fa94-04c1-424b-9868-57a2d4851a1d" /><TestEntry testId="adc815ec-17a2-4be2-9a98-9c08f41b17b0" executionId="22d7f204-8c5b-44ed-8b5b-2c4cece805fb" testListId="8c84fa94-04c1-424b-9868-57a2d4851a1d" /><TestEntry testId="e5629e17-ade6-411e-99b8-d5d10eb7d8a3" executionId="ddd4c24b-cab5-41cf-920e-e387d97ea571" testListId="8c84fa94-04c1-424b-9868-57a2d4851a1d" /><TestEntry testId="2d7a276d-5dcd-4299-9f22-bf36c2798d6d" executionId="1460c614-4d05-41fd-8a1b-6448f718aea0" testListId="8c84fa94-04c1-424b-9868-57a2d4851a1d" /><TestEntry testId="6fd6c70b-ca93-44f8-9a70-f2222d7e6a15" executionId="609cd329-54dd-4659-b12e-316e43cae1cd" testListId="8c84fa94-04c1-424b-9868-57a2d4851a1d" /><TestEntry testId="cb0131a0-fcd8-4a3c-8701-40a7eaa109e9" executionId="29af1d7b-6c85-4921-8486-ad0b59c5afc3" testListId="8c84fa94-04c1-424b-9868-57a2d4851a1d" /><TestEntry testId="bd8095ce-ffc9-4c10-bca4-e0f9f8092a33" executionId="2533599f-0c3c-4bb6-a9bb-196f65ba9425" testListId="8c84fa94-04c1-424b-9868-57a2d4851a1d" /><TestEntry testId="7e2a140d-f3d0-49b1-9250-8a2f3df22697" executionId="2b22d584-f147-483e-9eb5-ec9b5799bdc2" testListId="8c84fa94-04c1-424b-9868-57a2d4851a1d" /><TestEntry testId="53b31b79-6fc5-498f-a300-b4c710eadfcc" executionId="5161e160-8636-42b0-8635-a27b2429c6c8" testListId="8c84fa94-04c1-424b-9868-57a2d4851a1d" /><TestEntry testId="955d645c-b09b-4e96-8175-07c203d707b1" executionId="83bd9972-d38d-44d1-94e9-a2c8878957a2" testListId="8c84fa94-04c1-424b-9868-57a2d4851a1d" /><TestEntry testId="68f7ff3d-f4eb-4776-8c21-6f1d0a9fa657" executionId="2bfd3401-1e39-4448-927d-8d5c34ef39b3" testListId="8c84fa94-04c1-424b-9868-57a2d4851a1d" /><TestEntry testId="e8343d39-bba8-41cb-869e-e0178fdb9211" executionId="21c487a4-a6b4-43b0-93a5-adaeb2f6c845" testListId="8c84fa94-04c1-424b-9868-57a2d4851a1d" /><TestEntry testId="094d552b-604f-49eb-9210-6574e785d440" executionId="1a204c5b-8115-4f57-9fba-f898dc574683" testListId="8c84fa94-04c1-424b-9868-57a2d4851a1d" /><TestEntry testId="bb9b11b7-e7d2-4600-9da4-47cecc71e3db" executionId="1114e88b-7350-42c5-8cb4-e67ae804d528" testListId="8c84fa94-04c1-424b-9868-57a2d4851a1d" /><TestEntry testId="be6724f4-f5f8-4ce1-9316-6ba5426159e4" executionId="ffc6979e-6d5e-4c8f-8880-f9643fe55608" testListId="8c84fa94-04c1-424b-9868-57a2d4851a1d" /><TestEntry testId="451be30e-d71a-4f8e-82a5-7c9d2b412e74" executionId="3ec83e91-2561-4c11-b75d-9f183e39c74a" testListId="8c84fa94-04c1-424b-9868-57a2d4851a1d" /><TestEntry testId="0be0ac54-3ff7-4e62-8f75-dcc5ce84a61b" executionId="dac9a8fa-e2db-4f5d-a3e3-111454bc53ea" testListId="8c84fa94-04c1-424b-9868-57a2d4851a1d" /><TestEntry testId="22759717-1692-4e04-9534-5a55b8a4260a" executionId="ccc058ec-0ecf-4cca-8e8d-94a472e599bb" testListId="8c84fa94-04c1-424b-9868-57a2d4851a1d" /><TestEntry testId="cf9d2dc1-9cae-46f1-84b2-40a0ec614437" executionId="23c9e605-915d-438f-b494-caea16fe6360" testListId="8c84fa94-04c1-424b-9868-57a2d4851a1d" /><TestEntry testId="9d8a3d9d-db45-484f-ade8-5ca4485d5fed" executionId="8cd600c1-9ff2-46af-a5c5-0d5ab78c689c" testListId="8c84fa94-04c1-424b-9868-57a2d4851a1d" /><TestEntry testId="b32d8284-614b-4106-ab6b-11dda6278ba6" executionId="07566d04-12a0-47bc-b01d-c3bdcf0efe45" testListId="8c84fa94-04c1-424b-9868-57a2d4851a1d" /><TestEntry testId="9a9e17d8-3f10-48e8-93d4-290a057f13ec" executionId="148a4a17-b014-4c8b-b2aa-94b74b35196f" testListId="8c84fa94-04c1-424b-9868-57a2d4851a1d" /><TestEntry testId="3b0d58e4-c8c0-44b3-a588-32c4e02fb5c7" executionId="170dd579-b5fd-4742-8a47-3cf5a1877faa" testListId="8c84fa94-04c1-424b-9868-57a2d4851a1d" /><TestEntry testId="db31b305-7f1d-4553-a32e-fb549977e4cc" executionId="b217dbf4-bce5-4507-a50d-f5878ca3e7cc" testListId="8c84fa94-04c1-424b-9868-57a2d4851a1d" /><TestEntry testId="d8d3231c-be61-4e6f-90fa-d933d141eadb" executionId="c995d316-9a3c-4880-852c-b2a4809434d0" testListId="8c84fa94-04c1-424b-9868-57a2d4851a1d" /><TestEntry testId="53cb5af0-5c3e-4a1f-9d9f-decb73c68daf" executionId="f6a7e310-cf43-46e7-ad8e-ad8df4df2292" testListId="8c84fa94-04c1-424b-9868-57a2d4851a1d" /><TestEntry testId="77934875-79d9-4d5c-a331-9ca7a239b6b5" executionId="7180e92f-6581-42ac-b0d5-b3ff7b6d80bb" testListId="8c84fa94-04c1-424b-9868-57a2d4851a1d" /><TestEntry testId="6c099b8d-de42-493d-8e2f-a72dfdc6545e" executionId="7630bb9a-d0e0-4ebc-b53d-e03a9cf84cc6" testListId="8c84fa94-04c1-424b-9868-57a2d4851a1d" /><TestEntry testId="e2668655-6b81-4b40-bf17-768509da2363" executionId="44c93054-9da9-4f1d-ba05-3d94cd8ff8b9" testListId="8c84fa94-04c1-424b-9868-57a2d4851a1d" /><TestEntry testId="6f74efcb-7cce-41ec-ad18-8ef2e85ec885" executionId="42f235f5-b055-4a1d-a04d-8b5249d01e39" testListId="8c84fa94-04c1-424b-9868-57a2d4851a1d" /><TestEntry testId="7cae4d91-f81f-40ce-9d40-60deceac565d" executionId="9401b10d-4e09-4f23-8c01-a4be32183260" testListId="8c84fa94-04c1-424b-9868-57a2d4851a1d" /><TestEntry testId="2dcd85fd-5ae3-4c25-ba6e-2174bd88b6fe" executionId="59a1951c-fe86-4358-874e-76fe243a7ad0" testListId="8c84fa94-04c1-424b-9868-57a2d4851a1d" /><TestEntry testId="4ca3d42d-0ecb-4570-bbc0-e5b012c594e4" executionId="60ab1910-5ed1-4611-bcb9-a20c767242c6" testListId="8c84fa94-04c1-424b-9868-57a2d4851a1d" /><TestEntry testId="692bac56-8079-4ea2-8652-662059997884" executionId="90513c54-0fc5-4028-a962-a52a31b3cfe2" testListId="8c84fa94-04c1-424b-9868-57a2d4851a1d" /><TestEntry testId="95be3646-27ec-474a-912d-3fb32933f1d2" executionId="91470fcc-d306-4c14-9831-d61ade05cb58" testListId="8c84fa94-04c1-424b-9868-57a2d4851a1d" /><TestEntry testId="cf7c22a7-90cb-48b0-9123-d005dd1e1ce3" executionId="805c2460-8bdf-499b-b773-682e747d0aa1" testListId="8c84fa94-04c1-424b-9868-57a2d4851a1d" /><TestEntry testId="3fe40861-520b-4bd7-b4df-e461478015c1" executionId="e1e709f8-e12c-48f6-ace6-62e30101b2d5" testListId="8c84fa94-04c1-424b-9868-57a2d4851a1d" /><TestEntry testId="e34773da-cb14-49f8-9b40-d334e51c2ebe" executionId="a57bd7fb-c8b5-477c-8969-17c08db850d7" testListId="8c84fa94-04c1-424b-9868-57a2d4851a1d" /><TestEntry testId="ded8b594-e32a-4eef-95bc-1963ab1892b9" executionId="0ce32b15-08d6-4539-bdfd-9e4919000e3e" testListId="8c84fa94-04c1-424b-9868-57a2d4851a1d" /><TestEntry testId="3a1d301b-6ea0-4486-b956-b7613b6acc83" executionId="2b5e2311-2b17-484d-b077-f2e45424552a" testListId="8c84fa94-04c1-424b-9868-57a2d4851a1d" /><TestEntry testId="1e7a99c4-08c5-457b-8422-4224e50a534b" executionId="6f4f3322-2dd2-4157-a978-f9ee5271afc5" testListId="8c84fa94-04c1-424b-9868-57a2d4851a1d" /><TestEntry testId="4d0e06f9-f9a7-45b5-afa8-5f1c954a505b" executionId="33afe098-be8b-4949-895c-b92e229d8eb4" testListId="8c84fa94-04c1-424b-9868-57a2d4851a1d" /><TestEntry testId="6851e36b-52bc-47ff-bfec-d0aee77acb38" executionId="fcf72a0f-3011-4932-8f1d-7d9185b06e50" testListId="8c84fa94-04c1-424b-9868-57a2d4851a1d" /><TestEntry testId="5e8ec28a-07bb-4ddb-b653-5639ae27e015" executionId="e79a0d02-fcf7-4690-b46b-373288f8f1d9" testListId="8c84fa94-04c1-424b-9868-57a2d4851a1d" /><TestEntry testId="3fd030e0-c690-4e37-a85c-d9414a425d67" executionId="ac7308bf-f6b4-4294-a2ae-663f422160dd" testListId="8c84fa94-04c1-424b-9868-57a2d4851a1d" /><TestEntry testId="e1380395-2ff0-4afd-92d3-a18ffedef036" executionId="06d5e0fb-8565-4f12-8701-cab7b3ef11d7" testListId="8c84fa94-04c1-424b-9868-57a2d4851a1d" /><TestEntry testId="1a3d1376-db29-4ea3-8b04-30516fe55254" executionId="f4239151-14bd-4a88-b95a-d6bca564b546" testListId="8c84fa94-04c1-424b-9868-57a2d4851a1d" /><TestEntry testId="7e4e2473-25d2-4c7e-b65c-402f24e30b9f" executionId="22077663-faed-4666-8eea-778512ee533c" testListId="8c84fa94-04c1-424b-9868-57a2d4851a1d" /><TestEntry testId="964cbcb0-49e0-45c9-adda-41d855ac53d6" executionId="2cf83d18-5fec-4666-b9a9-62a073a4fb97" testListId="8c84fa94-04c1-424b-9868-57a2d4851a1d" /><TestEntry testId="c8401cf7-bdeb-4ba9-9529-aaf030c99ce0" executionId="fbe8843d-2214-473a-a760-254965096bc4" testListId="8c84fa94-04c1-424b-9868-57a2d4851a1d" /><TestEntry testId="8ce70c28-f719-40a9-9dad-a07cb4470416" executionId="4c6eea44-6594-4ee0-9d7c-fa1d5aad75f9" testListId="8c84fa94-04c1-424b-9868-57a2d4851a1d" /><TestEntry testId="99f9ab5f-071d-4dfd-acb6-a3be234546df" executionId="bf1d3883-8237-471b-9e21-04ce3e0457c7" testListId="8c84fa94-04c1-424b-9868-57a2d4851a1d" /><TestEntry testId="5af11741-e778-47e2-88f2-38129c0c5ca0" executionId="768b2ed0-39f2-4916-a54c-5a80e1bfe936" testListId="8c84fa94-04c1-424b-9868-57a2d4851a1d" /><TestEntry testId="07792f2f-6002-4ddc-8a02-289f7d452451" executionId="6b66b193-9cfc-4ea1-8abe-d2b7a38ef811" testListId="8c84fa94-04c1-424b-9868-57a2d4851a1d" /><TestEntry testId="b64eb4ff-0adb-4ffc-ab27-ee8c33153522" executionId="195ee840-7192-47d2-85cb-395646fbd02e" testListId="8c84fa94-04c1-424b-9868-57a2d4851a1d" /><TestEntry testId="0f513fa1-66a2-40b2-ae29-71dde6cb1697" executionId="7b739999-f3c8-4d23-8fe7-74242a06af1f" testListId="8c84fa94-04c1-424b-9868-57a2d4851a1d" /><TestEntry testId="98b1cb6e-58b4-4982-b947-de8aef179bf6" executionId="d968a4ca-8158-4b63-96e9-95e07248777c" testListId="8c84fa94-04c1-424b-9868-57a2d4851a1d" /><TestEntry testId="ec41dc59-f3a1-415b-9b4b-03fe5a30c9ea" executionId="b0a4687e-8d20-4436-a271-5f40702ec694" testListId="8c84fa94-04c1-424b-9868-57a2d4851a1d" /><TestEntry testId="dd518028-511c-4cc5-9c69-63ffd935f044" executionId="d9f8b374-7b45-4949-bc5a-dad2a745db5b" testListId="8c84fa94-04c1-424b-9868-57a2d4851a1d" /><TestEntry testId="dbe7259e-925d-4c13-aa39-1cb94d6489ea" executionId="53aed810-4f10-4f68-bad3-7536e628bd51" testListId="8c84fa94-04c1-424b-9868-57a2d4851a1d" /><TestEntry testId="b948c06a-ce61-4119-bbd4-4f6a04283aeb" executionId="ed00b469-fdb4-4288-8809-3b2f3f56a929" testListId="8c84fa94-04c1-424b-9868-57a2d4851a1d" /><TestEntry testId="f4423fa2-e242-4f36-b123-aa1acee50644" executionId="6280cf04-b108-41f6-87d4-4b73c46ef606" testListId="8c84fa94-04c1-424b-9868-57a2d4851a1d" /><TestEntry testId="9455db46-8527-470c-be43-97e3ee4277a0" executionId="4e6de24e-b268-4dbe-914b-b82d0b02609f" testListId="8c84fa94-04c1-424b-9868-57a2d4851a1d" /><TestEntry testId="e3634566-780e-40b9-80a7-bbdd27e31116" executionId="4e66c2dc-06a0-45c2-9ee0-1bffc4446b83" testListId="8c84fa94-04c1-424b-9868-57a2d4851a1d" /><TestEntry testId="fb0b0d2f-23bf-42af-82f2-d30832e264bb" executionId="443899e0-6198-4f8b-b3e2-3c44f4df7744" testListId="8c84fa94-04c1-424b-9868-57a2d4851a1d" /><TestEntry testId="63894df9-5a0c-4ac3-8c0e-f1f8b4876da4" executionId="153d1df7-d58b-452f-af28-61eea8e0f743" testListId="8c84fa94-04c1-424b-9868-57a2d4851a1d" /><TestEntry testId="e612aa41-b8fe-455c-90c0-437cba9c9d6c" executionId="3fcd4493-ca59-4a03-aff1-cb3d66058446" testListId="8c84fa94-04c1-424b-9868-57a2d4851a1d" /><TestEntry testId="f93160c0-6b6e-4260-b366-4af39f791f0f" executionId="fc9793df-dd1c-4dc7-833f-97437b8740f2" testListId="8c84fa94-04c1-424b-9868-57a2d4851a1d" /><TestEntry testId="ad1b27e1-97ba-45e7-8518-3b7ea07f7a5f" executionId="f1ad5527-e9d2-4865-9789-c0668a32dfff" testListId="8c84fa94-04c1-424b-9868-57a2d4851a1d" /><TestEntry testId="a6e84f21-7a1f-4c3c-a896-f8a00012faa5" executionId="2d9d67cd-14f3-4c6d-8d8f-fd5b0eb828a4" testListId="8c84fa94-04c1-424b-9868-57a2d4851a1d" /><TestEntry testId="b9a7d44e-385f-4a27-bac1-59696a3235eb" executionId="3a842bdf-3363-476a-8c1c-441f85db7dc9" testListId="8c84fa94-04c1-424b-9868-57a2d4851a1d" /><TestEntry testId="a6e8255d-60e1-4a28-bf8c-6be4638e7975" executionId="7b49508f-4aa5-4430-ae4b-09503be2c574" testListId="8c84fa94-04c1-424b-9868-57a2d4851a1d" /><TestEntry testId="fc3234b6-8907-4d17-87d6-e140599c354e" executionId="f5ea778b-9707-4d22-b3f1-0a3647263912" testListId="8c84fa94-04c1-424b-9868-57a2d4851a1d" /><TestEntry testId="cd45b653-2726-425d-8a6b-d177a87b9797" executionId="5b1f6371-4418-4561-8e21-9e120e162b12" testListId="8c84fa94-04c1-424b-9868-57a2d4851a1d" /><TestEntry testId="bf8ceece-c767-4890-aea0-0bdaacec8eab" executionId="e95f3fa6-cbeb-4ef1-892b-66abbce886bb" testListId="8c84fa94-04c1-424b-9868-57a2d4851a1d" /><TestEntry testId="058fe259-d052-4858-8db2-b8fd9e0201c4" executionId="152ce7ba-d867-40d6-999f-2afc1f4889b1" testListId="8c84fa94-04c1-424b-9868-57a2d4851a1d" /><TestEntry testId="7f3d523f-1294-460e-9b47-7eb975ccecc0" executionId="1d390ad9-368a-43ea-a337-a42d98a6b3f9" testListId="8c84fa94-04c1-424b-9868-57a2d4851a1d" /><TestEntry testId="c0dfacea-b24b-4ec9-a597-885b04aa9789" executionId="0ebb32d3-2d92-4319-8411-9d10a479675e" testListId="8c84fa94-04c1-424b-9868-57a2d4851a1d" /><TestEntry testId="7f9675c0-9b6f-495b-aee9-ebf4c0e1c5f5" executionId="7d6ae630-9a05-4014-9b32-96a77ff137b2" testListId="8c84fa94-04c1-424b-9868-57a2d4851a1d" /><TestEntry testId="b2e2882e-0e8a-4968-b065-339d5dcf5c45" executionId="c39e907a-746c-4761-b403-8e140cce0fe0" testListId="8c84fa94-04c1-424b-9868-57a2d4851a1d" /><TestEntry testId="75eec286-e6cd-44ad-a100-e94ad5431263" executionId="4cccedca-033e-4d7d-ad86-da8400122bb9" testListId="8c84fa94-04c1-424b-9868-57a2d4851a1d" /><TestEntry testId="eb2b8e87-a6b2-4317-b873-72d719f61392" executionId="4ee6cfe7-ce0e-4f5e-8db7-238d4babd943" testListId="8c84fa94-04c1-424b-9868-57a2d4851a1d" /><TestEntry testId="a6d490dd-32f7-4ae9-ad64-fe2c5113be38" executionId="cceb55ed-1aea-4bfb-807f-37f6d964377b" testListId="8c84fa94-04c1-424b-9868-57a2d4851a1d" /><TestEntry testId="8619d8c2-fde9-42aa-92c0-06f22d042800" executionId="82b5c304-c34d-426f-a666-774f2ad87012" testListId="8c84fa94-04c1-424b-9868-57a2d4851a1d" /><TestEntry testId="13b355a4-15c7-45f8-8f8c-c7e64156fa9b" executionId="89eb83b9-5587-425f-9faa-25ab0d933bae" testListId="8c84fa94-04c1-424b-9868-57a2d4851a1d" /><TestEntry testId="a3daf151-c82b-4b36-bb06-5376e66aa35a" executionId="d6f3afb3-6390-424b-936f-731157e3e3ea" testListId="8c84fa94-04c1-424b-9868-57a2d4851a1d" /><TestEntry testId="02f4c978-b642-4e34-8226-9c24fc47487c" executionId="71611b20-779e-4b86-82df-3f86ff062469" testListId="8c84fa94-04c1-424b-9868-57a2d4851a1d" /><TestEntry testId="cd537b10-bb6e-4b4d-92ee-386fe2494965" executionId="9c62c84e-83c6-4f93-9a24-aa98e07b7175" testListId="8c84fa94-04c1-424b-9868-57a2d4851a1d" /><TestEntry testId="c3f880a6-ba94-4a01-88aa-32ed76aa3ceb" executionId="33b37520-7cbe-4707-a196-2df1b5821ac7" testListId="8c84fa94-04c1-424b-9868-57a2d4851a1d" /><TestEntry testId="997ecd5a-333f-42f9-adf9-8ace62703f6b" executionId="ac9faf6c-2a85-4171-b36d-b6240f1a6dd0" testListId="8c84fa94-04c1-424b-9868-57a2d4851a1d" /><TestEntry testId="d14327c5-3e1f-4e04-bc2a-673475d86fae" executionId="34b0a76e-5e34-446c-a9ef-f304acaaf42d" testListId="8c84fa94-04c1-424b-9868-57a2d4851a1d" /><TestEntry testId="6e5cc9e1-3a03-4bc5-a58f-9207c45d96f9" executionId="75c9ed6d-34e6-4029-b023-e16cc203cf30" testListId="8c84fa94-04c1-424b-9868-57a2d4851a1d" /><TestEntry testId="40646e4f-dfe5-4802-a6a9-0c6aea0cfc30" executionId="457d8811-a445-41a0-a839-e2022e2eb715" testListId="8c84fa94-04c1-424b-9868-57a2d4851a1d" /><TestEntry testId="eb86c8b2-61c2-4a5a-af8d-804c93286fa5" executionId="6def9132-ab89-42f5-8378-f16b80f3c9c5" testListId="8c84fa94-04c1-424b-9868-57a2d4851a1d" /><TestEntry testId="64657f45-3659-419e-8aba-7bffe8ded4a4" executionId="9e0e212b-c138-4d34-9a20-9236e756607f" testListId="8c84fa94-04c1-424b-9868-57a2d4851a1d" /><TestEntry testId="24e65ac6-b2b6-4c57-a118-f98f6a7a3b67" executionId="6a4364d7-96a1-48b1-965c-5ce6f0d9dc9d" testListId="8c84fa94-04c1-424b-9868-57a2d4851a1d" /><TestEntry testId="cced6668-1bbe-4940-8557-668bb3e122fe" executionId="a086671d-8194-424a-bb8f-cb14f1f655b2" testListId="8c84fa94-04c1-424b-9868-57a2d4851a1d" /><TestEntry testId="822f2981-5db2-4a58-92b0-8b56010bc247" executionId="2fd1d8ba-e0fb-4237-b297-2edb6253a2db" testListId="8c84fa94-04c1-424b-9868-57a2d4851a1d" /><TestEntry testId="b88414fb-2c18-428e-9b3a-2855a2b2c433" executionId="33d54d64-8c74-4e3f-97e5-02e3d0a7b364" testListId="8c84fa94-04c1-424b-9868-57a2d4851a1d" /><TestEntry testId="c9f26c2b-910d-439a-9baf-d09353ec1855" executionId="fbadc08b-3779-49ea-876b-f0dc3dc728d4" testListId="8c84fa94-04c1-424b-9868-57a2d4851a1d" /><TestEntry testId="a0407239-82c1-4be2-a6a5-be6b140b1002" executionId="19647c77-665d-4700-b332-305bf5be5c51" testListId="8c84fa94-04c1-424b-9868-57a2d4851a1d" /><TestEntry testId="fb6b60d7-89c8-4f0c-8553-63ab5c82bf4f" executionId="1271e87a-28ab-42c5-a5fc-dd65855264f3" testListId="8c84fa94-04c1-424b-9868-57a2d4851a1d" /><TestEntry testId="4d7f1851-d802-4617-9bd6-63779201662d" executionId="85912d80-65a8-4333-b317-3ca30121a11d" testListId="8c84fa94-04c1-424b-9868-57a2d4851a1d" /><TestEntry testId="470b16cd-9836-4d66-a7e9-13244a1dbd4e" executionId="1916b1da-89f4-4153-beba-a98962d7c537" testListId="8c84fa94-04c1-424b-9868-57a2d4851a1d" /><TestEntry testId="67308449-0420-4937-8cab-b28b00de71ed" executionId="aad955e8-36ec-42b0-a0fe-b89fe3b9c325" testListId="8c84fa94-04c1-424b-9868-57a2d4851a1d" /><TestEntry testId="b7c97219-5b00-4a0b-975d-703316cab75f" executionId="bf0c422b-c2f3-48f7-b1ea-87ab7c4005d7" testListId="8c84fa94-04c1-424b-9868-57a2d4851a1d" /><TestEntry testId="8c00b584-cf8c-40b7-8feb-23d2abdac2fb" executionId="cb771feb-5a23-452e-97d7-bb6f11a0f2ca" testListId="8c84fa94-04c1-424b-9868-57a2d4851a1d" /><TestEntry testId="88d6c42e-0143-4a93-ad15-68fa4160c9d1" executionId="a04ceb7c-01ff-44bb-8db9-fe2a321126ac" testListId="8c84fa94-04c1-424b-9868-57a2d4851a1d" /><TestEntry testId="16597208-ac2d-49fe-9eda-7e6d2fb82228" executionId="cbc0cc75-6498-49e9-b380-667ca059ad59" testListId="8c84fa94-04c1-424b-9868-57a2d4851a1d" /><TestEntry testId="874dfbee-e215-4a65-bcf6-5c97e7d78e6a" executionId="bbc23b6c-08f9-48cb-a75f-d66225d06737" testListId="8c84fa94-04c1-424b-9868-57a2d4851a1d" /><TestEntry testId="41d07e4f-1afe-4bdd-8f47-6bcedbdfe44a" executionId="c80d57b8-c1f7-44c0-8ee1-f18fc3a5371e" testListId="8c84fa94-04c1-424b-9868-57a2d4851a1d" /><TestEntry testId="6d7b5c6c-391f-4c4e-b2e1-0f349cd5a74c" executionId="4b824b4c-b54e-4083-8cb7-d7e3832ff8ed" testListId="8c84fa94-04c1-424b-9868-57a2d4851a1d" /><TestEntry testId="e34cb4a5-2552-40b6-aa94-870f86983871" executionId="ecf464be-c3f8-4c91-9b84-e4b38a43ac54" testListId="8c84fa94-04c1-424b-9868-57a2d4851a1d" /><TestEntry testId="675ce4a1-9032-433d-b08f-4f20d3cc3516" executionId="ae152568-47b5-42dc-bd36-cc7dce46865c" testListId="8c84fa94-04c1-424b-9868-57a2d4851a1d" /><TestEntry testId="0a830e48-dca7-421f-8906-77a355c0baad" executionId="57ab985b-00e7-47b8-8c32-eeb26ebff2c0" testListId="8c84fa94-04c1-424b-9868-57a2d4851a1d" /><TestEntry testId="00022376-1502-4d75-8634-e9ff42ae13d8" executionId="16bf989b-749f-4366-b837-b0c65c10c9b4" testListId="8c84fa94-04c1-424b-9868-57a2d4851a1d" /><TestEntry testId="ce9551bb-1f56-486d-8d26-4c6a6a8d203a" executionId="33ee4a20-ae16-4d9d-85b8-6634b42fb962" testListId="8c84fa94-04c1-424b-9868-57a2d4851a1d" /><TestEntry testId="4219f7dd-a90e-4ee8-9600-0ad95471fc74" executionId="0595f337-cccb-4e80-bf0a-f225b307aee7" testListId="8c84fa94-04c1-424b-9868-57a2d4851a1d" /><TestEntry testId="fe5cdd28-0c09-4c95-9f02-4f7931184f26" executionId="1bfc6ee6-e044-4770-8d5f-f37018a41171" testListId="8c84fa94-04c1-424b-9868-57a2d4851a1d" /><TestEntry testId="4fb7cc37-db24-426b-9e60-77eebaa5a377" executionId="52dbb0d9-9c8e-41dc-a5dd-1e17bf458e96" testListId="8c84fa94-04c1-424b-9868-57a2d4851a1d" /><TestEntry testId="0cf3be01-0b97-4608-8607-dbd7a8e097e7" executionId="0f233e31-d8c0-49b3-a776-daca0f4d3069" testListId="8c84fa94-04c1-424b-9868-57a2d4851a1d" /><TestEntry testId="87dade91-dd66-4924-b302-bf2c361a8f7c" executionId="a1ac055a-a9a2-4ce3-b1ad-a129cc40f5cb" testListId="8c84fa94-04c1-424b-9868-57a2d4851a1d" /><TestEntry testId="3a808a7d-c3ec-4286-97a3-fe177788bcf3" executionId="c688489e-c4de-4240-a6ac-a07a4b1d6774" testListId="8c84fa94-04c1-424b-9868-57a2d4851a1d" /><TestEntry testId="a23735d4-75bc-448c-b120-b1a18f2e3140" executionId="00ec4199-9a2d-4d2a-82e3-f623b1adc5ad" testListId="8c84fa94-04c1-424b-9868-57a2d4851a1d" /><TestEntry testId="8210d212-7d48-4f4f-bbe1-bd0e9b529917" executionId="c5f1d684-0cf3-46e7-9c66-3ee4e10bac54" testListId="8c84fa94-04c1-424b-9868-57a2d4851a1d" /><TestEntry testId="6fc80d21-02d7-42a3-82f6-85761e1d8559" executionId="d260a067-2183-4d33-b375-d06967c0b614" testListId="8c84fa94-04c1-424b-9868-57a2d4851a1d" /><TestEntry testId="d35eeb56-760c-4f77-a50b-866c5a5020d4" executionId="976e696b-4f97-4793-9cf5-9f98e7a7599d" testListId="8c84fa94-04c1-424b-9868-57a2d4851a1d" /><TestEntry testId="825c0819-de4b-4723-b88d-6293765182fc" executionId="e14e2764-db66-4725-9749-1c132f4985e8" testListId="8c84fa94-04c1-424b-9868-57a2d4851a1d" /><TestEntry testId="3fde99c0-71a8-4477-80c4-852341c88646" executionId="84c3539c-f38c-4500-9f81-b2c51ccce3df" testListId="8c84fa94-04c1-424b-9868-57a2d4851a1d" /><TestEntry testId="37728ef5-5496-4d9c-ac20-c4431cb6cb8c" executionId="a7d2ea52-2a90-4992-b0fe-9b853e61d21f" testListId="8c84fa94-04c1-424b-9868-57a2d4851a1d" /><TestEntry testId="1340e12d-4be8-492b-a937-8abf71270045" executionId="a283d772-ea9e-4faf-ad19-2286bb8120c5" testListId="8c84fa94-04c1-424b-9868-57a2d4851a1d" /><TestEntry testId="0c84eb2a-4e7f-4d93-93af-d48b7a5f4686" executionId="559ce2bd-89ab-43f8-93dd-471d04733e77" testListId="8c84fa94-04c1-424b-9868-57a2d4851a1d" /><TestEntry testId="08b56c3f-d11b-4773-8249-0ac69a1895ba" executionId="16114bc4-8408-4ff7-8854-03f7a995ddb9" testListId="8c84fa94-04c1-424b-9868-57a2d4851a1d" /><TestEntry testId="d28f465c-38fb-48ac-a278-5bb91d546097" executionId="56751041-444b-4338-a0c6-c3aa623b59b7" testListId="8c84fa94-04c1-424b-9868-57a2d4851a1d" /><TestEntry testId="e5c8b73a-d514-43aa-bb55-4c7ebe0c3a97" executionId="5c1194fd-d6d4-4ec9-9687-e7effc14358b" testListId="8c84fa94-04c1-424b-9868-57a2d4851a1d" /><TestEntry testId="0eedc7cb-521e-406b-9ec8-aac14695636a" executionId="744d6050-a606-4396-b654-bf3c78cd48a1" testListId="8c84fa94-04c1-424b-9868-57a2d4851a1d" /><TestEntry testId="fdfa5b89-eaba-466c-9c16-7cf266e8af00" executionId="0712e3ae-6e41-4081-9936-09905badebff" testListId="8c84fa94-04c1-424b-9868-57a2d4851a1d" /><TestEntry testId="2cecfdda-75a2-4017-a292-2492e3e51cec" executionId="5cebfa9c-fb9b-441c-b10f-08ec25dfd258" testListId="8c84fa94-04c1-424b-9868-57a2d4851a1d" /><TestEntry testId="20016b9f-da35-41d4-a3f2-5795d1ee121b" executionId="564be44c-d463-4bf9-97bb-65e7aa1cc6ad" testListId="8c84fa94-04c1-424b-9868-57a2d4851a1d" /><TestEntry testId="8bb74383-01a6-4943-b66b-a925d128b04e" executionId="74b3e1ea-e759-4f82-bdfa-e0c640451aae" testListId="8c84fa94-04c1-424b-9868-57a2d4851a1d" /><TestEntry testId="baedd598-ddbd-4735-858e-b630dd58982e" executionId="79ca469c-3902-4f44-9017-853a52581597" testListId="8c84fa94-04c1-424b-9868-57a2d4851a1d" /><TestEntry testId="6f9498ba-4efb-46d9-bf65-f154019c6012" executionId="58dd1251-4506-4026-9fd8-fd43e5fcb2c7" testListId="8c84fa94-04c1-424b-9868-57a2d4851a1d" /><TestEntry testId="d797a914-8eac-43e3-9c71-82427f04a666" executionId="3eba8f40-c0ee-4aca-928a-9a9b527a6fa7" testListId="8c84fa94-04c1-424b-9868-57a2d4851a1d" /><TestEntry testId="2ffd3d52-4def-4271-898a-99049b29601f" executionId="f9c86058-ca12-4f56-b4d8-b01d789e333d" testListId="8c84fa94-04c1-424b-9868-57a2d4851a1d" /><TestEntry testId="17411a3a-6416-4af7-a583-d29fd0c74425" executionId="56301db9-a907-4341-83c8-05ef18a15b23" testListId="8c84fa94-04c1-424b-9868-57a2d4851a1d" /><TestEntry testId="ff7fd17e-323d-4094-9d28-fc87de0a61ae" executionId="7c502bda-b924-482a-9095-ad9054a76b49" testListId="8c84fa94-04c1-424b-9868-57a2d4851a1d" /><TestEntry testId="57d15f57-146e-42e0-9ce6-07e998ef55b7" executionId="0202a2d2-0011-4318-9693-5747a69349a8" testListId="8c84fa94-04c1-424b-9868-57a2d4851a1d" /><TestEntry testId="f7190773-1ce5-4ec6-9ac2-4f935e2ac602" executionId="e752e7d9-4088-4efd-bd18-17aaf8b717b1" testListId="8c84fa94-04c1-424b-9868-57a2d4851a1d" /><TestEntry testId="8c832036-ea78-4ec5-a68f-d1b91fce165a" executionId="0cde2cc1-f664-480f-bdc6-76ca6e32fabe" testListId="8c84fa94-04c1-424b-9868-57a2d4851a1d" /><TestEntry testId="e7dcd4a9-b2d8-415e-8463-1f1f60e37a98" executionId="2027bcfa-1b72-46e1-860b-e1d5145fa648" testListId="8c84fa94-04c1-424b-9868-57a2d4851a1d" /><TestEntry testId="bf135fe6-1328-451e-9feb-44117f10a700" executionId="8ee427c6-5474-4470-8132-400f847772bc" testListId="8c84fa94-04c1-424b-9868-57a2d4851a1d" /><TestEntry testId="f8abe9d4-1ab0-40a3-b2fc-a7bc546a901b" executionId="856ac742-c3b8-48f3-8666-4fd6d255598e" testListId="8c84fa94-04c1-424b-9868-57a2d4851a1d" /><TestEntry testId="c7cfe934-61af-4593-b681-140cbb268f0a" executionId="a93ec1ec-92d5-4292-9053-f7e835c28561" testListId="8c84fa94-04c1-424b-9868-57a2d4851a1d" /><TestEntry testId="71d80a8b-52d9-470b-87e7-cc09d180e811" executionId="ad5a0205-7647-4bbe-a521-36ae28753f04" testListId="8c84fa94-04c1-424b-9868-57a2d4851a1d" /><TestEntry testId="95429ed0-a6b3-4c95-926c-49d0a74f4ca6" executionId="264a940d-da08-427a-9167-39e5fe72fc53" testListId="8c84fa94-04c1-424b-9868-57a2d4851a1d" /><TestEntry testId="d9e6bd6d-195f-4998-be11-80cc177d3cb0" executionId="e208b8e3-a733-46b4-8b51-0dec2d0b8e25" testListId="8c84fa94-04c1-424b-9868-57a2d4851a1d" /><TestEntry testId="10d7233c-f718-440d-b702-39b0ba2928b7" executionId="b20f2119-8391-43ef-97ba-60abdeb7f6ac" testListId="8c84fa94-04c1-424b-9868-57a2d4851a1d" /><TestEntry testId="fdd8e251-683f-47ab-a7af-f5a31db5d76e" executionId="702a6c80-30d7-40f8-88bd-94a1b850ebbb" testListId="8c84fa94-04c1-424b-9868-57a2d4851a1d" /><TestEntry testId="90af246d-0598-4104-b1dc-f5404cfa79bf" executionId="21d53e6b-b100-43c7-8138-1b82a13fde8b" testListId="8c84fa94-04c1-424b-9868-57a2d4851a1d" /><TestEntry testId="bc01ff1e-ad90-42d1-9f77-300cfd1c2da9" executionId="5651e3cc-aee3-41a5-b303-26e09ec904e4" testListId="8c84fa94-04c1-424b-9868-57a2d4851a1d" /><TestEntry testId="90f60180-82a7-4730-beee-9509ce4430bb" executionId="08816293-555e-4b0f-8c0d-fdbf9e7cd6fc" testListId="8c84fa94-04c1-424b-9868-57a2d4851a1d" /><TestEntry testId="0b5f55b0-a380-4b8f-a741-d1dc78dc8873" executionId="687ddb8b-8e58-459d-9f44-ce888554b33d" testListId="8c84fa94-04c1-424b-9868-57a2d4851a1d" /><TestEntry testId="658dc834-9b5e-4026-a209-fa069b1d5faa" executionId="d8594a49-2999-4474-869d-796799033bae" testListId="8c84fa94-04c1-424b-9868-57a2d4851a1d" /><TestEntry testId="a5280c6a-3f63-4ff0-8c50-176c1c474a72" executionId="1bb20e1c-f3e9-47aa-b05b-e83baee2b342" testListId="8c84fa94-04c1-424b-9868-57a2d4851a1d" /><TestEntry testId="dfb50eb8-b22d-4332-80be-23715d7af6b9" executionId="98e55b52-84f9-4928-99f8-1978eec6ba76" testListId="8c84fa94-04c1-424b-9868-57a2d4851a1d" /><TestEntry testId="118f56ff-dc2c-4494-a85d-350d0c43736f" executionId="b16930c9-f399-4aa9-87fa-8f1a0f59a81f" testListId="8c84fa94-04c1-424b-9868-57a2d4851a1d" /><TestEntry testId="67558a39-78ff-4587-8aa5-af8562d5c0f4" executionId="4d42c554-2f82-45fa-8854-08fdb1ae5e5b" testListId="8c84fa94-04c1-424b-9868-57a2d4851a1d" /><TestEntry testId="542aa47d-286e-4d4c-a786-02041171960d" executionId="d0d74891-86f3-4b5d-9408-2c21f18b4b85" testListId="8c84fa94-04c1-424b-9868-57a2d4851a1d" /><TestEntry testId="38bfc717-96da-4fff-9031-fe7b9d923793" executionId="fc7c9101-3bca-4934-a300-ddb051b56107" testListId="8c84fa94-04c1-424b-9868-57a2d4851a1d" /><TestEntry testId="4d618196-986e-4849-a50d-b0f268ebfeef" executionId="faae299f-a12d-49c3-9d45-a56df277321e" testListId="8c84fa94-04c1-424b-9868-57a2d4851a1d" /><TestEntry testId="5060550d-0174-4e51-91ef-ecdb3565d4da" executionId="5cfb4bb4-8928-4868-931c-d882f611e1b7" testListId="8c84fa94-04c1-424b-9868-57a2d4851a1d" /><TestEntry testId="e7c24bb8-ed6c-4a31-9116-26caa70486f0" executionId="f2dce5e3-7d13-40e5-802f-768e1c1d6739" testListId="8c84fa94-04c1-424b-9868-57a2d4851a1d" /><TestEntry testId="2ee01098-5da7-49dd-ab6c-374bb20fd133" executionId="026177f5-0d50-4851-9056-8a957cc526cb" testListId="8c84fa94-04c1-424b-9868-57a2d4851a1d" /><TestEntry testId="77e8d113-00d6-43d2-b72d-b433ac090a26" executionId="5dbdc9b8-b50e-48f4-95fa-9cd24c7a9883" testListId="8c84fa94-04c1-424b-9868-57a2d4851a1d" /><TestEntry testId="19e2abd1-b925-4cd2-9d83-aa42d7150649" executionId="28e611f2-c31d-4a81-8e44-229800ccefa3" testListId="8c84fa94-04c1-424b-9868-57a2d4851a1d" /><TestEntry testId="f1cf039f-e18b-47bf-9dce-6b550e3c6bbc" executionId="cd710f96-c390-4dd8-87af-2b3517916598" testListId="8c84fa94-04c1-424b-9868-57a2d4851a1d" /><TestEntry testId="a2a60769-1b75-4a2c-b033-f4f7209d8671" executionId="d305fd1d-895f-4e9f-bfe8-62a96f32c824" testListId="8c84fa94-04c1-424b-9868-57a2d4851a1d" /><TestEntry testId="f95178ee-c305-4020-9c4b-3783a603519f" executionId="6d924877-fafc-49e9-854d-1ddcc45c7c63" testListId="8c84fa94-04c1-424b-9868-57a2d4851a1d" /><TestEntry testId="c651e490-1692-442a-992b-9f96a35f44ed" executionId="5ff2648f-5b91-492f-b5dc-577950951903" testListId="8c84fa94-04c1-424b-9868-57a2d4851a1d" /><TestEntry testId="a3ab4a8f-3e88-41fb-aaf9-dfc0b5b71255" executionId="e3899a72-6c27-4c94-9c0d-158053cbcca2" testListId="8c84fa94-04c1-424b-9868-57a2d4851a1d" /><TestEntry testId="dd38cb24-821a-4fff-aec4-d912dbe00ad1" executionId="8ec38e41-8e53-4a8b-a7a3-a331c0e742c6" testListId="8c84fa94-04c1-424b-9868-57a2d4851a1d" /><TestEntry testId="059263c2-46ec-440c-ac63-f763f8369678" executionId="04da996d-e462-4366-b39c-bce2d2b694ab" testListId="8c84fa94-04c1-424b-9868-57a2d4851a1d" /><TestEntry testId="51a3fc4e-354d-4a55-beeb-5dafb589dfa9" executionId="729e2920-3e1d-42ec-8837-070060dee646" testListId="8c84fa94-04c1-424b-9868-57a2d4851a1d" /><TestEntry testId="92ca6560-fd98-4ff3-9924-05175169e8bf" executionId="a32bdbde-0de2-4b62-a283-e02961a8f198" testListId="8c84fa94-04c1-424b-9868-57a2d4851a1d" /><TestEntry testId="061c8cf2-7b4c-450c-83a1-0f2e87c29d1d" executionId="66afdf56-5abc-4d34-b2c9-c91d852fb53c" testListId="8c84fa94-04c1-424b-9868-57a2d4851a1d" /><TestEntry testId="85075991-7fe1-49b2-9c09-bf5e4121756d" executionId="a60cddc5-ed91-42d5-b028-14042b260dc4" testListId="8c84fa94-04c1-424b-9868-57a2d4851a1d" /><TestEntry testId="89e2b1d9-06c3-480e-b138-bde2ef796828" executionId="04de63f0-6a37-4bd0-9d19-4251a384e16e" testListId="8c84fa94-04c1-424b-9868-57a2d4851a1d" /><TestEntry testId="50aae2ff-d8ae-4c00-b349-c68fc179c3e1" executionId="702b3e9a-4759-4cc4-8153-b712ecad68b4" testListId="8c84fa94-04c1-424b-9868-57a2d4851a1d" /><TestEntry testId="11e4b4ee-6acd-489b-911a-5bf99615fc3a" executionId="2dd01362-748a-48aa-929d-e0c565ef7b55" testListId="8c84fa94-04c1-424b-9868-57a2d4851a1d" /><TestEntry testId="5f2358db-eb11-496a-9fd7-0ace9f2dd4a7" executionId="bb59285c-2429-40b4-b73c-9d88652df1da" testListId="8c84fa94-04c1-424b-9868-57a2d4851a1d" /><TestEntry testId="6bf371db-c720-48a3-8afb-5faea1c8d899" executionId="0bfb2b43-f0c7-4393-9cb6-7dab2dcbdf9e" testListId="8c84fa94-04c1-424b-9868-57a2d4851a1d" /><TestEntry testId="40188803-736c-4063-bbf5-46bfc529fe08" executionId="328a3026-3011-467b-bcf8-d3869c0c7089" testListId="8c84fa94-04c1-424b-9868-57a2d4851a1d" /><TestEntry testId="318be463-5079-4524-834e-1914ae5e5655" executionId="3c8d2533-969d-4012-867a-0530da2ca22e" testListId="8c84fa94-04c1-424b-9868-57a2d4851a1d" /><TestEntry testId="ac1802e6-7c0b-4a3f-a4b6-bf436d94e0a5" executionId="520d2f14-c4fa-4e53-bfaa-b055e886aa50" testListId="8c84fa94-04c1-424b-9868-57a2d4851a1d" /><TestEntry testId="b2a1cec7-989b-49ea-a4ce-a66cd9bae183" executionId="d2517adc-5b63-4b1a-9d8f-7130e16145e6" testListId="8c84fa94-04c1-424b-9868-57a2d4851a1d" /><TestEntry testId="572041f6-bc48-430d-b789-4806306c13ac" executionId="fe8b7d30-f8fd-4e5a-9b3a-aa6ec4eae209" testListId="8c84fa94-04c1-424b-9868-57a2d4851a1d" /><TestEntry testId="fc5e7630-b521-4a4b-b55d-ae4c61089a67" executionId="9ca05f43-2ae7-4043-9dc8-e80fbad1fdbe" testListId="8c84fa94-04c1-424b-9868-57a2d4851a1d" /><TestEntry testId="3f8f379c-b691-4482-912c-e650fd120883" executionId="5a0ec49f-0b22-42f2-8bb9-d07411cf7664" testListId="8c84fa94-04c1-424b-9868-57a2d4851a1d" /><TestEntry testId="ac89cc21-c800-4569-a219-7f6af85dfe29" executionId="82853a9b-a31c-45dc-94c6-16a938c277ea" testListId="8c84fa94-04c1-424b-9868-57a2d4851a1d" /><TestEntry testId="be687db0-db57-4104-8e1d-4fdfc3111b32" executionId="dc642c73-32b8-4e77-997d-87ca6c05b66e" testListId="8c84fa94-04c1-424b-9868-57a2d4851a1d" /><TestEntry testId="11937fdf-80b8-4fe7-b537-d2c32dad179d" executionId="85a7e9e8-72a8-4f29-8431-4767e16c277e" testListId="8c84fa94-04c1-424b-9868-57a2d4851a1d" /><TestEntry testId="99162032-d091-4d29-9cc0-d16a1bd46a59" executionId="5e4af956-2861-4dc8-9c3d-42ee0e707b5b" testListId="8c84fa94-04c1-424b-9868-57a2d4851a1d" /><TestEntry testId="095d818c-6466-4f00-ab96-16e8c95eeef7" executionId="d2055ed6-ca4a-41c0-a3c4-c200cb79bc55" testListId="8c84fa94-04c1-424b-9868-57a2d4851a1d" /><TestEntry testId="132e3fa9-1d64-499d-9b29-662f1896db6d" executionId="2bee83d5-d687-49c1-af19-bd76da496d1b" testListId="8c84fa94-04c1-424b-9868-57a2d4851a1d" /><TestEntry testId="d61bea7a-8ea9-424e-a657-9a9dc145e0dc" executionId="e1f2db70-67a2-47fe-8eef-3818f1c37651" testListId="8c84fa94-04c1-424b-9868-57a2d4851a1d" /><TestEntry testId="fde3c3ad-6a05-4e80-873b-4d535db8f534" executionId="41032dea-74e6-4d04-b499-7a8a5f4cfaca" testListId="8c84fa94-04c1-424b-9868-57a2d4851a1d" /><TestEntry testId="2bd7759c-d4e3-44f3-9437-387adc1c9fbc" executionId="015e68b2-2123-487e-9005-459ccd155b26" testListId="8c84fa94-04c1-424b-9868-57a2d4851a1d" /><TestEntry testId="d160ed27-9712-49d6-8320-ca7872424eea" executionId="1730c82f-aba5-4b7c-8cb7-4b881744d723" testListId="8c84fa94-04c1-424b-9868-57a2d4851a1d" /><TestEntry testId="70a2715c-ae3d-4c7b-bcd0-67d1f4a31f1c" executionId="d009c37b-5bee-449a-9d02-c2cba532885c" testListId="8c84fa94-04c1-424b-9868-57a2d4851a1d" /><TestEntry testId="a58857c2-17ad-47b1-a957-38f5872b7e58" executionId="9a985ab5-ac80-4f38-b4a9-f706baad35e7" testListId="8c84fa94-04c1-424b-9868-57a2d4851a1d" /><TestEntry testId="96dc408d-bd2f-498d-ac59-7bd142c14cc8" executionId="8542440f-b540-4cb0-aaa2-3bd7e63fd1fd" testListId="8c84fa94-04c1-424b-9868-57a2d4851a1d" /><TestEntry testId="44f27cbf-df8f-4efa-a057-32675883a045" executionId="84f42095-6729-4c90-b8c3-9c69f539f579" testListId="8c84fa94-04c1-424b-9868-57a2d4851a1d" /><TestEntry testId="48a771e4-d636-4273-8c7b-30938cd51c15" executionId="afb4efc9-c4b7-4e3b-b0fd-d1159526487f" testListId="8c84fa94-04c1-424b-9868-57a2d4851a1d" /><TestEntry testId="02622dc2-9168-44cb-b193-731cbe4954df" executionId="7472c121-9177-419f-ad95-897c738d7f21" testListId="8c84fa94-04c1-424b-9868-57a2d4851a1d" /><TestEntry testId="66eb4dce-47d9-4150-88d2-243ef9ad88e0" executionId="78eedc89-cf39-4775-bb75-6fc2638f52a7" testListId="8c84fa94-04c1-424b-9868-57a2d4851a1d" /><TestEntry testId="0c908eb9-65f8-4f31-bc78-5fc3dda1dd42" executionId="177d9f63-1414-4aa4-bf8b-465bca23895b" testListId="8c84fa94-04c1-424b-9868-57a2d4851a1d" /><TestEntry testId="5fe332ad-22e2-4c08-9143-10680bff571b" executionId="d4c90a95-9800-430b-8040-1e104a58df4a" testListId="8c84fa94-04c1-424b-9868-57a2d4851a1d" /><TestEntry testId="99d55632-8341-4503-8d23-f64d41f4cb00" executionId="5e0306d3-59d3-46ae-a1b1-31175e0abf95" testListId="8c84fa94-04c1-424b-9868-57a2d4851a1d" /><TestEntry testId="f9f67305-8ad5-4920-9d48-d1ea669ff82c" executionId="81a733f4-39cc-48f5-a6bd-7d5a6e39224f" testListId="8c84fa94-04c1-424b-9868-57a2d4851a1d" /><TestEntry testId="6477cf20-28d5-4f0f-aca1-7e2616e1a378" executionId="25603b67-87ae-44c9-8cfd-b8960478e3c8" testListId="8c84fa94-04c1-424b-9868-57a2d4851a1d" /><TestEntry testId="aa93f4aa-91ee-4b42-8f8b-f46e8786e785" executionId="39a9468f-9c47-45cf-bb1b-cc67a3013626" testListId="8c84fa94-04c1-424b-9868-57a2d4851a1d" /><TestEntry testId="200cfc19-3df0-4b90-9593-2cf094b76421" executionId="e9c17afa-098e-4a57-9155-ba6ec64bd600" testListId="8c84fa94-04c1-424b-9868-57a2d4851a1d" /><TestEntry testId="1387197d-0445-4500-a711-47cb7fdf67c5" executionId="c86ca69b-9eb0-4022-811a-3dda1d218bdc" testListId="8c84fa94-04c1-424b-9868-57a2d4851a1d" /><TestEntry testId="0b63bdf8-3a35-4f89-b5d8-d6b026373554" executionId="e01aee7f-de97-413f-b98b-ab93e11ffb78" testListId="8c84fa94-04c1-424b-9868-57a2d4851a1d" /><TestEntry testId="53e75839-1e10-4ff1-bf96-d1e405708467" executionId="36d4ee40-bc91-4f3e-8f0b-499f502b8bbb" testListId="8c84fa94-04c1-424b-9868-57a2d4851a1d" /><TestEntry testId="878db99b-8270-44ca-bfb5-bc9da2c2bc81" executionId="b4e637fe-1017-452a-9546-37af3c0a858e" testListId="8c84fa94-04c1-424b-9868-57a2d4851a1d" /><TestEntry testId="92dc781a-92e1-4a2d-8f97-808153b96420" executionId="8e4c289c-4749-434d-80dc-b6e9e9f5041d" testListId="8c84fa94-04c1-424b-9868-57a2d4851a1d" /><TestEntry testId="4a913fb5-0ba4-4ee8-b56d-1304cf3059ed" executionId="7301dddd-15aa-442c-a1e2-c2a9def640cd" testListId="8c84fa94-04c1-424b-9868-57a2d4851a1d" /><TestEntry testId="10c8adb8-7703-4fc0-b58a-5ecd8d0ca364" executionId="944e97e6-f9e3-4194-bd7c-8679e43801cc" testListId="8c84fa94-04c1-424b-9868-57a2d4851a1d" /><TestEntry testId="79c02a24-e129-492e-9c4e-1dde716a51ee" executionId="4e7b53c8-9ec1-46d5-bc1b-3855eb4ab63c" testListId="8c84fa94-04c1-424b-9868-57a2d4851a1d" /><TestEntry testId="2e6f443e-1b57-4cd9-a860-f3bccd2fea54" executionId="e9dff5ae-103a-4e71-bf1a-b69f394c4f07" testListId="8c84fa94-04c1-424b-9868-57a2d4851a1d" /><TestEntry testId="5bd133a3-0eab-4de5-8c2f-a24ec044d739" executionId="6c2d4622-7ccd-4222-80ba-279ab3e8b2ac" testListId="8c84fa94-04c1-424b-9868-57a2d4851a1d" /><TestEntry testId="833b2bd0-f34f-4714-a11c-e58a7916be8e" executionId="86f76561-2e48-41d2-b5b1-d39e6fd93e8b" testListId="8c84fa94-04c1-424b-9868-57a2d4851a1d" /><TestEntry testId="72b27611-58e7-4b86-a1f0-ec2ec2eafd2d" executionId="5aeaaa6f-37de-43f2-a8db-7bfe044c9e24" testListId="8c84fa94-04c1-424b-9868-57a2d4851a1d" /><TestEntry testId="83dc9c91-3bb7-4a33-aea4-518b114e4aab" executionId="49468753-a3b5-4ef4-b1c3-a6e9e023dbe2" testListId="8c84fa94-04c1-424b-9868-57a2d4851a1d" /><TestEntry testId="c4e28a41-39c5-4e58-abf0-9bf7559b5275" executionId="27514f81-90b2-44b2-9e44-8d5eec9bf910" testListId="8c84fa94-04c1-424b-9868-57a2d4851a1d" /><TestEntry testId="1c372906-475c-4abb-aa91-f641e8f360fd" executionId="52cf0127-789d-4ad2-a38c-32ea789e311f" testListId="8c84fa94-04c1-424b-9868-57a2d4851a1d" /><TestEntry testId="e6b1f0a3-b7e4-4587-bcc5-f14388252792" executionId="6574ac83-92a4-48e5-aa01-2a72723b51a0" testListId="8c84fa94-04c1-424b-9868-57a2d4851a1d" /><TestEntry testId="b4fd286b-53ce-45a2-92e1-e376489eef25" executionId="c1e0b9d6-4e1f-49e3-a53f-65143195f18b" testListId="8c84fa94-04c1-424b-9868-57a2d4851a1d" /><TestEntry testId="531c17c4-5108-47f2-a5c7-cf6f0313686f" executionId="ee5301cf-cd15-482c-ba60-7dc20823d0cf" testListId="8c84fa94-04c1-424b-9868-57a2d4851a1d" /><TestEntry testId="f9fe6368-dbd8-426a-861e-7e654d105f51" executionId="c877cdd8-2825-47e5-b597-c54ca0b148aa" testListId="8c84fa94-04c1-424b-9868-57a2d4851a1d" /><TestEntry testId="9c601b06-1889-4c1a-9902-a9d9e8a53559" executionId="6f913352-d7e5-4fe3-9b15-7385c5531345" testListId="8c84fa94-04c1-424b-9868-57a2d4851a1d" /><TestEntry testId="814aab4d-4de7-48ee-9e69-1259a1788784" executionId="cff97c64-2fda-4ffc-a7ec-f29aa3d45ecc" testListId="8c84fa94-04c1-424b-9868-57a2d4851a1d" /><TestEntry testId="b3584961-3f71-4c60-910c-ee0fae2ace88" executionId="4654fa63-8196-4509-b361-dced10e23160" testListId="8c84fa94-04c1-424b-9868-57a2d4851a1d" /><TestEntry testId="8db133f4-382f-42c6-b602-be5493d62cba" executionId="93dc1b0f-1f7d-4196-8914-08c366775816" testListId="8c84fa94-04c1-424b-9868-57a2d4851a1d" /><TestEntry testId="b2ab675a-3e50-478c-9180-d8f2b7d52461" executionId="4ea906b7-3048-499e-84fc-7cc0039451e9" testListId="8c84fa94-04c1-424b-9868-57a2d4851a1d" /><TestEntry testId="c273a168-39f9-49ea-9643-aff6bc2862b4" executionId="d12b8a9e-e894-429d-8ad0-72abbe258aab" testListId="8c84fa94-04c1-424b-9868-57a2d4851a1d" /><TestEntry testId="ab98f0fa-4b97-4827-b667-db0dde48067a" executionId="710679c0-7034-440d-a689-80cecfbe1086" testListId="8c84fa94-04c1-424b-9868-57a2d4851a1d" /><TestEntry testId="5bf5134a-4e53-43d3-a4d6-d59bb1707150" executionId="529bc7d8-cb4a-4806-815e-2891dd43e9d9" testListId="8c84fa94-04c1-424b-9868-57a2d4851a1d" /><TestEntry testId="5b81c8ae-ade8-4363-a5b4-f2f4d1e039c2" executionId="fd1c00e2-dd7d-4247-ad7b-b36c4f5f2ef0" testListId="8c84fa94-04c1-424b-9868-57a2d4851a1d" /><TestEntry testId="0257255d-5688-4552-884e-5e2b05b2180b" executionId="5cd588b1-c3db-44ba-9478-ffd4da135890" testListId="8c84fa94-04c1-424b-9868-57a2d4851a1d" /><TestEntry testId="4c6de2aa-d79b-4c3c-9ae7-5753913f0d90" executionId="9dbbd318-f71b-44c3-82d2-f306847132bf" testListId="8c84fa94-04c1-424b-9868-57a2d4851a1d" /><TestEntry testId="c473404b-88d6-42d7-9998-894546ef9d2e" executionId="db42aab0-aeb1-4df5-824a-5fb9f66fd548" testListId="8c84fa94-04c1-424b-9868-57a2d4851a1d" /><TestEntry testId="d9c80ad5-55e5-4d8a-aac1-2084b9d20f8b" executionId="2410edbf-374e-4900-8bab-d4f9dbf902cc" testListId="8c84fa94-04c1-424b-9868-57a2d4851a1d" /><TestEntry testId="dc148185-d08f-4dee-b168-65264bacaa82" executionId="088774c9-9b3b-4a68-8721-44099e396c56" testListId="8c84fa94-04c1-424b-9868-57a2d4851a1d" /><TestEntry testId="248aa7fc-39ca-458b-946f-3044dd0003ae" executionId="f90e90e7-9e8e-4707-adf2-4f6acafc27a1" testListId="8c84fa94-04c1-424b-9868-57a2d4851a1d" /><TestEntry testId="7fd54ef4-05bc-4b12-9add-7f460013a422" executionId="02e7b57d-c5ad-4c6f-a47f-72a40eda3a52" testListId="8c84fa94-04c1-424b-9868-57a2d4851a1d" /><TestEntry testId="a65b8310-a505-4624-928e-1ec120875628" executionId="cb7561aa-214d-4aed-a322-aa429243bf98" testListId="8c84fa94-04c1-424b-9868-57a2d4851a1d" /><TestEntry testId="d5b42e14-508f-4d2e-a0b9-00628ef63a18" executionId="ac620b0d-4443-45a4-88f1-09d40f7c42b2" testListId="8c84fa94-04c1-424b-9868-57a2d4851a1d" /><TestEntry testId="3e68be54-98a4-4b01-a40a-898a81f56767" executionId="318ba791-bd31-4129-99db-dd3b7b7bbf56" testListId="8c84fa94-04c1-424b-9868-57a2d4851a1d" /><TestEntry testId="a55ce19f-0945-427c-af01-3794e555f45a" executionId="803f325d-bf6e-4f2e-b0f7-34cb527d9f12" testListId="8c84fa94-04c1-424b-9868-57a2d4851a1d" /><TestEntry testId="52ea0888-f3c3-4252-95e0-f0a5ef46f7b8" executionId="96ff5d8e-f3b1-4530-9396-903dc49712f8" testListId="8c84fa94-04c1-424b-9868-57a2d4851a1d" /><TestEntry testId="de28a965-ccdc-434d-a73f-916dbc19e630" executionId="89fd3529-aeab-426d-aae1-20fcf530c08f" testListId="8c84fa94-04c1-424b-9868-57a2d4851a1d" /><TestEntry testId="30b12643-7313-411c-9102-1612df41f853" executionId="4aa6ba20-a365-4159-927a-53f89e5cf4ed" testListId="8c84fa94-04c1-424b-9868-57a2d4851a1d" /><TestEntry testId="1c372f36-a85f-4a97-8abf-642d2079c551" executionId="7b2bd9e7-a3b5-4ac7-9811-69dbe8019085" testListId="8c84fa94-04c1-424b-9868-57a2d4851a1d" /><TestEntry testId="ed4b02c4-9b7e-46bd-9184-faa37a3c2c6c" executionId="968201ca-bf94-4c6c-bbbc-0520e6fa7f47" testListId="8c84fa94-04c1-424b-9868-57a2d4851a1d" /><TestEntry testId="7cb2b203-3bc0-44e0-b9f2-be5820afbc20" executionId="07c2f4bc-2538-449c-ad20-21fc73519735" testListId="8c84fa94-04c1-424b-9868-57a2d4851a1d" /><TestEntry testId="edd38d7d-be45-4613-b4b3-2c8e84d6bf78" executionId="d1d761b9-e8bd-4592-8465-2399fb77861f" testListId="8c84fa94-04c1-424b-9868-57a2d4851a1d" /><TestEntry testId="1a6b7ea2-0629-44c1-972e-a986a7f5df18" executionId="3045b118-7be3-41a2-97f9-5804951b8ac5" testListId="8c84fa94-04c1-424b-9868-57a2d4851a1d" /><TestEntry testId="9a274a17-9526-4f2a-9267-f39e08e10714" executionId="149dd40b-8b31-4e9f-bdfd-4ad1f56b748f" testListId="8c84fa94-04c1-424b-9868-57a2d4851a1d" /><TestEntry testId="5201ad65-a360-4468-9f03-3d0331e187ef" executionId="51965f2e-1d76-4643-b85a-2d83d9036b11" testListId="8c84fa94-04c1-424b-9868-57a2d4851a1d" /><TestEntry testId="b68a9abe-7387-432c-90ae-d5ade172189f" executionId="0c71d1d7-6fd6-4558-be18-93c04d3b786e" testListId="8c84fa94-04c1-424b-9868-57a2d4851a1d" /><TestEntry testId="d075ea1b-d8e7-4a16-97d5-fb3d5d77f168" executionId="2e6017f3-ff39-4c84-832b-fee13304cd1f" testListId="8c84fa94-04c1-424b-9868-57a2d4851a1d" /><TestEntry testId="c914b4bf-167f-4e30-b0ce-76cf442f60bb" executionId="8401fc0b-b743-497a-81af-010c7a14f6c9" testListId="8c84fa94-04c1-424b-9868-57a2d4851a1d" /><TestEntry testId="4fc23b1b-8b83-4ad0-b208-2d1dbcd844b5" executionId="f2fc7472-74e3-4d5e-87fd-682b8e6600f4" testListId="8c84fa94-04c1-424b-9868-57a2d4851a1d" /><TestEntry testId="28dc6ba2-e19d-4709-a6f7-4c24f2c3cc75" executionId="3b3ce007-65ca-4b3e-94da-17c200be44bc" testListId="8c84fa94-04c1-424b-9868-57a2d4851a1d" /><TestEntry testId="59c43185-1766-49e3-9b14-2ee2d6372db2" executionId="6c302b5b-3a5d-438d-8555-80a1c715e115" testListId="8c84fa94-04c1-424b-9868-57a2d4851a1d" /><TestEntry testId="98d9d4af-c509-4b74-802c-f36f1748017b" executionId="1889b0d3-5ef4-4174-bc26-99ac3ebf6936" testListId="8c84fa94-04c1-424b-9868-57a2d4851a1d" /><TestEntry testId="378df262-993c-41cb-9f14-05f95bd882ca" executionId="299bba37-d3d7-4e54-9e72-fdad6b427ade" testListId="8c84fa94-04c1-424b-9868-57a2d4851a1d" /><TestEntry testId="437178c1-7e36-4585-a878-a720b205a5be" executionId="ff108852-1d99-45a9-a1cc-dfb5e595906a" testListId="8c84fa94-04c1-424b-9868-57a2d4851a1d" /><TestEntry testId="ce5bfb25-d3b8-4aea-9bca-55372603de6c" executionId="c5d59011-3aff-48e0-8c5c-0975fec11b88" testListId="8c84fa94-04c1-424b-9868-57a2d4851a1d" /><TestEntry testId="ba7656fb-b160-4ea4-9b73-d14acb7d47d5" executionId="b2c6e38f-a2c2-4a3a-8d1d-027056eefe1e" testListId="8c84fa94-04c1-424b-9868-57a2d4851a1d" /><TestEntry testId="8f6eb09c-9548-4fe6-a0bd-5a4df19c3e7f" executionId="4c6a0b64-99e9-43d3-8e94-6d3146a35bdb" testListId="8c84fa94-04c1-424b-9868-57a2d4851a1d" /><TestEntry testId="5ce4368a-e3fa-4e35-a31f-492901842c4d" executionId="6b8d65c1-d1d8-4488-8b6d-50a29c47d059" testListId="8c84fa94-04c1-424b-9868-57a2d4851a1d" /><TestEntry testId="06641b6e-5c04-46a9-8915-1d25d52038a9" executionId="7a54ccf9-c821-41f2-8fd2-07e43babf932" testListId="8c84fa94-04c1-424b-9868-57a2d4851a1d" /><TestEntry testId="dd6325cf-afad-4f9a-9c3a-e539fc0b5205" executionId="fd914850-fecb-4cac-9744-8a5a2cebf95c" testListId="8c84fa94-04c1-424b-9868-57a2d4851a1d" /><TestEntry testId="44a06486-98a5-43af-85c1-f5bd0ae2835f" executionId="73acaddd-ae58-4d4a-8f68-e098625bdd21" testListId="8c84fa94-04c1-424b-9868-57a2d4851a1d" /><TestEntry testId="bbf915a3-f5fa-461f-80d8-30cae9554179" executionId="2655c962-4774-4f3c-b0c0-f27e2b12161d" testListId="8c84fa94-04c1-424b-9868-57a2d4851a1d" /><TestEntry testId="54b810bd-feda-4686-9ce5-4c55d1f7a9f0" executionId="e6afad96-b36e-4f05-8d71-26e3ca11f584" testListId="8c84fa94-04c1-424b-9868-57a2d4851a1d" /><TestEntry testId="ed9ed7aa-8069-4196-bee2-da34339b38ae" executionId="530afbaf-69d1-4d8b-9f76-8d55769ee6f2" testListId="8c84fa94-04c1-424b-9868-57a2d4851a1d" /><TestEntry testId="2d334568-f292-4d13-9bf3-43662d41dea8" executionId="5936b9e7-ee77-4151-bd86-708f5ee46fa1" testListId="8c84fa94-04c1-424b-9868-57a2d4851a1d" /><TestEntry testId="9d7ab88b-e7e5-4ce6-b987-8d7d15d157a9" executionId="49790f54-0816-4808-a7ed-4d418a86896a" testListId="8c84fa94-04c1-424b-9868-57a2d4851a1d" /><TestEntry testId="5c91bda4-874b-4a4e-82fe-344d805eaec5" executionId="34c28f8b-84c9-4300-af43-4c522dd81c4d" testListId="8c84fa94-04c1-424b-9868-57a2d4851a1d" /><TestEntry testId="3d2c777c-e850-429e-bcfd-f6343d1810d0" executionId="92489940-ea99-4132-86bb-e520586e2b87" testListId="8c84fa94-04c1-424b-9868-57a2d4851a1d" /><TestEntry testId="d5958553-2152-4f0d-b965-56e5d2c9430c" executionId="15010e3b-c704-46a1-b7f4-c6ee9ad7f4ff" testListId="8c84fa94-04c1-424b-9868-57a2d4851a1d" /><TestEntry testId="8f2b3c2e-7119-4682-b57b-9b2b07fdacdc" executionId="f027568a-949a-445d-9c7e-64bb1da664b6" testListId="8c84fa94-04c1-424b-9868-57a2d4851a1d" /><TestEntry testId="fb7e8ec8-0380-48cc-8b78-a72c1332ab34" executionId="98a635b0-8435-4369-9fad-0302ab7af7c3" testListId="8c84fa94-04c1-424b-9868-57a2d4851a1d" /><TestEntry testId="7a923d7c-e3d7-4a97-9512-5f3c556d0645" executionId="0ec0df02-b4c9-490b-9bac-5495d4b77dd0" testListId="8c84fa94-04c1-424b-9868-57a2d4851a1d" /><TestEntry testId="4a91eb50-b963-4450-97de-9c2e613c7841" executionId="820e577c-af02-4063-8bc4-b05544d9e4f8" testListId="8c84fa94-04c1-424b-9868-57a2d4851a1d" /><TestEntry testId="42e16f5d-9f88-4b06-b576-9897bb088b54" executionId="9a2e88d5-d68e-4e54-99f0-c5dd3b719382" testListId="8c84fa94-04c1-424b-9868-57a2d4851a1d" /><TestEntry testId="9d166f15-a1f3-43a8-be80-34d65da9199c" executionId="5f022518-beab-46d3-9ec0-3205a76dc4dd" testListId="8c84fa94-04c1-424b-9868-57a2d4851a1d" /><TestEntry testId="2f215a98-d878-42a5-ae90-2c0ac15b859f" executionId="29e6375d-547e-4ed5-a39f-f0c5539cd9a3" testListId="8c84fa94-04c1-424b-9868-57a2d4851a1d" /><TestEntry testId="d59c5f89-aa55-45f0-8039-7c2a3da0e585" executionId="07707cad-9024-46fb-a5e7-30525e8d4bd5" testListId="8c84fa94-04c1-424b-9868-57a2d4851a1d" /><TestEntry testId="3278961e-95f8-4149-a899-26a3e307f289" executionId="ac609417-5bf4-43d7-8658-8ac910003b0b" testListId="8c84fa94-04c1-424b-9868-57a2d4851a1d" /><TestEntry testId="f3ad22b0-cdfb-4ad6-9108-6f86c8556a1c" executionId="bf5ea193-a6e3-43bd-9322-361283bad73d" testListId="8c84fa94-04c1-424b-9868-57a2d4851a1d" /><TestEntry testId="85a5c077-7b4b-424f-aed5-b09f3e5baf32" executionId="615e4ace-3c8b-47a6-a7b7-c38785cee72b" testListId="8c84fa94-04c1-424b-9868-57a2d4851a1d" /><TestEntry testId="84b3c544-4d05-4744-82e7-abc013cddb1f" executionId="11847ef8-ba47-4e80-9bfe-5a36825b2ca5" testListId="8c84fa94-04c1-424b-9868-57a2d4851a1d" /><TestEntry testId="741564ff-0f59-4b60-8ec4-6ffee50ca938" executionId="6117f539-508b-4c83-a21a-f001bf4fd67f" testListId="8c84fa94-04c1-424b-9868-57a2d4851a1d" /><TestEntry testId="f4b1c4e3-8ec6-449d-a28f-60137e34e9ae" executionId="ac381fe9-576c-452a-8f58-87516e8b190f" testListId="8c84fa94-04c1-424b-9868-57a2d4851a1d" /><TestEntry testId="dfadc5eb-05b3-4dad-9675-ce29aa3b6033" executionId="6fce0c0e-472e-4354-8e5c-011b1e705d3d" testListId="8c84fa94-04c1-424b-9868-57a2d4851a1d" /><TestEntry testId="006dc16f-a662-4153-ba3b-8654cdb42110" executionId="b9b8fab3-3f38-482e-a6ce-0618837c83bd" testListId="8c84fa94-04c1-424b-9868-57a2d4851a1d" /><TestEntry testId="a593d313-1dc0-468e-a3d5-314fdecafa0f" executionId="3d5b842b-3b39-446a-a4a2-8333637feea7" testListId="8c84fa94-04c1-424b-9868-57a2d4851a1d" /><TestEntry testId="ca6515fc-56d7-4c16-b78d-960c984741ed" executionId="1ac5a9b8-5c0e-4850-b66c-ac135968eb18" testListId="8c84fa94-04c1-424b-9868-57a2d4851a1d" /><TestEntry testId="7d1c184b-4511-41e3-ba6e-5936e3541e83" executionId="780a5ef9-f709-4b98-9664-078386a068a0" testListId="8c84fa94-04c1-424b-9868-57a2d4851a1d" /><TestEntry testId="976040d4-a3da-4d0b-8364-0a06946a5519" executionId="7e52b58d-e3bd-46b3-bd58-54c67a9c27f9" testListId="8c84fa94-04c1-424b-9868-57a2d4851a1d" /><TestEntry testId="5fff358a-9d05-4b3a-9c6e-1110d0af3167" executionId="160b6d90-bb7f-4ce0-8eed-111bb8922bda" testListId="8c84fa94-04c1-424b-9868-57a2d4851a1d" /><TestEntry testId="345fa2be-429b-4e40-81e8-ac912b5223d2" executionId="677cdfcb-42f2-4462-9c7c-1c703bf79be0" testListId="8c84fa94-04c1-424b-9868-57a2d4851a1d" /><TestEntry testId="c85cd119-6e5d-4a90-ba7c-2c4f77d26f45" executionId="d7dfa3fe-0d89-48b0-a573-6a462364967f" testListId="8c84fa94-04c1-424b-9868-57a2d4851a1d" /><TestEntry testId="548c7c2d-d42d-4f92-a2ff-c868f7c1f4b5" executionId="02452793-659e-467b-9ad8-325e8b38e95a" testListId="8c84fa94-04c1-424b-9868-57a2d4851a1d" /><TestEntry testId="0fe20d70-8a79-4070-a058-1e2f2e17f10e" executionId="31a7e13a-2c10-4dac-ab05-446d88db9ba8" testListId="8c84fa94-04c1-424b-9868-57a2d4851a1d" /><TestEntry testId="d07d459e-8079-49a7-9baf-10a925d4f5e8" executionId="0c32a881-57b1-44c8-b693-2b68d4591502" testListId="8c84fa94-04c1-424b-9868-57a2d4851a1d" /><TestEntry testId="b577b329-1e30-4216-a93e-4d5f20950b68" executionId="994cbc06-626f-42c8-a462-30ecec461df4" testListId="8c84fa94-04c1-424b-9868-57a2d4851a1d" /><TestEntry testId="eea3f92e-b7a8-4c2e-bd22-48edf024f421" executionId="f5143b57-763c-4544-8145-2afd50cbb8b1" testListId="8c84fa94-04c1-424b-9868-57a2d4851a1d" /><TestEntry testId="0a078e9d-08d0-4157-bf19-52f06d3f548c" executionId="2a4ebbbe-ee64-461e-9873-434a0b4781d9" testListId="8c84fa94-04c1-424b-9868-57a2d4851a1d" /><TestEntry testId="fd4a7597-5bad-46aa-a553-c348edbb0d59" executionId="eb0c5e3d-1f02-4738-8af3-1689539b6a43" testListId="8c84fa94-04c1-424b-9868-57a2d4851a1d" /><TestEntry testId="5c8778d4-aa0f-4002-aa23-ca133a71e581" executionId="f9335f12-35f5-47a8-b986-0bc628cf351e" testListId="8c84fa94-04c1-424b-9868-57a2d4851a1d" /><TestEntry testId="ccb0ab9a-8062-4e85-a998-47da3dd84d23" executionId="30d18940-1062-46da-a70a-2834df265d52" testListId="8c84fa94-04c1-424b-9868-57a2d4851a1d" /><TestEntry testId="3af97a81-ae98-4373-855c-164c403bd754" executionId="e272aba8-f173-4453-b85a-ac7885cdfa63" testListId="8c84fa94-04c1-424b-9868-57a2d4851a1d" /><TestEntry testId="f1011fd3-287b-4735-ae88-4414734bb622" executionId="583ad448-9852-4a00-8671-8927890a19df" testListId="8c84fa94-04c1-424b-9868-57a2d4851a1d" /><TestEntry testId="b9a389da-ceb0-4273-a52d-d5704294fdb0" executionId="a7115b1f-720f-473d-b8c4-e941387d43b1" testListId="8c84fa94-04c1-424b-9868-57a2d4851a1d" /><TestEntry testId="2e0cc6b4-c050-4529-83a0-e08a4e348ac5" executionId="eb3b6c8e-42de-4d8a-b042-ee227055024d" testListId="8c84fa94-04c1-424b-9868-57a2d4851a1d" /><TestEntry testId="35b1c231-dae5-4746-b6d8-c3f53698ff0a" executionId="6e2896e0-2d78-4652-bb28-95354cf15c99" testListId="8c84fa94-04c1-424b-9868-57a2d4851a1d" /><TestEntry testId="011521d3-dbe3-457f-8afa-0872f2ffdfaa" executionId="58852f90-2ffa-47d5-b22e-35bf032ea268" testListId="8c84fa94-04c1-424b-9868-57a2d4851a1d" /><TestEntry testId="7b2e8604-2a62-4449-9e4b-f25bbdba6d1d" executionId="760c7c4b-bc4c-4e57-a2bc-65815a59c3d3" testListId="8c84fa94-04c1-424b-9868-57a2d4851a1d" /><TestEntry testId="56da2cd6-9cc4-483b-a60a-f683e2a8dd50" executionId="6c766d8b-ea1b-46ce-ba13-c620e12caa0e" testListId="8c84fa94-04c1-424b-9868-57a2d4851a1d" /><TestEntry testId="bcb6ebe7-e3b8-4132-8736-0cbbe8afc2a8" executionId="46835731-0885-4a0a-a1e8-0ee863f3d904" testListId="8c84fa94-04c1-424b-9868-57a2d4851a1d" /><TestEntry testId="0b66ae21-5d9b-414a-89d0-89185ae9bc5b" executionId="ab6b5e55-5bcd-4081-97cd-4d1e2465b648" testListId="8c84fa94-04c1-424b-9868-57a2d4851a1d" /><TestEntry testId="3bb9f9e5-383e-4a53-bb48-d24012c27cd9" executionId="21d62c0b-585f-4fb8-80a5-f74e44842af6" testListId="8c84fa94-04c1-424b-9868-57a2d4851a1d" /><TestEntry testId="fb024358-8e5a-4247-96c1-cacffe5399d6" executionId="ba883589-145e-4ecc-8526-4280c3c195d6" testListId="8c84fa94-04c1-424b-9868-57a2d4851a1d" /><TestEntry testId="73514044-d8eb-4221-8bcb-321b9cadf262" executionId="306e4824-6d06-499e-b6ea-949384aa7755" testListId="8c84fa94-04c1-424b-9868-57a2d4851a1d" /><TestEntry testId="780e2eab-927e-40fd-a2eb-8fb86b92e37c" executionId="629fb373-471a-48dd-adc9-ffa29f60b951" testListId="8c84fa94-04c1-424b-9868-57a2d4851a1d" /><TestEntry testId="2ec5ee1d-da0b-4fba-8635-a1cd039f1bb6" executionId="366c32bc-ca0d-4c29-a6ae-0df2bee11195" testListId="8c84fa94-04c1-424b-9868-57a2d4851a1d" /><TestEntry testId="395cd9ac-9d56-4b52-a0c2-c790570407a2" executionId="fd3e5b0c-f0e4-47cd-91a7-8f5ae0fba74c" testListId="8c84fa94-04c1-424b-9868-57a2d4851a1d" /><TestEntry testId="c7fffeba-7ec8-41d4-9c98-7713127e1dea" executionId="57b88ea8-9398-499d-889b-6f0033521025" testListId="8c84fa94-04c1-424b-9868-57a2d4851a1d" /><TestEntry testId="8d0159cc-9709-4171-a10a-20209ab7c178" executionId="40b5c40a-5468-4974-86c5-4a17ebdc550d" testListId="8c84fa94-04c1-424b-9868-57a2d4851a1d" /><TestEntry testId="f2c7fdc3-d8a9-4d11-a9ec-c15aacdba163" executionId="aac4748b-fff8-437b-9f91-9546157512df" testListId="8c84fa94-04c1-424b-9868-57a2d4851a1d" /><TestEntry testId="d965225b-7342-4c0c-ac8d-aadf4ccf0a4a" executionId="0c634583-ab9c-4a2a-88d4-76bd51d7eeaf" testListId="8c84fa94-04c1-424b-9868-57a2d4851a1d" /><TestEntry testId="f427d2dc-0c2c-4d90-8ba0-fff62be5066a" executionId="0783975e-41f5-439d-9bc1-8fa99babd2fe" testListId="8c84fa94-04c1-424b-9868-57a2d4851a1d" /><TestEntry testId="1df4799f-160b-46a9-91d6-72d558ca6ec1" executionId="f26484be-6439-4aa8-be7d-f145011c6420" testListId="8c84fa94-04c1-424b-9868-57a2d4851a1d" /><TestEntry testId="81651cb0-3465-472d-8368-52a6327f7bf7" executionId="393cb9ab-482c-4a00-b9bd-005d38204295" testListId="8c84fa94-04c1-424b-9868-57a2d4851a1d" /><TestEntry testId="a1ff68b0-9e13-4db7-9aa4-4092df32c1da" executionId="0254738d-cd5b-4249-8e78-943caa271722" testListId="8c84fa94-04c1-424b-9868-57a2d4851a1d" /><TestEntry testId="cd9146f9-1d0b-430c-946d-8c6e709c7ffd" executionId="b99a6e57-8adc-4c7b-9b69-cb5aee56dd20" testListId="8c84fa94-04c1-424b-9868-57a2d4851a1d" /><TestEntry testId="13b1cb7a-bf02-4d33-bf0e-73662992b0ca" executionId="dd45520c-c76e-4942-9dad-7fc423584243" testListId="8c84fa94-04c1-424b-9868-57a2d4851a1d" /><TestEntry testId="2346c13e-bff2-4c14-91a5-039f8fd98196" executionId="0bb8ed3e-802c-4fca-867f-897b6be7ca46" testListId="8c84fa94-04c1-424b-9868-57a2d4851a1d" /><TestEntry testId="344814de-3b34-498b-a019-e764c17036b5" executionId="26c1e5a8-cc64-4d09-a8af-32a5604f6b95" testListId="8c84fa94-04c1-424b-9868-57a2d4851a1d" /><TestEntry testId="90f58548-a312-426f-bddf-de026dafa8ae" executionId="3d5ba533-6f10-4f58-9838-519d6dc23d2d" testListId="8c84fa94-04c1-424b-9868-57a2d4851a1d" /><TestEntry testId="48d0798c-da47-41b8-99f0-21f5e873fad8" executionId="ccee5582-f95e-4ece-b4b1-abdc4da82e97" testListId="8c84fa94-04c1-424b-9868-57a2d4851a1d" /><TestEntry testId="db1838a4-170f-486a-b530-dcaaafe07bc6" executionId="566b2acf-e656-419f-aeec-1f6adea6ea84" testListId="8c84fa94-04c1-424b-9868-57a2d4851a1d" /><TestEntry testId="39ade1ed-abc2-4f79-b278-57f8e8dce676" executionId="92f20d96-8f8e-487a-accb-e4dbc3d62ee5" testListId="8c84fa94-04c1-424b-9868-57a2d4851a1d" /><TestEntry testId="f3456fa2-7135-4fb5-bc56-b4547b14d70c" executionId="aec3ddf0-f872-4d0b-a1d6-6e7d4cf8063d" testListId="8c84fa94-04c1-424b-9868-57a2d4851a1d" /><TestEntry testId="9c59c4aa-551d-42b2-b467-5513bc23e49f" executionId="9e40fd81-4fdb-4743-b006-b713cee9a752" testListId="8c84fa94-04c1-424b-9868-57a2d4851a1d" /><TestEntry testId="d6837cd4-ddb1-4d48-b32f-acb86bfd9533" executionId="c9ff7229-2b09-4591-b767-5fd75f3f01aa" testListId="8c84fa94-04c1-424b-9868-57a2d4851a1d" /><TestEntry testId="55e62bf9-87ae-42b6-ba0d-0bb22cdbd094" executionId="8d436c6e-49f1-4f59-99b2-fd954206af58" testListId="8c84fa94-04c1-424b-9868-57a2d4851a1d" /><TestEntry testId="ee0e37d1-a1ea-4a34-aa65-7dcf7350e305" executionId="1d9599bc-cd16-424c-884f-09630a3a1af7" testListId="8c84fa94-04c1-424b-9868-57a2d4851a1d" /><TestEntry testId="b79fa0cb-b26a-4b65-a595-31a9a6f1a6f7" executionId="7d0076ff-f42f-446a-bc8b-35645a2a7f6f" testListId="8c84fa94-04c1-424b-9868-57a2d4851a1d" /><TestEntry testId="7d9da29d-bf62-4c0d-ba20-6ee6a86bbdf1" executionId="6233028b-818a-48d3-a0f2-8faefcf107d4" testListId="8c84fa94-04c1-424b-9868-57a2d4851a1d" /><TestEntry testId="dcf6cc15-0350-434f-8830-5476982e03fa" executionId="7c95334b-4c79-4c36-90ae-c0ecd298201a" testListId="8c84fa94-04c1-424b-9868-57a2d4851a1d" /><TestEntry testId="da629011-94f3-4b7c-93ca-023e09f26daf" executionId="8d6ea816-9638-400f-841f-10eb5c64d760" testListId="8c84fa94-04c1-424b-9868-57a2d4851a1d" /><TestEntry testId="dcdf77c5-d91b-4550-a220-46c7dbe1da43" executionId="139f760c-befa-4bad-a0ac-5205a8dbfc70" testListId="8c84fa94-04c1-424b-9868-57a2d4851a1d" /><TestEntry testId="a7e70eb6-4063-47de-84c0-3949bc7deb9c" executionId="70b89d33-4ba7-4f5c-bb6a-be48a2a614a6" testListId="8c84fa94-04c1-424b-9868-57a2d4851a1d" /><TestEntry testId="57457cda-ac20-4bb8-836b-8f16026bc504" executionId="09a4c3db-d458-4275-aeb5-f622256d0651" testListId="8c84fa94-04c1-424b-9868-57a2d4851a1d" /><TestEntry testId="cf129ded-f4c6-4f87-9544-218f5e820a5a" executionId="56d7ee00-934d-435a-b587-f6b1977bd13a" testListId="8c84fa94-04c1-424b-9868-57a2d4851a1d" /><TestEntry testId="4d8454d1-c5ef-48f7-8d58-6a9044b61a1c" executionId="d25c0342-7e71-46e2-a028-9c4f4abec7a6" testListId="8c84fa94-04c1-424b-9868-57a2d4851a1d" /><TestEntry testId="3a71ede9-bd07-425e-a3ac-470f46f58ba7" executionId="e43c252e-3467-4a76-9d32-99021f8db67f" testListId="8c84fa94-04c1-424b-9868-57a2d4851a1d" /><TestEntry testId="dcb0f96d-a324-42c3-9174-de2b6d7c9e0f" executionId="65bb300a-097a-417c-b43a-01076b9b3eba" testListId="8c84fa94-04c1-424b-9868-57a2d4851a1d" /><TestEntry testId="8a6cd8b8-f821-4cf4-9425-23f7fe2b4c7e" executionId="930e15bd-1d92-4f78-bfc3-6ea6574dcb70" testListId="8c84fa94-04c1-424b-9868-57a2d4851a1d" /><TestEntry testId="ec79117b-28c7-415d-b7ec-616b99355aa9" executionId="66e5e010-2e12-430d-9f93-d847b98ad24f" testListId="8c84fa94-04c1-424b-9868-57a2d4851a1d" /><TestEntry testId="6250718b-e558-4b50-834d-8b389158b9c9" executionId="848ea2d0-db5a-4504-9199-dad97fe1d513" testListId="8c84fa94-04c1-424b-9868-57a2d4851a1d" /><TestEntry testId="11401972-73ed-43bf-83fc-eed73ed60929" executionId="eefe7053-255f-4d70-8cd0-2a6de2fc2098" testListId="8c84fa94-04c1-424b-9868-57a2d4851a1d" /><TestEntry testId="bde0c5da-30c5-471f-8183-6ae24a4ee8ba" executionId="45943fec-f852-4ea1-bd36-2ee063a45cbd" testListId="8c84fa94-04c1-424b-9868-57a2d4851a1d" /><TestEntry testId="b81b6cae-fd64-49a6-a4d0-25558a08bb55" executionId="739e0d5c-0b7f-4a75-9562-8f1f0589428c" testListId="8c84fa94-04c1-424b-9868-57a2d4851a1d" /><TestEntry testId="4e47531a-6e9c-45af-a067-4889c65849bf" executionId="398f9751-18f2-49ff-b2bd-597aabf61e52" testListId="8c84fa94-04c1-424b-9868-57a2d4851a1d" /><TestEntry testId="bc1a7b15-3fe0-47c7-a8e7-31201b06beb2" executionId="d4d59942-0fea-4a96-83cc-58ad746b1cf9" testListId="8c84fa94-04c1-424b-9868-57a2d4851a1d" /><TestEntry testId="4a249c3e-bf34-47e0-b000-6f808423d191" executionId="4279a09f-0b7e-4827-8520-9c814ad578ac" testListId="8c84fa94-04c1-424b-9868-57a2d4851a1d" /><TestEntry testId="6dd8f766-4566-4043-970b-a9b731f8146e" executionId="db3c12e0-24f7-4338-b7aa-7a39d87f48b9" testListId="8c84fa94-04c1-424b-9868-57a2d4851a1d" /><TestEntry testId="0b46f97e-20ba-4859-8c8b-8467ef65566f" executionId="1c0b80ed-c0e2-4510-9318-31adfc02f418" testListId="8c84fa94-04c1-424b-9868-57a2d4851a1d" /><TestEntry testId="30496344-2afa-405b-8f3a-75a0b30bc3ed" executionId="a4710124-48ba-464c-8f80-9e365465e90f" testListId="8c84fa94-04c1-424b-9868-57a2d4851a1d" /><TestEntry testId="e7dd4587-e5dc-4559-866c-4386e5146472" executionId="2fc2d2b0-158c-4bfa-ad37-3a7e0d13885b" testListId="8c84fa94-04c1-424b-9868-57a2d4851a1d" /><TestEntry testId="3350de0c-476d-45e3-8649-7f99166ea699" executionId="381e20b2-99e4-4ef8-ae04-de6b2ef4f451" testListId="8c84fa94-04c1-424b-9868-57a2d4851a1d" /><TestEntry testId="7f6e3d49-46b4-434e-a515-f3dcc283487e" executionId="1a7035cb-67d0-4409-a68b-711ccf3d10bb" testListId="8c84fa94-04c1-424b-9868-57a2d4851a1d" /><TestEntry testId="27df057b-bb7e-4619-9f81-6b384f0c510b" executionId="9e79eda8-4dd7-419f-b881-3d33b13a5b08" testListId="8c84fa94-04c1-424b-9868-57a2d4851a1d" /><TestEntry testId="5b1a1f6d-b85b-467c-80ac-08d73c6a9d81" executionId="ac248950-e662-4c9a-98a7-b913c8be0910" testListId="8c84fa94-04c1-424b-9868-57a2d4851a1d" /><TestEntry testId="c1ce691f-2e5d-45d5-933b-8c6721360b93" executionId="7cf07878-7b7c-4701-bd45-fdaeffa512dd" testListId="8c84fa94-04c1-424b-9868-57a2d4851a1d" /><TestEntry testId="25541f6a-c228-496b-b153-6b3322950718" executionId="4088ed6e-91af-4c26-baa2-87eee8e6269a" testListId="8c84fa94-04c1-424b-9868-57a2d4851a1d" /><TestEntry testId="6668115d-6fc8-4552-92c3-d3229dbce717" executionId="6c4160b9-3883-44f4-bb73-cac3b6033ebc" testListId="8c84fa94-04c1-424b-9868-57a2d4851a1d" /><TestEntry testId="a7afe7f8-9685-42e2-9b90-fb67fb21682f" executionId="6ecd052e-7cae-4300-8f66-7b91939fba10" testListId="8c84fa94-04c1-424b-9868-57a2d4851a1d" /><TestEntry testId="50855b8c-243a-43a0-a6cc-054096621dc6" executionId="8a75f3e3-eb12-4a39-86f2-9bcd00ce70f0" testListId="8c84fa94-04c1-424b-9868-57a2d4851a1d" /><TestEntry testId="8e621f3e-0e8b-45ae-b9fe-94cbf9a20f72" executionId="679ccaa9-51a8-4541-b307-4d8e06d5c8d5" testListId="8c84fa94-04c1-424b-9868-57a2d4851a1d" /><TestEntry testId="76425a2f-2f05-4e73-8aa0-dd8ca7cfe5ce" executionId="b0033ece-ffbb-4de9-a6a1-ebe11f8ec27e" testListId="8c84fa94-04c1-424b-9868-57a2d4851a1d" /><TestEntry testId="23a0b66f-c852-4210-a0f4-d9058651dcf7" executionId="09b81e45-db19-4fec-84e2-7bfe83ecca3a" testListId="8c84fa94-04c1-424b-9868-57a2d4851a1d" /><TestEntry testId="f4eb2de3-62eb-4b2b-a83c-d759eff3fa47" executionId="b0661834-8e4b-4b26-8f77-b401dc042b36" testListId="8c84fa94-04c1-424b-9868-57a2d4851a1d" /><TestEntry testId="140ae3dc-f908-4a0a-b4c5-83e3b9593b16" executionId="2c57fcd7-2637-4b1f-b835-36d0a0997e2b" testListId="8c84fa94-04c1-424b-9868-57a2d4851a1d" /><TestEntry testId="42b38b88-031f-4043-ba0c-ccc3f9d4d30c" executionId="45ba87f4-f259-42a9-a39b-ce481fa9be12" testListId="8c84fa94-04c1-424b-9868-57a2d4851a1d" /><TestEntry testId="9d4e5422-d947-4493-b851-2e598efa452e" executionId="6457445f-17ff-495b-9fb7-b8a2e410f836" testListId="8c84fa94-04c1-424b-9868-57a2d4851a1d" /><TestEntry testId="b0b5887d-76a9-4aac-968a-7aafe9378a28" executionId="dba0042f-6a52-454c-a551-67a33b761122" testListId="8c84fa94-04c1-424b-9868-57a2d4851a1d" /><TestEntry testId="9c15df23-cbc6-4ba3-959a-2a576aed1ba3" executionId="619edd78-ac6e-47aa-afbd-faa1ee56ef97" testListId="8c84fa94-04c1-424b-9868-57a2d4851a1d" /><TestEntry testId="10744c8f-fbe5-4db9-a4fd-b77338a03a47" executionId="16c13127-113f-46d8-a503-4d9955eeb604" testListId="8c84fa94-04c1-424b-9868-57a2d4851a1d" /><TestEntry testId="248f8b3e-237e-4348-a0db-e308855ccbb6" executionId="5727fa70-d778-4d05-9c2f-32ede71ffd73" testListId="8c84fa94-04c1-424b-9868-57a2d4851a1d" /><TestEntry testId="adbd20ee-ab86-40c8-a376-ec23804ad1a3" executionId="c991b2fb-f57d-4419-a902-e6a6543854e4" testListId="8c84fa94-04c1-424b-9868-57a2d4851a1d" /><TestEntry testId="3c5bfff6-a4b9-40df-a083-5e00389ef349" executionId="b76f5966-2041-4e99-893a-9e5f1f5fb879" testListId="8c84fa94-04c1-424b-9868-57a2d4851a1d" /><TestEntry testId="1a25a690-d5e6-408e-9fca-44bf5dfddadb" executionId="de7a2072-114c-4bb3-9cf7-69126a92bbd3" testListId="8c84fa94-04c1-424b-9868-57a2d4851a1d" /><TestEntry testId="518f52a5-c3f6-42e1-80af-94b53ecab51c" executionId="da2ddd10-7ce3-45c7-b6cf-b457c1bba019" testListId="8c84fa94-04c1-424b-9868-57a2d4851a1d" /><TestEntry testId="55ab6132-24c4-4b6b-bcb0-10f5010bc8ab" executionId="a347d2d8-f944-4d86-8070-3c0e6d72de1d" testListId="8c84fa94-04c1-424b-9868-57a2d4851a1d" /><TestEntry testId="0c40922b-e611-4ae3-bc00-aed230b3c5fb" executionId="ccbd19b4-1579-47fd-b0e7-67117b89cda5" testListId="8c84fa94-04c1-424b-9868-57a2d4851a1d" /><TestEntry testId="29bdde30-307e-40e4-838b-5617582c2a47" executionId="3db795c6-095a-4e49-a4be-c9ce599ec2b0" testListId="8c84fa94-04c1-424b-9868-57a2d4851a1d" /><TestEntry testId="56249125-82ae-48ca-9a0f-ddb61e23e63d" executionId="1cfac03c-a37d-4a83-862e-87f45dbdee7b" testListId="8c84fa94-04c1-424b-9868-57a2d4851a1d" /><TestEntry testId="1ad36df1-76b8-4877-9cd1-157d7223a880" executionId="ffaf0afc-2986-4de4-9436-5411c6c8bc82" testListId="8c84fa94-04c1-424b-9868-57a2d4851a1d" /><TestEntry testId="d4456ad6-4655-4268-a4f9-3e9495542522" executionId="92ccc8c7-8eb5-4075-9d84-398c46f1413c" testListId="8c84fa94-04c1-424b-9868-57a2d4851a1d" /><TestEntry testId="830c3df5-8f46-45fa-91c7-7ce8c9dc51b0" executionId="bdf9d165-f233-444d-95cb-4fb8ce4fdc4b" testListId="8c84fa94-04c1-424b-9868-57a2d4851a1d" /><TestEntry testId="d932729b-464c-4638-bbb0-ee5c57a2887a" executionId="15c86df5-3c9a-4fd7-8cf2-98ab5d21c7fe" testListId="8c84fa94-04c1-424b-9868-57a2d4851a1d" /><TestEntry testId="9e463e9f-a0eb-4571-8c7e-276c752e3fbe" executionId="fb4211c3-5122-435e-929c-d0b2e8a2f107" testListId="8c84fa94-04c1-424b-9868-57a2d4851a1d" /><TestEntry testId="48f1226d-c044-4614-94b7-3ac178933f45" executionId="1f04e21d-eae6-4be3-bc27-0d0958117e1b" testListId="8c84fa94-04c1-424b-9868-57a2d4851a1d" /><TestEntry testId="89fe0ab3-99a7-408f-9afc-358acb78c0d1" executionId="89c0b2b4-7ff7-4f83-be9b-0d240187013d" testListId="8c84fa94-04c1-424b-9868-57a2d4851a1d" /><TestEntry testId="efbe0af4-c308-499f-9c4d-95c8d342a264" executionId="56b404b6-cdcb-43be-9e0d-2c7c83ccd316" testListId="8c84fa94-04c1-424b-9868-57a2d4851a1d" /><TestEntry testId="2390809f-0f87-439d-9cc1-9500e9e0e2fe" executionId="744fa98e-4cb5-4a50-bc62-295c7da0ef93" testListId="8c84fa94-04c1-424b-9868-57a2d4851a1d" /><TestEntry testId="f7352df4-3acc-4a22-905d-b073d20909fa" executionId="bf5b7835-aa4e-4fda-bcc4-5988bdeeb404" testListId="8c84fa94-04c1-424b-9868-57a2d4851a1d" /><TestEntry testId="119f1120-60e5-43ad-a75c-71c19480560c" executionId="b4b6b726-a58c-4fff-a58a-9874bc019769" testListId="8c84fa94-04c1-424b-9868-57a2d4851a1d" /><TestEntry testId="a6a59d7a-9c72-4a5f-a794-5d3e472cf3a8" executionId="9970d1aa-ecbc-4900-810b-3d6a1a6e43c0" testListId="8c84fa94-04c1-424b-9868-57a2d4851a1d" /><TestEntry testId="4e75eac5-712e-4b1d-a285-8744c13810a3" executionId="c44a51cf-3b24-469e-853f-49d6a5abc8c8" testListId="8c84fa94-04c1-424b-9868-57a2d4851a1d" /><TestEntry testId="8f928e43-5166-4508-bd8b-13d59defeb7c" executionId="d70522f9-72c8-4913-b643-2b7185eaed8f" testListId="8c84fa94-04c1-424b-9868-57a2d4851a1d" /><TestEntry testId="37777d3e-a586-4684-8e14-8326865f3164" executionId="0408500e-27a6-4b6a-a80f-f803a3ab8b1e" testListId="8c84fa94-04c1-424b-9868-57a2d4851a1d" /><TestEntry testId="2379630d-9e0b-446d-9029-f22ac51e6014" executionId="559e336c-df6e-4617-b154-cd014ddbaa5c" testListId="8c84fa94-04c1-424b-9868-57a2d4851a1d" /><TestEntry testId="ac444f75-72d5-4a23-8609-f50be014eceb" executionId="74de33a3-8438-4c6b-8874-893dc3f4f1e2" testListId="8c84fa94-04c1-424b-9868-57a2d4851a1d" /><TestEntry testId="c21bc58c-efae-4d77-beca-7dd8c3beb642" executionId="c7d0feec-1348-4b98-8e45-5a4fddce5312" testListId="8c84fa94-04c1-424b-9868-57a2d4851a1d" /><TestEntry testId="d420db47-41cc-4e4f-ade8-44276e822125" executionId="53fc4a50-cabe-4c75-ae2c-70509f56e887" testListId="8c84fa94-04c1-424b-9868-57a2d4851a1d" /><TestEntry testId="beb6fdf5-e251-4a07-8c3c-5d153daab01c" executionId="f6f46ff5-36ff-4d3d-a1d2-1eb04ad2ea46" testListId="8c84fa94-04c1-424b-9868-57a2d4851a1d" /><TestEntry testId="6a705d6b-61b4-40c5-89e4-8d8ee57dcd45" executionId="0ddb9505-4127-4b48-ba34-d20971f82e73" testListId="8c84fa94-04c1-424b-9868-57a2d4851a1d" /><TestEntry testId="abba7663-e878-4849-bb22-5c576594708a" executionId="85f3dded-7dc6-4a35-85ca-a9a6387277c8" testListId="8c84fa94-04c1-424b-9868-57a2d4851a1d" /><TestEntry testId="d0bb4d8b-f907-4fda-aacf-22e36d1bf33e" executionId="038af1aa-d5d4-432c-b6df-22c9b6c4fc1d" testListId="8c84fa94-04c1-424b-9868-57a2d4851a1d" /><TestEntry testId="745348aa-5900-4e17-90aa-7f0b8bf1004a" executionId="cb5b6d18-4710-47ef-a440-9c0f12b9b14a" testListId="8c84fa94-04c1-424b-9868-57a2d4851a1d" /><TestEntry testId="92c4d144-a76d-40e1-b228-603f44dd718d" executionId="0928db6a-5211-44c5-a804-983fbb6e3da0" testListId="8c84fa94-04c1-424b-9868-57a2d4851a1d" /><TestEntry testId="65482a0b-a5ab-47eb-9f5d-ac749427f0d3" executionId="aaea430c-e133-4284-b14b-adb02321b7b5" testListId="8c84fa94-04c1-424b-9868-57a2d4851a1d" /><TestEntry testId="1ca8aba5-9469-437b-ac62-a829614b293b" executionId="36295491-33d8-4429-8cbd-e14f582d1f9f" testListId="8c84fa94-04c1-424b-9868-57a2d4851a1d" /><TestEntry testId="cc8410ec-bbdf-46c6-ac28-cf32cb25edc3" executionId="01a57b3e-cd6a-4fa9-9de5-c7e46a801d11" testListId="8c84fa94-04c1-424b-9868-57a2d4851a1d" /><TestEntry testId="4cabd94d-0b72-4f53-9bf0-1227a43831e1" executionId="bc6f5a74-eedb-4a4a-b29c-6fd936e940f7" testListId="8c84fa94-04c1-424b-9868-57a2d4851a1d" /><TestEntry testId="a7dd78a9-bf21-414b-b95f-c2f86769b13b" executionId="69ca48a5-866e-49ee-abfc-42fee8540bdd" testListId="8c84fa94-04c1-424b-9868-57a2d4851a1d" /><TestEntry testId="3c108bf0-026a-4415-91d3-8b1692a9a880" executionId="4945f9dd-71df-46e0-9ace-16e9ebbd49f1" testListId="8c84fa94-04c1-424b-9868-57a2d4851a1d" /><TestEntry testId="5e7e9b03-a7a5-49d7-820e-21676667e9b9" executionId="99ec17cf-5c25-45c0-8d8b-a344716111ff" testListId="8c84fa94-04c1-424b-9868-57a2d4851a1d" /><TestEntry testId="924728e6-a276-4efe-a7a6-6733b6d4abde" executionId="d766fda5-af69-4f81-8f71-5993f31ae48c" testListId="8c84fa94-04c1-424b-9868-57a2d4851a1d" /><TestEntry testId="034ee3fe-92a6-4227-a312-300c5155fb57" executionId="2c7fa1e0-f8a7-4a1a-a22b-196e1634d3eb" testListId="8c84fa94-04c1-424b-9868-57a2d4851a1d" /><TestEntry testId="5ab6ee82-05d4-4ce2-85de-c40ac4935f16" executionId="0a831d0a-c647-4527-83e8-f8a0218681e5" testListId="8c84fa94-04c1-424b-9868-57a2d4851a1d" /><TestEntry testId="16f6716b-e897-428d-a5a6-7b48169cce28" executionId="155ade5a-2dbe-4934-a23b-a16a70475661" testListId="8c84fa94-04c1-424b-9868-57a2d4851a1d" /><TestEntry testId="1fa6ef7e-2449-40d3-89a6-f1273f7ca9e9" executionId="16b6897a-a34f-44c2-8476-e2a49fd18a3d" testListId="8c84fa94-04c1-424b-9868-57a2d4851a1d" /><TestEntry testId="1dc8a808-9f1f-4b01-87f2-1038fe2eeb35" executionId="dcf3e0df-0d73-46fb-9e69-a4d08925a20b" testListId="8c84fa94-04c1-424b-9868-57a2d4851a1d" /><TestEntry testId="5683d366-aeb6-40d5-85a2-2c17c4bbd624" executionId="bf428713-d400-4112-8cf0-df5475c6429e" testListId="8c84fa94-04c1-424b-9868-57a2d4851a1d" /><TestEntry testId="666dbed4-d24c-4db0-a9e0-cad21e5d135a" executionId="bcb7ad69-3491-4b48-b4ca-433274838b1c" testListId="8c84fa94-04c1-424b-9868-57a2d4851a1d" /><TestEntry testId="8cab46ce-7de8-482e-b3a8-cd23efea6a50" executionId="940d961f-453e-4f65-a1ae-be6c84d35f66" testListId="8c84fa94-04c1-424b-9868-57a2d4851a1d" /><TestEntry testId="7a88f744-3284-48d0-9c1d-aa4e238f56f0" executionId="4b300066-b799-4344-a452-9dc6da5c4044" testListId="8c84fa94-04c1-424b-9868-57a2d4851a1d" /><TestEntry testId="4a3766d2-990c-4dba-869d-f531b4d03930" executionId="71d72459-0d5b-4b54-b56e-6594ab53e882" testListId="8c84fa94-04c1-424b-9868-57a2d4851a1d" /><TestEntry testId="c027d618-1a35-4d1b-b4ab-bd811dfe5e4b" executionId="252efb10-42f5-4fb5-a403-7eb2f2b6ed08" testListId="8c84fa94-04c1-424b-9868-57a2d4851a1d" /><TestEntry testId="2300d168-5636-4a9f-baac-c5b486f63594" executionId="16c51b21-27f2-4ba2-a370-090b404d246a" testListId="8c84fa94-04c1-424b-9868-57a2d4851a1d" /><TestEntry testId="22cfe367-4721-46c0-99e3-f9942077036e" executionId="ae846e99-732d-40a3-bd1d-9781292c21c3" testListId="8c84fa94-04c1-424b-9868-57a2d4851a1d" /><TestEntry testId="b6efbd4c-66cd-480a-b9c3-574b4aa78b31" executionId="f16b7775-1324-4520-b82e-a7c0a8a40b93" testListId="8c84fa94-04c1-424b-9868-57a2d4851a1d" /><TestEntry testId="89545ccc-773c-4b2c-8ed1-c7d5a535187b" executionId="3fcaa613-9afa-4f64-bf71-5c4ab3711486" testListId="8c84fa94-04c1-424b-9868-57a2d4851a1d" /><TestEntry testId="0a302042-e011-489c-8457-57c188822081" executionId="0928757b-d639-48e5-968f-f8871a552f15" testListId="8c84fa94-04c1-424b-9868-57a2d4851a1d" /><TestEntry testId="9307e14c-8fa1-48e8-abb6-4bfcb5804ced" executionId="e224ca4e-f5e8-4fa8-9798-426394e6807c" testListId="8c84fa94-04c1-424b-9868-57a2d4851a1d" /><TestEntry testId="9465d74e-b713-49cb-b050-e246c3b635cc" executionId="4ca7a636-c9e2-41ec-9d4d-af8f415b9957" testListId="8c84fa94-04c1-424b-9868-57a2d4851a1d" /><TestEntry testId="464e4b93-6d7e-454c-8d0a-73b02dbde512" executionId="2f269015-2dc2-4a2e-a66a-cab36db42c49" testListId="8c84fa94-04c1-424b-9868-57a2d4851a1d" /><TestEntry testId="5c9435d9-2684-4ea6-b280-14141a6b658a" executionId="9df54f24-7fb6-40e3-9fc9-85fe641965f4" testListId="8c84fa94-04c1-424b-9868-57a2d4851a1d" /><TestEntry testId="db83c78a-c93f-4cba-b978-15aae0c2a06a" executionId="407899bd-30d6-4f4f-9df1-122a9da8d920" testListId="8c84fa94-04c1-424b-9868-57a2d4851a1d" /><TestEntry testId="8dfa890c-7fb1-4bbf-b3dd-73fce3198631" executionId="c8fba614-50ce-4f67-aa3d-6eeaf4de7b7e" testListId="8c84fa94-04c1-424b-9868-57a2d4851a1d" /><TestEntry testId="c7a25860-4734-419e-a723-2b62b18ced1a" executionId="6d2daec1-90ef-4b2f-98fb-4ad4bfda62cb" testListId="8c84fa94-04c1-424b-9868-57a2d4851a1d" /><TestEntry testId="6ae1e88b-37a4-4028-8d00-830b93abda5e" executionId="b0b73439-f4ab-4733-985b-2b971f73e7a8" testListId="8c84fa94-04c1-424b-9868-57a2d4851a1d" /><TestEntry testId="2174dcdf-7bfb-4d12-9798-b8d4de6b04a7" executionId="e73eb243-ae56-42f4-b1ec-bcbf5a5dcfa5" testListId="8c84fa94-04c1-424b-9868-57a2d4851a1d" /><TestEntry testId="1edbf841-88fe-4760-9162-65ffe97e0868" executionId="da46742d-d57f-4cc3-b217-485ae26977e8" testListId="8c84fa94-04c1-424b-9868-57a2d4851a1d" /><TestEntry testId="11908c33-bd01-4102-80bf-7ccf65b4e255" executionId="5b6a3617-c63a-4272-8e77-274ad2a0006d" testListId="8c84fa94-04c1-424b-9868-57a2d4851a1d" /><TestEntry testId="921fa52d-aba4-4141-8e26-35480fe3201a" executionId="c4b8b5d5-2ed5-4878-9f98-abdd22524d15" testListId="8c84fa94-04c1-424b-9868-57a2d4851a1d" /><TestEntry testId="a0d0449c-ad58-48ca-91fc-9aa20e21055c" executionId="50018f18-3322-4d95-afef-684c6e78f118" testListId="8c84fa94-04c1-424b-9868-57a2d4851a1d" /><TestEntry testId="ec6586ea-ea75-4ec9-81ff-9a43a4c072b9" executionId="60ece38a-4c59-46e7-a53a-672c5681a1b2" testListId="8c84fa94-04c1-424b-9868-57a2d4851a1d" /><TestEntry testId="e1686db8-61f7-4ff2-b717-c124c7105710" executionId="68e5cbf3-5320-42ed-b3d4-9fb346cf8bb0" testListId="8c84fa94-04c1-424b-9868-57a2d4851a1d" /><TestEntry testId="8b738cff-e73b-4dbe-99f6-e63d4a9ebb53" executionId="09da019e-7308-4566-b695-243b5de832c7" testListId="8c84fa94-04c1-424b-9868-57a2d4851a1d" /><TestEntry testId="6185c298-1baf-4cac-82b9-e86301a72c80" executionId="dd270c6e-5388-4421-a994-c6b0c1d2d283" testListId="8c84fa94-04c1-424b-9868-57a2d4851a1d" /><TestEntry testId="168af6b6-e3c9-45a7-87ed-70353bb8fba6" executionId="47198cfb-6952-4b9e-9d60-898bf6ff57a8" testListId="8c84fa94-04c1-424b-9868-57a2d4851a1d" /><TestEntry testId="11a3ec77-6085-4637-b3fe-3a4c1996243b" executionId="b5e6967a-f0c1-40d0-b074-ce9742d980c5" testListId="8c84fa94-04c1-424b-9868-57a2d4851a1d" /><TestEntry testId="0836f7d3-dc34-4f28-9c25-8dbc729aec88" executionId="183a7f5b-2626-47fd-a669-c95048110c54" testListId="8c84fa94-04c1-424b-9868-57a2d4851a1d" /><TestEntry testId="5d3e55ac-76c7-48ea-937f-883e734c8b83" executionId="d2937cbe-b41d-4b54-a617-59e79691ddd0" testListId="8c84fa94-04c1-424b-9868-57a2d4851a1d" /><TestEntry testId="b9fc3c8d-0fe7-47b6-9765-e38740382d36" executionId="e347a459-456c-4788-8439-313a35ef7b3b" testListId="8c84fa94-04c1-424b-9868-57a2d4851a1d" /><TestEntry testId="57d10129-730d-4ecd-9d6b-f7c08853c79e" executionId="e6dd2428-76a0-4e70-a6c6-81f328fc71c0" testListId="8c84fa94-04c1-424b-9868-57a2d4851a1d" /><TestEntry testId="f638ada4-3350-4096-adc6-5e8b616bea83" executionId="8db332ec-c582-4ba7-9528-2e43c30d72ce" testListId="8c84fa94-04c1-424b-9868-57a2d4851a1d" /><TestEntry testId="1e7726ac-fc24-47bf-9ebc-fd88ba84ec10" executionId="670c3a27-5d99-4d72-b4b7-dd949195855c" testListId="8c84fa94-04c1-424b-9868-57a2d4851a1d" /><TestEntry testId="a68937a8-d01c-4ec1-890c-9cab202680f0" executionId="9312b866-0d87-4ca7-8c18-9d570b47b9ed" testListId="8c84fa94-04c1-424b-9868-57a2d4851a1d" /><TestEntry testId="e0909190-2bb7-4970-86e9-07cf61801bed" executionId="a8e75b75-2ac7-4ac9-81a1-b2869c4f428e" testListId="8c84fa94-04c1-424b-9868-57a2d4851a1d" /><TestEntry testId="f827b014-b9df-42c2-85f1-c98b145007c6" executionId="67720359-3975-4c73-b596-3fb6b5e605ca" testListId="8c84fa94-04c1-424b-9868-57a2d4851a1d" /><TestEntry testId="bcf1fed7-9ac4-4baf-83e5-72f45752831a" executionId="11668369-5f00-45ce-a28e-e734e5f1ebb2" testListId="8c84fa94-04c1-424b-9868-57a2d4851a1d" /><TestEntry testId="8faeb088-5f8e-4545-844f-b6e5ec9db11b" executionId="e5114e01-a48b-4a16-b58c-5a3e7e47d33a" testListId="8c84fa94-04c1-424b-9868-57a2d4851a1d" /><TestEntry testId="cfcc5e73-de34-4de7-944e-b0fff555a022" executionId="4d29f102-2f38-41f0-85c5-5cc8caf12d84" testListId="8c84fa94-04c1-424b-9868-57a2d4851a1d" /><TestEntry testId="a91c8610-ac0f-426f-8bb3-e2732517fe2a" executionId="b04849f1-2f54-4e4d-9637-888318adbd24" testListId="8c84fa94-04c1-424b-9868-57a2d4851a1d" /><TestEntry testId="ff544c15-0b85-4f8a-9dd0-2c246009b8e9" executionId="34a96bf8-7cfc-4105-9dc0-8892ddd16d23" testListId="8c84fa94-04c1-424b-9868-57a2d4851a1d" /><TestEntry testId="0d27e8b2-7022-4141-8426-d72aded66a2e" executionId="a30144ea-1fea-40a1-94ac-1d94fe717935" testListId="8c84fa94-04c1-424b-9868-57a2d4851a1d" /><TestEntry testId="262c8378-2899-4a9a-9b96-3a5928df10a0" executionId="86af9343-43cf-46b6-a916-0f3175ccd441" testListId="8c84fa94-04c1-424b-9868-57a2d4851a1d" /><TestEntry testId="48be2330-76e5-4987-a752-2fe40cb93445" executionId="752667bb-f74b-4f8a-a273-1ed1ec74e3e3" testListId="8c84fa94-04c1-424b-9868-57a2d4851a1d" /><TestEntry testId="054bf032-b3c1-4fce-87b5-e535fb95bd3f" executionId="e4d77f51-f2f1-4a47-a3ce-2cd8bf83a30b" testListId="8c84fa94-04c1-424b-9868-57a2d4851a1d" /><TestEntry testId="5ee51f21-54d9-41de-a759-03c2cf17a3fa" executionId="944d4c9f-2648-4f6e-9fd4-1e062d53234e" testListId="8c84fa94-04c1-424b-9868-57a2d4851a1d" /><TestEntry testId="aba2a035-3eeb-4982-8783-7fe46075f4fb" executionId="71bbd2d7-caa4-4171-9325-0c470251e44a" testListId="8c84fa94-04c1-424b-9868-57a2d4851a1d" /><TestEntry testId="601a9073-8d23-4e46-a64a-eb99baf095d5" executionId="3d67177a-bb59-4897-bda6-658a5aba37db" testListId="8c84fa94-04c1-424b-9868-57a2d4851a1d" /><TestEntry testId="2af47566-b2ab-4329-b097-c3dd5c58bb4d" executionId="bb35b449-9811-4508-afa1-c83d4df0bedd" testListId="8c84fa94-04c1-424b-9868-57a2d4851a1d" /><TestEntry testId="965e6e36-6a8f-40eb-932e-42b4ebfabbf3" executionId="53403e67-b2ca-434f-a393-ba19d01d6bd9" testListId="8c84fa94-04c1-424b-9868-57a2d4851a1d" /><TestEntry testId="cb81366a-7a1e-41b4-8445-49ef1b24e43c" executionId="58ab4dba-e55e-42a6-9568-a60a9fe6fa68" testListId="8c84fa94-04c1-424b-9868-57a2d4851a1d" /><TestEntry testId="f656f89c-7449-4450-9414-2a21d5d58339" executionId="14ee59af-71a0-4723-a567-be394ab593bc" testListId="8c84fa94-04c1-424b-9868-57a2d4851a1d" /><TestEntry testId="693a7b7d-9a39-40d4-a594-1a4efae69b3c" executionId="3d536e7d-07cf-4470-87a9-2a0de07eeda5" testListId="8c84fa94-04c1-424b-9868-57a2d4851a1d" /><TestEntry testId="7af3a4cb-eabc-4430-996c-c791d444e503" executionId="bb687bb8-3e7e-4592-a04d-645ff513b2da" testListId="8c84fa94-04c1-424b-9868-57a2d4851a1d" /><TestEntry testId="3c71789e-be9f-4d48-b3f4-c6e17df7bc62" executionId="f3aca462-4209-42e8-bd10-95be167a2128" testListId="8c84fa94-04c1-424b-9868-57a2d4851a1d" /><TestEntry testId="4c8c36eb-8e3e-48f5-a190-69339cb66f5f" executionId="21071154-7185-4cfb-995d-010a2f570d49" testListId="8c84fa94-04c1-424b-9868-57a2d4851a1d" /><TestEntry testId="333dc50d-b277-4dab-9f51-cd71065abd18" executionId="6d427c2a-2a2c-4eae-b132-187ffd54bdab" testListId="8c84fa94-04c1-424b-9868-57a2d4851a1d" /><TestEntry testId="7bc0b958-81fe-471c-bf37-3c7daae8a431" executionId="40fc4001-2246-45cf-a9a8-e0226c305dae" testListId="8c84fa94-04c1-424b-9868-57a2d4851a1d" /><TestEntry testId="eae26870-95a6-49b1-a757-5f8f2ddf59a6" executionId="e24c3891-1b24-4096-b065-b1943e2a185b" testListId="8c84fa94-04c1-424b-9868-57a2d4851a1d" /><TestEntry testId="810b0f60-6310-471a-b55f-48ab60b470c6" executionId="010c31d4-773a-4ed9-a261-7a1b419d6a17" testListId="8c84fa94-04c1-424b-9868-57a2d4851a1d" /><TestEntry testId="27086b75-f399-4f16-b0aa-44dabf781d22" executionId="41f35776-670f-45df-b48b-42877f2ddc7f" testListId="8c84fa94-04c1-424b-9868-57a2d4851a1d" /><TestEntry testId="f9f4f90f-4090-4b15-905c-e2d781c6d9c8" executionId="9d88ce92-fcec-4ef1-b3e8-cad47dda4b9c" testListId="8c84fa94-04c1-424b-9868-57a2d4851a1d" /><TestEntry testId="57265b97-d018-45da-8851-5ad11d3f7108" executionId="df720b5c-55ce-4dd1-8910-6ab54e1abcba" testListId="8c84fa94-04c1-424b-9868-57a2d4851a1d" /><TestEntry testId="20ae9f11-d7ed-4f77-8f34-0868595d5cbe" executionId="4568b903-5760-4c93-9aac-466297164e69" testListId="8c84fa94-04c1-424b-9868-57a2d4851a1d" /><TestEntry testId="f8145003-5723-4bd5-a117-414658dc06c2" executionId="687fcae7-0061-4782-b72b-c8068924190b" testListId="8c84fa94-04c1-424b-9868-57a2d4851a1d" /><TestEntry testId="6ac21f22-4ccd-4b96-87fa-0f2f6fa16726" executionId="b3a7336b-6928-4f6a-85a4-654130cd6f58" testListId="8c84fa94-04c1-424b-9868-57a2d4851a1d" /><TestEntry testId="dd2d2c87-4287-41b7-a496-1563c295df22" executionId="d6f97950-def3-41dc-b171-7e967ad34194" testListId="8c84fa94-04c1-424b-9868-57a2d4851a1d" /><TestEntry testId="b303cfc9-7b58-4206-a205-47a3f4b18d0e" executionId="3b367003-98bc-40f0-a16a-c889bc01c775" testListId="8c84fa94-04c1-424b-9868-57a2d4851a1d" /><TestEntry testId="74deaa6b-4ae1-434e-89dc-c79f861909db" executionId="88301baf-3802-4a1f-9c08-467e04bfbeb0" testListId="8c84fa94-04c1-424b-9868-57a2d4851a1d" /><TestEntry testId="3ad84eba-1832-4b14-b6fa-161d17d11cea" executionId="663b01ea-4d7a-484d-ba05-0d3885016d25" testListId="8c84fa94-04c1-424b-9868-57a2d4851a1d" /><TestEntry testId="b8ef9817-ba52-4f84-b9bf-891d9d2b7167" executionId="001a2056-875a-4bd8-b351-fb83eeebac52" testListId="8c84fa94-04c1-424b-9868-57a2d4851a1d" /><TestEntry testId="211760d2-aaef-4c4e-b108-39077e432290" executionId="b481856b-cb14-4415-8513-0311eb761a0a" testListId="8c84fa94-04c1-424b-9868-57a2d4851a1d" /><TestEntry testId="d0ad7a07-7149-4ed6-95c2-b0d3d00ae321" executionId="fff6279b-2cef-4e7d-b588-8f000ef8a8f8" testListId="8c84fa94-04c1-424b-9868-57a2d4851a1d" /><TestEntry testId="73887bda-569b-4589-ad04-7c761cb22055" executionId="2d6d97dc-1e8e-45d2-9521-1c6a58179709" testListId="8c84fa94-04c1-424b-9868-57a2d4851a1d" /><TestEntry testId="7a81181a-e74f-4eab-ae51-b138cd7aa26e" executionId="dd118e69-bad6-4b5b-822f-8c084425d796" testListId="8c84fa94-04c1-424b-9868-57a2d4851a1d" /><TestEntry testId="8bf438b6-b023-455c-81ff-ca476a6f40ee" executionId="d4cdb689-cfc0-4312-8059-11a25a858216" testListId="8c84fa94-04c1-424b-9868-57a2d4851a1d" /><TestEntry testId="39c5871c-5596-4c78-ba59-a1c2240eccc5" executionId="c4aaa7ab-297f-478c-b622-9e7350c51be7" testListId="8c84fa94-04c1-424b-9868-57a2d4851a1d" /><TestEntry testId="f0362fa8-a33d-4756-a73d-6ce25f5fc782" executionId="ffc3ebbd-dffd-44dd-ad0f-f138563fda9d" testListId="8c84fa94-04c1-424b-9868-57a2d4851a1d" /><TestEntry testId="42342f27-b762-485b-a0e6-8ea58531ad3f" executionId="4fe2cbcd-5183-4648-bae2-8cfa9b77808e" testListId="8c84fa94-04c1-424b-9868-57a2d4851a1d" /><TestEntry testId="c6deae09-22be-4ee8-9a9f-0c4d1f7360c8" executionId="b674d924-79d8-4980-8749-b1244bd3b887" testListId="8c84fa94-04c1-424b-9868-57a2d4851a1d" /><TestEntry testId="95f9ac83-b097-47a5-bdb9-490c135ddb8f" executionId="bc929fc3-8500-4633-ba27-58794e819497" testListId="8c84fa94-04c1-424b-9868-57a2d4851a1d" /><TestEntry testId="4a8b16b9-3d0c-4b88-9ff3-a3284901d090" executionId="83f46b69-8e31-4bb7-a64f-72fa3e0042d5" testListId="8c84fa94-04c1-424b-9868-57a2d4851a1d" /><TestEntry testId="9793c4a9-c2a7-4b8e-adc9-413182ed9e25" executionId="07e523b2-1e6d-48c0-9e16-698351209f25" testListId="8c84fa94-04c1-424b-9868-57a2d4851a1d" /><TestEntry testId="20435ae7-ca83-49b7-91b8-d3b36d995f0e" executionId="c3ceabaa-e529-4a8d-a856-dcabcdd622c9" testListId="8c84fa94-04c1-424b-9868-57a2d4851a1d" /><TestEntry testId="727abca3-a793-4d9b-ab9f-4ceeefdeae0a" executionId="d92594cc-3e05-4f4b-acbb-a08dd9e99b70" testListId="8c84fa94-04c1-424b-9868-57a2d4851a1d" /><TestEntry testId="f59bd971-f2b6-4b16-98a5-a2f288dad17f" executionId="f7497d2e-74c9-44c4-b4c8-18743fd25227" testListId="8c84fa94-04c1-424b-9868-57a2d4851a1d" /><TestEntry testId="427f3980-18a8-4d45-9555-702f7ebd6e59" executionId="d0bc3785-d5e4-4ca6-ac2c-74ae685e8113" testListId="8c84fa94-04c1-424b-9868-57a2d4851a1d" /><TestEntry testId="4b15b188-4b34-4b13-98d9-a76922ff8845" executionId="55d82926-51f9-4540-999a-2e66719a838d" testListId="8c84fa94-04c1-424b-9868-57a2d4851a1d" /><TestEntry testId="4301ff2b-41b6-4b5a-a643-7ef2f09fceb1" executionId="26895d43-9a70-4f14-8c23-17aa87b90172" testListId="8c84fa94-04c1-424b-9868-57a2d4851a1d" /><TestEntry testId="b964dfc4-13a6-436c-bf61-7983de1cd298" executionId="a1f0777d-1d5f-4d06-a830-f121bf2c6c21" testListId="8c84fa94-04c1-424b-9868-57a2d4851a1d" /><TestEntry testId="4c27e193-73b4-4ed6-bdaf-674be6d48c4e" executionId="7d366ab6-9029-4537-96ad-dc09cc1df5ab" testListId="8c84fa94-04c1-424b-9868-57a2d4851a1d" /><TestEntry testId="7dfcb7c2-e8e1-45d4-a474-25526898da11" executionId="42dd94a6-0b6a-4d1d-acaa-467084e3ac0c" testListId="8c84fa94-04c1-424b-9868-57a2d4851a1d" /><TestEntry testId="ba9c4334-41cf-4d62-84a9-39e4e247fa76" executionId="1ac9f650-bc8e-472e-85aa-a6d429b81990" testListId="8c84fa94-04c1-424b-9868-57a2d4851a1d" /><TestEntry testId="8475390f-11af-4b1f-9cd7-5aa88eeedbbc" executionId="63eb4799-f198-428b-aa71-7da382bc43c9" testListId="8c84fa94-04c1-424b-9868-57a2d4851a1d" /><TestEntry testId="e976a3b3-837a-4ef8-bbd5-3abdc7ff3b17" executionId="977b05ca-a50e-4afd-9981-a4b2968f0e78" testListId="8c84fa94-04c1-424b-9868-57a2d4851a1d" /><TestEntry testId="2c5fe9e6-9dd3-4fd8-85f7-11d95bcb89dd" executionId="1c81ac61-d90f-40fd-8a6d-d9b819315327" testListId="8c84fa94-04c1-424b-9868-57a2d4851a1d" /><TestEntry testId="07b4db57-5c9a-4cac-99a5-4e8dde7688c2" executionId="a601f494-8d38-4392-b72a-4b59bbe98685" testListId="8c84fa94-04c1-424b-9868-57a2d4851a1d" /><TestEntry testId="3a2d33b1-c4eb-43d9-ae33-58e5ecf0cd33" executionId="ffa20c7d-3afa-4593-94b5-62cd15ced88d" testListId="8c84fa94-04c1-424b-9868-57a2d4851a1d" /><TestEntry testId="109d4774-47fa-43d8-966d-9588365d1535" executionId="f9ab800a-3b15-4077-814d-9a53387efe4a" testListId="8c84fa94-04c1-424b-9868-57a2d4851a1d" /><TestEntry testId="3d606d4f-4127-4249-9d08-c49933b29826" executionId="416a8a85-dbf4-4d1a-9e2b-20ea9cf04dc4" testListId="8c84fa94-04c1-424b-9868-57a2d4851a1d" /><TestEntry testId="8c278a5e-9ca6-47c5-aa8d-dd99bdcd6a2c" executionId="bf420a81-87d0-453f-8a21-5e2e532c4fd2" testListId="8c84fa94-04c1-424b-9868-57a2d4851a1d" /><TestEntry testId="7b91121f-b710-4f56-ae72-0d9ec8ce8e33" executionId="4445c837-792e-4d4c-9ecd-325c0a8f4efe" testListId="8c84fa94-04c1-424b-9868-57a2d4851a1d" /><TestEntry testId="941c6c11-e93d-45bb-b82b-b172b131f979" executionId="a507eb42-9903-47db-8541-d155c87987ff" testListId="8c84fa94-04c1-424b-9868-57a2d4851a1d" /><TestEntry testId="daa53b9d-e998-4e97-bdbe-928786bbbbb8" executionId="57c346b9-744b-4f4e-ac91-a4cc7bd0c120" testListId="8c84fa94-04c1-424b-9868-57a2d4851a1d" /><TestEntry testId="dfe5c508-dbc8-4156-887e-8b3d1d0bb7b4" executionId="4b102530-9881-42ba-9bba-2cbe5e8fa6d9" testListId="8c84fa94-04c1-424b-9868-57a2d4851a1d" /><TestEntry testId="64ac21dc-1712-4685-b26b-c1d102f13534" executionId="7c4a357d-d8f9-4d1e-bacb-033c221e1b76" testListId="8c84fa94-04c1-424b-9868-57a2d4851a1d" /><TestEntry testId="7992da34-bb8a-436b-b3cf-d839d8417b68" executionId="5ad4fc85-53cd-471a-8b1c-a4e9c2ddaf5e" testListId="8c84fa94-04c1-424b-9868-57a2d4851a1d" /><TestEntry testId="7328bd8b-4d47-4c29-8dae-7d5946644ab3" executionId="8a8b17a8-89aa-41db-a38a-9777420b3429" testListId="8c84fa94-04c1-424b-9868-57a2d4851a1d" /><TestEntry testId="f5fc20d7-2cb3-472d-ad48-cb9788e19a0c" executionId="67101a8b-c093-417e-9e92-332c1a1f05cc" testListId="8c84fa94-04c1-424b-9868-57a2d4851a1d" /><TestEntry testId="8bee8f35-e514-4ae6-8df4-909312f767ed" executionId="32ed0385-5f4c-4f96-b861-ddfa4e3b202f" testListId="8c84fa94-04c1-424b-9868-57a2d4851a1d" /><TestEntry testId="8aef3faf-641e-4107-90de-9b456c9c3a6c" executionId="71d9a465-328a-4a61-96f1-e28b582d8663" testListId="8c84fa94-04c1-424b-9868-57a2d4851a1d" /><TestEntry testId="1083cd96-88e4-4076-8d37-348de9b42226" executionId="cd5462d8-f6c7-4d45-9e3d-0ae4a4d664ac" testListId="8c84fa94-04c1-424b-9868-57a2d4851a1d" /><TestEntry testId="97d5604e-180b-4db1-ac22-861998cd28e2" executionId="cffbb046-8587-4a03-9d3c-cef2111c6df1" testListId="8c84fa94-04c1-424b-9868-57a2d4851a1d" /><TestEntry testId="454ef3c6-b1ad-4c75-9daa-47be06122983" executionId="1c064c96-7f21-4ce1-be7b-6879cf1bf71c" testListId="8c84fa94-04c1-424b-9868-57a2d4851a1d" /><TestEntry testId="6c05a986-bf20-410a-9359-7afbed0197db" executionId="cba0d6bb-d01a-49a3-89f3-ae789ceea194" testListId="8c84fa94-04c1-424b-9868-57a2d4851a1d" /><TestEntry testId="ee522eae-4309-4def-bcc1-ec11061c7921" executionId="e5c28a7c-57f2-472a-8405-370429ff3e07" testListId="8c84fa94-04c1-424b-9868-57a2d4851a1d" /><TestEntry testId="f7dbf4ac-ed40-481d-88e3-cdece90e528b" executionId="a96c99c1-f817-41ab-9a76-c664edaa7306" testListId="8c84fa94-04c1-424b-9868-57a2d4851a1d" /><TestEntry testId="f4ce9093-63b0-4869-b483-1afcd49f7f3d" executionId="99026076-f518-43ae-a496-af66c25d2023" testListId="8c84fa94-04c1-424b-9868-57a2d4851a1d" /><TestEntry testId="c08ca30d-5056-4e33-baad-344ed78521d2" executionId="c197fb9f-d360-41e0-b336-f48915d900d7" testListId="8c84fa94-04c1-424b-9868-57a2d4851a1d" /><TestEntry testId="fe7016d8-9822-41cf-bbaf-6737efda9851" executionId="8b8edaba-b55a-4291-82e1-df3d4134df03" testListId="8c84fa94-04c1-424b-9868-57a2d4851a1d" /><TestEntry testId="15a7c541-5a50-4228-afab-f9f249a06403" executionId="45ecc502-7893-44a7-9bf0-686bd55704eb" testListId="8c84fa94-04c1-424b-9868-57a2d4851a1d" /><TestEntry testId="6c3392b4-2363-4043-9126-781e69ef375b" executionId="1c2efcc6-9f7f-4726-af5c-713ba7c7f4ad" testListId="8c84fa94-04c1-424b-9868-57a2d4851a1d" /><TestEntry testId="b8a25c26-ff7c-4b6f-bc41-17b65be34962" executionId="54dabb75-fcfc-487a-8619-8d870a8b4632" testListId="8c84fa94-04c1-424b-9868-57a2d4851a1d" /><TestEntry testId="fae6a5e5-41e6-492f-9642-4edd51d6556d" executionId="f2e2cd18-ae1c-43a1-875d-bfb46393acb8" testListId="8c84fa94-04c1-424b-9868-57a2d4851a1d" /><TestEntry testId="c6ca44b0-3158-42fb-ac4a-2e6191572fc7" executionId="625dbff6-0f9d-4c68-98e1-5c8b8842dc34" testListId="8c84fa94-04c1-424b-9868-57a2d4851a1d" /><TestEntry testId="5baa687a-baf0-4e81-9d53-9f823431a050" executionId="a42ec22a-c923-423b-aad9-fbb3e080c6c7" testListId="8c84fa94-04c1-424b-9868-57a2d4851a1d" /><TestEntry testId="d32e2a21-efac-40f8-a755-57f7f16d30ef" executionId="336f2ed3-0091-4581-9783-0e13ae401133" testListId="8c84fa94-04c1-424b-9868-57a2d4851a1d" /><TestEntry testId="bd53bf74-7fcf-4330-8317-4e8fd75600b3" executionId="a5d438f7-6c2d-432e-b20e-615dac9829da" testListId="8c84fa94-04c1-424b-9868-57a2d4851a1d" /><TestEntry testId="45165308-09ed-4ce6-bf6c-1abd2159639e" executionId="7e99fc52-192d-4c90-8340-47778c29a810" testListId="8c84fa94-04c1-424b-9868-57a2d4851a1d" /><TestEntry testId="df7bd019-95c7-4df4-b399-9c4b2a21a1a6" executionId="5384e35b-a1df-4419-9046-b36cca16a2c7" testListId="8c84fa94-04c1-424b-9868-57a2d4851a1d" /><TestEntry testId="4028db1c-1aef-4d66-9a01-984a7ea868b0" executionId="927524e3-e59f-4b2a-af43-ef4205f46a34" testListId="8c84fa94-04c1-424b-9868-57a2d4851a1d" /><TestEntry testId="ad4b9d18-ec8b-4203-a855-0b2a2dc84e7b" executionId="91f768f3-1936-4b80-9c1a-ff54c71bdcca" testListId="8c84fa94-04c1-424b-9868-57a2d4851a1d" /><TestEntry testId="4f234c85-9e9b-4404-8f20-467dad804c5a" executionId="f709edcb-e4c0-47aa-95da-b73701638c10" testListId="8c84fa94-04c1-424b-9868-57a2d4851a1d" /><TestEntry testId="dcd4c4ea-46e4-43ba-9d8c-d2e355b34706" executionId="17eba1ca-7d50-4583-a297-9a37748d0fd1" testListId="8c84fa94-04c1-424b-9868-57a2d4851a1d" /><TestEntry testId="7da89858-aa60-4c0e-b480-36c0d41de778" executionId="46b0442f-752e-4097-a200-68e0ab7f8445" testListId="8c84fa94-04c1-424b-9868-57a2d4851a1d" /><TestEntry testId="07f0255e-38fa-4ea4-9555-9b60653eb78b" executionId="db17913b-1a06-4c40-8b88-ff51c2c897f2" testListId="8c84fa94-04c1-424b-9868-57a2d4851a1d" /><TestEntry testId="daa6473d-be0e-4c0b-b77c-0a5c8fc6f8e2" executionId="4e3e691d-8ec3-4221-9147-2a17186ba49f" testListId="8c84fa94-04c1-424b-9868-57a2d4851a1d" /><TestEntry testId="6a3e69c5-d5cb-4695-b720-9d236432e7c7" executionId="7f444482-1d04-4ac7-bdf8-235ff457c39f" testListId="8c84fa94-04c1-424b-9868-57a2d4851a1d" /><TestEntry testId="31a762b8-2e4d-488b-9656-d8576806c44a" executionId="c5c55149-4ef0-46ee-86dd-5ab99830d0b0" testListId="8c84fa94-04c1-424b-9868-57a2d4851a1d" /><TestEntry testId="245d4656-abf4-4978-88b7-6039346650a7" executionId="2ce8d9c7-077d-41da-bde9-ba58ac480803" testListId="8c84fa94-04c1-424b-9868-57a2d4851a1d" /><TestEntry testId="c3f5070b-523c-464a-be99-2a9b1d1d5afe" executionId="5ed2fb82-f2c5-4393-9c7f-fd5bdfa4568e" testListId="8c84fa94-04c1-424b-9868-57a2d4851a1d" /><TestEntry testId="4e468c31-225d-4104-a912-d50a9444719f" executionId="523df247-dc0f-47d4-a5e5-a7be4910550d" testListId="8c84fa94-04c1-424b-9868-57a2d4851a1d" /><TestEntry testId="e2d17536-ff4d-46cd-9791-d80070ee7ef1" executionId="85cf369c-c30e-47ba-93d0-451e234b7c1b" testListId="8c84fa94-04c1-424b-9868-57a2d4851a1d" /><TestEntry testId="80cad447-2c80-498d-95e1-3ef8f8f6e19f" executionId="c98972e4-bdfe-4428-aa09-a10347f0efbc" testListId="8c84fa94-04c1-424b-9868-57a2d4851a1d" /><TestEntry testId="41a5c6eb-c3d4-41fd-8607-a6dcbe7d017c" executionId="000ba6d0-4d49-4190-82c1-bc83668f9166" testListId="8c84fa94-04c1-424b-9868-57a2d4851a1d" /><TestEntry testId="8d51e9c5-e067-4604-93ab-eb3dd05dfaad" executionId="3d5cdcce-9c1d-4fd9-b686-0b25e0b488f0" testListId="8c84fa94-04c1-424b-9868-57a2d4851a1d" /><TestEntry testId="9d9654b3-82a4-4ecb-90b7-111d416560d2" executionId="f04ffe68-8669-4873-b58a-4484acc3360b" testListId="8c84fa94-04c1-424b-9868-57a2d4851a1d" /><TestEntry testId="0500e4e5-7a1c-407e-8995-bcd52de74f57" executionId="82798c85-bd42-469c-a014-b9f492f3fa9c" testListId="8c84fa94-04c1-424b-9868-57a2d4851a1d" /><TestEntry testId="aa1fdb9c-09fb-4756-8ab8-ddb1f5c30cad" executionId="3405ebe0-6926-4770-a3a1-9ddbbbee700e" testListId="8c84fa94-04c1-424b-9868-57a2d4851a1d" /><TestEntry testId="b0d5c8f1-042f-438a-9633-cf31e3bfbfe1" executionId="702a15e0-7f81-4d06-b3ad-85a18ca6a085" testListId="8c84fa94-04c1-424b-9868-57a2d4851a1d" /><TestEntry testId="fc5737fa-d7ec-4414-b1b4-38cd5f59c6b5" executionId="18fc713c-c956-477d-81ac-5f1023a14fac" testListId="8c84fa94-04c1-424b-9868-57a2d4851a1d" /><TestEntry testId="171ae1b8-b8cb-4125-ab26-18eb89d349f1" executionId="cab85812-61ad-4d75-86ac-d476e3e0e384" testListId="8c84fa94-04c1-424b-9868-57a2d4851a1d" /><TestEntry testId="e8ef5b4c-55cf-48e3-9d9b-871730cbee68" executionId="98fb32b8-fd5c-4cb5-819b-2dee8d168b1b" testListId="8c84fa94-04c1-424b-9868-57a2d4851a1d" /><TestEntry testId="86fb9bd6-eefb-42c7-8faa-dc1c2f082cbc" executionId="fad9d1ac-7275-40f7-9b7f-37bbd3ad1811" testListId="8c84fa94-04c1-424b-9868-57a2d4851a1d" /><TestEntry testId="5907d397-6e26-463c-8262-adfb7cb53aed" executionId="7e0f5eea-8b6b-435f-8da1-73caf40735b2" testListId="8c84fa94-04c1-424b-9868-57a2d4851a1d" /><TestEntry testId="330c0c80-9fe3-4c01-91d1-58b98959e58b" executionId="6b155c62-3b9a-43d8-8c22-21d87afbcdac" testListId="8c84fa94-04c1-424b-9868-57a2d4851a1d" /><TestEntry testId="b4f6906d-4472-4abc-9237-91eb120fb66d" executionId="bfcfb020-3a2b-4984-a313-6c5d0da51d17" testListId="8c84fa94-04c1-424b-9868-57a2d4851a1d" /><TestEntry testId="305f64fa-2c3b-452f-a88f-3a4d243d8481" executionId="9b93d3ba-845f-4fa6-9633-c5dac6d942d8" testListId="8c84fa94-04c1-424b-9868-57a2d4851a1d" /><TestEntry testId="d2fba0ac-afd5-4bf5-9f84-2f4d6a4fb1dc" executionId="de096740-ac45-4793-9ad2-34eb54ba2aaa" testListId="8c84fa94-04c1-424b-9868-57a2d4851a1d" /><TestEntry testId="7545f688-dc24-472b-bd6c-a95c5e399f77" executionId="b208eeb1-209b-42c2-87c5-cd56dbec631b" testListId="8c84fa94-04c1-424b-9868-57a2d4851a1d" /><TestEntry testId="16214659-eda3-410b-8e8b-08802ed516e6" executionId="61b6873d-6f94-4995-bfb8-035a31c8a3eb" testListId="8c84fa94-04c1-424b-9868-57a2d4851a1d" /><TestEntry testId="2c130b44-ab4a-410f-baa1-5213e00fcb44" executionId="413d8ba1-2ceb-452a-a18f-5379ff31a2f6" testListId="8c84fa94-04c1-424b-9868-57a2d4851a1d" /><TestEntry testId="4ca14a90-7294-41aa-b348-5471a96f93a2" executionId="018d7518-c40c-448d-98a9-cf4682b5e108" testListId="8c84fa94-04c1-424b-9868-57a2d4851a1d" /><TestEntry testId="bf745f9a-7b02-4d82-8934-628ec5753d47" executionId="d234c5cf-f43b-40e5-9280-f374a961f277" testListId="8c84fa94-04c1-424b-9868-57a2d4851a1d" /><TestEntry testId="fe0fe1c4-f735-437d-9df9-27307458f539" executionId="73016094-65cb-4f7d-a1aa-4dab90329fef" testListId="8c84fa94-04c1-424b-9868-57a2d4851a1d" /><TestEntry testId="04c6ea70-bb1e-4e21-84b0-ebd8ec5ee432" executionId="4daab7a6-8afb-49fc-886c-00fd67bbf206" testListId="8c84fa94-04c1-424b-9868-57a2d4851a1d" /><TestEntry testId="8c37a851-8fd3-4fc7-bd40-3020881fc5a7" executionId="108c3ecb-1188-43cb-96b2-b55f37809cfa" testListId="8c84fa94-04c1-424b-9868-57a2d4851a1d" /><TestEntry testId="69a5b218-12a2-4893-ad22-fc41a978e063" executionId="995709db-0ac0-454c-ad49-80e1592d2ea6" testListId="8c84fa94-04c1-424b-9868-57a2d4851a1d" /><TestEntry testId="0b9bdbb9-51d0-4ee7-a2a0-48d367eeb26f" executionId="5c978bd7-da3f-4b84-9f3a-00ed9ccf8fd5" testListId="8c84fa94-04c1-424b-9868-57a2d4851a1d" /><TestEntry testId="a0f0e5d6-4388-496f-a8bd-929687032dbf" executionId="79dbbe26-f060-4a93-9674-f64c91f6cfbf" testListId="8c84fa94-04c1-424b-9868-57a2d4851a1d" /><TestEntry testId="83b495a7-fb0e-42fe-b4bf-f7a2b0b15bc6" executionId="e6f4a9f1-af60-4b64-9055-dacc1b2db07e" testListId="8c84fa94-04c1-424b-9868-57a2d4851a1d" /><TestEntry testId="89771620-6643-436b-a8c8-32befc9f7d28" executionId="c892686e-31d2-4610-9230-940b3b4cf768" testListId="8c84fa94-04c1-424b-9868-57a2d4851a1d" /><TestEntry testId="7e4aa86d-0990-437b-8a85-294860123506" executionId="2b9b3cbe-ee5d-4427-9f0b-2223c26f48bd" testListId="8c84fa94-04c1-424b-9868-57a2d4851a1d" /><TestEntry testId="3b5562b7-bd77-46c2-89fd-f55f6dc1eca2" executionId="90fd5851-9fce-4217-9084-d5c91bc12776" testListId="8c84fa94-04c1-424b-9868-57a2d4851a1d" /><TestEntry testId="520a6ea9-ce16-4c52-94e4-0d636fefba3d" executionId="581a7e59-bea6-4de3-aea4-e77dd7cd8b77" testListId="8c84fa94-04c1-424b-9868-57a2d4851a1d" /><TestEntry testId="ec4da8fd-c0f3-4fba-a6a3-1a1dc934c4f2" executionId="ecb3e1dd-cce4-4018-9e88-7d2163182dda" testListId="8c84fa94-04c1-424b-9868-57a2d4851a1d" /><TestEntry testId="6108d734-16bf-41f7-a7ee-d59973bb7eaa" executionId="33150eed-9bcc-4459-bfa5-78fce754a107" testListId="8c84fa94-04c1-424b-9868-57a2d4851a1d" /><TestEntry testId="8e7ed41f-2c84-437a-8f7f-0071bf1a4932" executionId="ac7059f1-484c-43d8-aa8c-db9cca0eaa74" testListId="8c84fa94-04c1-424b-9868-57a2d4851a1d" /><TestEntry testId="9539b885-5b52-4cca-8113-44cfc2a99a8f" executionId="bd91b747-fadd-4467-b769-a6379abd341f" testListId="8c84fa94-04c1-424b-9868-57a2d4851a1d" /><TestEntry testId="3f9d0f94-bd76-4d3e-bc31-e1722fefae76" executionId="bc79894e-557f-410d-ade7-872c3292eff8" testListId="8c84fa94-04c1-424b-9868-57a2d4851a1d" /><TestEntry testId="d4e66854-6d7c-43f1-b3e5-228b95a76cc9" executionId="eb07a1ab-040e-4475-8461-ba88e1a99c34" testListId="8c84fa94-04c1-424b-9868-57a2d4851a1d" /><TestEntry testId="a593d1e7-0c72-43fb-a0c4-b540d55bdf34" executionId="c2781b5e-d474-4fae-92d8-a3c2705dbbd7" testListId="8c84fa94-04c1-424b-9868-57a2d4851a1d" /><TestEntry testId="cd10c7f2-f734-43ba-ac21-ec0bfa862637" executionId="fb6afedc-075c-4a74-8693-2bcba1e84a58" testListId="8c84fa94-04c1-424b-9868-57a2d4851a1d" /><TestEntry testId="008e9f2c-7878-40a0-a036-33abda5ade57" executionId="f0226b92-4c6e-44fd-b3af-97421a1471bb" testListId="8c84fa94-04c1-424b-9868-57a2d4851a1d" /><TestEntry testId="887c0e2c-5d1e-43b9-b8f4-d4ca1c5ca6f4" executionId="6e9732a2-9de6-4b76-8238-83eb874797a9" testListId="8c84fa94-04c1-424b-9868-57a2d4851a1d" /><TestEntry testId="52c7ad9a-8998-4b37-aef3-721741778e85" executionId="9b1d29a5-f9b2-4a29-9b7d-f4360fb1930c" testListId="8c84fa94-04c1-424b-9868-57a2d4851a1d" /><TestEntry testId="8ff4393f-0aeb-47ae-8253-1e73ec42206c" executionId="6aab3503-1cfd-4174-be15-67c55d9c1865" testListId="8c84fa94-04c1-424b-9868-57a2d4851a1d" /><TestEntry testId="59877455-f2cc-4072-9285-5942b70f763c" executionId="5977721c-ecaa-4a0f-8710-23019205b672" testListId="8c84fa94-04c1-424b-9868-57a2d4851a1d" /><TestEntry testId="b3d361f9-fbcf-4f8e-96e1-52edbe8118d1" executionId="55c5ca62-d096-4d04-a849-ef5f93353edb" testListId="8c84fa94-04c1-424b-9868-57a2d4851a1d" /><TestEntry testId="10596168-5afd-49dc-8a2d-c3899520d215" executionId="031d9137-86c1-4f5c-b801-5d42b81e6af5" testListId="8c84fa94-04c1-424b-9868-57a2d4851a1d" /><TestEntry testId="66ee4f75-b217-47bb-9859-a1ca7e862a8e" executionId="12cd5b52-9514-4c51-a8a7-7a6762546ad1" testListId="8c84fa94-04c1-424b-9868-57a2d4851a1d" /><TestEntry testId="9e4ae938-1647-4eb2-929c-a541122cdbbe" executionId="c32ca484-956f-4388-bd8a-5ab3082f1bae" testListId="8c84fa94-04c1-424b-9868-57a2d4851a1d" /><TestEntry testId="b61a9478-eed4-4523-82a9-e83aa9fbad78" executionId="93ad2edd-34be-4ad7-ae71-bd0395fc29f3" testListId="8c84fa94-04c1-424b-9868-57a2d4851a1d" /><TestEntry testId="e05ccbcf-cf20-4f1c-85fc-8409aa91f60a" executionId="76dffdba-80ed-438a-b208-9ac2ab529988" testListId="8c84fa94-04c1-424b-9868-57a2d4851a1d" /><TestEntry testId="cddb5c31-8b44-4a3f-ba44-a777d7ee493e" executionId="e183e9e2-034c-44c2-ae52-cede6b94a548" testListId="8c84fa94-04c1-424b-9868-57a2d4851a1d" /><TestEntry testId="9f0b17bf-f844-40e7-82eb-a66b7dcfdf64" executionId="13fc5adf-7688-4e1f-ab39-2aea6d6edbea" testListId="8c84fa94-04c1-424b-9868-57a2d4851a1d" /><TestEntry testId="9f838af1-dac0-45a5-ad36-437b2ae5b7c7" executionId="d316a031-0363-441a-8b91-8225c253ad5a" testListId="8c84fa94-04c1-424b-9868-57a2d4851a1d" /><TestEntry testId="57c03fde-8d9e-45c0-b818-54b8f7f6a7fa" executionId="9d137b71-e6c2-45c9-9e25-8283ab954913" testListId="8c84fa94-04c1-424b-9868-57a2d4851a1d" /><TestEntry testId="42e30fa5-3c78-4ad2-a052-dee31b2d9570" executionId="6151b2e5-49b8-49bd-8079-51a4a82b8f83" testListId="8c84fa94-04c1-424b-9868-57a2d4851a1d" /><TestEntry testId="b4547bce-7be3-4132-84f5-46cde662f07b" executionId="57aafe72-acbe-4433-8f51-fde549bd21b8" testListId="8c84fa94-04c1-424b-9868-57a2d4851a1d" /><TestEntry testId="baaaa0f1-9f7a-4ab5-956a-e0b0b02c3a58" executionId="0e99d28b-4f5c-4870-92ba-ebd1bcc8e324" testListId="8c84fa94-04c1-424b-9868-57a2d4851a1d" /><TestEntry testId="20b73b6d-cb6b-493d-b4b8-54c5c83a2e0d" executionId="8baae82a-2a38-4994-9dab-dfe9a8840aa3" testListId="8c84fa94-04c1-424b-9868-57a2d4851a1d" /><TestEntry testId="7ae7ddaa-6deb-42a4-b406-a982082dac19" executionId="6b26c9b6-9ea9-4f06-8733-0319f5cca5d8" testListId="8c84fa94-04c1-424b-9868-57a2d4851a1d" /><TestEntry testId="07e7dc17-7a07-4291-b314-3128f538003d" executionId="54aed29b-1379-4990-b478-200bd7c2bbe3" testListId="8c84fa94-04c1-424b-9868-57a2d4851a1d" /><TestEntry testId="a4939dbd-e3bb-4d87-9fd7-4305dd388f4b" executionId="cafc781d-3756-49ef-9ee4-0406f370b0db" testListId="8c84fa94-04c1-424b-9868-57a2d4851a1d" /><TestEntry testId="82ea1ffc-07b2-456d-8f01-e268d522d055" executionId="e6026711-3773-4235-ab86-e65789940ba6" testListId="8c84fa94-04c1-424b-9868-57a2d4851a1d" /><TestEntry testId="a4e8a6af-d4a8-46b0-90bb-49f965123ac9" executionId="956bc25f-6b76-4090-8ee6-5d2e864b7317" testListId="8c84fa94-04c1-424b-9868-57a2d4851a1d" /><TestEntry testId="02ebf6b7-5919-4936-98ff-4f57715e476c" executionId="6187ab94-fa63-42e3-a25b-ae46e301bd55" testListId="8c84fa94-04c1-424b-9868-57a2d4851a1d" /><TestEntry testId="fea29cd7-fe31-4243-9140-3245ba4f0da6" executionId="6a2b2761-cc16-46e9-96cc-32dad8e9befe" testListId="8c84fa94-04c1-424b-9868-57a2d4851a1d" /><TestEntry testId="e0d8531a-0593-4e16-8f50-fac26fb12095" executionId="f49ae77b-c72c-4e49-bc33-91143121b550" testListId="8c84fa94-04c1-424b-9868-57a2d4851a1d" /><TestEntry testId="12103c17-afec-4d60-ac10-fbe97539a548" executionId="a4449fad-b7b7-4a96-a68e-1ede8d533a9f" testListId="8c84fa94-04c1-424b-9868-57a2d4851a1d" /><TestEntry testId="d49e38b4-7e90-4b6c-8e39-8bbed3a4b0d8" executionId="ee7e92b6-eb5c-44e9-b1fc-9d48ce6bf2f8" testListId="8c84fa94-04c1-424b-9868-57a2d4851a1d" /><TestEntry testId="f1d09dc1-5b88-44bf-8749-fb0b77327c2c" executionId="86b876c5-c13a-43a9-a690-16b3710ce94c" testListId="8c84fa94-04c1-424b-9868-57a2d4851a1d" /><TestEntry testId="27068854-c6c4-43c6-8731-34c95cd72c7f" executionId="05820e89-ffd8-4853-9e9f-dcd08a25f81e" testListId="8c84fa94-04c1-424b-9868-57a2d4851a1d" /><TestEntry testId="c7e6d031-829b-4eb7-8e37-446232b1def5" executionId="638fb00f-3c64-4569-967b-c63feab58a79" testListId="8c84fa94-04c1-424b-9868-57a2d4851a1d" /><TestEntry testId="398a212f-c54a-44cb-a997-e70bfa58b2b9" executionId="3b73cea4-1467-4ac4-b2c3-043464f7be68" testListId="8c84fa94-04c1-424b-9868-57a2d4851a1d" /><TestEntry testId="bcd90a24-60ed-4b20-9a31-585b4fc492fd" executionId="fa21348a-eaa6-4268-a549-cb4ea3adf70b" testListId="8c84fa94-04c1-424b-9868-57a2d4851a1d" /><TestEntry testId="8f229222-6de3-4bb6-b027-b7e977c2d15d" executionId="ea4a41fb-646d-47eb-b607-174362b8a095" testListId="8c84fa94-04c1-424b-9868-57a2d4851a1d" /><TestEntry testId="76a38e8b-e6fa-4308-9536-536caa4dfcf3" executionId="51ecf9f9-c47d-4182-b83f-20fb02f5d6e2" testListId="8c84fa94-04c1-424b-9868-57a2d4851a1d" /><TestEntry testId="9193a9f2-7d40-476f-8cef-ee0b584f47e7" executionId="fab88221-b666-47ac-b8c6-530bf70e78b9" testListId="8c84fa94-04c1-424b-9868-57a2d4851a1d" /><TestEntry testId="3520fc6b-07fd-4437-be8c-2a2e0f39ba2c" executionId="a11b9c3f-4a01-4267-a8b6-002cd2b0d2cf" testListId="8c84fa94-04c1-424b-9868-57a2d4851a1d" /><TestEntry testId="c0ccded5-5614-499c-aba8-3a2099edde25" executionId="12180aba-b41e-4d9f-9ffa-65a3c87082d9" testListId="8c84fa94-04c1-424b-9868-57a2d4851a1d" /><TestEntry testId="625acaa2-94b4-433a-827e-a9b73d939bb7" executionId="2c11358d-3bce-4195-94ec-037848e68b7d" testListId="8c84fa94-04c1-424b-9868-57a2d4851a1d" /><TestEntry testId="1fd6ea39-3095-4fef-afa3-f4e83cc9a399" executionId="5abe6233-10e0-4433-854e-013f94e248be" testListId="8c84fa94-04c1-424b-9868-57a2d4851a1d" /><TestEntry testId="28290b09-943a-4736-b9c4-e5865c4e2eee" executionId="1c2942a6-dfb4-402a-ae85-5f2ec12c4077" testListId="8c84fa94-04c1-424b-9868-57a2d4851a1d" /><TestEntry testId="8b9c48a7-2004-4eac-bb49-ffa40355a73e" executionId="3dd78d62-3be8-446b-8d77-91151125bc12" testListId="8c84fa94-04c1-424b-9868-57a2d4851a1d" /><TestEntry testId="ce4d4cde-728f-4ce5-839a-ccc15c8ea97f" executionId="f423c03c-4f0c-4e8c-a929-f8d50b23903e" testListId="8c84fa94-04c1-424b-9868-57a2d4851a1d" /><TestEntry testId="db93f31a-42da-4322-9404-2e982a270942" executionId="8a9802d6-9908-487e-940a-14ea803cdcd2" testListId="8c84fa94-04c1-424b-9868-57a2d4851a1d" /><TestEntry testId="05ea0591-dba1-44d2-934a-63ddd3a2b5da" executionId="a645acd5-5188-4046-97f5-3f17a7722209" testListId="8c84fa94-04c1-424b-9868-57a2d4851a1d" /><TestEntry testId="336bb6e5-3641-4033-8786-eab87645a260" executionId="c5a9fe8b-6763-48c3-8164-179ae7ed2eff" testListId="8c84fa94-04c1-424b-9868-57a2d4851a1d" /></TestEntries><TestLists><TestList name="Results Not in a List" id="8c84fa94-04c1-424b-9868-57a2d4851a1d" /><TestList name="All Loaded Results" id="19431567-8539-422a-85d7-44ee4e166bda" /></TestLists><ResultSummary outcome="Completed"><Counters total="853" executed="852" passed="852" failed="0" error="0" timeout="0" aborted="0" inconclusive="0" passedButRunAborted="0" notRunnable="0" notExecuted="0" disconnected="0" warning="0" completed="0" inProgress="0" pending="0" /><Output><StdOut>NUnit Adapter 3.10.0.21: Test execution startedRunning all tests in E:\code\_migrated\QuantPlatform\QTG\UniverseGeneratorTest\bin\Debug\netcoreapp2.0\publish\UniverseGenerator.Test.dllNUnit3TestExecutor converted 853 of 853 NUnit test casesNUnit Adapter 3.10.0.21: Test execution complete</StdOut></Output></ResultSummary></TestRun>